[2024-11-19T17:24:58.854+0000] {local_task_job_runner.py:123} INFO - ::group::Pre task execution logs
[2024-11-19T17:24:58.900+0000] {taskinstance.py:2613} INFO - Dependencies all met for dep_context=non-requeueable deps ti=<TaskInstance: python_operator_v1.python scheduled__2024-11-18T17:11:00+00:00 [queued]>
[2024-11-19T17:24:58.927+0000] {taskinstance.py:2613} INFO - Dependencies all met for dep_context=requeueable deps ti=<TaskInstance: python_operator_v1.python scheduled__2024-11-18T17:11:00+00:00 [queued]>
[2024-11-19T17:24:58.928+0000] {taskinstance.py:2866} INFO - Starting attempt 1 of 1
[2024-11-19T17:24:58.967+0000] {taskinstance.py:2889} INFO - Executing <Task(PythonOperator): python> on 2024-11-18 17:11:00+00:00
[2024-11-19T17:24:58.982+0000] {warnings.py:112} WARNING - /home/***/.local/lib/python3.12/site-packages/***/task/task_runner/standard_task_runner.py:70: DeprecationWarning: This process (pid=4609) is multi-threaded, use of fork() may lead to deadlocks in the child.
  pid = os.fork()

[2024-11-19T17:24:58.986+0000] {standard_task_runner.py:72} INFO - Started process 4649 to run task
[2024-11-19T17:24:58.989+0000] {standard_task_runner.py:104} INFO - Running: ['***', 'tasks', 'run', 'python_operator_v1', 'python', 'scheduled__2024-11-18T17:11:00+00:00', '--job-id', '11987', '--raw', '--subdir', 'DAGS_FOLDER/python_operator_v2.py', '--cfg-path', '/tmp/tmpldvu7h5f']
[2024-11-19T17:24:58.992+0000] {standard_task_runner.py:105} INFO - Job 11987: Subtask python
[2024-11-19T17:24:59.114+0000] {task_command.py:467} INFO - Running <TaskInstance: python_operator_v1.python scheduled__2024-11-18T17:11:00+00:00 [running]> on host e9d4ecc96ed3
[2024-11-19T17:24:59.786+0000] {taskinstance.py:3132} INFO - Exporting env vars: AIRFLOW_CTX_DAG_OWNER='***' AIRFLOW_CTX_DAG_ID='python_operator_v1' AIRFLOW_CTX_TASK_ID='python' AIRFLOW_CTX_EXECUTION_DATE='2024-11-18T17:11:00+00:00' AIRFLOW_CTX_TRY_NUMBER='1' AIRFLOW_CTX_DAG_RUN_ID='scheduled__2024-11-18T17:11:00+00:00'
[2024-11-19T17:24:59.788+0000] {logging_mixin.py:190} INFO - Task instance is in running state
[2024-11-19T17:24:59.789+0000] {logging_mixin.py:190} INFO -  Previous state of the Task instance: queued
[2024-11-19T17:24:59.790+0000] {logging_mixin.py:190} INFO - Current task name:python state:running start_date:2024-11-19 17:24:58.901903+00:00
[2024-11-19T17:24:59.790+0000] {logging_mixin.py:190} INFO - Dag name:python_operator_v1 and current dag run status:running
[2024-11-19T17:24:59.791+0000] {taskinstance.py:731} INFO - ::endgroup::
[2024-11-19T17:24:59.792+0000] {logging_mixin.py:190} INFO - nieremberg
[2024-11-19T17:24:59.816+0000] {logging_mixin.py:190} INFO - {'conf': <***.configuration.AirflowConfigParser object at 0x7fa0e076b0e0>,
 'conn': None,
 'dag': <DAG: python_operator_v1>,
 'dag_run': <DagRun python_operator_v1 @ 2024-11-18 17:11:00+00:00: scheduled__2024-11-18T17:11:00+00:00, state:running, queued_at: 2024-11-19 17:24:50.212094+00:00. externally triggered: False>,
 'data_interval_end': DateTime(2024, 11, 18, 17, 12, 0, tzinfo=Timezone('UTC')),
 'data_interval_start': DateTime(2024, 11, 18, 17, 11, 0, tzinfo=Timezone('UTC')),
 'ds': '2024-11-18',
 'ds_nodash': '20241118',
 'execution_date': <Proxy at 0x7fa0ad017b80 with factory functools.partial(<function lazy_mapping_from_context.<locals>._deprecated_proxy_factory at 0x7fa0acff5bc0>, 'execution_date', DateTime(2024, 11, 18, 17, 11, 0, tzinfo=Timezone('UTC')))>,
 'expanded_ti_count': None,
 'inlet_events': InletEventsAccessors(_inlets=[], _datasets={}, _dataset_aliases={}, _session=<sqlalchemy.orm.session.Session object at 0x7fa0e05aaf60>),
 'inlets': [],
 'logical_date': DateTime(2024, 11, 18, 17, 11, 0, tzinfo=Timezone('UTC')),
 'macros': <module '***.macros' from '/home/***/.local/lib/python3.12/site-packages/***/macros/__init__.py'>,
 'map_index_template': None,
 'next_ds': <Proxy at 0x7fa0ad1acf80 with factory functools.partial(<function lazy_mapping_from_context.<locals>._deprecated_proxy_factory at 0x7fa0acff5bc0>, 'next_ds', '2024-11-18')>,
 'next_ds_nodash': <Proxy at 0x7fa0ad1ad780 with factory functools.partial(<function lazy_mapping_from_context.<locals>._deprecated_proxy_factory at 0x7fa0acff5bc0>, 'next_ds_nodash', '20241118')>,
 'next_execution_date': <Proxy at 0x7fa0acfcee00 with factory functools.partial(<function lazy_mapping_from_context.<locals>._deprecated_proxy_factory at 0x7fa0acff5bc0>, 'next_execution_date', DateTime(2024, 11, 18, 17, 12, 0, tzinfo=Timezone('UTC')))>,
 'outlet_events': <***.utils.context.OutletEventAccessors object at 0x7fa0ad004dd0>,
 'outlets': [],
 'params': {},
 'prev_data_interval_end_success': DateTime(2024, 11, 18, 17, 5, 0, tzinfo=Timezone('UTC')),
 'prev_data_interval_start_success': DateTime(2024, 11, 18, 17, 4, 0, tzinfo=Timezone('UTC')),
 'prev_ds': <Proxy at 0x7fa0ad1cdf80 with factory functools.partial(<function lazy_mapping_from_context.<locals>._deprecated_proxy_factory at 0x7fa0acff5bc0>, 'prev_ds', '2024-11-18')>,
 'prev_ds_nodash': <Proxy at 0x7fa0ad1cd180 with factory functools.partial(<function lazy_mapping_from_context.<locals>._deprecated_proxy_factory at 0x7fa0acff5bc0>, 'prev_ds_nodash', '20241118')>,
 'prev_end_date_success': DateTime(2024, 11, 19, 17, 24, 58, 756265, tzinfo=Timezone('UTC')),
 'prev_execution_date': <Proxy at 0x7fa0ad1cc600 with factory functools.partial(<function lazy_mapping_from_context.<locals>._deprecated_proxy_factory at 0x7fa0acff5bc0>, 'prev_execution_date', DateTime(2024, 11, 18, 17, 10, 0, tzinfo=Timezone('UTC')))>,
 'prev_execution_date_success': <Proxy at 0x7fa0ad1cc400 with factory functools.partial(<function lazy_mapping_from_context.<locals>._deprecated_proxy_factory at 0x7fa0acff5bc0>, 'prev_execution_date_success', DateTime(2024, 11, 18, 17, 4, 0, tzinfo=Timezone('UTC')))>,
 'prev_start_date_success': DateTime(2024, 11, 19, 17, 24, 47, 390278, tzinfo=Timezone('UTC')),
 'run_id': 'scheduled__2024-11-18T17:11:00+00:00',
 'task': <Task(PythonOperator): python>,
 'task_instance': <TaskInstance: python_operator_v1.python scheduled__2024-11-18T17:11:00+00:00 [running]>,
 'task_instance_key_str': 'python_operator_v1__python__20241118',
 'templates_dict': None,
 'test_mode': False,
 'ti': <TaskInstance: python_operator_v1.python scheduled__2024-11-18T17:11:00+00:00 [running]>,
 'tomorrow_ds': <Proxy at 0x7fa0ad1cc2c0 with factory functools.partial(<function lazy_mapping_from_context.<locals>._deprecated_proxy_factory at 0x7fa0acff5bc0>, 'tomorrow_ds', '2024-11-19')>,
 'tomorrow_ds_nodash': <Proxy at 0x7fa0ad1cc100 with factory functools.partial(<function lazy_mapping_from_context.<locals>._deprecated_proxy_factory at 0x7fa0acff5bc0>, 'tomorrow_ds_nodash', '20241119')>,
 'triggering_dataset_events': <Proxy at 0x7fa0ad00f040 with factory <function _get_template_context.<locals>.get_triggering_events at 0x7fa0acff59e0>>,
 'ts': '2024-11-18T17:11:00+00:00',
 'ts_nodash': '20241118T171100',
 'ts_nodash_with_tz': '20241118T171100+0000',
 'var': {'json': None, 'value': None},
 'yesterday_ds': <Proxy at 0x7fa0ad1cc140 with factory functools.partial(<function lazy_mapping_from_context.<locals>._deprecated_proxy_factory at 0x7fa0acff5bc0>, 'yesterday_ds', '2024-11-17')>,
 'yesterday_ds_nodash': <Proxy at 0x7fa0ad1cc080 with factory functools.partial(<function lazy_mapping_from_context.<locals>._deprecated_proxy_factory at 0x7fa0acff5bc0>, 'yesterday_ds_nodash', '20241117')>}
[2024-11-19T17:24:59.817+0000] {python.py:240} INFO - Done. Returned value was: 123
[2024-11-19T17:24:59.865+0000] {taskinstance.py:340} INFO - ::group::Post task execution logs
[2024-11-19T17:24:59.866+0000] {taskinstance.py:352} INFO - Marking task as SUCCESS. dag_id=python_operator_v1, task_id=python, run_id=scheduled__2024-11-18T17:11:00+00:00, execution_date=20241118T171100, start_date=20241119T172458, end_date=20241119T172459
[2024-11-19T17:24:59.889+0000] {logging_mixin.py:190} INFO - Task instance in success state
[2024-11-19T17:24:59.890+0000] {logging_mixin.py:190} INFO -  Previous state of the Task instance: running
[2024-11-19T17:24:59.891+0000] {logging_mixin.py:190} INFO - Dag name:python_operator_v1 queued_at:2024-11-19 17:24:50.212094+00:00
[2024-11-19T17:24:59.891+0000] {logging_mixin.py:190} INFO - Task hostname:e9d4ecc96ed3 operator:PythonOperator
[2024-11-19T17:24:59.930+0000] {local_task_job_runner.py:266} INFO - Task exited with return code 0
[2024-11-19T17:24:59.968+0000] {taskinstance.py:3895} INFO - 0 downstream tasks scheduled from follow-on schedule check
[2024-11-19T17:24:59.971+0000] {local_task_job_runner.py:245} INFO - ::endgroup::
