[2024-11-19T18:34:02.852+0000] {local_task_job_runner.py:123} INFO - ::group::Pre task execution logs
[2024-11-19T18:34:02.863+0000] {taskinstance.py:2613} INFO - Dependencies all met for dep_context=non-requeueable deps ti=<TaskInstance: python_operator_v1.python scheduled__2024-11-19T18:33:00+00:00 [queued]>
[2024-11-19T18:34:02.868+0000] {taskinstance.py:2613} INFO - Dependencies all met for dep_context=requeueable deps ti=<TaskInstance: python_operator_v1.python scheduled__2024-11-19T18:33:00+00:00 [queued]>
[2024-11-19T18:34:02.868+0000] {taskinstance.py:2866} INFO - Starting attempt 1 of 1
[2024-11-19T18:34:02.877+0000] {taskinstance.py:2889} INFO - Executing <Task(_PythonDecoratedOperator): python> on 2024-11-19 18:33:00+00:00
[2024-11-19T18:34:02.882+0000] {warnings.py:112} WARNING - /home/***/.local/lib/python3.12/site-packages/***/task/task_runner/standard_task_runner.py:70: DeprecationWarning: This process (pid=11626) is multi-threaded, use of fork() may lead to deadlocks in the child.
  pid = os.fork()

[2024-11-19T18:34:02.882+0000] {standard_task_runner.py:72} INFO - Started process 11628 to run task
[2024-11-19T18:34:02.883+0000] {standard_task_runner.py:104} INFO - Running: ['***', 'tasks', 'run', 'python_operator_v1', 'python', 'scheduled__2024-11-19T18:33:00+00:00', '--job-id', '13509', '--raw', '--subdir', 'DAGS_FOLDER/python_operator_v2.py', '--cfg-path', '/tmp/tmpjv7k63jy']
[2024-11-19T18:34:02.884+0000] {standard_task_runner.py:105} INFO - Job 13509: Subtask python
[2024-11-19T18:34:02.914+0000] {task_command.py:467} INFO - Running <TaskInstance: python_operator_v1.python scheduled__2024-11-19T18:33:00+00:00 [running]> on host e9d4ecc96ed3
[2024-11-19T18:34:03.119+0000] {taskinstance.py:3132} INFO - Exporting env vars: AIRFLOW_CTX_DAG_OWNER='***' AIRFLOW_CTX_DAG_ID='python_operator_v1' AIRFLOW_CTX_TASK_ID='python' AIRFLOW_CTX_EXECUTION_DATE='2024-11-19T18:33:00+00:00' AIRFLOW_CTX_TRY_NUMBER='1' AIRFLOW_CTX_DAG_RUN_ID='scheduled__2024-11-19T18:33:00+00:00'
[2024-11-19T18:34:03.119+0000] {logging_mixin.py:190} INFO - Task instance is in running state
[2024-11-19T18:34:03.120+0000] {logging_mixin.py:190} INFO -  Previous state of the Task instance: queued
[2024-11-19T18:34:03.120+0000] {logging_mixin.py:190} INFO - Current task name:python state:running start_date:2024-11-19 18:34:02.863689+00:00
[2024-11-19T18:34:03.120+0000] {logging_mixin.py:190} INFO - Dag name:python_operator_v1 and current dag run status:running
[2024-11-19T18:34:03.120+0000] {taskinstance.py:731} INFO - ::endgroup::
[2024-11-19T18:34:03.126+0000] {logging_mixin.py:190} INFO - {'conf': <***.configuration.AirflowConfigParser object at 0x7fa0e076b0e0>,
 'conn': None,
 'dag': <DAG: python_operator_v1>,
 'dag_run': <DagRun python_operator_v1 @ 2024-11-19 18:33:00+00:00: scheduled__2024-11-19T18:33:00+00:00, state:running, queued_at: 2024-11-19 18:34:01.004521+00:00. externally triggered: False>,
 'data_interval_end': DateTime(2024, 11, 19, 18, 34, 0, tzinfo=Timezone('UTC')),
 'data_interval_start': DateTime(2024, 11, 19, 18, 33, 0, tzinfo=Timezone('UTC')),
 'ds_nodash': '20241119',
 'execution_date': <Proxy at 0x7fa0acf76fc0 with factory functools.partial(<function lazy_mapping_from_context.<locals>._deprecated_proxy_factory at 0x7fa0acfd6980>, 'execution_date', DateTime(2024, 11, 19, 18, 33, 0, tzinfo=Timezone('UTC')))>,
 'expanded_ti_count': None,
 'inlet_events': InletEventsAccessors(_inlets=[], _datasets={}, _dataset_aliases={}, _session=<sqlalchemy.orm.session.Session object at 0x7fa0e05c2720>),
 'inlets': [],
 'logical_date': DateTime(2024, 11, 19, 18, 33, 0, tzinfo=Timezone('UTC')),
 'macros': <module '***.macros' from '/home/***/.local/lib/python3.12/site-packages/***/macros/__init__.py'>,
 'map_index_template': None,
 'next_ds': <Proxy at 0x7fa0c789c280 with factory functools.partial(<function lazy_mapping_from_context.<locals>._deprecated_proxy_factory at 0x7fa0acfd6980>, 'next_ds', '2024-11-19')>,
 'next_ds_nodash': <Proxy at 0x7fa0acfdd200 with factory functools.partial(<function lazy_mapping_from_context.<locals>._deprecated_proxy_factory at 0x7fa0acfd6980>, 'next_ds_nodash', '20241119')>,
 'next_execution_date': <Proxy at 0x7fa0acfb0180 with factory functools.partial(<function lazy_mapping_from_context.<locals>._deprecated_proxy_factory at 0x7fa0acfd6980>, 'next_execution_date', DateTime(2024, 11, 19, 18, 34, 0, tzinfo=Timezone('UTC')))>,
 'outlet_events': <***.utils.context.OutletEventAccessors object at 0x7fa0acff53a0>,
 'outlets': [],
 'params': {},
 'prev_data_interval_end_success': DateTime(2024, 11, 19, 18, 33, 0, tzinfo=Timezone('UTC')),
 'prev_data_interval_start_success': DateTime(2024, 11, 19, 18, 32, 0, tzinfo=Timezone('UTC')),
 'prev_ds': <Proxy at 0x7fa0acfe3100 with factory functools.partial(<function lazy_mapping_from_context.<locals>._deprecated_proxy_factory at 0x7fa0acfd6980>, 'prev_ds', '2024-11-19')>,
 'prev_ds_nodash': <Proxy at 0x7fa0acfe35c0 with factory functools.partial(<function lazy_mapping_from_context.<locals>._deprecated_proxy_factory at 0x7fa0acfd6980>, 'prev_ds_nodash', '20241119')>,
 'prev_end_date_success': DateTime(2024, 11, 19, 18, 33, 4, 168805, tzinfo=Timezone('UTC')),
 'prev_execution_date': <Proxy at 0x7fa0ad027000 with factory functools.partial(<function lazy_mapping_from_context.<locals>._deprecated_proxy_factory at 0x7fa0acfd6980>, 'prev_execution_date', DateTime(2024, 11, 19, 18, 32, 0, tzinfo=Timezone('UTC')))>,
 'prev_execution_date_success': <Proxy at 0x7fa0c798e100 with factory functools.partial(<function lazy_mapping_from_context.<locals>._deprecated_proxy_factory at 0x7fa0acfd6980>, 'prev_execution_date_success', DateTime(2024, 11, 19, 18, 32, 0, tzinfo=Timezone('UTC')))>,
 'prev_start_date_success': DateTime(2024, 11, 19, 18, 33, 0, 661627, tzinfo=Timezone('UTC')),
 'run_id': 'scheduled__2024-11-19T18:33:00+00:00',
 'task': <Task(_PythonDecoratedOperator): python>,
 'task_instance': <TaskInstance: python_operator_v1.python scheduled__2024-11-19T18:33:00+00:00 [running]>,
 'task_instance_key_str': 'python_operator_v1__python__20241119',
 'templates_dict': None,
 'test_mode': False,
 'ti': <TaskInstance: python_operator_v1.python scheduled__2024-11-19T18:33:00+00:00 [running]>,
 'tomorrow_ds': <Proxy at 0x7fa0ad078780 with factory functools.partial(<function lazy_mapping_from_context.<locals>._deprecated_proxy_factory at 0x7fa0acfd6980>, 'tomorrow_ds', '2024-11-20')>,
 'tomorrow_ds_nodash': <Proxy at 0x7fa0ad07bd00 with factory functools.partial(<function lazy_mapping_from_context.<locals>._deprecated_proxy_factory at 0x7fa0acfd6980>, 'tomorrow_ds_nodash', '20241120')>,
 'triggering_dataset_events': <Proxy at 0x7fa0ad013f40 with factory <function _get_template_context.<locals>.get_triggering_events at 0x7fa0acfd67a0>>,
 'ts': '2024-11-19T18:33:00+00:00',
 'ts_nodash': '20241119T183300',
 'ts_nodash_with_tz': '20241119T183300+0000',
 'var': {'json': None, 'value': None},
 'yesterday_ds': <Proxy at 0x7fa0ad07bac0 with factory functools.partial(<function lazy_mapping_from_context.<locals>._deprecated_proxy_factory at 0x7fa0acfd6980>, 'yesterday_ds', '2024-11-18')>,
 'yesterday_ds_nodash': <Proxy at 0x7fa0ad07bcc0 with factory functools.partial(<function lazy_mapping_from_context.<locals>._deprecated_proxy_factory at 0x7fa0acfd6980>, 'yesterday_ds_nodash', '20241118')>}
[2024-11-19T18:34:03.126+0000] {logging_mixin.py:190} INFO - 2024-11-19
[2024-11-19T18:34:03.127+0000] {python.py:240} INFO - Done. Returned value was: meu retorno agora é este texto
[2024-11-19T18:34:03.138+0000] {taskinstance.py:340} INFO - ::group::Post task execution logs
[2024-11-19T18:34:03.138+0000] {taskinstance.py:352} INFO - Marking task as SUCCESS. dag_id=python_operator_v1, task_id=python, run_id=scheduled__2024-11-19T18:33:00+00:00, execution_date=20241119T183300, start_date=20241119T183402, end_date=20241119T183403
[2024-11-19T18:34:03.145+0000] {logging_mixin.py:190} INFO - Task instance in success state
[2024-11-19T18:34:03.145+0000] {logging_mixin.py:190} INFO -  Previous state of the Task instance: running
[2024-11-19T18:34:03.145+0000] {logging_mixin.py:190} INFO - Dag name:python_operator_v1 queued_at:2024-11-19 18:34:01.004521+00:00
[2024-11-19T18:34:03.145+0000] {logging_mixin.py:190} INFO - Task hostname:e9d4ecc96ed3 operator:_PythonDecoratedOperator
[2024-11-19T18:34:03.177+0000] {local_task_job_runner.py:266} INFO - Task exited with return code 0
[2024-11-19T18:34:03.189+0000] {taskinstance.py:3895} INFO - 0 downstream tasks scheduled from follow-on schedule check
[2024-11-19T18:34:03.190+0000] {local_task_job_runner.py:245} INFO - ::endgroup::
