[2024-11-19T17:27:17.472+0000] {local_task_job_runner.py:123} INFO - ::group::Pre task execution logs
[2024-11-19T17:27:17.541+0000] {taskinstance.py:2613} INFO - Dependencies all met for dep_context=non-requeueable deps ti=<TaskInstance: python_operator_v1.python scheduled__2024-11-18T19:25:00+00:00 [queued]>
[2024-11-19T17:27:17.582+0000] {taskinstance.py:2613} INFO - Dependencies all met for dep_context=requeueable deps ti=<TaskInstance: python_operator_v1.python scheduled__2024-11-18T19:25:00+00:00 [queued]>
[2024-11-19T17:27:17.583+0000] {taskinstance.py:2866} INFO - Starting attempt 1 of 1
[2024-11-19T17:27:17.746+0000] {taskinstance.py:2889} INFO - Executing <Task(_PythonDecoratedOperator): python> on 2024-11-18 19:25:00+00:00
[2024-11-19T17:27:17.771+0000] {warnings.py:112} WARNING - /home/***/.local/lib/python3.12/site-packages/***/task/task_runner/standard_task_runner.py:70: DeprecationWarning: This process (pid=5203) is multi-threaded, use of fork() may lead to deadlocks in the child.
  pid = os.fork()

[2024-11-19T17:27:17.776+0000] {standard_task_runner.py:72} INFO - Started process 5231 to run task
[2024-11-19T17:27:17.808+0000] {standard_task_runner.py:104} INFO - Running: ['***', 'tasks', 'run', 'python_operator_v1', 'python', 'scheduled__2024-11-18T19:25:00+00:00', '--job-id', '12121', '--raw', '--subdir', 'DAGS_FOLDER/python_operator_v2.py', '--cfg-path', '/tmp/tmpsa8vzf6r']
[2024-11-19T17:27:17.812+0000] {standard_task_runner.py:105} INFO - Job 12121: Subtask python
[2024-11-19T17:27:18.034+0000] {task_command.py:467} INFO - Running <TaskInstance: python_operator_v1.python scheduled__2024-11-18T19:25:00+00:00 [running]> on host e9d4ecc96ed3
[2024-11-19T17:27:19.059+0000] {taskinstance.py:3132} INFO - Exporting env vars: AIRFLOW_CTX_DAG_OWNER='***' AIRFLOW_CTX_DAG_ID='python_operator_v1' AIRFLOW_CTX_TASK_ID='python' AIRFLOW_CTX_EXECUTION_DATE='2024-11-18T19:25:00+00:00' AIRFLOW_CTX_TRY_NUMBER='1' AIRFLOW_CTX_DAG_RUN_ID='scheduled__2024-11-18T19:25:00+00:00'
[2024-11-19T17:27:19.061+0000] {logging_mixin.py:190} INFO - Task instance is in running state
[2024-11-19T17:27:19.062+0000] {logging_mixin.py:190} INFO -  Previous state of the Task instance: queued
[2024-11-19T17:27:19.063+0000] {logging_mixin.py:190} INFO - Current task name:python state:running start_date:2024-11-19 17:27:17.542698+00:00
[2024-11-19T17:27:19.063+0000] {logging_mixin.py:190} INFO - Dag name:python_operator_v1 and current dag run status:running
[2024-11-19T17:27:19.064+0000] {taskinstance.py:731} INFO - ::endgroup::
[2024-11-19T17:27:19.098+0000] {logging_mixin.py:190} INFO - {'conf': <***.configuration.AirflowConfigParser object at 0x7fa0e076b0e0>,
 'conn': None,
 'dag': <DAG: python_operator_v1>,
 'dag_run': <DagRun python_operator_v1 @ 2024-11-18 19:25:00+00:00: scheduled__2024-11-18T19:25:00+00:00, state:running, queued_at: 2024-11-19 17:27:12.488923+00:00. externally triggered: False>,
 'data_interval_end': DateTime(2024, 11, 18, 19, 26, 0, tzinfo=Timezone('UTC')),
 'data_interval_start': DateTime(2024, 11, 18, 19, 25, 0, tzinfo=Timezone('UTC')),
 'ds_nodash': '20241118',
 'execution_date': <Proxy at 0x7fa0acffa080 with factory functools.partial(<function lazy_mapping_from_context.<locals>._deprecated_proxy_factory at 0x7fa0acfe9e40>, 'execution_date', DateTime(2024, 11, 18, 19, 25, 0, tzinfo=Timezone('UTC')))>,
 'expanded_ti_count': None,
 'inlet_events': InletEventsAccessors(_inlets=[], _datasets={}, _dataset_aliases={}, _session=<sqlalchemy.orm.session.Session object at 0x7fa0e05c1a00>),
 'inlets': [],
 'logical_date': DateTime(2024, 11, 18, 19, 25, 0, tzinfo=Timezone('UTC')),
 'macros': <module '***.macros' from '/home/***/.local/lib/python3.12/site-packages/***/macros/__init__.py'>,
 'map_index_template': None,
 'next_ds': <Proxy at 0x7fa0dab4df40 with factory functools.partial(<function lazy_mapping_from_context.<locals>._deprecated_proxy_factory at 0x7fa0acfe9e40>, 'next_ds', '2024-11-18')>,
 'next_ds_nodash': <Proxy at 0x7fa0c8d26ec0 with factory functools.partial(<function lazy_mapping_from_context.<locals>._deprecated_proxy_factory at 0x7fa0acfe9e40>, 'next_ds_nodash', '20241118')>,
 'next_execution_date': <Proxy at 0x7fa0ace3f180 with factory functools.partial(<function lazy_mapping_from_context.<locals>._deprecated_proxy_factory at 0x7fa0acfe9e40>, 'next_execution_date', DateTime(2024, 11, 18, 19, 26, 0, tzinfo=Timezone('UTC')))>,
 'outlet_events': <***.utils.context.OutletEventAccessors object at 0x7fa0acfc3c80>,
 'outlets': [],
 'params': {},
 'prev_data_interval_end_success': DateTime(2024, 11, 18, 19, 21, 0, tzinfo=Timezone('UTC')),
 'prev_data_interval_start_success': DateTime(2024, 11, 18, 19, 20, 0, tzinfo=Timezone('UTC')),
 'prev_ds': <Proxy at 0x7fa0ace3c680 with factory functools.partial(<function lazy_mapping_from_context.<locals>._deprecated_proxy_factory at 0x7fa0acfe9e40>, 'prev_ds', '2024-11-18')>,
 'prev_ds_nodash': <Proxy at 0x7fa0ad0bc940 with factory functools.partial(<function lazy_mapping_from_context.<locals>._deprecated_proxy_factory at 0x7fa0acfe9e40>, 'prev_ds_nodash', '20241118')>,
 'prev_end_date_success': DateTime(2024, 11, 19, 17, 27, 10, 550314, tzinfo=Timezone('UTC')),
 'prev_execution_date': <Proxy at 0x7fa0ad0bcac0 with factory functools.partial(<function lazy_mapping_from_context.<locals>._deprecated_proxy_factory at 0x7fa0acfe9e40>, 'prev_execution_date', DateTime(2024, 11, 18, 19, 24, 0, tzinfo=Timezone('UTC')))>,
 'prev_execution_date_success': <Proxy at 0x7fa0ad0bcb00 with factory functools.partial(<function lazy_mapping_from_context.<locals>._deprecated_proxy_factory at 0x7fa0acfe9e40>, 'prev_execution_date_success', DateTime(2024, 11, 18, 19, 20, 0, tzinfo=Timezone('UTC')))>,
 'prev_start_date_success': DateTime(2024, 11, 19, 17, 27, 1, 62730, tzinfo=Timezone('UTC')),
 'run_id': 'scheduled__2024-11-18T19:25:00+00:00',
 'task': <Task(_PythonDecoratedOperator): python>,
 'task_instance': <TaskInstance: python_operator_v1.python scheduled__2024-11-18T19:25:00+00:00 [running]>,
 'task_instance_key_str': 'python_operator_v1__python__20241118',
 'templates_dict': None,
 'test_mode': False,
 'ti': <TaskInstance: python_operator_v1.python scheduled__2024-11-18T19:25:00+00:00 [running]>,
 'tomorrow_ds': <Proxy at 0x7fa0ad0bcb40 with factory functools.partial(<function lazy_mapping_from_context.<locals>._deprecated_proxy_factory at 0x7fa0acfe9e40>, 'tomorrow_ds', '2024-11-19')>,
 'tomorrow_ds_nodash': <Proxy at 0x7fa0ad0bcb80 with factory functools.partial(<function lazy_mapping_from_context.<locals>._deprecated_proxy_factory at 0x7fa0acfe9e40>, 'tomorrow_ds_nodash', '20241119')>,
 'triggering_dataset_events': <Proxy at 0x7fa0ad009e40 with factory <function _get_template_context.<locals>.get_triggering_events at 0x7fa0acfe9c60>>,
 'ts': '2024-11-18T19:25:00+00:00',
 'ts_nodash': '20241118T192500',
 'ts_nodash_with_tz': '20241118T192500+0000',
 'var': {'json': None, 'value': None},
 'yesterday_ds': <Proxy at 0x7fa0ad0bcbc0 with factory functools.partial(<function lazy_mapping_from_context.<locals>._deprecated_proxy_factory at 0x7fa0acfe9e40>, 'yesterday_ds', '2024-11-17')>,
 'yesterday_ds_nodash': <Proxy at 0x7fa0ad0bcc00 with factory functools.partial(<function lazy_mapping_from_context.<locals>._deprecated_proxy_factory at 0x7fa0acfe9e40>, 'yesterday_ds_nodash', '20241117')>}
[2024-11-19T17:27:19.099+0000] {logging_mixin.py:190} INFO - 2024-11-18
[2024-11-19T17:27:19.100+0000] {python.py:240} INFO - Done. Returned value was: meu retorno agora é este texto
[2024-11-19T17:27:19.156+0000] {taskinstance.py:340} INFO - ::group::Post task execution logs
[2024-11-19T17:27:19.157+0000] {taskinstance.py:352} INFO - Marking task as SUCCESS. dag_id=python_operator_v1, task_id=python, run_id=scheduled__2024-11-18T19:25:00+00:00, execution_date=20241118T192500, start_date=20241119T172717, end_date=20241119T172719
[2024-11-19T17:27:19.190+0000] {logging_mixin.py:190} INFO - Task instance in success state
[2024-11-19T17:27:19.191+0000] {logging_mixin.py:190} INFO -  Previous state of the Task instance: running
[2024-11-19T17:27:19.191+0000] {logging_mixin.py:190} INFO - Dag name:python_operator_v1 queued_at:2024-11-19 17:27:12.488923+00:00
[2024-11-19T17:27:19.192+0000] {logging_mixin.py:190} INFO - Task hostname:e9d4ecc96ed3 operator:_PythonDecoratedOperator
[2024-11-19T17:27:19.268+0000] {local_task_job_runner.py:266} INFO - Task exited with return code 0
[2024-11-19T17:27:19.333+0000] {taskinstance.py:3895} INFO - 0 downstream tasks scheduled from follow-on schedule check
[2024-11-19T17:27:19.340+0000] {local_task_job_runner.py:245} INFO - ::endgroup::
