[2024-11-19T12:52:29.676+0000] {local_task_job_runner.py:123} INFO - ::group::Pre task execution logs
[2024-11-19T12:52:29.725+0000] {taskinstance.py:2613} INFO - Dependencies all met for dep_context=non-requeueable deps ti=<TaskInstance: a_primeira_DAG_v0.hello scheduled__2024-11-17T00:00:00+00:00 [queued]>
[2024-11-19T12:52:29.757+0000] {taskinstance.py:2613} INFO - Dependencies all met for dep_context=requeueable deps ti=<TaskInstance: a_primeira_DAG_v0.hello scheduled__2024-11-17T00:00:00+00:00 [queued]>
[2024-11-19T12:52:29.758+0000] {taskinstance.py:2866} INFO - Starting attempt 1 of 1
[2024-11-19T12:52:29.806+0000] {taskinstance.py:2889} INFO - Executing <Task(BashOperator): hello> on 2024-11-17 00:00:00+00:00
[2024-11-19T12:52:29.841+0000] {warnings.py:112} WARNING - /home/***/.local/lib/python3.12/site-packages/***/task/task_runner/standard_task_runner.py:70: DeprecationWarning: This process (pid=90) is multi-threaded, use of fork() may lead to deadlocks in the child.
  pid = os.fork()

[2024-11-19T12:52:29.853+0000] {standard_task_runner.py:72} INFO - Started process 107 to run task
[2024-11-19T12:52:29.851+0000] {standard_task_runner.py:104} INFO - Running: ['***', 'tasks', 'run', 'a_primeira_DAG_v0', 'hello', 'scheduled__2024-11-17T00:00:00+00:00', '--job-id', '11766', '--raw', '--subdir', 'DAGS_FOLDER/primeira_dag_v0.py', '--cfg-path', '/tmp/tmph5uuubew']
[2024-11-19T12:52:29.854+0000] {standard_task_runner.py:105} INFO - Job 11766: Subtask hello
[2024-11-19T12:52:30.041+0000] {task_command.py:467} INFO - Running <TaskInstance: a_primeira_DAG_v0.hello scheduled__2024-11-17T00:00:00+00:00 [running]> on host e9d4ecc96ed3
[2024-11-19T12:52:31.353+0000] {taskinstance.py:3132} INFO - Exporting env vars: AIRFLOW_CTX_DAG_OWNER='***' AIRFLOW_CTX_DAG_ID='a_primeira_DAG_v0' AIRFLOW_CTX_TASK_ID='hello' AIRFLOW_CTX_EXECUTION_DATE='2024-11-17T00:00:00+00:00' AIRFLOW_CTX_TRY_NUMBER='1' AIRFLOW_CTX_DAG_RUN_ID='scheduled__2024-11-17T00:00:00+00:00'
[2024-11-19T12:52:31.359+0000] {logging_mixin.py:190} INFO - Task instance is in running state
[2024-11-19T12:52:31.360+0000] {logging_mixin.py:190} INFO -  Previous state of the Task instance: queued
[2024-11-19T12:52:31.361+0000] {logging_mixin.py:190} INFO - Current task name:hello state:running start_date:2024-11-19 12:52:29.726223+00:00
[2024-11-19T12:52:31.363+0000] {logging_mixin.py:190} INFO - Dag name:a_primeira_DAG_v0 and current dag run status:running
[2024-11-19T12:52:31.364+0000] {taskinstance.py:731} INFO - ::endgroup::
[2024-11-19T12:52:31.365+0000] {subprocess.py:78} INFO - Tmp dir root location: /tmp
[2024-11-19T12:52:31.367+0000] {subprocess.py:88} INFO - Running command: ['/usr/bin/bash', '-c', 'echo hello world']
[2024-11-19T12:52:31.398+0000] {subprocess.py:99} INFO - Output:
[2024-11-19T12:52:31.402+0000] {subprocess.py:106} INFO - hello world
[2024-11-19T12:52:31.403+0000] {subprocess.py:110} INFO - Command exited with return code 0
[2024-11-19T12:52:31.481+0000] {taskinstance.py:340} INFO - ::group::Post task execution logs
[2024-11-19T12:52:31.482+0000] {taskinstance.py:352} INFO - Marking task as SUCCESS. dag_id=a_primeira_DAG_v0, task_id=hello, run_id=scheduled__2024-11-17T00:00:00+00:00, execution_date=20241117T000000, start_date=20241119T125229, end_date=20241119T125231
[2024-11-19T12:52:31.517+0000] {logging_mixin.py:190} INFO - Task instance in success state
[2024-11-19T12:52:31.518+0000] {logging_mixin.py:190} INFO -  Previous state of the Task instance: running
[2024-11-19T12:52:31.518+0000] {logging_mixin.py:190} INFO - Dag name:a_primeira_DAG_v0 queued_at:2024-11-19 12:52:23.059205+00:00
[2024-11-19T12:52:31.519+0000] {logging_mixin.py:190} INFO - Task hostname:e9d4ecc96ed3 operator:BashOperator
[2024-11-19T12:52:31.602+0000] {local_task_job_runner.py:266} INFO - Task exited with return code 0
[2024-11-19T12:52:31.654+0000] {taskinstance.py:3895} INFO - 0 downstream tasks scheduled from follow-on schedule check
[2024-11-19T12:52:31.659+0000] {local_task_job_runner.py:245} INFO - ::endgroup::
