[2024-11-19T17:30:12.683+0000] {local_task_job_runner.py:123} INFO - ::group::Pre task execution logs
[2024-11-19T17:30:12.713+0000] {taskinstance.py:2613} INFO - Dependencies all met for dep_context=non-requeueable deps ti=<TaskInstance: python_operator_v1.python scheduled__2024-11-18T22:07:00+00:00 [queued]>
[2024-11-19T17:30:12.771+0000] {taskinstance.py:2613} INFO - Dependencies all met for dep_context=requeueable deps ti=<TaskInstance: python_operator_v1.python scheduled__2024-11-18T22:07:00+00:00 [queued]>
[2024-11-19T17:30:12.774+0000] {taskinstance.py:2866} INFO - Starting attempt 1 of 1
[2024-11-19T17:30:12.851+0000] {taskinstance.py:2889} INFO - Executing <Task(_PythonDecoratedOperator): python> on 2024-11-18 22:07:00+00:00
[2024-11-19T17:30:12.869+0000] {warnings.py:112} WARNING - /home/***/.local/lib/python3.12/site-packages/***/task/task_runner/standard_task_runner.py:70: DeprecationWarning: This process (pid=5865) is multi-threaded, use of fork() may lead to deadlocks in the child.
  pid = os.fork()

[2024-11-19T17:30:12.873+0000] {standard_task_runner.py:72} INFO - Started process 5902 to run task
[2024-11-19T17:30:12.876+0000] {standard_task_runner.py:104} INFO - Running: ['***', 'tasks', 'run', 'python_operator_v1', 'python', 'scheduled__2024-11-18T22:07:00+00:00', '--job-id', '12283', '--raw', '--subdir', 'DAGS_FOLDER/python_operator_v2.py', '--cfg-path', '/tmp/tmp426u3oe_']
[2024-11-19T17:30:12.880+0000] {standard_task_runner.py:105} INFO - Job 12283: Subtask python
[2024-11-19T17:30:13.010+0000] {task_command.py:467} INFO - Running <TaskInstance: python_operator_v1.python scheduled__2024-11-18T22:07:00+00:00 [running]> on host e9d4ecc96ed3
[2024-11-19T17:30:13.793+0000] {taskinstance.py:3132} INFO - Exporting env vars: AIRFLOW_CTX_DAG_OWNER='***' AIRFLOW_CTX_DAG_ID='python_operator_v1' AIRFLOW_CTX_TASK_ID='python' AIRFLOW_CTX_EXECUTION_DATE='2024-11-18T22:07:00+00:00' AIRFLOW_CTX_TRY_NUMBER='1' AIRFLOW_CTX_DAG_RUN_ID='scheduled__2024-11-18T22:07:00+00:00'
[2024-11-19T17:30:13.796+0000] {logging_mixin.py:190} INFO - Task instance is in running state
[2024-11-19T17:30:13.796+0000] {logging_mixin.py:190} INFO -  Previous state of the Task instance: queued
[2024-11-19T17:30:13.797+0000] {logging_mixin.py:190} INFO - Current task name:python state:running start_date:2024-11-19 17:30:12.714647+00:00
[2024-11-19T17:30:13.797+0000] {logging_mixin.py:190} INFO - Dag name:python_operator_v1 and current dag run status:running
[2024-11-19T17:30:13.797+0000] {taskinstance.py:731} INFO - ::endgroup::
[2024-11-19T17:30:13.821+0000] {logging_mixin.py:190} INFO - {'conf': <***.configuration.AirflowConfigParser object at 0x7fa0e076b0e0>,
 'conn': None,
 'dag': <DAG: python_operator_v1>,
 'dag_run': <DagRun python_operator_v1 @ 2024-11-18 22:07:00+00:00: scheduled__2024-11-18T22:07:00+00:00, state:running, queued_at: 2024-11-19 17:30:02.323084+00:00. externally triggered: False>,
 'data_interval_end': DateTime(2024, 11, 18, 22, 8, 0, tzinfo=Timezone('UTC')),
 'data_interval_start': DateTime(2024, 11, 18, 22, 7, 0, tzinfo=Timezone('UTC')),
 'ds_nodash': '20241118',
 'execution_date': <Proxy at 0x7fa0acfe1080 with factory functools.partial(<function lazy_mapping_from_context.<locals>._deprecated_proxy_factory at 0x7fa0acfe7920>, 'execution_date', DateTime(2024, 11, 18, 22, 7, 0, tzinfo=Timezone('UTC')))>,
 'expanded_ti_count': None,
 'inlet_events': InletEventsAccessors(_inlets=[], _datasets={}, _dataset_aliases={}, _session=<sqlalchemy.orm.session.Session object at 0x7fa0e05c09b0>),
 'inlets': [],
 'logical_date': DateTime(2024, 11, 18, 22, 7, 0, tzinfo=Timezone('UTC')),
 'macros': <module '***.macros' from '/home/***/.local/lib/python3.12/site-packages/***/macros/__init__.py'>,
 'map_index_template': None,
 'next_ds': <Proxy at 0x7fa0ad13a3c0 with factory functools.partial(<function lazy_mapping_from_context.<locals>._deprecated_proxy_factory at 0x7fa0acfe7920>, 'next_ds', '2024-11-18')>,
 'next_ds_nodash': <Proxy at 0x7fa0acfdd540 with factory functools.partial(<function lazy_mapping_from_context.<locals>._deprecated_proxy_factory at 0x7fa0acfe7920>, 'next_ds_nodash', '20241118')>,
 'next_execution_date': <Proxy at 0x7fa0c79673c0 with factory functools.partial(<function lazy_mapping_from_context.<locals>._deprecated_proxy_factory at 0x7fa0acfe7920>, 'next_execution_date', DateTime(2024, 11, 18, 22, 8, 0, tzinfo=Timezone('UTC')))>,
 'outlet_events': <***.utils.context.OutletEventAccessors object at 0x7fa0ad001160>,
 'outlets': [],
 'params': {},
 'prev_data_interval_end_success': DateTime(2024, 11, 18, 22, 4, 0, tzinfo=Timezone('UTC')),
 'prev_data_interval_start_success': DateTime(2024, 11, 18, 22, 3, 0, tzinfo=Timezone('UTC')),
 'prev_ds': <Proxy at 0x7fa0c7967540 with factory functools.partial(<function lazy_mapping_from_context.<locals>._deprecated_proxy_factory at 0x7fa0acfe7920>, 'prev_ds', '2024-11-18')>,
 'prev_ds_nodash': <Proxy at 0x7fa0c7967840 with factory functools.partial(<function lazy_mapping_from_context.<locals>._deprecated_proxy_factory at 0x7fa0acfe7920>, 'prev_ds_nodash', '20241118')>,
 'prev_end_date_success': DateTime(2024, 11, 19, 17, 30, 12, 558832, tzinfo=Timezone('UTC')),
 'prev_execution_date': <Proxy at 0x7fa0c79677c0 with factory functools.partial(<function lazy_mapping_from_context.<locals>._deprecated_proxy_factory at 0x7fa0acfe7920>, 'prev_execution_date', DateTime(2024, 11, 18, 22, 6, 0, tzinfo=Timezone('UTC')))>,
 'prev_execution_date_success': <Proxy at 0x7fa0c7965400 with factory functools.partial(<function lazy_mapping_from_context.<locals>._deprecated_proxy_factory at 0x7fa0acfe7920>, 'prev_execution_date_success', DateTime(2024, 11, 18, 22, 3, 0, tzinfo=Timezone('UTC')))>,
 'prev_start_date_success': DateTime(2024, 11, 19, 17, 30, 0, 56329, tzinfo=Timezone('UTC')),
 'run_id': 'scheduled__2024-11-18T22:07:00+00:00',
 'task': <Task(_PythonDecoratedOperator): python>,
 'task_instance': <TaskInstance: python_operator_v1.python scheduled__2024-11-18T22:07:00+00:00 [running]>,
 'task_instance_key_str': 'python_operator_v1__python__20241118',
 'templates_dict': None,
 'test_mode': False,
 'ti': <TaskInstance: python_operator_v1.python scheduled__2024-11-18T22:07:00+00:00 [running]>,
 'tomorrow_ds': <Proxy at 0x7fa0c7965880 with factory functools.partial(<function lazy_mapping_from_context.<locals>._deprecated_proxy_factory at 0x7fa0acfe7920>, 'tomorrow_ds', '2024-11-19')>,
 'tomorrow_ds_nodash': <Proxy at 0x7fa0c7965700 with factory functools.partial(<function lazy_mapping_from_context.<locals>._deprecated_proxy_factory at 0x7fa0acfe7920>, 'tomorrow_ds_nodash', '20241119')>,
 'triggering_dataset_events': <Proxy at 0x7fa0ad00d8c0 with factory <function _get_template_context.<locals>.get_triggering_events at 0x7fa0acfe60c0>>,
 'ts': '2024-11-18T22:07:00+00:00',
 'ts_nodash': '20241118T220700',
 'ts_nodash_with_tz': '20241118T220700+0000',
 'var': {'json': None, 'value': None},
 'yesterday_ds': <Proxy at 0x7fa0c7965840 with factory functools.partial(<function lazy_mapping_from_context.<locals>._deprecated_proxy_factory at 0x7fa0acfe7920>, 'yesterday_ds', '2024-11-17')>,
 'yesterday_ds_nodash': <Proxy at 0x7fa0c7965180 with factory functools.partial(<function lazy_mapping_from_context.<locals>._deprecated_proxy_factory at 0x7fa0acfe7920>, 'yesterday_ds_nodash', '20241117')>}
[2024-11-19T17:30:13.823+0000] {logging_mixin.py:190} INFO - 2024-11-18
[2024-11-19T17:30:13.823+0000] {python.py:240} INFO - Done. Returned value was: meu retorno agora é este texto
[2024-11-19T17:30:13.872+0000] {taskinstance.py:340} INFO - ::group::Post task execution logs
[2024-11-19T17:30:13.873+0000] {taskinstance.py:352} INFO - Marking task as SUCCESS. dag_id=python_operator_v1, task_id=python, run_id=scheduled__2024-11-18T22:07:00+00:00, execution_date=20241118T220700, start_date=20241119T173012, end_date=20241119T173013
[2024-11-19T17:30:13.894+0000] {logging_mixin.py:190} INFO - Task instance in success state
[2024-11-19T17:30:13.895+0000] {logging_mixin.py:190} INFO -  Previous state of the Task instance: running
[2024-11-19T17:30:13.896+0000] {logging_mixin.py:190} INFO - Dag name:python_operator_v1 queued_at:2024-11-19 17:30:02.323084+00:00
[2024-11-19T17:30:13.897+0000] {logging_mixin.py:190} INFO - Task hostname:e9d4ecc96ed3 operator:_PythonDecoratedOperator
[2024-11-19T17:30:13.938+0000] {local_task_job_runner.py:266} INFO - Task exited with return code 0
[2024-11-19T17:30:13.961+0000] {local_task_job_runner.py:245} INFO - ::endgroup::
