[2024-11-19T17:20:30.558+0000] {local_task_job_runner.py:123} INFO - ::group::Pre task execution logs
[2024-11-19T17:20:30.645+0000] {taskinstance.py:2613} INFO - Dependencies all met for dep_context=non-requeueable deps ti=<TaskInstance: python_operator_v1.python scheduled__2024-11-18T13:45:00+00:00 [queued]>
[2024-11-19T17:20:30.686+0000] {taskinstance.py:2613} INFO - Dependencies all met for dep_context=requeueable deps ti=<TaskInstance: python_operator_v1.python scheduled__2024-11-18T13:45:00+00:00 [queued]>
[2024-11-19T17:20:30.687+0000] {taskinstance.py:2866} INFO - Starting attempt 1 of 1
[2024-11-19T17:20:30.780+0000] {taskinstance.py:2889} INFO - Executing <Task(PythonOperator): python> on 2024-11-18 13:45:00+00:00
[2024-11-19T17:20:30.829+0000] {warnings.py:112} WARNING - /home/***/.local/lib/python3.12/site-packages/***/task/task_runner/standard_task_runner.py:70: DeprecationWarning: This process (pid=3747) is multi-threaded, use of fork() may lead to deadlocks in the child.
  pid = os.fork()

[2024-11-19T17:20:30.836+0000] {standard_task_runner.py:72} INFO - Started process 3787 to run task
[2024-11-19T17:20:30.889+0000] {standard_task_runner.py:104} INFO - Running: ['***', 'tasks', 'run', 'python_operator_v1', 'python', 'scheduled__2024-11-18T13:45:00+00:00', '--job-id', '11781', '--raw', '--subdir', 'DAGS_FOLDER/python_operator_v1.py', '--cfg-path', '/tmp/tmpnu65_czs']
[2024-11-19T17:20:30.893+0000] {standard_task_runner.py:105} INFO - Job 11781: Subtask python
[2024-11-19T17:20:31.326+0000] {task_command.py:467} INFO - Running <TaskInstance: python_operator_v1.python scheduled__2024-11-18T13:45:00+00:00 [running]> on host e9d4ecc96ed3
[2024-11-19T17:20:32.910+0000] {taskinstance.py:3132} INFO - Exporting env vars: AIRFLOW_CTX_DAG_OWNER='***' AIRFLOW_CTX_DAG_ID='python_operator_v1' AIRFLOW_CTX_TASK_ID='python' AIRFLOW_CTX_EXECUTION_DATE='2024-11-18T13:45:00+00:00' AIRFLOW_CTX_TRY_NUMBER='1' AIRFLOW_CTX_DAG_RUN_ID='scheduled__2024-11-18T13:45:00+00:00'
[2024-11-19T17:20:32.912+0000] {logging_mixin.py:190} INFO - Task instance is in running state
[2024-11-19T17:20:32.913+0000] {logging_mixin.py:190} INFO -  Previous state of the Task instance: queued
[2024-11-19T17:20:32.914+0000] {logging_mixin.py:190} INFO - Current task name:python state:running start_date:2024-11-19 17:20:30.647158+00:00
[2024-11-19T17:20:32.915+0000] {logging_mixin.py:190} INFO - Dag name:python_operator_v1 and current dag run status:running
[2024-11-19T17:20:32.916+0000] {taskinstance.py:731} INFO - ::endgroup::
[2024-11-19T17:20:32.918+0000] {logging_mixin.py:190} INFO - nieremberg
[2024-11-19T17:20:32.957+0000] {logging_mixin.py:190} INFO - {'conf': <***.configuration.AirflowConfigParser object at 0x7fa0e076b0e0>,
 'conn': None,
 'dag': <DAG: python_operator_v1>,
 'dag_run': <DagRun python_operator_v1 @ 2024-11-18 13:45:00+00:00: scheduled__2024-11-18T13:45:00+00:00, state:running, queued_at: 2024-11-19 17:20:17.245461+00:00. externally triggered: False>,
 'data_interval_end': DateTime(2024, 11, 18, 13, 46, 0, tzinfo=Timezone('UTC')),
 'data_interval_start': DateTime(2024, 11, 18, 13, 45, 0, tzinfo=Timezone('UTC')),
 'ds': '2024-11-18',
 'ds_nodash': '20241118',
 'execution_date': <Proxy at 0x7fa0c7ccd300 with factory functools.partial(<function lazy_mapping_from_context.<locals>._deprecated_proxy_factory at 0x7fa0acf83880>, 'execution_date', DateTime(2024, 11, 18, 13, 45, 0, tzinfo=Timezone('UTC')))>,
 'expanded_ti_count': None,
 'inlet_events': InletEventsAccessors(_inlets=[], _datasets={}, _dataset_aliases={}, _session=<sqlalchemy.orm.session.Session object at 0x7fa0e05c0a40>),
 'inlets': [],
 'logical_date': DateTime(2024, 11, 18, 13, 45, 0, tzinfo=Timezone('UTC')),
 'macros': <module '***.macros' from '/home/***/.local/lib/python3.12/site-packages/***/macros/__init__.py'>,
 'map_index_template': None,
 'next_ds': <Proxy at 0x7fa0acf393c0 with factory functools.partial(<function lazy_mapping_from_context.<locals>._deprecated_proxy_factory at 0x7fa0acf83880>, 'next_ds', '2024-11-18')>,
 'next_ds_nodash': <Proxy at 0x7fa0ace37b80 with factory functools.partial(<function lazy_mapping_from_context.<locals>._deprecated_proxy_factory at 0x7fa0acf83880>, 'next_ds_nodash', '20241118')>,
 'next_execution_date': <Proxy at 0x7fa0ad00ed00 with factory functools.partial(<function lazy_mapping_from_context.<locals>._deprecated_proxy_factory at 0x7fa0acf83880>, 'next_execution_date', DateTime(2024, 11, 18, 13, 46, 0, tzinfo=Timezone('UTC')))>,
 'outlet_events': <***.utils.context.OutletEventAccessors object at 0x7fa0acfd7890>,
 'outlets': [],
 'params': {},
 'prev_data_interval_end_success': None,
 'prev_data_interval_start_success': None,
 'prev_ds': <Proxy at 0x7fa0d6dad100 with factory functools.partial(<function lazy_mapping_from_context.<locals>._deprecated_proxy_factory at 0x7fa0acf83880>, 'prev_ds', '2024-11-18')>,
 'prev_ds_nodash': <Proxy at 0x7fa0d6dad040 with factory functools.partial(<function lazy_mapping_from_context.<locals>._deprecated_proxy_factory at 0x7fa0acf83880>, 'prev_ds_nodash', '20241118')>,
 'prev_end_date_success': None,
 'prev_execution_date': <Proxy at 0x7fa0d6dacbc0 with factory functools.partial(<function lazy_mapping_from_context.<locals>._deprecated_proxy_factory at 0x7fa0acf83880>, 'prev_execution_date', DateTime(2024, 11, 18, 13, 44, 0, tzinfo=Timezone('UTC')))>,
 'prev_execution_date_success': <Proxy at 0x7fa0d6dacec0 with factory functools.partial(<function lazy_mapping_from_context.<locals>._deprecated_proxy_factory at 0x7fa0acf83880>, 'prev_execution_date_success', None)>,
 'prev_start_date_success': None,
 'run_id': 'scheduled__2024-11-18T13:45:00+00:00',
 'task': <Task(PythonOperator): python>,
 'task_instance': <TaskInstance: python_operator_v1.python scheduled__2024-11-18T13:45:00+00:00 [running]>,
 'task_instance_key_str': 'python_operator_v1__python__20241118',
 'templates_dict': None,
 'test_mode': False,
 'ti': <TaskInstance: python_operator_v1.python scheduled__2024-11-18T13:45:00+00:00 [running]>,
 'tomorrow_ds': <Proxy at 0x7fa0d6dacf80 with factory functools.partial(<function lazy_mapping_from_context.<locals>._deprecated_proxy_factory at 0x7fa0acf83880>, 'tomorrow_ds', '2024-11-19')>,
 'tomorrow_ds_nodash': <Proxy at 0x7fa0d6dacd40 with factory functools.partial(<function lazy_mapping_from_context.<locals>._deprecated_proxy_factory at 0x7fa0acf83880>, 'tomorrow_ds_nodash', '20241119')>,
 'triggering_dataset_events': <Proxy at 0x7fa0ad00cf40 with factory <function _get_template_context.<locals>.get_triggering_events at 0x7fa0acfe5f80>>,
 'ts': '2024-11-18T13:45:00+00:00',
 'ts_nodash': '20241118T134500',
 'ts_nodash_with_tz': '20241118T134500+0000',
 'var': {'json': None, 'value': None},
 'yesterday_ds': <Proxy at 0x7fa0d6dacdc0 with factory functools.partial(<function lazy_mapping_from_context.<locals>._deprecated_proxy_factory at 0x7fa0acf83880>, 'yesterday_ds', '2024-11-17')>,
 'yesterday_ds_nodash': <Proxy at 0x7fa0d6dace40 with factory functools.partial(<function lazy_mapping_from_context.<locals>._deprecated_proxy_factory at 0x7fa0acf83880>, 'yesterday_ds_nodash', '20241117')>}
[2024-11-19T17:20:32.959+0000] {python.py:240} INFO - Done. Returned value was: 123
[2024-11-19T17:20:33.053+0000] {taskinstance.py:340} INFO - ::group::Post task execution logs
[2024-11-19T17:20:33.054+0000] {taskinstance.py:352} INFO - Marking task as SUCCESS. dag_id=python_operator_v1, task_id=python, run_id=scheduled__2024-11-18T13:45:00+00:00, execution_date=20241118T134500, start_date=20241119T172030, end_date=20241119T172033
[2024-11-19T17:20:33.107+0000] {logging_mixin.py:190} INFO - Task instance in success state
[2024-11-19T17:20:33.109+0000] {logging_mixin.py:190} INFO -  Previous state of the Task instance: running
[2024-11-19T17:20:33.110+0000] {logging_mixin.py:190} INFO - Dag name:python_operator_v1 queued_at:2024-11-19 17:20:17.245461+00:00
[2024-11-19T17:20:33.111+0000] {logging_mixin.py:190} INFO - Task hostname:e9d4ecc96ed3 operator:PythonOperator
[2024-11-19T17:20:33.179+0000] {local_task_job_runner.py:266} INFO - Task exited with return code 0
[2024-11-19T17:20:33.217+0000] {local_task_job_runner.py:245} INFO - ::endgroup::
