[2024-11-19T12:52:29.637+0000] {local_task_job_runner.py:123} INFO - ::group::Pre task execution logs
[2024-11-19T12:52:29.695+0000] {taskinstance.py:2613} INFO - Dependencies all met for dep_context=non-requeueable deps ti=<TaskInstance: a_primeira_DAG_v0.hello scheduled__2024-11-14T00:00:00+00:00 [queued]>
[2024-11-19T12:52:29.725+0000] {taskinstance.py:2613} INFO - Dependencies all met for dep_context=requeueable deps ti=<TaskInstance: a_primeira_DAG_v0.hello scheduled__2024-11-14T00:00:00+00:00 [queued]>
[2024-11-19T12:52:29.726+0000] {taskinstance.py:2866} INFO - Starting attempt 1 of 1
[2024-11-19T12:52:29.771+0000] {taskinstance.py:2889} INFO - Executing <Task(BashOperator): hello> on 2024-11-14 00:00:00+00:00
[2024-11-19T12:52:29.789+0000] {warnings.py:112} WARNING - /home/***/.local/lib/python3.12/site-packages/***/task/task_runner/standard_task_runner.py:70: DeprecationWarning: This process (pid=77) is multi-threaded, use of fork() may lead to deadlocks in the child.
  pid = os.fork()

[2024-11-19T12:52:29.794+0000] {standard_task_runner.py:72} INFO - Started process 97 to run task
[2024-11-19T12:52:29.794+0000] {standard_task_runner.py:104} INFO - Running: ['***', 'tasks', 'run', 'a_primeira_DAG_v0', 'hello', 'scheduled__2024-11-14T00:00:00+00:00', '--job-id', '11761', '--raw', '--subdir', 'DAGS_FOLDER/primeira_dag_v0.py', '--cfg-path', '/tmp/tmpntmps50_']
[2024-11-19T12:52:29.797+0000] {standard_task_runner.py:105} INFO - Job 11761: Subtask hello
[2024-11-19T12:52:30.010+0000] {task_command.py:467} INFO - Running <TaskInstance: a_primeira_DAG_v0.hello scheduled__2024-11-14T00:00:00+00:00 [running]> on host e9d4ecc96ed3
[2024-11-19T12:52:31.309+0000] {taskinstance.py:3132} INFO - Exporting env vars: AIRFLOW_CTX_DAG_OWNER='***' AIRFLOW_CTX_DAG_ID='a_primeira_DAG_v0' AIRFLOW_CTX_TASK_ID='hello' AIRFLOW_CTX_EXECUTION_DATE='2024-11-14T00:00:00+00:00' AIRFLOW_CTX_TRY_NUMBER='1' AIRFLOW_CTX_DAG_RUN_ID='scheduled__2024-11-14T00:00:00+00:00'
[2024-11-19T12:52:31.312+0000] {logging_mixin.py:190} INFO - Task instance is in running state
[2024-11-19T12:52:31.313+0000] {logging_mixin.py:190} INFO -  Previous state of the Task instance: queued
[2024-11-19T12:52:31.314+0000] {logging_mixin.py:190} INFO - Current task name:hello state:running start_date:2024-11-19 12:52:29.697026+00:00
[2024-11-19T12:52:31.315+0000] {logging_mixin.py:190} INFO - Dag name:a_primeira_DAG_v0 and current dag run status:running
[2024-11-19T12:52:31.316+0000] {taskinstance.py:731} INFO - ::endgroup::
[2024-11-19T12:52:31.317+0000] {subprocess.py:78} INFO - Tmp dir root location: /tmp
[2024-11-19T12:52:31.319+0000] {subprocess.py:88} INFO - Running command: ['/usr/bin/bash', '-c', 'echo hello world']
[2024-11-19T12:52:31.351+0000] {subprocess.py:99} INFO - Output:
[2024-11-19T12:52:31.356+0000] {subprocess.py:106} INFO - hello world
[2024-11-19T12:52:31.358+0000] {subprocess.py:110} INFO - Command exited with return code 0
[2024-11-19T12:52:31.442+0000] {taskinstance.py:340} INFO - ::group::Post task execution logs
[2024-11-19T12:52:31.444+0000] {taskinstance.py:352} INFO - Marking task as SUCCESS. dag_id=a_primeira_DAG_v0, task_id=hello, run_id=scheduled__2024-11-14T00:00:00+00:00, execution_date=20241114T000000, start_date=20241119T125229, end_date=20241119T125231
[2024-11-19T12:52:31.477+0000] {logging_mixin.py:190} INFO - Task instance in success state
[2024-11-19T12:52:31.477+0000] {logging_mixin.py:190} INFO -  Previous state of the Task instance: running
[2024-11-19T12:52:31.478+0000] {logging_mixin.py:190} INFO - Dag name:a_primeira_DAG_v0 queued_at:2024-11-19 12:52:21.141068+00:00
[2024-11-19T12:52:31.478+0000] {logging_mixin.py:190} INFO - Task hostname:e9d4ecc96ed3 operator:BashOperator
[2024-11-19T12:52:31.540+0000] {local_task_job_runner.py:266} INFO - Task exited with return code 0
[2024-11-19T12:52:31.583+0000] {taskinstance.py:3895} INFO - 0 downstream tasks scheduled from follow-on schedule check
[2024-11-19T12:52:31.587+0000] {local_task_job_runner.py:245} INFO - ::endgroup::
