[2024-11-13T19:23:15.900+0000] {processor.py:186} INFO - Started process (PID=72) to work on /home/airflow/.local/lib/python3.12/site-packages/airflow/example_dags/example_display_name.py
[2024-11-13T19:23:15.901+0000] {processor.py:914} INFO - Processing file /home/airflow/.local/lib/python3.12/site-packages/airflow/example_dags/example_display_name.py for tasks to queue
[2024-11-13T19:23:15.903+0000] {logging_mixin.py:190} INFO - [2024-11-13T19:23:15.902+0000] {dagbag.py:588} INFO - Filling up the DagBag from /home/airflow/.local/lib/python3.12/site-packages/airflow/example_dags/example_display_name.py
[2024-11-13T19:23:15.909+0000] {processor.py:925} INFO - DAG(s) 'example_display_name' retrieved from /home/airflow/.local/lib/python3.12/site-packages/airflow/example_dags/example_display_name.py
[2024-11-13T19:23:15.995+0000] {logging_mixin.py:190} INFO - [2024-11-13T19:23:15.995+0000] {override.py:1911} INFO - Created Permission View: can edit on DAG:example_display_name
[2024-11-13T19:23:16.003+0000] {logging_mixin.py:190} INFO - [2024-11-13T19:23:16.003+0000] {override.py:1911} INFO - Created Permission View: can read on DAG:example_display_name
[2024-11-13T19:23:16.008+0000] {logging_mixin.py:190} INFO - [2024-11-13T19:23:16.008+0000] {override.py:1911} INFO - Created Permission View: can delete on DAG:example_display_name
[2024-11-13T19:23:16.014+0000] {logging_mixin.py:190} INFO - [2024-11-13T19:23:16.014+0000] {override.py:1911} INFO - Created Permission View: can delete on DAG Run:example_display_name
[2024-11-13T19:23:16.020+0000] {logging_mixin.py:190} INFO - [2024-11-13T19:23:16.019+0000] {override.py:1911} INFO - Created Permission View: can read on DAG Run:example_display_name
[2024-11-13T19:23:16.025+0000] {logging_mixin.py:190} INFO - [2024-11-13T19:23:16.025+0000] {override.py:1911} INFO - Created Permission View: menu access on DAG Run:example_display_name
[2024-11-13T19:23:16.029+0000] {logging_mixin.py:190} INFO - [2024-11-13T19:23:16.029+0000] {override.py:1911} INFO - Created Permission View: can create on DAG Run:example_display_name
[2024-11-13T19:23:16.029+0000] {logging_mixin.py:190} INFO - [2024-11-13T19:23:16.029+0000] {dag.py:3239} INFO - Sync 1 DAGs
[2024-11-13T19:23:16.041+0000] {logging_mixin.py:190} INFO - [2024-11-13T19:23:16.041+0000] {dag.py:3262} INFO - Creating ORM DAG for example_display_name
[2024-11-13T19:23:16.042+0000] {logging_mixin.py:190} INFO - [2024-11-13T19:23:16.042+0000] {dag.py:4180} INFO - Setting next_dagrun for example_display_name to None, run_after=None
[2024-11-13T19:23:16.054+0000] {processor.py:208} INFO - Processing /home/airflow/.local/lib/python3.12/site-packages/airflow/example_dags/example_display_name.py took 0.158 seconds
[2024-11-13T19:23:46.944+0000] {processor.py:186} INFO - Started process (PID=135) to work on /home/airflow/.local/lib/python3.12/site-packages/airflow/example_dags/example_display_name.py
[2024-11-13T19:23:46.944+0000] {processor.py:914} INFO - Processing file /home/airflow/.local/lib/python3.12/site-packages/airflow/example_dags/example_display_name.py for tasks to queue
[2024-11-13T19:23:46.946+0000] {logging_mixin.py:190} INFO - [2024-11-13T19:23:46.946+0000] {dagbag.py:588} INFO - Filling up the DagBag from /home/airflow/.local/lib/python3.12/site-packages/airflow/example_dags/example_display_name.py
[2024-11-13T19:23:46.951+0000] {processor.py:925} INFO - DAG(s) 'example_display_name' retrieved from /home/airflow/.local/lib/python3.12/site-packages/airflow/example_dags/example_display_name.py
[2024-11-13T19:23:46.966+0000] {logging_mixin.py:190} INFO - [2024-11-13T19:23:46.966+0000] {dag.py:3239} INFO - Sync 1 DAGs
[2024-11-13T19:23:46.976+0000] {logging_mixin.py:190} INFO - [2024-11-13T19:23:46.976+0000] {dag.py:4180} INFO - Setting next_dagrun for example_display_name to None, run_after=None
[2024-11-13T19:23:46.991+0000] {processor.py:208} INFO - Processing /home/airflow/.local/lib/python3.12/site-packages/airflow/example_dags/example_display_name.py took 0.051 seconds
[2024-11-13T19:24:17.212+0000] {processor.py:186} INFO - Started process (PID=198) to work on /home/airflow/.local/lib/python3.12/site-packages/airflow/example_dags/example_display_name.py
[2024-11-13T19:24:17.213+0000] {processor.py:914} INFO - Processing file /home/airflow/.local/lib/python3.12/site-packages/airflow/example_dags/example_display_name.py for tasks to queue
[2024-11-13T19:24:17.215+0000] {logging_mixin.py:190} INFO - [2024-11-13T19:24:17.214+0000] {dagbag.py:588} INFO - Filling up the DagBag from /home/airflow/.local/lib/python3.12/site-packages/airflow/example_dags/example_display_name.py
[2024-11-13T19:24:17.220+0000] {processor.py:925} INFO - DAG(s) 'example_display_name' retrieved from /home/airflow/.local/lib/python3.12/site-packages/airflow/example_dags/example_display_name.py
[2024-11-13T19:24:17.235+0000] {logging_mixin.py:190} INFO - [2024-11-13T19:24:17.235+0000] {dag.py:3239} INFO - Sync 1 DAGs
[2024-11-13T19:24:17.247+0000] {logging_mixin.py:190} INFO - [2024-11-13T19:24:17.247+0000] {dag.py:4180} INFO - Setting next_dagrun for example_display_name to None, run_after=None
[2024-11-13T19:24:17.264+0000] {processor.py:208} INFO - Processing /home/airflow/.local/lib/python3.12/site-packages/airflow/example_dags/example_display_name.py took 0.057 seconds
[2024-11-13T19:24:47.391+0000] {processor.py:186} INFO - Started process (PID=261) to work on /home/airflow/.local/lib/python3.12/site-packages/airflow/example_dags/example_display_name.py
[2024-11-13T19:24:47.392+0000] {processor.py:914} INFO - Processing file /home/airflow/.local/lib/python3.12/site-packages/airflow/example_dags/example_display_name.py for tasks to queue
[2024-11-13T19:24:47.394+0000] {logging_mixin.py:190} INFO - [2024-11-13T19:24:47.393+0000] {dagbag.py:588} INFO - Filling up the DagBag from /home/airflow/.local/lib/python3.12/site-packages/airflow/example_dags/example_display_name.py
[2024-11-13T19:24:47.399+0000] {processor.py:925} INFO - DAG(s) 'example_display_name' retrieved from /home/airflow/.local/lib/python3.12/site-packages/airflow/example_dags/example_display_name.py
[2024-11-13T19:24:47.415+0000] {logging_mixin.py:190} INFO - [2024-11-13T19:24:47.415+0000] {dag.py:3239} INFO - Sync 1 DAGs
[2024-11-13T19:24:47.425+0000] {logging_mixin.py:190} INFO - [2024-11-13T19:24:47.425+0000] {dag.py:4180} INFO - Setting next_dagrun for example_display_name to None, run_after=None
[2024-11-13T19:24:47.442+0000] {processor.py:208} INFO - Processing /home/airflow/.local/lib/python3.12/site-packages/airflow/example_dags/example_display_name.py took 0.055 seconds
[2024-11-13T19:25:17.789+0000] {processor.py:186} INFO - Started process (PID=324) to work on /home/airflow/.local/lib/python3.12/site-packages/airflow/example_dags/example_display_name.py
[2024-11-13T19:25:17.790+0000] {processor.py:914} INFO - Processing file /home/airflow/.local/lib/python3.12/site-packages/airflow/example_dags/example_display_name.py for tasks to queue
[2024-11-13T19:25:17.792+0000] {logging_mixin.py:190} INFO - [2024-11-13T19:25:17.792+0000] {dagbag.py:588} INFO - Filling up the DagBag from /home/airflow/.local/lib/python3.12/site-packages/airflow/example_dags/example_display_name.py
[2024-11-13T19:25:17.797+0000] {processor.py:925} INFO - DAG(s) 'example_display_name' retrieved from /home/airflow/.local/lib/python3.12/site-packages/airflow/example_dags/example_display_name.py
[2024-11-13T19:25:17.812+0000] {logging_mixin.py:190} INFO - [2024-11-13T19:25:17.812+0000] {dag.py:3239} INFO - Sync 1 DAGs
[2024-11-13T19:25:17.822+0000] {logging_mixin.py:190} INFO - [2024-11-13T19:25:17.822+0000] {dag.py:4180} INFO - Setting next_dagrun for example_display_name to None, run_after=None
[2024-11-13T19:25:17.836+0000] {processor.py:208} INFO - Processing /home/airflow/.local/lib/python3.12/site-packages/airflow/example_dags/example_display_name.py took 0.051 seconds
[2024-11-13T19:25:47.995+0000] {processor.py:186} INFO - Started process (PID=387) to work on /home/airflow/.local/lib/python3.12/site-packages/airflow/example_dags/example_display_name.py
[2024-11-13T19:25:47.996+0000] {processor.py:914} INFO - Processing file /home/airflow/.local/lib/python3.12/site-packages/airflow/example_dags/example_display_name.py for tasks to queue
[2024-11-13T19:25:47.998+0000] {logging_mixin.py:190} INFO - [2024-11-13T19:25:47.997+0000] {dagbag.py:588} INFO - Filling up the DagBag from /home/airflow/.local/lib/python3.12/site-packages/airflow/example_dags/example_display_name.py
[2024-11-13T19:25:48.003+0000] {processor.py:925} INFO - DAG(s) 'example_display_name' retrieved from /home/airflow/.local/lib/python3.12/site-packages/airflow/example_dags/example_display_name.py
[2024-11-13T19:25:48.017+0000] {logging_mixin.py:190} INFO - [2024-11-13T19:25:48.017+0000] {dag.py:3239} INFO - Sync 1 DAGs
[2024-11-13T19:25:48.027+0000] {logging_mixin.py:190} INFO - [2024-11-13T19:25:48.027+0000] {dag.py:4180} INFO - Setting next_dagrun for example_display_name to None, run_after=None
[2024-11-13T19:25:48.042+0000] {processor.py:208} INFO - Processing /home/airflow/.local/lib/python3.12/site-packages/airflow/example_dags/example_display_name.py took 0.052 seconds
[2024-11-13T19:26:18.226+0000] {processor.py:186} INFO - Started process (PID=450) to work on /home/airflow/.local/lib/python3.12/site-packages/airflow/example_dags/example_display_name.py
[2024-11-13T19:26:18.227+0000] {processor.py:914} INFO - Processing file /home/airflow/.local/lib/python3.12/site-packages/airflow/example_dags/example_display_name.py for tasks to queue
[2024-11-13T19:26:18.229+0000] {logging_mixin.py:190} INFO - [2024-11-13T19:26:18.229+0000] {dagbag.py:588} INFO - Filling up the DagBag from /home/airflow/.local/lib/python3.12/site-packages/airflow/example_dags/example_display_name.py
[2024-11-13T19:26:18.234+0000] {processor.py:925} INFO - DAG(s) 'example_display_name' retrieved from /home/airflow/.local/lib/python3.12/site-packages/airflow/example_dags/example_display_name.py
[2024-11-13T19:26:18.249+0000] {logging_mixin.py:190} INFO - [2024-11-13T19:26:18.249+0000] {dag.py:3239} INFO - Sync 1 DAGs
[2024-11-13T19:26:18.259+0000] {logging_mixin.py:190} INFO - [2024-11-13T19:26:18.259+0000] {dag.py:4180} INFO - Setting next_dagrun for example_display_name to None, run_after=None
[2024-11-13T19:26:18.273+0000] {processor.py:208} INFO - Processing /home/airflow/.local/lib/python3.12/site-packages/airflow/example_dags/example_display_name.py took 0.051 seconds
[2024-11-13T19:26:48.462+0000] {processor.py:186} INFO - Started process (PID=513) to work on /home/airflow/.local/lib/python3.12/site-packages/airflow/example_dags/example_display_name.py
[2024-11-13T19:26:48.463+0000] {processor.py:914} INFO - Processing file /home/airflow/.local/lib/python3.12/site-packages/airflow/example_dags/example_display_name.py for tasks to queue
[2024-11-13T19:26:48.465+0000] {logging_mixin.py:190} INFO - [2024-11-13T19:26:48.464+0000] {dagbag.py:588} INFO - Filling up the DagBag from /home/airflow/.local/lib/python3.12/site-packages/airflow/example_dags/example_display_name.py
[2024-11-13T19:26:48.470+0000] {processor.py:925} INFO - DAG(s) 'example_display_name' retrieved from /home/airflow/.local/lib/python3.12/site-packages/airflow/example_dags/example_display_name.py
[2024-11-13T19:26:48.482+0000] {logging_mixin.py:190} INFO - [2024-11-13T19:26:48.482+0000] {dag.py:3239} INFO - Sync 1 DAGs
[2024-11-13T19:26:48.492+0000] {logging_mixin.py:190} INFO - [2024-11-13T19:26:48.492+0000] {dag.py:4180} INFO - Setting next_dagrun for example_display_name to None, run_after=None
[2024-11-13T19:26:48.504+0000] {processor.py:208} INFO - Processing /home/airflow/.local/lib/python3.12/site-packages/airflow/example_dags/example_display_name.py took 0.046 seconds
[2024-11-13T19:27:18.850+0000] {processor.py:186} INFO - Started process (PID=576) to work on /home/airflow/.local/lib/python3.12/site-packages/airflow/example_dags/example_display_name.py
[2024-11-13T19:27:18.851+0000] {processor.py:914} INFO - Processing file /home/airflow/.local/lib/python3.12/site-packages/airflow/example_dags/example_display_name.py for tasks to queue
[2024-11-13T19:27:18.853+0000] {logging_mixin.py:190} INFO - [2024-11-13T19:27:18.853+0000] {dagbag.py:588} INFO - Filling up the DagBag from /home/airflow/.local/lib/python3.12/site-packages/airflow/example_dags/example_display_name.py
[2024-11-13T19:27:18.858+0000] {processor.py:925} INFO - DAG(s) 'example_display_name' retrieved from /home/airflow/.local/lib/python3.12/site-packages/airflow/example_dags/example_display_name.py
[2024-11-13T19:27:18.873+0000] {logging_mixin.py:190} INFO - [2024-11-13T19:27:18.872+0000] {dag.py:3239} INFO - Sync 1 DAGs
[2024-11-13T19:27:18.883+0000] {logging_mixin.py:190} INFO - [2024-11-13T19:27:18.883+0000] {dag.py:4180} INFO - Setting next_dagrun for example_display_name to None, run_after=None
[2024-11-13T19:27:18.896+0000] {processor.py:208} INFO - Processing /home/airflow/.local/lib/python3.12/site-packages/airflow/example_dags/example_display_name.py took 0.050 seconds
[2024-11-13T19:27:48.986+0000] {processor.py:186} INFO - Started process (PID=639) to work on /home/airflow/.local/lib/python3.12/site-packages/airflow/example_dags/example_display_name.py
[2024-11-13T19:27:48.987+0000] {processor.py:914} INFO - Processing file /home/airflow/.local/lib/python3.12/site-packages/airflow/example_dags/example_display_name.py for tasks to queue
[2024-11-13T19:27:48.988+0000] {logging_mixin.py:190} INFO - [2024-11-13T19:27:48.988+0000] {dagbag.py:588} INFO - Filling up the DagBag from /home/airflow/.local/lib/python3.12/site-packages/airflow/example_dags/example_display_name.py
[2024-11-13T19:27:48.993+0000] {processor.py:925} INFO - DAG(s) 'example_display_name' retrieved from /home/airflow/.local/lib/python3.12/site-packages/airflow/example_dags/example_display_name.py
[2024-11-13T19:27:49.008+0000] {logging_mixin.py:190} INFO - [2024-11-13T19:27:49.008+0000] {dag.py:3239} INFO - Sync 1 DAGs
[2024-11-13T19:27:49.018+0000] {logging_mixin.py:190} INFO - [2024-11-13T19:27:49.018+0000] {dag.py:4180} INFO - Setting next_dagrun for example_display_name to None, run_after=None
[2024-11-13T19:27:49.031+0000] {processor.py:208} INFO - Processing /home/airflow/.local/lib/python3.12/site-packages/airflow/example_dags/example_display_name.py took 0.049 seconds
[2024-11-13T19:28:19.442+0000] {processor.py:186} INFO - Started process (PID=708) to work on /home/airflow/.local/lib/python3.12/site-packages/airflow/example_dags/example_display_name.py
[2024-11-13T19:28:19.443+0000] {processor.py:914} INFO - Processing file /home/airflow/.local/lib/python3.12/site-packages/airflow/example_dags/example_display_name.py for tasks to queue
[2024-11-13T19:28:19.445+0000] {logging_mixin.py:190} INFO - [2024-11-13T19:28:19.445+0000] {dagbag.py:588} INFO - Filling up the DagBag from /home/airflow/.local/lib/python3.12/site-packages/airflow/example_dags/example_display_name.py
[2024-11-13T19:28:19.450+0000] {processor.py:925} INFO - DAG(s) 'example_display_name' retrieved from /home/airflow/.local/lib/python3.12/site-packages/airflow/example_dags/example_display_name.py
[2024-11-13T19:28:19.464+0000] {logging_mixin.py:190} INFO - [2024-11-13T19:28:19.464+0000] {dag.py:3239} INFO - Sync 1 DAGs
[2024-11-13T19:28:19.476+0000] {logging_mixin.py:190} INFO - [2024-11-13T19:28:19.476+0000] {dag.py:4180} INFO - Setting next_dagrun for example_display_name to None, run_after=None
[2024-11-13T19:28:19.489+0000] {processor.py:208} INFO - Processing /home/airflow/.local/lib/python3.12/site-packages/airflow/example_dags/example_display_name.py took 0.050 seconds
[2024-11-13T19:28:49.993+0000] {processor.py:186} INFO - Started process (PID=771) to work on /home/airflow/.local/lib/python3.12/site-packages/airflow/example_dags/example_display_name.py
[2024-11-13T19:28:49.994+0000] {processor.py:914} INFO - Processing file /home/airflow/.local/lib/python3.12/site-packages/airflow/example_dags/example_display_name.py for tasks to queue
[2024-11-13T19:28:49.996+0000] {logging_mixin.py:190} INFO - [2024-11-13T19:28:49.995+0000] {dagbag.py:588} INFO - Filling up the DagBag from /home/airflow/.local/lib/python3.12/site-packages/airflow/example_dags/example_display_name.py
[2024-11-13T19:28:50.001+0000] {processor.py:925} INFO - DAG(s) 'example_display_name' retrieved from /home/airflow/.local/lib/python3.12/site-packages/airflow/example_dags/example_display_name.py
[2024-11-13T19:28:50.017+0000] {logging_mixin.py:190} INFO - [2024-11-13T19:28:50.017+0000] {dag.py:3239} INFO - Sync 1 DAGs
[2024-11-13T19:28:50.028+0000] {logging_mixin.py:190} INFO - [2024-11-13T19:28:50.028+0000] {dag.py:4180} INFO - Setting next_dagrun for example_display_name to None, run_after=None
[2024-11-13T19:28:50.042+0000] {processor.py:208} INFO - Processing /home/airflow/.local/lib/python3.12/site-packages/airflow/example_dags/example_display_name.py took 0.053 seconds
[2024-11-13T19:29:20.206+0000] {processor.py:186} INFO - Started process (PID=834) to work on /home/airflow/.local/lib/python3.12/site-packages/airflow/example_dags/example_display_name.py
[2024-11-13T19:29:20.207+0000] {processor.py:914} INFO - Processing file /home/airflow/.local/lib/python3.12/site-packages/airflow/example_dags/example_display_name.py for tasks to queue
[2024-11-13T19:29:20.208+0000] {logging_mixin.py:190} INFO - [2024-11-13T19:29:20.208+0000] {dagbag.py:588} INFO - Filling up the DagBag from /home/airflow/.local/lib/python3.12/site-packages/airflow/example_dags/example_display_name.py
[2024-11-13T19:29:20.214+0000] {processor.py:925} INFO - DAG(s) 'example_display_name' retrieved from /home/airflow/.local/lib/python3.12/site-packages/airflow/example_dags/example_display_name.py
[2024-11-13T19:29:20.227+0000] {logging_mixin.py:190} INFO - [2024-11-13T19:29:20.226+0000] {dag.py:3239} INFO - Sync 1 DAGs
[2024-11-13T19:29:20.237+0000] {logging_mixin.py:190} INFO - [2024-11-13T19:29:20.237+0000] {dag.py:4180} INFO - Setting next_dagrun for example_display_name to None, run_after=None
[2024-11-13T19:29:20.251+0000] {processor.py:208} INFO - Processing /home/airflow/.local/lib/python3.12/site-packages/airflow/example_dags/example_display_name.py took 0.049 seconds
[2024-11-13T19:29:50.643+0000] {processor.py:186} INFO - Started process (PID=897) to work on /home/airflow/.local/lib/python3.12/site-packages/airflow/example_dags/example_display_name.py
[2024-11-13T19:29:50.644+0000] {processor.py:914} INFO - Processing file /home/airflow/.local/lib/python3.12/site-packages/airflow/example_dags/example_display_name.py for tasks to queue
[2024-11-13T19:29:50.646+0000] {logging_mixin.py:190} INFO - [2024-11-13T19:29:50.645+0000] {dagbag.py:588} INFO - Filling up the DagBag from /home/airflow/.local/lib/python3.12/site-packages/airflow/example_dags/example_display_name.py
[2024-11-13T19:29:50.651+0000] {processor.py:925} INFO - DAG(s) 'example_display_name' retrieved from /home/airflow/.local/lib/python3.12/site-packages/airflow/example_dags/example_display_name.py
[2024-11-13T19:29:50.665+0000] {logging_mixin.py:190} INFO - [2024-11-13T19:29:50.665+0000] {dag.py:3239} INFO - Sync 1 DAGs
[2024-11-13T19:29:50.676+0000] {logging_mixin.py:190} INFO - [2024-11-13T19:29:50.675+0000] {dag.py:4180} INFO - Setting next_dagrun for example_display_name to None, run_after=None
[2024-11-13T19:29:50.690+0000] {processor.py:208} INFO - Processing /home/airflow/.local/lib/python3.12/site-packages/airflow/example_dags/example_display_name.py took 0.050 seconds
[2024-11-13T19:30:20.782+0000] {processor.py:186} INFO - Started process (PID=960) to work on /home/airflow/.local/lib/python3.12/site-packages/airflow/example_dags/example_display_name.py
[2024-11-13T19:30:20.784+0000] {processor.py:914} INFO - Processing file /home/airflow/.local/lib/python3.12/site-packages/airflow/example_dags/example_display_name.py for tasks to queue
[2024-11-13T19:30:20.785+0000] {logging_mixin.py:190} INFO - [2024-11-13T19:30:20.785+0000] {dagbag.py:588} INFO - Filling up the DagBag from /home/airflow/.local/lib/python3.12/site-packages/airflow/example_dags/example_display_name.py
[2024-11-13T19:30:20.790+0000] {processor.py:925} INFO - DAG(s) 'example_display_name' retrieved from /home/airflow/.local/lib/python3.12/site-packages/airflow/example_dags/example_display_name.py
[2024-11-13T19:30:20.805+0000] {logging_mixin.py:190} INFO - [2024-11-13T19:30:20.805+0000] {dag.py:3239} INFO - Sync 1 DAGs
[2024-11-13T19:30:20.814+0000] {logging_mixin.py:190} INFO - [2024-11-13T19:30:20.814+0000] {dag.py:4180} INFO - Setting next_dagrun for example_display_name to None, run_after=None
[2024-11-13T19:30:20.829+0000] {processor.py:208} INFO - Processing /home/airflow/.local/lib/python3.12/site-packages/airflow/example_dags/example_display_name.py took 0.050 seconds
[2024-11-13T19:30:51.060+0000] {processor.py:186} INFO - Started process (PID=1023) to work on /home/airflow/.local/lib/python3.12/site-packages/airflow/example_dags/example_display_name.py
[2024-11-13T19:30:51.061+0000] {processor.py:914} INFO - Processing file /home/airflow/.local/lib/python3.12/site-packages/airflow/example_dags/example_display_name.py for tasks to queue
[2024-11-13T19:30:51.063+0000] {logging_mixin.py:190} INFO - [2024-11-13T19:30:51.063+0000] {dagbag.py:588} INFO - Filling up the DagBag from /home/airflow/.local/lib/python3.12/site-packages/airflow/example_dags/example_display_name.py
[2024-11-13T19:30:51.068+0000] {processor.py:925} INFO - DAG(s) 'example_display_name' retrieved from /home/airflow/.local/lib/python3.12/site-packages/airflow/example_dags/example_display_name.py
[2024-11-13T19:30:51.083+0000] {logging_mixin.py:190} INFO - [2024-11-13T19:30:51.083+0000] {dag.py:3239} INFO - Sync 1 DAGs
[2024-11-13T19:30:51.093+0000] {logging_mixin.py:190} INFO - [2024-11-13T19:30:51.093+0000] {dag.py:4180} INFO - Setting next_dagrun for example_display_name to None, run_after=None
[2024-11-13T19:30:51.107+0000] {processor.py:208} INFO - Processing /home/airflow/.local/lib/python3.12/site-packages/airflow/example_dags/example_display_name.py took 0.051 seconds
[2024-11-13T19:31:21.303+0000] {processor.py:186} INFO - Started process (PID=1086) to work on /home/airflow/.local/lib/python3.12/site-packages/airflow/example_dags/example_display_name.py
[2024-11-13T19:31:21.304+0000] {processor.py:914} INFO - Processing file /home/airflow/.local/lib/python3.12/site-packages/airflow/example_dags/example_display_name.py for tasks to queue
[2024-11-13T19:31:21.305+0000] {logging_mixin.py:190} INFO - [2024-11-13T19:31:21.305+0000] {dagbag.py:588} INFO - Filling up the DagBag from /home/airflow/.local/lib/python3.12/site-packages/airflow/example_dags/example_display_name.py
[2024-11-13T19:31:21.310+0000] {processor.py:925} INFO - DAG(s) 'example_display_name' retrieved from /home/airflow/.local/lib/python3.12/site-packages/airflow/example_dags/example_display_name.py
[2024-11-13T19:31:21.324+0000] {logging_mixin.py:190} INFO - [2024-11-13T19:31:21.324+0000] {dag.py:3239} INFO - Sync 1 DAGs
[2024-11-13T19:31:21.334+0000] {logging_mixin.py:190} INFO - [2024-11-13T19:31:21.334+0000] {dag.py:4180} INFO - Setting next_dagrun for example_display_name to None, run_after=None
[2024-11-13T19:31:21.348+0000] {processor.py:208} INFO - Processing /home/airflow/.local/lib/python3.12/site-packages/airflow/example_dags/example_display_name.py took 0.049 seconds
[2024-11-13T19:31:51.735+0000] {processor.py:186} INFO - Started process (PID=1149) to work on /home/airflow/.local/lib/python3.12/site-packages/airflow/example_dags/example_display_name.py
[2024-11-13T19:31:51.736+0000] {processor.py:914} INFO - Processing file /home/airflow/.local/lib/python3.12/site-packages/airflow/example_dags/example_display_name.py for tasks to queue
[2024-11-13T19:31:51.738+0000] {logging_mixin.py:190} INFO - [2024-11-13T19:31:51.738+0000] {dagbag.py:588} INFO - Filling up the DagBag from /home/airflow/.local/lib/python3.12/site-packages/airflow/example_dags/example_display_name.py
[2024-11-13T19:31:51.744+0000] {processor.py:925} INFO - DAG(s) 'example_display_name' retrieved from /home/airflow/.local/lib/python3.12/site-packages/airflow/example_dags/example_display_name.py
[2024-11-13T19:31:51.758+0000] {logging_mixin.py:190} INFO - [2024-11-13T19:31:51.758+0000] {dag.py:3239} INFO - Sync 1 DAGs
[2024-11-13T19:31:51.769+0000] {logging_mixin.py:190} INFO - [2024-11-13T19:31:51.769+0000] {dag.py:4180} INFO - Setting next_dagrun for example_display_name to None, run_after=None
[2024-11-13T19:31:51.785+0000] {processor.py:208} INFO - Processing /home/airflow/.local/lib/python3.12/site-packages/airflow/example_dags/example_display_name.py took 0.054 seconds
[2024-11-13T19:32:22.259+0000] {processor.py:186} INFO - Started process (PID=1212) to work on /home/airflow/.local/lib/python3.12/site-packages/airflow/example_dags/example_display_name.py
[2024-11-13T19:32:22.260+0000] {processor.py:914} INFO - Processing file /home/airflow/.local/lib/python3.12/site-packages/airflow/example_dags/example_display_name.py for tasks to queue
[2024-11-13T19:32:22.262+0000] {logging_mixin.py:190} INFO - [2024-11-13T19:32:22.262+0000] {dagbag.py:588} INFO - Filling up the DagBag from /home/airflow/.local/lib/python3.12/site-packages/airflow/example_dags/example_display_name.py
[2024-11-13T19:32:22.267+0000] {processor.py:925} INFO - DAG(s) 'example_display_name' retrieved from /home/airflow/.local/lib/python3.12/site-packages/airflow/example_dags/example_display_name.py
[2024-11-13T19:32:22.283+0000] {logging_mixin.py:190} INFO - [2024-11-13T19:32:22.283+0000] {dag.py:3239} INFO - Sync 1 DAGs
[2024-11-13T19:32:22.292+0000] {logging_mixin.py:190} INFO - [2024-11-13T19:32:22.292+0000] {dag.py:4180} INFO - Setting next_dagrun for example_display_name to None, run_after=None
[2024-11-13T19:32:22.306+0000] {processor.py:208} INFO - Processing /home/airflow/.local/lib/python3.12/site-packages/airflow/example_dags/example_display_name.py took 0.050 seconds
[2024-11-13T19:32:52.434+0000] {processor.py:186} INFO - Started process (PID=1276) to work on /home/airflow/.local/lib/python3.12/site-packages/airflow/example_dags/example_display_name.py
[2024-11-13T19:32:52.435+0000] {processor.py:914} INFO - Processing file /home/airflow/.local/lib/python3.12/site-packages/airflow/example_dags/example_display_name.py for tasks to queue
[2024-11-13T19:32:52.438+0000] {logging_mixin.py:190} INFO - [2024-11-13T19:32:52.437+0000] {dagbag.py:588} INFO - Filling up the DagBag from /home/airflow/.local/lib/python3.12/site-packages/airflow/example_dags/example_display_name.py
[2024-11-13T19:32:52.443+0000] {processor.py:925} INFO - DAG(s) 'example_display_name' retrieved from /home/airflow/.local/lib/python3.12/site-packages/airflow/example_dags/example_display_name.py
[2024-11-13T19:32:52.458+0000] {logging_mixin.py:190} INFO - [2024-11-13T19:32:52.458+0000] {dag.py:3239} INFO - Sync 1 DAGs
[2024-11-13T19:32:52.468+0000] {logging_mixin.py:190} INFO - [2024-11-13T19:32:52.468+0000] {dag.py:4180} INFO - Setting next_dagrun for example_display_name to None, run_after=None
[2024-11-13T19:32:52.481+0000] {processor.py:208} INFO - Processing /home/airflow/.local/lib/python3.12/site-packages/airflow/example_dags/example_display_name.py took 0.051 seconds
[2024-11-13T19:33:22.991+0000] {processor.py:186} INFO - Started process (PID=1339) to work on /home/airflow/.local/lib/python3.12/site-packages/airflow/example_dags/example_display_name.py
[2024-11-13T19:33:22.992+0000] {processor.py:914} INFO - Processing file /home/airflow/.local/lib/python3.12/site-packages/airflow/example_dags/example_display_name.py for tasks to queue
[2024-11-13T19:33:22.993+0000] {logging_mixin.py:190} INFO - [2024-11-13T19:33:22.993+0000] {dagbag.py:588} INFO - Filling up the DagBag from /home/airflow/.local/lib/python3.12/site-packages/airflow/example_dags/example_display_name.py
[2024-11-13T19:33:22.999+0000] {processor.py:925} INFO - DAG(s) 'example_display_name' retrieved from /home/airflow/.local/lib/python3.12/site-packages/airflow/example_dags/example_display_name.py
[2024-11-13T19:33:23.014+0000] {logging_mixin.py:190} INFO - [2024-11-13T19:33:23.014+0000] {dag.py:3239} INFO - Sync 1 DAGs
[2024-11-13T19:33:23.024+0000] {logging_mixin.py:190} INFO - [2024-11-13T19:33:23.023+0000] {dag.py:4180} INFO - Setting next_dagrun for example_display_name to None, run_after=None
[2024-11-13T19:33:23.036+0000] {processor.py:208} INFO - Processing /home/airflow/.local/lib/python3.12/site-packages/airflow/example_dags/example_display_name.py took 0.050 seconds
[2024-11-13T19:33:53.128+0000] {processor.py:186} INFO - Started process (PID=1402) to work on /home/airflow/.local/lib/python3.12/site-packages/airflow/example_dags/example_display_name.py
[2024-11-13T19:33:53.129+0000] {processor.py:914} INFO - Processing file /home/airflow/.local/lib/python3.12/site-packages/airflow/example_dags/example_display_name.py for tasks to queue
[2024-11-13T19:33:53.131+0000] {logging_mixin.py:190} INFO - [2024-11-13T19:33:53.131+0000] {dagbag.py:588} INFO - Filling up the DagBag from /home/airflow/.local/lib/python3.12/site-packages/airflow/example_dags/example_display_name.py
[2024-11-13T19:33:53.137+0000] {processor.py:925} INFO - DAG(s) 'example_display_name' retrieved from /home/airflow/.local/lib/python3.12/site-packages/airflow/example_dags/example_display_name.py
[2024-11-13T19:33:53.152+0000] {logging_mixin.py:190} INFO - [2024-11-13T19:33:53.152+0000] {dag.py:3239} INFO - Sync 1 DAGs
[2024-11-13T19:33:53.162+0000] {logging_mixin.py:190} INFO - [2024-11-13T19:33:53.162+0000] {dag.py:4180} INFO - Setting next_dagrun for example_display_name to None, run_after=None
[2024-11-13T19:33:53.176+0000] {processor.py:208} INFO - Processing /home/airflow/.local/lib/python3.12/site-packages/airflow/example_dags/example_display_name.py took 0.052 seconds
[2024-11-13T19:34:23.615+0000] {processor.py:186} INFO - Started process (PID=1465) to work on /home/airflow/.local/lib/python3.12/site-packages/airflow/example_dags/example_display_name.py
[2024-11-13T19:34:23.616+0000] {processor.py:914} INFO - Processing file /home/airflow/.local/lib/python3.12/site-packages/airflow/example_dags/example_display_name.py for tasks to queue
[2024-11-13T19:34:23.617+0000] {logging_mixin.py:190} INFO - [2024-11-13T19:34:23.617+0000] {dagbag.py:588} INFO - Filling up the DagBag from /home/airflow/.local/lib/python3.12/site-packages/airflow/example_dags/example_display_name.py
[2024-11-13T19:34:23.623+0000] {processor.py:925} INFO - DAG(s) 'example_display_name' retrieved from /home/airflow/.local/lib/python3.12/site-packages/airflow/example_dags/example_display_name.py
[2024-11-13T19:34:23.637+0000] {logging_mixin.py:190} INFO - [2024-11-13T19:34:23.637+0000] {dag.py:3239} INFO - Sync 1 DAGs
[2024-11-13T19:34:23.647+0000] {logging_mixin.py:190} INFO - [2024-11-13T19:34:23.647+0000] {dag.py:4180} INFO - Setting next_dagrun for example_display_name to None, run_after=None
[2024-11-13T19:34:23.661+0000] {processor.py:208} INFO - Processing /home/airflow/.local/lib/python3.12/site-packages/airflow/example_dags/example_display_name.py took 0.050 seconds
[2024-11-13T19:34:53.897+0000] {processor.py:186} INFO - Started process (PID=1528) to work on /home/airflow/.local/lib/python3.12/site-packages/airflow/example_dags/example_display_name.py
[2024-11-13T19:34:53.898+0000] {processor.py:914} INFO - Processing file /home/airflow/.local/lib/python3.12/site-packages/airflow/example_dags/example_display_name.py for tasks to queue
[2024-11-13T19:34:53.900+0000] {logging_mixin.py:190} INFO - [2024-11-13T19:34:53.900+0000] {dagbag.py:588} INFO - Filling up the DagBag from /home/airflow/.local/lib/python3.12/site-packages/airflow/example_dags/example_display_name.py
[2024-11-13T19:34:53.906+0000] {processor.py:925} INFO - DAG(s) 'example_display_name' retrieved from /home/airflow/.local/lib/python3.12/site-packages/airflow/example_dags/example_display_name.py
[2024-11-13T19:34:53.923+0000] {logging_mixin.py:190} INFO - [2024-11-13T19:34:53.923+0000] {dag.py:3239} INFO - Sync 1 DAGs
[2024-11-13T19:34:53.934+0000] {logging_mixin.py:190} INFO - [2024-11-13T19:34:53.934+0000] {dag.py:4180} INFO - Setting next_dagrun for example_display_name to None, run_after=None
[2024-11-13T19:34:53.949+0000] {processor.py:208} INFO - Processing /home/airflow/.local/lib/python3.12/site-packages/airflow/example_dags/example_display_name.py took 0.056 seconds
[2024-11-13T19:35:24.380+0000] {processor.py:186} INFO - Started process (PID=1591) to work on /home/airflow/.local/lib/python3.12/site-packages/airflow/example_dags/example_display_name.py
[2024-11-13T19:35:24.381+0000] {processor.py:914} INFO - Processing file /home/airflow/.local/lib/python3.12/site-packages/airflow/example_dags/example_display_name.py for tasks to queue
[2024-11-13T19:35:24.383+0000] {logging_mixin.py:190} INFO - [2024-11-13T19:35:24.383+0000] {dagbag.py:588} INFO - Filling up the DagBag from /home/airflow/.local/lib/python3.12/site-packages/airflow/example_dags/example_display_name.py
[2024-11-13T19:35:24.389+0000] {processor.py:925} INFO - DAG(s) 'example_display_name' retrieved from /home/airflow/.local/lib/python3.12/site-packages/airflow/example_dags/example_display_name.py
[2024-11-13T19:35:24.405+0000] {logging_mixin.py:190} INFO - [2024-11-13T19:35:24.404+0000] {dag.py:3239} INFO - Sync 1 DAGs
[2024-11-13T19:35:24.414+0000] {logging_mixin.py:190} INFO - [2024-11-13T19:35:24.414+0000] {dag.py:4180} INFO - Setting next_dagrun for example_display_name to None, run_after=None
[2024-11-13T19:35:24.429+0000] {processor.py:208} INFO - Processing /home/airflow/.local/lib/python3.12/site-packages/airflow/example_dags/example_display_name.py took 0.052 seconds
[2024-11-13T19:35:54.673+0000] {processor.py:186} INFO - Started process (PID=1654) to work on /home/airflow/.local/lib/python3.12/site-packages/airflow/example_dags/example_display_name.py
[2024-11-13T19:35:54.674+0000] {processor.py:914} INFO - Processing file /home/airflow/.local/lib/python3.12/site-packages/airflow/example_dags/example_display_name.py for tasks to queue
[2024-11-13T19:35:54.675+0000] {logging_mixin.py:190} INFO - [2024-11-13T19:35:54.675+0000] {dagbag.py:588} INFO - Filling up the DagBag from /home/airflow/.local/lib/python3.12/site-packages/airflow/example_dags/example_display_name.py
[2024-11-13T19:35:54.681+0000] {processor.py:925} INFO - DAG(s) 'example_display_name' retrieved from /home/airflow/.local/lib/python3.12/site-packages/airflow/example_dags/example_display_name.py
[2024-11-13T19:35:54.696+0000] {logging_mixin.py:190} INFO - [2024-11-13T19:35:54.696+0000] {dag.py:3239} INFO - Sync 1 DAGs
[2024-11-13T19:35:54.706+0000] {logging_mixin.py:190} INFO - [2024-11-13T19:35:54.706+0000] {dag.py:4180} INFO - Setting next_dagrun for example_display_name to None, run_after=None
[2024-11-13T19:35:54.720+0000] {processor.py:208} INFO - Processing /home/airflow/.local/lib/python3.12/site-packages/airflow/example_dags/example_display_name.py took 0.052 seconds
[2024-11-13T19:36:25.134+0000] {processor.py:186} INFO - Started process (PID=1717) to work on /home/airflow/.local/lib/python3.12/site-packages/airflow/example_dags/example_display_name.py
[2024-11-13T19:36:25.136+0000] {processor.py:914} INFO - Processing file /home/airflow/.local/lib/python3.12/site-packages/airflow/example_dags/example_display_name.py for tasks to queue
[2024-11-13T19:36:25.137+0000] {logging_mixin.py:190} INFO - [2024-11-13T19:36:25.137+0000] {dagbag.py:588} INFO - Filling up the DagBag from /home/airflow/.local/lib/python3.12/site-packages/airflow/example_dags/example_display_name.py
[2024-11-13T19:36:25.143+0000] {processor.py:925} INFO - DAG(s) 'example_display_name' retrieved from /home/airflow/.local/lib/python3.12/site-packages/airflow/example_dags/example_display_name.py
[2024-11-13T19:36:25.158+0000] {logging_mixin.py:190} INFO - [2024-11-13T19:36:25.158+0000] {dag.py:3239} INFO - Sync 1 DAGs
[2024-11-13T19:36:25.168+0000] {logging_mixin.py:190} INFO - [2024-11-13T19:36:25.168+0000] {dag.py:4180} INFO - Setting next_dagrun for example_display_name to None, run_after=None
[2024-11-13T19:36:25.181+0000] {processor.py:208} INFO - Processing /home/airflow/.local/lib/python3.12/site-packages/airflow/example_dags/example_display_name.py took 0.051 seconds
[2024-11-13T19:36:55.254+0000] {processor.py:186} INFO - Started process (PID=1780) to work on /home/airflow/.local/lib/python3.12/site-packages/airflow/example_dags/example_display_name.py
[2024-11-13T19:36:55.255+0000] {processor.py:914} INFO - Processing file /home/airflow/.local/lib/python3.12/site-packages/airflow/example_dags/example_display_name.py for tasks to queue
[2024-11-13T19:36:55.257+0000] {logging_mixin.py:190} INFO - [2024-11-13T19:36:55.257+0000] {dagbag.py:588} INFO - Filling up the DagBag from /home/airflow/.local/lib/python3.12/site-packages/airflow/example_dags/example_display_name.py
[2024-11-13T19:36:55.262+0000] {processor.py:925} INFO - DAG(s) 'example_display_name' retrieved from /home/airflow/.local/lib/python3.12/site-packages/airflow/example_dags/example_display_name.py
[2024-11-13T19:36:55.278+0000] {logging_mixin.py:190} INFO - [2024-11-13T19:36:55.277+0000] {dag.py:3239} INFO - Sync 1 DAGs
[2024-11-13T19:36:55.287+0000] {logging_mixin.py:190} INFO - [2024-11-13T19:36:55.287+0000] {dag.py:4180} INFO - Setting next_dagrun for example_display_name to None, run_after=None
[2024-11-13T19:36:55.301+0000] {processor.py:208} INFO - Processing /home/airflow/.local/lib/python3.12/site-packages/airflow/example_dags/example_display_name.py took 0.050 seconds
[2024-11-13T19:37:25.437+0000] {processor.py:186} INFO - Started process (PID=1843) to work on /home/airflow/.local/lib/python3.12/site-packages/airflow/example_dags/example_display_name.py
[2024-11-13T19:37:25.438+0000] {processor.py:914} INFO - Processing file /home/airflow/.local/lib/python3.12/site-packages/airflow/example_dags/example_display_name.py for tasks to queue
[2024-11-13T19:37:25.439+0000] {logging_mixin.py:190} INFO - [2024-11-13T19:37:25.439+0000] {dagbag.py:588} INFO - Filling up the DagBag from /home/airflow/.local/lib/python3.12/site-packages/airflow/example_dags/example_display_name.py
[2024-11-13T19:37:25.445+0000] {processor.py:925} INFO - DAG(s) 'example_display_name' retrieved from /home/airflow/.local/lib/python3.12/site-packages/airflow/example_dags/example_display_name.py
[2024-11-13T19:37:25.460+0000] {logging_mixin.py:190} INFO - [2024-11-13T19:37:25.459+0000] {dag.py:3239} INFO - Sync 1 DAGs
[2024-11-13T19:37:25.469+0000] {logging_mixin.py:190} INFO - [2024-11-13T19:37:25.469+0000] {dag.py:4180} INFO - Setting next_dagrun for example_display_name to None, run_after=None
[2024-11-13T19:37:25.483+0000] {processor.py:208} INFO - Processing /home/airflow/.local/lib/python3.12/site-packages/airflow/example_dags/example_display_name.py took 0.050 seconds
[2024-11-13T19:37:55.764+0000] {processor.py:186} INFO - Started process (PID=1906) to work on /home/airflow/.local/lib/python3.12/site-packages/airflow/example_dags/example_display_name.py
[2024-11-13T19:37:55.765+0000] {processor.py:914} INFO - Processing file /home/airflow/.local/lib/python3.12/site-packages/airflow/example_dags/example_display_name.py for tasks to queue
[2024-11-13T19:37:55.767+0000] {logging_mixin.py:190} INFO - [2024-11-13T19:37:55.767+0000] {dagbag.py:588} INFO - Filling up the DagBag from /home/airflow/.local/lib/python3.12/site-packages/airflow/example_dags/example_display_name.py
[2024-11-13T19:37:55.772+0000] {processor.py:925} INFO - DAG(s) 'example_display_name' retrieved from /home/airflow/.local/lib/python3.12/site-packages/airflow/example_dags/example_display_name.py
[2024-11-13T19:37:55.787+0000] {logging_mixin.py:190} INFO - [2024-11-13T19:37:55.786+0000] {dag.py:3239} INFO - Sync 1 DAGs
[2024-11-13T19:37:55.797+0000] {logging_mixin.py:190} INFO - [2024-11-13T19:37:55.797+0000] {dag.py:4180} INFO - Setting next_dagrun for example_display_name to None, run_after=None
[2024-11-13T19:37:55.811+0000] {processor.py:208} INFO - Processing /home/airflow/.local/lib/python3.12/site-packages/airflow/example_dags/example_display_name.py took 0.050 seconds
[2024-11-13T19:38:25.867+0000] {processor.py:186} INFO - Started process (PID=1969) to work on /home/airflow/.local/lib/python3.12/site-packages/airflow/example_dags/example_display_name.py
[2024-11-13T19:38:25.868+0000] {processor.py:914} INFO - Processing file /home/airflow/.local/lib/python3.12/site-packages/airflow/example_dags/example_display_name.py for tasks to queue
[2024-11-13T19:38:25.870+0000] {logging_mixin.py:190} INFO - [2024-11-13T19:38:25.869+0000] {dagbag.py:588} INFO - Filling up the DagBag from /home/airflow/.local/lib/python3.12/site-packages/airflow/example_dags/example_display_name.py
[2024-11-13T19:38:25.876+0000] {processor.py:925} INFO - DAG(s) 'example_display_name' retrieved from /home/airflow/.local/lib/python3.12/site-packages/airflow/example_dags/example_display_name.py
[2024-11-13T19:38:25.891+0000] {logging_mixin.py:190} INFO - [2024-11-13T19:38:25.891+0000] {dag.py:3239} INFO - Sync 1 DAGs
[2024-11-13T19:38:25.901+0000] {logging_mixin.py:190} INFO - [2024-11-13T19:38:25.901+0000] {dag.py:4180} INFO - Setting next_dagrun for example_display_name to None, run_after=None
[2024-11-13T19:38:25.915+0000] {processor.py:208} INFO - Processing /home/airflow/.local/lib/python3.12/site-packages/airflow/example_dags/example_display_name.py took 0.052 seconds
[2024-11-13T19:38:56.039+0000] {processor.py:186} INFO - Started process (PID=2032) to work on /home/airflow/.local/lib/python3.12/site-packages/airflow/example_dags/example_display_name.py
[2024-11-13T19:38:56.040+0000] {processor.py:914} INFO - Processing file /home/airflow/.local/lib/python3.12/site-packages/airflow/example_dags/example_display_name.py for tasks to queue
[2024-11-13T19:38:56.042+0000] {logging_mixin.py:190} INFO - [2024-11-13T19:38:56.041+0000] {dagbag.py:588} INFO - Filling up the DagBag from /home/airflow/.local/lib/python3.12/site-packages/airflow/example_dags/example_display_name.py
[2024-11-13T19:38:56.047+0000] {processor.py:925} INFO - DAG(s) 'example_display_name' retrieved from /home/airflow/.local/lib/python3.12/site-packages/airflow/example_dags/example_display_name.py
[2024-11-13T19:38:56.062+0000] {logging_mixin.py:190} INFO - [2024-11-13T19:38:56.062+0000] {dag.py:3239} INFO - Sync 1 DAGs
[2024-11-13T19:38:56.072+0000] {logging_mixin.py:190} INFO - [2024-11-13T19:38:56.072+0000] {dag.py:4180} INFO - Setting next_dagrun for example_display_name to None, run_after=None
[2024-11-13T19:38:56.087+0000] {processor.py:208} INFO - Processing /home/airflow/.local/lib/python3.12/site-packages/airflow/example_dags/example_display_name.py took 0.052 seconds
[2024-11-13T19:39:26.409+0000] {processor.py:186} INFO - Started process (PID=2095) to work on /home/airflow/.local/lib/python3.12/site-packages/airflow/example_dags/example_display_name.py
[2024-11-13T19:39:26.410+0000] {processor.py:914} INFO - Processing file /home/airflow/.local/lib/python3.12/site-packages/airflow/example_dags/example_display_name.py for tasks to queue
[2024-11-13T19:39:26.412+0000] {logging_mixin.py:190} INFO - [2024-11-13T19:39:26.412+0000] {dagbag.py:588} INFO - Filling up the DagBag from /home/airflow/.local/lib/python3.12/site-packages/airflow/example_dags/example_display_name.py
[2024-11-13T19:39:26.418+0000] {processor.py:925} INFO - DAG(s) 'example_display_name' retrieved from /home/airflow/.local/lib/python3.12/site-packages/airflow/example_dags/example_display_name.py
[2024-11-13T19:39:26.435+0000] {logging_mixin.py:190} INFO - [2024-11-13T19:39:26.434+0000] {dag.py:3239} INFO - Sync 1 DAGs
[2024-11-13T19:39:26.446+0000] {logging_mixin.py:190} INFO - [2024-11-13T19:39:26.446+0000] {dag.py:4180} INFO - Setting next_dagrun for example_display_name to None, run_after=None
[2024-11-13T19:39:26.461+0000] {processor.py:208} INFO - Processing /home/airflow/.local/lib/python3.12/site-packages/airflow/example_dags/example_display_name.py took 0.056 seconds
[2024-11-13T19:39:56.706+0000] {processor.py:186} INFO - Started process (PID=2158) to work on /home/airflow/.local/lib/python3.12/site-packages/airflow/example_dags/example_display_name.py
[2024-11-13T19:39:56.707+0000] {processor.py:914} INFO - Processing file /home/airflow/.local/lib/python3.12/site-packages/airflow/example_dags/example_display_name.py for tasks to queue
[2024-11-13T19:39:56.710+0000] {logging_mixin.py:190} INFO - [2024-11-13T19:39:56.709+0000] {dagbag.py:588} INFO - Filling up the DagBag from /home/airflow/.local/lib/python3.12/site-packages/airflow/example_dags/example_display_name.py
[2024-11-13T19:39:56.716+0000] {processor.py:925} INFO - DAG(s) 'example_display_name' retrieved from /home/airflow/.local/lib/python3.12/site-packages/airflow/example_dags/example_display_name.py
[2024-11-13T19:39:56.732+0000] {logging_mixin.py:190} INFO - [2024-11-13T19:39:56.732+0000] {dag.py:3239} INFO - Sync 1 DAGs
[2024-11-13T19:39:56.742+0000] {logging_mixin.py:190} INFO - [2024-11-13T19:39:56.741+0000] {dag.py:4180} INFO - Setting next_dagrun for example_display_name to None, run_after=None
[2024-11-13T19:39:56.758+0000] {processor.py:208} INFO - Processing /home/airflow/.local/lib/python3.12/site-packages/airflow/example_dags/example_display_name.py took 0.056 seconds
[2024-11-13T19:40:27.084+0000] {processor.py:186} INFO - Started process (PID=2221) to work on /home/airflow/.local/lib/python3.12/site-packages/airflow/example_dags/example_display_name.py
[2024-11-13T19:40:27.086+0000] {processor.py:914} INFO - Processing file /home/airflow/.local/lib/python3.12/site-packages/airflow/example_dags/example_display_name.py for tasks to queue
[2024-11-13T19:40:27.088+0000] {logging_mixin.py:190} INFO - [2024-11-13T19:40:27.087+0000] {dagbag.py:588} INFO - Filling up the DagBag from /home/airflow/.local/lib/python3.12/site-packages/airflow/example_dags/example_display_name.py
[2024-11-13T19:40:27.093+0000] {processor.py:925} INFO - DAG(s) 'example_display_name' retrieved from /home/airflow/.local/lib/python3.12/site-packages/airflow/example_dags/example_display_name.py
[2024-11-13T19:40:27.108+0000] {logging_mixin.py:190} INFO - [2024-11-13T19:40:27.108+0000] {dag.py:3239} INFO - Sync 1 DAGs
[2024-11-13T19:40:27.118+0000] {logging_mixin.py:190} INFO - [2024-11-13T19:40:27.118+0000] {dag.py:4180} INFO - Setting next_dagrun for example_display_name to None, run_after=None
[2024-11-13T19:40:27.134+0000] {processor.py:208} INFO - Processing /home/airflow/.local/lib/python3.12/site-packages/airflow/example_dags/example_display_name.py took 0.053 seconds
[2024-11-13T19:40:57.539+0000] {processor.py:186} INFO - Started process (PID=2284) to work on /home/airflow/.local/lib/python3.12/site-packages/airflow/example_dags/example_display_name.py
[2024-11-13T19:40:57.540+0000] {processor.py:914} INFO - Processing file /home/airflow/.local/lib/python3.12/site-packages/airflow/example_dags/example_display_name.py for tasks to queue
[2024-11-13T19:40:57.542+0000] {logging_mixin.py:190} INFO - [2024-11-13T19:40:57.542+0000] {dagbag.py:588} INFO - Filling up the DagBag from /home/airflow/.local/lib/python3.12/site-packages/airflow/example_dags/example_display_name.py
[2024-11-13T19:40:57.549+0000] {processor.py:925} INFO - DAG(s) 'example_display_name' retrieved from /home/airflow/.local/lib/python3.12/site-packages/airflow/example_dags/example_display_name.py
[2024-11-13T19:40:57.565+0000] {logging_mixin.py:190} INFO - [2024-11-13T19:40:57.565+0000] {dag.py:3239} INFO - Sync 1 DAGs
[2024-11-13T19:40:57.575+0000] {logging_mixin.py:190} INFO - [2024-11-13T19:40:57.575+0000] {dag.py:4180} INFO - Setting next_dagrun for example_display_name to None, run_after=None
[2024-11-13T19:40:57.590+0000] {processor.py:208} INFO - Processing /home/airflow/.local/lib/python3.12/site-packages/airflow/example_dags/example_display_name.py took 0.055 seconds
[2024-11-13T19:41:27.859+0000] {processor.py:186} INFO - Started process (PID=2347) to work on /home/airflow/.local/lib/python3.12/site-packages/airflow/example_dags/example_display_name.py
[2024-11-13T19:41:27.861+0000] {processor.py:914} INFO - Processing file /home/airflow/.local/lib/python3.12/site-packages/airflow/example_dags/example_display_name.py for tasks to queue
[2024-11-13T19:41:27.862+0000] {logging_mixin.py:190} INFO - [2024-11-13T19:41:27.862+0000] {dagbag.py:588} INFO - Filling up the DagBag from /home/airflow/.local/lib/python3.12/site-packages/airflow/example_dags/example_display_name.py
[2024-11-13T19:41:27.869+0000] {processor.py:925} INFO - DAG(s) 'example_display_name' retrieved from /home/airflow/.local/lib/python3.12/site-packages/airflow/example_dags/example_display_name.py
[2024-11-13T19:41:27.884+0000] {logging_mixin.py:190} INFO - [2024-11-13T19:41:27.884+0000] {dag.py:3239} INFO - Sync 1 DAGs
[2024-11-13T19:41:27.896+0000] {logging_mixin.py:190} INFO - [2024-11-13T19:41:27.896+0000] {dag.py:4180} INFO - Setting next_dagrun for example_display_name to None, run_after=None
[2024-11-13T19:41:27.911+0000] {processor.py:208} INFO - Processing /home/airflow/.local/lib/python3.12/site-packages/airflow/example_dags/example_display_name.py took 0.056 seconds
[2024-11-13T19:41:58.077+0000] {processor.py:186} INFO - Started process (PID=2410) to work on /home/airflow/.local/lib/python3.12/site-packages/airflow/example_dags/example_display_name.py
[2024-11-13T19:41:58.078+0000] {processor.py:914} INFO - Processing file /home/airflow/.local/lib/python3.12/site-packages/airflow/example_dags/example_display_name.py for tasks to queue
[2024-11-13T19:41:58.080+0000] {logging_mixin.py:190} INFO - [2024-11-13T19:41:58.080+0000] {dagbag.py:588} INFO - Filling up the DagBag from /home/airflow/.local/lib/python3.12/site-packages/airflow/example_dags/example_display_name.py
[2024-11-13T19:41:58.086+0000] {processor.py:925} INFO - DAG(s) 'example_display_name' retrieved from /home/airflow/.local/lib/python3.12/site-packages/airflow/example_dags/example_display_name.py
[2024-11-13T19:41:58.100+0000] {logging_mixin.py:190} INFO - [2024-11-13T19:41:58.100+0000] {dag.py:3239} INFO - Sync 1 DAGs
[2024-11-13T19:41:58.112+0000] {logging_mixin.py:190} INFO - [2024-11-13T19:41:58.111+0000] {dag.py:4180} INFO - Setting next_dagrun for example_display_name to None, run_after=None
[2024-11-13T19:41:58.125+0000] {processor.py:208} INFO - Processing /home/airflow/.local/lib/python3.12/site-packages/airflow/example_dags/example_display_name.py took 0.052 seconds
[2024-11-13T19:42:28.755+0000] {processor.py:186} INFO - Started process (PID=2452) to work on /home/airflow/.local/lib/python3.12/site-packages/airflow/example_dags/example_display_name.py
[2024-11-13T19:42:28.756+0000] {processor.py:914} INFO - Processing file /home/airflow/.local/lib/python3.12/site-packages/airflow/example_dags/example_display_name.py for tasks to queue
[2024-11-13T19:42:28.758+0000] {logging_mixin.py:190} INFO - [2024-11-13T19:42:28.757+0000] {dagbag.py:588} INFO - Filling up the DagBag from /home/airflow/.local/lib/python3.12/site-packages/airflow/example_dags/example_display_name.py
[2024-11-13T19:42:28.763+0000] {processor.py:925} INFO - DAG(s) 'example_display_name' retrieved from /home/airflow/.local/lib/python3.12/site-packages/airflow/example_dags/example_display_name.py
[2024-11-13T19:42:28.780+0000] {logging_mixin.py:190} INFO - [2024-11-13T19:42:28.780+0000] {dag.py:3239} INFO - Sync 1 DAGs
[2024-11-13T19:42:28.792+0000] {logging_mixin.py:190} INFO - [2024-11-13T19:42:28.792+0000] {dag.py:4180} INFO - Setting next_dagrun for example_display_name to None, run_after=None
[2024-11-13T19:42:28.808+0000] {processor.py:208} INFO - Processing /home/airflow/.local/lib/python3.12/site-packages/airflow/example_dags/example_display_name.py took 0.057 seconds
[2024-11-13T19:42:59.119+0000] {processor.py:186} INFO - Started process (PID=2515) to work on /home/airflow/.local/lib/python3.12/site-packages/airflow/example_dags/example_display_name.py
[2024-11-13T19:42:59.120+0000] {processor.py:914} INFO - Processing file /home/airflow/.local/lib/python3.12/site-packages/airflow/example_dags/example_display_name.py for tasks to queue
[2024-11-13T19:42:59.121+0000] {logging_mixin.py:190} INFO - [2024-11-13T19:42:59.121+0000] {dagbag.py:588} INFO - Filling up the DagBag from /home/airflow/.local/lib/python3.12/site-packages/airflow/example_dags/example_display_name.py
[2024-11-13T19:42:59.129+0000] {processor.py:925} INFO - DAG(s) 'example_display_name' retrieved from /home/airflow/.local/lib/python3.12/site-packages/airflow/example_dags/example_display_name.py
[2024-11-13T19:42:59.143+0000] {logging_mixin.py:190} INFO - [2024-11-13T19:42:59.143+0000] {dag.py:3239} INFO - Sync 1 DAGs
[2024-11-13T19:42:59.154+0000] {logging_mixin.py:190} INFO - [2024-11-13T19:42:59.154+0000] {dag.py:4180} INFO - Setting next_dagrun for example_display_name to None, run_after=None
[2024-11-13T19:42:59.168+0000] {processor.py:208} INFO - Processing /home/airflow/.local/lib/python3.12/site-packages/airflow/example_dags/example_display_name.py took 0.053 seconds
[2024-11-13T19:43:29.502+0000] {processor.py:186} INFO - Started process (PID=2575) to work on /home/airflow/.local/lib/python3.12/site-packages/airflow/example_dags/example_display_name.py
[2024-11-13T19:43:29.503+0000] {processor.py:914} INFO - Processing file /home/airflow/.local/lib/python3.12/site-packages/airflow/example_dags/example_display_name.py for tasks to queue
[2024-11-13T19:43:29.505+0000] {logging_mixin.py:190} INFO - [2024-11-13T19:43:29.505+0000] {dagbag.py:588} INFO - Filling up the DagBag from /home/airflow/.local/lib/python3.12/site-packages/airflow/example_dags/example_display_name.py
[2024-11-13T19:43:29.511+0000] {processor.py:925} INFO - DAG(s) 'example_display_name' retrieved from /home/airflow/.local/lib/python3.12/site-packages/airflow/example_dags/example_display_name.py
[2024-11-13T19:43:29.526+0000] {logging_mixin.py:190} INFO - [2024-11-13T19:43:29.526+0000] {dag.py:3239} INFO - Sync 1 DAGs
[2024-11-13T19:43:29.536+0000] {logging_mixin.py:190} INFO - [2024-11-13T19:43:29.536+0000] {dag.py:4180} INFO - Setting next_dagrun for example_display_name to None, run_after=None
[2024-11-13T19:43:29.553+0000] {processor.py:208} INFO - Processing /home/airflow/.local/lib/python3.12/site-packages/airflow/example_dags/example_display_name.py took 0.055 seconds
[2024-11-13T19:43:59.821+0000] {processor.py:186} INFO - Started process (PID=2637) to work on /home/airflow/.local/lib/python3.12/site-packages/airflow/example_dags/example_display_name.py
[2024-11-13T19:43:59.822+0000] {processor.py:914} INFO - Processing file /home/airflow/.local/lib/python3.12/site-packages/airflow/example_dags/example_display_name.py for tasks to queue
[2024-11-13T19:43:59.823+0000] {logging_mixin.py:190} INFO - [2024-11-13T19:43:59.823+0000] {dagbag.py:588} INFO - Filling up the DagBag from /home/airflow/.local/lib/python3.12/site-packages/airflow/example_dags/example_display_name.py
[2024-11-13T19:43:59.829+0000] {processor.py:925} INFO - DAG(s) 'example_display_name' retrieved from /home/airflow/.local/lib/python3.12/site-packages/airflow/example_dags/example_display_name.py
[2024-11-13T19:43:59.845+0000] {logging_mixin.py:190} INFO - [2024-11-13T19:43:59.844+0000] {dag.py:3239} INFO - Sync 1 DAGs
[2024-11-13T19:43:59.856+0000] {logging_mixin.py:190} INFO - [2024-11-13T19:43:59.856+0000] {dag.py:4180} INFO - Setting next_dagrun for example_display_name to None, run_after=None
[2024-11-13T19:43:59.870+0000] {processor.py:208} INFO - Processing /home/airflow/.local/lib/python3.12/site-packages/airflow/example_dags/example_display_name.py took 0.054 seconds
[2024-11-13T19:44:30.431+0000] {processor.py:186} INFO - Started process (PID=2698) to work on /home/airflow/.local/lib/python3.12/site-packages/airflow/example_dags/example_display_name.py
[2024-11-13T19:44:30.432+0000] {processor.py:914} INFO - Processing file /home/airflow/.local/lib/python3.12/site-packages/airflow/example_dags/example_display_name.py for tasks to queue
[2024-11-13T19:44:30.434+0000] {logging_mixin.py:190} INFO - [2024-11-13T19:44:30.433+0000] {dagbag.py:588} INFO - Filling up the DagBag from /home/airflow/.local/lib/python3.12/site-packages/airflow/example_dags/example_display_name.py
[2024-11-13T19:44:30.440+0000] {processor.py:925} INFO - DAG(s) 'example_display_name' retrieved from /home/airflow/.local/lib/python3.12/site-packages/airflow/example_dags/example_display_name.py
[2024-11-13T19:44:30.455+0000] {logging_mixin.py:190} INFO - [2024-11-13T19:44:30.454+0000] {dag.py:3239} INFO - Sync 1 DAGs
[2024-11-13T19:44:30.466+0000] {logging_mixin.py:190} INFO - [2024-11-13T19:44:30.466+0000] {dag.py:4180} INFO - Setting next_dagrun for example_display_name to None, run_after=None
[2024-11-13T19:44:30.480+0000] {processor.py:208} INFO - Processing /home/airflow/.local/lib/python3.12/site-packages/airflow/example_dags/example_display_name.py took 0.053 seconds
[2024-11-13T19:45:00.832+0000] {processor.py:186} INFO - Started process (PID=2757) to work on /home/airflow/.local/lib/python3.12/site-packages/airflow/example_dags/example_display_name.py
[2024-11-13T19:45:00.833+0000] {processor.py:914} INFO - Processing file /home/airflow/.local/lib/python3.12/site-packages/airflow/example_dags/example_display_name.py for tasks to queue
[2024-11-13T19:45:00.835+0000] {logging_mixin.py:190} INFO - [2024-11-13T19:45:00.834+0000] {dagbag.py:588} INFO - Filling up the DagBag from /home/airflow/.local/lib/python3.12/site-packages/airflow/example_dags/example_display_name.py
[2024-11-13T19:45:00.842+0000] {processor.py:925} INFO - DAG(s) 'example_display_name' retrieved from /home/airflow/.local/lib/python3.12/site-packages/airflow/example_dags/example_display_name.py
[2024-11-13T19:45:00.857+0000] {logging_mixin.py:190} INFO - [2024-11-13T19:45:00.857+0000] {dag.py:3239} INFO - Sync 1 DAGs
[2024-11-13T19:45:00.868+0000] {logging_mixin.py:190} INFO - [2024-11-13T19:45:00.868+0000] {dag.py:4180} INFO - Setting next_dagrun for example_display_name to None, run_after=None
[2024-11-13T19:45:00.882+0000] {processor.py:208} INFO - Processing /home/airflow/.local/lib/python3.12/site-packages/airflow/example_dags/example_display_name.py took 0.053 seconds
[2024-11-13T19:45:31.550+0000] {processor.py:186} INFO - Started process (PID=2818) to work on /home/airflow/.local/lib/python3.12/site-packages/airflow/example_dags/example_display_name.py
[2024-11-13T19:45:31.551+0000] {processor.py:914} INFO - Processing file /home/airflow/.local/lib/python3.12/site-packages/airflow/example_dags/example_display_name.py for tasks to queue
[2024-11-13T19:45:31.554+0000] {logging_mixin.py:190} INFO - [2024-11-13T19:45:31.553+0000] {dagbag.py:588} INFO - Filling up the DagBag from /home/airflow/.local/lib/python3.12/site-packages/airflow/example_dags/example_display_name.py
[2024-11-13T19:45:31.560+0000] {processor.py:925} INFO - DAG(s) 'example_display_name' retrieved from /home/airflow/.local/lib/python3.12/site-packages/airflow/example_dags/example_display_name.py
[2024-11-13T19:45:31.574+0000] {logging_mixin.py:190} INFO - [2024-11-13T19:45:31.574+0000] {dag.py:3239} INFO - Sync 1 DAGs
[2024-11-13T19:45:31.584+0000] {logging_mixin.py:190} INFO - [2024-11-13T19:45:31.584+0000] {dag.py:4180} INFO - Setting next_dagrun for example_display_name to None, run_after=None
[2024-11-13T19:45:31.598+0000] {processor.py:208} INFO - Processing /home/airflow/.local/lib/python3.12/site-packages/airflow/example_dags/example_display_name.py took 0.052 seconds
[2024-11-13T19:46:01.772+0000] {processor.py:186} INFO - Started process (PID=2882) to work on /home/airflow/.local/lib/python3.12/site-packages/airflow/example_dags/example_display_name.py
[2024-11-13T19:46:01.773+0000] {processor.py:914} INFO - Processing file /home/airflow/.local/lib/python3.12/site-packages/airflow/example_dags/example_display_name.py for tasks to queue
[2024-11-13T19:46:01.775+0000] {logging_mixin.py:190} INFO - [2024-11-13T19:46:01.774+0000] {dagbag.py:588} INFO - Filling up the DagBag from /home/airflow/.local/lib/python3.12/site-packages/airflow/example_dags/example_display_name.py
[2024-11-13T19:46:01.781+0000] {processor.py:925} INFO - DAG(s) 'example_display_name' retrieved from /home/airflow/.local/lib/python3.12/site-packages/airflow/example_dags/example_display_name.py
[2024-11-13T19:46:01.795+0000] {logging_mixin.py:190} INFO - [2024-11-13T19:46:01.795+0000] {dag.py:3239} INFO - Sync 1 DAGs
[2024-11-13T19:46:01.806+0000] {logging_mixin.py:190} INFO - [2024-11-13T19:46:01.806+0000] {dag.py:4180} INFO - Setting next_dagrun for example_display_name to None, run_after=None
[2024-11-13T19:46:01.820+0000] {processor.py:208} INFO - Processing /home/airflow/.local/lib/python3.12/site-packages/airflow/example_dags/example_display_name.py took 0.051 seconds
[2024-11-13T19:46:32.122+0000] {processor.py:186} INFO - Started process (PID=2945) to work on /home/airflow/.local/lib/python3.12/site-packages/airflow/example_dags/example_display_name.py
[2024-11-13T19:46:32.123+0000] {processor.py:914} INFO - Processing file /home/airflow/.local/lib/python3.12/site-packages/airflow/example_dags/example_display_name.py for tasks to queue
[2024-11-13T19:46:32.124+0000] {logging_mixin.py:190} INFO - [2024-11-13T19:46:32.124+0000] {dagbag.py:588} INFO - Filling up the DagBag from /home/airflow/.local/lib/python3.12/site-packages/airflow/example_dags/example_display_name.py
[2024-11-13T19:46:32.130+0000] {processor.py:925} INFO - DAG(s) 'example_display_name' retrieved from /home/airflow/.local/lib/python3.12/site-packages/airflow/example_dags/example_display_name.py
[2024-11-13T19:46:32.146+0000] {logging_mixin.py:190} INFO - [2024-11-13T19:46:32.146+0000] {dag.py:3239} INFO - Sync 1 DAGs
[2024-11-13T19:46:32.158+0000] {logging_mixin.py:190} INFO - [2024-11-13T19:46:32.158+0000] {dag.py:4180} INFO - Setting next_dagrun for example_display_name to None, run_after=None
[2024-11-13T19:46:32.173+0000] {processor.py:208} INFO - Processing /home/airflow/.local/lib/python3.12/site-packages/airflow/example_dags/example_display_name.py took 0.055 seconds
[2024-11-13T19:47:02.292+0000] {processor.py:186} INFO - Started process (PID=3008) to work on /home/airflow/.local/lib/python3.12/site-packages/airflow/example_dags/example_display_name.py
[2024-11-13T19:47:02.293+0000] {processor.py:914} INFO - Processing file /home/airflow/.local/lib/python3.12/site-packages/airflow/example_dags/example_display_name.py for tasks to queue
[2024-11-13T19:47:02.294+0000] {logging_mixin.py:190} INFO - [2024-11-13T19:47:02.294+0000] {dagbag.py:588} INFO - Filling up the DagBag from /home/airflow/.local/lib/python3.12/site-packages/airflow/example_dags/example_display_name.py
[2024-11-13T19:47:02.301+0000] {processor.py:925} INFO - DAG(s) 'example_display_name' retrieved from /home/airflow/.local/lib/python3.12/site-packages/airflow/example_dags/example_display_name.py
[2024-11-13T19:47:02.315+0000] {logging_mixin.py:190} INFO - [2024-11-13T19:47:02.315+0000] {dag.py:3239} INFO - Sync 1 DAGs
[2024-11-13T19:47:02.326+0000] {logging_mixin.py:190} INFO - [2024-11-13T19:47:02.326+0000] {dag.py:4180} INFO - Setting next_dagrun for example_display_name to None, run_after=None
[2024-11-13T19:47:02.340+0000] {processor.py:208} INFO - Processing /home/airflow/.local/lib/python3.12/site-packages/airflow/example_dags/example_display_name.py took 0.052 seconds
[2024-11-13T19:47:33.495+0000] {processor.py:186} INFO - Started process (PID=3071) to work on /home/airflow/.local/lib/python3.12/site-packages/airflow/example_dags/example_display_name.py
[2024-11-13T19:47:33.496+0000] {processor.py:914} INFO - Processing file /home/airflow/.local/lib/python3.12/site-packages/airflow/example_dags/example_display_name.py for tasks to queue
[2024-11-13T19:47:33.497+0000] {logging_mixin.py:190} INFO - [2024-11-13T19:47:33.497+0000] {dagbag.py:588} INFO - Filling up the DagBag from /home/airflow/.local/lib/python3.12/site-packages/airflow/example_dags/example_display_name.py
[2024-11-13T19:47:33.504+0000] {processor.py:925} INFO - DAG(s) 'example_display_name' retrieved from /home/airflow/.local/lib/python3.12/site-packages/airflow/example_dags/example_display_name.py
[2024-11-13T19:47:33.518+0000] {logging_mixin.py:190} INFO - [2024-11-13T19:47:33.518+0000] {dag.py:3239} INFO - Sync 1 DAGs
[2024-11-13T19:47:33.528+0000] {logging_mixin.py:190} INFO - [2024-11-13T19:47:33.528+0000] {dag.py:4180} INFO - Setting next_dagrun for example_display_name to None, run_after=None
[2024-11-13T19:47:33.675+0000] {processor.py:208} INFO - Processing /home/airflow/.local/lib/python3.12/site-packages/airflow/example_dags/example_display_name.py took 0.184 seconds
[2024-11-13T19:48:03.801+0000] {processor.py:186} INFO - Started process (PID=3134) to work on /home/airflow/.local/lib/python3.12/site-packages/airflow/example_dags/example_display_name.py
[2024-11-13T19:48:03.802+0000] {processor.py:914} INFO - Processing file /home/airflow/.local/lib/python3.12/site-packages/airflow/example_dags/example_display_name.py for tasks to queue
[2024-11-13T19:48:03.804+0000] {logging_mixin.py:190} INFO - [2024-11-13T19:48:03.804+0000] {dagbag.py:588} INFO - Filling up the DagBag from /home/airflow/.local/lib/python3.12/site-packages/airflow/example_dags/example_display_name.py
[2024-11-13T19:48:03.810+0000] {processor.py:925} INFO - DAG(s) 'example_display_name' retrieved from /home/airflow/.local/lib/python3.12/site-packages/airflow/example_dags/example_display_name.py
[2024-11-13T19:48:03.824+0000] {logging_mixin.py:190} INFO - [2024-11-13T19:48:03.824+0000] {dag.py:3239} INFO - Sync 1 DAGs
[2024-11-13T19:48:03.835+0000] {logging_mixin.py:190} INFO - [2024-11-13T19:48:03.835+0000] {dag.py:4180} INFO - Setting next_dagrun for example_display_name to None, run_after=None
[2024-11-13T19:48:03.985+0000] {processor.py:208} INFO - Processing /home/airflow/.local/lib/python3.12/site-packages/airflow/example_dags/example_display_name.py took 0.188 seconds
[2024-11-13T19:48:34.593+0000] {processor.py:186} INFO - Started process (PID=3197) to work on /home/airflow/.local/lib/python3.12/site-packages/airflow/example_dags/example_display_name.py
[2024-11-13T19:48:34.594+0000] {processor.py:914} INFO - Processing file /home/airflow/.local/lib/python3.12/site-packages/airflow/example_dags/example_display_name.py for tasks to queue
[2024-11-13T19:48:34.596+0000] {logging_mixin.py:190} INFO - [2024-11-13T19:48:34.596+0000] {dagbag.py:588} INFO - Filling up the DagBag from /home/airflow/.local/lib/python3.12/site-packages/airflow/example_dags/example_display_name.py
[2024-11-13T19:48:34.601+0000] {processor.py:925} INFO - DAG(s) 'example_display_name' retrieved from /home/airflow/.local/lib/python3.12/site-packages/airflow/example_dags/example_display_name.py
[2024-11-13T19:48:34.616+0000] {logging_mixin.py:190} INFO - [2024-11-13T19:48:34.616+0000] {dag.py:3239} INFO - Sync 1 DAGs
[2024-11-13T19:48:34.628+0000] {logging_mixin.py:190} INFO - [2024-11-13T19:48:34.627+0000] {dag.py:4180} INFO - Setting next_dagrun for example_display_name to None, run_after=None
[2024-11-13T19:48:34.642+0000] {processor.py:208} INFO - Processing /home/airflow/.local/lib/python3.12/site-packages/airflow/example_dags/example_display_name.py took 0.053 seconds
[2024-11-13T19:49:05.540+0000] {processor.py:186} INFO - Started process (PID=3260) to work on /home/airflow/.local/lib/python3.12/site-packages/airflow/example_dags/example_display_name.py
[2024-11-13T19:49:05.541+0000] {processor.py:914} INFO - Processing file /home/airflow/.local/lib/python3.12/site-packages/airflow/example_dags/example_display_name.py for tasks to queue
[2024-11-13T19:49:05.542+0000] {logging_mixin.py:190} INFO - [2024-11-13T19:49:05.542+0000] {dagbag.py:588} INFO - Filling up the DagBag from /home/airflow/.local/lib/python3.12/site-packages/airflow/example_dags/example_display_name.py
[2024-11-13T19:49:05.549+0000] {processor.py:925} INFO - DAG(s) 'example_display_name' retrieved from /home/airflow/.local/lib/python3.12/site-packages/airflow/example_dags/example_display_name.py
[2024-11-13T19:49:05.563+0000] {logging_mixin.py:190} INFO - [2024-11-13T19:49:05.562+0000] {dag.py:3239} INFO - Sync 1 DAGs
[2024-11-13T19:49:05.573+0000] {logging_mixin.py:190} INFO - [2024-11-13T19:49:05.573+0000] {dag.py:4180} INFO - Setting next_dagrun for example_display_name to None, run_after=None
[2024-11-13T19:49:05.588+0000] {processor.py:208} INFO - Processing /home/airflow/.local/lib/python3.12/site-packages/airflow/example_dags/example_display_name.py took 0.053 seconds
[2024-11-13T19:49:36.481+0000] {processor.py:186} INFO - Started process (PID=3323) to work on /home/airflow/.local/lib/python3.12/site-packages/airflow/example_dags/example_display_name.py
[2024-11-13T19:49:36.482+0000] {processor.py:914} INFO - Processing file /home/airflow/.local/lib/python3.12/site-packages/airflow/example_dags/example_display_name.py for tasks to queue
[2024-11-13T19:49:36.484+0000] {logging_mixin.py:190} INFO - [2024-11-13T19:49:36.484+0000] {dagbag.py:588} INFO - Filling up the DagBag from /home/airflow/.local/lib/python3.12/site-packages/airflow/example_dags/example_display_name.py
[2024-11-13T19:49:36.490+0000] {processor.py:925} INFO - DAG(s) 'example_display_name' retrieved from /home/airflow/.local/lib/python3.12/site-packages/airflow/example_dags/example_display_name.py
[2024-11-13T19:49:36.504+0000] {logging_mixin.py:190} INFO - [2024-11-13T19:49:36.504+0000] {dag.py:3239} INFO - Sync 1 DAGs
[2024-11-13T19:49:36.514+0000] {logging_mixin.py:190} INFO - [2024-11-13T19:49:36.514+0000] {dag.py:4180} INFO - Setting next_dagrun for example_display_name to None, run_after=None
[2024-11-13T19:49:36.527+0000] {processor.py:208} INFO - Processing /home/airflow/.local/lib/python3.12/site-packages/airflow/example_dags/example_display_name.py took 0.051 seconds
[2024-11-13T19:50:07.366+0000] {processor.py:186} INFO - Started process (PID=3386) to work on /home/airflow/.local/lib/python3.12/site-packages/airflow/example_dags/example_display_name.py
[2024-11-13T19:50:07.367+0000] {processor.py:914} INFO - Processing file /home/airflow/.local/lib/python3.12/site-packages/airflow/example_dags/example_display_name.py for tasks to queue
[2024-11-13T19:50:07.368+0000] {logging_mixin.py:190} INFO - [2024-11-13T19:50:07.368+0000] {dagbag.py:588} INFO - Filling up the DagBag from /home/airflow/.local/lib/python3.12/site-packages/airflow/example_dags/example_display_name.py
[2024-11-13T19:50:07.374+0000] {processor.py:925} INFO - DAG(s) 'example_display_name' retrieved from /home/airflow/.local/lib/python3.12/site-packages/airflow/example_dags/example_display_name.py
[2024-11-13T19:50:07.388+0000] {logging_mixin.py:190} INFO - [2024-11-13T19:50:07.388+0000] {dag.py:3239} INFO - Sync 1 DAGs
[2024-11-13T19:50:07.399+0000] {logging_mixin.py:190} INFO - [2024-11-13T19:50:07.399+0000] {dag.py:4180} INFO - Setting next_dagrun for example_display_name to None, run_after=None
[2024-11-13T19:50:07.412+0000] {processor.py:208} INFO - Processing /home/airflow/.local/lib/python3.12/site-packages/airflow/example_dags/example_display_name.py took 0.050 seconds
[2024-11-13T19:50:37.607+0000] {processor.py:186} INFO - Started process (PID=3449) to work on /home/airflow/.local/lib/python3.12/site-packages/airflow/example_dags/example_display_name.py
[2024-11-13T19:50:37.608+0000] {processor.py:914} INFO - Processing file /home/airflow/.local/lib/python3.12/site-packages/airflow/example_dags/example_display_name.py for tasks to queue
[2024-11-13T19:50:37.610+0000] {logging_mixin.py:190} INFO - [2024-11-13T19:50:37.610+0000] {dagbag.py:588} INFO - Filling up the DagBag from /home/airflow/.local/lib/python3.12/site-packages/airflow/example_dags/example_display_name.py
[2024-11-13T19:50:37.615+0000] {processor.py:925} INFO - DAG(s) 'example_display_name' retrieved from /home/airflow/.local/lib/python3.12/site-packages/airflow/example_dags/example_display_name.py
[2024-11-13T19:50:37.629+0000] {logging_mixin.py:190} INFO - [2024-11-13T19:50:37.629+0000] {dag.py:3239} INFO - Sync 1 DAGs
[2024-11-13T19:50:37.640+0000] {logging_mixin.py:190} INFO - [2024-11-13T19:50:37.639+0000] {dag.py:4180} INFO - Setting next_dagrun for example_display_name to None, run_after=None
[2024-11-13T19:50:37.653+0000] {processor.py:208} INFO - Processing /home/airflow/.local/lib/python3.12/site-packages/airflow/example_dags/example_display_name.py took 0.051 seconds
[2024-11-13T19:51:07.774+0000] {processor.py:186} INFO - Started process (PID=3512) to work on /home/airflow/.local/lib/python3.12/site-packages/airflow/example_dags/example_display_name.py
[2024-11-13T19:51:07.775+0000] {processor.py:914} INFO - Processing file /home/airflow/.local/lib/python3.12/site-packages/airflow/example_dags/example_display_name.py for tasks to queue
[2024-11-13T19:51:07.776+0000] {logging_mixin.py:190} INFO - [2024-11-13T19:51:07.776+0000] {dagbag.py:588} INFO - Filling up the DagBag from /home/airflow/.local/lib/python3.12/site-packages/airflow/example_dags/example_display_name.py
[2024-11-13T19:51:07.782+0000] {processor.py:925} INFO - DAG(s) 'example_display_name' retrieved from /home/airflow/.local/lib/python3.12/site-packages/airflow/example_dags/example_display_name.py
[2024-11-13T19:51:07.796+0000] {logging_mixin.py:190} INFO - [2024-11-13T19:51:07.795+0000] {dag.py:3239} INFO - Sync 1 DAGs
[2024-11-13T19:51:07.807+0000] {logging_mixin.py:190} INFO - [2024-11-13T19:51:07.807+0000] {dag.py:4180} INFO - Setting next_dagrun for example_display_name to None, run_after=None
[2024-11-13T19:51:07.821+0000] {processor.py:208} INFO - Processing /home/airflow/.local/lib/python3.12/site-packages/airflow/example_dags/example_display_name.py took 0.051 seconds
[2024-11-13T19:51:38.011+0000] {processor.py:186} INFO - Started process (PID=3575) to work on /home/airflow/.local/lib/python3.12/site-packages/airflow/example_dags/example_display_name.py
[2024-11-13T19:51:38.012+0000] {processor.py:914} INFO - Processing file /home/airflow/.local/lib/python3.12/site-packages/airflow/example_dags/example_display_name.py for tasks to queue
[2024-11-13T19:51:38.014+0000] {logging_mixin.py:190} INFO - [2024-11-13T19:51:38.013+0000] {dagbag.py:588} INFO - Filling up the DagBag from /home/airflow/.local/lib/python3.12/site-packages/airflow/example_dags/example_display_name.py
[2024-11-13T19:51:38.020+0000] {processor.py:925} INFO - DAG(s) 'example_display_name' retrieved from /home/airflow/.local/lib/python3.12/site-packages/airflow/example_dags/example_display_name.py
[2024-11-13T19:51:38.035+0000] {logging_mixin.py:190} INFO - [2024-11-13T19:51:38.035+0000] {dag.py:3239} INFO - Sync 1 DAGs
[2024-11-13T19:51:38.046+0000] {logging_mixin.py:190} INFO - [2024-11-13T19:51:38.046+0000] {dag.py:4180} INFO - Setting next_dagrun for example_display_name to None, run_after=None
[2024-11-13T19:51:38.061+0000] {processor.py:208} INFO - Processing /home/airflow/.local/lib/python3.12/site-packages/airflow/example_dags/example_display_name.py took 0.055 seconds
[2024-11-13T19:52:08.212+0000] {processor.py:186} INFO - Started process (PID=3638) to work on /home/airflow/.local/lib/python3.12/site-packages/airflow/example_dags/example_display_name.py
[2024-11-13T19:52:08.212+0000] {processor.py:914} INFO - Processing file /home/airflow/.local/lib/python3.12/site-packages/airflow/example_dags/example_display_name.py for tasks to queue
[2024-11-13T19:52:08.214+0000] {logging_mixin.py:190} INFO - [2024-11-13T19:52:08.214+0000] {dagbag.py:588} INFO - Filling up the DagBag from /home/airflow/.local/lib/python3.12/site-packages/airflow/example_dags/example_display_name.py
[2024-11-13T19:52:08.219+0000] {processor.py:925} INFO - DAG(s) 'example_display_name' retrieved from /home/airflow/.local/lib/python3.12/site-packages/airflow/example_dags/example_display_name.py
[2024-11-13T19:52:08.233+0000] {logging_mixin.py:190} INFO - [2024-11-13T19:52:08.233+0000] {dag.py:3239} INFO - Sync 1 DAGs
[2024-11-13T19:52:08.243+0000] {logging_mixin.py:190} INFO - [2024-11-13T19:52:08.242+0000] {dag.py:4180} INFO - Setting next_dagrun for example_display_name to None, run_after=None
[2024-11-13T19:52:08.257+0000] {processor.py:208} INFO - Processing /home/airflow/.local/lib/python3.12/site-packages/airflow/example_dags/example_display_name.py took 0.049 seconds
[2024-11-13T19:52:38.465+0000] {processor.py:186} INFO - Started process (PID=3701) to work on /home/airflow/.local/lib/python3.12/site-packages/airflow/example_dags/example_display_name.py
[2024-11-13T19:52:38.465+0000] {processor.py:914} INFO - Processing file /home/airflow/.local/lib/python3.12/site-packages/airflow/example_dags/example_display_name.py for tasks to queue
[2024-11-13T19:52:38.467+0000] {logging_mixin.py:190} INFO - [2024-11-13T19:52:38.467+0000] {dagbag.py:588} INFO - Filling up the DagBag from /home/airflow/.local/lib/python3.12/site-packages/airflow/example_dags/example_display_name.py
[2024-11-13T19:52:38.473+0000] {processor.py:925} INFO - DAG(s) 'example_display_name' retrieved from /home/airflow/.local/lib/python3.12/site-packages/airflow/example_dags/example_display_name.py
[2024-11-13T19:52:38.488+0000] {logging_mixin.py:190} INFO - [2024-11-13T19:52:38.488+0000] {dag.py:3239} INFO - Sync 1 DAGs
[2024-11-13T19:52:38.498+0000] {logging_mixin.py:190} INFO - [2024-11-13T19:52:38.498+0000] {dag.py:4180} INFO - Setting next_dagrun for example_display_name to None, run_after=None
[2024-11-13T19:52:38.513+0000] {processor.py:208} INFO - Processing /home/airflow/.local/lib/python3.12/site-packages/airflow/example_dags/example_display_name.py took 0.053 seconds
