[2024-11-13T19:23:18.772+0000] {processor.py:186} INFO - Started process (PID=92) to work on /home/airflow/.local/lib/python3.12/site-packages/airflow/example_dags/example_branch_python_dop_operator_3.py
[2024-11-13T19:23:18.772+0000] {processor.py:914} INFO - Processing file /home/airflow/.local/lib/python3.12/site-packages/airflow/example_dags/example_branch_python_dop_operator_3.py for tasks to queue
[2024-11-13T19:23:18.774+0000] {logging_mixin.py:190} INFO - [2024-11-13T19:23:18.774+0000] {dagbag.py:588} INFO - Filling up the DagBag from /home/airflow/.local/lib/python3.12/site-packages/airflow/example_dags/example_branch_python_dop_operator_3.py
[2024-11-13T19:23:18.783+0000] {processor.py:925} INFO - DAG(s) 'example_branch_dop_operator_v3' retrieved from /home/airflow/.local/lib/python3.12/site-packages/airflow/example_dags/example_branch_python_dop_operator_3.py
[2024-11-13T19:23:18.854+0000] {logging_mixin.py:190} INFO - [2024-11-13T19:23:18.854+0000] {override.py:1911} INFO - Created Permission View: can edit on DAG:example_branch_dop_operator_v3
[2024-11-13T19:23:18.862+0000] {logging_mixin.py:190} INFO - [2024-11-13T19:23:18.862+0000] {override.py:1911} INFO - Created Permission View: can read on DAG:example_branch_dop_operator_v3
[2024-11-13T19:23:18.867+0000] {logging_mixin.py:190} INFO - [2024-11-13T19:23:18.866+0000] {override.py:1911} INFO - Created Permission View: can delete on DAG:example_branch_dop_operator_v3
[2024-11-13T19:23:18.874+0000] {logging_mixin.py:190} INFO - [2024-11-13T19:23:18.874+0000] {override.py:1911} INFO - Created Permission View: can delete on DAG Run:example_branch_dop_operator_v3
[2024-11-13T19:23:18.881+0000] {logging_mixin.py:190} INFO - [2024-11-13T19:23:18.881+0000] {override.py:1911} INFO - Created Permission View: can read on DAG Run:example_branch_dop_operator_v3
[2024-11-13T19:23:18.886+0000] {logging_mixin.py:190} INFO - [2024-11-13T19:23:18.886+0000] {override.py:1911} INFO - Created Permission View: menu access on DAG Run:example_branch_dop_operator_v3
[2024-11-13T19:23:18.891+0000] {logging_mixin.py:190} INFO - [2024-11-13T19:23:18.891+0000] {override.py:1911} INFO - Created Permission View: can create on DAG Run:example_branch_dop_operator_v3
[2024-11-13T19:23:18.891+0000] {logging_mixin.py:190} INFO - [2024-11-13T19:23:18.891+0000] {dag.py:3239} INFO - Sync 1 DAGs
[2024-11-13T19:23:18.901+0000] {logging_mixin.py:190} INFO - [2024-11-13T19:23:18.901+0000] {dag.py:3262} INFO - Creating ORM DAG for example_branch_dop_operator_v3
[2024-11-13T19:23:18.911+0000] {logging_mixin.py:190} INFO - [2024-11-13T19:23:18.910+0000] {dag.py:4180} INFO - Setting next_dagrun for example_branch_dop_operator_v3 to 2024-11-13 19:22:00+00:00, run_after=2024-11-13 19:23:00+00:00
[2024-11-13T19:23:18.923+0000] {processor.py:208} INFO - Processing /home/airflow/.local/lib/python3.12/site-packages/airflow/example_dags/example_branch_python_dop_operator_3.py took 0.156 seconds
[2024-11-13T19:23:49.071+0000] {processor.py:186} INFO - Started process (PID=160) to work on /home/airflow/.local/lib/python3.12/site-packages/airflow/example_dags/example_branch_python_dop_operator_3.py
[2024-11-13T19:23:49.071+0000] {processor.py:914} INFO - Processing file /home/airflow/.local/lib/python3.12/site-packages/airflow/example_dags/example_branch_python_dop_operator_3.py for tasks to queue
[2024-11-13T19:23:49.073+0000] {logging_mixin.py:190} INFO - [2024-11-13T19:23:49.073+0000] {dagbag.py:588} INFO - Filling up the DagBag from /home/airflow/.local/lib/python3.12/site-packages/airflow/example_dags/example_branch_python_dop_operator_3.py
[2024-11-13T19:23:49.081+0000] {processor.py:925} INFO - DAG(s) 'example_branch_dop_operator_v3' retrieved from /home/airflow/.local/lib/python3.12/site-packages/airflow/example_dags/example_branch_python_dop_operator_3.py
[2024-11-13T19:23:49.095+0000] {logging_mixin.py:190} INFO - [2024-11-13T19:23:49.095+0000] {dag.py:3239} INFO - Sync 1 DAGs
[2024-11-13T19:23:49.113+0000] {logging_mixin.py:190} INFO - [2024-11-13T19:23:49.113+0000] {dag.py:4180} INFO - Setting next_dagrun for example_branch_dop_operator_v3 to 2024-11-13 19:22:00+00:00, run_after=2024-11-13 19:23:00+00:00
[2024-11-13T19:23:49.125+0000] {processor.py:208} INFO - Processing /home/airflow/.local/lib/python3.12/site-packages/airflow/example_dags/example_branch_python_dop_operator_3.py took 0.058 seconds
[2024-11-13T19:24:19.256+0000] {processor.py:186} INFO - Started process (PID=222) to work on /home/airflow/.local/lib/python3.12/site-packages/airflow/example_dags/example_branch_python_dop_operator_3.py
[2024-11-13T19:24:19.257+0000] {processor.py:914} INFO - Processing file /home/airflow/.local/lib/python3.12/site-packages/airflow/example_dags/example_branch_python_dop_operator_3.py for tasks to queue
[2024-11-13T19:24:19.259+0000] {logging_mixin.py:190} INFO - [2024-11-13T19:24:19.259+0000] {dagbag.py:588} INFO - Filling up the DagBag from /home/airflow/.local/lib/python3.12/site-packages/airflow/example_dags/example_branch_python_dop_operator_3.py
[2024-11-13T19:24:19.267+0000] {processor.py:925} INFO - DAG(s) 'example_branch_dop_operator_v3' retrieved from /home/airflow/.local/lib/python3.12/site-packages/airflow/example_dags/example_branch_python_dop_operator_3.py
[2024-11-13T19:24:19.286+0000] {logging_mixin.py:190} INFO - [2024-11-13T19:24:19.286+0000] {dag.py:3239} INFO - Sync 1 DAGs
[2024-11-13T19:24:19.305+0000] {logging_mixin.py:190} INFO - [2024-11-13T19:24:19.305+0000] {dag.py:4180} INFO - Setting next_dagrun for example_branch_dop_operator_v3 to 2024-11-13 19:23:00+00:00, run_after=2024-11-13 19:24:00+00:00
[2024-11-13T19:24:19.318+0000] {processor.py:208} INFO - Processing /home/airflow/.local/lib/python3.12/site-packages/airflow/example_dags/example_branch_python_dop_operator_3.py took 0.066 seconds
[2024-11-13T19:24:50.656+0000] {processor.py:186} INFO - Started process (PID=286) to work on /home/airflow/.local/lib/python3.12/site-packages/airflow/example_dags/example_branch_python_dop_operator_3.py
[2024-11-13T19:24:50.657+0000] {processor.py:914} INFO - Processing file /home/airflow/.local/lib/python3.12/site-packages/airflow/example_dags/example_branch_python_dop_operator_3.py for tasks to queue
[2024-11-13T19:24:50.658+0000] {logging_mixin.py:190} INFO - [2024-11-13T19:24:50.658+0000] {dagbag.py:588} INFO - Filling up the DagBag from /home/airflow/.local/lib/python3.12/site-packages/airflow/example_dags/example_branch_python_dop_operator_3.py
[2024-11-13T19:24:50.665+0000] {processor.py:925} INFO - DAG(s) 'example_branch_dop_operator_v3' retrieved from /home/airflow/.local/lib/python3.12/site-packages/airflow/example_dags/example_branch_python_dop_operator_3.py
[2024-11-13T19:24:50.680+0000] {logging_mixin.py:190} INFO - [2024-11-13T19:24:50.680+0000] {dag.py:3239} INFO - Sync 1 DAGs
[2024-11-13T19:24:50.698+0000] {logging_mixin.py:190} INFO - [2024-11-13T19:24:50.698+0000] {dag.py:4180} INFO - Setting next_dagrun for example_branch_dop_operator_v3 to 2024-11-13 19:23:00+00:00, run_after=2024-11-13 19:24:00+00:00
[2024-11-13T19:24:50.711+0000] {processor.py:208} INFO - Processing /home/airflow/.local/lib/python3.12/site-packages/airflow/example_dags/example_branch_python_dop_operator_3.py took 0.059 seconds
[2024-11-13T19:25:22.399+0000] {processor.py:186} INFO - Started process (PID=350) to work on /home/airflow/.local/lib/python3.12/site-packages/airflow/example_dags/example_branch_python_dop_operator_3.py
[2024-11-13T19:25:22.400+0000] {processor.py:914} INFO - Processing file /home/airflow/.local/lib/python3.12/site-packages/airflow/example_dags/example_branch_python_dop_operator_3.py for tasks to queue
[2024-11-13T19:25:22.402+0000] {logging_mixin.py:190} INFO - [2024-11-13T19:25:22.402+0000] {dagbag.py:588} INFO - Filling up the DagBag from /home/airflow/.local/lib/python3.12/site-packages/airflow/example_dags/example_branch_python_dop_operator_3.py
[2024-11-13T19:25:22.415+0000] {processor.py:925} INFO - DAG(s) 'example_branch_dop_operator_v3' retrieved from /home/airflow/.local/lib/python3.12/site-packages/airflow/example_dags/example_branch_python_dop_operator_3.py
[2024-11-13T19:25:22.438+0000] {logging_mixin.py:190} INFO - [2024-11-13T19:25:22.438+0000] {dag.py:3239} INFO - Sync 1 DAGs
[2024-11-13T19:25:22.465+0000] {logging_mixin.py:190} INFO - [2024-11-13T19:25:22.464+0000] {dag.py:4180} INFO - Setting next_dagrun for example_branch_dop_operator_v3 to 2024-11-13 19:24:00+00:00, run_after=2024-11-13 19:25:00+00:00
[2024-11-13T19:25:22.484+0000] {processor.py:208} INFO - Processing /home/airflow/.local/lib/python3.12/site-packages/airflow/example_dags/example_branch_python_dop_operator_3.py took 0.090 seconds
[2024-11-13T19:25:53.329+0000] {processor.py:186} INFO - Started process (PID=412) to work on /home/airflow/.local/lib/python3.12/site-packages/airflow/example_dags/example_branch_python_dop_operator_3.py
[2024-11-13T19:25:53.330+0000] {processor.py:914} INFO - Processing file /home/airflow/.local/lib/python3.12/site-packages/airflow/example_dags/example_branch_python_dop_operator_3.py for tasks to queue
[2024-11-13T19:25:53.331+0000] {logging_mixin.py:190} INFO - [2024-11-13T19:25:53.331+0000] {dagbag.py:588} INFO - Filling up the DagBag from /home/airflow/.local/lib/python3.12/site-packages/airflow/example_dags/example_branch_python_dop_operator_3.py
[2024-11-13T19:25:53.339+0000] {processor.py:925} INFO - DAG(s) 'example_branch_dop_operator_v3' retrieved from /home/airflow/.local/lib/python3.12/site-packages/airflow/example_dags/example_branch_python_dop_operator_3.py
[2024-11-13T19:25:53.352+0000] {logging_mixin.py:190} INFO - [2024-11-13T19:25:53.352+0000] {dag.py:3239} INFO - Sync 1 DAGs
[2024-11-13T19:25:53.375+0000] {logging_mixin.py:190} INFO - [2024-11-13T19:25:53.374+0000] {dag.py:4180} INFO - Setting next_dagrun for example_branch_dop_operator_v3 to 2024-11-13 19:24:00+00:00, run_after=2024-11-13 19:25:00+00:00
[2024-11-13T19:25:53.387+0000] {processor.py:208} INFO - Processing /home/airflow/.local/lib/python3.12/site-packages/airflow/example_dags/example_branch_python_dop_operator_3.py took 0.063 seconds
[2024-11-13T19:26:24.516+0000] {processor.py:186} INFO - Started process (PID=475) to work on /home/airflow/.local/lib/python3.12/site-packages/airflow/example_dags/example_branch_python_dop_operator_3.py
[2024-11-13T19:26:24.517+0000] {processor.py:914} INFO - Processing file /home/airflow/.local/lib/python3.12/site-packages/airflow/example_dags/example_branch_python_dop_operator_3.py for tasks to queue
[2024-11-13T19:26:24.519+0000] {logging_mixin.py:190} INFO - [2024-11-13T19:26:24.519+0000] {dagbag.py:588} INFO - Filling up the DagBag from /home/airflow/.local/lib/python3.12/site-packages/airflow/example_dags/example_branch_python_dop_operator_3.py
[2024-11-13T19:26:24.528+0000] {processor.py:925} INFO - DAG(s) 'example_branch_dop_operator_v3' retrieved from /home/airflow/.local/lib/python3.12/site-packages/airflow/example_dags/example_branch_python_dop_operator_3.py
[2024-11-13T19:26:24.543+0000] {logging_mixin.py:190} INFO - [2024-11-13T19:26:24.543+0000] {dag.py:3239} INFO - Sync 1 DAGs
[2024-11-13T19:26:24.566+0000] {logging_mixin.py:190} INFO - [2024-11-13T19:26:24.565+0000] {dag.py:4180} INFO - Setting next_dagrun for example_branch_dop_operator_v3 to 2024-11-13 19:25:00+00:00, run_after=2024-11-13 19:26:00+00:00
[2024-11-13T19:26:24.584+0000] {processor.py:208} INFO - Processing /home/airflow/.local/lib/python3.12/site-packages/airflow/example_dags/example_branch_python_dop_operator_3.py took 0.072 seconds
[2024-11-13T19:26:55.734+0000] {processor.py:186} INFO - Started process (PID=538) to work on /home/airflow/.local/lib/python3.12/site-packages/airflow/example_dags/example_branch_python_dop_operator_3.py
[2024-11-13T19:26:55.735+0000] {processor.py:914} INFO - Processing file /home/airflow/.local/lib/python3.12/site-packages/airflow/example_dags/example_branch_python_dop_operator_3.py for tasks to queue
[2024-11-13T19:26:55.736+0000] {logging_mixin.py:190} INFO - [2024-11-13T19:26:55.736+0000] {dagbag.py:588} INFO - Filling up the DagBag from /home/airflow/.local/lib/python3.12/site-packages/airflow/example_dags/example_branch_python_dop_operator_3.py
[2024-11-13T19:26:55.743+0000] {processor.py:925} INFO - DAG(s) 'example_branch_dop_operator_v3' retrieved from /home/airflow/.local/lib/python3.12/site-packages/airflow/example_dags/example_branch_python_dop_operator_3.py
[2024-11-13T19:26:55.756+0000] {logging_mixin.py:190} INFO - [2024-11-13T19:26:55.756+0000] {dag.py:3239} INFO - Sync 1 DAGs
[2024-11-13T19:26:55.773+0000] {logging_mixin.py:190} INFO - [2024-11-13T19:26:55.773+0000] {dag.py:4180} INFO - Setting next_dagrun for example_branch_dop_operator_v3 to 2024-11-13 19:25:00+00:00, run_after=2024-11-13 19:26:00+00:00
[2024-11-13T19:26:55.785+0000] {processor.py:208} INFO - Processing /home/airflow/.local/lib/python3.12/site-packages/airflow/example_dags/example_branch_python_dop_operator_3.py took 0.055 seconds
[2024-11-13T19:27:27.084+0000] {processor.py:186} INFO - Started process (PID=601) to work on /home/airflow/.local/lib/python3.12/site-packages/airflow/example_dags/example_branch_python_dop_operator_3.py
[2024-11-13T19:27:27.085+0000] {processor.py:914} INFO - Processing file /home/airflow/.local/lib/python3.12/site-packages/airflow/example_dags/example_branch_python_dop_operator_3.py for tasks to queue
[2024-11-13T19:27:27.087+0000] {logging_mixin.py:190} INFO - [2024-11-13T19:27:27.086+0000] {dagbag.py:588} INFO - Filling up the DagBag from /home/airflow/.local/lib/python3.12/site-packages/airflow/example_dags/example_branch_python_dop_operator_3.py
[2024-11-13T19:27:27.094+0000] {processor.py:925} INFO - DAG(s) 'example_branch_dop_operator_v3' retrieved from /home/airflow/.local/lib/python3.12/site-packages/airflow/example_dags/example_branch_python_dop_operator_3.py
[2024-11-13T19:27:27.108+0000] {logging_mixin.py:190} INFO - [2024-11-13T19:27:27.107+0000] {dag.py:3239} INFO - Sync 1 DAGs
[2024-11-13T19:27:27.126+0000] {logging_mixin.py:190} INFO - [2024-11-13T19:27:27.125+0000] {dag.py:4180} INFO - Setting next_dagrun for example_branch_dop_operator_v3 to 2024-11-13 19:26:00+00:00, run_after=2024-11-13 19:27:00+00:00
[2024-11-13T19:27:27.139+0000] {processor.py:208} INFO - Processing /home/airflow/.local/lib/python3.12/site-packages/airflow/example_dags/example_branch_python_dop_operator_3.py took 0.059 seconds
[2024-11-13T19:27:58.227+0000] {processor.py:186} INFO - Started process (PID=664) to work on /home/airflow/.local/lib/python3.12/site-packages/airflow/example_dags/example_branch_python_dop_operator_3.py
[2024-11-13T19:27:58.227+0000] {processor.py:914} INFO - Processing file /home/airflow/.local/lib/python3.12/site-packages/airflow/example_dags/example_branch_python_dop_operator_3.py for tasks to queue
[2024-11-13T19:27:58.229+0000] {logging_mixin.py:190} INFO - [2024-11-13T19:27:58.229+0000] {dagbag.py:588} INFO - Filling up the DagBag from /home/airflow/.local/lib/python3.12/site-packages/airflow/example_dags/example_branch_python_dop_operator_3.py
[2024-11-13T19:27:58.236+0000] {processor.py:925} INFO - DAG(s) 'example_branch_dop_operator_v3' retrieved from /home/airflow/.local/lib/python3.12/site-packages/airflow/example_dags/example_branch_python_dop_operator_3.py
[2024-11-13T19:27:58.250+0000] {logging_mixin.py:190} INFO - [2024-11-13T19:27:58.250+0000] {dag.py:3239} INFO - Sync 1 DAGs
[2024-11-13T19:27:58.268+0000] {logging_mixin.py:190} INFO - [2024-11-13T19:27:58.268+0000] {dag.py:4180} INFO - Setting next_dagrun for example_branch_dop_operator_v3 to 2024-11-13 19:26:00+00:00, run_after=2024-11-13 19:27:00+00:00
[2024-11-13T19:27:58.280+0000] {processor.py:208} INFO - Processing /home/airflow/.local/lib/python3.12/site-packages/airflow/example_dags/example_branch_python_dop_operator_3.py took 0.057 seconds
[2024-11-13T19:28:28.777+0000] {processor.py:186} INFO - Started process (PID=727) to work on /home/airflow/.local/lib/python3.12/site-packages/airflow/example_dags/example_branch_python_dop_operator_3.py
[2024-11-13T19:28:28.778+0000] {processor.py:914} INFO - Processing file /home/airflow/.local/lib/python3.12/site-packages/airflow/example_dags/example_branch_python_dop_operator_3.py for tasks to queue
[2024-11-13T19:28:28.780+0000] {logging_mixin.py:190} INFO - [2024-11-13T19:28:28.780+0000] {dagbag.py:588} INFO - Filling up the DagBag from /home/airflow/.local/lib/python3.12/site-packages/airflow/example_dags/example_branch_python_dop_operator_3.py
[2024-11-13T19:28:28.787+0000] {processor.py:925} INFO - DAG(s) 'example_branch_dop_operator_v3' retrieved from /home/airflow/.local/lib/python3.12/site-packages/airflow/example_dags/example_branch_python_dop_operator_3.py
[2024-11-13T19:28:28.801+0000] {logging_mixin.py:190} INFO - [2024-11-13T19:28:28.801+0000] {dag.py:3239} INFO - Sync 1 DAGs
[2024-11-13T19:28:28.818+0000] {logging_mixin.py:190} INFO - [2024-11-13T19:28:28.818+0000] {dag.py:4180} INFO - Setting next_dagrun for example_branch_dop_operator_v3 to 2024-11-13 19:27:00+00:00, run_after=2024-11-13 19:28:00+00:00
[2024-11-13T19:28:28.831+0000] {processor.py:208} INFO - Processing /home/airflow/.local/lib/python3.12/site-packages/airflow/example_dags/example_branch_python_dop_operator_3.py took 0.058 seconds
[2024-11-13T19:28:59.339+0000] {processor.py:186} INFO - Started process (PID=790) to work on /home/airflow/.local/lib/python3.12/site-packages/airflow/example_dags/example_branch_python_dop_operator_3.py
[2024-11-13T19:28:59.340+0000] {processor.py:914} INFO - Processing file /home/airflow/.local/lib/python3.12/site-packages/airflow/example_dags/example_branch_python_dop_operator_3.py for tasks to queue
[2024-11-13T19:28:59.341+0000] {logging_mixin.py:190} INFO - [2024-11-13T19:28:59.341+0000] {dagbag.py:588} INFO - Filling up the DagBag from /home/airflow/.local/lib/python3.12/site-packages/airflow/example_dags/example_branch_python_dop_operator_3.py
[2024-11-13T19:28:59.349+0000] {processor.py:925} INFO - DAG(s) 'example_branch_dop_operator_v3' retrieved from /home/airflow/.local/lib/python3.12/site-packages/airflow/example_dags/example_branch_python_dop_operator_3.py
[2024-11-13T19:28:59.362+0000] {logging_mixin.py:190} INFO - [2024-11-13T19:28:59.362+0000] {dag.py:3239} INFO - Sync 1 DAGs
[2024-11-13T19:28:59.380+0000] {logging_mixin.py:190} INFO - [2024-11-13T19:28:59.380+0000] {dag.py:4180} INFO - Setting next_dagrun for example_branch_dop_operator_v3 to 2024-11-13 19:27:00+00:00, run_after=2024-11-13 19:28:00+00:00
[2024-11-13T19:28:59.394+0000] {processor.py:208} INFO - Processing /home/airflow/.local/lib/python3.12/site-packages/airflow/example_dags/example_branch_python_dop_operator_3.py took 0.059 seconds
[2024-11-13T19:29:30.528+0000] {processor.py:186} INFO - Started process (PID=853) to work on /home/airflow/.local/lib/python3.12/site-packages/airflow/example_dags/example_branch_python_dop_operator_3.py
[2024-11-13T19:29:30.529+0000] {processor.py:914} INFO - Processing file /home/airflow/.local/lib/python3.12/site-packages/airflow/example_dags/example_branch_python_dop_operator_3.py for tasks to queue
[2024-11-13T19:29:30.531+0000] {logging_mixin.py:190} INFO - [2024-11-13T19:29:30.531+0000] {dagbag.py:588} INFO - Filling up the DagBag from /home/airflow/.local/lib/python3.12/site-packages/airflow/example_dags/example_branch_python_dop_operator_3.py
[2024-11-13T19:29:30.538+0000] {processor.py:925} INFO - DAG(s) 'example_branch_dop_operator_v3' retrieved from /home/airflow/.local/lib/python3.12/site-packages/airflow/example_dags/example_branch_python_dop_operator_3.py
[2024-11-13T19:29:30.552+0000] {logging_mixin.py:190} INFO - [2024-11-13T19:29:30.551+0000] {dag.py:3239} INFO - Sync 1 DAGs
[2024-11-13T19:29:30.569+0000] {logging_mixin.py:190} INFO - [2024-11-13T19:29:30.569+0000] {dag.py:4180} INFO - Setting next_dagrun for example_branch_dop_operator_v3 to 2024-11-13 19:28:00+00:00, run_after=2024-11-13 19:29:00+00:00
[2024-11-13T19:29:30.582+0000] {processor.py:208} INFO - Processing /home/airflow/.local/lib/python3.12/site-packages/airflow/example_dags/example_branch_python_dop_operator_3.py took 0.058 seconds
[2024-11-13T19:30:02.005+0000] {processor.py:186} INFO - Started process (PID=917) to work on /home/airflow/.local/lib/python3.12/site-packages/airflow/example_dags/example_branch_python_dop_operator_3.py
[2024-11-13T19:30:02.007+0000] {processor.py:914} INFO - Processing file /home/airflow/.local/lib/python3.12/site-packages/airflow/example_dags/example_branch_python_dop_operator_3.py for tasks to queue
[2024-11-13T19:30:02.008+0000] {logging_mixin.py:190} INFO - [2024-11-13T19:30:02.008+0000] {dagbag.py:588} INFO - Filling up the DagBag from /home/airflow/.local/lib/python3.12/site-packages/airflow/example_dags/example_branch_python_dop_operator_3.py
[2024-11-13T19:30:02.016+0000] {processor.py:925} INFO - DAG(s) 'example_branch_dop_operator_v3' retrieved from /home/airflow/.local/lib/python3.12/site-packages/airflow/example_dags/example_branch_python_dop_operator_3.py
[2024-11-13T19:30:02.033+0000] {logging_mixin.py:190} INFO - [2024-11-13T19:30:02.033+0000] {dag.py:3239} INFO - Sync 1 DAGs
[2024-11-13T19:30:02.052+0000] {logging_mixin.py:190} INFO - [2024-11-13T19:30:02.052+0000] {dag.py:4180} INFO - Setting next_dagrun for example_branch_dop_operator_v3 to 2024-11-13 19:29:00+00:00, run_after=2024-11-13 19:30:00+00:00
[2024-11-13T19:30:02.068+0000] {processor.py:208} INFO - Processing /home/airflow/.local/lib/python3.12/site-packages/airflow/example_dags/example_branch_python_dop_operator_3.py took 0.067 seconds
[2024-11-13T19:30:33.271+0000] {processor.py:186} INFO - Started process (PID=980) to work on /home/airflow/.local/lib/python3.12/site-packages/airflow/example_dags/example_branch_python_dop_operator_3.py
[2024-11-13T19:30:33.271+0000] {processor.py:914} INFO - Processing file /home/airflow/.local/lib/python3.12/site-packages/airflow/example_dags/example_branch_python_dop_operator_3.py for tasks to queue
[2024-11-13T19:30:33.273+0000] {logging_mixin.py:190} INFO - [2024-11-13T19:30:33.273+0000] {dagbag.py:588} INFO - Filling up the DagBag from /home/airflow/.local/lib/python3.12/site-packages/airflow/example_dags/example_branch_python_dop_operator_3.py
[2024-11-13T19:30:33.281+0000] {processor.py:925} INFO - DAG(s) 'example_branch_dop_operator_v3' retrieved from /home/airflow/.local/lib/python3.12/site-packages/airflow/example_dags/example_branch_python_dop_operator_3.py
[2024-11-13T19:30:33.296+0000] {logging_mixin.py:190} INFO - [2024-11-13T19:30:33.296+0000] {dag.py:3239} INFO - Sync 1 DAGs
[2024-11-13T19:30:33.315+0000] {logging_mixin.py:190} INFO - [2024-11-13T19:30:33.315+0000] {dag.py:4180} INFO - Setting next_dagrun for example_branch_dop_operator_v3 to 2024-11-13 19:29:00+00:00, run_after=2024-11-13 19:30:00+00:00
[2024-11-13T19:30:33.329+0000] {processor.py:208} INFO - Processing /home/airflow/.local/lib/python3.12/site-packages/airflow/example_dags/example_branch_python_dop_operator_3.py took 0.062 seconds
[2024-11-13T19:31:04.460+0000] {processor.py:186} INFO - Started process (PID=1043) to work on /home/airflow/.local/lib/python3.12/site-packages/airflow/example_dags/example_branch_python_dop_operator_3.py
[2024-11-13T19:31:04.461+0000] {processor.py:914} INFO - Processing file /home/airflow/.local/lib/python3.12/site-packages/airflow/example_dags/example_branch_python_dop_operator_3.py for tasks to queue
[2024-11-13T19:31:04.463+0000] {logging_mixin.py:190} INFO - [2024-11-13T19:31:04.463+0000] {dagbag.py:588} INFO - Filling up the DagBag from /home/airflow/.local/lib/python3.12/site-packages/airflow/example_dags/example_branch_python_dop_operator_3.py
[2024-11-13T19:31:04.471+0000] {processor.py:925} INFO - DAG(s) 'example_branch_dop_operator_v3' retrieved from /home/airflow/.local/lib/python3.12/site-packages/airflow/example_dags/example_branch_python_dop_operator_3.py
[2024-11-13T19:31:04.488+0000] {logging_mixin.py:190} INFO - [2024-11-13T19:31:04.488+0000] {dag.py:3239} INFO - Sync 1 DAGs
[2024-11-13T19:31:04.507+0000] {logging_mixin.py:190} INFO - [2024-11-13T19:31:04.506+0000] {dag.py:4180} INFO - Setting next_dagrun for example_branch_dop_operator_v3 to 2024-11-13 19:30:00+00:00, run_after=2024-11-13 19:31:00+00:00
[2024-11-13T19:31:04.523+0000] {processor.py:208} INFO - Processing /home/airflow/.local/lib/python3.12/site-packages/airflow/example_dags/example_branch_python_dop_operator_3.py took 0.067 seconds
[2024-11-13T19:31:35.575+0000] {processor.py:186} INFO - Started process (PID=1106) to work on /home/airflow/.local/lib/python3.12/site-packages/airflow/example_dags/example_branch_python_dop_operator_3.py
[2024-11-13T19:31:35.575+0000] {processor.py:914} INFO - Processing file /home/airflow/.local/lib/python3.12/site-packages/airflow/example_dags/example_branch_python_dop_operator_3.py for tasks to queue
[2024-11-13T19:31:35.577+0000] {logging_mixin.py:190} INFO - [2024-11-13T19:31:35.576+0000] {dagbag.py:588} INFO - Filling up the DagBag from /home/airflow/.local/lib/python3.12/site-packages/airflow/example_dags/example_branch_python_dop_operator_3.py
[2024-11-13T19:31:35.585+0000] {processor.py:925} INFO - DAG(s) 'example_branch_dop_operator_v3' retrieved from /home/airflow/.local/lib/python3.12/site-packages/airflow/example_dags/example_branch_python_dop_operator_3.py
[2024-11-13T19:31:35.601+0000] {logging_mixin.py:190} INFO - [2024-11-13T19:31:35.600+0000] {dag.py:3239} INFO - Sync 1 DAGs
[2024-11-13T19:31:35.619+0000] {logging_mixin.py:190} INFO - [2024-11-13T19:31:35.619+0000] {dag.py:4180} INFO - Setting next_dagrun for example_branch_dop_operator_v3 to 2024-11-13 19:30:00+00:00, run_after=2024-11-13 19:31:00+00:00
[2024-11-13T19:31:35.634+0000] {processor.py:208} INFO - Processing /home/airflow/.local/lib/python3.12/site-packages/airflow/example_dags/example_branch_python_dop_operator_3.py took 0.064 seconds
[2024-11-13T19:32:06.098+0000] {processor.py:186} INFO - Started process (PID=1169) to work on /home/airflow/.local/lib/python3.12/site-packages/airflow/example_dags/example_branch_python_dop_operator_3.py
[2024-11-13T19:32:06.099+0000] {processor.py:914} INFO - Processing file /home/airflow/.local/lib/python3.12/site-packages/airflow/example_dags/example_branch_python_dop_operator_3.py for tasks to queue
[2024-11-13T19:32:06.100+0000] {logging_mixin.py:190} INFO - [2024-11-13T19:32:06.100+0000] {dagbag.py:588} INFO - Filling up the DagBag from /home/airflow/.local/lib/python3.12/site-packages/airflow/example_dags/example_branch_python_dop_operator_3.py
[2024-11-13T19:32:06.108+0000] {processor.py:925} INFO - DAG(s) 'example_branch_dop_operator_v3' retrieved from /home/airflow/.local/lib/python3.12/site-packages/airflow/example_dags/example_branch_python_dop_operator_3.py
[2024-11-13T19:32:06.122+0000] {logging_mixin.py:190} INFO - [2024-11-13T19:32:06.122+0000] {dag.py:3239} INFO - Sync 1 DAGs
[2024-11-13T19:32:06.139+0000] {logging_mixin.py:190} INFO - [2024-11-13T19:32:06.139+0000] {dag.py:4180} INFO - Setting next_dagrun for example_branch_dop_operator_v3 to 2024-11-13 19:31:00+00:00, run_after=2024-11-13 19:32:00+00:00
[2024-11-13T19:32:06.151+0000] {processor.py:208} INFO - Processing /home/airflow/.local/lib/python3.12/site-packages/airflow/example_dags/example_branch_python_dop_operator_3.py took 0.057 seconds
[2024-11-13T19:32:36.666+0000] {processor.py:186} INFO - Started process (PID=1232) to work on /home/airflow/.local/lib/python3.12/site-packages/airflow/example_dags/example_branch_python_dop_operator_3.py
[2024-11-13T19:32:36.667+0000] {processor.py:914} INFO - Processing file /home/airflow/.local/lib/python3.12/site-packages/airflow/example_dags/example_branch_python_dop_operator_3.py for tasks to queue
[2024-11-13T19:32:36.669+0000] {logging_mixin.py:190} INFO - [2024-11-13T19:32:36.668+0000] {dagbag.py:588} INFO - Filling up the DagBag from /home/airflow/.local/lib/python3.12/site-packages/airflow/example_dags/example_branch_python_dop_operator_3.py
[2024-11-13T19:32:36.676+0000] {processor.py:925} INFO - DAG(s) 'example_branch_dop_operator_v3' retrieved from /home/airflow/.local/lib/python3.12/site-packages/airflow/example_dags/example_branch_python_dop_operator_3.py
[2024-11-13T19:32:36.693+0000] {logging_mixin.py:190} INFO - [2024-11-13T19:32:36.693+0000] {dag.py:3239} INFO - Sync 1 DAGs
[2024-11-13T19:32:36.712+0000] {logging_mixin.py:190} INFO - [2024-11-13T19:32:36.712+0000] {dag.py:4180} INFO - Setting next_dagrun for example_branch_dop_operator_v3 to 2024-11-13 19:31:00+00:00, run_after=2024-11-13 19:32:00+00:00
[2024-11-13T19:32:36.725+0000] {processor.py:208} INFO - Processing /home/airflow/.local/lib/python3.12/site-packages/airflow/example_dags/example_branch_python_dop_operator_3.py took 0.065 seconds
[2024-11-13T19:33:07.822+0000] {processor.py:186} INFO - Started process (PID=1296) to work on /home/airflow/.local/lib/python3.12/site-packages/airflow/example_dags/example_branch_python_dop_operator_3.py
[2024-11-13T19:33:07.823+0000] {processor.py:914} INFO - Processing file /home/airflow/.local/lib/python3.12/site-packages/airflow/example_dags/example_branch_python_dop_operator_3.py for tasks to queue
[2024-11-13T19:33:07.824+0000] {logging_mixin.py:190} INFO - [2024-11-13T19:33:07.824+0000] {dagbag.py:588} INFO - Filling up the DagBag from /home/airflow/.local/lib/python3.12/site-packages/airflow/example_dags/example_branch_python_dop_operator_3.py
[2024-11-13T19:33:07.832+0000] {processor.py:925} INFO - DAG(s) 'example_branch_dop_operator_v3' retrieved from /home/airflow/.local/lib/python3.12/site-packages/airflow/example_dags/example_branch_python_dop_operator_3.py
[2024-11-13T19:33:07.846+0000] {logging_mixin.py:190} INFO - [2024-11-13T19:33:07.846+0000] {dag.py:3239} INFO - Sync 1 DAGs
[2024-11-13T19:33:07.864+0000] {logging_mixin.py:190} INFO - [2024-11-13T19:33:07.864+0000] {dag.py:4180} INFO - Setting next_dagrun for example_branch_dop_operator_v3 to 2024-11-13 19:32:00+00:00, run_after=2024-11-13 19:33:00+00:00
[2024-11-13T19:33:07.879+0000] {processor.py:208} INFO - Processing /home/airflow/.local/lib/python3.12/site-packages/airflow/example_dags/example_branch_python_dop_operator_3.py took 0.062 seconds
[2024-11-13T19:33:38.441+0000] {processor.py:186} INFO - Started process (PID=1359) to work on /home/airflow/.local/lib/python3.12/site-packages/airflow/example_dags/example_branch_python_dop_operator_3.py
[2024-11-13T19:33:38.442+0000] {processor.py:914} INFO - Processing file /home/airflow/.local/lib/python3.12/site-packages/airflow/example_dags/example_branch_python_dop_operator_3.py for tasks to queue
[2024-11-13T19:33:38.444+0000] {logging_mixin.py:190} INFO - [2024-11-13T19:33:38.444+0000] {dagbag.py:588} INFO - Filling up the DagBag from /home/airflow/.local/lib/python3.12/site-packages/airflow/example_dags/example_branch_python_dop_operator_3.py
[2024-11-13T19:33:38.452+0000] {processor.py:925} INFO - DAG(s) 'example_branch_dop_operator_v3' retrieved from /home/airflow/.local/lib/python3.12/site-packages/airflow/example_dags/example_branch_python_dop_operator_3.py
[2024-11-13T19:33:38.466+0000] {logging_mixin.py:190} INFO - [2024-11-13T19:33:38.465+0000] {dag.py:3239} INFO - Sync 1 DAGs
[2024-11-13T19:33:38.483+0000] {logging_mixin.py:190} INFO - [2024-11-13T19:33:38.483+0000] {dag.py:4180} INFO - Setting next_dagrun for example_branch_dop_operator_v3 to 2024-11-13 19:32:00+00:00, run_after=2024-11-13 19:33:00+00:00
[2024-11-13T19:33:38.496+0000] {processor.py:208} INFO - Processing /home/airflow/.local/lib/python3.12/site-packages/airflow/example_dags/example_branch_python_dop_operator_3.py took 0.058 seconds
[2024-11-13T19:34:09.540+0000] {processor.py:186} INFO - Started process (PID=1422) to work on /home/airflow/.local/lib/python3.12/site-packages/airflow/example_dags/example_branch_python_dop_operator_3.py
[2024-11-13T19:34:09.541+0000] {processor.py:914} INFO - Processing file /home/airflow/.local/lib/python3.12/site-packages/airflow/example_dags/example_branch_python_dop_operator_3.py for tasks to queue
[2024-11-13T19:34:09.543+0000] {logging_mixin.py:190} INFO - [2024-11-13T19:34:09.543+0000] {dagbag.py:588} INFO - Filling up the DagBag from /home/airflow/.local/lib/python3.12/site-packages/airflow/example_dags/example_branch_python_dop_operator_3.py
[2024-11-13T19:34:09.550+0000] {processor.py:925} INFO - DAG(s) 'example_branch_dop_operator_v3' retrieved from /home/airflow/.local/lib/python3.12/site-packages/airflow/example_dags/example_branch_python_dop_operator_3.py
[2024-11-13T19:34:09.565+0000] {logging_mixin.py:190} INFO - [2024-11-13T19:34:09.564+0000] {dag.py:3239} INFO - Sync 1 DAGs
[2024-11-13T19:34:09.583+0000] {logging_mixin.py:190} INFO - [2024-11-13T19:34:09.583+0000] {dag.py:4180} INFO - Setting next_dagrun for example_branch_dop_operator_v3 to 2024-11-13 19:33:00+00:00, run_after=2024-11-13 19:34:00+00:00
[2024-11-13T19:34:09.597+0000] {processor.py:208} INFO - Processing /home/airflow/.local/lib/python3.12/site-packages/airflow/example_dags/example_branch_python_dop_operator_3.py took 0.061 seconds
[2024-11-13T19:34:41.067+0000] {processor.py:186} INFO - Started process (PID=1485) to work on /home/airflow/.local/lib/python3.12/site-packages/airflow/example_dags/example_branch_python_dop_operator_3.py
[2024-11-13T19:34:41.068+0000] {processor.py:914} INFO - Processing file /home/airflow/.local/lib/python3.12/site-packages/airflow/example_dags/example_branch_python_dop_operator_3.py for tasks to queue
[2024-11-13T19:34:41.069+0000] {logging_mixin.py:190} INFO - [2024-11-13T19:34:41.069+0000] {dagbag.py:588} INFO - Filling up the DagBag from /home/airflow/.local/lib/python3.12/site-packages/airflow/example_dags/example_branch_python_dop_operator_3.py
[2024-11-13T19:34:41.077+0000] {processor.py:925} INFO - DAG(s) 'example_branch_dop_operator_v3' retrieved from /home/airflow/.local/lib/python3.12/site-packages/airflow/example_dags/example_branch_python_dop_operator_3.py
[2024-11-13T19:34:41.092+0000] {logging_mixin.py:190} INFO - [2024-11-13T19:34:41.092+0000] {dag.py:3239} INFO - Sync 1 DAGs
[2024-11-13T19:34:41.111+0000] {logging_mixin.py:190} INFO - [2024-11-13T19:34:41.111+0000] {dag.py:4180} INFO - Setting next_dagrun for example_branch_dop_operator_v3 to 2024-11-13 19:33:00+00:00, run_after=2024-11-13 19:34:00+00:00
[2024-11-13T19:34:41.125+0000] {processor.py:208} INFO - Processing /home/airflow/.local/lib/python3.12/site-packages/airflow/example_dags/example_branch_python_dop_operator_3.py took 0.063 seconds
[2024-11-13T19:35:12.274+0000] {processor.py:186} INFO - Started process (PID=1548) to work on /home/airflow/.local/lib/python3.12/site-packages/airflow/example_dags/example_branch_python_dop_operator_3.py
[2024-11-13T19:35:12.274+0000] {processor.py:914} INFO - Processing file /home/airflow/.local/lib/python3.12/site-packages/airflow/example_dags/example_branch_python_dop_operator_3.py for tasks to queue
[2024-11-13T19:35:12.276+0000] {logging_mixin.py:190} INFO - [2024-11-13T19:35:12.276+0000] {dagbag.py:588} INFO - Filling up the DagBag from /home/airflow/.local/lib/python3.12/site-packages/airflow/example_dags/example_branch_python_dop_operator_3.py
[2024-11-13T19:35:12.284+0000] {processor.py:925} INFO - DAG(s) 'example_branch_dop_operator_v3' retrieved from /home/airflow/.local/lib/python3.12/site-packages/airflow/example_dags/example_branch_python_dop_operator_3.py
[2024-11-13T19:35:12.301+0000] {logging_mixin.py:190} INFO - [2024-11-13T19:35:12.301+0000] {dag.py:3239} INFO - Sync 1 DAGs
[2024-11-13T19:35:12.321+0000] {logging_mixin.py:190} INFO - [2024-11-13T19:35:12.321+0000] {dag.py:4180} INFO - Setting next_dagrun for example_branch_dop_operator_v3 to 2024-11-13 19:34:00+00:00, run_after=2024-11-13 19:35:00+00:00
[2024-11-13T19:35:12.336+0000] {processor.py:208} INFO - Processing /home/airflow/.local/lib/python3.12/site-packages/airflow/example_dags/example_branch_python_dop_operator_3.py took 0.067 seconds
[2024-11-13T19:35:42.827+0000] {processor.py:186} INFO - Started process (PID=1611) to work on /home/airflow/.local/lib/python3.12/site-packages/airflow/example_dags/example_branch_python_dop_operator_3.py
[2024-11-13T19:35:42.828+0000] {processor.py:914} INFO - Processing file /home/airflow/.local/lib/python3.12/site-packages/airflow/example_dags/example_branch_python_dop_operator_3.py for tasks to queue
[2024-11-13T19:35:42.830+0000] {logging_mixin.py:190} INFO - [2024-11-13T19:35:42.829+0000] {dagbag.py:588} INFO - Filling up the DagBag from /home/airflow/.local/lib/python3.12/site-packages/airflow/example_dags/example_branch_python_dop_operator_3.py
[2024-11-13T19:35:42.837+0000] {processor.py:925} INFO - DAG(s) 'example_branch_dop_operator_v3' retrieved from /home/airflow/.local/lib/python3.12/site-packages/airflow/example_dags/example_branch_python_dop_operator_3.py
[2024-11-13T19:35:42.853+0000] {logging_mixin.py:190} INFO - [2024-11-13T19:35:42.853+0000] {dag.py:3239} INFO - Sync 1 DAGs
[2024-11-13T19:35:42.873+0000] {logging_mixin.py:190} INFO - [2024-11-13T19:35:42.873+0000] {dag.py:4180} INFO - Setting next_dagrun for example_branch_dop_operator_v3 to 2024-11-13 19:34:00+00:00, run_after=2024-11-13 19:35:00+00:00
[2024-11-13T19:35:42.887+0000] {processor.py:208} INFO - Processing /home/airflow/.local/lib/python3.12/site-packages/airflow/example_dags/example_branch_python_dop_operator_3.py took 0.064 seconds
[2024-11-13T19:36:14.077+0000] {processor.py:186} INFO - Started process (PID=1674) to work on /home/airflow/.local/lib/python3.12/site-packages/airflow/example_dags/example_branch_python_dop_operator_3.py
[2024-11-13T19:36:14.078+0000] {processor.py:914} INFO - Processing file /home/airflow/.local/lib/python3.12/site-packages/airflow/example_dags/example_branch_python_dop_operator_3.py for tasks to queue
[2024-11-13T19:36:14.079+0000] {logging_mixin.py:190} INFO - [2024-11-13T19:36:14.079+0000] {dagbag.py:588} INFO - Filling up the DagBag from /home/airflow/.local/lib/python3.12/site-packages/airflow/example_dags/example_branch_python_dop_operator_3.py
[2024-11-13T19:36:14.087+0000] {processor.py:925} INFO - DAG(s) 'example_branch_dop_operator_v3' retrieved from /home/airflow/.local/lib/python3.12/site-packages/airflow/example_dags/example_branch_python_dop_operator_3.py
[2024-11-13T19:36:14.102+0000] {logging_mixin.py:190} INFO - [2024-11-13T19:36:14.101+0000] {dag.py:3239} INFO - Sync 1 DAGs
[2024-11-13T19:36:14.120+0000] {logging_mixin.py:190} INFO - [2024-11-13T19:36:14.119+0000] {dag.py:4180} INFO - Setting next_dagrun for example_branch_dop_operator_v3 to 2024-11-13 19:35:00+00:00, run_after=2024-11-13 19:36:00+00:00
[2024-11-13T19:36:14.135+0000] {processor.py:208} INFO - Processing /home/airflow/.local/lib/python3.12/site-packages/airflow/example_dags/example_branch_python_dop_operator_3.py took 0.062 seconds
[2024-11-13T19:36:45.533+0000] {processor.py:186} INFO - Started process (PID=1737) to work on /home/airflow/.local/lib/python3.12/site-packages/airflow/example_dags/example_branch_python_dop_operator_3.py
[2024-11-13T19:36:45.535+0000] {processor.py:914} INFO - Processing file /home/airflow/.local/lib/python3.12/site-packages/airflow/example_dags/example_branch_python_dop_operator_3.py for tasks to queue
[2024-11-13T19:36:45.536+0000] {logging_mixin.py:190} INFO - [2024-11-13T19:36:45.536+0000] {dagbag.py:588} INFO - Filling up the DagBag from /home/airflow/.local/lib/python3.12/site-packages/airflow/example_dags/example_branch_python_dop_operator_3.py
[2024-11-13T19:36:45.544+0000] {processor.py:925} INFO - DAG(s) 'example_branch_dop_operator_v3' retrieved from /home/airflow/.local/lib/python3.12/site-packages/airflow/example_dags/example_branch_python_dop_operator_3.py
[2024-11-13T19:36:45.560+0000] {logging_mixin.py:190} INFO - [2024-11-13T19:36:45.560+0000] {dag.py:3239} INFO - Sync 1 DAGs
[2024-11-13T19:36:45.580+0000] {logging_mixin.py:190} INFO - [2024-11-13T19:36:45.580+0000] {dag.py:4180} INFO - Setting next_dagrun for example_branch_dop_operator_v3 to 2024-11-13 19:35:00+00:00, run_after=2024-11-13 19:36:00+00:00
[2024-11-13T19:36:45.594+0000] {processor.py:208} INFO - Processing /home/airflow/.local/lib/python3.12/site-packages/airflow/example_dags/example_branch_python_dop_operator_3.py took 0.065 seconds
[2024-11-13T19:37:16.718+0000] {processor.py:186} INFO - Started process (PID=1800) to work on /home/airflow/.local/lib/python3.12/site-packages/airflow/example_dags/example_branch_python_dop_operator_3.py
[2024-11-13T19:37:16.719+0000] {processor.py:914} INFO - Processing file /home/airflow/.local/lib/python3.12/site-packages/airflow/example_dags/example_branch_python_dop_operator_3.py for tasks to queue
[2024-11-13T19:37:16.721+0000] {logging_mixin.py:190} INFO - [2024-11-13T19:37:16.720+0000] {dagbag.py:588} INFO - Filling up the DagBag from /home/airflow/.local/lib/python3.12/site-packages/airflow/example_dags/example_branch_python_dop_operator_3.py
[2024-11-13T19:37:16.729+0000] {processor.py:925} INFO - DAG(s) 'example_branch_dop_operator_v3' retrieved from /home/airflow/.local/lib/python3.12/site-packages/airflow/example_dags/example_branch_python_dop_operator_3.py
[2024-11-13T19:37:16.744+0000] {logging_mixin.py:190} INFO - [2024-11-13T19:37:16.744+0000] {dag.py:3239} INFO - Sync 1 DAGs
[2024-11-13T19:37:16.761+0000] {logging_mixin.py:190} INFO - [2024-11-13T19:37:16.761+0000] {dag.py:4180} INFO - Setting next_dagrun for example_branch_dop_operator_v3 to 2024-11-13 19:36:00+00:00, run_after=2024-11-13 19:37:00+00:00
[2024-11-13T19:37:16.775+0000] {processor.py:208} INFO - Processing /home/airflow/.local/lib/python3.12/site-packages/airflow/example_dags/example_branch_python_dop_operator_3.py took 0.061 seconds
[2024-11-13T19:37:47.864+0000] {processor.py:186} INFO - Started process (PID=1863) to work on /home/airflow/.local/lib/python3.12/site-packages/airflow/example_dags/example_branch_python_dop_operator_3.py
[2024-11-13T19:37:47.865+0000] {processor.py:914} INFO - Processing file /home/airflow/.local/lib/python3.12/site-packages/airflow/example_dags/example_branch_python_dop_operator_3.py for tasks to queue
[2024-11-13T19:37:47.867+0000] {logging_mixin.py:190} INFO - [2024-11-13T19:37:47.867+0000] {dagbag.py:588} INFO - Filling up the DagBag from /home/airflow/.local/lib/python3.12/site-packages/airflow/example_dags/example_branch_python_dop_operator_3.py
[2024-11-13T19:37:47.874+0000] {processor.py:925} INFO - DAG(s) 'example_branch_dop_operator_v3' retrieved from /home/airflow/.local/lib/python3.12/site-packages/airflow/example_dags/example_branch_python_dop_operator_3.py
[2024-11-13T19:37:47.890+0000] {logging_mixin.py:190} INFO - [2024-11-13T19:37:47.890+0000] {dag.py:3239} INFO - Sync 1 DAGs
[2024-11-13T19:37:47.909+0000] {logging_mixin.py:190} INFO - [2024-11-13T19:37:47.909+0000] {dag.py:4180} INFO - Setting next_dagrun for example_branch_dop_operator_v3 to 2024-11-13 19:36:00+00:00, run_after=2024-11-13 19:37:00+00:00
[2024-11-13T19:37:47.920+0000] {processor.py:208} INFO - Processing /home/airflow/.local/lib/python3.12/site-packages/airflow/example_dags/example_branch_python_dop_operator_3.py took 0.060 seconds
[2024-11-13T19:38:19.116+0000] {processor.py:186} INFO - Started process (PID=1926) to work on /home/airflow/.local/lib/python3.12/site-packages/airflow/example_dags/example_branch_python_dop_operator_3.py
[2024-11-13T19:38:19.116+0000] {processor.py:914} INFO - Processing file /home/airflow/.local/lib/python3.12/site-packages/airflow/example_dags/example_branch_python_dop_operator_3.py for tasks to queue
[2024-11-13T19:38:19.118+0000] {logging_mixin.py:190} INFO - [2024-11-13T19:38:19.118+0000] {dagbag.py:588} INFO - Filling up the DagBag from /home/airflow/.local/lib/python3.12/site-packages/airflow/example_dags/example_branch_python_dop_operator_3.py
[2024-11-13T19:38:19.126+0000] {processor.py:925} INFO - DAG(s) 'example_branch_dop_operator_v3' retrieved from /home/airflow/.local/lib/python3.12/site-packages/airflow/example_dags/example_branch_python_dop_operator_3.py
[2024-11-13T19:38:19.141+0000] {logging_mixin.py:190} INFO - [2024-11-13T19:38:19.141+0000] {dag.py:3239} INFO - Sync 1 DAGs
[2024-11-13T19:38:19.161+0000] {logging_mixin.py:190} INFO - [2024-11-13T19:38:19.160+0000] {dag.py:4180} INFO - Setting next_dagrun for example_branch_dop_operator_v3 to 2024-11-13 19:37:00+00:00, run_after=2024-11-13 19:38:00+00:00
[2024-11-13T19:38:19.172+0000] {processor.py:208} INFO - Processing /home/airflow/.local/lib/python3.12/site-packages/airflow/example_dags/example_branch_python_dop_operator_3.py took 0.061 seconds
[2024-11-13T19:38:50.283+0000] {processor.py:186} INFO - Started process (PID=1995) to work on /home/airflow/.local/lib/python3.12/site-packages/airflow/example_dags/example_branch_python_dop_operator_3.py
[2024-11-13T19:38:50.284+0000] {processor.py:914} INFO - Processing file /home/airflow/.local/lib/python3.12/site-packages/airflow/example_dags/example_branch_python_dop_operator_3.py for tasks to queue
[2024-11-13T19:38:50.286+0000] {logging_mixin.py:190} INFO - [2024-11-13T19:38:50.285+0000] {dagbag.py:588} INFO - Filling up the DagBag from /home/airflow/.local/lib/python3.12/site-packages/airflow/example_dags/example_branch_python_dop_operator_3.py
[2024-11-13T19:38:50.294+0000] {processor.py:925} INFO - DAG(s) 'example_branch_dop_operator_v3' retrieved from /home/airflow/.local/lib/python3.12/site-packages/airflow/example_dags/example_branch_python_dop_operator_3.py
[2024-11-13T19:38:50.309+0000] {logging_mixin.py:190} INFO - [2024-11-13T19:38:50.309+0000] {dag.py:3239} INFO - Sync 1 DAGs
[2024-11-13T19:38:50.327+0000] {logging_mixin.py:190} INFO - [2024-11-13T19:38:50.326+0000] {dag.py:4180} INFO - Setting next_dagrun for example_branch_dop_operator_v3 to 2024-11-13 19:37:00+00:00, run_after=2024-11-13 19:38:00+00:00
[2024-11-13T19:38:50.339+0000] {processor.py:208} INFO - Processing /home/airflow/.local/lib/python3.12/site-packages/airflow/example_dags/example_branch_python_dop_operator_3.py took 0.060 seconds
[2024-11-13T19:39:21.527+0000] {processor.py:186} INFO - Started process (PID=2058) to work on /home/airflow/.local/lib/python3.12/site-packages/airflow/example_dags/example_branch_python_dop_operator_3.py
[2024-11-13T19:39:21.528+0000] {processor.py:914} INFO - Processing file /home/airflow/.local/lib/python3.12/site-packages/airflow/example_dags/example_branch_python_dop_operator_3.py for tasks to queue
[2024-11-13T19:39:21.529+0000] {logging_mixin.py:190} INFO - [2024-11-13T19:39:21.529+0000] {dagbag.py:588} INFO - Filling up the DagBag from /home/airflow/.local/lib/python3.12/site-packages/airflow/example_dags/example_branch_python_dop_operator_3.py
[2024-11-13T19:39:21.538+0000] {processor.py:925} INFO - DAG(s) 'example_branch_dop_operator_v3' retrieved from /home/airflow/.local/lib/python3.12/site-packages/airflow/example_dags/example_branch_python_dop_operator_3.py
[2024-11-13T19:39:21.553+0000] {logging_mixin.py:190} INFO - [2024-11-13T19:39:21.553+0000] {dag.py:3239} INFO - Sync 1 DAGs
[2024-11-13T19:39:21.573+0000] {logging_mixin.py:190} INFO - [2024-11-13T19:39:21.572+0000] {dag.py:4180} INFO - Setting next_dagrun for example_branch_dop_operator_v3 to 2024-11-13 19:38:00+00:00, run_after=2024-11-13 19:39:00+00:00
[2024-11-13T19:39:21.589+0000] {processor.py:208} INFO - Processing /home/airflow/.local/lib/python3.12/site-packages/airflow/example_dags/example_branch_python_dop_operator_3.py took 0.066 seconds
[2024-11-13T19:39:52.865+0000] {processor.py:186} INFO - Started process (PID=2121) to work on /home/airflow/.local/lib/python3.12/site-packages/airflow/example_dags/example_branch_python_dop_operator_3.py
[2024-11-13T19:39:52.866+0000] {processor.py:914} INFO - Processing file /home/airflow/.local/lib/python3.12/site-packages/airflow/example_dags/example_branch_python_dop_operator_3.py for tasks to queue
[2024-11-13T19:39:52.868+0000] {logging_mixin.py:190} INFO - [2024-11-13T19:39:52.868+0000] {dagbag.py:588} INFO - Filling up the DagBag from /home/airflow/.local/lib/python3.12/site-packages/airflow/example_dags/example_branch_python_dop_operator_3.py
[2024-11-13T19:39:52.876+0000] {processor.py:925} INFO - DAG(s) 'example_branch_dop_operator_v3' retrieved from /home/airflow/.local/lib/python3.12/site-packages/airflow/example_dags/example_branch_python_dop_operator_3.py
[2024-11-13T19:39:52.892+0000] {logging_mixin.py:190} INFO - [2024-11-13T19:39:52.892+0000] {dag.py:3239} INFO - Sync 1 DAGs
[2024-11-13T19:39:52.911+0000] {logging_mixin.py:190} INFO - [2024-11-13T19:39:52.910+0000] {dag.py:4180} INFO - Setting next_dagrun for example_branch_dop_operator_v3 to 2024-11-13 19:38:00+00:00, run_after=2024-11-13 19:39:00+00:00
[2024-11-13T19:39:52.925+0000] {processor.py:208} INFO - Processing /home/airflow/.local/lib/python3.12/site-packages/airflow/example_dags/example_branch_python_dop_operator_3.py took 0.064 seconds
[2024-11-13T19:40:23.826+0000] {processor.py:186} INFO - Started process (PID=2184) to work on /home/airflow/.local/lib/python3.12/site-packages/airflow/example_dags/example_branch_python_dop_operator_3.py
[2024-11-13T19:40:23.827+0000] {processor.py:914} INFO - Processing file /home/airflow/.local/lib/python3.12/site-packages/airflow/example_dags/example_branch_python_dop_operator_3.py for tasks to queue
[2024-11-13T19:40:23.829+0000] {logging_mixin.py:190} INFO - [2024-11-13T19:40:23.828+0000] {dagbag.py:588} INFO - Filling up the DagBag from /home/airflow/.local/lib/python3.12/site-packages/airflow/example_dags/example_branch_python_dop_operator_3.py
[2024-11-13T19:40:23.837+0000] {processor.py:925} INFO - DAG(s) 'example_branch_dop_operator_v3' retrieved from /home/airflow/.local/lib/python3.12/site-packages/airflow/example_dags/example_branch_python_dop_operator_3.py
[2024-11-13T19:40:23.854+0000] {logging_mixin.py:190} INFO - [2024-11-13T19:40:23.853+0000] {dag.py:3239} INFO - Sync 1 DAGs
[2024-11-13T19:40:23.874+0000] {logging_mixin.py:190} INFO - [2024-11-13T19:40:23.874+0000] {dag.py:4180} INFO - Setting next_dagrun for example_branch_dop_operator_v3 to 2024-11-13 19:39:00+00:00, run_after=2024-11-13 19:40:00+00:00
[2024-11-13T19:40:23.890+0000] {processor.py:208} INFO - Processing /home/airflow/.local/lib/python3.12/site-packages/airflow/example_dags/example_branch_python_dop_operator_3.py took 0.068 seconds
[2024-11-13T19:40:54.545+0000] {processor.py:186} INFO - Started process (PID=2247) to work on /home/airflow/.local/lib/python3.12/site-packages/airflow/example_dags/example_branch_python_dop_operator_3.py
[2024-11-13T19:40:54.546+0000] {processor.py:914} INFO - Processing file /home/airflow/.local/lib/python3.12/site-packages/airflow/example_dags/example_branch_python_dop_operator_3.py for tasks to queue
[2024-11-13T19:40:54.548+0000] {logging_mixin.py:190} INFO - [2024-11-13T19:40:54.548+0000] {dagbag.py:588} INFO - Filling up the DagBag from /home/airflow/.local/lib/python3.12/site-packages/airflow/example_dags/example_branch_python_dop_operator_3.py
[2024-11-13T19:40:54.558+0000] {processor.py:925} INFO - DAG(s) 'example_branch_dop_operator_v3' retrieved from /home/airflow/.local/lib/python3.12/site-packages/airflow/example_dags/example_branch_python_dop_operator_3.py
[2024-11-13T19:40:54.573+0000] {logging_mixin.py:190} INFO - [2024-11-13T19:40:54.573+0000] {dag.py:3239} INFO - Sync 1 DAGs
[2024-11-13T19:40:54.594+0000] {logging_mixin.py:190} INFO - [2024-11-13T19:40:54.594+0000] {dag.py:4180} INFO - Setting next_dagrun for example_branch_dop_operator_v3 to 2024-11-13 19:39:00+00:00, run_after=2024-11-13 19:40:00+00:00
[2024-11-13T19:40:54.608+0000] {processor.py:208} INFO - Processing /home/airflow/.local/lib/python3.12/site-packages/airflow/example_dags/example_branch_python_dop_operator_3.py took 0.068 seconds
[2024-11-13T19:41:25.116+0000] {processor.py:186} INFO - Started process (PID=2310) to work on /home/airflow/.local/lib/python3.12/site-packages/airflow/example_dags/example_branch_python_dop_operator_3.py
[2024-11-13T19:41:25.117+0000] {processor.py:914} INFO - Processing file /home/airflow/.local/lib/python3.12/site-packages/airflow/example_dags/example_branch_python_dop_operator_3.py for tasks to queue
[2024-11-13T19:41:25.119+0000] {logging_mixin.py:190} INFO - [2024-11-13T19:41:25.118+0000] {dagbag.py:588} INFO - Filling up the DagBag from /home/airflow/.local/lib/python3.12/site-packages/airflow/example_dags/example_branch_python_dop_operator_3.py
[2024-11-13T19:41:25.127+0000] {processor.py:925} INFO - DAG(s) 'example_branch_dop_operator_v3' retrieved from /home/airflow/.local/lib/python3.12/site-packages/airflow/example_dags/example_branch_python_dop_operator_3.py
[2024-11-13T19:41:25.145+0000] {logging_mixin.py:190} INFO - [2024-11-13T19:41:25.144+0000] {dag.py:3239} INFO - Sync 1 DAGs
[2024-11-13T19:41:25.164+0000] {logging_mixin.py:190} INFO - [2024-11-13T19:41:25.164+0000] {dag.py:4180} INFO - Setting next_dagrun for example_branch_dop_operator_v3 to 2024-11-13 19:40:00+00:00, run_after=2024-11-13 19:41:00+00:00
[2024-11-13T19:41:25.181+0000] {processor.py:208} INFO - Processing /home/airflow/.local/lib/python3.12/site-packages/airflow/example_dags/example_branch_python_dop_operator_3.py took 0.070 seconds
[2024-11-13T19:41:56.305+0000] {processor.py:186} INFO - Started process (PID=2373) to work on /home/airflow/.local/lib/python3.12/site-packages/airflow/example_dags/example_branch_python_dop_operator_3.py
[2024-11-13T19:41:56.306+0000] {processor.py:914} INFO - Processing file /home/airflow/.local/lib/python3.12/site-packages/airflow/example_dags/example_branch_python_dop_operator_3.py for tasks to queue
[2024-11-13T19:41:56.308+0000] {logging_mixin.py:190} INFO - [2024-11-13T19:41:56.308+0000] {dagbag.py:588} INFO - Filling up the DagBag from /home/airflow/.local/lib/python3.12/site-packages/airflow/example_dags/example_branch_python_dop_operator_3.py
[2024-11-13T19:41:56.316+0000] {processor.py:925} INFO - DAG(s) 'example_branch_dop_operator_v3' retrieved from /home/airflow/.local/lib/python3.12/site-packages/airflow/example_dags/example_branch_python_dop_operator_3.py
[2024-11-13T19:41:56.331+0000] {logging_mixin.py:190} INFO - [2024-11-13T19:41:56.331+0000] {dag.py:3239} INFO - Sync 1 DAGs
[2024-11-13T19:41:56.350+0000] {logging_mixin.py:190} INFO - [2024-11-13T19:41:56.349+0000] {dag.py:4180} INFO - Setting next_dagrun for example_branch_dop_operator_v3 to 2024-11-13 19:40:00+00:00, run_after=2024-11-13 19:41:00+00:00
[2024-11-13T19:41:56.363+0000] {processor.py:208} INFO - Processing /home/airflow/.local/lib/python3.12/site-packages/airflow/example_dags/example_branch_python_dop_operator_3.py took 0.062 seconds
[2024-11-13T19:42:28.250+0000] {processor.py:186} INFO - Started process (PID=2441) to work on /home/airflow/.local/lib/python3.12/site-packages/airflow/example_dags/example_branch_python_dop_operator_3.py
[2024-11-13T19:42:28.251+0000] {processor.py:914} INFO - Processing file /home/airflow/.local/lib/python3.12/site-packages/airflow/example_dags/example_branch_python_dop_operator_3.py for tasks to queue
[2024-11-13T19:42:28.253+0000] {logging_mixin.py:190} INFO - [2024-11-13T19:42:28.253+0000] {dagbag.py:588} INFO - Filling up the DagBag from /home/airflow/.local/lib/python3.12/site-packages/airflow/example_dags/example_branch_python_dop_operator_3.py
[2024-11-13T19:42:28.260+0000] {processor.py:925} INFO - DAG(s) 'example_branch_dop_operator_v3' retrieved from /home/airflow/.local/lib/python3.12/site-packages/airflow/example_dags/example_branch_python_dop_operator_3.py
[2024-11-13T19:42:28.276+0000] {logging_mixin.py:190} INFO - [2024-11-13T19:42:28.276+0000] {dag.py:3239} INFO - Sync 1 DAGs
[2024-11-13T19:42:28.295+0000] {logging_mixin.py:190} INFO - [2024-11-13T19:42:28.295+0000] {dag.py:4180} INFO - Setting next_dagrun for example_branch_dop_operator_v3 to 2024-11-13 19:41:00+00:00, run_after=2024-11-13 19:42:00+00:00
[2024-11-13T19:42:28.310+0000] {processor.py:208} INFO - Processing /home/airflow/.local/lib/python3.12/site-packages/airflow/example_dags/example_branch_python_dop_operator_3.py took 0.064 seconds
[2024-11-13T19:42:58.542+0000] {processor.py:186} INFO - Started process (PID=2504) to work on /home/airflow/.local/lib/python3.12/site-packages/airflow/example_dags/example_branch_python_dop_operator_3.py
[2024-11-13T19:42:58.543+0000] {processor.py:914} INFO - Processing file /home/airflow/.local/lib/python3.12/site-packages/airflow/example_dags/example_branch_python_dop_operator_3.py for tasks to queue
[2024-11-13T19:42:58.545+0000] {logging_mixin.py:190} INFO - [2024-11-13T19:42:58.545+0000] {dagbag.py:588} INFO - Filling up the DagBag from /home/airflow/.local/lib/python3.12/site-packages/airflow/example_dags/example_branch_python_dop_operator_3.py
[2024-11-13T19:42:58.552+0000] {processor.py:925} INFO - DAG(s) 'example_branch_dop_operator_v3' retrieved from /home/airflow/.local/lib/python3.12/site-packages/airflow/example_dags/example_branch_python_dop_operator_3.py
[2024-11-13T19:42:58.568+0000] {logging_mixin.py:190} INFO - [2024-11-13T19:42:58.568+0000] {dag.py:3239} INFO - Sync 1 DAGs
[2024-11-13T19:42:58.588+0000] {logging_mixin.py:190} INFO - [2024-11-13T19:42:58.588+0000] {dag.py:4180} INFO - Setting next_dagrun for example_branch_dop_operator_v3 to 2024-11-13 19:41:00+00:00, run_after=2024-11-13 19:42:00+00:00
[2024-11-13T19:42:58.602+0000] {processor.py:208} INFO - Processing /home/airflow/.local/lib/python3.12/site-packages/airflow/example_dags/example_branch_python_dop_operator_3.py took 0.064 seconds
[2024-11-13T19:43:29.120+0000] {processor.py:186} INFO - Started process (PID=2568) to work on /home/airflow/.local/lib/python3.12/site-packages/airflow/example_dags/example_branch_python_dop_operator_3.py
[2024-11-13T19:43:29.121+0000] {processor.py:914} INFO - Processing file /home/airflow/.local/lib/python3.12/site-packages/airflow/example_dags/example_branch_python_dop_operator_3.py for tasks to queue
[2024-11-13T19:43:29.123+0000] {logging_mixin.py:190} INFO - [2024-11-13T19:43:29.123+0000] {dagbag.py:588} INFO - Filling up the DagBag from /home/airflow/.local/lib/python3.12/site-packages/airflow/example_dags/example_branch_python_dop_operator_3.py
[2024-11-13T19:43:29.131+0000] {processor.py:925} INFO - DAG(s) 'example_branch_dop_operator_v3' retrieved from /home/airflow/.local/lib/python3.12/site-packages/airflow/example_dags/example_branch_python_dop_operator_3.py
[2024-11-13T19:43:29.147+0000] {logging_mixin.py:190} INFO - [2024-11-13T19:43:29.147+0000] {dag.py:3239} INFO - Sync 1 DAGs
[2024-11-13T19:43:29.166+0000] {logging_mixin.py:190} INFO - [2024-11-13T19:43:29.166+0000] {dag.py:4180} INFO - Setting next_dagrun for example_branch_dop_operator_v3 to 2024-11-13 19:42:00+00:00, run_after=2024-11-13 19:43:00+00:00
[2024-11-13T19:43:29.181+0000] {processor.py:208} INFO - Processing /home/airflow/.local/lib/python3.12/site-packages/airflow/example_dags/example_branch_python_dop_operator_3.py took 0.065 seconds
[2024-11-13T19:43:59.564+0000] {processor.py:186} INFO - Started process (PID=2630) to work on /home/airflow/.local/lib/python3.12/site-packages/airflow/example_dags/example_branch_python_dop_operator_3.py
[2024-11-13T19:43:59.566+0000] {processor.py:914} INFO - Processing file /home/airflow/.local/lib/python3.12/site-packages/airflow/example_dags/example_branch_python_dop_operator_3.py for tasks to queue
[2024-11-13T19:43:59.568+0000] {logging_mixin.py:190} INFO - [2024-11-13T19:43:59.568+0000] {dagbag.py:588} INFO - Filling up the DagBag from /home/airflow/.local/lib/python3.12/site-packages/airflow/example_dags/example_branch_python_dop_operator_3.py
[2024-11-13T19:43:59.578+0000] {processor.py:925} INFO - DAG(s) 'example_branch_dop_operator_v3' retrieved from /home/airflow/.local/lib/python3.12/site-packages/airflow/example_dags/example_branch_python_dop_operator_3.py
[2024-11-13T19:43:59.595+0000] {logging_mixin.py:190} INFO - [2024-11-13T19:43:59.594+0000] {dag.py:3239} INFO - Sync 1 DAGs
[2024-11-13T19:43:59.615+0000] {logging_mixin.py:190} INFO - [2024-11-13T19:43:59.615+0000] {dag.py:4180} INFO - Setting next_dagrun for example_branch_dop_operator_v3 to 2024-11-13 19:42:00+00:00, run_after=2024-11-13 19:43:00+00:00
[2024-11-13T19:43:59.630+0000] {processor.py:208} INFO - Processing /home/airflow/.local/lib/python3.12/site-packages/airflow/example_dags/example_branch_python_dop_operator_3.py took 0.070 seconds
[2024-11-13T19:44:30.232+0000] {processor.py:186} INFO - Started process (PID=2693) to work on /home/airflow/.local/lib/python3.12/site-packages/airflow/example_dags/example_branch_python_dop_operator_3.py
[2024-11-13T19:44:30.233+0000] {processor.py:914} INFO - Processing file /home/airflow/.local/lib/python3.12/site-packages/airflow/example_dags/example_branch_python_dop_operator_3.py for tasks to queue
[2024-11-13T19:44:30.234+0000] {logging_mixin.py:190} INFO - [2024-11-13T19:44:30.234+0000] {dagbag.py:588} INFO - Filling up the DagBag from /home/airflow/.local/lib/python3.12/site-packages/airflow/example_dags/example_branch_python_dop_operator_3.py
[2024-11-13T19:44:30.243+0000] {processor.py:925} INFO - DAG(s) 'example_branch_dop_operator_v3' retrieved from /home/airflow/.local/lib/python3.12/site-packages/airflow/example_dags/example_branch_python_dop_operator_3.py
[2024-11-13T19:44:30.258+0000] {logging_mixin.py:190} INFO - [2024-11-13T19:44:30.258+0000] {dag.py:3239} INFO - Sync 1 DAGs
[2024-11-13T19:44:30.277+0000] {logging_mixin.py:190} INFO - [2024-11-13T19:44:30.277+0000] {dag.py:4180} INFO - Setting next_dagrun for example_branch_dop_operator_v3 to 2024-11-13 19:43:00+00:00, run_after=2024-11-13 19:44:00+00:00
[2024-11-13T19:44:30.291+0000] {processor.py:208} INFO - Processing /home/airflow/.local/lib/python3.12/site-packages/airflow/example_dags/example_branch_python_dop_operator_3.py took 0.063 seconds
[2024-11-13T19:45:01.145+0000] {processor.py:186} INFO - Started process (PID=2764) to work on /home/airflow/.local/lib/python3.12/site-packages/airflow/example_dags/example_branch_python_dop_operator_3.py
[2024-11-13T19:45:01.146+0000] {processor.py:914} INFO - Processing file /home/airflow/.local/lib/python3.12/site-packages/airflow/example_dags/example_branch_python_dop_operator_3.py for tasks to queue
[2024-11-13T19:45:01.148+0000] {logging_mixin.py:190} INFO - [2024-11-13T19:45:01.148+0000] {dagbag.py:588} INFO - Filling up the DagBag from /home/airflow/.local/lib/python3.12/site-packages/airflow/example_dags/example_branch_python_dop_operator_3.py
[2024-11-13T19:45:01.156+0000] {processor.py:925} INFO - DAG(s) 'example_branch_dop_operator_v3' retrieved from /home/airflow/.local/lib/python3.12/site-packages/airflow/example_dags/example_branch_python_dop_operator_3.py
[2024-11-13T19:45:01.172+0000] {logging_mixin.py:190} INFO - [2024-11-13T19:45:01.172+0000] {dag.py:3239} INFO - Sync 1 DAGs
[2024-11-13T19:45:01.191+0000] {logging_mixin.py:190} INFO - [2024-11-13T19:45:01.191+0000] {dag.py:4180} INFO - Setting next_dagrun for example_branch_dop_operator_v3 to 2024-11-13 19:44:00+00:00, run_after=2024-11-13 19:45:00+00:00
[2024-11-13T19:45:01.204+0000] {processor.py:208} INFO - Processing /home/airflow/.local/lib/python3.12/site-packages/airflow/example_dags/example_branch_python_dop_operator_3.py took 0.063 seconds
[2024-11-13T19:45:32.108+0000] {processor.py:186} INFO - Started process (PID=2826) to work on /home/airflow/.local/lib/python3.12/site-packages/airflow/example_dags/example_branch_python_dop_operator_3.py
[2024-11-13T19:45:32.109+0000] {processor.py:914} INFO - Processing file /home/airflow/.local/lib/python3.12/site-packages/airflow/example_dags/example_branch_python_dop_operator_3.py for tasks to queue
[2024-11-13T19:45:32.111+0000] {logging_mixin.py:190} INFO - [2024-11-13T19:45:32.110+0000] {dagbag.py:588} INFO - Filling up the DagBag from /home/airflow/.local/lib/python3.12/site-packages/airflow/example_dags/example_branch_python_dop_operator_3.py
[2024-11-13T19:45:32.119+0000] {processor.py:925} INFO - DAG(s) 'example_branch_dop_operator_v3' retrieved from /home/airflow/.local/lib/python3.12/site-packages/airflow/example_dags/example_branch_python_dop_operator_3.py
[2024-11-13T19:45:32.135+0000] {logging_mixin.py:190} INFO - [2024-11-13T19:45:32.134+0000] {dag.py:3239} INFO - Sync 1 DAGs
[2024-11-13T19:45:32.155+0000] {logging_mixin.py:190} INFO - [2024-11-13T19:45:32.155+0000] {dag.py:4180} INFO - Setting next_dagrun for example_branch_dop_operator_v3 to 2024-11-13 19:44:00+00:00, run_after=2024-11-13 19:45:00+00:00
[2024-11-13T19:45:32.171+0000] {processor.py:208} INFO - Processing /home/airflow/.local/lib/python3.12/site-packages/airflow/example_dags/example_branch_python_dop_operator_3.py took 0.068 seconds
[2024-11-13T19:46:02.360+0000] {processor.py:186} INFO - Started process (PID=2890) to work on /home/airflow/.local/lib/python3.12/site-packages/airflow/example_dags/example_branch_python_dop_operator_3.py
[2024-11-13T19:46:02.361+0000] {processor.py:914} INFO - Processing file /home/airflow/.local/lib/python3.12/site-packages/airflow/example_dags/example_branch_python_dop_operator_3.py for tasks to queue
[2024-11-13T19:46:02.363+0000] {logging_mixin.py:190} INFO - [2024-11-13T19:46:02.363+0000] {dagbag.py:588} INFO - Filling up the DagBag from /home/airflow/.local/lib/python3.12/site-packages/airflow/example_dags/example_branch_python_dop_operator_3.py
[2024-11-13T19:46:02.371+0000] {processor.py:925} INFO - DAG(s) 'example_branch_dop_operator_v3' retrieved from /home/airflow/.local/lib/python3.12/site-packages/airflow/example_dags/example_branch_python_dop_operator_3.py
[2024-11-13T19:46:02.387+0000] {logging_mixin.py:190} INFO - [2024-11-13T19:46:02.387+0000] {dag.py:3239} INFO - Sync 1 DAGs
[2024-11-13T19:46:02.406+0000] {logging_mixin.py:190} INFO - [2024-11-13T19:46:02.406+0000] {dag.py:4180} INFO - Setting next_dagrun for example_branch_dop_operator_v3 to 2024-11-13 19:45:00+00:00, run_after=2024-11-13 19:46:00+00:00
[2024-11-13T19:46:02.423+0000] {processor.py:208} INFO - Processing /home/airflow/.local/lib/python3.12/site-packages/airflow/example_dags/example_branch_python_dop_operator_3.py took 0.067 seconds
[2024-11-13T19:46:32.499+0000] {processor.py:186} INFO - Started process (PID=2952) to work on /home/airflow/.local/lib/python3.12/site-packages/airflow/example_dags/example_branch_python_dop_operator_3.py
[2024-11-13T19:46:32.500+0000] {processor.py:914} INFO - Processing file /home/airflow/.local/lib/python3.12/site-packages/airflow/example_dags/example_branch_python_dop_operator_3.py for tasks to queue
[2024-11-13T19:46:32.502+0000] {logging_mixin.py:190} INFO - [2024-11-13T19:46:32.502+0000] {dagbag.py:588} INFO - Filling up the DagBag from /home/airflow/.local/lib/python3.12/site-packages/airflow/example_dags/example_branch_python_dop_operator_3.py
[2024-11-13T19:46:32.510+0000] {processor.py:925} INFO - DAG(s) 'example_branch_dop_operator_v3' retrieved from /home/airflow/.local/lib/python3.12/site-packages/airflow/example_dags/example_branch_python_dop_operator_3.py
[2024-11-13T19:46:32.525+0000] {logging_mixin.py:190} INFO - [2024-11-13T19:46:32.525+0000] {dag.py:3239} INFO - Sync 1 DAGs
[2024-11-13T19:46:32.543+0000] {logging_mixin.py:190} INFO - [2024-11-13T19:46:32.543+0000] {dag.py:4180} INFO - Setting next_dagrun for example_branch_dop_operator_v3 to 2024-11-13 19:45:00+00:00, run_after=2024-11-13 19:46:00+00:00
[2024-11-13T19:46:32.556+0000] {processor.py:208} INFO - Processing /home/airflow/.local/lib/python3.12/site-packages/airflow/example_dags/example_branch_python_dop_operator_3.py took 0.061 seconds
[2024-11-13T19:47:02.665+0000] {processor.py:186} INFO - Started process (PID=3015) to work on /home/airflow/.local/lib/python3.12/site-packages/airflow/example_dags/example_branch_python_dop_operator_3.py
[2024-11-13T19:47:02.665+0000] {processor.py:914} INFO - Processing file /home/airflow/.local/lib/python3.12/site-packages/airflow/example_dags/example_branch_python_dop_operator_3.py for tasks to queue
[2024-11-13T19:47:02.667+0000] {logging_mixin.py:190} INFO - [2024-11-13T19:47:02.667+0000] {dagbag.py:588} INFO - Filling up the DagBag from /home/airflow/.local/lib/python3.12/site-packages/airflow/example_dags/example_branch_python_dop_operator_3.py
[2024-11-13T19:47:02.674+0000] {processor.py:925} INFO - DAG(s) 'example_branch_dop_operator_v3' retrieved from /home/airflow/.local/lib/python3.12/site-packages/airflow/example_dags/example_branch_python_dop_operator_3.py
[2024-11-13T19:47:02.690+0000] {logging_mixin.py:190} INFO - [2024-11-13T19:47:02.689+0000] {dag.py:3239} INFO - Sync 1 DAGs
[2024-11-13T19:47:02.709+0000] {logging_mixin.py:190} INFO - [2024-11-13T19:47:02.709+0000] {dag.py:4180} INFO - Setting next_dagrun for example_branch_dop_operator_v3 to 2024-11-13 19:46:00+00:00, run_after=2024-11-13 19:47:00+00:00
[2024-11-13T19:47:02.722+0000] {processor.py:208} INFO - Processing /home/airflow/.local/lib/python3.12/site-packages/airflow/example_dags/example_branch_python_dop_operator_3.py took 0.061 seconds
[2024-11-13T19:47:34.762+0000] {processor.py:186} INFO - Started process (PID=3081) to work on /home/airflow/.local/lib/python3.12/site-packages/airflow/example_dags/example_branch_python_dop_operator_3.py
[2024-11-13T19:47:34.763+0000] {processor.py:914} INFO - Processing file /home/airflow/.local/lib/python3.12/site-packages/airflow/example_dags/example_branch_python_dop_operator_3.py for tasks to queue
[2024-11-13T19:47:34.764+0000] {logging_mixin.py:190} INFO - [2024-11-13T19:47:34.764+0000] {dagbag.py:588} INFO - Filling up the DagBag from /home/airflow/.local/lib/python3.12/site-packages/airflow/example_dags/example_branch_python_dop_operator_3.py
[2024-11-13T19:47:34.773+0000] {processor.py:925} INFO - DAG(s) 'example_branch_dop_operator_v3' retrieved from /home/airflow/.local/lib/python3.12/site-packages/airflow/example_dags/example_branch_python_dop_operator_3.py
[2024-11-13T19:47:34.787+0000] {logging_mixin.py:190} INFO - [2024-11-13T19:47:34.787+0000] {dag.py:3239} INFO - Sync 1 DAGs
[2024-11-13T19:47:34.945+0000] {logging_mixin.py:190} INFO - [2024-11-13T19:47:34.944+0000] {dag.py:4180} INFO - Setting next_dagrun for example_branch_dop_operator_v3 to 2024-11-13 19:46:00+00:00, run_after=2024-11-13 19:47:00+00:00
[2024-11-13T19:47:34.957+0000] {processor.py:208} INFO - Processing /home/airflow/.local/lib/python3.12/site-packages/airflow/example_dags/example_branch_python_dop_operator_3.py took 0.200 seconds
[2024-11-13T19:48:05.089+0000] {processor.py:186} INFO - Started process (PID=3144) to work on /home/airflow/.local/lib/python3.12/site-packages/airflow/example_dags/example_branch_python_dop_operator_3.py
[2024-11-13T19:48:05.089+0000] {processor.py:914} INFO - Processing file /home/airflow/.local/lib/python3.12/site-packages/airflow/example_dags/example_branch_python_dop_operator_3.py for tasks to queue
[2024-11-13T19:48:05.091+0000] {logging_mixin.py:190} INFO - [2024-11-13T19:48:05.091+0000] {dagbag.py:588} INFO - Filling up the DagBag from /home/airflow/.local/lib/python3.12/site-packages/airflow/example_dags/example_branch_python_dop_operator_3.py
[2024-11-13T19:48:05.099+0000] {processor.py:925} INFO - DAG(s) 'example_branch_dop_operator_v3' retrieved from /home/airflow/.local/lib/python3.12/site-packages/airflow/example_dags/example_branch_python_dop_operator_3.py
[2024-11-13T19:48:05.113+0000] {logging_mixin.py:190} INFO - [2024-11-13T19:48:05.113+0000] {dag.py:3239} INFO - Sync 1 DAGs
[2024-11-13T19:48:05.261+0000] {logging_mixin.py:190} INFO - [2024-11-13T19:48:05.261+0000] {dag.py:4180} INFO - Setting next_dagrun for example_branch_dop_operator_v3 to 2024-11-13 19:47:00+00:00, run_after=2024-11-13 19:48:00+00:00
[2024-11-13T19:48:05.272+0000] {processor.py:208} INFO - Processing /home/airflow/.local/lib/python3.12/site-packages/airflow/example_dags/example_branch_python_dop_operator_3.py took 0.188 seconds
[2024-11-13T19:48:36.146+0000] {processor.py:186} INFO - Started process (PID=3208) to work on /home/airflow/.local/lib/python3.12/site-packages/airflow/example_dags/example_branch_python_dop_operator_3.py
[2024-11-13T19:48:36.147+0000] {processor.py:914} INFO - Processing file /home/airflow/.local/lib/python3.12/site-packages/airflow/example_dags/example_branch_python_dop_operator_3.py for tasks to queue
[2024-11-13T19:48:36.149+0000] {logging_mixin.py:190} INFO - [2024-11-13T19:48:36.149+0000] {dagbag.py:588} INFO - Filling up the DagBag from /home/airflow/.local/lib/python3.12/site-packages/airflow/example_dags/example_branch_python_dop_operator_3.py
[2024-11-13T19:48:36.157+0000] {processor.py:925} INFO - DAG(s) 'example_branch_dop_operator_v3' retrieved from /home/airflow/.local/lib/python3.12/site-packages/airflow/example_dags/example_branch_python_dop_operator_3.py
[2024-11-13T19:48:36.173+0000] {logging_mixin.py:190} INFO - [2024-11-13T19:48:36.173+0000] {dag.py:3239} INFO - Sync 1 DAGs
[2024-11-13T19:48:36.193+0000] {logging_mixin.py:190} INFO - [2024-11-13T19:48:36.193+0000] {dag.py:4180} INFO - Setting next_dagrun for example_branch_dop_operator_v3 to 2024-11-13 19:47:00+00:00, run_after=2024-11-13 19:48:00+00:00
[2024-11-13T19:48:36.207+0000] {processor.py:208} INFO - Processing /home/airflow/.local/lib/python3.12/site-packages/airflow/example_dags/example_branch_python_dop_operator_3.py took 0.064 seconds
[2024-11-13T19:49:07.381+0000] {processor.py:186} INFO - Started process (PID=3275) to work on /home/airflow/.local/lib/python3.12/site-packages/airflow/example_dags/example_branch_python_dop_operator_3.py
[2024-11-13T19:49:07.382+0000] {processor.py:914} INFO - Processing file /home/airflow/.local/lib/python3.12/site-packages/airflow/example_dags/example_branch_python_dop_operator_3.py for tasks to queue
[2024-11-13T19:49:07.384+0000] {logging_mixin.py:190} INFO - [2024-11-13T19:49:07.384+0000] {dagbag.py:588} INFO - Filling up the DagBag from /home/airflow/.local/lib/python3.12/site-packages/airflow/example_dags/example_branch_python_dop_operator_3.py
[2024-11-13T19:49:07.392+0000] {processor.py:925} INFO - DAG(s) 'example_branch_dop_operator_v3' retrieved from /home/airflow/.local/lib/python3.12/site-packages/airflow/example_dags/example_branch_python_dop_operator_3.py
[2024-11-13T19:49:07.406+0000] {logging_mixin.py:190} INFO - [2024-11-13T19:49:07.406+0000] {dag.py:3239} INFO - Sync 1 DAGs
[2024-11-13T19:49:07.426+0000] {logging_mixin.py:190} INFO - [2024-11-13T19:49:07.425+0000] {dag.py:4180} INFO - Setting next_dagrun for example_branch_dop_operator_v3 to 2024-11-13 19:48:00+00:00, run_after=2024-11-13 19:49:00+00:00
[2024-11-13T19:49:07.439+0000] {processor.py:208} INFO - Processing /home/airflow/.local/lib/python3.12/site-packages/airflow/example_dags/example_branch_python_dop_operator_3.py took 0.062 seconds
[2024-11-13T19:49:38.306+0000] {processor.py:186} INFO - Started process (PID=3338) to work on /home/airflow/.local/lib/python3.12/site-packages/airflow/example_dags/example_branch_python_dop_operator_3.py
[2024-11-13T19:49:38.307+0000] {processor.py:914} INFO - Processing file /home/airflow/.local/lib/python3.12/site-packages/airflow/example_dags/example_branch_python_dop_operator_3.py for tasks to queue
[2024-11-13T19:49:38.309+0000] {logging_mixin.py:190} INFO - [2024-11-13T19:49:38.309+0000] {dagbag.py:588} INFO - Filling up the DagBag from /home/airflow/.local/lib/python3.12/site-packages/airflow/example_dags/example_branch_python_dop_operator_3.py
[2024-11-13T19:49:38.317+0000] {processor.py:925} INFO - DAG(s) 'example_branch_dop_operator_v3' retrieved from /home/airflow/.local/lib/python3.12/site-packages/airflow/example_dags/example_branch_python_dop_operator_3.py
[2024-11-13T19:49:38.332+0000] {logging_mixin.py:190} INFO - [2024-11-13T19:49:38.331+0000] {dag.py:3239} INFO - Sync 1 DAGs
[2024-11-13T19:49:38.351+0000] {logging_mixin.py:190} INFO - [2024-11-13T19:49:38.351+0000] {dag.py:4180} INFO - Setting next_dagrun for example_branch_dop_operator_v3 to 2024-11-13 19:48:00+00:00, run_after=2024-11-13 19:49:00+00:00
[2024-11-13T19:49:38.365+0000] {processor.py:208} INFO - Processing /home/airflow/.local/lib/python3.12/site-packages/airflow/example_dags/example_branch_python_dop_operator_3.py took 0.063 seconds
[2024-11-13T19:50:09.219+0000] {processor.py:186} INFO - Started process (PID=3401) to work on /home/airflow/.local/lib/python3.12/site-packages/airflow/example_dags/example_branch_python_dop_operator_3.py
[2024-11-13T19:50:09.220+0000] {processor.py:914} INFO - Processing file /home/airflow/.local/lib/python3.12/site-packages/airflow/example_dags/example_branch_python_dop_operator_3.py for tasks to queue
[2024-11-13T19:50:09.221+0000] {logging_mixin.py:190} INFO - [2024-11-13T19:50:09.221+0000] {dagbag.py:588} INFO - Filling up the DagBag from /home/airflow/.local/lib/python3.12/site-packages/airflow/example_dags/example_branch_python_dop_operator_3.py
[2024-11-13T19:50:09.229+0000] {processor.py:925} INFO - DAG(s) 'example_branch_dop_operator_v3' retrieved from /home/airflow/.local/lib/python3.12/site-packages/airflow/example_dags/example_branch_python_dop_operator_3.py
[2024-11-13T19:50:09.245+0000] {logging_mixin.py:190} INFO - [2024-11-13T19:50:09.245+0000] {dag.py:3239} INFO - Sync 1 DAGs
[2024-11-13T19:50:09.266+0000] {logging_mixin.py:190} INFO - [2024-11-13T19:50:09.266+0000] {dag.py:4180} INFO - Setting next_dagrun for example_branch_dop_operator_v3 to 2024-11-13 19:49:00+00:00, run_after=2024-11-13 19:50:00+00:00
[2024-11-13T19:50:09.282+0000] {processor.py:208} INFO - Processing /home/airflow/.local/lib/python3.12/site-packages/airflow/example_dags/example_branch_python_dop_operator_3.py took 0.067 seconds
[2024-11-13T19:50:39.433+0000] {processor.py:186} INFO - Started process (PID=3464) to work on /home/airflow/.local/lib/python3.12/site-packages/airflow/example_dags/example_branch_python_dop_operator_3.py
[2024-11-13T19:50:39.434+0000] {processor.py:914} INFO - Processing file /home/airflow/.local/lib/python3.12/site-packages/airflow/example_dags/example_branch_python_dop_operator_3.py for tasks to queue
[2024-11-13T19:50:39.435+0000] {logging_mixin.py:190} INFO - [2024-11-13T19:50:39.435+0000] {dagbag.py:588} INFO - Filling up the DagBag from /home/airflow/.local/lib/python3.12/site-packages/airflow/example_dags/example_branch_python_dop_operator_3.py
[2024-11-13T19:50:39.443+0000] {processor.py:925} INFO - DAG(s) 'example_branch_dop_operator_v3' retrieved from /home/airflow/.local/lib/python3.12/site-packages/airflow/example_dags/example_branch_python_dop_operator_3.py
[2024-11-13T19:50:39.460+0000] {logging_mixin.py:190} INFO - [2024-11-13T19:50:39.460+0000] {dag.py:3239} INFO - Sync 1 DAGs
[2024-11-13T19:50:39.479+0000] {logging_mixin.py:190} INFO - [2024-11-13T19:50:39.479+0000] {dag.py:4180} INFO - Setting next_dagrun for example_branch_dop_operator_v3 to 2024-11-13 19:49:00+00:00, run_after=2024-11-13 19:50:00+00:00
[2024-11-13T19:50:39.493+0000] {processor.py:208} INFO - Processing /home/airflow/.local/lib/python3.12/site-packages/airflow/example_dags/example_branch_python_dop_operator_3.py took 0.065 seconds
[2024-11-13T19:51:09.548+0000] {processor.py:186} INFO - Started process (PID=3527) to work on /home/airflow/.local/lib/python3.12/site-packages/airflow/example_dags/example_branch_python_dop_operator_3.py
[2024-11-13T19:51:09.549+0000] {processor.py:914} INFO - Processing file /home/airflow/.local/lib/python3.12/site-packages/airflow/example_dags/example_branch_python_dop_operator_3.py for tasks to queue
[2024-11-13T19:51:09.550+0000] {logging_mixin.py:190} INFO - [2024-11-13T19:51:09.550+0000] {dagbag.py:588} INFO - Filling up the DagBag from /home/airflow/.local/lib/python3.12/site-packages/airflow/example_dags/example_branch_python_dop_operator_3.py
[2024-11-13T19:51:09.558+0000] {processor.py:925} INFO - DAG(s) 'example_branch_dop_operator_v3' retrieved from /home/airflow/.local/lib/python3.12/site-packages/airflow/example_dags/example_branch_python_dop_operator_3.py
[2024-11-13T19:51:09.575+0000] {logging_mixin.py:190} INFO - [2024-11-13T19:51:09.574+0000] {dag.py:3239} INFO - Sync 1 DAGs
[2024-11-13T19:51:09.595+0000] {logging_mixin.py:190} INFO - [2024-11-13T19:51:09.594+0000] {dag.py:4180} INFO - Setting next_dagrun for example_branch_dop_operator_v3 to 2024-11-13 19:50:00+00:00, run_after=2024-11-13 19:51:00+00:00
[2024-11-13T19:51:09.609+0000] {processor.py:208} INFO - Processing /home/airflow/.local/lib/python3.12/site-packages/airflow/example_dags/example_branch_python_dop_operator_3.py took 0.066 seconds
[2024-11-13T19:51:39.636+0000] {processor.py:186} INFO - Started process (PID=3589) to work on /home/airflow/.local/lib/python3.12/site-packages/airflow/example_dags/example_branch_python_dop_operator_3.py
[2024-11-13T19:51:39.636+0000] {processor.py:914} INFO - Processing file /home/airflow/.local/lib/python3.12/site-packages/airflow/example_dags/example_branch_python_dop_operator_3.py for tasks to queue
[2024-11-13T19:51:39.638+0000] {logging_mixin.py:190} INFO - [2024-11-13T19:51:39.638+0000] {dagbag.py:588} INFO - Filling up the DagBag from /home/airflow/.local/lib/python3.12/site-packages/airflow/example_dags/example_branch_python_dop_operator_3.py
[2024-11-13T19:51:39.646+0000] {processor.py:925} INFO - DAG(s) 'example_branch_dop_operator_v3' retrieved from /home/airflow/.local/lib/python3.12/site-packages/airflow/example_dags/example_branch_python_dop_operator_3.py
[2024-11-13T19:51:39.660+0000] {logging_mixin.py:190} INFO - [2024-11-13T19:51:39.660+0000] {dag.py:3239} INFO - Sync 1 DAGs
[2024-11-13T19:51:39.679+0000] {logging_mixin.py:190} INFO - [2024-11-13T19:51:39.678+0000] {dag.py:4180} INFO - Setting next_dagrun for example_branch_dop_operator_v3 to 2024-11-13 19:50:00+00:00, run_after=2024-11-13 19:51:00+00:00
[2024-11-13T19:51:39.693+0000] {processor.py:208} INFO - Processing /home/airflow/.local/lib/python3.12/site-packages/airflow/example_dags/example_branch_python_dop_operator_3.py took 0.062 seconds
[2024-11-13T19:52:09.760+0000] {processor.py:186} INFO - Started process (PID=3652) to work on /home/airflow/.local/lib/python3.12/site-packages/airflow/example_dags/example_branch_python_dop_operator_3.py
[2024-11-13T19:52:09.761+0000] {processor.py:914} INFO - Processing file /home/airflow/.local/lib/python3.12/site-packages/airflow/example_dags/example_branch_python_dop_operator_3.py for tasks to queue
[2024-11-13T19:52:09.762+0000] {logging_mixin.py:190} INFO - [2024-11-13T19:52:09.762+0000] {dagbag.py:588} INFO - Filling up the DagBag from /home/airflow/.local/lib/python3.12/site-packages/airflow/example_dags/example_branch_python_dop_operator_3.py
[2024-11-13T19:52:09.770+0000] {processor.py:925} INFO - DAG(s) 'example_branch_dop_operator_v3' retrieved from /home/airflow/.local/lib/python3.12/site-packages/airflow/example_dags/example_branch_python_dop_operator_3.py
[2024-11-13T19:52:09.784+0000] {logging_mixin.py:190} INFO - [2024-11-13T19:52:09.784+0000] {dag.py:3239} INFO - Sync 1 DAGs
[2024-11-13T19:52:09.805+0000] {logging_mixin.py:190} INFO - [2024-11-13T19:52:09.805+0000] {dag.py:4180} INFO - Setting next_dagrun for example_branch_dop_operator_v3 to 2024-11-13 19:51:00+00:00, run_after=2024-11-13 19:52:00+00:00
[2024-11-13T19:52:09.820+0000] {processor.py:208} INFO - Processing /home/airflow/.local/lib/python3.12/site-packages/airflow/example_dags/example_branch_python_dop_operator_3.py took 0.064 seconds
[2024-11-13T19:52:40.126+0000] {processor.py:186} INFO - Started process (PID=3715) to work on /home/airflow/.local/lib/python3.12/site-packages/airflow/example_dags/example_branch_python_dop_operator_3.py
[2024-11-13T19:52:40.466+0000] {logging_mixin.py:190} INFO - [2024-11-13T19:52:40.465+0000] {process_utils.py:266} INFO - Waiting up to 5 seconds for processes to exit...
