[2024-11-13T19:23:20.933+0000] {processor.py:186} INFO - Started process (PID=118) to work on /home/airflow/.local/lib/python3.12/site-packages/airflow/example_dags/example_python_operator.py
[2024-11-13T19:23:20.933+0000] {processor.py:914} INFO - Processing file /home/airflow/.local/lib/python3.12/site-packages/airflow/example_dags/example_python_operator.py for tasks to queue
[2024-11-13T19:23:20.935+0000] {logging_mixin.py:190} INFO - [2024-11-13T19:23:20.935+0000] {dagbag.py:588} INFO - Filling up the DagBag from /home/airflow/.local/lib/python3.12/site-packages/airflow/example_dags/example_python_operator.py
[2024-11-13T19:23:20.947+0000] {processor.py:925} INFO - DAG(s) 'example_python_operator' retrieved from /home/airflow/.local/lib/python3.12/site-packages/airflow/example_dags/example_python_operator.py
[2024-11-13T19:23:21.027+0000] {logging_mixin.py:190} INFO - [2024-11-13T19:23:21.027+0000] {override.py:1911} INFO - Created Permission View: can edit on DAG:example_python_operator
[2024-11-13T19:23:21.035+0000] {logging_mixin.py:190} INFO - [2024-11-13T19:23:21.034+0000] {override.py:1911} INFO - Created Permission View: can read on DAG:example_python_operator
[2024-11-13T19:23:21.039+0000] {logging_mixin.py:190} INFO - [2024-11-13T19:23:21.039+0000] {override.py:1911} INFO - Created Permission View: can delete on DAG:example_python_operator
[2024-11-13T19:23:21.044+0000] {logging_mixin.py:190} INFO - [2024-11-13T19:23:21.043+0000] {override.py:1911} INFO - Created Permission View: can delete on DAG Run:example_python_operator
[2024-11-13T19:23:21.048+0000] {logging_mixin.py:190} INFO - [2024-11-13T19:23:21.048+0000] {override.py:1911} INFO - Created Permission View: can read on DAG Run:example_python_operator
[2024-11-13T19:23:21.053+0000] {logging_mixin.py:190} INFO - [2024-11-13T19:23:21.053+0000] {override.py:1911} INFO - Created Permission View: menu access on DAG Run:example_python_operator
[2024-11-13T19:23:21.057+0000] {logging_mixin.py:190} INFO - [2024-11-13T19:23:21.057+0000] {override.py:1911} INFO - Created Permission View: can create on DAG Run:example_python_operator
[2024-11-13T19:23:21.057+0000] {logging_mixin.py:190} INFO - [2024-11-13T19:23:21.057+0000] {dag.py:3239} INFO - Sync 1 DAGs
[2024-11-13T19:23:21.066+0000] {logging_mixin.py:190} INFO - [2024-11-13T19:23:21.065+0000] {dag.py:3262} INFO - Creating ORM DAG for example_python_operator
[2024-11-13T19:23:21.066+0000] {logging_mixin.py:190} INFO - [2024-11-13T19:23:21.066+0000] {dag.py:4180} INFO - Setting next_dagrun for example_python_operator to None, run_after=None
[2024-11-13T19:23:21.078+0000] {processor.py:208} INFO - Processing /home/airflow/.local/lib/python3.12/site-packages/airflow/example_dags/example_python_operator.py took 0.150 seconds
[2024-11-13T19:23:51.423+0000] {processor.py:186} INFO - Started process (PID=180) to work on /home/airflow/.local/lib/python3.12/site-packages/airflow/example_dags/example_python_operator.py
[2024-11-13T19:23:51.423+0000] {processor.py:914} INFO - Processing file /home/airflow/.local/lib/python3.12/site-packages/airflow/example_dags/example_python_operator.py for tasks to queue
[2024-11-13T19:23:51.425+0000] {logging_mixin.py:190} INFO - [2024-11-13T19:23:51.424+0000] {dagbag.py:588} INFO - Filling up the DagBag from /home/airflow/.local/lib/python3.12/site-packages/airflow/example_dags/example_python_operator.py
[2024-11-13T19:23:51.433+0000] {processor.py:925} INFO - DAG(s) 'example_python_operator' retrieved from /home/airflow/.local/lib/python3.12/site-packages/airflow/example_dags/example_python_operator.py
[2024-11-13T19:23:51.449+0000] {logging_mixin.py:190} INFO - [2024-11-13T19:23:51.449+0000] {dag.py:3239} INFO - Sync 1 DAGs
[2024-11-13T19:23:51.459+0000] {logging_mixin.py:190} INFO - [2024-11-13T19:23:51.458+0000] {dag.py:4180} INFO - Setting next_dagrun for example_python_operator to None, run_after=None
[2024-11-13T19:23:51.471+0000] {processor.py:208} INFO - Processing /home/airflow/.local/lib/python3.12/site-packages/airflow/example_dags/example_python_operator.py took 0.052 seconds
[2024-11-13T19:24:21.541+0000] {processor.py:186} INFO - Started process (PID=243) to work on /home/airflow/.local/lib/python3.12/site-packages/airflow/example_dags/example_python_operator.py
[2024-11-13T19:24:21.542+0000] {processor.py:914} INFO - Processing file /home/airflow/.local/lib/python3.12/site-packages/airflow/example_dags/example_python_operator.py for tasks to queue
[2024-11-13T19:24:21.544+0000] {logging_mixin.py:190} INFO - [2024-11-13T19:24:21.543+0000] {dagbag.py:588} INFO - Filling up the DagBag from /home/airflow/.local/lib/python3.12/site-packages/airflow/example_dags/example_python_operator.py
[2024-11-13T19:24:21.552+0000] {processor.py:925} INFO - DAG(s) 'example_python_operator' retrieved from /home/airflow/.local/lib/python3.12/site-packages/airflow/example_dags/example_python_operator.py
[2024-11-13T19:24:21.568+0000] {logging_mixin.py:190} INFO - [2024-11-13T19:24:21.568+0000] {dag.py:3239} INFO - Sync 1 DAGs
[2024-11-13T19:24:21.578+0000] {logging_mixin.py:190} INFO - [2024-11-13T19:24:21.578+0000] {dag.py:4180} INFO - Setting next_dagrun for example_python_operator to None, run_after=None
[2024-11-13T19:24:21.592+0000] {processor.py:208} INFO - Processing /home/airflow/.local/lib/python3.12/site-packages/airflow/example_dags/example_python_operator.py took 0.056 seconds
[2024-11-13T19:24:51.630+0000] {processor.py:186} INFO - Started process (PID=305) to work on /home/airflow/.local/lib/python3.12/site-packages/airflow/example_dags/example_python_operator.py
[2024-11-13T19:24:51.630+0000] {processor.py:914} INFO - Processing file /home/airflow/.local/lib/python3.12/site-packages/airflow/example_dags/example_python_operator.py for tasks to queue
[2024-11-13T19:24:51.632+0000] {logging_mixin.py:190} INFO - [2024-11-13T19:24:51.632+0000] {dagbag.py:588} INFO - Filling up the DagBag from /home/airflow/.local/lib/python3.12/site-packages/airflow/example_dags/example_python_operator.py
[2024-11-13T19:24:51.640+0000] {processor.py:925} INFO - DAG(s) 'example_python_operator' retrieved from /home/airflow/.local/lib/python3.12/site-packages/airflow/example_dags/example_python_operator.py
[2024-11-13T19:24:51.654+0000] {logging_mixin.py:190} INFO - [2024-11-13T19:24:51.654+0000] {dag.py:3239} INFO - Sync 1 DAGs
[2024-11-13T19:24:51.664+0000] {logging_mixin.py:190} INFO - [2024-11-13T19:24:51.664+0000] {dag.py:4180} INFO - Setting next_dagrun for example_python_operator to None, run_after=None
[2024-11-13T19:24:51.676+0000] {processor.py:208} INFO - Processing /home/airflow/.local/lib/python3.12/site-packages/airflow/example_dags/example_python_operator.py took 0.051 seconds
[2024-11-13T19:25:23.402+0000] {processor.py:186} INFO - Started process (PID=368) to work on /home/airflow/.local/lib/python3.12/site-packages/airflow/example_dags/example_python_operator.py
[2024-11-13T19:25:23.403+0000] {processor.py:914} INFO - Processing file /home/airflow/.local/lib/python3.12/site-packages/airflow/example_dags/example_python_operator.py for tasks to queue
[2024-11-13T19:25:23.405+0000] {logging_mixin.py:190} INFO - [2024-11-13T19:25:23.405+0000] {dagbag.py:588} INFO - Filling up the DagBag from /home/airflow/.local/lib/python3.12/site-packages/airflow/example_dags/example_python_operator.py
[2024-11-13T19:25:23.414+0000] {processor.py:925} INFO - DAG(s) 'example_python_operator' retrieved from /home/airflow/.local/lib/python3.12/site-packages/airflow/example_dags/example_python_operator.py
[2024-11-13T19:25:23.432+0000] {logging_mixin.py:190} INFO - [2024-11-13T19:25:23.432+0000] {dag.py:3239} INFO - Sync 1 DAGs
[2024-11-13T19:25:23.442+0000] {logging_mixin.py:190} INFO - [2024-11-13T19:25:23.442+0000] {dag.py:4180} INFO - Setting next_dagrun for example_python_operator to None, run_after=None
[2024-11-13T19:25:23.457+0000] {processor.py:208} INFO - Processing /home/airflow/.local/lib/python3.12/site-packages/airflow/example_dags/example_python_operator.py took 0.058 seconds
[2024-11-13T19:25:54.314+0000] {processor.py:186} INFO - Started process (PID=432) to work on /home/airflow/.local/lib/python3.12/site-packages/airflow/example_dags/example_python_operator.py
[2024-11-13T19:25:54.315+0000] {processor.py:914} INFO - Processing file /home/airflow/.local/lib/python3.12/site-packages/airflow/example_dags/example_python_operator.py for tasks to queue
[2024-11-13T19:25:54.316+0000] {logging_mixin.py:190} INFO - [2024-11-13T19:25:54.316+0000] {dagbag.py:588} INFO - Filling up the DagBag from /home/airflow/.local/lib/python3.12/site-packages/airflow/example_dags/example_python_operator.py
[2024-11-13T19:25:54.325+0000] {processor.py:925} INFO - DAG(s) 'example_python_operator' retrieved from /home/airflow/.local/lib/python3.12/site-packages/airflow/example_dags/example_python_operator.py
[2024-11-13T19:25:54.345+0000] {logging_mixin.py:190} INFO - [2024-11-13T19:25:54.345+0000] {dag.py:3239} INFO - Sync 1 DAGs
[2024-11-13T19:25:54.355+0000] {logging_mixin.py:190} INFO - [2024-11-13T19:25:54.355+0000] {dag.py:4180} INFO - Setting next_dagrun for example_python_operator to None, run_after=None
[2024-11-13T19:25:54.371+0000] {processor.py:208} INFO - Processing /home/airflow/.local/lib/python3.12/site-packages/airflow/example_dags/example_python_operator.py took 0.061 seconds
[2024-11-13T19:26:25.759+0000] {processor.py:186} INFO - Started process (PID=495) to work on /home/airflow/.local/lib/python3.12/site-packages/airflow/example_dags/example_python_operator.py
[2024-11-13T19:26:25.760+0000] {processor.py:914} INFO - Processing file /home/airflow/.local/lib/python3.12/site-packages/airflow/example_dags/example_python_operator.py for tasks to queue
[2024-11-13T19:26:25.762+0000] {logging_mixin.py:190} INFO - [2024-11-13T19:26:25.762+0000] {dagbag.py:588} INFO - Filling up the DagBag from /home/airflow/.local/lib/python3.12/site-packages/airflow/example_dags/example_python_operator.py
[2024-11-13T19:26:25.772+0000] {processor.py:925} INFO - DAG(s) 'example_python_operator' retrieved from /home/airflow/.local/lib/python3.12/site-packages/airflow/example_dags/example_python_operator.py
[2024-11-13T19:26:25.790+0000] {logging_mixin.py:190} INFO - [2024-11-13T19:26:25.789+0000] {dag.py:3239} INFO - Sync 1 DAGs
[2024-11-13T19:26:25.801+0000] {logging_mixin.py:190} INFO - [2024-11-13T19:26:25.801+0000] {dag.py:4180} INFO - Setting next_dagrun for example_python_operator to None, run_after=None
[2024-11-13T19:26:25.817+0000] {processor.py:208} INFO - Processing /home/airflow/.local/lib/python3.12/site-packages/airflow/example_dags/example_python_operator.py took 0.062 seconds
[2024-11-13T19:26:57.131+0000] {processor.py:186} INFO - Started process (PID=558) to work on /home/airflow/.local/lib/python3.12/site-packages/airflow/example_dags/example_python_operator.py
[2024-11-13T19:26:57.132+0000] {processor.py:914} INFO - Processing file /home/airflow/.local/lib/python3.12/site-packages/airflow/example_dags/example_python_operator.py for tasks to queue
[2024-11-13T19:26:57.134+0000] {logging_mixin.py:190} INFO - [2024-11-13T19:26:57.134+0000] {dagbag.py:588} INFO - Filling up the DagBag from /home/airflow/.local/lib/python3.12/site-packages/airflow/example_dags/example_python_operator.py
[2024-11-13T19:26:57.143+0000] {processor.py:925} INFO - DAG(s) 'example_python_operator' retrieved from /home/airflow/.local/lib/python3.12/site-packages/airflow/example_dags/example_python_operator.py
[2024-11-13T19:26:57.159+0000] {logging_mixin.py:190} INFO - [2024-11-13T19:26:57.159+0000] {dag.py:3239} INFO - Sync 1 DAGs
[2024-11-13T19:26:57.170+0000] {logging_mixin.py:190} INFO - [2024-11-13T19:26:57.169+0000] {dag.py:4180} INFO - Setting next_dagrun for example_python_operator to None, run_after=None
[2024-11-13T19:26:57.184+0000] {processor.py:208} INFO - Processing /home/airflow/.local/lib/python3.12/site-packages/airflow/example_dags/example_python_operator.py took 0.057 seconds
[2024-11-13T19:27:28.269+0000] {processor.py:186} INFO - Started process (PID=621) to work on /home/airflow/.local/lib/python3.12/site-packages/airflow/example_dags/example_python_operator.py
[2024-11-13T19:27:28.270+0000] {processor.py:914} INFO - Processing file /home/airflow/.local/lib/python3.12/site-packages/airflow/example_dags/example_python_operator.py for tasks to queue
[2024-11-13T19:27:28.272+0000] {logging_mixin.py:190} INFO - [2024-11-13T19:27:28.272+0000] {dagbag.py:588} INFO - Filling up the DagBag from /home/airflow/.local/lib/python3.12/site-packages/airflow/example_dags/example_python_operator.py
[2024-11-13T19:27:28.283+0000] {processor.py:925} INFO - DAG(s) 'example_python_operator' retrieved from /home/airflow/.local/lib/python3.12/site-packages/airflow/example_dags/example_python_operator.py
[2024-11-13T19:27:28.301+0000] {logging_mixin.py:190} INFO - [2024-11-13T19:27:28.301+0000] {dag.py:3239} INFO - Sync 1 DAGs
[2024-11-13T19:27:28.312+0000] {logging_mixin.py:190} INFO - [2024-11-13T19:27:28.312+0000] {dag.py:4180} INFO - Setting next_dagrun for example_python_operator to None, run_after=None
[2024-11-13T19:27:28.327+0000] {processor.py:208} INFO - Processing /home/airflow/.local/lib/python3.12/site-packages/airflow/example_dags/example_python_operator.py took 0.063 seconds
[2024-11-13T19:27:59.343+0000] {processor.py:186} INFO - Started process (PID=684) to work on /home/airflow/.local/lib/python3.12/site-packages/airflow/example_dags/example_python_operator.py
[2024-11-13T19:27:59.344+0000] {processor.py:914} INFO - Processing file /home/airflow/.local/lib/python3.12/site-packages/airflow/example_dags/example_python_operator.py for tasks to queue
[2024-11-13T19:27:59.346+0000] {logging_mixin.py:190} INFO - [2024-11-13T19:27:59.345+0000] {dagbag.py:588} INFO - Filling up the DagBag from /home/airflow/.local/lib/python3.12/site-packages/airflow/example_dags/example_python_operator.py
[2024-11-13T19:27:59.354+0000] {processor.py:925} INFO - DAG(s) 'example_python_operator' retrieved from /home/airflow/.local/lib/python3.12/site-packages/airflow/example_dags/example_python_operator.py
[2024-11-13T19:27:59.369+0000] {logging_mixin.py:190} INFO - [2024-11-13T19:27:59.369+0000] {dag.py:3239} INFO - Sync 1 DAGs
[2024-11-13T19:27:59.379+0000] {logging_mixin.py:190} INFO - [2024-11-13T19:27:59.379+0000] {dag.py:4180} INFO - Setting next_dagrun for example_python_operator to None, run_after=None
[2024-11-13T19:27:59.392+0000] {processor.py:208} INFO - Processing /home/airflow/.local/lib/python3.12/site-packages/airflow/example_dags/example_python_operator.py took 0.054 seconds
[2024-11-13T19:28:29.943+0000] {processor.py:186} INFO - Started process (PID=747) to work on /home/airflow/.local/lib/python3.12/site-packages/airflow/example_dags/example_python_operator.py
[2024-11-13T19:28:29.943+0000] {processor.py:914} INFO - Processing file /home/airflow/.local/lib/python3.12/site-packages/airflow/example_dags/example_python_operator.py for tasks to queue
[2024-11-13T19:28:29.945+0000] {logging_mixin.py:190} INFO - [2024-11-13T19:28:29.945+0000] {dagbag.py:588} INFO - Filling up the DagBag from /home/airflow/.local/lib/python3.12/site-packages/airflow/example_dags/example_python_operator.py
[2024-11-13T19:28:29.954+0000] {processor.py:925} INFO - DAG(s) 'example_python_operator' retrieved from /home/airflow/.local/lib/python3.12/site-packages/airflow/example_dags/example_python_operator.py
[2024-11-13T19:28:29.970+0000] {logging_mixin.py:190} INFO - [2024-11-13T19:28:29.969+0000] {dag.py:3239} INFO - Sync 1 DAGs
[2024-11-13T19:28:29.979+0000] {logging_mixin.py:190} INFO - [2024-11-13T19:28:29.979+0000] {dag.py:4180} INFO - Setting next_dagrun for example_python_operator to None, run_after=None
[2024-11-13T19:28:29.992+0000] {processor.py:208} INFO - Processing /home/airflow/.local/lib/python3.12/site-packages/airflow/example_dags/example_python_operator.py took 0.054 seconds
[2024-11-13T19:29:00.550+0000] {processor.py:186} INFO - Started process (PID=810) to work on /home/airflow/.local/lib/python3.12/site-packages/airflow/example_dags/example_python_operator.py
[2024-11-13T19:29:00.550+0000] {processor.py:914} INFO - Processing file /home/airflow/.local/lib/python3.12/site-packages/airflow/example_dags/example_python_operator.py for tasks to queue
[2024-11-13T19:29:00.552+0000] {logging_mixin.py:190} INFO - [2024-11-13T19:29:00.552+0000] {dagbag.py:588} INFO - Filling up the DagBag from /home/airflow/.local/lib/python3.12/site-packages/airflow/example_dags/example_python_operator.py
[2024-11-13T19:29:00.560+0000] {processor.py:925} INFO - DAG(s) 'example_python_operator' retrieved from /home/airflow/.local/lib/python3.12/site-packages/airflow/example_dags/example_python_operator.py
[2024-11-13T19:29:00.575+0000] {logging_mixin.py:190} INFO - [2024-11-13T19:29:00.575+0000] {dag.py:3239} INFO - Sync 1 DAGs
[2024-11-13T19:29:00.585+0000] {logging_mixin.py:190} INFO - [2024-11-13T19:29:00.585+0000] {dag.py:4180} INFO - Setting next_dagrun for example_python_operator to None, run_after=None
[2024-11-13T19:29:00.598+0000] {processor.py:208} INFO - Processing /home/airflow/.local/lib/python3.12/site-packages/airflow/example_dags/example_python_operator.py took 0.053 seconds
[2024-11-13T19:29:31.591+0000] {processor.py:186} INFO - Started process (PID=873) to work on /home/airflow/.local/lib/python3.12/site-packages/airflow/example_dags/example_python_operator.py
[2024-11-13T19:29:31.592+0000] {processor.py:914} INFO - Processing file /home/airflow/.local/lib/python3.12/site-packages/airflow/example_dags/example_python_operator.py for tasks to queue
[2024-11-13T19:29:31.593+0000] {logging_mixin.py:190} INFO - [2024-11-13T19:29:31.593+0000] {dagbag.py:588} INFO - Filling up the DagBag from /home/airflow/.local/lib/python3.12/site-packages/airflow/example_dags/example_python_operator.py
[2024-11-13T19:29:31.602+0000] {processor.py:925} INFO - DAG(s) 'example_python_operator' retrieved from /home/airflow/.local/lib/python3.12/site-packages/airflow/example_dags/example_python_operator.py
[2024-11-13T19:29:31.619+0000] {logging_mixin.py:190} INFO - [2024-11-13T19:29:31.618+0000] {dag.py:3239} INFO - Sync 1 DAGs
[2024-11-13T19:29:31.628+0000] {logging_mixin.py:190} INFO - [2024-11-13T19:29:31.628+0000] {dag.py:4180} INFO - Setting next_dagrun for example_python_operator to None, run_after=None
[2024-11-13T19:29:31.641+0000] {processor.py:208} INFO - Processing /home/airflow/.local/lib/python3.12/site-packages/airflow/example_dags/example_python_operator.py took 0.055 seconds
[2024-11-13T19:30:03.031+0000] {processor.py:186} INFO - Started process (PID=937) to work on /home/airflow/.local/lib/python3.12/site-packages/airflow/example_dags/example_python_operator.py
[2024-11-13T19:30:03.032+0000] {processor.py:914} INFO - Processing file /home/airflow/.local/lib/python3.12/site-packages/airflow/example_dags/example_python_operator.py for tasks to queue
[2024-11-13T19:30:03.033+0000] {logging_mixin.py:190} INFO - [2024-11-13T19:30:03.033+0000] {dagbag.py:588} INFO - Filling up the DagBag from /home/airflow/.local/lib/python3.12/site-packages/airflow/example_dags/example_python_operator.py
[2024-11-13T19:30:03.042+0000] {processor.py:925} INFO - DAG(s) 'example_python_operator' retrieved from /home/airflow/.local/lib/python3.12/site-packages/airflow/example_dags/example_python_operator.py
[2024-11-13T19:30:03.058+0000] {logging_mixin.py:190} INFO - [2024-11-13T19:30:03.058+0000] {dag.py:3239} INFO - Sync 1 DAGs
[2024-11-13T19:30:03.068+0000] {logging_mixin.py:190} INFO - [2024-11-13T19:30:03.068+0000] {dag.py:4180} INFO - Setting next_dagrun for example_python_operator to None, run_after=None
[2024-11-13T19:30:03.082+0000] {processor.py:208} INFO - Processing /home/airflow/.local/lib/python3.12/site-packages/airflow/example_dags/example_python_operator.py took 0.056 seconds
[2024-11-13T19:30:34.314+0000] {processor.py:186} INFO - Started process (PID=1000) to work on /home/airflow/.local/lib/python3.12/site-packages/airflow/example_dags/example_python_operator.py
[2024-11-13T19:30:34.315+0000] {processor.py:914} INFO - Processing file /home/airflow/.local/lib/python3.12/site-packages/airflow/example_dags/example_python_operator.py for tasks to queue
[2024-11-13T19:30:34.316+0000] {logging_mixin.py:190} INFO - [2024-11-13T19:30:34.316+0000] {dagbag.py:588} INFO - Filling up the DagBag from /home/airflow/.local/lib/python3.12/site-packages/airflow/example_dags/example_python_operator.py
[2024-11-13T19:30:34.324+0000] {processor.py:925} INFO - DAG(s) 'example_python_operator' retrieved from /home/airflow/.local/lib/python3.12/site-packages/airflow/example_dags/example_python_operator.py
[2024-11-13T19:30:34.341+0000] {logging_mixin.py:190} INFO - [2024-11-13T19:30:34.341+0000] {dag.py:3239} INFO - Sync 1 DAGs
[2024-11-13T19:30:34.352+0000] {logging_mixin.py:190} INFO - [2024-11-13T19:30:34.351+0000] {dag.py:4180} INFO - Setting next_dagrun for example_python_operator to None, run_after=None
[2024-11-13T19:30:34.364+0000] {processor.py:208} INFO - Processing /home/airflow/.local/lib/python3.12/site-packages/airflow/example_dags/example_python_operator.py took 0.054 seconds
[2024-11-13T19:31:05.577+0000] {processor.py:186} INFO - Started process (PID=1063) to work on /home/airflow/.local/lib/python3.12/site-packages/airflow/example_dags/example_python_operator.py
[2024-11-13T19:31:05.578+0000] {processor.py:914} INFO - Processing file /home/airflow/.local/lib/python3.12/site-packages/airflow/example_dags/example_python_operator.py for tasks to queue
[2024-11-13T19:31:05.580+0000] {logging_mixin.py:190} INFO - [2024-11-13T19:31:05.579+0000] {dagbag.py:588} INFO - Filling up the DagBag from /home/airflow/.local/lib/python3.12/site-packages/airflow/example_dags/example_python_operator.py
[2024-11-13T19:31:05.588+0000] {processor.py:925} INFO - DAG(s) 'example_python_operator' retrieved from /home/airflow/.local/lib/python3.12/site-packages/airflow/example_dags/example_python_operator.py
[2024-11-13T19:31:05.604+0000] {logging_mixin.py:190} INFO - [2024-11-13T19:31:05.604+0000] {dag.py:3239} INFO - Sync 1 DAGs
[2024-11-13T19:31:05.615+0000] {logging_mixin.py:190} INFO - [2024-11-13T19:31:05.614+0000] {dag.py:4180} INFO - Setting next_dagrun for example_python_operator to None, run_after=None
[2024-11-13T19:31:05.629+0000] {processor.py:208} INFO - Processing /home/airflow/.local/lib/python3.12/site-packages/airflow/example_dags/example_python_operator.py took 0.055 seconds
[2024-11-13T19:31:36.589+0000] {processor.py:186} INFO - Started process (PID=1125) to work on /home/airflow/.local/lib/python3.12/site-packages/airflow/example_dags/example_python_operator.py
[2024-11-13T19:31:36.590+0000] {processor.py:914} INFO - Processing file /home/airflow/.local/lib/python3.12/site-packages/airflow/example_dags/example_python_operator.py for tasks to queue
[2024-11-13T19:31:36.592+0000] {logging_mixin.py:190} INFO - [2024-11-13T19:31:36.592+0000] {dagbag.py:588} INFO - Filling up the DagBag from /home/airflow/.local/lib/python3.12/site-packages/airflow/example_dags/example_python_operator.py
[2024-11-13T19:31:36.602+0000] {processor.py:925} INFO - DAG(s) 'example_python_operator' retrieved from /home/airflow/.local/lib/python3.12/site-packages/airflow/example_dags/example_python_operator.py
[2024-11-13T19:31:36.620+0000] {logging_mixin.py:190} INFO - [2024-11-13T19:31:36.620+0000] {dag.py:3239} INFO - Sync 1 DAGs
[2024-11-13T19:31:36.631+0000] {logging_mixin.py:190} INFO - [2024-11-13T19:31:36.631+0000] {dag.py:4180} INFO - Setting next_dagrun for example_python_operator to None, run_after=None
[2024-11-13T19:31:36.645+0000] {processor.py:208} INFO - Processing /home/airflow/.local/lib/python3.12/site-packages/airflow/example_dags/example_python_operator.py took 0.060 seconds
[2024-11-13T19:32:07.042+0000] {processor.py:186} INFO - Started process (PID=1188) to work on /home/airflow/.local/lib/python3.12/site-packages/airflow/example_dags/example_python_operator.py
[2024-11-13T19:32:07.044+0000] {processor.py:914} INFO - Processing file /home/airflow/.local/lib/python3.12/site-packages/airflow/example_dags/example_python_operator.py for tasks to queue
[2024-11-13T19:32:07.045+0000] {logging_mixin.py:190} INFO - [2024-11-13T19:32:07.045+0000] {dagbag.py:588} INFO - Filling up the DagBag from /home/airflow/.local/lib/python3.12/site-packages/airflow/example_dags/example_python_operator.py
[2024-11-13T19:32:07.058+0000] {processor.py:925} INFO - DAG(s) 'example_python_operator' retrieved from /home/airflow/.local/lib/python3.12/site-packages/airflow/example_dags/example_python_operator.py
[2024-11-13T19:32:07.077+0000] {logging_mixin.py:190} INFO - [2024-11-13T19:32:07.076+0000] {dag.py:3239} INFO - Sync 1 DAGs
[2024-11-13T19:32:07.088+0000] {logging_mixin.py:190} INFO - [2024-11-13T19:32:07.088+0000] {dag.py:4180} INFO - Setting next_dagrun for example_python_operator to None, run_after=None
[2024-11-13T19:32:07.103+0000] {processor.py:208} INFO - Processing /home/airflow/.local/lib/python3.12/site-packages/airflow/example_dags/example_python_operator.py took 0.065 seconds
[2024-11-13T19:32:37.582+0000] {processor.py:186} INFO - Started process (PID=1251) to work on /home/airflow/.local/lib/python3.12/site-packages/airflow/example_dags/example_python_operator.py
[2024-11-13T19:32:37.583+0000] {processor.py:914} INFO - Processing file /home/airflow/.local/lib/python3.12/site-packages/airflow/example_dags/example_python_operator.py for tasks to queue
[2024-11-13T19:32:37.586+0000] {logging_mixin.py:190} INFO - [2024-11-13T19:32:37.585+0000] {dagbag.py:588} INFO - Filling up the DagBag from /home/airflow/.local/lib/python3.12/site-packages/airflow/example_dags/example_python_operator.py
[2024-11-13T19:32:37.596+0000] {processor.py:925} INFO - DAG(s) 'example_python_operator' retrieved from /home/airflow/.local/lib/python3.12/site-packages/airflow/example_dags/example_python_operator.py
[2024-11-13T19:32:37.615+0000] {logging_mixin.py:190} INFO - [2024-11-13T19:32:37.615+0000] {dag.py:3239} INFO - Sync 1 DAGs
[2024-11-13T19:32:37.628+0000] {logging_mixin.py:190} INFO - [2024-11-13T19:32:37.628+0000] {dag.py:4180} INFO - Setting next_dagrun for example_python_operator to None, run_after=None
[2024-11-13T19:32:37.646+0000] {processor.py:208} INFO - Processing /home/airflow/.local/lib/python3.12/site-packages/airflow/example_dags/example_python_operator.py took 0.068 seconds
[2024-11-13T19:33:08.820+0000] {processor.py:186} INFO - Started process (PID=1315) to work on /home/airflow/.local/lib/python3.12/site-packages/airflow/example_dags/example_python_operator.py
[2024-11-13T19:33:08.821+0000] {processor.py:914} INFO - Processing file /home/airflow/.local/lib/python3.12/site-packages/airflow/example_dags/example_python_operator.py for tasks to queue
[2024-11-13T19:33:08.823+0000] {logging_mixin.py:190} INFO - [2024-11-13T19:33:08.822+0000] {dagbag.py:588} INFO - Filling up the DagBag from /home/airflow/.local/lib/python3.12/site-packages/airflow/example_dags/example_python_operator.py
[2024-11-13T19:33:08.831+0000] {processor.py:925} INFO - DAG(s) 'example_python_operator' retrieved from /home/airflow/.local/lib/python3.12/site-packages/airflow/example_dags/example_python_operator.py
[2024-11-13T19:33:08.846+0000] {logging_mixin.py:190} INFO - [2024-11-13T19:33:08.846+0000] {dag.py:3239} INFO - Sync 1 DAGs
[2024-11-13T19:33:08.856+0000] {logging_mixin.py:190} INFO - [2024-11-13T19:33:08.856+0000] {dag.py:4180} INFO - Setting next_dagrun for example_python_operator to None, run_after=None
[2024-11-13T19:33:08.869+0000] {processor.py:208} INFO - Processing /home/airflow/.local/lib/python3.12/site-packages/airflow/example_dags/example_python_operator.py took 0.052 seconds
[2024-11-13T19:33:39.310+0000] {processor.py:186} INFO - Started process (PID=1378) to work on /home/airflow/.local/lib/python3.12/site-packages/airflow/example_dags/example_python_operator.py
[2024-11-13T19:33:39.311+0000] {processor.py:914} INFO - Processing file /home/airflow/.local/lib/python3.12/site-packages/airflow/example_dags/example_python_operator.py for tasks to queue
[2024-11-13T19:33:39.313+0000] {logging_mixin.py:190} INFO - [2024-11-13T19:33:39.312+0000] {dagbag.py:588} INFO - Filling up the DagBag from /home/airflow/.local/lib/python3.12/site-packages/airflow/example_dags/example_python_operator.py
[2024-11-13T19:33:39.321+0000] {processor.py:925} INFO - DAG(s) 'example_python_operator' retrieved from /home/airflow/.local/lib/python3.12/site-packages/airflow/example_dags/example_python_operator.py
[2024-11-13T19:33:39.337+0000] {logging_mixin.py:190} INFO - [2024-11-13T19:33:39.337+0000] {dag.py:3239} INFO - Sync 1 DAGs
[2024-11-13T19:33:39.347+0000] {logging_mixin.py:190} INFO - [2024-11-13T19:33:39.347+0000] {dag.py:4180} INFO - Setting next_dagrun for example_python_operator to None, run_after=None
[2024-11-13T19:33:39.360+0000] {processor.py:208} INFO - Processing /home/airflow/.local/lib/python3.12/site-packages/airflow/example_dags/example_python_operator.py took 0.054 seconds
[2024-11-13T19:34:10.521+0000] {processor.py:186} INFO - Started process (PID=1441) to work on /home/airflow/.local/lib/python3.12/site-packages/airflow/example_dags/example_python_operator.py
[2024-11-13T19:34:10.523+0000] {processor.py:914} INFO - Processing file /home/airflow/.local/lib/python3.12/site-packages/airflow/example_dags/example_python_operator.py for tasks to queue
[2024-11-13T19:34:10.524+0000] {logging_mixin.py:190} INFO - [2024-11-13T19:34:10.524+0000] {dagbag.py:588} INFO - Filling up the DagBag from /home/airflow/.local/lib/python3.12/site-packages/airflow/example_dags/example_python_operator.py
[2024-11-13T19:34:10.533+0000] {processor.py:925} INFO - DAG(s) 'example_python_operator' retrieved from /home/airflow/.local/lib/python3.12/site-packages/airflow/example_dags/example_python_operator.py
[2024-11-13T19:34:10.549+0000] {logging_mixin.py:190} INFO - [2024-11-13T19:34:10.549+0000] {dag.py:3239} INFO - Sync 1 DAGs
[2024-11-13T19:34:10.558+0000] {logging_mixin.py:190} INFO - [2024-11-13T19:34:10.558+0000] {dag.py:4180} INFO - Setting next_dagrun for example_python_operator to None, run_after=None
[2024-11-13T19:34:10.571+0000] {processor.py:208} INFO - Processing /home/airflow/.local/lib/python3.12/site-packages/airflow/example_dags/example_python_operator.py took 0.054 seconds
[2024-11-13T19:34:42.176+0000] {processor.py:186} INFO - Started process (PID=1505) to work on /home/airflow/.local/lib/python3.12/site-packages/airflow/example_dags/example_python_operator.py
[2024-11-13T19:34:42.177+0000] {processor.py:914} INFO - Processing file /home/airflow/.local/lib/python3.12/site-packages/airflow/example_dags/example_python_operator.py for tasks to queue
[2024-11-13T19:34:42.178+0000] {logging_mixin.py:190} INFO - [2024-11-13T19:34:42.178+0000] {dagbag.py:588} INFO - Filling up the DagBag from /home/airflow/.local/lib/python3.12/site-packages/airflow/example_dags/example_python_operator.py
[2024-11-13T19:34:42.188+0000] {processor.py:925} INFO - DAG(s) 'example_python_operator' retrieved from /home/airflow/.local/lib/python3.12/site-packages/airflow/example_dags/example_python_operator.py
[2024-11-13T19:34:42.206+0000] {logging_mixin.py:190} INFO - [2024-11-13T19:34:42.205+0000] {dag.py:3239} INFO - Sync 1 DAGs
[2024-11-13T19:34:42.217+0000] {logging_mixin.py:190} INFO - [2024-11-13T19:34:42.216+0000] {dag.py:4180} INFO - Setting next_dagrun for example_python_operator to None, run_after=None
[2024-11-13T19:34:42.231+0000] {processor.py:208} INFO - Processing /home/airflow/.local/lib/python3.12/site-packages/airflow/example_dags/example_python_operator.py took 0.060 seconds
[2024-11-13T19:35:13.778+0000] {processor.py:186} INFO - Started process (PID=1568) to work on /home/airflow/.local/lib/python3.12/site-packages/airflow/example_dags/example_python_operator.py
[2024-11-13T19:35:13.779+0000] {processor.py:914} INFO - Processing file /home/airflow/.local/lib/python3.12/site-packages/airflow/example_dags/example_python_operator.py for tasks to queue
[2024-11-13T19:35:13.780+0000] {logging_mixin.py:190} INFO - [2024-11-13T19:35:13.780+0000] {dagbag.py:588} INFO - Filling up the DagBag from /home/airflow/.local/lib/python3.12/site-packages/airflow/example_dags/example_python_operator.py
[2024-11-13T19:35:13.789+0000] {processor.py:925} INFO - DAG(s) 'example_python_operator' retrieved from /home/airflow/.local/lib/python3.12/site-packages/airflow/example_dags/example_python_operator.py
[2024-11-13T19:35:13.805+0000] {logging_mixin.py:190} INFO - [2024-11-13T19:35:13.805+0000] {dag.py:3239} INFO - Sync 1 DAGs
[2024-11-13T19:35:13.815+0000] {logging_mixin.py:190} INFO - [2024-11-13T19:35:13.815+0000] {dag.py:4180} INFO - Setting next_dagrun for example_python_operator to None, run_after=None
[2024-11-13T19:35:13.828+0000] {processor.py:208} INFO - Processing /home/airflow/.local/lib/python3.12/site-packages/airflow/example_dags/example_python_operator.py took 0.055 seconds
[2024-11-13T19:35:43.989+0000] {processor.py:186} INFO - Started process (PID=1631) to work on /home/airflow/.local/lib/python3.12/site-packages/airflow/example_dags/example_python_operator.py
[2024-11-13T19:35:43.990+0000] {processor.py:914} INFO - Processing file /home/airflow/.local/lib/python3.12/site-packages/airflow/example_dags/example_python_operator.py for tasks to queue
[2024-11-13T19:35:43.992+0000] {logging_mixin.py:190} INFO - [2024-11-13T19:35:43.992+0000] {dagbag.py:588} INFO - Filling up the DagBag from /home/airflow/.local/lib/python3.12/site-packages/airflow/example_dags/example_python_operator.py
[2024-11-13T19:35:44.002+0000] {processor.py:925} INFO - DAG(s) 'example_python_operator' retrieved from /home/airflow/.local/lib/python3.12/site-packages/airflow/example_dags/example_python_operator.py
[2024-11-13T19:35:44.021+0000] {logging_mixin.py:190} INFO - [2024-11-13T19:35:44.021+0000] {dag.py:3239} INFO - Sync 1 DAGs
[2024-11-13T19:35:44.032+0000] {logging_mixin.py:190} INFO - [2024-11-13T19:35:44.031+0000] {dag.py:4180} INFO - Setting next_dagrun for example_python_operator to None, run_after=None
[2024-11-13T19:35:44.046+0000] {processor.py:208} INFO - Processing /home/airflow/.local/lib/python3.12/site-packages/airflow/example_dags/example_python_operator.py took 0.061 seconds
[2024-11-13T19:36:15.414+0000] {processor.py:186} INFO - Started process (PID=1694) to work on /home/airflow/.local/lib/python3.12/site-packages/airflow/example_dags/example_python_operator.py
[2024-11-13T19:36:15.415+0000] {processor.py:914} INFO - Processing file /home/airflow/.local/lib/python3.12/site-packages/airflow/example_dags/example_python_operator.py for tasks to queue
[2024-11-13T19:36:15.417+0000] {logging_mixin.py:190} INFO - [2024-11-13T19:36:15.417+0000] {dagbag.py:588} INFO - Filling up the DagBag from /home/airflow/.local/lib/python3.12/site-packages/airflow/example_dags/example_python_operator.py
[2024-11-13T19:36:15.426+0000] {processor.py:925} INFO - DAG(s) 'example_python_operator' retrieved from /home/airflow/.local/lib/python3.12/site-packages/airflow/example_dags/example_python_operator.py
[2024-11-13T19:36:15.442+0000] {logging_mixin.py:190} INFO - [2024-11-13T19:36:15.442+0000] {dag.py:3239} INFO - Sync 1 DAGs
[2024-11-13T19:36:15.452+0000] {logging_mixin.py:190} INFO - [2024-11-13T19:36:15.452+0000] {dag.py:4180} INFO - Setting next_dagrun for example_python_operator to None, run_after=None
[2024-11-13T19:36:15.464+0000] {processor.py:208} INFO - Processing /home/airflow/.local/lib/python3.12/site-packages/airflow/example_dags/example_python_operator.py took 0.054 seconds
[2024-11-13T19:36:46.571+0000] {processor.py:186} INFO - Started process (PID=1757) to work on /home/airflow/.local/lib/python3.12/site-packages/airflow/example_dags/example_python_operator.py
[2024-11-13T19:36:46.572+0000] {processor.py:914} INFO - Processing file /home/airflow/.local/lib/python3.12/site-packages/airflow/example_dags/example_python_operator.py for tasks to queue
[2024-11-13T19:36:46.573+0000] {logging_mixin.py:190} INFO - [2024-11-13T19:36:46.573+0000] {dagbag.py:588} INFO - Filling up the DagBag from /home/airflow/.local/lib/python3.12/site-packages/airflow/example_dags/example_python_operator.py
[2024-11-13T19:36:46.582+0000] {processor.py:925} INFO - DAG(s) 'example_python_operator' retrieved from /home/airflow/.local/lib/python3.12/site-packages/airflow/example_dags/example_python_operator.py
[2024-11-13T19:36:46.599+0000] {logging_mixin.py:190} INFO - [2024-11-13T19:36:46.599+0000] {dag.py:3239} INFO - Sync 1 DAGs
[2024-11-13T19:36:46.609+0000] {logging_mixin.py:190} INFO - [2024-11-13T19:36:46.609+0000] {dag.py:4180} INFO - Setting next_dagrun for example_python_operator to None, run_after=None
[2024-11-13T19:36:46.623+0000] {processor.py:208} INFO - Processing /home/airflow/.local/lib/python3.12/site-packages/airflow/example_dags/example_python_operator.py took 0.057 seconds
[2024-11-13T19:37:17.723+0000] {processor.py:186} INFO - Started process (PID=1820) to work on /home/airflow/.local/lib/python3.12/site-packages/airflow/example_dags/example_python_operator.py
[2024-11-13T19:37:17.724+0000] {processor.py:914} INFO - Processing file /home/airflow/.local/lib/python3.12/site-packages/airflow/example_dags/example_python_operator.py for tasks to queue
[2024-11-13T19:37:17.726+0000] {logging_mixin.py:190} INFO - [2024-11-13T19:37:17.726+0000] {dagbag.py:588} INFO - Filling up the DagBag from /home/airflow/.local/lib/python3.12/site-packages/airflow/example_dags/example_python_operator.py
[2024-11-13T19:37:17.734+0000] {processor.py:925} INFO - DAG(s) 'example_python_operator' retrieved from /home/airflow/.local/lib/python3.12/site-packages/airflow/example_dags/example_python_operator.py
[2024-11-13T19:37:17.750+0000] {logging_mixin.py:190} INFO - [2024-11-13T19:37:17.750+0000] {dag.py:3239} INFO - Sync 1 DAGs
[2024-11-13T19:37:17.760+0000] {logging_mixin.py:190} INFO - [2024-11-13T19:37:17.760+0000] {dag.py:4180} INFO - Setting next_dagrun for example_python_operator to None, run_after=None
[2024-11-13T19:37:17.773+0000] {processor.py:208} INFO - Processing /home/airflow/.local/lib/python3.12/site-packages/airflow/example_dags/example_python_operator.py took 0.054 seconds
[2024-11-13T19:37:48.933+0000] {processor.py:186} INFO - Started process (PID=1883) to work on /home/airflow/.local/lib/python3.12/site-packages/airflow/example_dags/example_python_operator.py
[2024-11-13T19:37:48.934+0000] {processor.py:914} INFO - Processing file /home/airflow/.local/lib/python3.12/site-packages/airflow/example_dags/example_python_operator.py for tasks to queue
[2024-11-13T19:37:48.936+0000] {logging_mixin.py:190} INFO - [2024-11-13T19:37:48.935+0000] {dagbag.py:588} INFO - Filling up the DagBag from /home/airflow/.local/lib/python3.12/site-packages/airflow/example_dags/example_python_operator.py
[2024-11-13T19:37:48.946+0000] {processor.py:925} INFO - DAG(s) 'example_python_operator' retrieved from /home/airflow/.local/lib/python3.12/site-packages/airflow/example_dags/example_python_operator.py
[2024-11-13T19:37:48.966+0000] {logging_mixin.py:190} INFO - [2024-11-13T19:37:48.966+0000] {dag.py:3239} INFO - Sync 1 DAGs
[2024-11-13T19:37:48.978+0000] {logging_mixin.py:190} INFO - [2024-11-13T19:37:48.978+0000] {dag.py:4180} INFO - Setting next_dagrun for example_python_operator to None, run_after=None
[2024-11-13T19:37:48.994+0000] {processor.py:208} INFO - Processing /home/airflow/.local/lib/python3.12/site-packages/airflow/example_dags/example_python_operator.py took 0.065 seconds
[2024-11-13T19:38:20.172+0000] {processor.py:186} INFO - Started process (PID=1952) to work on /home/airflow/.local/lib/python3.12/site-packages/airflow/example_dags/example_python_operator.py
[2024-11-13T19:38:20.172+0000] {processor.py:914} INFO - Processing file /home/airflow/.local/lib/python3.12/site-packages/airflow/example_dags/example_python_operator.py for tasks to queue
[2024-11-13T19:38:20.174+0000] {logging_mixin.py:190} INFO - [2024-11-13T19:38:20.174+0000] {dagbag.py:588} INFO - Filling up the DagBag from /home/airflow/.local/lib/python3.12/site-packages/airflow/example_dags/example_python_operator.py
[2024-11-13T19:38:20.183+0000] {processor.py:925} INFO - DAG(s) 'example_python_operator' retrieved from /home/airflow/.local/lib/python3.12/site-packages/airflow/example_dags/example_python_operator.py
[2024-11-13T19:38:20.200+0000] {logging_mixin.py:190} INFO - [2024-11-13T19:38:20.199+0000] {dag.py:3239} INFO - Sync 1 DAGs
[2024-11-13T19:38:20.210+0000] {logging_mixin.py:190} INFO - [2024-11-13T19:38:20.210+0000] {dag.py:4180} INFO - Setting next_dagrun for example_python_operator to None, run_after=None
[2024-11-13T19:38:20.225+0000] {processor.py:208} INFO - Processing /home/airflow/.local/lib/python3.12/site-packages/airflow/example_dags/example_python_operator.py took 0.058 seconds
[2024-11-13T19:38:51.328+0000] {processor.py:186} INFO - Started process (PID=2015) to work on /home/airflow/.local/lib/python3.12/site-packages/airflow/example_dags/example_python_operator.py
[2024-11-13T19:38:51.328+0000] {processor.py:914} INFO - Processing file /home/airflow/.local/lib/python3.12/site-packages/airflow/example_dags/example_python_operator.py for tasks to queue
[2024-11-13T19:38:51.330+0000] {logging_mixin.py:190} INFO - [2024-11-13T19:38:51.330+0000] {dagbag.py:588} INFO - Filling up the DagBag from /home/airflow/.local/lib/python3.12/site-packages/airflow/example_dags/example_python_operator.py
[2024-11-13T19:38:51.339+0000] {processor.py:925} INFO - DAG(s) 'example_python_operator' retrieved from /home/airflow/.local/lib/python3.12/site-packages/airflow/example_dags/example_python_operator.py
[2024-11-13T19:38:51.357+0000] {logging_mixin.py:190} INFO - [2024-11-13T19:38:51.357+0000] {dag.py:3239} INFO - Sync 1 DAGs
[2024-11-13T19:38:51.368+0000] {logging_mixin.py:190} INFO - [2024-11-13T19:38:51.368+0000] {dag.py:4180} INFO - Setting next_dagrun for example_python_operator to None, run_after=None
[2024-11-13T19:38:51.382+0000] {processor.py:208} INFO - Processing /home/airflow/.local/lib/python3.12/site-packages/airflow/example_dags/example_python_operator.py took 0.059 seconds
[2024-11-13T19:39:22.666+0000] {processor.py:186} INFO - Started process (PID=2078) to work on /home/airflow/.local/lib/python3.12/site-packages/airflow/example_dags/example_python_operator.py
[2024-11-13T19:39:22.668+0000] {processor.py:914} INFO - Processing file /home/airflow/.local/lib/python3.12/site-packages/airflow/example_dags/example_python_operator.py for tasks to queue
[2024-11-13T19:39:22.669+0000] {logging_mixin.py:190} INFO - [2024-11-13T19:39:22.669+0000] {dagbag.py:588} INFO - Filling up the DagBag from /home/airflow/.local/lib/python3.12/site-packages/airflow/example_dags/example_python_operator.py
[2024-11-13T19:39:22.678+0000] {processor.py:925} INFO - DAG(s) 'example_python_operator' retrieved from /home/airflow/.local/lib/python3.12/site-packages/airflow/example_dags/example_python_operator.py
[2024-11-13T19:39:22.695+0000] {logging_mixin.py:190} INFO - [2024-11-13T19:39:22.694+0000] {dag.py:3239} INFO - Sync 1 DAGs
[2024-11-13T19:39:22.705+0000] {logging_mixin.py:190} INFO - [2024-11-13T19:39:22.705+0000] {dag.py:4180} INFO - Setting next_dagrun for example_python_operator to None, run_after=None
[2024-11-13T19:39:22.721+0000] {processor.py:208} INFO - Processing /home/airflow/.local/lib/python3.12/site-packages/airflow/example_dags/example_python_operator.py took 0.059 seconds
[2024-11-13T19:39:53.942+0000] {processor.py:186} INFO - Started process (PID=2141) to work on /home/airflow/.local/lib/python3.12/site-packages/airflow/example_dags/example_python_operator.py
[2024-11-13T19:39:53.943+0000] {processor.py:914} INFO - Processing file /home/airflow/.local/lib/python3.12/site-packages/airflow/example_dags/example_python_operator.py for tasks to queue
[2024-11-13T19:39:53.945+0000] {logging_mixin.py:190} INFO - [2024-11-13T19:39:53.944+0000] {dagbag.py:588} INFO - Filling up the DagBag from /home/airflow/.local/lib/python3.12/site-packages/airflow/example_dags/example_python_operator.py
[2024-11-13T19:39:53.954+0000] {processor.py:925} INFO - DAG(s) 'example_python_operator' retrieved from /home/airflow/.local/lib/python3.12/site-packages/airflow/example_dags/example_python_operator.py
[2024-11-13T19:39:53.971+0000] {logging_mixin.py:190} INFO - [2024-11-13T19:39:53.971+0000] {dag.py:3239} INFO - Sync 1 DAGs
[2024-11-13T19:39:53.982+0000] {logging_mixin.py:190} INFO - [2024-11-13T19:39:53.982+0000] {dag.py:4180} INFO - Setting next_dagrun for example_python_operator to None, run_after=None
[2024-11-13T19:39:53.995+0000] {processor.py:208} INFO - Processing /home/airflow/.local/lib/python3.12/site-packages/airflow/example_dags/example_python_operator.py took 0.057 seconds
[2024-11-13T19:40:25.407+0000] {processor.py:186} INFO - Started process (PID=2204) to work on /home/airflow/.local/lib/python3.12/site-packages/airflow/example_dags/example_python_operator.py
[2024-11-13T19:40:25.408+0000] {processor.py:914} INFO - Processing file /home/airflow/.local/lib/python3.12/site-packages/airflow/example_dags/example_python_operator.py for tasks to queue
[2024-11-13T19:40:25.410+0000] {logging_mixin.py:190} INFO - [2024-11-13T19:40:25.410+0000] {dagbag.py:588} INFO - Filling up the DagBag from /home/airflow/.local/lib/python3.12/site-packages/airflow/example_dags/example_python_operator.py
[2024-11-13T19:40:25.420+0000] {processor.py:925} INFO - DAG(s) 'example_python_operator' retrieved from /home/airflow/.local/lib/python3.12/site-packages/airflow/example_dags/example_python_operator.py
[2024-11-13T19:40:25.439+0000] {logging_mixin.py:190} INFO - [2024-11-13T19:40:25.439+0000] {dag.py:3239} INFO - Sync 1 DAGs
[2024-11-13T19:40:25.449+0000] {logging_mixin.py:190} INFO - [2024-11-13T19:40:25.449+0000] {dag.py:4180} INFO - Setting next_dagrun for example_python_operator to None, run_after=None
[2024-11-13T19:40:25.465+0000] {processor.py:208} INFO - Processing /home/airflow/.local/lib/python3.12/site-packages/airflow/example_dags/example_python_operator.py took 0.062 seconds
[2024-11-13T19:40:55.860+0000] {processor.py:186} INFO - Started process (PID=2269) to work on /home/airflow/.local/lib/python3.12/site-packages/airflow/example_dags/example_python_operator.py
[2024-11-13T19:40:55.861+0000] {processor.py:914} INFO - Processing file /home/airflow/.local/lib/python3.12/site-packages/airflow/example_dags/example_python_operator.py for tasks to queue
[2024-11-13T19:40:55.863+0000] {logging_mixin.py:190} INFO - [2024-11-13T19:40:55.863+0000] {dagbag.py:588} INFO - Filling up the DagBag from /home/airflow/.local/lib/python3.12/site-packages/airflow/example_dags/example_python_operator.py
[2024-11-13T19:40:55.873+0000] {processor.py:925} INFO - DAG(s) 'example_python_operator' retrieved from /home/airflow/.local/lib/python3.12/site-packages/airflow/example_dags/example_python_operator.py
[2024-11-13T19:40:55.891+0000] {logging_mixin.py:190} INFO - [2024-11-13T19:40:55.891+0000] {dag.py:3239} INFO - Sync 1 DAGs
[2024-11-13T19:40:55.903+0000] {logging_mixin.py:190} INFO - [2024-11-13T19:40:55.902+0000] {dag.py:4180} INFO - Setting next_dagrun for example_python_operator to None, run_after=None
[2024-11-13T19:40:55.918+0000] {processor.py:208} INFO - Processing /home/airflow/.local/lib/python3.12/site-packages/airflow/example_dags/example_python_operator.py took 0.062 seconds
[2024-11-13T19:41:26.289+0000] {processor.py:186} INFO - Started process (PID=2331) to work on /home/airflow/.local/lib/python3.12/site-packages/airflow/example_dags/example_python_operator.py
[2024-11-13T19:41:26.291+0000] {processor.py:914} INFO - Processing file /home/airflow/.local/lib/python3.12/site-packages/airflow/example_dags/example_python_operator.py for tasks to queue
[2024-11-13T19:41:26.293+0000] {logging_mixin.py:190} INFO - [2024-11-13T19:41:26.292+0000] {dagbag.py:588} INFO - Filling up the DagBag from /home/airflow/.local/lib/python3.12/site-packages/airflow/example_dags/example_python_operator.py
[2024-11-13T19:41:26.302+0000] {processor.py:925} INFO - DAG(s) 'example_python_operator' retrieved from /home/airflow/.local/lib/python3.12/site-packages/airflow/example_dags/example_python_operator.py
[2024-11-13T19:41:26.319+0000] {logging_mixin.py:190} INFO - [2024-11-13T19:41:26.319+0000] {dag.py:3239} INFO - Sync 1 DAGs
[2024-11-13T19:41:26.331+0000] {logging_mixin.py:190} INFO - [2024-11-13T19:41:26.331+0000] {dag.py:4180} INFO - Setting next_dagrun for example_python_operator to None, run_after=None
[2024-11-13T19:41:26.344+0000] {processor.py:208} INFO - Processing /home/airflow/.local/lib/python3.12/site-packages/airflow/example_dags/example_python_operator.py took 0.058 seconds
[2024-11-13T19:41:57.584+0000] {processor.py:186} INFO - Started process (PID=2397) to work on /home/airflow/.local/lib/python3.12/site-packages/airflow/example_dags/example_python_operator.py
[2024-11-13T19:41:57.585+0000] {processor.py:914} INFO - Processing file /home/airflow/.local/lib/python3.12/site-packages/airflow/example_dags/example_python_operator.py for tasks to queue
[2024-11-13T19:41:57.588+0000] {logging_mixin.py:190} INFO - [2024-11-13T19:41:57.587+0000] {dagbag.py:588} INFO - Filling up the DagBag from /home/airflow/.local/lib/python3.12/site-packages/airflow/example_dags/example_python_operator.py
[2024-11-13T19:41:57.596+0000] {processor.py:925} INFO - DAG(s) 'example_python_operator' retrieved from /home/airflow/.local/lib/python3.12/site-packages/airflow/example_dags/example_python_operator.py
[2024-11-13T19:41:57.614+0000] {logging_mixin.py:190} INFO - [2024-11-13T19:41:57.614+0000] {dag.py:3239} INFO - Sync 1 DAGs
[2024-11-13T19:41:57.624+0000] {logging_mixin.py:190} INFO - [2024-11-13T19:41:57.624+0000] {dag.py:4180} INFO - Setting next_dagrun for example_python_operator to None, run_after=None
[2024-11-13T19:41:57.638+0000] {processor.py:208} INFO - Processing /home/airflow/.local/lib/python3.12/site-packages/airflow/example_dags/example_python_operator.py took 0.058 seconds
[2024-11-13T19:42:29.818+0000] {processor.py:186} INFO - Started process (PID=2473) to work on /home/airflow/.local/lib/python3.12/site-packages/airflow/example_dags/example_python_operator.py
[2024-11-13T19:42:29.819+0000] {processor.py:914} INFO - Processing file /home/airflow/.local/lib/python3.12/site-packages/airflow/example_dags/example_python_operator.py for tasks to queue
[2024-11-13T19:42:29.821+0000] {logging_mixin.py:190} INFO - [2024-11-13T19:42:29.821+0000] {dagbag.py:588} INFO - Filling up the DagBag from /home/airflow/.local/lib/python3.12/site-packages/airflow/example_dags/example_python_operator.py
[2024-11-13T19:42:29.830+0000] {processor.py:925} INFO - DAG(s) 'example_python_operator' retrieved from /home/airflow/.local/lib/python3.12/site-packages/airflow/example_dags/example_python_operator.py
[2024-11-13T19:42:29.848+0000] {logging_mixin.py:190} INFO - [2024-11-13T19:42:29.848+0000] {dag.py:3239} INFO - Sync 1 DAGs
[2024-11-13T19:42:29.859+0000] {logging_mixin.py:190} INFO - [2024-11-13T19:42:29.858+0000] {dag.py:4180} INFO - Setting next_dagrun for example_python_operator to None, run_after=None
[2024-11-13T19:42:29.874+0000] {processor.py:208} INFO - Processing /home/airflow/.local/lib/python3.12/site-packages/airflow/example_dags/example_python_operator.py took 0.061 seconds
[2024-11-13T19:43:00.077+0000] {processor.py:186} INFO - Started process (PID=2535) to work on /home/airflow/.local/lib/python3.12/site-packages/airflow/example_dags/example_python_operator.py
[2024-11-13T19:43:00.078+0000] {processor.py:914} INFO - Processing file /home/airflow/.local/lib/python3.12/site-packages/airflow/example_dags/example_python_operator.py for tasks to queue
[2024-11-13T19:43:00.080+0000] {logging_mixin.py:190} INFO - [2024-11-13T19:43:00.080+0000] {dagbag.py:588} INFO - Filling up the DagBag from /home/airflow/.local/lib/python3.12/site-packages/airflow/example_dags/example_python_operator.py
[2024-11-13T19:43:00.089+0000] {processor.py:925} INFO - DAG(s) 'example_python_operator' retrieved from /home/airflow/.local/lib/python3.12/site-packages/airflow/example_dags/example_python_operator.py
[2024-11-13T19:43:00.106+0000] {logging_mixin.py:190} INFO - [2024-11-13T19:43:00.106+0000] {dag.py:3239} INFO - Sync 1 DAGs
[2024-11-13T19:43:00.118+0000] {logging_mixin.py:190} INFO - [2024-11-13T19:43:00.118+0000] {dag.py:4180} INFO - Setting next_dagrun for example_python_operator to None, run_after=None
[2024-11-13T19:43:00.134+0000] {processor.py:208} INFO - Processing /home/airflow/.local/lib/python3.12/site-packages/airflow/example_dags/example_python_operator.py took 0.061 seconds
[2024-11-13T19:43:30.573+0000] {processor.py:186} INFO - Started process (PID=2597) to work on /home/airflow/.local/lib/python3.12/site-packages/airflow/example_dags/example_python_operator.py
[2024-11-13T19:43:30.574+0000] {processor.py:914} INFO - Processing file /home/airflow/.local/lib/python3.12/site-packages/airflow/example_dags/example_python_operator.py for tasks to queue
[2024-11-13T19:43:30.576+0000] {logging_mixin.py:190} INFO - [2024-11-13T19:43:30.576+0000] {dagbag.py:588} INFO - Filling up the DagBag from /home/airflow/.local/lib/python3.12/site-packages/airflow/example_dags/example_python_operator.py
[2024-11-13T19:43:30.585+0000] {processor.py:925} INFO - DAG(s) 'example_python_operator' retrieved from /home/airflow/.local/lib/python3.12/site-packages/airflow/example_dags/example_python_operator.py
[2024-11-13T19:43:30.603+0000] {logging_mixin.py:190} INFO - [2024-11-13T19:43:30.603+0000] {dag.py:3239} INFO - Sync 1 DAGs
[2024-11-13T19:43:30.614+0000] {logging_mixin.py:190} INFO - [2024-11-13T19:43:30.614+0000] {dag.py:4180} INFO - Setting next_dagrun for example_python_operator to None, run_after=None
[2024-11-13T19:43:30.629+0000] {processor.py:208} INFO - Processing /home/airflow/.local/lib/python3.12/site-packages/airflow/example_dags/example_python_operator.py took 0.061 seconds
[2024-11-13T19:44:01.062+0000] {processor.py:186} INFO - Started process (PID=2660) to work on /home/airflow/.local/lib/python3.12/site-packages/airflow/example_dags/example_python_operator.py
[2024-11-13T19:44:01.063+0000] {processor.py:914} INFO - Processing file /home/airflow/.local/lib/python3.12/site-packages/airflow/example_dags/example_python_operator.py for tasks to queue
[2024-11-13T19:44:01.065+0000] {logging_mixin.py:190} INFO - [2024-11-13T19:44:01.064+0000] {dagbag.py:588} INFO - Filling up the DagBag from /home/airflow/.local/lib/python3.12/site-packages/airflow/example_dags/example_python_operator.py
[2024-11-13T19:44:01.074+0000] {processor.py:925} INFO - DAG(s) 'example_python_operator' retrieved from /home/airflow/.local/lib/python3.12/site-packages/airflow/example_dags/example_python_operator.py
[2024-11-13T19:44:01.090+0000] {logging_mixin.py:190} INFO - [2024-11-13T19:44:01.090+0000] {dag.py:3239} INFO - Sync 1 DAGs
[2024-11-13T19:44:01.101+0000] {logging_mixin.py:190} INFO - [2024-11-13T19:44:01.101+0000] {dag.py:4180} INFO - Setting next_dagrun for example_python_operator to None, run_after=None
[2024-11-13T19:44:01.114+0000] {processor.py:208} INFO - Processing /home/airflow/.local/lib/python3.12/site-packages/airflow/example_dags/example_python_operator.py took 0.056 seconds
[2024-11-13T19:44:31.633+0000] {processor.py:186} INFO - Started process (PID=2723) to work on /home/airflow/.local/lib/python3.12/site-packages/airflow/example_dags/example_python_operator.py
[2024-11-13T19:44:31.634+0000] {processor.py:914} INFO - Processing file /home/airflow/.local/lib/python3.12/site-packages/airflow/example_dags/example_python_operator.py for tasks to queue
[2024-11-13T19:44:31.636+0000] {logging_mixin.py:190} INFO - [2024-11-13T19:44:31.636+0000] {dagbag.py:588} INFO - Filling up the DagBag from /home/airflow/.local/lib/python3.12/site-packages/airflow/example_dags/example_python_operator.py
[2024-11-13T19:44:31.646+0000] {processor.py:925} INFO - DAG(s) 'example_python_operator' retrieved from /home/airflow/.local/lib/python3.12/site-packages/airflow/example_dags/example_python_operator.py
[2024-11-13T19:44:31.664+0000] {logging_mixin.py:190} INFO - [2024-11-13T19:44:31.664+0000] {dag.py:3239} INFO - Sync 1 DAGs
[2024-11-13T19:44:31.674+0000] {logging_mixin.py:190} INFO - [2024-11-13T19:44:31.674+0000] {dag.py:4180} INFO - Setting next_dagrun for example_python_operator to None, run_after=None
[2024-11-13T19:44:31.689+0000] {processor.py:208} INFO - Processing /home/airflow/.local/lib/python3.12/site-packages/airflow/example_dags/example_python_operator.py took 0.060 seconds
[2024-11-13T19:45:02.382+0000] {processor.py:186} INFO - Started process (PID=2786) to work on /home/airflow/.local/lib/python3.12/site-packages/airflow/example_dags/example_python_operator.py
[2024-11-13T19:45:02.383+0000] {processor.py:914} INFO - Processing file /home/airflow/.local/lib/python3.12/site-packages/airflow/example_dags/example_python_operator.py for tasks to queue
[2024-11-13T19:45:02.385+0000] {logging_mixin.py:190} INFO - [2024-11-13T19:45:02.385+0000] {dagbag.py:588} INFO - Filling up the DagBag from /home/airflow/.local/lib/python3.12/site-packages/airflow/example_dags/example_python_operator.py
[2024-11-13T19:45:02.395+0000] {processor.py:925} INFO - DAG(s) 'example_python_operator' retrieved from /home/airflow/.local/lib/python3.12/site-packages/airflow/example_dags/example_python_operator.py
[2024-11-13T19:45:02.411+0000] {logging_mixin.py:190} INFO - [2024-11-13T19:45:02.411+0000] {dag.py:3239} INFO - Sync 1 DAGs
[2024-11-13T19:45:02.421+0000] {logging_mixin.py:190} INFO - [2024-11-13T19:45:02.421+0000] {dag.py:4180} INFO - Setting next_dagrun for example_python_operator to None, run_after=None
[2024-11-13T19:45:02.436+0000] {processor.py:208} INFO - Processing /home/airflow/.local/lib/python3.12/site-packages/airflow/example_dags/example_python_operator.py took 0.058 seconds
[2024-11-13T19:45:33.993+0000] {processor.py:186} INFO - Started process (PID=2856) to work on /home/airflow/.local/lib/python3.12/site-packages/airflow/example_dags/example_python_operator.py
[2024-11-13T19:45:33.994+0000] {processor.py:914} INFO - Processing file /home/airflow/.local/lib/python3.12/site-packages/airflow/example_dags/example_python_operator.py for tasks to queue
[2024-11-13T19:45:33.996+0000] {logging_mixin.py:190} INFO - [2024-11-13T19:45:33.996+0000] {dagbag.py:588} INFO - Filling up the DagBag from /home/airflow/.local/lib/python3.12/site-packages/airflow/example_dags/example_python_operator.py
[2024-11-13T19:45:34.005+0000] {processor.py:925} INFO - DAG(s) 'example_python_operator' retrieved from /home/airflow/.local/lib/python3.12/site-packages/airflow/example_dags/example_python_operator.py
[2024-11-13T19:45:34.022+0000] {logging_mixin.py:190} INFO - [2024-11-13T19:45:34.022+0000] {dag.py:3239} INFO - Sync 1 DAGs
[2024-11-13T19:45:34.032+0000] {logging_mixin.py:190} INFO - [2024-11-13T19:45:34.032+0000] {dag.py:4180} INFO - Setting next_dagrun for example_python_operator to None, run_after=None
[2024-11-13T19:45:34.046+0000] {processor.py:208} INFO - Processing /home/airflow/.local/lib/python3.12/site-packages/airflow/example_dags/example_python_operator.py took 0.057 seconds
[2024-11-13T19:46:04.846+0000] {processor.py:186} INFO - Started process (PID=2920) to work on /home/airflow/.local/lib/python3.12/site-packages/airflow/example_dags/example_python_operator.py
[2024-11-13T19:46:04.847+0000] {processor.py:914} INFO - Processing file /home/airflow/.local/lib/python3.12/site-packages/airflow/example_dags/example_python_operator.py for tasks to queue
[2024-11-13T19:46:04.849+0000] {logging_mixin.py:190} INFO - [2024-11-13T19:46:04.849+0000] {dagbag.py:588} INFO - Filling up the DagBag from /home/airflow/.local/lib/python3.12/site-packages/airflow/example_dags/example_python_operator.py
[2024-11-13T19:46:04.858+0000] {processor.py:925} INFO - DAG(s) 'example_python_operator' retrieved from /home/airflow/.local/lib/python3.12/site-packages/airflow/example_dags/example_python_operator.py
[2024-11-13T19:46:04.877+0000] {logging_mixin.py:190} INFO - [2024-11-13T19:46:04.877+0000] {dag.py:3239} INFO - Sync 1 DAGs
[2024-11-13T19:46:04.888+0000] {logging_mixin.py:190} INFO - [2024-11-13T19:46:04.888+0000] {dag.py:4180} INFO - Setting next_dagrun for example_python_operator to None, run_after=None
[2024-11-13T19:46:04.902+0000] {processor.py:208} INFO - Processing /home/airflow/.local/lib/python3.12/site-packages/airflow/example_dags/example_python_operator.py took 0.061 seconds
[2024-11-13T19:46:35.845+0000] {processor.py:186} INFO - Started process (PID=2983) to work on /home/airflow/.local/lib/python3.12/site-packages/airflow/example_dags/example_python_operator.py
[2024-11-13T19:46:35.846+0000] {processor.py:914} INFO - Processing file /home/airflow/.local/lib/python3.12/site-packages/airflow/example_dags/example_python_operator.py for tasks to queue
[2024-11-13T19:46:35.848+0000] {logging_mixin.py:190} INFO - [2024-11-13T19:46:35.847+0000] {dagbag.py:588} INFO - Filling up the DagBag from /home/airflow/.local/lib/python3.12/site-packages/airflow/example_dags/example_python_operator.py
[2024-11-13T19:46:35.856+0000] {processor.py:925} INFO - DAG(s) 'example_python_operator' retrieved from /home/airflow/.local/lib/python3.12/site-packages/airflow/example_dags/example_python_operator.py
[2024-11-13T19:46:35.873+0000] {logging_mixin.py:190} INFO - [2024-11-13T19:46:35.872+0000] {dag.py:3239} INFO - Sync 1 DAGs
[2024-11-13T19:46:35.884+0000] {logging_mixin.py:190} INFO - [2024-11-13T19:46:35.884+0000] {dag.py:4180} INFO - Setting next_dagrun for example_python_operator to None, run_after=None
[2024-11-13T19:46:36.032+0000] {processor.py:208} INFO - Processing /home/airflow/.local/lib/python3.12/site-packages/airflow/example_dags/example_python_operator.py took 0.191 seconds
[2024-11-13T19:47:06.621+0000] {processor.py:186} INFO - Started process (PID=3046) to work on /home/airflow/.local/lib/python3.12/site-packages/airflow/example_dags/example_python_operator.py
[2024-11-13T19:47:06.622+0000] {processor.py:914} INFO - Processing file /home/airflow/.local/lib/python3.12/site-packages/airflow/example_dags/example_python_operator.py for tasks to queue
[2024-11-13T19:47:06.624+0000] {logging_mixin.py:190} INFO - [2024-11-13T19:47:06.624+0000] {dagbag.py:588} INFO - Filling up the DagBag from /home/airflow/.local/lib/python3.12/site-packages/airflow/example_dags/example_python_operator.py
[2024-11-13T19:47:06.633+0000] {processor.py:925} INFO - DAG(s) 'example_python_operator' retrieved from /home/airflow/.local/lib/python3.12/site-packages/airflow/example_dags/example_python_operator.py
[2024-11-13T19:47:06.651+0000] {logging_mixin.py:190} INFO - [2024-11-13T19:47:06.651+0000] {dag.py:3239} INFO - Sync 1 DAGs
[2024-11-13T19:47:06.662+0000] {logging_mixin.py:190} INFO - [2024-11-13T19:47:06.661+0000] {dag.py:4180} INFO - Setting next_dagrun for example_python_operator to None, run_after=None
[2024-11-13T19:47:06.676+0000] {processor.py:208} INFO - Processing /home/airflow/.local/lib/python3.12/site-packages/airflow/example_dags/example_python_operator.py took 0.059 seconds
[2024-11-13T19:47:36.788+0000] {processor.py:186} INFO - Started process (PID=3109) to work on /home/airflow/.local/lib/python3.12/site-packages/airflow/example_dags/example_python_operator.py
[2024-11-13T19:47:36.788+0000] {processor.py:914} INFO - Processing file /home/airflow/.local/lib/python3.12/site-packages/airflow/example_dags/example_python_operator.py for tasks to queue
[2024-11-13T19:47:36.790+0000] {logging_mixin.py:190} INFO - [2024-11-13T19:47:36.790+0000] {dagbag.py:588} INFO - Filling up the DagBag from /home/airflow/.local/lib/python3.12/site-packages/airflow/example_dags/example_python_operator.py
[2024-11-13T19:47:36.800+0000] {processor.py:925} INFO - DAG(s) 'example_python_operator' retrieved from /home/airflow/.local/lib/python3.12/site-packages/airflow/example_dags/example_python_operator.py
[2024-11-13T19:47:36.818+0000] {logging_mixin.py:190} INFO - [2024-11-13T19:47:36.818+0000] {dag.py:3239} INFO - Sync 1 DAGs
[2024-11-13T19:47:36.829+0000] {logging_mixin.py:190} INFO - [2024-11-13T19:47:36.829+0000] {dag.py:4180} INFO - Setting next_dagrun for example_python_operator to None, run_after=None
[2024-11-13T19:47:36.845+0000] {processor.py:208} INFO - Processing /home/airflow/.local/lib/python3.12/site-packages/airflow/example_dags/example_python_operator.py took 0.062 seconds
[2024-11-13T19:48:08.115+0000] {processor.py:186} INFO - Started process (PID=3171) to work on /home/airflow/.local/lib/python3.12/site-packages/airflow/example_dags/example_python_operator.py
[2024-11-13T19:48:08.116+0000] {processor.py:914} INFO - Processing file /home/airflow/.local/lib/python3.12/site-packages/airflow/example_dags/example_python_operator.py for tasks to queue
[2024-11-13T19:48:08.118+0000] {logging_mixin.py:190} INFO - [2024-11-13T19:48:08.118+0000] {dagbag.py:588} INFO - Filling up the DagBag from /home/airflow/.local/lib/python3.12/site-packages/airflow/example_dags/example_python_operator.py
[2024-11-13T19:48:08.127+0000] {processor.py:925} INFO - DAG(s) 'example_python_operator' retrieved from /home/airflow/.local/lib/python3.12/site-packages/airflow/example_dags/example_python_operator.py
[2024-11-13T19:48:08.144+0000] {logging_mixin.py:190} INFO - [2024-11-13T19:48:08.144+0000] {dag.py:3239} INFO - Sync 1 DAGs
[2024-11-13T19:48:08.155+0000] {logging_mixin.py:190} INFO - [2024-11-13T19:48:08.155+0000] {dag.py:4180} INFO - Setting next_dagrun for example_python_operator to None, run_after=None
[2024-11-13T19:48:08.171+0000] {processor.py:208} INFO - Processing /home/airflow/.local/lib/python3.12/site-packages/airflow/example_dags/example_python_operator.py took 0.059 seconds
[2024-11-13T19:48:38.484+0000] {processor.py:186} INFO - Started process (PID=3234) to work on /home/airflow/.local/lib/python3.12/site-packages/airflow/example_dags/example_python_operator.py
[2024-11-13T19:48:38.485+0000] {processor.py:914} INFO - Processing file /home/airflow/.local/lib/python3.12/site-packages/airflow/example_dags/example_python_operator.py for tasks to queue
[2024-11-13T19:48:38.486+0000] {logging_mixin.py:190} INFO - [2024-11-13T19:48:38.486+0000] {dagbag.py:588} INFO - Filling up the DagBag from /home/airflow/.local/lib/python3.12/site-packages/airflow/example_dags/example_python_operator.py
[2024-11-13T19:48:38.496+0000] {processor.py:925} INFO - DAG(s) 'example_python_operator' retrieved from /home/airflow/.local/lib/python3.12/site-packages/airflow/example_dags/example_python_operator.py
[2024-11-13T19:48:38.514+0000] {logging_mixin.py:190} INFO - [2024-11-13T19:48:38.514+0000] {dag.py:3239} INFO - Sync 1 DAGs
[2024-11-13T19:48:38.524+0000] {logging_mixin.py:190} INFO - [2024-11-13T19:48:38.524+0000] {dag.py:4180} INFO - Setting next_dagrun for example_python_operator to None, run_after=None
[2024-11-13T19:48:38.539+0000] {processor.py:208} INFO - Processing /home/airflow/.local/lib/python3.12/site-packages/airflow/example_dags/example_python_operator.py took 0.059 seconds
[2024-11-13T19:49:09.383+0000] {processor.py:186} INFO - Started process (PID=3297) to work on /home/airflow/.local/lib/python3.12/site-packages/airflow/example_dags/example_python_operator.py
[2024-11-13T19:49:09.384+0000] {processor.py:914} INFO - Processing file /home/airflow/.local/lib/python3.12/site-packages/airflow/example_dags/example_python_operator.py for tasks to queue
[2024-11-13T19:49:09.386+0000] {logging_mixin.py:190} INFO - [2024-11-13T19:49:09.386+0000] {dagbag.py:588} INFO - Filling up the DagBag from /home/airflow/.local/lib/python3.12/site-packages/airflow/example_dags/example_python_operator.py
[2024-11-13T19:49:09.395+0000] {processor.py:925} INFO - DAG(s) 'example_python_operator' retrieved from /home/airflow/.local/lib/python3.12/site-packages/airflow/example_dags/example_python_operator.py
[2024-11-13T19:49:09.412+0000] {logging_mixin.py:190} INFO - [2024-11-13T19:49:09.412+0000] {dag.py:3239} INFO - Sync 1 DAGs
[2024-11-13T19:49:09.423+0000] {logging_mixin.py:190} INFO - [2024-11-13T19:49:09.423+0000] {dag.py:4180} INFO - Setting next_dagrun for example_python_operator to None, run_after=None
[2024-11-13T19:49:09.438+0000] {processor.py:208} INFO - Processing /home/airflow/.local/lib/python3.12/site-packages/airflow/example_dags/example_python_operator.py took 0.059 seconds
[2024-11-13T19:49:40.313+0000] {processor.py:186} INFO - Started process (PID=3360) to work on /home/airflow/.local/lib/python3.12/site-packages/airflow/example_dags/example_python_operator.py
[2024-11-13T19:49:40.314+0000] {processor.py:914} INFO - Processing file /home/airflow/.local/lib/python3.12/site-packages/airflow/example_dags/example_python_operator.py for tasks to queue
[2024-11-13T19:49:40.315+0000] {logging_mixin.py:190} INFO - [2024-11-13T19:49:40.315+0000] {dagbag.py:588} INFO - Filling up the DagBag from /home/airflow/.local/lib/python3.12/site-packages/airflow/example_dags/example_python_operator.py
[2024-11-13T19:49:40.325+0000] {processor.py:925} INFO - DAG(s) 'example_python_operator' retrieved from /home/airflow/.local/lib/python3.12/site-packages/airflow/example_dags/example_python_operator.py
[2024-11-13T19:49:40.342+0000] {logging_mixin.py:190} INFO - [2024-11-13T19:49:40.342+0000] {dag.py:3239} INFO - Sync 1 DAGs
[2024-11-13T19:49:40.353+0000] {logging_mixin.py:190} INFO - [2024-11-13T19:49:40.353+0000] {dag.py:4180} INFO - Setting next_dagrun for example_python_operator to None, run_after=None
[2024-11-13T19:49:40.367+0000] {processor.py:208} INFO - Processing /home/airflow/.local/lib/python3.12/site-packages/airflow/example_dags/example_python_operator.py took 0.059 seconds
[2024-11-13T19:50:11.326+0000] {processor.py:186} INFO - Started process (PID=3423) to work on /home/airflow/.local/lib/python3.12/site-packages/airflow/example_dags/example_python_operator.py
[2024-11-13T19:50:11.326+0000] {processor.py:914} INFO - Processing file /home/airflow/.local/lib/python3.12/site-packages/airflow/example_dags/example_python_operator.py for tasks to queue
[2024-11-13T19:50:11.328+0000] {logging_mixin.py:190} INFO - [2024-11-13T19:50:11.328+0000] {dagbag.py:588} INFO - Filling up the DagBag from /home/airflow/.local/lib/python3.12/site-packages/airflow/example_dags/example_python_operator.py
[2024-11-13T19:50:11.338+0000] {processor.py:925} INFO - DAG(s) 'example_python_operator' retrieved from /home/airflow/.local/lib/python3.12/site-packages/airflow/example_dags/example_python_operator.py
[2024-11-13T19:50:11.355+0000] {logging_mixin.py:190} INFO - [2024-11-13T19:50:11.355+0000] {dag.py:3239} INFO - Sync 1 DAGs
[2024-11-13T19:50:11.365+0000] {logging_mixin.py:190} INFO - [2024-11-13T19:50:11.365+0000] {dag.py:4180} INFO - Setting next_dagrun for example_python_operator to None, run_after=None
[2024-11-13T19:50:11.379+0000] {processor.py:208} INFO - Processing /home/airflow/.local/lib/python3.12/site-packages/airflow/example_dags/example_python_operator.py took 0.058 seconds
[2024-11-13T19:50:41.588+0000] {processor.py:186} INFO - Started process (PID=3486) to work on /home/airflow/.local/lib/python3.12/site-packages/airflow/example_dags/example_python_operator.py
[2024-11-13T19:50:41.589+0000] {processor.py:914} INFO - Processing file /home/airflow/.local/lib/python3.12/site-packages/airflow/example_dags/example_python_operator.py for tasks to queue
[2024-11-13T19:50:41.591+0000] {logging_mixin.py:190} INFO - [2024-11-13T19:50:41.591+0000] {dagbag.py:588} INFO - Filling up the DagBag from /home/airflow/.local/lib/python3.12/site-packages/airflow/example_dags/example_python_operator.py
[2024-11-13T19:50:41.600+0000] {processor.py:925} INFO - DAG(s) 'example_python_operator' retrieved from /home/airflow/.local/lib/python3.12/site-packages/airflow/example_dags/example_python_operator.py
[2024-11-13T19:50:41.617+0000] {logging_mixin.py:190} INFO - [2024-11-13T19:50:41.617+0000] {dag.py:3239} INFO - Sync 1 DAGs
[2024-11-13T19:50:41.627+0000] {logging_mixin.py:190} INFO - [2024-11-13T19:50:41.627+0000] {dag.py:4180} INFO - Setting next_dagrun for example_python_operator to None, run_after=None
[2024-11-13T19:50:41.641+0000] {processor.py:208} INFO - Processing /home/airflow/.local/lib/python3.12/site-packages/airflow/example_dags/example_python_operator.py took 0.058 seconds
[2024-11-13T19:51:11.843+0000] {processor.py:186} INFO - Started process (PID=3549) to work on /home/airflow/.local/lib/python3.12/site-packages/airflow/example_dags/example_python_operator.py
[2024-11-13T19:51:11.844+0000] {processor.py:914} INFO - Processing file /home/airflow/.local/lib/python3.12/site-packages/airflow/example_dags/example_python_operator.py for tasks to queue
[2024-11-13T19:51:11.846+0000] {logging_mixin.py:190} INFO - [2024-11-13T19:51:11.845+0000] {dagbag.py:588} INFO - Filling up the DagBag from /home/airflow/.local/lib/python3.12/site-packages/airflow/example_dags/example_python_operator.py
[2024-11-13T19:51:11.857+0000] {processor.py:925} INFO - DAG(s) 'example_python_operator' retrieved from /home/airflow/.local/lib/python3.12/site-packages/airflow/example_dags/example_python_operator.py
[2024-11-13T19:51:11.876+0000] {logging_mixin.py:190} INFO - [2024-11-13T19:51:11.876+0000] {dag.py:3239} INFO - Sync 1 DAGs
[2024-11-13T19:51:11.888+0000] {logging_mixin.py:190} INFO - [2024-11-13T19:51:11.888+0000] {dag.py:4180} INFO - Setting next_dagrun for example_python_operator to None, run_after=None
[2024-11-13T19:51:11.902+0000] {processor.py:208} INFO - Processing /home/airflow/.local/lib/python3.12/site-packages/airflow/example_dags/example_python_operator.py took 0.063 seconds
[2024-11-13T19:51:41.990+0000] {processor.py:186} INFO - Started process (PID=3612) to work on /home/airflow/.local/lib/python3.12/site-packages/airflow/example_dags/example_python_operator.py
[2024-11-13T19:51:41.991+0000] {processor.py:914} INFO - Processing file /home/airflow/.local/lib/python3.12/site-packages/airflow/example_dags/example_python_operator.py for tasks to queue
[2024-11-13T19:51:41.993+0000] {logging_mixin.py:190} INFO - [2024-11-13T19:51:41.992+0000] {dagbag.py:588} INFO - Filling up the DagBag from /home/airflow/.local/lib/python3.12/site-packages/airflow/example_dags/example_python_operator.py
[2024-11-13T19:51:42.002+0000] {processor.py:925} INFO - DAG(s) 'example_python_operator' retrieved from /home/airflow/.local/lib/python3.12/site-packages/airflow/example_dags/example_python_operator.py
[2024-11-13T19:51:42.020+0000] {logging_mixin.py:190} INFO - [2024-11-13T19:51:42.020+0000] {dag.py:3239} INFO - Sync 1 DAGs
[2024-11-13T19:51:42.032+0000] {logging_mixin.py:190} INFO - [2024-11-13T19:51:42.032+0000] {dag.py:4180} INFO - Setting next_dagrun for example_python_operator to None, run_after=None
[2024-11-13T19:51:42.046+0000] {processor.py:208} INFO - Processing /home/airflow/.local/lib/python3.12/site-packages/airflow/example_dags/example_python_operator.py took 0.060 seconds
[2024-11-13T19:52:12.911+0000] {processor.py:186} INFO - Started process (PID=3674) to work on /home/airflow/.local/lib/python3.12/site-packages/airflow/example_dags/example_python_operator.py
[2024-11-13T19:52:12.912+0000] {processor.py:914} INFO - Processing file /home/airflow/.local/lib/python3.12/site-packages/airflow/example_dags/example_python_operator.py for tasks to queue
[2024-11-13T19:52:12.913+0000] {logging_mixin.py:190} INFO - [2024-11-13T19:52:12.913+0000] {dagbag.py:588} INFO - Filling up the DagBag from /home/airflow/.local/lib/python3.12/site-packages/airflow/example_dags/example_python_operator.py
[2024-11-13T19:52:12.922+0000] {processor.py:925} INFO - DAG(s) 'example_python_operator' retrieved from /home/airflow/.local/lib/python3.12/site-packages/airflow/example_dags/example_python_operator.py
[2024-11-13T19:52:12.937+0000] {logging_mixin.py:190} INFO - [2024-11-13T19:52:12.936+0000] {dag.py:3239} INFO - Sync 1 DAGs
[2024-11-13T19:52:12.946+0000] {logging_mixin.py:190} INFO - [2024-11-13T19:52:12.946+0000] {dag.py:4180} INFO - Setting next_dagrun for example_python_operator to None, run_after=None
[2024-11-13T19:52:12.961+0000] {processor.py:208} INFO - Processing /home/airflow/.local/lib/python3.12/site-packages/airflow/example_dags/example_python_operator.py took 0.054 seconds
