[2024-11-13T19:23:21.097+0000] {processor.py:186} INFO - Started process (PID=119) to work on /home/airflow/.local/lib/python3.12/site-packages/airflow/example_dags/example_external_task_marker_dag.py
[2024-11-13T19:23:21.097+0000] {processor.py:914} INFO - Processing file /home/airflow/.local/lib/python3.12/site-packages/airflow/example_dags/example_external_task_marker_dag.py for tasks to queue
[2024-11-13T19:23:21.100+0000] {logging_mixin.py:190} INFO - [2024-11-13T19:23:21.100+0000] {dagbag.py:588} INFO - Filling up the DagBag from /home/airflow/.local/lib/python3.12/site-packages/airflow/example_dags/example_external_task_marker_dag.py
[2024-11-13T19:23:21.106+0000] {processor.py:925} INFO - DAG(s) 'example_external_task_marker_child', 'example_external_task_marker_parent' retrieved from /home/airflow/.local/lib/python3.12/site-packages/airflow/example_dags/example_external_task_marker_dag.py
[2024-11-13T19:23:21.192+0000] {logging_mixin.py:190} INFO - [2024-11-13T19:23:21.191+0000] {override.py:1911} INFO - Created Permission View: can edit on DAG:example_external_task_marker_child
[2024-11-13T19:23:21.201+0000] {logging_mixin.py:190} INFO - [2024-11-13T19:23:21.201+0000] {override.py:1911} INFO - Created Permission View: can read on DAG:example_external_task_marker_child
[2024-11-13T19:23:21.206+0000] {logging_mixin.py:190} INFO - [2024-11-13T19:23:21.206+0000] {override.py:1911} INFO - Created Permission View: can delete on DAG:example_external_task_marker_child
[2024-11-13T19:23:21.213+0000] {logging_mixin.py:190} INFO - [2024-11-13T19:23:21.213+0000] {override.py:1911} INFO - Created Permission View: can delete on DAG Run:example_external_task_marker_child
[2024-11-13T19:23:21.219+0000] {logging_mixin.py:190} INFO - [2024-11-13T19:23:21.218+0000] {override.py:1911} INFO - Created Permission View: can read on DAG Run:example_external_task_marker_child
[2024-11-13T19:23:21.224+0000] {logging_mixin.py:190} INFO - [2024-11-13T19:23:21.224+0000] {override.py:1911} INFO - Created Permission View: menu access on DAG Run:example_external_task_marker_child
[2024-11-13T19:23:21.229+0000] {logging_mixin.py:190} INFO - [2024-11-13T19:23:21.228+0000] {override.py:1911} INFO - Created Permission View: can create on DAG Run:example_external_task_marker_child
[2024-11-13T19:23:21.239+0000] {logging_mixin.py:190} INFO - [2024-11-13T19:23:21.238+0000] {override.py:1911} INFO - Created Permission View: can edit on DAG:example_external_task_marker_parent
[2024-11-13T19:23:21.244+0000] {logging_mixin.py:190} INFO - [2024-11-13T19:23:21.244+0000] {override.py:1911} INFO - Created Permission View: can read on DAG:example_external_task_marker_parent
[2024-11-13T19:23:21.250+0000] {logging_mixin.py:190} INFO - [2024-11-13T19:23:21.250+0000] {override.py:1911} INFO - Created Permission View: can delete on DAG:example_external_task_marker_parent
[2024-11-13T19:23:21.255+0000] {logging_mixin.py:190} INFO - [2024-11-13T19:23:21.255+0000] {override.py:1911} INFO - Created Permission View: can delete on DAG Run:example_external_task_marker_parent
[2024-11-13T19:23:21.261+0000] {logging_mixin.py:190} INFO - [2024-11-13T19:23:21.261+0000] {override.py:1911} INFO - Created Permission View: can read on DAG Run:example_external_task_marker_parent
[2024-11-13T19:23:21.266+0000] {logging_mixin.py:190} INFO - [2024-11-13T19:23:21.266+0000] {override.py:1911} INFO - Created Permission View: menu access on DAG Run:example_external_task_marker_parent
[2024-11-13T19:23:21.271+0000] {logging_mixin.py:190} INFO - [2024-11-13T19:23:21.271+0000] {override.py:1911} INFO - Created Permission View: can create on DAG Run:example_external_task_marker_parent
[2024-11-13T19:23:21.272+0000] {logging_mixin.py:190} INFO - [2024-11-13T19:23:21.271+0000] {dag.py:3239} INFO - Sync 2 DAGs
[2024-11-13T19:23:21.283+0000] {logging_mixin.py:190} INFO - [2024-11-13T19:23:21.283+0000] {dag.py:3262} INFO - Creating ORM DAG for example_external_task_marker_parent
[2024-11-13T19:23:21.284+0000] {logging_mixin.py:190} INFO - [2024-11-13T19:23:21.284+0000] {dag.py:3262} INFO - Creating ORM DAG for example_external_task_marker_child
[2024-11-13T19:23:21.284+0000] {logging_mixin.py:190} INFO - [2024-11-13T19:23:21.284+0000] {dag.py:4180} INFO - Setting next_dagrun for example_external_task_marker_child to None, run_after=None
[2024-11-13T19:23:21.285+0000] {logging_mixin.py:190} INFO - [2024-11-13T19:23:21.285+0000] {dag.py:4180} INFO - Setting next_dagrun for example_external_task_marker_parent to None, run_after=None
[2024-11-13T19:23:21.298+0000] {processor.py:208} INFO - Processing /home/airflow/.local/lib/python3.12/site-packages/airflow/example_dags/example_external_task_marker_dag.py took 0.206 seconds
[2024-11-13T19:23:51.489+0000] {processor.py:186} INFO - Started process (PID=181) to work on /home/airflow/.local/lib/python3.12/site-packages/airflow/example_dags/example_external_task_marker_dag.py
[2024-11-13T19:23:51.489+0000] {processor.py:914} INFO - Processing file /home/airflow/.local/lib/python3.12/site-packages/airflow/example_dags/example_external_task_marker_dag.py for tasks to queue
[2024-11-13T19:23:51.491+0000] {logging_mixin.py:190} INFO - [2024-11-13T19:23:51.490+0000] {dagbag.py:588} INFO - Filling up the DagBag from /home/airflow/.local/lib/python3.12/site-packages/airflow/example_dags/example_external_task_marker_dag.py
[2024-11-13T19:23:51.496+0000] {processor.py:925} INFO - DAG(s) 'example_external_task_marker_parent', 'example_external_task_marker_child' retrieved from /home/airflow/.local/lib/python3.12/site-packages/airflow/example_dags/example_external_task_marker_dag.py
[2024-11-13T19:23:51.514+0000] {logging_mixin.py:190} INFO - [2024-11-13T19:23:51.513+0000] {dag.py:3239} INFO - Sync 2 DAGs
[2024-11-13T19:23:51.524+0000] {logging_mixin.py:190} INFO - [2024-11-13T19:23:51.524+0000] {dag.py:4180} INFO - Setting next_dagrun for example_external_task_marker_child to None, run_after=None
[2024-11-13T19:23:51.527+0000] {logging_mixin.py:190} INFO - [2024-11-13T19:23:51.527+0000] {dag.py:4180} INFO - Setting next_dagrun for example_external_task_marker_parent to None, run_after=None
[2024-11-13T19:23:51.539+0000] {processor.py:208} INFO - Processing /home/airflow/.local/lib/python3.12/site-packages/airflow/example_dags/example_external_task_marker_dag.py took 0.054 seconds
[2024-11-13T19:24:21.641+0000] {processor.py:186} INFO - Started process (PID=245) to work on /home/airflow/.local/lib/python3.12/site-packages/airflow/example_dags/example_external_task_marker_dag.py
[2024-11-13T19:24:21.642+0000] {processor.py:914} INFO - Processing file /home/airflow/.local/lib/python3.12/site-packages/airflow/example_dags/example_external_task_marker_dag.py for tasks to queue
[2024-11-13T19:24:21.644+0000] {logging_mixin.py:190} INFO - [2024-11-13T19:24:21.643+0000] {dagbag.py:588} INFO - Filling up the DagBag from /home/airflow/.local/lib/python3.12/site-packages/airflow/example_dags/example_external_task_marker_dag.py
[2024-11-13T19:24:21.650+0000] {processor.py:925} INFO - DAG(s) 'example_external_task_marker_parent', 'example_external_task_marker_child' retrieved from /home/airflow/.local/lib/python3.12/site-packages/airflow/example_dags/example_external_task_marker_dag.py
[2024-11-13T19:24:21.669+0000] {logging_mixin.py:190} INFO - [2024-11-13T19:24:21.669+0000] {dag.py:3239} INFO - Sync 2 DAGs
[2024-11-13T19:24:21.681+0000] {logging_mixin.py:190} INFO - [2024-11-13T19:24:21.681+0000] {dag.py:4180} INFO - Setting next_dagrun for example_external_task_marker_child to None, run_after=None
[2024-11-13T19:24:21.685+0000] {logging_mixin.py:190} INFO - [2024-11-13T19:24:21.684+0000] {dag.py:4180} INFO - Setting next_dagrun for example_external_task_marker_parent to None, run_after=None
[2024-11-13T19:24:21.697+0000] {processor.py:208} INFO - Processing /home/airflow/.local/lib/python3.12/site-packages/airflow/example_dags/example_external_task_marker_dag.py took 0.061 seconds
[2024-11-13T19:24:51.723+0000] {processor.py:186} INFO - Started process (PID=307) to work on /home/airflow/.local/lib/python3.12/site-packages/airflow/example_dags/example_external_task_marker_dag.py
[2024-11-13T19:24:51.724+0000] {processor.py:914} INFO - Processing file /home/airflow/.local/lib/python3.12/site-packages/airflow/example_dags/example_external_task_marker_dag.py for tasks to queue
[2024-11-13T19:24:51.726+0000] {logging_mixin.py:190} INFO - [2024-11-13T19:24:51.726+0000] {dagbag.py:588} INFO - Filling up the DagBag from /home/airflow/.local/lib/python3.12/site-packages/airflow/example_dags/example_external_task_marker_dag.py
[2024-11-13T19:24:51.732+0000] {processor.py:925} INFO - DAG(s) 'example_external_task_marker_child', 'example_external_task_marker_parent' retrieved from /home/airflow/.local/lib/python3.12/site-packages/airflow/example_dags/example_external_task_marker_dag.py
[2024-11-13T19:24:51.752+0000] {logging_mixin.py:190} INFO - [2024-11-13T19:24:51.752+0000] {dag.py:3239} INFO - Sync 2 DAGs
[2024-11-13T19:24:51.762+0000] {logging_mixin.py:190} INFO - [2024-11-13T19:24:51.762+0000] {dag.py:4180} INFO - Setting next_dagrun for example_external_task_marker_child to None, run_after=None
[2024-11-13T19:24:51.764+0000] {logging_mixin.py:190} INFO - [2024-11-13T19:24:51.764+0000] {dag.py:4180} INFO - Setting next_dagrun for example_external_task_marker_parent to None, run_after=None
[2024-11-13T19:24:51.776+0000] {processor.py:208} INFO - Processing /home/airflow/.local/lib/python3.12/site-packages/airflow/example_dags/example_external_task_marker_dag.py took 0.057 seconds
[2024-11-13T19:25:23.438+0000] {processor.py:186} INFO - Started process (PID=369) to work on /home/airflow/.local/lib/python3.12/site-packages/airflow/example_dags/example_external_task_marker_dag.py
[2024-11-13T19:25:23.439+0000] {processor.py:914} INFO - Processing file /home/airflow/.local/lib/python3.12/site-packages/airflow/example_dags/example_external_task_marker_dag.py for tasks to queue
[2024-11-13T19:25:23.441+0000] {logging_mixin.py:190} INFO - [2024-11-13T19:25:23.441+0000] {dagbag.py:588} INFO - Filling up the DagBag from /home/airflow/.local/lib/python3.12/site-packages/airflow/example_dags/example_external_task_marker_dag.py
[2024-11-13T19:25:23.447+0000] {processor.py:925} INFO - DAG(s) 'example_external_task_marker_parent', 'example_external_task_marker_child' retrieved from /home/airflow/.local/lib/python3.12/site-packages/airflow/example_dags/example_external_task_marker_dag.py
[2024-11-13T19:25:23.464+0000] {logging_mixin.py:190} INFO - [2024-11-13T19:25:23.464+0000] {dag.py:3239} INFO - Sync 2 DAGs
[2024-11-13T19:25:23.475+0000] {logging_mixin.py:190} INFO - [2024-11-13T19:25:23.475+0000] {dag.py:4180} INFO - Setting next_dagrun for example_external_task_marker_child to None, run_after=None
[2024-11-13T19:25:23.478+0000] {logging_mixin.py:190} INFO - [2024-11-13T19:25:23.478+0000] {dag.py:4180} INFO - Setting next_dagrun for example_external_task_marker_parent to None, run_after=None
[2024-11-13T19:25:23.490+0000] {processor.py:208} INFO - Processing /home/airflow/.local/lib/python3.12/site-packages/airflow/example_dags/example_external_task_marker_dag.py took 0.056 seconds
[2024-11-13T19:25:54.388+0000] {processor.py:186} INFO - Started process (PID=433) to work on /home/airflow/.local/lib/python3.12/site-packages/airflow/example_dags/example_external_task_marker_dag.py
[2024-11-13T19:25:54.389+0000] {processor.py:914} INFO - Processing file /home/airflow/.local/lib/python3.12/site-packages/airflow/example_dags/example_external_task_marker_dag.py for tasks to queue
[2024-11-13T19:25:54.390+0000] {logging_mixin.py:190} INFO - [2024-11-13T19:25:54.390+0000] {dagbag.py:588} INFO - Filling up the DagBag from /home/airflow/.local/lib/python3.12/site-packages/airflow/example_dags/example_external_task_marker_dag.py
[2024-11-13T19:25:54.396+0000] {processor.py:925} INFO - DAG(s) 'example_external_task_marker_parent', 'example_external_task_marker_child' retrieved from /home/airflow/.local/lib/python3.12/site-packages/airflow/example_dags/example_external_task_marker_dag.py
[2024-11-13T19:25:54.414+0000] {logging_mixin.py:190} INFO - [2024-11-13T19:25:54.413+0000] {dag.py:3239} INFO - Sync 2 DAGs
[2024-11-13T19:25:54.425+0000] {logging_mixin.py:190} INFO - [2024-11-13T19:25:54.425+0000] {dag.py:4180} INFO - Setting next_dagrun for example_external_task_marker_child to None, run_after=None
[2024-11-13T19:25:54.428+0000] {logging_mixin.py:190} INFO - [2024-11-13T19:25:54.428+0000] {dag.py:4180} INFO - Setting next_dagrun for example_external_task_marker_parent to None, run_after=None
[2024-11-13T19:25:54.440+0000] {processor.py:208} INFO - Processing /home/airflow/.local/lib/python3.12/site-packages/airflow/example_dags/example_external_task_marker_dag.py took 0.056 seconds
[2024-11-13T19:26:25.810+0000] {processor.py:186} INFO - Started process (PID=496) to work on /home/airflow/.local/lib/python3.12/site-packages/airflow/example_dags/example_external_task_marker_dag.py
[2024-11-13T19:26:25.810+0000] {processor.py:914} INFO - Processing file /home/airflow/.local/lib/python3.12/site-packages/airflow/example_dags/example_external_task_marker_dag.py for tasks to queue
[2024-11-13T19:26:25.813+0000] {logging_mixin.py:190} INFO - [2024-11-13T19:26:25.812+0000] {dagbag.py:588} INFO - Filling up the DagBag from /home/airflow/.local/lib/python3.12/site-packages/airflow/example_dags/example_external_task_marker_dag.py
[2024-11-13T19:26:25.821+0000] {processor.py:925} INFO - DAG(s) 'example_external_task_marker_child', 'example_external_task_marker_parent' retrieved from /home/airflow/.local/lib/python3.12/site-packages/airflow/example_dags/example_external_task_marker_dag.py
[2024-11-13T19:26:25.841+0000] {logging_mixin.py:190} INFO - [2024-11-13T19:26:25.841+0000] {dag.py:3239} INFO - Sync 2 DAGs
[2024-11-13T19:26:25.853+0000] {logging_mixin.py:190} INFO - [2024-11-13T19:26:25.853+0000] {dag.py:4180} INFO - Setting next_dagrun for example_external_task_marker_child to None, run_after=None
[2024-11-13T19:26:25.856+0000] {logging_mixin.py:190} INFO - [2024-11-13T19:26:25.855+0000] {dag.py:4180} INFO - Setting next_dagrun for example_external_task_marker_parent to None, run_after=None
[2024-11-13T19:26:25.870+0000] {processor.py:208} INFO - Processing /home/airflow/.local/lib/python3.12/site-packages/airflow/example_dags/example_external_task_marker_dag.py took 0.065 seconds
[2024-11-13T19:26:57.181+0000] {processor.py:186} INFO - Started process (PID=559) to work on /home/airflow/.local/lib/python3.12/site-packages/airflow/example_dags/example_external_task_marker_dag.py
[2024-11-13T19:26:57.182+0000] {processor.py:914} INFO - Processing file /home/airflow/.local/lib/python3.12/site-packages/airflow/example_dags/example_external_task_marker_dag.py for tasks to queue
[2024-11-13T19:26:57.184+0000] {logging_mixin.py:190} INFO - [2024-11-13T19:26:57.184+0000] {dagbag.py:588} INFO - Filling up the DagBag from /home/airflow/.local/lib/python3.12/site-packages/airflow/example_dags/example_external_task_marker_dag.py
[2024-11-13T19:26:57.190+0000] {processor.py:925} INFO - DAG(s) 'example_external_task_marker_parent', 'example_external_task_marker_child' retrieved from /home/airflow/.local/lib/python3.12/site-packages/airflow/example_dags/example_external_task_marker_dag.py
[2024-11-13T19:26:57.207+0000] {logging_mixin.py:190} INFO - [2024-11-13T19:26:57.207+0000] {dag.py:3239} INFO - Sync 2 DAGs
[2024-11-13T19:26:57.218+0000] {logging_mixin.py:190} INFO - [2024-11-13T19:26:57.218+0000] {dag.py:4180} INFO - Setting next_dagrun for example_external_task_marker_child to None, run_after=None
[2024-11-13T19:26:57.221+0000] {logging_mixin.py:190} INFO - [2024-11-13T19:26:57.221+0000] {dag.py:4180} INFO - Setting next_dagrun for example_external_task_marker_parent to None, run_after=None
[2024-11-13T19:26:57.233+0000] {processor.py:208} INFO - Processing /home/airflow/.local/lib/python3.12/site-packages/airflow/example_dags/example_external_task_marker_dag.py took 0.057 seconds
[2024-11-13T19:27:28.274+0000] {processor.py:186} INFO - Started process (PID=622) to work on /home/airflow/.local/lib/python3.12/site-packages/airflow/example_dags/example_external_task_marker_dag.py
[2024-11-13T19:27:28.275+0000] {processor.py:914} INFO - Processing file /home/airflow/.local/lib/python3.12/site-packages/airflow/example_dags/example_external_task_marker_dag.py for tasks to queue
[2024-11-13T19:27:28.277+0000] {logging_mixin.py:190} INFO - [2024-11-13T19:27:28.276+0000] {dagbag.py:588} INFO - Filling up the DagBag from /home/airflow/.local/lib/python3.12/site-packages/airflow/example_dags/example_external_task_marker_dag.py
[2024-11-13T19:27:28.284+0000] {processor.py:925} INFO - DAG(s) 'example_external_task_marker_child', 'example_external_task_marker_parent' retrieved from /home/airflow/.local/lib/python3.12/site-packages/airflow/example_dags/example_external_task_marker_dag.py
[2024-11-13T19:27:28.304+0000] {logging_mixin.py:190} INFO - [2024-11-13T19:27:28.303+0000] {dag.py:3239} INFO - Sync 2 DAGs
[2024-11-13T19:27:28.314+0000] {logging_mixin.py:190} INFO - [2024-11-13T19:27:28.314+0000] {dag.py:4180} INFO - Setting next_dagrun for example_external_task_marker_child to None, run_after=None
[2024-11-13T19:27:28.317+0000] {logging_mixin.py:190} INFO - [2024-11-13T19:27:28.317+0000] {dag.py:4180} INFO - Setting next_dagrun for example_external_task_marker_parent to None, run_after=None
[2024-11-13T19:27:28.330+0000] {processor.py:208} INFO - Processing /home/airflow/.local/lib/python3.12/site-packages/airflow/example_dags/example_external_task_marker_dag.py took 0.061 seconds
[2024-11-13T19:27:59.396+0000] {processor.py:186} INFO - Started process (PID=685) to work on /home/airflow/.local/lib/python3.12/site-packages/airflow/example_dags/example_external_task_marker_dag.py
[2024-11-13T19:27:59.397+0000] {processor.py:914} INFO - Processing file /home/airflow/.local/lib/python3.12/site-packages/airflow/example_dags/example_external_task_marker_dag.py for tasks to queue
[2024-11-13T19:27:59.398+0000] {logging_mixin.py:190} INFO - [2024-11-13T19:27:59.398+0000] {dagbag.py:588} INFO - Filling up the DagBag from /home/airflow/.local/lib/python3.12/site-packages/airflow/example_dags/example_external_task_marker_dag.py
[2024-11-13T19:27:59.404+0000] {processor.py:925} INFO - DAG(s) 'example_external_task_marker_parent', 'example_external_task_marker_child' retrieved from /home/airflow/.local/lib/python3.12/site-packages/airflow/example_dags/example_external_task_marker_dag.py
[2024-11-13T19:27:59.420+0000] {logging_mixin.py:190} INFO - [2024-11-13T19:27:59.420+0000] {dag.py:3239} INFO - Sync 2 DAGs
[2024-11-13T19:27:59.431+0000] {logging_mixin.py:190} INFO - [2024-11-13T19:27:59.430+0000] {dag.py:4180} INFO - Setting next_dagrun for example_external_task_marker_child to None, run_after=None
[2024-11-13T19:27:59.433+0000] {logging_mixin.py:190} INFO - [2024-11-13T19:27:59.433+0000] {dag.py:4180} INFO - Setting next_dagrun for example_external_task_marker_parent to None, run_after=None
[2024-11-13T19:27:59.444+0000] {processor.py:208} INFO - Processing /home/airflow/.local/lib/python3.12/site-packages/airflow/example_dags/example_external_task_marker_dag.py took 0.053 seconds
[2024-11-13T19:28:29.979+0000] {processor.py:186} INFO - Started process (PID=748) to work on /home/airflow/.local/lib/python3.12/site-packages/airflow/example_dags/example_external_task_marker_dag.py
[2024-11-13T19:28:29.980+0000] {processor.py:914} INFO - Processing file /home/airflow/.local/lib/python3.12/site-packages/airflow/example_dags/example_external_task_marker_dag.py for tasks to queue
[2024-11-13T19:28:29.981+0000] {logging_mixin.py:190} INFO - [2024-11-13T19:28:29.981+0000] {dagbag.py:588} INFO - Filling up the DagBag from /home/airflow/.local/lib/python3.12/site-packages/airflow/example_dags/example_external_task_marker_dag.py
[2024-11-13T19:28:29.987+0000] {processor.py:925} INFO - DAG(s) 'example_external_task_marker_child', 'example_external_task_marker_parent' retrieved from /home/airflow/.local/lib/python3.12/site-packages/airflow/example_dags/example_external_task_marker_dag.py
[2024-11-13T19:28:30.004+0000] {logging_mixin.py:190} INFO - [2024-11-13T19:28:30.004+0000] {dag.py:3239} INFO - Sync 2 DAGs
[2024-11-13T19:28:30.015+0000] {logging_mixin.py:190} INFO - [2024-11-13T19:28:30.015+0000] {dag.py:4180} INFO - Setting next_dagrun for example_external_task_marker_child to None, run_after=None
[2024-11-13T19:28:30.018+0000] {logging_mixin.py:190} INFO - [2024-11-13T19:28:30.018+0000] {dag.py:4180} INFO - Setting next_dagrun for example_external_task_marker_parent to None, run_after=None
[2024-11-13T19:28:30.029+0000] {processor.py:208} INFO - Processing /home/airflow/.local/lib/python3.12/site-packages/airflow/example_dags/example_external_task_marker_dag.py took 0.054 seconds
[2024-11-13T19:29:00.562+0000] {processor.py:186} INFO - Started process (PID=811) to work on /home/airflow/.local/lib/python3.12/site-packages/airflow/example_dags/example_external_task_marker_dag.py
[2024-11-13T19:29:00.562+0000] {processor.py:914} INFO - Processing file /home/airflow/.local/lib/python3.12/site-packages/airflow/example_dags/example_external_task_marker_dag.py for tasks to queue
[2024-11-13T19:29:00.564+0000] {logging_mixin.py:190} INFO - [2024-11-13T19:29:00.564+0000] {dagbag.py:588} INFO - Filling up the DagBag from /home/airflow/.local/lib/python3.12/site-packages/airflow/example_dags/example_external_task_marker_dag.py
[2024-11-13T19:29:00.569+0000] {processor.py:925} INFO - DAG(s) 'example_external_task_marker_child', 'example_external_task_marker_parent' retrieved from /home/airflow/.local/lib/python3.12/site-packages/airflow/example_dags/example_external_task_marker_dag.py
[2024-11-13T19:29:00.585+0000] {logging_mixin.py:190} INFO - [2024-11-13T19:29:00.585+0000] {dag.py:3239} INFO - Sync 2 DAGs
[2024-11-13T19:29:00.595+0000] {logging_mixin.py:190} INFO - [2024-11-13T19:29:00.595+0000] {dag.py:4180} INFO - Setting next_dagrun for example_external_task_marker_child to None, run_after=None
[2024-11-13T19:29:00.598+0000] {logging_mixin.py:190} INFO - [2024-11-13T19:29:00.598+0000] {dag.py:4180} INFO - Setting next_dagrun for example_external_task_marker_parent to None, run_after=None
[2024-11-13T19:29:00.610+0000] {processor.py:208} INFO - Processing /home/airflow/.local/lib/python3.12/site-packages/airflow/example_dags/example_external_task_marker_dag.py took 0.052 seconds
[2024-11-13T19:29:31.632+0000] {processor.py:186} INFO - Started process (PID=874) to work on /home/airflow/.local/lib/python3.12/site-packages/airflow/example_dags/example_external_task_marker_dag.py
[2024-11-13T19:29:31.633+0000] {processor.py:914} INFO - Processing file /home/airflow/.local/lib/python3.12/site-packages/airflow/example_dags/example_external_task_marker_dag.py for tasks to queue
[2024-11-13T19:29:31.635+0000] {logging_mixin.py:190} INFO - [2024-11-13T19:29:31.635+0000] {dagbag.py:588} INFO - Filling up the DagBag from /home/airflow/.local/lib/python3.12/site-packages/airflow/example_dags/example_external_task_marker_dag.py
[2024-11-13T19:29:31.641+0000] {processor.py:925} INFO - DAG(s) 'example_external_task_marker_parent', 'example_external_task_marker_child' retrieved from /home/airflow/.local/lib/python3.12/site-packages/airflow/example_dags/example_external_task_marker_dag.py
[2024-11-13T19:29:31.659+0000] {logging_mixin.py:190} INFO - [2024-11-13T19:29:31.658+0000] {dag.py:3239} INFO - Sync 2 DAGs
[2024-11-13T19:29:31.669+0000] {logging_mixin.py:190} INFO - [2024-11-13T19:29:31.669+0000] {dag.py:4180} INFO - Setting next_dagrun for example_external_task_marker_child to None, run_after=None
[2024-11-13T19:29:31.671+0000] {logging_mixin.py:190} INFO - [2024-11-13T19:29:31.671+0000] {dag.py:4180} INFO - Setting next_dagrun for example_external_task_marker_parent to None, run_after=None
[2024-11-13T19:29:31.683+0000] {processor.py:208} INFO - Processing /home/airflow/.local/lib/python3.12/site-packages/airflow/example_dags/example_external_task_marker_dag.py took 0.054 seconds
[2024-11-13T19:30:03.098+0000] {processor.py:186} INFO - Started process (PID=938) to work on /home/airflow/.local/lib/python3.12/site-packages/airflow/example_dags/example_external_task_marker_dag.py
[2024-11-13T19:30:03.099+0000] {processor.py:914} INFO - Processing file /home/airflow/.local/lib/python3.12/site-packages/airflow/example_dags/example_external_task_marker_dag.py for tasks to queue
[2024-11-13T19:30:03.100+0000] {logging_mixin.py:190} INFO - [2024-11-13T19:30:03.100+0000] {dagbag.py:588} INFO - Filling up the DagBag from /home/airflow/.local/lib/python3.12/site-packages/airflow/example_dags/example_external_task_marker_dag.py
[2024-11-13T19:30:03.106+0000] {processor.py:925} INFO - DAG(s) 'example_external_task_marker_parent', 'example_external_task_marker_child' retrieved from /home/airflow/.local/lib/python3.12/site-packages/airflow/example_dags/example_external_task_marker_dag.py
[2024-11-13T19:30:03.122+0000] {logging_mixin.py:190} INFO - [2024-11-13T19:30:03.122+0000] {dag.py:3239} INFO - Sync 2 DAGs
[2024-11-13T19:30:03.132+0000] {logging_mixin.py:190} INFO - [2024-11-13T19:30:03.132+0000] {dag.py:4180} INFO - Setting next_dagrun for example_external_task_marker_child to None, run_after=None
[2024-11-13T19:30:03.134+0000] {logging_mixin.py:190} INFO - [2024-11-13T19:30:03.134+0000] {dag.py:4180} INFO - Setting next_dagrun for example_external_task_marker_parent to None, run_after=None
[2024-11-13T19:30:03.148+0000] {processor.py:208} INFO - Processing /home/airflow/.local/lib/python3.12/site-packages/airflow/example_dags/example_external_task_marker_dag.py took 0.054 seconds
[2024-11-13T19:30:34.380+0000] {processor.py:186} INFO - Started process (PID=1001) to work on /home/airflow/.local/lib/python3.12/site-packages/airflow/example_dags/example_external_task_marker_dag.py
[2024-11-13T19:30:34.381+0000] {processor.py:914} INFO - Processing file /home/airflow/.local/lib/python3.12/site-packages/airflow/example_dags/example_external_task_marker_dag.py for tasks to queue
[2024-11-13T19:30:34.383+0000] {logging_mixin.py:190} INFO - [2024-11-13T19:30:34.383+0000] {dagbag.py:588} INFO - Filling up the DagBag from /home/airflow/.local/lib/python3.12/site-packages/airflow/example_dags/example_external_task_marker_dag.py
[2024-11-13T19:30:34.388+0000] {processor.py:925} INFO - DAG(s) 'example_external_task_marker_parent', 'example_external_task_marker_child' retrieved from /home/airflow/.local/lib/python3.12/site-packages/airflow/example_dags/example_external_task_marker_dag.py
[2024-11-13T19:30:34.406+0000] {logging_mixin.py:190} INFO - [2024-11-13T19:30:34.405+0000] {dag.py:3239} INFO - Sync 2 DAGs
[2024-11-13T19:30:34.415+0000] {logging_mixin.py:190} INFO - [2024-11-13T19:30:34.415+0000] {dag.py:4180} INFO - Setting next_dagrun for example_external_task_marker_child to None, run_after=None
[2024-11-13T19:30:34.418+0000] {logging_mixin.py:190} INFO - [2024-11-13T19:30:34.418+0000] {dag.py:4180} INFO - Setting next_dagrun for example_external_task_marker_parent to None, run_after=None
[2024-11-13T19:30:34.429+0000] {processor.py:208} INFO - Processing /home/airflow/.local/lib/python3.12/site-packages/airflow/example_dags/example_external_task_marker_dag.py took 0.053 seconds
[2024-11-13T19:31:05.647+0000] {processor.py:186} INFO - Started process (PID=1064) to work on /home/airflow/.local/lib/python3.12/site-packages/airflow/example_dags/example_external_task_marker_dag.py
[2024-11-13T19:31:05.648+0000] {processor.py:914} INFO - Processing file /home/airflow/.local/lib/python3.12/site-packages/airflow/example_dags/example_external_task_marker_dag.py for tasks to queue
[2024-11-13T19:31:05.650+0000] {logging_mixin.py:190} INFO - [2024-11-13T19:31:05.650+0000] {dagbag.py:588} INFO - Filling up the DagBag from /home/airflow/.local/lib/python3.12/site-packages/airflow/example_dags/example_external_task_marker_dag.py
[2024-11-13T19:31:05.656+0000] {processor.py:925} INFO - DAG(s) 'example_external_task_marker_child', 'example_external_task_marker_parent' retrieved from /home/airflow/.local/lib/python3.12/site-packages/airflow/example_dags/example_external_task_marker_dag.py
[2024-11-13T19:31:05.673+0000] {logging_mixin.py:190} INFO - [2024-11-13T19:31:05.673+0000] {dag.py:3239} INFO - Sync 2 DAGs
[2024-11-13T19:31:05.684+0000] {logging_mixin.py:190} INFO - [2024-11-13T19:31:05.684+0000] {dag.py:4180} INFO - Setting next_dagrun for example_external_task_marker_child to None, run_after=None
[2024-11-13T19:31:05.688+0000] {logging_mixin.py:190} INFO - [2024-11-13T19:31:05.688+0000] {dag.py:4180} INFO - Setting next_dagrun for example_external_task_marker_parent to None, run_after=None
[2024-11-13T19:31:05.701+0000] {processor.py:208} INFO - Processing /home/airflow/.local/lib/python3.12/site-packages/airflow/example_dags/example_external_task_marker_dag.py took 0.058 seconds
[2024-11-13T19:31:36.630+0000] {processor.py:186} INFO - Started process (PID=1126) to work on /home/airflow/.local/lib/python3.12/site-packages/airflow/example_dags/example_external_task_marker_dag.py
[2024-11-13T19:31:36.631+0000] {processor.py:914} INFO - Processing file /home/airflow/.local/lib/python3.12/site-packages/airflow/example_dags/example_external_task_marker_dag.py for tasks to queue
[2024-11-13T19:31:36.632+0000] {logging_mixin.py:190} INFO - [2024-11-13T19:31:36.632+0000] {dagbag.py:588} INFO - Filling up the DagBag from /home/airflow/.local/lib/python3.12/site-packages/airflow/example_dags/example_external_task_marker_dag.py
[2024-11-13T19:31:36.638+0000] {processor.py:925} INFO - DAG(s) 'example_external_task_marker_child', 'example_external_task_marker_parent' retrieved from /home/airflow/.local/lib/python3.12/site-packages/airflow/example_dags/example_external_task_marker_dag.py
[2024-11-13T19:31:36.656+0000] {logging_mixin.py:190} INFO - [2024-11-13T19:31:36.655+0000] {dag.py:3239} INFO - Sync 2 DAGs
[2024-11-13T19:31:36.666+0000] {logging_mixin.py:190} INFO - [2024-11-13T19:31:36.666+0000] {dag.py:4180} INFO - Setting next_dagrun for example_external_task_marker_child to None, run_after=None
[2024-11-13T19:31:36.669+0000] {logging_mixin.py:190} INFO - [2024-11-13T19:31:36.669+0000] {dag.py:4180} INFO - Setting next_dagrun for example_external_task_marker_parent to None, run_after=None
[2024-11-13T19:31:36.682+0000] {processor.py:208} INFO - Processing /home/airflow/.local/lib/python3.12/site-packages/airflow/example_dags/example_external_task_marker_dag.py took 0.056 seconds
[2024-11-13T19:32:07.121+0000] {processor.py:186} INFO - Started process (PID=1189) to work on /home/airflow/.local/lib/python3.12/site-packages/airflow/example_dags/example_external_task_marker_dag.py
[2024-11-13T19:32:07.122+0000] {processor.py:914} INFO - Processing file /home/airflow/.local/lib/python3.12/site-packages/airflow/example_dags/example_external_task_marker_dag.py for tasks to queue
[2024-11-13T19:32:07.124+0000] {logging_mixin.py:190} INFO - [2024-11-13T19:32:07.124+0000] {dagbag.py:588} INFO - Filling up the DagBag from /home/airflow/.local/lib/python3.12/site-packages/airflow/example_dags/example_external_task_marker_dag.py
[2024-11-13T19:32:07.131+0000] {processor.py:925} INFO - DAG(s) 'example_external_task_marker_parent', 'example_external_task_marker_child' retrieved from /home/airflow/.local/lib/python3.12/site-packages/airflow/example_dags/example_external_task_marker_dag.py
[2024-11-13T19:32:07.151+0000] {logging_mixin.py:190} INFO - [2024-11-13T19:32:07.151+0000] {dag.py:3239} INFO - Sync 2 DAGs
[2024-11-13T19:32:07.163+0000] {logging_mixin.py:190} INFO - [2024-11-13T19:32:07.163+0000] {dag.py:4180} INFO - Setting next_dagrun for example_external_task_marker_child to None, run_after=None
[2024-11-13T19:32:07.166+0000] {logging_mixin.py:190} INFO - [2024-11-13T19:32:07.166+0000] {dag.py:4180} INFO - Setting next_dagrun for example_external_task_marker_parent to None, run_after=None
[2024-11-13T19:32:07.180+0000] {processor.py:208} INFO - Processing /home/airflow/.local/lib/python3.12/site-packages/airflow/example_dags/example_external_task_marker_dag.py took 0.063 seconds
[2024-11-13T19:32:37.672+0000] {processor.py:186} INFO - Started process (PID=1252) to work on /home/airflow/.local/lib/python3.12/site-packages/airflow/example_dags/example_external_task_marker_dag.py
[2024-11-13T19:32:37.674+0000] {processor.py:914} INFO - Processing file /home/airflow/.local/lib/python3.12/site-packages/airflow/example_dags/example_external_task_marker_dag.py for tasks to queue
[2024-11-13T19:32:37.676+0000] {logging_mixin.py:190} INFO - [2024-11-13T19:32:37.676+0000] {dagbag.py:588} INFO - Filling up the DagBag from /home/airflow/.local/lib/python3.12/site-packages/airflow/example_dags/example_external_task_marker_dag.py
[2024-11-13T19:32:37.685+0000] {processor.py:925} INFO - DAG(s) 'example_external_task_marker_parent', 'example_external_task_marker_child' retrieved from /home/airflow/.local/lib/python3.12/site-packages/airflow/example_dags/example_external_task_marker_dag.py
[2024-11-13T19:32:37.708+0000] {logging_mixin.py:190} INFO - [2024-11-13T19:32:37.708+0000] {dag.py:3239} INFO - Sync 2 DAGs
[2024-11-13T19:32:37.720+0000] {logging_mixin.py:190} INFO - [2024-11-13T19:32:37.720+0000] {dag.py:4180} INFO - Setting next_dagrun for example_external_task_marker_child to None, run_after=None
[2024-11-13T19:32:37.723+0000] {logging_mixin.py:190} INFO - [2024-11-13T19:32:37.723+0000] {dag.py:4180} INFO - Setting next_dagrun for example_external_task_marker_parent to None, run_after=None
[2024-11-13T19:32:37.739+0000] {processor.py:208} INFO - Processing /home/airflow/.local/lib/python3.12/site-packages/airflow/example_dags/example_external_task_marker_dag.py took 0.075 seconds
[2024-11-13T19:33:08.848+0000] {processor.py:186} INFO - Started process (PID=1316) to work on /home/airflow/.local/lib/python3.12/site-packages/airflow/example_dags/example_external_task_marker_dag.py
[2024-11-13T19:33:08.849+0000] {processor.py:914} INFO - Processing file /home/airflow/.local/lib/python3.12/site-packages/airflow/example_dags/example_external_task_marker_dag.py for tasks to queue
[2024-11-13T19:33:08.851+0000] {logging_mixin.py:190} INFO - [2024-11-13T19:33:08.851+0000] {dagbag.py:588} INFO - Filling up the DagBag from /home/airflow/.local/lib/python3.12/site-packages/airflow/example_dags/example_external_task_marker_dag.py
[2024-11-13T19:33:08.856+0000] {processor.py:925} INFO - DAG(s) 'example_external_task_marker_parent', 'example_external_task_marker_child' retrieved from /home/airflow/.local/lib/python3.12/site-packages/airflow/example_dags/example_external_task_marker_dag.py
[2024-11-13T19:33:08.873+0000] {logging_mixin.py:190} INFO - [2024-11-13T19:33:08.873+0000] {dag.py:3239} INFO - Sync 2 DAGs
[2024-11-13T19:33:08.884+0000] {logging_mixin.py:190} INFO - [2024-11-13T19:33:08.884+0000] {dag.py:4180} INFO - Setting next_dagrun for example_external_task_marker_child to None, run_after=None
[2024-11-13T19:33:08.887+0000] {logging_mixin.py:190} INFO - [2024-11-13T19:33:08.887+0000] {dag.py:4180} INFO - Setting next_dagrun for example_external_task_marker_parent to None, run_after=None
[2024-11-13T19:33:08.900+0000] {processor.py:208} INFO - Processing /home/airflow/.local/lib/python3.12/site-packages/airflow/example_dags/example_external_task_marker_dag.py took 0.056 seconds
[2024-11-13T19:33:39.378+0000] {processor.py:186} INFO - Started process (PID=1379) to work on /home/airflow/.local/lib/python3.12/site-packages/airflow/example_dags/example_external_task_marker_dag.py
[2024-11-13T19:33:39.379+0000] {processor.py:914} INFO - Processing file /home/airflow/.local/lib/python3.12/site-packages/airflow/example_dags/example_external_task_marker_dag.py for tasks to queue
[2024-11-13T19:33:39.380+0000] {logging_mixin.py:190} INFO - [2024-11-13T19:33:39.380+0000] {dagbag.py:588} INFO - Filling up the DagBag from /home/airflow/.local/lib/python3.12/site-packages/airflow/example_dags/example_external_task_marker_dag.py
[2024-11-13T19:33:39.386+0000] {processor.py:925} INFO - DAG(s) 'example_external_task_marker_child', 'example_external_task_marker_parent' retrieved from /home/airflow/.local/lib/python3.12/site-packages/airflow/example_dags/example_external_task_marker_dag.py
[2024-11-13T19:33:39.405+0000] {logging_mixin.py:190} INFO - [2024-11-13T19:33:39.405+0000] {dag.py:3239} INFO - Sync 2 DAGs
[2024-11-13T19:33:39.415+0000] {logging_mixin.py:190} INFO - [2024-11-13T19:33:39.415+0000] {dag.py:4180} INFO - Setting next_dagrun for example_external_task_marker_child to None, run_after=None
[2024-11-13T19:33:39.418+0000] {logging_mixin.py:190} INFO - [2024-11-13T19:33:39.418+0000] {dag.py:4180} INFO - Setting next_dagrun for example_external_task_marker_parent to None, run_after=None
[2024-11-13T19:33:39.429+0000] {processor.py:208} INFO - Processing /home/airflow/.local/lib/python3.12/site-packages/airflow/example_dags/example_external_task_marker_dag.py took 0.055 seconds
[2024-11-13T19:34:10.551+0000] {processor.py:186} INFO - Started process (PID=1442) to work on /home/airflow/.local/lib/python3.12/site-packages/airflow/example_dags/example_external_task_marker_dag.py
[2024-11-13T19:34:10.552+0000] {processor.py:914} INFO - Processing file /home/airflow/.local/lib/python3.12/site-packages/airflow/example_dags/example_external_task_marker_dag.py for tasks to queue
[2024-11-13T19:34:10.554+0000] {logging_mixin.py:190} INFO - [2024-11-13T19:34:10.554+0000] {dagbag.py:588} INFO - Filling up the DagBag from /home/airflow/.local/lib/python3.12/site-packages/airflow/example_dags/example_external_task_marker_dag.py
[2024-11-13T19:34:10.560+0000] {processor.py:925} INFO - DAG(s) 'example_external_task_marker_parent', 'example_external_task_marker_child' retrieved from /home/airflow/.local/lib/python3.12/site-packages/airflow/example_dags/example_external_task_marker_dag.py
[2024-11-13T19:34:10.576+0000] {logging_mixin.py:190} INFO - [2024-11-13T19:34:10.576+0000] {dag.py:3239} INFO - Sync 2 DAGs
[2024-11-13T19:34:10.586+0000] {logging_mixin.py:190} INFO - [2024-11-13T19:34:10.586+0000] {dag.py:4180} INFO - Setting next_dagrun for example_external_task_marker_child to None, run_after=None
[2024-11-13T19:34:10.590+0000] {logging_mixin.py:190} INFO - [2024-11-13T19:34:10.589+0000] {dag.py:4180} INFO - Setting next_dagrun for example_external_task_marker_parent to None, run_after=None
[2024-11-13T19:34:10.602+0000] {processor.py:208} INFO - Processing /home/airflow/.local/lib/python3.12/site-packages/airflow/example_dags/example_external_task_marker_dag.py took 0.055 seconds
[2024-11-13T19:34:42.252+0000] {processor.py:186} INFO - Started process (PID=1506) to work on /home/airflow/.local/lib/python3.12/site-packages/airflow/example_dags/example_external_task_marker_dag.py
[2024-11-13T19:34:42.253+0000] {processor.py:914} INFO - Processing file /home/airflow/.local/lib/python3.12/site-packages/airflow/example_dags/example_external_task_marker_dag.py for tasks to queue
[2024-11-13T19:34:42.255+0000] {logging_mixin.py:190} INFO - [2024-11-13T19:34:42.255+0000] {dagbag.py:588} INFO - Filling up the DagBag from /home/airflow/.local/lib/python3.12/site-packages/airflow/example_dags/example_external_task_marker_dag.py
[2024-11-13T19:34:42.261+0000] {processor.py:925} INFO - DAG(s) 'example_external_task_marker_child', 'example_external_task_marker_parent' retrieved from /home/airflow/.local/lib/python3.12/site-packages/airflow/example_dags/example_external_task_marker_dag.py
[2024-11-13T19:34:42.279+0000] {logging_mixin.py:190} INFO - [2024-11-13T19:34:42.279+0000] {dag.py:3239} INFO - Sync 2 DAGs
[2024-11-13T19:34:42.290+0000] {logging_mixin.py:190} INFO - [2024-11-13T19:34:42.290+0000] {dag.py:4180} INFO - Setting next_dagrun for example_external_task_marker_child to None, run_after=None
[2024-11-13T19:34:42.293+0000] {logging_mixin.py:190} INFO - [2024-11-13T19:34:42.293+0000] {dag.py:4180} INFO - Setting next_dagrun for example_external_task_marker_parent to None, run_after=None
[2024-11-13T19:34:42.306+0000] {processor.py:208} INFO - Processing /home/airflow/.local/lib/python3.12/site-packages/airflow/example_dags/example_external_task_marker_dag.py took 0.058 seconds
[2024-11-13T19:35:13.782+0000] {processor.py:186} INFO - Started process (PID=1569) to work on /home/airflow/.local/lib/python3.12/site-packages/airflow/example_dags/example_external_task_marker_dag.py
[2024-11-13T19:35:13.783+0000] {processor.py:914} INFO - Processing file /home/airflow/.local/lib/python3.12/site-packages/airflow/example_dags/example_external_task_marker_dag.py for tasks to queue
[2024-11-13T19:35:13.784+0000] {logging_mixin.py:190} INFO - [2024-11-13T19:35:13.784+0000] {dagbag.py:588} INFO - Filling up the DagBag from /home/airflow/.local/lib/python3.12/site-packages/airflow/example_dags/example_external_task_marker_dag.py
[2024-11-13T19:35:13.790+0000] {processor.py:925} INFO - DAG(s) 'example_external_task_marker_parent', 'example_external_task_marker_child' retrieved from /home/airflow/.local/lib/python3.12/site-packages/airflow/example_dags/example_external_task_marker_dag.py
[2024-11-13T19:35:13.806+0000] {logging_mixin.py:190} INFO - [2024-11-13T19:35:13.806+0000] {dag.py:3239} INFO - Sync 2 DAGs
[2024-11-13T19:35:13.816+0000] {logging_mixin.py:190} INFO - [2024-11-13T19:35:13.816+0000] {dag.py:4180} INFO - Setting next_dagrun for example_external_task_marker_child to None, run_after=None
[2024-11-13T19:35:13.819+0000] {logging_mixin.py:190} INFO - [2024-11-13T19:35:13.818+0000] {dag.py:4180} INFO - Setting next_dagrun for example_external_task_marker_parent to None, run_after=None
[2024-11-13T19:35:13.831+0000] {processor.py:208} INFO - Processing /home/airflow/.local/lib/python3.12/site-packages/airflow/example_dags/example_external_task_marker_dag.py took 0.053 seconds
[2024-11-13T19:35:44.064+0000] {processor.py:186} INFO - Started process (PID=1632) to work on /home/airflow/.local/lib/python3.12/site-packages/airflow/example_dags/example_external_task_marker_dag.py
[2024-11-13T19:35:44.065+0000] {processor.py:914} INFO - Processing file /home/airflow/.local/lib/python3.12/site-packages/airflow/example_dags/example_external_task_marker_dag.py for tasks to queue
[2024-11-13T19:35:44.067+0000] {logging_mixin.py:190} INFO - [2024-11-13T19:35:44.067+0000] {dagbag.py:588} INFO - Filling up the DagBag from /home/airflow/.local/lib/python3.12/site-packages/airflow/example_dags/example_external_task_marker_dag.py
[2024-11-13T19:35:44.073+0000] {processor.py:925} INFO - DAG(s) 'example_external_task_marker_parent', 'example_external_task_marker_child' retrieved from /home/airflow/.local/lib/python3.12/site-packages/airflow/example_dags/example_external_task_marker_dag.py
[2024-11-13T19:35:44.091+0000] {logging_mixin.py:190} INFO - [2024-11-13T19:35:44.091+0000] {dag.py:3239} INFO - Sync 2 DAGs
[2024-11-13T19:35:44.103+0000] {logging_mixin.py:190} INFO - [2024-11-13T19:35:44.103+0000] {dag.py:4180} INFO - Setting next_dagrun for example_external_task_marker_child to None, run_after=None
[2024-11-13T19:35:44.107+0000] {logging_mixin.py:190} INFO - [2024-11-13T19:35:44.107+0000] {dag.py:4180} INFO - Setting next_dagrun for example_external_task_marker_parent to None, run_after=None
[2024-11-13T19:35:44.123+0000] {processor.py:208} INFO - Processing /home/airflow/.local/lib/python3.12/site-packages/airflow/example_dags/example_external_task_marker_dag.py took 0.063 seconds
[2024-11-13T19:36:15.481+0000] {processor.py:186} INFO - Started process (PID=1695) to work on /home/airflow/.local/lib/python3.12/site-packages/airflow/example_dags/example_external_task_marker_dag.py
[2024-11-13T19:36:15.482+0000] {processor.py:914} INFO - Processing file /home/airflow/.local/lib/python3.12/site-packages/airflow/example_dags/example_external_task_marker_dag.py for tasks to queue
[2024-11-13T19:36:15.484+0000] {logging_mixin.py:190} INFO - [2024-11-13T19:36:15.484+0000] {dagbag.py:588} INFO - Filling up the DagBag from /home/airflow/.local/lib/python3.12/site-packages/airflow/example_dags/example_external_task_marker_dag.py
[2024-11-13T19:36:15.490+0000] {processor.py:925} INFO - DAG(s) 'example_external_task_marker_parent', 'example_external_task_marker_child' retrieved from /home/airflow/.local/lib/python3.12/site-packages/airflow/example_dags/example_external_task_marker_dag.py
[2024-11-13T19:36:15.507+0000] {logging_mixin.py:190} INFO - [2024-11-13T19:36:15.507+0000] {dag.py:3239} INFO - Sync 2 DAGs
[2024-11-13T19:36:15.517+0000] {logging_mixin.py:190} INFO - [2024-11-13T19:36:15.517+0000] {dag.py:4180} INFO - Setting next_dagrun for example_external_task_marker_child to None, run_after=None
[2024-11-13T19:36:15.519+0000] {logging_mixin.py:190} INFO - [2024-11-13T19:36:15.519+0000] {dag.py:4180} INFO - Setting next_dagrun for example_external_task_marker_parent to None, run_after=None
[2024-11-13T19:36:15.531+0000] {processor.py:208} INFO - Processing /home/airflow/.local/lib/python3.12/site-packages/airflow/example_dags/example_external_task_marker_dag.py took 0.054 seconds
[2024-11-13T19:36:46.641+0000] {processor.py:186} INFO - Started process (PID=1758) to work on /home/airflow/.local/lib/python3.12/site-packages/airflow/example_dags/example_external_task_marker_dag.py
[2024-11-13T19:36:46.643+0000] {processor.py:914} INFO - Processing file /home/airflow/.local/lib/python3.12/site-packages/airflow/example_dags/example_external_task_marker_dag.py for tasks to queue
[2024-11-13T19:36:46.645+0000] {logging_mixin.py:190} INFO - [2024-11-13T19:36:46.645+0000] {dagbag.py:588} INFO - Filling up the DagBag from /home/airflow/.local/lib/python3.12/site-packages/airflow/example_dags/example_external_task_marker_dag.py
[2024-11-13T19:36:46.651+0000] {processor.py:925} INFO - DAG(s) 'example_external_task_marker_parent', 'example_external_task_marker_child' retrieved from /home/airflow/.local/lib/python3.12/site-packages/airflow/example_dags/example_external_task_marker_dag.py
[2024-11-13T19:36:46.668+0000] {logging_mixin.py:190} INFO - [2024-11-13T19:36:46.668+0000] {dag.py:3239} INFO - Sync 2 DAGs
[2024-11-13T19:36:46.679+0000] {logging_mixin.py:190} INFO - [2024-11-13T19:36:46.678+0000] {dag.py:4180} INFO - Setting next_dagrun for example_external_task_marker_child to None, run_after=None
[2024-11-13T19:36:46.681+0000] {logging_mixin.py:190} INFO - [2024-11-13T19:36:46.681+0000] {dag.py:4180} INFO - Setting next_dagrun for example_external_task_marker_parent to None, run_after=None
[2024-11-13T19:36:46.692+0000] {processor.py:208} INFO - Processing /home/airflow/.local/lib/python3.12/site-packages/airflow/example_dags/example_external_task_marker_dag.py took 0.055 seconds
[2024-11-13T19:37:17.790+0000] {processor.py:186} INFO - Started process (PID=1821) to work on /home/airflow/.local/lib/python3.12/site-packages/airflow/example_dags/example_external_task_marker_dag.py
[2024-11-13T19:37:17.791+0000] {processor.py:914} INFO - Processing file /home/airflow/.local/lib/python3.12/site-packages/airflow/example_dags/example_external_task_marker_dag.py for tasks to queue
[2024-11-13T19:37:17.793+0000] {logging_mixin.py:190} INFO - [2024-11-13T19:37:17.792+0000] {dagbag.py:588} INFO - Filling up the DagBag from /home/airflow/.local/lib/python3.12/site-packages/airflow/example_dags/example_external_task_marker_dag.py
[2024-11-13T19:37:17.798+0000] {processor.py:925} INFO - DAG(s) 'example_external_task_marker_parent', 'example_external_task_marker_child' retrieved from /home/airflow/.local/lib/python3.12/site-packages/airflow/example_dags/example_external_task_marker_dag.py
[2024-11-13T19:37:17.814+0000] {logging_mixin.py:190} INFO - [2024-11-13T19:37:17.814+0000] {dag.py:3239} INFO - Sync 2 DAGs
[2024-11-13T19:37:17.824+0000] {logging_mixin.py:190} INFO - [2024-11-13T19:37:17.824+0000] {dag.py:4180} INFO - Setting next_dagrun for example_external_task_marker_child to None, run_after=None
[2024-11-13T19:37:17.827+0000] {logging_mixin.py:190} INFO - [2024-11-13T19:37:17.827+0000] {dag.py:4180} INFO - Setting next_dagrun for example_external_task_marker_parent to None, run_after=None
[2024-11-13T19:37:17.839+0000] {processor.py:208} INFO - Processing /home/airflow/.local/lib/python3.12/site-packages/airflow/example_dags/example_external_task_marker_dag.py took 0.053 seconds
[2024-11-13T19:37:49.014+0000] {processor.py:186} INFO - Started process (PID=1884) to work on /home/airflow/.local/lib/python3.12/site-packages/airflow/example_dags/example_external_task_marker_dag.py
[2024-11-13T19:37:49.015+0000] {processor.py:914} INFO - Processing file /home/airflow/.local/lib/python3.12/site-packages/airflow/example_dags/example_external_task_marker_dag.py for tasks to queue
[2024-11-13T19:37:49.016+0000] {logging_mixin.py:190} INFO - [2024-11-13T19:37:49.016+0000] {dagbag.py:588} INFO - Filling up the DagBag from /home/airflow/.local/lib/python3.12/site-packages/airflow/example_dags/example_external_task_marker_dag.py
[2024-11-13T19:37:49.023+0000] {processor.py:925} INFO - DAG(s) 'example_external_task_marker_parent', 'example_external_task_marker_child' retrieved from /home/airflow/.local/lib/python3.12/site-packages/airflow/example_dags/example_external_task_marker_dag.py
[2024-11-13T19:37:49.044+0000] {logging_mixin.py:190} INFO - [2024-11-13T19:37:49.044+0000] {dag.py:3239} INFO - Sync 2 DAGs
[2024-11-13T19:37:49.056+0000] {logging_mixin.py:190} INFO - [2024-11-13T19:37:49.056+0000] {dag.py:4180} INFO - Setting next_dagrun for example_external_task_marker_child to None, run_after=None
[2024-11-13T19:37:49.060+0000] {logging_mixin.py:190} INFO - [2024-11-13T19:37:49.059+0000] {dag.py:4180} INFO - Setting next_dagrun for example_external_task_marker_parent to None, run_after=None
[2024-11-13T19:37:49.073+0000] {processor.py:208} INFO - Processing /home/airflow/.local/lib/python3.12/site-packages/airflow/example_dags/example_external_task_marker_dag.py took 0.063 seconds
[2024-11-13T19:38:20.245+0000] {processor.py:186} INFO - Started process (PID=1953) to work on /home/airflow/.local/lib/python3.12/site-packages/airflow/example_dags/example_external_task_marker_dag.py
[2024-11-13T19:38:20.246+0000] {processor.py:914} INFO - Processing file /home/airflow/.local/lib/python3.12/site-packages/airflow/example_dags/example_external_task_marker_dag.py for tasks to queue
[2024-11-13T19:38:20.248+0000] {logging_mixin.py:190} INFO - [2024-11-13T19:38:20.248+0000] {dagbag.py:588} INFO - Filling up the DagBag from /home/airflow/.local/lib/python3.12/site-packages/airflow/example_dags/example_external_task_marker_dag.py
[2024-11-13T19:38:20.254+0000] {processor.py:925} INFO - DAG(s) 'example_external_task_marker_child', 'example_external_task_marker_parent' retrieved from /home/airflow/.local/lib/python3.12/site-packages/airflow/example_dags/example_external_task_marker_dag.py
[2024-11-13T19:38:20.274+0000] {logging_mixin.py:190} INFO - [2024-11-13T19:38:20.274+0000] {dag.py:3239} INFO - Sync 2 DAGs
[2024-11-13T19:38:20.285+0000] {logging_mixin.py:190} INFO - [2024-11-13T19:38:20.285+0000] {dag.py:4180} INFO - Setting next_dagrun for example_external_task_marker_child to None, run_after=None
[2024-11-13T19:38:20.288+0000] {logging_mixin.py:190} INFO - [2024-11-13T19:38:20.288+0000] {dag.py:4180} INFO - Setting next_dagrun for example_external_task_marker_parent to None, run_after=None
[2024-11-13T19:38:20.301+0000] {processor.py:208} INFO - Processing /home/airflow/.local/lib/python3.12/site-packages/airflow/example_dags/example_external_task_marker_dag.py took 0.060 seconds
[2024-11-13T19:38:51.401+0000] {processor.py:186} INFO - Started process (PID=2016) to work on /home/airflow/.local/lib/python3.12/site-packages/airflow/example_dags/example_external_task_marker_dag.py
[2024-11-13T19:38:51.402+0000] {processor.py:914} INFO - Processing file /home/airflow/.local/lib/python3.12/site-packages/airflow/example_dags/example_external_task_marker_dag.py for tasks to queue
[2024-11-13T19:38:51.403+0000] {logging_mixin.py:190} INFO - [2024-11-13T19:38:51.403+0000] {dagbag.py:588} INFO - Filling up the DagBag from /home/airflow/.local/lib/python3.12/site-packages/airflow/example_dags/example_external_task_marker_dag.py
[2024-11-13T19:38:51.410+0000] {processor.py:925} INFO - DAG(s) 'example_external_task_marker_child', 'example_external_task_marker_parent' retrieved from /home/airflow/.local/lib/python3.12/site-packages/airflow/example_dags/example_external_task_marker_dag.py
[2024-11-13T19:38:51.429+0000] {logging_mixin.py:190} INFO - [2024-11-13T19:38:51.429+0000] {dag.py:3239} INFO - Sync 2 DAGs
[2024-11-13T19:38:51.440+0000] {logging_mixin.py:190} INFO - [2024-11-13T19:38:51.440+0000] {dag.py:4180} INFO - Setting next_dagrun for example_external_task_marker_child to None, run_after=None
[2024-11-13T19:38:51.444+0000] {logging_mixin.py:190} INFO - [2024-11-13T19:38:51.443+0000] {dag.py:4180} INFO - Setting next_dagrun for example_external_task_marker_parent to None, run_after=None
[2024-11-13T19:38:51.456+0000] {processor.py:208} INFO - Processing /home/airflow/.local/lib/python3.12/site-packages/airflow/example_dags/example_external_task_marker_dag.py took 0.060 seconds
[2024-11-13T19:39:22.741+0000] {processor.py:186} INFO - Started process (PID=2079) to work on /home/airflow/.local/lib/python3.12/site-packages/airflow/example_dags/example_external_task_marker_dag.py
[2024-11-13T19:39:22.742+0000] {processor.py:914} INFO - Processing file /home/airflow/.local/lib/python3.12/site-packages/airflow/example_dags/example_external_task_marker_dag.py for tasks to queue
[2024-11-13T19:39:22.743+0000] {logging_mixin.py:190} INFO - [2024-11-13T19:39:22.743+0000] {dagbag.py:588} INFO - Filling up the DagBag from /home/airflow/.local/lib/python3.12/site-packages/airflow/example_dags/example_external_task_marker_dag.py
[2024-11-13T19:39:22.750+0000] {processor.py:925} INFO - DAG(s) 'example_external_task_marker_parent', 'example_external_task_marker_child' retrieved from /home/airflow/.local/lib/python3.12/site-packages/airflow/example_dags/example_external_task_marker_dag.py
[2024-11-13T19:39:22.769+0000] {logging_mixin.py:190} INFO - [2024-11-13T19:39:22.769+0000] {dag.py:3239} INFO - Sync 2 DAGs
[2024-11-13T19:39:22.780+0000] {logging_mixin.py:190} INFO - [2024-11-13T19:39:22.780+0000] {dag.py:4180} INFO - Setting next_dagrun for example_external_task_marker_child to None, run_after=None
[2024-11-13T19:39:22.784+0000] {logging_mixin.py:190} INFO - [2024-11-13T19:39:22.784+0000] {dag.py:4180} INFO - Setting next_dagrun for example_external_task_marker_parent to None, run_after=None
[2024-11-13T19:39:22.799+0000] {processor.py:208} INFO - Processing /home/airflow/.local/lib/python3.12/site-packages/airflow/example_dags/example_external_task_marker_dag.py took 0.062 seconds
[2024-11-13T19:39:54.013+0000] {processor.py:186} INFO - Started process (PID=2142) to work on /home/airflow/.local/lib/python3.12/site-packages/airflow/example_dags/example_external_task_marker_dag.py
[2024-11-13T19:39:54.014+0000] {processor.py:914} INFO - Processing file /home/airflow/.local/lib/python3.12/site-packages/airflow/example_dags/example_external_task_marker_dag.py for tasks to queue
[2024-11-13T19:39:54.016+0000] {logging_mixin.py:190} INFO - [2024-11-13T19:39:54.015+0000] {dagbag.py:588} INFO - Filling up the DagBag from /home/airflow/.local/lib/python3.12/site-packages/airflow/example_dags/example_external_task_marker_dag.py
[2024-11-13T19:39:54.022+0000] {processor.py:925} INFO - DAG(s) 'example_external_task_marker_parent', 'example_external_task_marker_child' retrieved from /home/airflow/.local/lib/python3.12/site-packages/airflow/example_dags/example_external_task_marker_dag.py
[2024-11-13T19:39:54.040+0000] {logging_mixin.py:190} INFO - [2024-11-13T19:39:54.040+0000] {dag.py:3239} INFO - Sync 2 DAGs
[2024-11-13T19:39:54.051+0000] {logging_mixin.py:190} INFO - [2024-11-13T19:39:54.051+0000] {dag.py:4180} INFO - Setting next_dagrun for example_external_task_marker_child to None, run_after=None
[2024-11-13T19:39:54.054+0000] {logging_mixin.py:190} INFO - [2024-11-13T19:39:54.053+0000] {dag.py:4180} INFO - Setting next_dagrun for example_external_task_marker_parent to None, run_after=None
[2024-11-13T19:39:54.066+0000] {processor.py:208} INFO - Processing /home/airflow/.local/lib/python3.12/site-packages/airflow/example_dags/example_external_task_marker_dag.py took 0.057 seconds
[2024-11-13T19:40:25.413+0000] {processor.py:186} INFO - Started process (PID=2205) to work on /home/airflow/.local/lib/python3.12/site-packages/airflow/example_dags/example_external_task_marker_dag.py
[2024-11-13T19:40:25.415+0000] {processor.py:914} INFO - Processing file /home/airflow/.local/lib/python3.12/site-packages/airflow/example_dags/example_external_task_marker_dag.py for tasks to queue
[2024-11-13T19:40:25.416+0000] {logging_mixin.py:190} INFO - [2024-11-13T19:40:25.416+0000] {dagbag.py:588} INFO - Filling up the DagBag from /home/airflow/.local/lib/python3.12/site-packages/airflow/example_dags/example_external_task_marker_dag.py
[2024-11-13T19:40:25.424+0000] {processor.py:925} INFO - DAG(s) 'example_external_task_marker_child', 'example_external_task_marker_parent' retrieved from /home/airflow/.local/lib/python3.12/site-packages/airflow/example_dags/example_external_task_marker_dag.py
[2024-11-13T19:40:25.443+0000] {logging_mixin.py:190} INFO - [2024-11-13T19:40:25.442+0000] {dag.py:3239} INFO - Sync 2 DAGs
[2024-11-13T19:40:25.453+0000] {logging_mixin.py:190} INFO - [2024-11-13T19:40:25.453+0000] {dag.py:4180} INFO - Setting next_dagrun for example_external_task_marker_child to None, run_after=None
[2024-11-13T19:40:25.456+0000] {logging_mixin.py:190} INFO - [2024-11-13T19:40:25.456+0000] {dag.py:4180} INFO - Setting next_dagrun for example_external_task_marker_parent to None, run_after=None
[2024-11-13T19:40:25.470+0000] {processor.py:208} INFO - Processing /home/airflow/.local/lib/python3.12/site-packages/airflow/example_dags/example_external_task_marker_dag.py took 0.061 seconds
[2024-11-13T19:40:55.937+0000] {processor.py:186} INFO - Started process (PID=2270) to work on /home/airflow/.local/lib/python3.12/site-packages/airflow/example_dags/example_external_task_marker_dag.py
[2024-11-13T19:40:55.938+0000] {processor.py:914} INFO - Processing file /home/airflow/.local/lib/python3.12/site-packages/airflow/example_dags/example_external_task_marker_dag.py for tasks to queue
[2024-11-13T19:40:55.940+0000] {logging_mixin.py:190} INFO - [2024-11-13T19:40:55.939+0000] {dagbag.py:588} INFO - Filling up the DagBag from /home/airflow/.local/lib/python3.12/site-packages/airflow/example_dags/example_external_task_marker_dag.py
[2024-11-13T19:40:55.946+0000] {processor.py:925} INFO - DAG(s) 'example_external_task_marker_parent', 'example_external_task_marker_child' retrieved from /home/airflow/.local/lib/python3.12/site-packages/airflow/example_dags/example_external_task_marker_dag.py
[2024-11-13T19:40:55.966+0000] {logging_mixin.py:190} INFO - [2024-11-13T19:40:55.966+0000] {dag.py:3239} INFO - Sync 2 DAGs
[2024-11-13T19:40:55.977+0000] {logging_mixin.py:190} INFO - [2024-11-13T19:40:55.977+0000] {dag.py:4180} INFO - Setting next_dagrun for example_external_task_marker_child to None, run_after=None
[2024-11-13T19:40:55.980+0000] {logging_mixin.py:190} INFO - [2024-11-13T19:40:55.980+0000] {dag.py:4180} INFO - Setting next_dagrun for example_external_task_marker_parent to None, run_after=None
[2024-11-13T19:40:55.992+0000] {processor.py:208} INFO - Processing /home/airflow/.local/lib/python3.12/site-packages/airflow/example_dags/example_external_task_marker_dag.py took 0.060 seconds
[2024-11-13T19:41:26.325+0000] {processor.py:186} INFO - Started process (PID=2332) to work on /home/airflow/.local/lib/python3.12/site-packages/airflow/example_dags/example_external_task_marker_dag.py
[2024-11-13T19:41:26.326+0000] {processor.py:914} INFO - Processing file /home/airflow/.local/lib/python3.12/site-packages/airflow/example_dags/example_external_task_marker_dag.py for tasks to queue
[2024-11-13T19:41:26.328+0000] {logging_mixin.py:190} INFO - [2024-11-13T19:41:26.327+0000] {dagbag.py:588} INFO - Filling up the DagBag from /home/airflow/.local/lib/python3.12/site-packages/airflow/example_dags/example_external_task_marker_dag.py
[2024-11-13T19:41:26.334+0000] {processor.py:925} INFO - DAG(s) 'example_external_task_marker_parent', 'example_external_task_marker_child' retrieved from /home/airflow/.local/lib/python3.12/site-packages/airflow/example_dags/example_external_task_marker_dag.py
[2024-11-13T19:41:26.352+0000] {logging_mixin.py:190} INFO - [2024-11-13T19:41:26.351+0000] {dag.py:3239} INFO - Sync 2 DAGs
[2024-11-13T19:41:26.363+0000] {logging_mixin.py:190} INFO - [2024-11-13T19:41:26.363+0000] {dag.py:4180} INFO - Setting next_dagrun for example_external_task_marker_child to None, run_after=None
[2024-11-13T19:41:26.366+0000] {logging_mixin.py:190} INFO - [2024-11-13T19:41:26.366+0000] {dag.py:4180} INFO - Setting next_dagrun for example_external_task_marker_parent to None, run_after=None
[2024-11-13T19:41:26.380+0000] {processor.py:208} INFO - Processing /home/airflow/.local/lib/python3.12/site-packages/airflow/example_dags/example_external_task_marker_dag.py took 0.060 seconds
[2024-11-13T19:41:57.621+0000] {processor.py:186} INFO - Started process (PID=2398) to work on /home/airflow/.local/lib/python3.12/site-packages/airflow/example_dags/example_external_task_marker_dag.py
[2024-11-13T19:41:57.622+0000] {processor.py:914} INFO - Processing file /home/airflow/.local/lib/python3.12/site-packages/airflow/example_dags/example_external_task_marker_dag.py for tasks to queue
[2024-11-13T19:41:57.624+0000] {logging_mixin.py:190} INFO - [2024-11-13T19:41:57.623+0000] {dagbag.py:588} INFO - Filling up the DagBag from /home/airflow/.local/lib/python3.12/site-packages/airflow/example_dags/example_external_task_marker_dag.py
[2024-11-13T19:41:57.629+0000] {processor.py:925} INFO - DAG(s) 'example_external_task_marker_parent', 'example_external_task_marker_child' retrieved from /home/airflow/.local/lib/python3.12/site-packages/airflow/example_dags/example_external_task_marker_dag.py
[2024-11-13T19:41:57.648+0000] {logging_mixin.py:190} INFO - [2024-11-13T19:41:57.648+0000] {dag.py:3239} INFO - Sync 2 DAGs
[2024-11-13T19:41:57.661+0000] {logging_mixin.py:190} INFO - [2024-11-13T19:41:57.660+0000] {dag.py:4180} INFO - Setting next_dagrun for example_external_task_marker_child to None, run_after=None
[2024-11-13T19:41:57.663+0000] {logging_mixin.py:190} INFO - [2024-11-13T19:41:57.663+0000] {dag.py:4180} INFO - Setting next_dagrun for example_external_task_marker_parent to None, run_after=None
[2024-11-13T19:41:57.675+0000] {processor.py:208} INFO - Processing /home/airflow/.local/lib/python3.12/site-packages/airflow/example_dags/example_external_task_marker_dag.py took 0.058 seconds
[2024-11-13T19:42:29.893+0000] {processor.py:186} INFO - Started process (PID=2474) to work on /home/airflow/.local/lib/python3.12/site-packages/airflow/example_dags/example_external_task_marker_dag.py
[2024-11-13T19:42:29.894+0000] {processor.py:914} INFO - Processing file /home/airflow/.local/lib/python3.12/site-packages/airflow/example_dags/example_external_task_marker_dag.py for tasks to queue
[2024-11-13T19:42:29.896+0000] {logging_mixin.py:190} INFO - [2024-11-13T19:42:29.895+0000] {dagbag.py:588} INFO - Filling up the DagBag from /home/airflow/.local/lib/python3.12/site-packages/airflow/example_dags/example_external_task_marker_dag.py
[2024-11-13T19:42:29.902+0000] {processor.py:925} INFO - DAG(s) 'example_external_task_marker_child', 'example_external_task_marker_parent' retrieved from /home/airflow/.local/lib/python3.12/site-packages/airflow/example_dags/example_external_task_marker_dag.py
[2024-11-13T19:42:29.921+0000] {logging_mixin.py:190} INFO - [2024-11-13T19:42:29.921+0000] {dag.py:3239} INFO - Sync 2 DAGs
[2024-11-13T19:42:29.933+0000] {logging_mixin.py:190} INFO - [2024-11-13T19:42:29.933+0000] {dag.py:4180} INFO - Setting next_dagrun for example_external_task_marker_child to None, run_after=None
[2024-11-13T19:42:29.936+0000] {logging_mixin.py:190} INFO - [2024-11-13T19:42:29.936+0000] {dag.py:4180} INFO - Setting next_dagrun for example_external_task_marker_parent to None, run_after=None
[2024-11-13T19:42:29.951+0000] {processor.py:208} INFO - Processing /home/airflow/.local/lib/python3.12/site-packages/airflow/example_dags/example_external_task_marker_dag.py took 0.062 seconds
[2024-11-13T19:43:00.154+0000] {processor.py:186} INFO - Started process (PID=2536) to work on /home/airflow/.local/lib/python3.12/site-packages/airflow/example_dags/example_external_task_marker_dag.py
[2024-11-13T19:43:00.156+0000] {processor.py:914} INFO - Processing file /home/airflow/.local/lib/python3.12/site-packages/airflow/example_dags/example_external_task_marker_dag.py for tasks to queue
[2024-11-13T19:43:00.157+0000] {logging_mixin.py:190} INFO - [2024-11-13T19:43:00.157+0000] {dagbag.py:588} INFO - Filling up the DagBag from /home/airflow/.local/lib/python3.12/site-packages/airflow/example_dags/example_external_task_marker_dag.py
[2024-11-13T19:43:00.164+0000] {processor.py:925} INFO - DAG(s) 'example_external_task_marker_child', 'example_external_task_marker_parent' retrieved from /home/airflow/.local/lib/python3.12/site-packages/airflow/example_dags/example_external_task_marker_dag.py
[2024-11-13T19:43:00.184+0000] {logging_mixin.py:190} INFO - [2024-11-13T19:43:00.184+0000] {dag.py:3239} INFO - Sync 2 DAGs
[2024-11-13T19:43:00.195+0000] {logging_mixin.py:190} INFO - [2024-11-13T19:43:00.195+0000] {dag.py:4180} INFO - Setting next_dagrun for example_external_task_marker_child to None, run_after=None
[2024-11-13T19:43:00.198+0000] {logging_mixin.py:190} INFO - [2024-11-13T19:43:00.198+0000] {dag.py:4180} INFO - Setting next_dagrun for example_external_task_marker_parent to None, run_after=None
[2024-11-13T19:43:00.211+0000] {processor.py:208} INFO - Processing /home/airflow/.local/lib/python3.12/site-packages/airflow/example_dags/example_external_task_marker_dag.py took 0.061 seconds
[2024-11-13T19:43:30.579+0000] {processor.py:186} INFO - Started process (PID=2598) to work on /home/airflow/.local/lib/python3.12/site-packages/airflow/example_dags/example_external_task_marker_dag.py
[2024-11-13T19:43:30.580+0000] {processor.py:914} INFO - Processing file /home/airflow/.local/lib/python3.12/site-packages/airflow/example_dags/example_external_task_marker_dag.py for tasks to queue
[2024-11-13T19:43:30.581+0000] {logging_mixin.py:190} INFO - [2024-11-13T19:43:30.581+0000] {dagbag.py:588} INFO - Filling up the DagBag from /home/airflow/.local/lib/python3.12/site-packages/airflow/example_dags/example_external_task_marker_dag.py
[2024-11-13T19:43:30.588+0000] {processor.py:925} INFO - DAG(s) 'example_external_task_marker_parent', 'example_external_task_marker_child' retrieved from /home/airflow/.local/lib/python3.12/site-packages/airflow/example_dags/example_external_task_marker_dag.py
[2024-11-13T19:43:30.605+0000] {logging_mixin.py:190} INFO - [2024-11-13T19:43:30.605+0000] {dag.py:3239} INFO - Sync 2 DAGs
[2024-11-13T19:43:30.616+0000] {logging_mixin.py:190} INFO - [2024-11-13T19:43:30.616+0000] {dag.py:4180} INFO - Setting next_dagrun for example_external_task_marker_child to None, run_after=None
[2024-11-13T19:43:30.619+0000] {logging_mixin.py:190} INFO - [2024-11-13T19:43:30.619+0000] {dag.py:4180} INFO - Setting next_dagrun for example_external_task_marker_parent to None, run_after=None
[2024-11-13T19:43:30.632+0000] {processor.py:208} INFO - Processing /home/airflow/.local/lib/python3.12/site-packages/airflow/example_dags/example_external_task_marker_dag.py took 0.058 seconds
[2024-11-13T19:44:01.066+0000] {processor.py:186} INFO - Started process (PID=2661) to work on /home/airflow/.local/lib/python3.12/site-packages/airflow/example_dags/example_external_task_marker_dag.py
[2024-11-13T19:44:01.067+0000] {processor.py:914} INFO - Processing file /home/airflow/.local/lib/python3.12/site-packages/airflow/example_dags/example_external_task_marker_dag.py for tasks to queue
[2024-11-13T19:44:01.069+0000] {logging_mixin.py:190} INFO - [2024-11-13T19:44:01.069+0000] {dagbag.py:588} INFO - Filling up the DagBag from /home/airflow/.local/lib/python3.12/site-packages/airflow/example_dags/example_external_task_marker_dag.py
[2024-11-13T19:44:01.074+0000] {processor.py:925} INFO - DAG(s) 'example_external_task_marker_child', 'example_external_task_marker_parent' retrieved from /home/airflow/.local/lib/python3.12/site-packages/airflow/example_dags/example_external_task_marker_dag.py
[2024-11-13T19:44:01.092+0000] {logging_mixin.py:190} INFO - [2024-11-13T19:44:01.091+0000] {dag.py:3239} INFO - Sync 2 DAGs
[2024-11-13T19:44:01.102+0000] {logging_mixin.py:190} INFO - [2024-11-13T19:44:01.102+0000] {dag.py:4180} INFO - Setting next_dagrun for example_external_task_marker_child to None, run_after=None
[2024-11-13T19:44:01.104+0000] {logging_mixin.py:190} INFO - [2024-11-13T19:44:01.104+0000] {dag.py:4180} INFO - Setting next_dagrun for example_external_task_marker_parent to None, run_after=None
[2024-11-13T19:44:01.117+0000] {processor.py:208} INFO - Processing /home/airflow/.local/lib/python3.12/site-packages/airflow/example_dags/example_external_task_marker_dag.py took 0.055 seconds
[2024-11-13T19:44:31.674+0000] {processor.py:186} INFO - Started process (PID=2724) to work on /home/airflow/.local/lib/python3.12/site-packages/airflow/example_dags/example_external_task_marker_dag.py
[2024-11-13T19:44:31.675+0000] {processor.py:914} INFO - Processing file /home/airflow/.local/lib/python3.12/site-packages/airflow/example_dags/example_external_task_marker_dag.py for tasks to queue
[2024-11-13T19:44:31.676+0000] {logging_mixin.py:190} INFO - [2024-11-13T19:44:31.676+0000] {dagbag.py:588} INFO - Filling up the DagBag from /home/airflow/.local/lib/python3.12/site-packages/airflow/example_dags/example_external_task_marker_dag.py
[2024-11-13T19:44:31.683+0000] {processor.py:925} INFO - DAG(s) 'example_external_task_marker_child', 'example_external_task_marker_parent' retrieved from /home/airflow/.local/lib/python3.12/site-packages/airflow/example_dags/example_external_task_marker_dag.py
[2024-11-13T19:44:31.701+0000] {logging_mixin.py:190} INFO - [2024-11-13T19:44:31.701+0000] {dag.py:3239} INFO - Sync 2 DAGs
[2024-11-13T19:44:31.712+0000] {logging_mixin.py:190} INFO - [2024-11-13T19:44:31.712+0000] {dag.py:4180} INFO - Setting next_dagrun for example_external_task_marker_child to None, run_after=None
[2024-11-13T19:44:31.715+0000] {logging_mixin.py:190} INFO - [2024-11-13T19:44:31.715+0000] {dag.py:4180} INFO - Setting next_dagrun for example_external_task_marker_parent to None, run_after=None
[2024-11-13T19:44:31.727+0000] {processor.py:208} INFO - Processing /home/airflow/.local/lib/python3.12/site-packages/airflow/example_dags/example_external_task_marker_dag.py took 0.058 seconds
[2024-11-13T19:45:02.422+0000] {processor.py:186} INFO - Started process (PID=2787) to work on /home/airflow/.local/lib/python3.12/site-packages/airflow/example_dags/example_external_task_marker_dag.py
[2024-11-13T19:45:02.423+0000] {processor.py:914} INFO - Processing file /home/airflow/.local/lib/python3.12/site-packages/airflow/example_dags/example_external_task_marker_dag.py for tasks to queue
[2024-11-13T19:45:02.425+0000] {logging_mixin.py:190} INFO - [2024-11-13T19:45:02.425+0000] {dagbag.py:588} INFO - Filling up the DagBag from /home/airflow/.local/lib/python3.12/site-packages/airflow/example_dags/example_external_task_marker_dag.py
[2024-11-13T19:45:02.432+0000] {processor.py:925} INFO - DAG(s) 'example_external_task_marker_parent', 'example_external_task_marker_child' retrieved from /home/airflow/.local/lib/python3.12/site-packages/airflow/example_dags/example_external_task_marker_dag.py
[2024-11-13T19:45:02.450+0000] {logging_mixin.py:190} INFO - [2024-11-13T19:45:02.450+0000] {dag.py:3239} INFO - Sync 2 DAGs
[2024-11-13T19:45:02.461+0000] {logging_mixin.py:190} INFO - [2024-11-13T19:45:02.461+0000] {dag.py:4180} INFO - Setting next_dagrun for example_external_task_marker_child to None, run_after=None
[2024-11-13T19:45:02.463+0000] {logging_mixin.py:190} INFO - [2024-11-13T19:45:02.463+0000] {dag.py:4180} INFO - Setting next_dagrun for example_external_task_marker_parent to None, run_after=None
[2024-11-13T19:45:02.477+0000] {processor.py:208} INFO - Processing /home/airflow/.local/lib/python3.12/site-packages/airflow/example_dags/example_external_task_marker_dag.py took 0.059 seconds
[2024-11-13T19:45:34.065+0000] {processor.py:186} INFO - Started process (PID=2857) to work on /home/airflow/.local/lib/python3.12/site-packages/airflow/example_dags/example_external_task_marker_dag.py
[2024-11-13T19:45:34.066+0000] {processor.py:914} INFO - Processing file /home/airflow/.local/lib/python3.12/site-packages/airflow/example_dags/example_external_task_marker_dag.py for tasks to queue
[2024-11-13T19:45:34.068+0000] {logging_mixin.py:190} INFO - [2024-11-13T19:45:34.068+0000] {dagbag.py:588} INFO - Filling up the DagBag from /home/airflow/.local/lib/python3.12/site-packages/airflow/example_dags/example_external_task_marker_dag.py
[2024-11-13T19:45:34.074+0000] {processor.py:925} INFO - DAG(s) 'example_external_task_marker_parent', 'example_external_task_marker_child' retrieved from /home/airflow/.local/lib/python3.12/site-packages/airflow/example_dags/example_external_task_marker_dag.py
[2024-11-13T19:45:34.092+0000] {logging_mixin.py:190} INFO - [2024-11-13T19:45:34.091+0000] {dag.py:3239} INFO - Sync 2 DAGs
[2024-11-13T19:45:34.103+0000] {logging_mixin.py:190} INFO - [2024-11-13T19:45:34.103+0000] {dag.py:4180} INFO - Setting next_dagrun for example_external_task_marker_child to None, run_after=None
[2024-11-13T19:45:34.106+0000] {logging_mixin.py:190} INFO - [2024-11-13T19:45:34.106+0000] {dag.py:4180} INFO - Setting next_dagrun for example_external_task_marker_parent to None, run_after=None
[2024-11-13T19:45:34.118+0000] {processor.py:208} INFO - Processing /home/airflow/.local/lib/python3.12/site-packages/airflow/example_dags/example_external_task_marker_dag.py took 0.057 seconds
[2024-11-13T19:46:04.921+0000] {processor.py:186} INFO - Started process (PID=2921) to work on /home/airflow/.local/lib/python3.12/site-packages/airflow/example_dags/example_external_task_marker_dag.py
[2024-11-13T19:46:04.922+0000] {processor.py:914} INFO - Processing file /home/airflow/.local/lib/python3.12/site-packages/airflow/example_dags/example_external_task_marker_dag.py for tasks to queue
[2024-11-13T19:46:04.923+0000] {logging_mixin.py:190} INFO - [2024-11-13T19:46:04.923+0000] {dagbag.py:588} INFO - Filling up the DagBag from /home/airflow/.local/lib/python3.12/site-packages/airflow/example_dags/example_external_task_marker_dag.py
[2024-11-13T19:46:04.929+0000] {processor.py:925} INFO - DAG(s) 'example_external_task_marker_child', 'example_external_task_marker_parent' retrieved from /home/airflow/.local/lib/python3.12/site-packages/airflow/example_dags/example_external_task_marker_dag.py
[2024-11-13T19:46:04.947+0000] {logging_mixin.py:190} INFO - [2024-11-13T19:46:04.947+0000] {dag.py:3239} INFO - Sync 2 DAGs
[2024-11-13T19:46:04.957+0000] {logging_mixin.py:190} INFO - [2024-11-13T19:46:04.957+0000] {dag.py:4180} INFO - Setting next_dagrun for example_external_task_marker_child to None, run_after=None
[2024-11-13T19:46:04.960+0000] {logging_mixin.py:190} INFO - [2024-11-13T19:46:04.960+0000] {dag.py:4180} INFO - Setting next_dagrun for example_external_task_marker_parent to None, run_after=None
[2024-11-13T19:46:04.972+0000] {processor.py:208} INFO - Processing /home/airflow/.local/lib/python3.12/site-packages/airflow/example_dags/example_external_task_marker_dag.py took 0.055 seconds
[2024-11-13T19:46:36.053+0000] {processor.py:186} INFO - Started process (PID=2984) to work on /home/airflow/.local/lib/python3.12/site-packages/airflow/example_dags/example_external_task_marker_dag.py
[2024-11-13T19:46:36.054+0000] {processor.py:914} INFO - Processing file /home/airflow/.local/lib/python3.12/site-packages/airflow/example_dags/example_external_task_marker_dag.py for tasks to queue
[2024-11-13T19:46:36.055+0000] {logging_mixin.py:190} INFO - [2024-11-13T19:46:36.055+0000] {dagbag.py:588} INFO - Filling up the DagBag from /home/airflow/.local/lib/python3.12/site-packages/airflow/example_dags/example_external_task_marker_dag.py
[2024-11-13T19:46:36.062+0000] {processor.py:925} INFO - DAG(s) 'example_external_task_marker_parent', 'example_external_task_marker_child' retrieved from /home/airflow/.local/lib/python3.12/site-packages/airflow/example_dags/example_external_task_marker_dag.py
[2024-11-13T19:46:36.081+0000] {logging_mixin.py:190} INFO - [2024-11-13T19:46:36.081+0000] {dag.py:3239} INFO - Sync 2 DAGs
[2024-11-13T19:46:36.092+0000] {logging_mixin.py:190} INFO - [2024-11-13T19:46:36.092+0000] {dag.py:4180} INFO - Setting next_dagrun for example_external_task_marker_child to None, run_after=None
[2024-11-13T19:46:36.096+0000] {logging_mixin.py:190} INFO - [2024-11-13T19:46:36.095+0000] {dag.py:4180} INFO - Setting next_dagrun for example_external_task_marker_parent to None, run_after=None
[2024-11-13T19:46:36.246+0000] {processor.py:208} INFO - Processing /home/airflow/.local/lib/python3.12/site-packages/airflow/example_dags/example_external_task_marker_dag.py took 0.197 seconds
[2024-11-13T19:47:06.678+0000] {processor.py:186} INFO - Started process (PID=3047) to work on /home/airflow/.local/lib/python3.12/site-packages/airflow/example_dags/example_external_task_marker_dag.py
[2024-11-13T19:47:06.679+0000] {processor.py:914} INFO - Processing file /home/airflow/.local/lib/python3.12/site-packages/airflow/example_dags/example_external_task_marker_dag.py for tasks to queue
[2024-11-13T19:47:06.681+0000] {logging_mixin.py:190} INFO - [2024-11-13T19:47:06.680+0000] {dagbag.py:588} INFO - Filling up the DagBag from /home/airflow/.local/lib/python3.12/site-packages/airflow/example_dags/example_external_task_marker_dag.py
[2024-11-13T19:47:06.687+0000] {processor.py:925} INFO - DAG(s) 'example_external_task_marker_child', 'example_external_task_marker_parent' retrieved from /home/airflow/.local/lib/python3.12/site-packages/airflow/example_dags/example_external_task_marker_dag.py
[2024-11-13T19:47:06.704+0000] {logging_mixin.py:190} INFO - [2024-11-13T19:47:06.703+0000] {dag.py:3239} INFO - Sync 2 DAGs
[2024-11-13T19:47:06.714+0000] {logging_mixin.py:190} INFO - [2024-11-13T19:47:06.714+0000] {dag.py:4180} INFO - Setting next_dagrun for example_external_task_marker_child to None, run_after=None
[2024-11-13T19:47:06.718+0000] {logging_mixin.py:190} INFO - [2024-11-13T19:47:06.718+0000] {dag.py:4180} INFO - Setting next_dagrun for example_external_task_marker_parent to None, run_after=None
[2024-11-13T19:47:06.732+0000] {processor.py:208} INFO - Processing /home/airflow/.local/lib/python3.12/site-packages/airflow/example_dags/example_external_task_marker_dag.py took 0.058 seconds
[2024-11-13T19:47:36.864+0000] {processor.py:186} INFO - Started process (PID=3110) to work on /home/airflow/.local/lib/python3.12/site-packages/airflow/example_dags/example_external_task_marker_dag.py
[2024-11-13T19:47:36.865+0000] {processor.py:914} INFO - Processing file /home/airflow/.local/lib/python3.12/site-packages/airflow/example_dags/example_external_task_marker_dag.py for tasks to queue
[2024-11-13T19:47:36.867+0000] {logging_mixin.py:190} INFO - [2024-11-13T19:47:36.867+0000] {dagbag.py:588} INFO - Filling up the DagBag from /home/airflow/.local/lib/python3.12/site-packages/airflow/example_dags/example_external_task_marker_dag.py
[2024-11-13T19:47:36.873+0000] {processor.py:925} INFO - DAG(s) 'example_external_task_marker_parent', 'example_external_task_marker_child' retrieved from /home/airflow/.local/lib/python3.12/site-packages/airflow/example_dags/example_external_task_marker_dag.py
[2024-11-13T19:47:36.892+0000] {logging_mixin.py:190} INFO - [2024-11-13T19:47:36.891+0000] {dag.py:3239} INFO - Sync 2 DAGs
[2024-11-13T19:47:36.902+0000] {logging_mixin.py:190} INFO - [2024-11-13T19:47:36.902+0000] {dag.py:4180} INFO - Setting next_dagrun for example_external_task_marker_child to None, run_after=None
[2024-11-13T19:47:36.905+0000] {logging_mixin.py:190} INFO - [2024-11-13T19:47:36.905+0000] {dag.py:4180} INFO - Setting next_dagrun for example_external_task_marker_parent to None, run_after=None
[2024-11-13T19:47:36.919+0000] {processor.py:208} INFO - Processing /home/airflow/.local/lib/python3.12/site-packages/airflow/example_dags/example_external_task_marker_dag.py took 0.059 seconds
[2024-11-13T19:48:08.120+0000] {processor.py:186} INFO - Started process (PID=3172) to work on /home/airflow/.local/lib/python3.12/site-packages/airflow/example_dags/example_external_task_marker_dag.py
[2024-11-13T19:48:08.121+0000] {processor.py:914} INFO - Processing file /home/airflow/.local/lib/python3.12/site-packages/airflow/example_dags/example_external_task_marker_dag.py for tasks to queue
[2024-11-13T19:48:08.122+0000] {logging_mixin.py:190} INFO - [2024-11-13T19:48:08.122+0000] {dagbag.py:588} INFO - Filling up the DagBag from /home/airflow/.local/lib/python3.12/site-packages/airflow/example_dags/example_external_task_marker_dag.py
[2024-11-13T19:48:08.129+0000] {processor.py:925} INFO - DAG(s) 'example_external_task_marker_parent', 'example_external_task_marker_child' retrieved from /home/airflow/.local/lib/python3.12/site-packages/airflow/example_dags/example_external_task_marker_dag.py
[2024-11-13T19:48:08.148+0000] {logging_mixin.py:190} INFO - [2024-11-13T19:48:08.148+0000] {dag.py:3239} INFO - Sync 2 DAGs
[2024-11-13T19:48:08.158+0000] {logging_mixin.py:190} INFO - [2024-11-13T19:48:08.158+0000] {dag.py:4180} INFO - Setting next_dagrun for example_external_task_marker_child to None, run_after=None
[2024-11-13T19:48:08.161+0000] {logging_mixin.py:190} INFO - [2024-11-13T19:48:08.161+0000] {dag.py:4180} INFO - Setting next_dagrun for example_external_task_marker_parent to None, run_after=None
[2024-11-13T19:48:08.174+0000] {processor.py:208} INFO - Processing /home/airflow/.local/lib/python3.12/site-packages/airflow/example_dags/example_external_task_marker_dag.py took 0.058 seconds
[2024-11-13T19:48:38.509+0000] {processor.py:186} INFO - Started process (PID=3235) to work on /home/airflow/.local/lib/python3.12/site-packages/airflow/example_dags/example_external_task_marker_dag.py
[2024-11-13T19:48:38.510+0000] {processor.py:914} INFO - Processing file /home/airflow/.local/lib/python3.12/site-packages/airflow/example_dags/example_external_task_marker_dag.py for tasks to queue
[2024-11-13T19:48:38.511+0000] {logging_mixin.py:190} INFO - [2024-11-13T19:48:38.511+0000] {dagbag.py:588} INFO - Filling up the DagBag from /home/airflow/.local/lib/python3.12/site-packages/airflow/example_dags/example_external_task_marker_dag.py
[2024-11-13T19:48:38.518+0000] {processor.py:925} INFO - DAG(s) 'example_external_task_marker_parent', 'example_external_task_marker_child' retrieved from /home/airflow/.local/lib/python3.12/site-packages/airflow/example_dags/example_external_task_marker_dag.py
[2024-11-13T19:48:38.535+0000] {logging_mixin.py:190} INFO - [2024-11-13T19:48:38.535+0000] {dag.py:3239} INFO - Sync 2 DAGs
[2024-11-13T19:48:38.546+0000] {logging_mixin.py:190} INFO - [2024-11-13T19:48:38.546+0000] {dag.py:4180} INFO - Setting next_dagrun for example_external_task_marker_child to None, run_after=None
[2024-11-13T19:48:38.548+0000] {logging_mixin.py:190} INFO - [2024-11-13T19:48:38.548+0000] {dag.py:4180} INFO - Setting next_dagrun for example_external_task_marker_parent to None, run_after=None
[2024-11-13T19:48:38.561+0000] {processor.py:208} INFO - Processing /home/airflow/.local/lib/python3.12/site-packages/airflow/example_dags/example_external_task_marker_dag.py took 0.057 seconds
[2024-11-13T19:49:09.412+0000] {processor.py:186} INFO - Started process (PID=3298) to work on /home/airflow/.local/lib/python3.12/site-packages/airflow/example_dags/example_external_task_marker_dag.py
[2024-11-13T19:49:09.413+0000] {processor.py:914} INFO - Processing file /home/airflow/.local/lib/python3.12/site-packages/airflow/example_dags/example_external_task_marker_dag.py for tasks to queue
[2024-11-13T19:49:09.415+0000] {logging_mixin.py:190} INFO - [2024-11-13T19:49:09.415+0000] {dagbag.py:588} INFO - Filling up the DagBag from /home/airflow/.local/lib/python3.12/site-packages/airflow/example_dags/example_external_task_marker_dag.py
[2024-11-13T19:49:09.422+0000] {processor.py:925} INFO - DAG(s) 'example_external_task_marker_parent', 'example_external_task_marker_child' retrieved from /home/airflow/.local/lib/python3.12/site-packages/airflow/example_dags/example_external_task_marker_dag.py
[2024-11-13T19:49:09.441+0000] {logging_mixin.py:190} INFO - [2024-11-13T19:49:09.441+0000] {dag.py:3239} INFO - Sync 2 DAGs
[2024-11-13T19:49:09.451+0000] {logging_mixin.py:190} INFO - [2024-11-13T19:49:09.451+0000] {dag.py:4180} INFO - Setting next_dagrun for example_external_task_marker_child to None, run_after=None
[2024-11-13T19:49:09.454+0000] {logging_mixin.py:190} INFO - [2024-11-13T19:49:09.454+0000] {dag.py:4180} INFO - Setting next_dagrun for example_external_task_marker_parent to None, run_after=None
[2024-11-13T19:49:09.465+0000] {processor.py:208} INFO - Processing /home/airflow/.local/lib/python3.12/site-packages/airflow/example_dags/example_external_task_marker_dag.py took 0.057 seconds
[2024-11-13T19:49:40.348+0000] {processor.py:186} INFO - Started process (PID=3361) to work on /home/airflow/.local/lib/python3.12/site-packages/airflow/example_dags/example_external_task_marker_dag.py
[2024-11-13T19:49:40.349+0000] {processor.py:914} INFO - Processing file /home/airflow/.local/lib/python3.12/site-packages/airflow/example_dags/example_external_task_marker_dag.py for tasks to queue
[2024-11-13T19:49:40.351+0000] {logging_mixin.py:190} INFO - [2024-11-13T19:49:40.351+0000] {dagbag.py:588} INFO - Filling up the DagBag from /home/airflow/.local/lib/python3.12/site-packages/airflow/example_dags/example_external_task_marker_dag.py
[2024-11-13T19:49:40.357+0000] {processor.py:925} INFO - DAG(s) 'example_external_task_marker_child', 'example_external_task_marker_parent' retrieved from /home/airflow/.local/lib/python3.12/site-packages/airflow/example_dags/example_external_task_marker_dag.py
[2024-11-13T19:49:40.373+0000] {logging_mixin.py:190} INFO - [2024-11-13T19:49:40.373+0000] {dag.py:3239} INFO - Sync 2 DAGs
[2024-11-13T19:49:40.384+0000] {logging_mixin.py:190} INFO - [2024-11-13T19:49:40.384+0000] {dag.py:4180} INFO - Setting next_dagrun for example_external_task_marker_child to None, run_after=None
[2024-11-13T19:49:40.387+0000] {logging_mixin.py:190} INFO - [2024-11-13T19:49:40.387+0000] {dag.py:4180} INFO - Setting next_dagrun for example_external_task_marker_parent to None, run_after=None
[2024-11-13T19:49:40.401+0000] {processor.py:208} INFO - Processing /home/airflow/.local/lib/python3.12/site-packages/airflow/example_dags/example_external_task_marker_dag.py took 0.057 seconds
[2024-11-13T19:50:11.351+0000] {processor.py:186} INFO - Started process (PID=3424) to work on /home/airflow/.local/lib/python3.12/site-packages/airflow/example_dags/example_external_task_marker_dag.py
[2024-11-13T19:50:11.352+0000] {processor.py:914} INFO - Processing file /home/airflow/.local/lib/python3.12/site-packages/airflow/example_dags/example_external_task_marker_dag.py for tasks to queue
[2024-11-13T19:50:11.354+0000] {logging_mixin.py:190} INFO - [2024-11-13T19:50:11.354+0000] {dagbag.py:588} INFO - Filling up the DagBag from /home/airflow/.local/lib/python3.12/site-packages/airflow/example_dags/example_external_task_marker_dag.py
[2024-11-13T19:50:11.361+0000] {processor.py:925} INFO - DAG(s) 'example_external_task_marker_child', 'example_external_task_marker_parent' retrieved from /home/airflow/.local/lib/python3.12/site-packages/airflow/example_dags/example_external_task_marker_dag.py
[2024-11-13T19:50:11.379+0000] {logging_mixin.py:190} INFO - [2024-11-13T19:50:11.379+0000] {dag.py:3239} INFO - Sync 2 DAGs
[2024-11-13T19:50:11.390+0000] {logging_mixin.py:190} INFO - [2024-11-13T19:50:11.390+0000] {dag.py:4180} INFO - Setting next_dagrun for example_external_task_marker_child to None, run_after=None
[2024-11-13T19:50:11.393+0000] {logging_mixin.py:190} INFO - [2024-11-13T19:50:11.393+0000] {dag.py:4180} INFO - Setting next_dagrun for example_external_task_marker_parent to None, run_after=None
[2024-11-13T19:50:11.404+0000] {processor.py:208} INFO - Processing /home/airflow/.local/lib/python3.12/site-packages/airflow/example_dags/example_external_task_marker_dag.py took 0.057 seconds
[2024-11-13T19:50:41.629+0000] {processor.py:186} INFO - Started process (PID=3487) to work on /home/airflow/.local/lib/python3.12/site-packages/airflow/example_dags/example_external_task_marker_dag.py
[2024-11-13T19:50:41.630+0000] {processor.py:914} INFO - Processing file /home/airflow/.local/lib/python3.12/site-packages/airflow/example_dags/example_external_task_marker_dag.py for tasks to queue
[2024-11-13T19:50:41.632+0000] {logging_mixin.py:190} INFO - [2024-11-13T19:50:41.632+0000] {dagbag.py:588} INFO - Filling up the DagBag from /home/airflow/.local/lib/python3.12/site-packages/airflow/example_dags/example_external_task_marker_dag.py
[2024-11-13T19:50:41.638+0000] {processor.py:925} INFO - DAG(s) 'example_external_task_marker_parent', 'example_external_task_marker_child' retrieved from /home/airflow/.local/lib/python3.12/site-packages/airflow/example_dags/example_external_task_marker_dag.py
[2024-11-13T19:50:41.656+0000] {logging_mixin.py:190} INFO - [2024-11-13T19:50:41.656+0000] {dag.py:3239} INFO - Sync 2 DAGs
[2024-11-13T19:50:41.667+0000] {logging_mixin.py:190} INFO - [2024-11-13T19:50:41.667+0000] {dag.py:4180} INFO - Setting next_dagrun for example_external_task_marker_child to None, run_after=None
[2024-11-13T19:50:41.670+0000] {logging_mixin.py:190} INFO - [2024-11-13T19:50:41.670+0000] {dag.py:4180} INFO - Setting next_dagrun for example_external_task_marker_parent to None, run_after=None
[2024-11-13T19:50:41.682+0000] {processor.py:208} INFO - Processing /home/airflow/.local/lib/python3.12/site-packages/airflow/example_dags/example_external_task_marker_dag.py took 0.057 seconds
[2024-11-13T19:51:11.892+0000] {processor.py:186} INFO - Started process (PID=3550) to work on /home/airflow/.local/lib/python3.12/site-packages/airflow/example_dags/example_external_task_marker_dag.py
[2024-11-13T19:51:11.893+0000] {processor.py:914} INFO - Processing file /home/airflow/.local/lib/python3.12/site-packages/airflow/example_dags/example_external_task_marker_dag.py for tasks to queue
[2024-11-13T19:51:11.894+0000] {logging_mixin.py:190} INFO - [2024-11-13T19:51:11.894+0000] {dagbag.py:588} INFO - Filling up the DagBag from /home/airflow/.local/lib/python3.12/site-packages/airflow/example_dags/example_external_task_marker_dag.py
[2024-11-13T19:51:11.901+0000] {processor.py:925} INFO - DAG(s) 'example_external_task_marker_parent', 'example_external_task_marker_child' retrieved from /home/airflow/.local/lib/python3.12/site-packages/airflow/example_dags/example_external_task_marker_dag.py
[2024-11-13T19:51:11.921+0000] {logging_mixin.py:190} INFO - [2024-11-13T19:51:11.921+0000] {dag.py:3239} INFO - Sync 2 DAGs
[2024-11-13T19:51:11.931+0000] {logging_mixin.py:190} INFO - [2024-11-13T19:51:11.931+0000] {dag.py:4180} INFO - Setting next_dagrun for example_external_task_marker_child to None, run_after=None
[2024-11-13T19:51:11.934+0000] {logging_mixin.py:190} INFO - [2024-11-13T19:51:11.934+0000] {dag.py:4180} INFO - Setting next_dagrun for example_external_task_marker_parent to None, run_after=None
[2024-11-13T19:51:11.947+0000] {processor.py:208} INFO - Processing /home/airflow/.local/lib/python3.12/site-packages/airflow/example_dags/example_external_task_marker_dag.py took 0.060 seconds
[2024-11-13T19:51:42.065+0000] {processor.py:186} INFO - Started process (PID=3613) to work on /home/airflow/.local/lib/python3.12/site-packages/airflow/example_dags/example_external_task_marker_dag.py
[2024-11-13T19:51:42.067+0000] {processor.py:914} INFO - Processing file /home/airflow/.local/lib/python3.12/site-packages/airflow/example_dags/example_external_task_marker_dag.py for tasks to queue
[2024-11-13T19:51:42.068+0000] {logging_mixin.py:190} INFO - [2024-11-13T19:51:42.068+0000] {dagbag.py:588} INFO - Filling up the DagBag from /home/airflow/.local/lib/python3.12/site-packages/airflow/example_dags/example_external_task_marker_dag.py
[2024-11-13T19:51:42.074+0000] {processor.py:925} INFO - DAG(s) 'example_external_task_marker_parent', 'example_external_task_marker_child' retrieved from /home/airflow/.local/lib/python3.12/site-packages/airflow/example_dags/example_external_task_marker_dag.py
[2024-11-13T19:51:42.094+0000] {logging_mixin.py:190} INFO - [2024-11-13T19:51:42.094+0000] {dag.py:3239} INFO - Sync 2 DAGs
[2024-11-13T19:51:42.107+0000] {logging_mixin.py:190} INFO - [2024-11-13T19:51:42.106+0000] {dag.py:4180} INFO - Setting next_dagrun for example_external_task_marker_child to None, run_after=None
[2024-11-13T19:51:42.110+0000] {logging_mixin.py:190} INFO - [2024-11-13T19:51:42.110+0000] {dag.py:4180} INFO - Setting next_dagrun for example_external_task_marker_parent to None, run_after=None
[2024-11-13T19:51:42.122+0000] {processor.py:208} INFO - Processing /home/airflow/.local/lib/python3.12/site-packages/airflow/example_dags/example_external_task_marker_dag.py took 0.061 seconds
[2024-11-13T19:52:12.982+0000] {processor.py:186} INFO - Started process (PID=3676) to work on /home/airflow/.local/lib/python3.12/site-packages/airflow/example_dags/example_external_task_marker_dag.py
[2024-11-13T19:52:12.983+0000] {processor.py:914} INFO - Processing file /home/airflow/.local/lib/python3.12/site-packages/airflow/example_dags/example_external_task_marker_dag.py for tasks to queue
[2024-11-13T19:52:12.985+0000] {logging_mixin.py:190} INFO - [2024-11-13T19:52:12.985+0000] {dagbag.py:588} INFO - Filling up the DagBag from /home/airflow/.local/lib/python3.12/site-packages/airflow/example_dags/example_external_task_marker_dag.py
[2024-11-13T19:52:12.991+0000] {processor.py:925} INFO - DAG(s) 'example_external_task_marker_parent', 'example_external_task_marker_child' retrieved from /home/airflow/.local/lib/python3.12/site-packages/airflow/example_dags/example_external_task_marker_dag.py
[2024-11-13T19:52:13.009+0000] {logging_mixin.py:190} INFO - [2024-11-13T19:52:13.009+0000] {dag.py:3239} INFO - Sync 2 DAGs
[2024-11-13T19:52:13.019+0000] {logging_mixin.py:190} INFO - [2024-11-13T19:52:13.019+0000] {dag.py:4180} INFO - Setting next_dagrun for example_external_task_marker_child to None, run_after=None
[2024-11-13T19:52:13.023+0000] {logging_mixin.py:190} INFO - [2024-11-13T19:52:13.022+0000] {dag.py:4180} INFO - Setting next_dagrun for example_external_task_marker_parent to None, run_after=None
[2024-11-13T19:52:13.037+0000] {processor.py:208} INFO - Processing /home/airflow/.local/lib/python3.12/site-packages/airflow/example_dags/example_external_task_marker_dag.py took 0.059 seconds
