[2024-11-13T19:23:20.756+0000] {processor.py:186} INFO - Started process (PID=116) to work on /home/airflow/.local/lib/python3.12/site-packages/airflow/example_dags/example_nested_branch_dag.py
[2024-11-13T19:23:20.756+0000] {processor.py:914} INFO - Processing file /home/airflow/.local/lib/python3.12/site-packages/airflow/example_dags/example_nested_branch_dag.py for tasks to queue
[2024-11-13T19:23:20.758+0000] {logging_mixin.py:190} INFO - [2024-11-13T19:23:20.758+0000] {dagbag.py:588} INFO - Filling up the DagBag from /home/airflow/.local/lib/python3.12/site-packages/airflow/example_dags/example_nested_branch_dag.py
[2024-11-13T19:23:20.768+0000] {processor.py:925} INFO - DAG(s) 'example_nested_branch_dag' retrieved from /home/airflow/.local/lib/python3.12/site-packages/airflow/example_dags/example_nested_branch_dag.py
[2024-11-13T19:23:20.848+0000] {logging_mixin.py:190} INFO - [2024-11-13T19:23:20.847+0000] {override.py:1911} INFO - Created Permission View: can edit on DAG:example_nested_branch_dag
[2024-11-13T19:23:20.855+0000] {logging_mixin.py:190} INFO - [2024-11-13T19:23:20.855+0000] {override.py:1911} INFO - Created Permission View: can read on DAG:example_nested_branch_dag
[2024-11-13T19:23:20.860+0000] {logging_mixin.py:190} INFO - [2024-11-13T19:23:20.860+0000] {override.py:1911} INFO - Created Permission View: can delete on DAG:example_nested_branch_dag
[2024-11-13T19:23:20.866+0000] {logging_mixin.py:190} INFO - [2024-11-13T19:23:20.866+0000] {override.py:1911} INFO - Created Permission View: can delete on DAG Run:example_nested_branch_dag
[2024-11-13T19:23:20.871+0000] {logging_mixin.py:190} INFO - [2024-11-13T19:23:20.871+0000] {override.py:1911} INFO - Created Permission View: can read on DAG Run:example_nested_branch_dag
[2024-11-13T19:23:20.876+0000] {logging_mixin.py:190} INFO - [2024-11-13T19:23:20.876+0000] {override.py:1911} INFO - Created Permission View: menu access on DAG Run:example_nested_branch_dag
[2024-11-13T19:23:20.881+0000] {logging_mixin.py:190} INFO - [2024-11-13T19:23:20.881+0000] {override.py:1911} INFO - Created Permission View: can create on DAG Run:example_nested_branch_dag
[2024-11-13T19:23:20.882+0000] {logging_mixin.py:190} INFO - [2024-11-13T19:23:20.882+0000] {dag.py:3239} INFO - Sync 1 DAGs
[2024-11-13T19:23:20.891+0000] {logging_mixin.py:190} INFO - [2024-11-13T19:23:20.891+0000] {dag.py:3262} INFO - Creating ORM DAG for example_nested_branch_dag
[2024-11-13T19:23:20.899+0000] {logging_mixin.py:190} INFO - [2024-11-13T19:23:20.899+0000] {dag.py:4180} INFO - Setting next_dagrun for example_nested_branch_dag to 2024-11-12 00:00:00+00:00, run_after=2024-11-13 00:00:00+00:00
[2024-11-13T19:23:20.911+0000] {processor.py:208} INFO - Processing /home/airflow/.local/lib/python3.12/site-packages/airflow/example_dags/example_nested_branch_dag.py took 0.160 seconds
[2024-11-13T19:23:51.354+0000] {processor.py:186} INFO - Started process (PID=179) to work on /home/airflow/.local/lib/python3.12/site-packages/airflow/example_dags/example_nested_branch_dag.py
[2024-11-13T19:23:51.355+0000] {processor.py:914} INFO - Processing file /home/airflow/.local/lib/python3.12/site-packages/airflow/example_dags/example_nested_branch_dag.py for tasks to queue
[2024-11-13T19:23:51.356+0000] {logging_mixin.py:190} INFO - [2024-11-13T19:23:51.356+0000] {dagbag.py:588} INFO - Filling up the DagBag from /home/airflow/.local/lib/python3.12/site-packages/airflow/example_dags/example_nested_branch_dag.py
[2024-11-13T19:23:51.364+0000] {processor.py:925} INFO - DAG(s) 'example_nested_branch_dag' retrieved from /home/airflow/.local/lib/python3.12/site-packages/airflow/example_dags/example_nested_branch_dag.py
[2024-11-13T19:23:51.380+0000] {logging_mixin.py:190} INFO - [2024-11-13T19:23:51.379+0000] {dag.py:3239} INFO - Sync 1 DAGs
[2024-11-13T19:23:51.397+0000] {logging_mixin.py:190} INFO - [2024-11-13T19:23:51.397+0000] {dag.py:4180} INFO - Setting next_dagrun for example_nested_branch_dag to 2024-11-12 00:00:00+00:00, run_after=2024-11-13 00:00:00+00:00
[2024-11-13T19:23:51.411+0000] {processor.py:208} INFO - Processing /home/airflow/.local/lib/python3.12/site-packages/airflow/example_dags/example_nested_branch_dag.py took 0.060 seconds
[2024-11-13T19:24:21.463+0000] {processor.py:186} INFO - Started process (PID=242) to work on /home/airflow/.local/lib/python3.12/site-packages/airflow/example_dags/example_nested_branch_dag.py
[2024-11-13T19:24:21.463+0000] {processor.py:914} INFO - Processing file /home/airflow/.local/lib/python3.12/site-packages/airflow/example_dags/example_nested_branch_dag.py for tasks to queue
[2024-11-13T19:24:21.465+0000] {logging_mixin.py:190} INFO - [2024-11-13T19:24:21.465+0000] {dagbag.py:588} INFO - Filling up the DagBag from /home/airflow/.local/lib/python3.12/site-packages/airflow/example_dags/example_nested_branch_dag.py
[2024-11-13T19:24:21.474+0000] {processor.py:925} INFO - DAG(s) 'example_nested_branch_dag' retrieved from /home/airflow/.local/lib/python3.12/site-packages/airflow/example_dags/example_nested_branch_dag.py
[2024-11-13T19:24:21.490+0000] {logging_mixin.py:190} INFO - [2024-11-13T19:24:21.489+0000] {dag.py:3239} INFO - Sync 1 DAGs
[2024-11-13T19:24:21.506+0000] {logging_mixin.py:190} INFO - [2024-11-13T19:24:21.506+0000] {dag.py:4180} INFO - Setting next_dagrun for example_nested_branch_dag to 2024-11-12 00:00:00+00:00, run_after=2024-11-13 00:00:00+00:00
[2024-11-13T19:24:21.520+0000] {processor.py:208} INFO - Processing /home/airflow/.local/lib/python3.12/site-packages/airflow/example_dags/example_nested_branch_dag.py took 0.061 seconds
[2024-11-13T19:24:51.625+0000] {processor.py:186} INFO - Started process (PID=304) to work on /home/airflow/.local/lib/python3.12/site-packages/airflow/example_dags/example_nested_branch_dag.py
[2024-11-13T19:24:51.626+0000] {processor.py:914} INFO - Processing file /home/airflow/.local/lib/python3.12/site-packages/airflow/example_dags/example_nested_branch_dag.py for tasks to queue
[2024-11-13T19:24:51.628+0000] {logging_mixin.py:190} INFO - [2024-11-13T19:24:51.627+0000] {dagbag.py:588} INFO - Filling up the DagBag from /home/airflow/.local/lib/python3.12/site-packages/airflow/example_dags/example_nested_branch_dag.py
[2024-11-13T19:24:51.635+0000] {processor.py:925} INFO - DAG(s) 'example_nested_branch_dag' retrieved from /home/airflow/.local/lib/python3.12/site-packages/airflow/example_dags/example_nested_branch_dag.py
[2024-11-13T19:24:51.651+0000] {logging_mixin.py:190} INFO - [2024-11-13T19:24:51.651+0000] {dag.py:3239} INFO - Sync 1 DAGs
[2024-11-13T19:24:51.667+0000] {logging_mixin.py:190} INFO - [2024-11-13T19:24:51.667+0000] {dag.py:4180} INFO - Setting next_dagrun for example_nested_branch_dag to 2024-11-12 00:00:00+00:00, run_after=2024-11-13 00:00:00+00:00
[2024-11-13T19:24:51.678+0000] {processor.py:208} INFO - Processing /home/airflow/.local/lib/python3.12/site-packages/airflow/example_dags/example_nested_branch_dag.py took 0.057 seconds
[2024-11-13T19:25:23.359+0000] {processor.py:186} INFO - Started process (PID=367) to work on /home/airflow/.local/lib/python3.12/site-packages/airflow/example_dags/example_nested_branch_dag.py
[2024-11-13T19:25:23.360+0000] {processor.py:914} INFO - Processing file /home/airflow/.local/lib/python3.12/site-packages/airflow/example_dags/example_nested_branch_dag.py for tasks to queue
[2024-11-13T19:25:23.362+0000] {logging_mixin.py:190} INFO - [2024-11-13T19:25:23.362+0000] {dagbag.py:588} INFO - Filling up the DagBag from /home/airflow/.local/lib/python3.12/site-packages/airflow/example_dags/example_nested_branch_dag.py
[2024-11-13T19:25:23.371+0000] {processor.py:925} INFO - DAG(s) 'example_nested_branch_dag' retrieved from /home/airflow/.local/lib/python3.12/site-packages/airflow/example_dags/example_nested_branch_dag.py
[2024-11-13T19:25:23.387+0000] {logging_mixin.py:190} INFO - [2024-11-13T19:25:23.387+0000] {dag.py:3239} INFO - Sync 1 DAGs
[2024-11-13T19:25:23.404+0000] {logging_mixin.py:190} INFO - [2024-11-13T19:25:23.404+0000] {dag.py:4180} INFO - Setting next_dagrun for example_nested_branch_dag to 2024-11-12 00:00:00+00:00, run_after=2024-11-13 00:00:00+00:00
[2024-11-13T19:25:23.419+0000] {processor.py:208} INFO - Processing /home/airflow/.local/lib/python3.12/site-packages/airflow/example_dags/example_nested_branch_dag.py took 0.064 seconds
[2024-11-13T19:25:54.233+0000] {processor.py:186} INFO - Started process (PID=430) to work on /home/airflow/.local/lib/python3.12/site-packages/airflow/example_dags/example_nested_branch_dag.py
[2024-11-13T19:25:54.233+0000] {processor.py:914} INFO - Processing file /home/airflow/.local/lib/python3.12/site-packages/airflow/example_dags/example_nested_branch_dag.py for tasks to queue
[2024-11-13T19:25:54.235+0000] {logging_mixin.py:190} INFO - [2024-11-13T19:25:54.235+0000] {dagbag.py:588} INFO - Filling up the DagBag from /home/airflow/.local/lib/python3.12/site-packages/airflow/example_dags/example_nested_branch_dag.py
[2024-11-13T19:25:54.243+0000] {processor.py:925} INFO - DAG(s) 'example_nested_branch_dag' retrieved from /home/airflow/.local/lib/python3.12/site-packages/airflow/example_dags/example_nested_branch_dag.py
[2024-11-13T19:25:54.260+0000] {logging_mixin.py:190} INFO - [2024-11-13T19:25:54.259+0000] {dag.py:3239} INFO - Sync 1 DAGs
[2024-11-13T19:25:54.278+0000] {logging_mixin.py:190} INFO - [2024-11-13T19:25:54.277+0000] {dag.py:4180} INFO - Setting next_dagrun for example_nested_branch_dag to 2024-11-12 00:00:00+00:00, run_after=2024-11-13 00:00:00+00:00
[2024-11-13T19:25:54.292+0000] {processor.py:208} INFO - Processing /home/airflow/.local/lib/python3.12/site-packages/airflow/example_dags/example_nested_branch_dag.py took 0.064 seconds
[2024-11-13T19:26:25.727+0000] {processor.py:186} INFO - Started process (PID=494) to work on /home/airflow/.local/lib/python3.12/site-packages/airflow/example_dags/example_nested_branch_dag.py
[2024-11-13T19:26:25.728+0000] {processor.py:914} INFO - Processing file /home/airflow/.local/lib/python3.12/site-packages/airflow/example_dags/example_nested_branch_dag.py for tasks to queue
[2024-11-13T19:26:25.729+0000] {logging_mixin.py:190} INFO - [2024-11-13T19:26:25.729+0000] {dagbag.py:588} INFO - Filling up the DagBag from /home/airflow/.local/lib/python3.12/site-packages/airflow/example_dags/example_nested_branch_dag.py
[2024-11-13T19:26:25.739+0000] {processor.py:925} INFO - DAG(s) 'example_nested_branch_dag' retrieved from /home/airflow/.local/lib/python3.12/site-packages/airflow/example_dags/example_nested_branch_dag.py
[2024-11-13T19:26:25.756+0000] {logging_mixin.py:190} INFO - [2024-11-13T19:26:25.756+0000] {dag.py:3239} INFO - Sync 1 DAGs
[2024-11-13T19:26:25.775+0000] {logging_mixin.py:190} INFO - [2024-11-13T19:26:25.775+0000] {dag.py:4180} INFO - Setting next_dagrun for example_nested_branch_dag to 2024-11-12 00:00:00+00:00, run_after=2024-11-13 00:00:00+00:00
[2024-11-13T19:26:25.789+0000] {processor.py:208} INFO - Processing /home/airflow/.local/lib/python3.12/site-packages/airflow/example_dags/example_nested_branch_dag.py took 0.066 seconds
[2024-11-13T19:26:57.101+0000] {processor.py:186} INFO - Started process (PID=557) to work on /home/airflow/.local/lib/python3.12/site-packages/airflow/example_dags/example_nested_branch_dag.py
[2024-11-13T19:26:57.102+0000] {processor.py:914} INFO - Processing file /home/airflow/.local/lib/python3.12/site-packages/airflow/example_dags/example_nested_branch_dag.py for tasks to queue
[2024-11-13T19:26:57.104+0000] {logging_mixin.py:190} INFO - [2024-11-13T19:26:57.103+0000] {dagbag.py:588} INFO - Filling up the DagBag from /home/airflow/.local/lib/python3.12/site-packages/airflow/example_dags/example_nested_branch_dag.py
[2024-11-13T19:26:57.112+0000] {processor.py:925} INFO - DAG(s) 'example_nested_branch_dag' retrieved from /home/airflow/.local/lib/python3.12/site-packages/airflow/example_dags/example_nested_branch_dag.py
[2024-11-13T19:26:57.130+0000] {logging_mixin.py:190} INFO - [2024-11-13T19:26:57.129+0000] {dag.py:3239} INFO - Sync 1 DAGs
[2024-11-13T19:26:57.147+0000] {logging_mixin.py:190} INFO - [2024-11-13T19:26:57.147+0000] {dag.py:4180} INFO - Setting next_dagrun for example_nested_branch_dag to 2024-11-12 00:00:00+00:00, run_after=2024-11-13 00:00:00+00:00
[2024-11-13T19:26:57.160+0000] {processor.py:208} INFO - Processing /home/airflow/.local/lib/python3.12/site-packages/airflow/example_dags/example_nested_branch_dag.py took 0.063 seconds
[2024-11-13T19:27:28.192+0000] {processor.py:186} INFO - Started process (PID=620) to work on /home/airflow/.local/lib/python3.12/site-packages/airflow/example_dags/example_nested_branch_dag.py
[2024-11-13T19:27:28.193+0000] {processor.py:914} INFO - Processing file /home/airflow/.local/lib/python3.12/site-packages/airflow/example_dags/example_nested_branch_dag.py for tasks to queue
[2024-11-13T19:27:28.195+0000] {logging_mixin.py:190} INFO - [2024-11-13T19:27:28.195+0000] {dagbag.py:588} INFO - Filling up the DagBag from /home/airflow/.local/lib/python3.12/site-packages/airflow/example_dags/example_nested_branch_dag.py
[2024-11-13T19:27:28.204+0000] {processor.py:925} INFO - DAG(s) 'example_nested_branch_dag' retrieved from /home/airflow/.local/lib/python3.12/site-packages/airflow/example_dags/example_nested_branch_dag.py
[2024-11-13T19:27:28.220+0000] {logging_mixin.py:190} INFO - [2024-11-13T19:27:28.220+0000] {dag.py:3239} INFO - Sync 1 DAGs
[2024-11-13T19:27:28.237+0000] {logging_mixin.py:190} INFO - [2024-11-13T19:27:28.237+0000] {dag.py:4180} INFO - Setting next_dagrun for example_nested_branch_dag to 2024-11-12 00:00:00+00:00, run_after=2024-11-13 00:00:00+00:00
[2024-11-13T19:27:28.251+0000] {processor.py:208} INFO - Processing /home/airflow/.local/lib/python3.12/site-packages/airflow/example_dags/example_nested_branch_dag.py took 0.063 seconds
[2024-11-13T19:27:59.322+0000] {processor.py:186} INFO - Started process (PID=683) to work on /home/airflow/.local/lib/python3.12/site-packages/airflow/example_dags/example_nested_branch_dag.py
[2024-11-13T19:27:59.323+0000] {processor.py:914} INFO - Processing file /home/airflow/.local/lib/python3.12/site-packages/airflow/example_dags/example_nested_branch_dag.py for tasks to queue
[2024-11-13T19:27:59.325+0000] {logging_mixin.py:190} INFO - [2024-11-13T19:27:59.325+0000] {dagbag.py:588} INFO - Filling up the DagBag from /home/airflow/.local/lib/python3.12/site-packages/airflow/example_dags/example_nested_branch_dag.py
[2024-11-13T19:27:59.333+0000] {processor.py:925} INFO - DAG(s) 'example_nested_branch_dag' retrieved from /home/airflow/.local/lib/python3.12/site-packages/airflow/example_dags/example_nested_branch_dag.py
[2024-11-13T19:27:59.349+0000] {logging_mixin.py:190} INFO - [2024-11-13T19:27:59.349+0000] {dag.py:3239} INFO - Sync 1 DAGs
[2024-11-13T19:27:59.365+0000] {logging_mixin.py:190} INFO - [2024-11-13T19:27:59.365+0000] {dag.py:4180} INFO - Setting next_dagrun for example_nested_branch_dag to 2024-11-12 00:00:00+00:00, run_after=2024-11-13 00:00:00+00:00
[2024-11-13T19:27:59.377+0000] {processor.py:208} INFO - Processing /home/airflow/.local/lib/python3.12/site-packages/airflow/example_dags/example_nested_branch_dag.py took 0.059 seconds
[2024-11-13T19:28:29.904+0000] {processor.py:186} INFO - Started process (PID=746) to work on /home/airflow/.local/lib/python3.12/site-packages/airflow/example_dags/example_nested_branch_dag.py
[2024-11-13T19:28:29.905+0000] {processor.py:914} INFO - Processing file /home/airflow/.local/lib/python3.12/site-packages/airflow/example_dags/example_nested_branch_dag.py for tasks to queue
[2024-11-13T19:28:29.907+0000] {logging_mixin.py:190} INFO - [2024-11-13T19:28:29.906+0000] {dagbag.py:588} INFO - Filling up the DagBag from /home/airflow/.local/lib/python3.12/site-packages/airflow/example_dags/example_nested_branch_dag.py
[2024-11-13T19:28:29.915+0000] {processor.py:925} INFO - DAG(s) 'example_nested_branch_dag' retrieved from /home/airflow/.local/lib/python3.12/site-packages/airflow/example_dags/example_nested_branch_dag.py
[2024-11-13T19:28:29.931+0000] {logging_mixin.py:190} INFO - [2024-11-13T19:28:29.931+0000] {dag.py:3239} INFO - Sync 1 DAGs
[2024-11-13T19:28:29.948+0000] {logging_mixin.py:190} INFO - [2024-11-13T19:28:29.948+0000] {dag.py:4180} INFO - Setting next_dagrun for example_nested_branch_dag to 2024-11-12 00:00:00+00:00, run_after=2024-11-13 00:00:00+00:00
[2024-11-13T19:28:29.961+0000] {processor.py:208} INFO - Processing /home/airflow/.local/lib/python3.12/site-packages/airflow/example_dags/example_nested_branch_dag.py took 0.061 seconds
[2024-11-13T19:29:00.489+0000] {processor.py:186} INFO - Started process (PID=809) to work on /home/airflow/.local/lib/python3.12/site-packages/airflow/example_dags/example_nested_branch_dag.py
[2024-11-13T19:29:00.490+0000] {processor.py:914} INFO - Processing file /home/airflow/.local/lib/python3.12/site-packages/airflow/example_dags/example_nested_branch_dag.py for tasks to queue
[2024-11-13T19:29:00.492+0000] {logging_mixin.py:190} INFO - [2024-11-13T19:29:00.492+0000] {dagbag.py:588} INFO - Filling up the DagBag from /home/airflow/.local/lib/python3.12/site-packages/airflow/example_dags/example_nested_branch_dag.py
[2024-11-13T19:29:00.500+0000] {processor.py:925} INFO - DAG(s) 'example_nested_branch_dag' retrieved from /home/airflow/.local/lib/python3.12/site-packages/airflow/example_dags/example_nested_branch_dag.py
[2024-11-13T19:29:00.515+0000] {logging_mixin.py:190} INFO - [2024-11-13T19:29:00.515+0000] {dag.py:3239} INFO - Sync 1 DAGs
[2024-11-13T19:29:00.532+0000] {logging_mixin.py:190} INFO - [2024-11-13T19:29:00.532+0000] {dag.py:4180} INFO - Setting next_dagrun for example_nested_branch_dag to 2024-11-12 00:00:00+00:00, run_after=2024-11-13 00:00:00+00:00
[2024-11-13T19:29:00.544+0000] {processor.py:208} INFO - Processing /home/airflow/.local/lib/python3.12/site-packages/airflow/example_dags/example_nested_branch_dag.py took 0.059 seconds
[2024-11-13T19:29:31.561+0000] {processor.py:186} INFO - Started process (PID=872) to work on /home/airflow/.local/lib/python3.12/site-packages/airflow/example_dags/example_nested_branch_dag.py
[2024-11-13T19:29:31.562+0000] {processor.py:914} INFO - Processing file /home/airflow/.local/lib/python3.12/site-packages/airflow/example_dags/example_nested_branch_dag.py for tasks to queue
[2024-11-13T19:29:31.564+0000] {logging_mixin.py:190} INFO - [2024-11-13T19:29:31.564+0000] {dagbag.py:588} INFO - Filling up the DagBag from /home/airflow/.local/lib/python3.12/site-packages/airflow/example_dags/example_nested_branch_dag.py
[2024-11-13T19:29:31.572+0000] {processor.py:925} INFO - DAG(s) 'example_nested_branch_dag' retrieved from /home/airflow/.local/lib/python3.12/site-packages/airflow/example_dags/example_nested_branch_dag.py
[2024-11-13T19:29:31.586+0000] {logging_mixin.py:190} INFO - [2024-11-13T19:29:31.586+0000] {dag.py:3239} INFO - Sync 1 DAGs
[2024-11-13T19:29:31.602+0000] {logging_mixin.py:190} INFO - [2024-11-13T19:29:31.602+0000] {dag.py:4180} INFO - Setting next_dagrun for example_nested_branch_dag to 2024-11-12 00:00:00+00:00, run_after=2024-11-13 00:00:00+00:00
[2024-11-13T19:29:31.615+0000] {processor.py:208} INFO - Processing /home/airflow/.local/lib/python3.12/site-packages/airflow/example_dags/example_nested_branch_dag.py took 0.057 seconds
[2024-11-13T19:30:02.957+0000] {processor.py:186} INFO - Started process (PID=935) to work on /home/airflow/.local/lib/python3.12/site-packages/airflow/example_dags/example_nested_branch_dag.py
[2024-11-13T19:30:02.958+0000] {processor.py:914} INFO - Processing file /home/airflow/.local/lib/python3.12/site-packages/airflow/example_dags/example_nested_branch_dag.py for tasks to queue
[2024-11-13T19:30:02.959+0000] {logging_mixin.py:190} INFO - [2024-11-13T19:30:02.959+0000] {dagbag.py:588} INFO - Filling up the DagBag from /home/airflow/.local/lib/python3.12/site-packages/airflow/example_dags/example_nested_branch_dag.py
[2024-11-13T19:30:02.968+0000] {processor.py:925} INFO - DAG(s) 'example_nested_branch_dag' retrieved from /home/airflow/.local/lib/python3.12/site-packages/airflow/example_dags/example_nested_branch_dag.py
[2024-11-13T19:30:02.983+0000] {logging_mixin.py:190} INFO - [2024-11-13T19:30:02.982+0000] {dag.py:3239} INFO - Sync 1 DAGs
[2024-11-13T19:30:02.999+0000] {logging_mixin.py:190} INFO - [2024-11-13T19:30:02.999+0000] {dag.py:4180} INFO - Setting next_dagrun for example_nested_branch_dag to 2024-11-12 00:00:00+00:00, run_after=2024-11-13 00:00:00+00:00
[2024-11-13T19:30:03.011+0000] {processor.py:208} INFO - Processing /home/airflow/.local/lib/python3.12/site-packages/airflow/example_dags/example_nested_branch_dag.py took 0.058 seconds
[2024-11-13T19:30:34.237+0000] {processor.py:186} INFO - Started process (PID=998) to work on /home/airflow/.local/lib/python3.12/site-packages/airflow/example_dags/example_nested_branch_dag.py
[2024-11-13T19:30:34.238+0000] {processor.py:914} INFO - Processing file /home/airflow/.local/lib/python3.12/site-packages/airflow/example_dags/example_nested_branch_dag.py for tasks to queue
[2024-11-13T19:30:34.240+0000] {logging_mixin.py:190} INFO - [2024-11-13T19:30:34.240+0000] {dagbag.py:588} INFO - Filling up the DagBag from /home/airflow/.local/lib/python3.12/site-packages/airflow/example_dags/example_nested_branch_dag.py
[2024-11-13T19:30:34.248+0000] {processor.py:925} INFO - DAG(s) 'example_nested_branch_dag' retrieved from /home/airflow/.local/lib/python3.12/site-packages/airflow/example_dags/example_nested_branch_dag.py
[2024-11-13T19:30:34.264+0000] {logging_mixin.py:190} INFO - [2024-11-13T19:30:34.264+0000] {dag.py:3239} INFO - Sync 1 DAGs
[2024-11-13T19:30:34.281+0000] {logging_mixin.py:190} INFO - [2024-11-13T19:30:34.280+0000] {dag.py:4180} INFO - Setting next_dagrun for example_nested_branch_dag to 2024-11-12 00:00:00+00:00, run_after=2024-11-13 00:00:00+00:00
[2024-11-13T19:30:34.294+0000] {processor.py:208} INFO - Processing /home/airflow/.local/lib/python3.12/site-packages/airflow/example_dags/example_nested_branch_dag.py took 0.061 seconds
[2024-11-13T19:31:05.503+0000] {processor.py:186} INFO - Started process (PID=1061) to work on /home/airflow/.local/lib/python3.12/site-packages/airflow/example_dags/example_nested_branch_dag.py
[2024-11-13T19:31:05.505+0000] {processor.py:914} INFO - Processing file /home/airflow/.local/lib/python3.12/site-packages/airflow/example_dags/example_nested_branch_dag.py for tasks to queue
[2024-11-13T19:31:05.507+0000] {logging_mixin.py:190} INFO - [2024-11-13T19:31:05.506+0000] {dagbag.py:588} INFO - Filling up the DagBag from /home/airflow/.local/lib/python3.12/site-packages/airflow/example_dags/example_nested_branch_dag.py
[2024-11-13T19:31:05.514+0000] {processor.py:925} INFO - DAG(s) 'example_nested_branch_dag' retrieved from /home/airflow/.local/lib/python3.12/site-packages/airflow/example_dags/example_nested_branch_dag.py
[2024-11-13T19:31:05.530+0000] {logging_mixin.py:190} INFO - [2024-11-13T19:31:05.530+0000] {dag.py:3239} INFO - Sync 1 DAGs
[2024-11-13T19:31:05.546+0000] {logging_mixin.py:190} INFO - [2024-11-13T19:31:05.546+0000] {dag.py:4180} INFO - Setting next_dagrun for example_nested_branch_dag to 2024-11-12 00:00:00+00:00, run_after=2024-11-13 00:00:00+00:00
[2024-11-13T19:31:05.559+0000] {processor.py:208} INFO - Processing /home/airflow/.local/lib/python3.12/site-packages/airflow/example_dags/example_nested_branch_dag.py took 0.060 seconds
[2024-11-13T19:31:36.550+0000] {processor.py:186} INFO - Started process (PID=1124) to work on /home/airflow/.local/lib/python3.12/site-packages/airflow/example_dags/example_nested_branch_dag.py
[2024-11-13T19:31:36.551+0000] {processor.py:914} INFO - Processing file /home/airflow/.local/lib/python3.12/site-packages/airflow/example_dags/example_nested_branch_dag.py for tasks to queue
[2024-11-13T19:31:36.553+0000] {logging_mixin.py:190} INFO - [2024-11-13T19:31:36.553+0000] {dagbag.py:588} INFO - Filling up the DagBag from /home/airflow/.local/lib/python3.12/site-packages/airflow/example_dags/example_nested_branch_dag.py
[2024-11-13T19:31:36.561+0000] {processor.py:925} INFO - DAG(s) 'example_nested_branch_dag' retrieved from /home/airflow/.local/lib/python3.12/site-packages/airflow/example_dags/example_nested_branch_dag.py
[2024-11-13T19:31:36.578+0000] {logging_mixin.py:190} INFO - [2024-11-13T19:31:36.577+0000] {dag.py:3239} INFO - Sync 1 DAGs
[2024-11-13T19:31:36.595+0000] {logging_mixin.py:190} INFO - [2024-11-13T19:31:36.595+0000] {dag.py:4180} INFO - Setting next_dagrun for example_nested_branch_dag to 2024-11-12 00:00:00+00:00, run_after=2024-11-13 00:00:00+00:00
[2024-11-13T19:31:36.610+0000] {processor.py:208} INFO - Processing /home/airflow/.local/lib/python3.12/site-packages/airflow/example_dags/example_nested_branch_dag.py took 0.065 seconds
[2024-11-13T19:32:06.963+0000] {processor.py:186} INFO - Started process (PID=1187) to work on /home/airflow/.local/lib/python3.12/site-packages/airflow/example_dags/example_nested_branch_dag.py
[2024-11-13T19:32:06.964+0000] {processor.py:914} INFO - Processing file /home/airflow/.local/lib/python3.12/site-packages/airflow/example_dags/example_nested_branch_dag.py for tasks to queue
[2024-11-13T19:32:06.966+0000] {logging_mixin.py:190} INFO - [2024-11-13T19:32:06.965+0000] {dagbag.py:588} INFO - Filling up the DagBag from /home/airflow/.local/lib/python3.12/site-packages/airflow/example_dags/example_nested_branch_dag.py
[2024-11-13T19:32:06.975+0000] {processor.py:925} INFO - DAG(s) 'example_nested_branch_dag' retrieved from /home/airflow/.local/lib/python3.12/site-packages/airflow/example_dags/example_nested_branch_dag.py
[2024-11-13T19:32:06.991+0000] {logging_mixin.py:190} INFO - [2024-11-13T19:32:06.991+0000] {dag.py:3239} INFO - Sync 1 DAGs
[2024-11-13T19:32:07.008+0000] {logging_mixin.py:190} INFO - [2024-11-13T19:32:07.008+0000] {dag.py:4180} INFO - Setting next_dagrun for example_nested_branch_dag to 2024-11-12 00:00:00+00:00, run_after=2024-11-13 00:00:00+00:00
[2024-11-13T19:32:07.022+0000] {processor.py:208} INFO - Processing /home/airflow/.local/lib/python3.12/site-packages/airflow/example_dags/example_nested_branch_dag.py took 0.064 seconds
[2024-11-13T19:32:37.495+0000] {processor.py:186} INFO - Started process (PID=1250) to work on /home/airflow/.local/lib/python3.12/site-packages/airflow/example_dags/example_nested_branch_dag.py
[2024-11-13T19:32:37.496+0000] {processor.py:914} INFO - Processing file /home/airflow/.local/lib/python3.12/site-packages/airflow/example_dags/example_nested_branch_dag.py for tasks to queue
[2024-11-13T19:32:37.499+0000] {logging_mixin.py:190} INFO - [2024-11-13T19:32:37.498+0000] {dagbag.py:588} INFO - Filling up the DagBag from /home/airflow/.local/lib/python3.12/site-packages/airflow/example_dags/example_nested_branch_dag.py
[2024-11-13T19:32:37.507+0000] {processor.py:925} INFO - DAG(s) 'example_nested_branch_dag' retrieved from /home/airflow/.local/lib/python3.12/site-packages/airflow/example_dags/example_nested_branch_dag.py
[2024-11-13T19:32:37.525+0000] {logging_mixin.py:190} INFO - [2024-11-13T19:32:37.525+0000] {dag.py:3239} INFO - Sync 1 DAGs
[2024-11-13T19:32:37.544+0000] {logging_mixin.py:190} INFO - [2024-11-13T19:32:37.544+0000] {dag.py:4180} INFO - Setting next_dagrun for example_nested_branch_dag to 2024-11-12 00:00:00+00:00, run_after=2024-11-13 00:00:00+00:00
[2024-11-13T19:32:37.560+0000] {processor.py:208} INFO - Processing /home/airflow/.local/lib/python3.12/site-packages/airflow/example_dags/example_nested_branch_dag.py took 0.069 seconds
[2024-11-13T19:33:08.777+0000] {processor.py:186} INFO - Started process (PID=1314) to work on /home/airflow/.local/lib/python3.12/site-packages/airflow/example_dags/example_nested_branch_dag.py
[2024-11-13T19:33:08.777+0000] {processor.py:914} INFO - Processing file /home/airflow/.local/lib/python3.12/site-packages/airflow/example_dags/example_nested_branch_dag.py for tasks to queue
[2024-11-13T19:33:08.779+0000] {logging_mixin.py:190} INFO - [2024-11-13T19:33:08.779+0000] {dagbag.py:588} INFO - Filling up the DagBag from /home/airflow/.local/lib/python3.12/site-packages/airflow/example_dags/example_nested_branch_dag.py
[2024-11-13T19:33:08.787+0000] {processor.py:925} INFO - DAG(s) 'example_nested_branch_dag' retrieved from /home/airflow/.local/lib/python3.12/site-packages/airflow/example_dags/example_nested_branch_dag.py
[2024-11-13T19:33:08.802+0000] {logging_mixin.py:190} INFO - [2024-11-13T19:33:08.802+0000] {dag.py:3239} INFO - Sync 1 DAGs
[2024-11-13T19:33:08.818+0000] {logging_mixin.py:190} INFO - [2024-11-13T19:33:08.818+0000] {dag.py:4180} INFO - Setting next_dagrun for example_nested_branch_dag to 2024-11-12 00:00:00+00:00, run_after=2024-11-13 00:00:00+00:00
[2024-11-13T19:33:08.830+0000] {processor.py:208} INFO - Processing /home/airflow/.local/lib/python3.12/site-packages/airflow/example_dags/example_nested_branch_dag.py took 0.058 seconds
[2024-11-13T19:33:39.236+0000] {processor.py:186} INFO - Started process (PID=1377) to work on /home/airflow/.local/lib/python3.12/site-packages/airflow/example_dags/example_nested_branch_dag.py
[2024-11-13T19:33:39.237+0000] {processor.py:914} INFO - Processing file /home/airflow/.local/lib/python3.12/site-packages/airflow/example_dags/example_nested_branch_dag.py for tasks to queue
[2024-11-13T19:33:39.239+0000] {logging_mixin.py:190} INFO - [2024-11-13T19:33:39.239+0000] {dagbag.py:588} INFO - Filling up the DagBag from /home/airflow/.local/lib/python3.12/site-packages/airflow/example_dags/example_nested_branch_dag.py
[2024-11-13T19:33:39.247+0000] {processor.py:925} INFO - DAG(s) 'example_nested_branch_dag' retrieved from /home/airflow/.local/lib/python3.12/site-packages/airflow/example_dags/example_nested_branch_dag.py
[2024-11-13T19:33:39.265+0000] {logging_mixin.py:190} INFO - [2024-11-13T19:33:39.264+0000] {dag.py:3239} INFO - Sync 1 DAGs
[2024-11-13T19:33:39.281+0000] {logging_mixin.py:190} INFO - [2024-11-13T19:33:39.281+0000] {dag.py:4180} INFO - Setting next_dagrun for example_nested_branch_dag to 2024-11-12 00:00:00+00:00, run_after=2024-11-13 00:00:00+00:00
[2024-11-13T19:33:39.292+0000] {processor.py:208} INFO - Processing /home/airflow/.local/lib/python3.12/site-packages/airflow/example_dags/example_nested_branch_dag.py took 0.061 seconds
[2024-11-13T19:34:10.479+0000] {processor.py:186} INFO - Started process (PID=1440) to work on /home/airflow/.local/lib/python3.12/site-packages/airflow/example_dags/example_nested_branch_dag.py
[2024-11-13T19:34:10.480+0000] {processor.py:914} INFO - Processing file /home/airflow/.local/lib/python3.12/site-packages/airflow/example_dags/example_nested_branch_dag.py for tasks to queue
[2024-11-13T19:34:10.482+0000] {logging_mixin.py:190} INFO - [2024-11-13T19:34:10.481+0000] {dagbag.py:588} INFO - Filling up the DagBag from /home/airflow/.local/lib/python3.12/site-packages/airflow/example_dags/example_nested_branch_dag.py
[2024-11-13T19:34:10.492+0000] {processor.py:925} INFO - DAG(s) 'example_nested_branch_dag' retrieved from /home/airflow/.local/lib/python3.12/site-packages/airflow/example_dags/example_nested_branch_dag.py
[2024-11-13T19:34:10.506+0000] {logging_mixin.py:190} INFO - [2024-11-13T19:34:10.506+0000] {dag.py:3239} INFO - Sync 1 DAGs
[2024-11-13T19:34:10.522+0000] {logging_mixin.py:190} INFO - [2024-11-13T19:34:10.522+0000] {dag.py:4180} INFO - Setting next_dagrun for example_nested_branch_dag to 2024-11-12 00:00:00+00:00, run_after=2024-11-13 00:00:00+00:00
[2024-11-13T19:34:10.534+0000] {processor.py:208} INFO - Processing /home/airflow/.local/lib/python3.12/site-packages/airflow/example_dags/example_nested_branch_dag.py took 0.059 seconds
[2024-11-13T19:34:41.975+0000] {processor.py:186} INFO - Started process (PID=1503) to work on /home/airflow/.local/lib/python3.12/site-packages/airflow/example_dags/example_nested_branch_dag.py
[2024-11-13T19:34:41.977+0000] {processor.py:914} INFO - Processing file /home/airflow/.local/lib/python3.12/site-packages/airflow/example_dags/example_nested_branch_dag.py for tasks to queue
[2024-11-13T19:34:41.978+0000] {logging_mixin.py:190} INFO - [2024-11-13T19:34:41.978+0000] {dagbag.py:588} INFO - Filling up the DagBag from /home/airflow/.local/lib/python3.12/site-packages/airflow/example_dags/example_nested_branch_dag.py
[2024-11-13T19:34:41.987+0000] {processor.py:925} INFO - DAG(s) 'example_nested_branch_dag' retrieved from /home/airflow/.local/lib/python3.12/site-packages/airflow/example_dags/example_nested_branch_dag.py
[2024-11-13T19:34:42.002+0000] {logging_mixin.py:190} INFO - [2024-11-13T19:34:42.002+0000] {dag.py:3239} INFO - Sync 1 DAGs
[2024-11-13T19:34:42.024+0000] {logging_mixin.py:190} INFO - [2024-11-13T19:34:42.023+0000] {dag.py:4180} INFO - Setting next_dagrun for example_nested_branch_dag to 2024-11-12 00:00:00+00:00, run_after=2024-11-13 00:00:00+00:00
[2024-11-13T19:34:42.037+0000] {processor.py:208} INFO - Processing /home/airflow/.local/lib/python3.12/site-packages/airflow/example_dags/example_nested_branch_dag.py took 0.065 seconds
[2024-11-13T19:35:13.248+0000] {processor.py:186} INFO - Started process (PID=1566) to work on /home/airflow/.local/lib/python3.12/site-packages/airflow/example_dags/example_nested_branch_dag.py
[2024-11-13T19:35:13.250+0000] {processor.py:914} INFO - Processing file /home/airflow/.local/lib/python3.12/site-packages/airflow/example_dags/example_nested_branch_dag.py for tasks to queue
[2024-11-13T19:35:13.251+0000] {logging_mixin.py:190} INFO - [2024-11-13T19:35:13.251+0000] {dagbag.py:588} INFO - Filling up the DagBag from /home/airflow/.local/lib/python3.12/site-packages/airflow/example_dags/example_nested_branch_dag.py
[2024-11-13T19:35:13.259+0000] {processor.py:925} INFO - DAG(s) 'example_nested_branch_dag' retrieved from /home/airflow/.local/lib/python3.12/site-packages/airflow/example_dags/example_nested_branch_dag.py
[2024-11-13T19:35:13.274+0000] {logging_mixin.py:190} INFO - [2024-11-13T19:35:13.274+0000] {dag.py:3239} INFO - Sync 1 DAGs
[2024-11-13T19:35:13.290+0000] {logging_mixin.py:190} INFO - [2024-11-13T19:35:13.290+0000] {dag.py:4180} INFO - Setting next_dagrun for example_nested_branch_dag to 2024-11-12 00:00:00+00:00, run_after=2024-11-13 00:00:00+00:00
[2024-11-13T19:35:13.303+0000] {processor.py:208} INFO - Processing /home/airflow/.local/lib/python3.12/site-packages/airflow/example_dags/example_nested_branch_dag.py took 0.059 seconds
[2024-11-13T19:35:43.726+0000] {processor.py:186} INFO - Started process (PID=1629) to work on /home/airflow/.local/lib/python3.12/site-packages/airflow/example_dags/example_nested_branch_dag.py
[2024-11-13T19:35:43.727+0000] {processor.py:914} INFO - Processing file /home/airflow/.local/lib/python3.12/site-packages/airflow/example_dags/example_nested_branch_dag.py for tasks to queue
[2024-11-13T19:35:43.729+0000] {logging_mixin.py:190} INFO - [2024-11-13T19:35:43.728+0000] {dagbag.py:588} INFO - Filling up the DagBag from /home/airflow/.local/lib/python3.12/site-packages/airflow/example_dags/example_nested_branch_dag.py
[2024-11-13T19:35:43.738+0000] {processor.py:925} INFO - DAG(s) 'example_nested_branch_dag' retrieved from /home/airflow/.local/lib/python3.12/site-packages/airflow/example_dags/example_nested_branch_dag.py
[2024-11-13T19:35:43.754+0000] {logging_mixin.py:190} INFO - [2024-11-13T19:35:43.754+0000] {dag.py:3239} INFO - Sync 1 DAGs
[2024-11-13T19:35:43.771+0000] {logging_mixin.py:190} INFO - [2024-11-13T19:35:43.771+0000] {dag.py:4180} INFO - Setting next_dagrun for example_nested_branch_dag to 2024-11-12 00:00:00+00:00, run_after=2024-11-13 00:00:00+00:00
[2024-11-13T19:35:43.785+0000] {processor.py:208} INFO - Processing /home/airflow/.local/lib/python3.12/site-packages/airflow/example_dags/example_nested_branch_dag.py took 0.063 seconds
[2024-11-13T19:36:15.344+0000] {processor.py:186} INFO - Started process (PID=1692) to work on /home/airflow/.local/lib/python3.12/site-packages/airflow/example_dags/example_nested_branch_dag.py
[2024-11-13T19:36:15.345+0000] {processor.py:914} INFO - Processing file /home/airflow/.local/lib/python3.12/site-packages/airflow/example_dags/example_nested_branch_dag.py for tasks to queue
[2024-11-13T19:36:15.347+0000] {logging_mixin.py:190} INFO - [2024-11-13T19:36:15.346+0000] {dagbag.py:588} INFO - Filling up the DagBag from /home/airflow/.local/lib/python3.12/site-packages/airflow/example_dags/example_nested_branch_dag.py
[2024-11-13T19:36:15.355+0000] {processor.py:925} INFO - DAG(s) 'example_nested_branch_dag' retrieved from /home/airflow/.local/lib/python3.12/site-packages/airflow/example_dags/example_nested_branch_dag.py
[2024-11-13T19:36:15.369+0000] {logging_mixin.py:190} INFO - [2024-11-13T19:36:15.368+0000] {dag.py:3239} INFO - Sync 1 DAGs
[2024-11-13T19:36:15.384+0000] {logging_mixin.py:190} INFO - [2024-11-13T19:36:15.384+0000] {dag.py:4180} INFO - Setting next_dagrun for example_nested_branch_dag to 2024-11-12 00:00:00+00:00, run_after=2024-11-13 00:00:00+00:00
[2024-11-13T19:36:15.396+0000] {processor.py:208} INFO - Processing /home/airflow/.local/lib/python3.12/site-packages/airflow/example_dags/example_nested_branch_dag.py took 0.055 seconds
[2024-11-13T19:36:46.498+0000] {processor.py:186} INFO - Started process (PID=1755) to work on /home/airflow/.local/lib/python3.12/site-packages/airflow/example_dags/example_nested_branch_dag.py
[2024-11-13T19:36:46.498+0000] {processor.py:914} INFO - Processing file /home/airflow/.local/lib/python3.12/site-packages/airflow/example_dags/example_nested_branch_dag.py for tasks to queue
[2024-11-13T19:36:46.500+0000] {logging_mixin.py:190} INFO - [2024-11-13T19:36:46.500+0000] {dagbag.py:588} INFO - Filling up the DagBag from /home/airflow/.local/lib/python3.12/site-packages/airflow/example_dags/example_nested_branch_dag.py
[2024-11-13T19:36:46.509+0000] {processor.py:925} INFO - DAG(s) 'example_nested_branch_dag' retrieved from /home/airflow/.local/lib/python3.12/site-packages/airflow/example_dags/example_nested_branch_dag.py
[2024-11-13T19:36:46.524+0000] {logging_mixin.py:190} INFO - [2024-11-13T19:36:46.524+0000] {dag.py:3239} INFO - Sync 1 DAGs
[2024-11-13T19:36:46.540+0000] {logging_mixin.py:190} INFO - [2024-11-13T19:36:46.540+0000] {dag.py:4180} INFO - Setting next_dagrun for example_nested_branch_dag to 2024-11-12 00:00:00+00:00, run_after=2024-11-13 00:00:00+00:00
[2024-11-13T19:36:46.553+0000] {processor.py:208} INFO - Processing /home/airflow/.local/lib/python3.12/site-packages/airflow/example_dags/example_nested_branch_dag.py took 0.059 seconds
[2024-11-13T19:37:17.640+0000] {processor.py:186} INFO - Started process (PID=1818) to work on /home/airflow/.local/lib/python3.12/site-packages/airflow/example_dags/example_nested_branch_dag.py
[2024-11-13T19:37:17.640+0000] {processor.py:914} INFO - Processing file /home/airflow/.local/lib/python3.12/site-packages/airflow/example_dags/example_nested_branch_dag.py for tasks to queue
[2024-11-13T19:37:17.642+0000] {logging_mixin.py:190} INFO - [2024-11-13T19:37:17.642+0000] {dagbag.py:588} INFO - Filling up the DagBag from /home/airflow/.local/lib/python3.12/site-packages/airflow/example_dags/example_nested_branch_dag.py
[2024-11-13T19:37:17.650+0000] {processor.py:925} INFO - DAG(s) 'example_nested_branch_dag' retrieved from /home/airflow/.local/lib/python3.12/site-packages/airflow/example_dags/example_nested_branch_dag.py
[2024-11-13T19:37:17.664+0000] {logging_mixin.py:190} INFO - [2024-11-13T19:37:17.664+0000] {dag.py:3239} INFO - Sync 1 DAGs
[2024-11-13T19:37:17.680+0000] {logging_mixin.py:190} INFO - [2024-11-13T19:37:17.680+0000] {dag.py:4180} INFO - Setting next_dagrun for example_nested_branch_dag to 2024-11-12 00:00:00+00:00, run_after=2024-11-13 00:00:00+00:00
[2024-11-13T19:37:17.691+0000] {processor.py:208} INFO - Processing /home/airflow/.local/lib/python3.12/site-packages/airflow/example_dags/example_nested_branch_dag.py took 0.056 seconds
[2024-11-13T19:37:48.855+0000] {processor.py:186} INFO - Started process (PID=1881) to work on /home/airflow/.local/lib/python3.12/site-packages/airflow/example_dags/example_nested_branch_dag.py
[2024-11-13T19:37:48.856+0000] {processor.py:914} INFO - Processing file /home/airflow/.local/lib/python3.12/site-packages/airflow/example_dags/example_nested_branch_dag.py for tasks to queue
[2024-11-13T19:37:48.858+0000] {logging_mixin.py:190} INFO - [2024-11-13T19:37:48.858+0000] {dagbag.py:588} INFO - Filling up the DagBag from /home/airflow/.local/lib/python3.12/site-packages/airflow/example_dags/example_nested_branch_dag.py
[2024-11-13T19:37:48.867+0000] {processor.py:925} INFO - DAG(s) 'example_nested_branch_dag' retrieved from /home/airflow/.local/lib/python3.12/site-packages/airflow/example_dags/example_nested_branch_dag.py
[2024-11-13T19:37:48.883+0000] {logging_mixin.py:190} INFO - [2024-11-13T19:37:48.883+0000] {dag.py:3239} INFO - Sync 1 DAGs
[2024-11-13T19:37:48.900+0000] {logging_mixin.py:190} INFO - [2024-11-13T19:37:48.900+0000] {dag.py:4180} INFO - Setting next_dagrun for example_nested_branch_dag to 2024-11-12 00:00:00+00:00, run_after=2024-11-13 00:00:00+00:00
[2024-11-13T19:37:48.913+0000] {processor.py:208} INFO - Processing /home/airflow/.local/lib/python3.12/site-packages/airflow/example_dags/example_nested_branch_dag.py took 0.062 seconds
[2024-11-13T19:38:20.084+0000] {processor.py:186} INFO - Started process (PID=1950) to work on /home/airflow/.local/lib/python3.12/site-packages/airflow/example_dags/example_nested_branch_dag.py
[2024-11-13T19:38:20.085+0000] {processor.py:914} INFO - Processing file /home/airflow/.local/lib/python3.12/site-packages/airflow/example_dags/example_nested_branch_dag.py for tasks to queue
[2024-11-13T19:38:20.087+0000] {logging_mixin.py:190} INFO - [2024-11-13T19:38:20.087+0000] {dagbag.py:588} INFO - Filling up the DagBag from /home/airflow/.local/lib/python3.12/site-packages/airflow/example_dags/example_nested_branch_dag.py
[2024-11-13T19:38:20.096+0000] {processor.py:925} INFO - DAG(s) 'example_nested_branch_dag' retrieved from /home/airflow/.local/lib/python3.12/site-packages/airflow/example_dags/example_nested_branch_dag.py
[2024-11-13T19:38:20.113+0000] {logging_mixin.py:190} INFO - [2024-11-13T19:38:20.113+0000] {dag.py:3239} INFO - Sync 1 DAGs
[2024-11-13T19:38:20.129+0000] {logging_mixin.py:190} INFO - [2024-11-13T19:38:20.129+0000] {dag.py:4180} INFO - Setting next_dagrun for example_nested_branch_dag to 2024-11-12 00:00:00+00:00, run_after=2024-11-13 00:00:00+00:00
[2024-11-13T19:38:20.142+0000] {processor.py:208} INFO - Processing /home/airflow/.local/lib/python3.12/site-packages/airflow/example_dags/example_nested_branch_dag.py took 0.062 seconds
[2024-11-13T19:38:51.247+0000] {processor.py:186} INFO - Started process (PID=2013) to work on /home/airflow/.local/lib/python3.12/site-packages/airflow/example_dags/example_nested_branch_dag.py
[2024-11-13T19:38:51.248+0000] {processor.py:914} INFO - Processing file /home/airflow/.local/lib/python3.12/site-packages/airflow/example_dags/example_nested_branch_dag.py for tasks to queue
[2024-11-13T19:38:51.250+0000] {logging_mixin.py:190} INFO - [2024-11-13T19:38:51.250+0000] {dagbag.py:588} INFO - Filling up the DagBag from /home/airflow/.local/lib/python3.12/site-packages/airflow/example_dags/example_nested_branch_dag.py
[2024-11-13T19:38:51.258+0000] {processor.py:925} INFO - DAG(s) 'example_nested_branch_dag' retrieved from /home/airflow/.local/lib/python3.12/site-packages/airflow/example_dags/example_nested_branch_dag.py
[2024-11-13T19:38:51.275+0000] {logging_mixin.py:190} INFO - [2024-11-13T19:38:51.274+0000] {dag.py:3239} INFO - Sync 1 DAGs
[2024-11-13T19:38:51.292+0000] {logging_mixin.py:190} INFO - [2024-11-13T19:38:51.292+0000] {dag.py:4180} INFO - Setting next_dagrun for example_nested_branch_dag to 2024-11-12 00:00:00+00:00, run_after=2024-11-13 00:00:00+00:00
[2024-11-13T19:38:51.306+0000] {processor.py:208} INFO - Processing /home/airflow/.local/lib/python3.12/site-packages/airflow/example_dags/example_nested_branch_dag.py took 0.063 seconds
[2024-11-13T19:39:22.583+0000] {processor.py:186} INFO - Started process (PID=2076) to work on /home/airflow/.local/lib/python3.12/site-packages/airflow/example_dags/example_nested_branch_dag.py
[2024-11-13T19:39:22.584+0000] {processor.py:914} INFO - Processing file /home/airflow/.local/lib/python3.12/site-packages/airflow/example_dags/example_nested_branch_dag.py for tasks to queue
[2024-11-13T19:39:22.586+0000] {logging_mixin.py:190} INFO - [2024-11-13T19:39:22.585+0000] {dagbag.py:588} INFO - Filling up the DagBag from /home/airflow/.local/lib/python3.12/site-packages/airflow/example_dags/example_nested_branch_dag.py
[2024-11-13T19:39:22.595+0000] {processor.py:925} INFO - DAG(s) 'example_nested_branch_dag' retrieved from /home/airflow/.local/lib/python3.12/site-packages/airflow/example_dags/example_nested_branch_dag.py
[2024-11-13T19:39:22.612+0000] {logging_mixin.py:190} INFO - [2024-11-13T19:39:22.612+0000] {dag.py:3239} INFO - Sync 1 DAGs
[2024-11-13T19:39:22.630+0000] {logging_mixin.py:190} INFO - [2024-11-13T19:39:22.630+0000] {dag.py:4180} INFO - Setting next_dagrun for example_nested_branch_dag to 2024-11-12 00:00:00+00:00, run_after=2024-11-13 00:00:00+00:00
[2024-11-13T19:39:22.643+0000] {processor.py:208} INFO - Processing /home/airflow/.local/lib/python3.12/site-packages/airflow/example_dags/example_nested_branch_dag.py took 0.065 seconds
[2024-11-13T19:39:53.862+0000] {processor.py:186} INFO - Started process (PID=2139) to work on /home/airflow/.local/lib/python3.12/site-packages/airflow/example_dags/example_nested_branch_dag.py
[2024-11-13T19:39:53.863+0000] {processor.py:914} INFO - Processing file /home/airflow/.local/lib/python3.12/site-packages/airflow/example_dags/example_nested_branch_dag.py for tasks to queue
[2024-11-13T19:39:53.865+0000] {logging_mixin.py:190} INFO - [2024-11-13T19:39:53.865+0000] {dagbag.py:588} INFO - Filling up the DagBag from /home/airflow/.local/lib/python3.12/site-packages/airflow/example_dags/example_nested_branch_dag.py
[2024-11-13T19:39:53.874+0000] {processor.py:925} INFO - DAG(s) 'example_nested_branch_dag' retrieved from /home/airflow/.local/lib/python3.12/site-packages/airflow/example_dags/example_nested_branch_dag.py
[2024-11-13T19:39:53.890+0000] {logging_mixin.py:190} INFO - [2024-11-13T19:39:53.890+0000] {dag.py:3239} INFO - Sync 1 DAGs
[2024-11-13T19:39:53.908+0000] {logging_mixin.py:190} INFO - [2024-11-13T19:39:53.907+0000] {dag.py:4180} INFO - Setting next_dagrun for example_nested_branch_dag to 2024-11-12 00:00:00+00:00, run_after=2024-11-13 00:00:00+00:00
[2024-11-13T19:39:53.921+0000] {processor.py:208} INFO - Processing /home/airflow/.local/lib/python3.12/site-packages/airflow/example_dags/example_nested_branch_dag.py took 0.063 seconds
[2024-11-13T19:40:24.826+0000] {processor.py:186} INFO - Started process (PID=2202) to work on /home/airflow/.local/lib/python3.12/site-packages/airflow/example_dags/example_nested_branch_dag.py
[2024-11-13T19:40:24.827+0000] {processor.py:914} INFO - Processing file /home/airflow/.local/lib/python3.12/site-packages/airflow/example_dags/example_nested_branch_dag.py for tasks to queue
[2024-11-13T19:40:24.829+0000] {logging_mixin.py:190} INFO - [2024-11-13T19:40:24.828+0000] {dagbag.py:588} INFO - Filling up the DagBag from /home/airflow/.local/lib/python3.12/site-packages/airflow/example_dags/example_nested_branch_dag.py
[2024-11-13T19:40:24.838+0000] {processor.py:925} INFO - DAG(s) 'example_nested_branch_dag' retrieved from /home/airflow/.local/lib/python3.12/site-packages/airflow/example_dags/example_nested_branch_dag.py
[2024-11-13T19:40:24.856+0000] {logging_mixin.py:190} INFO - [2024-11-13T19:40:24.856+0000] {dag.py:3239} INFO - Sync 1 DAGs
[2024-11-13T19:40:24.876+0000] {logging_mixin.py:190} INFO - [2024-11-13T19:40:24.876+0000] {dag.py:4180} INFO - Setting next_dagrun for example_nested_branch_dag to 2024-11-12 00:00:00+00:00, run_after=2024-11-13 00:00:00+00:00
[2024-11-13T19:40:24.892+0000] {processor.py:208} INFO - Processing /home/airflow/.local/lib/python3.12/site-packages/airflow/example_dags/example_nested_branch_dag.py took 0.070 seconds
[2024-11-13T19:40:55.679+0000] {processor.py:186} INFO - Started process (PID=2265) to work on /home/airflow/.local/lib/python3.12/site-packages/airflow/example_dags/example_nested_branch_dag.py
[2024-11-13T19:40:55.680+0000] {processor.py:914} INFO - Processing file /home/airflow/.local/lib/python3.12/site-packages/airflow/example_dags/example_nested_branch_dag.py for tasks to queue
[2024-11-13T19:40:55.682+0000] {logging_mixin.py:190} INFO - [2024-11-13T19:40:55.682+0000] {dagbag.py:588} INFO - Filling up the DagBag from /home/airflow/.local/lib/python3.12/site-packages/airflow/example_dags/example_nested_branch_dag.py
[2024-11-13T19:40:55.691+0000] {processor.py:925} INFO - DAG(s) 'example_nested_branch_dag' retrieved from /home/airflow/.local/lib/python3.12/site-packages/airflow/example_dags/example_nested_branch_dag.py
[2024-11-13T19:40:55.709+0000] {logging_mixin.py:190} INFO - [2024-11-13T19:40:55.708+0000] {dag.py:3239} INFO - Sync 1 DAGs
[2024-11-13T19:40:55.728+0000] {logging_mixin.py:190} INFO - [2024-11-13T19:40:55.728+0000] {dag.py:4180} INFO - Setting next_dagrun for example_nested_branch_dag to 2024-11-12 00:00:00+00:00, run_after=2024-11-13 00:00:00+00:00
[2024-11-13T19:40:55.743+0000] {processor.py:208} INFO - Processing /home/airflow/.local/lib/python3.12/site-packages/airflow/example_dags/example_nested_branch_dag.py took 0.069 seconds
[2024-11-13T19:41:26.141+0000] {processor.py:186} INFO - Started process (PID=2328) to work on /home/airflow/.local/lib/python3.12/site-packages/airflow/example_dags/example_nested_branch_dag.py
[2024-11-13T19:41:26.142+0000] {processor.py:914} INFO - Processing file /home/airflow/.local/lib/python3.12/site-packages/airflow/example_dags/example_nested_branch_dag.py for tasks to queue
[2024-11-13T19:41:26.144+0000] {logging_mixin.py:190} INFO - [2024-11-13T19:41:26.143+0000] {dagbag.py:588} INFO - Filling up the DagBag from /home/airflow/.local/lib/python3.12/site-packages/airflow/example_dags/example_nested_branch_dag.py
[2024-11-13T19:41:26.152+0000] {processor.py:925} INFO - DAG(s) 'example_nested_branch_dag' retrieved from /home/airflow/.local/lib/python3.12/site-packages/airflow/example_dags/example_nested_branch_dag.py
[2024-11-13T19:41:26.168+0000] {logging_mixin.py:190} INFO - [2024-11-13T19:41:26.167+0000] {dag.py:3239} INFO - Sync 1 DAGs
[2024-11-13T19:41:26.185+0000] {logging_mixin.py:190} INFO - [2024-11-13T19:41:26.185+0000] {dag.py:4180} INFO - Setting next_dagrun for example_nested_branch_dag to 2024-11-12 00:00:00+00:00, run_after=2024-11-13 00:00:00+00:00
[2024-11-13T19:41:26.200+0000] {processor.py:208} INFO - Processing /home/airflow/.local/lib/python3.12/site-packages/airflow/example_dags/example_nested_branch_dag.py took 0.064 seconds
[2024-11-13T19:41:57.542+0000] {processor.py:186} INFO - Started process (PID=2396) to work on /home/airflow/.local/lib/python3.12/site-packages/airflow/example_dags/example_nested_branch_dag.py
[2024-11-13T19:41:57.543+0000] {processor.py:914} INFO - Processing file /home/airflow/.local/lib/python3.12/site-packages/airflow/example_dags/example_nested_branch_dag.py for tasks to queue
[2024-11-13T19:41:57.544+0000] {logging_mixin.py:190} INFO - [2024-11-13T19:41:57.544+0000] {dagbag.py:588} INFO - Filling up the DagBag from /home/airflow/.local/lib/python3.12/site-packages/airflow/example_dags/example_nested_branch_dag.py
[2024-11-13T19:41:57.553+0000] {processor.py:925} INFO - DAG(s) 'example_nested_branch_dag' retrieved from /home/airflow/.local/lib/python3.12/site-packages/airflow/example_dags/example_nested_branch_dag.py
[2024-11-13T19:41:57.570+0000] {logging_mixin.py:190} INFO - [2024-11-13T19:41:57.570+0000] {dag.py:3239} INFO - Sync 1 DAGs
[2024-11-13T19:41:57.589+0000] {logging_mixin.py:190} INFO - [2024-11-13T19:41:57.589+0000] {dag.py:4180} INFO - Setting next_dagrun for example_nested_branch_dag to 2024-11-12 00:00:00+00:00, run_after=2024-11-13 00:00:00+00:00
[2024-11-13T19:41:57.603+0000] {processor.py:208} INFO - Processing /home/airflow/.local/lib/python3.12/site-packages/airflow/example_dags/example_nested_branch_dag.py took 0.065 seconds
[2024-11-13T19:42:29.735+0000] {processor.py:186} INFO - Started process (PID=2471) to work on /home/airflow/.local/lib/python3.12/site-packages/airflow/example_dags/example_nested_branch_dag.py
[2024-11-13T19:42:29.736+0000] {processor.py:914} INFO - Processing file /home/airflow/.local/lib/python3.12/site-packages/airflow/example_dags/example_nested_branch_dag.py for tasks to queue
[2024-11-13T19:42:29.737+0000] {logging_mixin.py:190} INFO - [2024-11-13T19:42:29.737+0000] {dagbag.py:588} INFO - Filling up the DagBag from /home/airflow/.local/lib/python3.12/site-packages/airflow/example_dags/example_nested_branch_dag.py
[2024-11-13T19:42:29.746+0000] {processor.py:925} INFO - DAG(s) 'example_nested_branch_dag' retrieved from /home/airflow/.local/lib/python3.12/site-packages/airflow/example_dags/example_nested_branch_dag.py
[2024-11-13T19:42:29.763+0000] {logging_mixin.py:190} INFO - [2024-11-13T19:42:29.763+0000] {dag.py:3239} INFO - Sync 1 DAGs
[2024-11-13T19:42:29.782+0000] {logging_mixin.py:190} INFO - [2024-11-13T19:42:29.781+0000] {dag.py:4180} INFO - Setting next_dagrun for example_nested_branch_dag to 2024-11-12 00:00:00+00:00, run_after=2024-11-13 00:00:00+00:00
[2024-11-13T19:42:29.795+0000] {processor.py:208} INFO - Processing /home/airflow/.local/lib/python3.12/site-packages/airflow/example_dags/example_nested_branch_dag.py took 0.065 seconds
[2024-11-13T19:42:59.992+0000] {processor.py:186} INFO - Started process (PID=2534) to work on /home/airflow/.local/lib/python3.12/site-packages/airflow/example_dags/example_nested_branch_dag.py
[2024-11-13T19:42:59.993+0000] {processor.py:914} INFO - Processing file /home/airflow/.local/lib/python3.12/site-packages/airflow/example_dags/example_nested_branch_dag.py for tasks to queue
[2024-11-13T19:42:59.995+0000] {logging_mixin.py:190} INFO - [2024-11-13T19:42:59.995+0000] {dagbag.py:588} INFO - Filling up the DagBag from /home/airflow/.local/lib/python3.12/site-packages/airflow/example_dags/example_nested_branch_dag.py
[2024-11-13T19:43:00.003+0000] {processor.py:925} INFO - DAG(s) 'example_nested_branch_dag' retrieved from /home/airflow/.local/lib/python3.12/site-packages/airflow/example_dags/example_nested_branch_dag.py
[2024-11-13T19:43:00.023+0000] {logging_mixin.py:190} INFO - [2024-11-13T19:43:00.023+0000] {dag.py:3239} INFO - Sync 1 DAGs
[2024-11-13T19:43:00.040+0000] {logging_mixin.py:190} INFO - [2024-11-13T19:43:00.040+0000] {dag.py:4180} INFO - Setting next_dagrun for example_nested_branch_dag to 2024-11-12 00:00:00+00:00, run_after=2024-11-13 00:00:00+00:00
[2024-11-13T19:43:00.056+0000] {processor.py:208} INFO - Processing /home/airflow/.local/lib/python3.12/site-packages/airflow/example_dags/example_nested_branch_dag.py took 0.069 seconds
[2024-11-13T19:43:30.492+0000] {processor.py:186} INFO - Started process (PID=2596) to work on /home/airflow/.local/lib/python3.12/site-packages/airflow/example_dags/example_nested_branch_dag.py
[2024-11-13T19:43:30.493+0000] {processor.py:914} INFO - Processing file /home/airflow/.local/lib/python3.12/site-packages/airflow/example_dags/example_nested_branch_dag.py for tasks to queue
[2024-11-13T19:43:30.495+0000] {logging_mixin.py:190} INFO - [2024-11-13T19:43:30.494+0000] {dagbag.py:588} INFO - Filling up the DagBag from /home/airflow/.local/lib/python3.12/site-packages/airflow/example_dags/example_nested_branch_dag.py
[2024-11-13T19:43:30.503+0000] {processor.py:925} INFO - DAG(s) 'example_nested_branch_dag' retrieved from /home/airflow/.local/lib/python3.12/site-packages/airflow/example_dags/example_nested_branch_dag.py
[2024-11-13T19:43:30.521+0000] {logging_mixin.py:190} INFO - [2024-11-13T19:43:30.521+0000] {dag.py:3239} INFO - Sync 1 DAGs
[2024-11-13T19:43:30.538+0000] {logging_mixin.py:190} INFO - [2024-11-13T19:43:30.538+0000] {dag.py:4180} INFO - Setting next_dagrun for example_nested_branch_dag to 2024-11-12 00:00:00+00:00, run_after=2024-11-13 00:00:00+00:00
[2024-11-13T19:43:30.552+0000] {processor.py:208} INFO - Processing /home/airflow/.local/lib/python3.12/site-packages/airflow/example_dags/example_nested_branch_dag.py took 0.064 seconds
[2024-11-13T19:44:00.983+0000] {processor.py:186} INFO - Started process (PID=2659) to work on /home/airflow/.local/lib/python3.12/site-packages/airflow/example_dags/example_nested_branch_dag.py
[2024-11-13T19:44:00.984+0000] {processor.py:914} INFO - Processing file /home/airflow/.local/lib/python3.12/site-packages/airflow/example_dags/example_nested_branch_dag.py for tasks to queue
[2024-11-13T19:44:00.986+0000] {logging_mixin.py:190} INFO - [2024-11-13T19:44:00.986+0000] {dagbag.py:588} INFO - Filling up the DagBag from /home/airflow/.local/lib/python3.12/site-packages/airflow/example_dags/example_nested_branch_dag.py
[2024-11-13T19:44:00.994+0000] {processor.py:925} INFO - DAG(s) 'example_nested_branch_dag' retrieved from /home/airflow/.local/lib/python3.12/site-packages/airflow/example_dags/example_nested_branch_dag.py
[2024-11-13T19:44:01.012+0000] {logging_mixin.py:190} INFO - [2024-11-13T19:44:01.012+0000] {dag.py:3239} INFO - Sync 1 DAGs
[2024-11-13T19:44:01.030+0000] {logging_mixin.py:190} INFO - [2024-11-13T19:44:01.029+0000] {dag.py:4180} INFO - Setting next_dagrun for example_nested_branch_dag to 2024-11-12 00:00:00+00:00, run_after=2024-11-13 00:00:00+00:00
[2024-11-13T19:44:01.044+0000] {processor.py:208} INFO - Processing /home/airflow/.local/lib/python3.12/site-packages/airflow/example_dags/example_nested_branch_dag.py took 0.065 seconds
[2024-11-13T19:44:31.591+0000] {processor.py:186} INFO - Started process (PID=2722) to work on /home/airflow/.local/lib/python3.12/site-packages/airflow/example_dags/example_nested_branch_dag.py
[2024-11-13T19:44:31.592+0000] {processor.py:914} INFO - Processing file /home/airflow/.local/lib/python3.12/site-packages/airflow/example_dags/example_nested_branch_dag.py for tasks to queue
[2024-11-13T19:44:31.595+0000] {logging_mixin.py:190} INFO - [2024-11-13T19:44:31.594+0000] {dagbag.py:588} INFO - Filling up the DagBag from /home/airflow/.local/lib/python3.12/site-packages/airflow/example_dags/example_nested_branch_dag.py
[2024-11-13T19:44:31.603+0000] {processor.py:925} INFO - DAG(s) 'example_nested_branch_dag' retrieved from /home/airflow/.local/lib/python3.12/site-packages/airflow/example_dags/example_nested_branch_dag.py
[2024-11-13T19:44:31.620+0000] {logging_mixin.py:190} INFO - [2024-11-13T19:44:31.620+0000] {dag.py:3239} INFO - Sync 1 DAGs
[2024-11-13T19:44:31.639+0000] {logging_mixin.py:190} INFO - [2024-11-13T19:44:31.639+0000] {dag.py:4180} INFO - Setting next_dagrun for example_nested_branch_dag to 2024-11-12 00:00:00+00:00, run_after=2024-11-13 00:00:00+00:00
[2024-11-13T19:44:31.653+0000] {processor.py:208} INFO - Processing /home/airflow/.local/lib/python3.12/site-packages/airflow/example_dags/example_nested_branch_dag.py took 0.066 seconds
[2024-11-13T19:45:02.342+0000] {processor.py:186} INFO - Started process (PID=2785) to work on /home/airflow/.local/lib/python3.12/site-packages/airflow/example_dags/example_nested_branch_dag.py
[2024-11-13T19:45:02.343+0000] {processor.py:914} INFO - Processing file /home/airflow/.local/lib/python3.12/site-packages/airflow/example_dags/example_nested_branch_dag.py for tasks to queue
[2024-11-13T19:45:02.344+0000] {logging_mixin.py:190} INFO - [2024-11-13T19:45:02.344+0000] {dagbag.py:588} INFO - Filling up the DagBag from /home/airflow/.local/lib/python3.12/site-packages/airflow/example_dags/example_nested_branch_dag.py
[2024-11-13T19:45:02.353+0000] {processor.py:925} INFO - DAG(s) 'example_nested_branch_dag' retrieved from /home/airflow/.local/lib/python3.12/site-packages/airflow/example_dags/example_nested_branch_dag.py
[2024-11-13T19:45:02.370+0000] {logging_mixin.py:190} INFO - [2024-11-13T19:45:02.369+0000] {dag.py:3239} INFO - Sync 1 DAGs
[2024-11-13T19:45:02.388+0000] {logging_mixin.py:190} INFO - [2024-11-13T19:45:02.388+0000] {dag.py:4180} INFO - Setting next_dagrun for example_nested_branch_dag to 2024-11-12 00:00:00+00:00, run_after=2024-11-13 00:00:00+00:00
[2024-11-13T19:45:02.403+0000] {processor.py:208} INFO - Processing /home/airflow/.local/lib/python3.12/site-packages/airflow/example_dags/example_nested_branch_dag.py took 0.065 seconds
[2024-11-13T19:45:33.917+0000] {processor.py:186} INFO - Started process (PID=2855) to work on /home/airflow/.local/lib/python3.12/site-packages/airflow/example_dags/example_nested_branch_dag.py
[2024-11-13T19:45:33.918+0000] {processor.py:914} INFO - Processing file /home/airflow/.local/lib/python3.12/site-packages/airflow/example_dags/example_nested_branch_dag.py for tasks to queue
[2024-11-13T19:45:33.920+0000] {logging_mixin.py:190} INFO - [2024-11-13T19:45:33.920+0000] {dagbag.py:588} INFO - Filling up the DagBag from /home/airflow/.local/lib/python3.12/site-packages/airflow/example_dags/example_nested_branch_dag.py
[2024-11-13T19:45:33.928+0000] {processor.py:925} INFO - DAG(s) 'example_nested_branch_dag' retrieved from /home/airflow/.local/lib/python3.12/site-packages/airflow/example_dags/example_nested_branch_dag.py
[2024-11-13T19:45:33.944+0000] {logging_mixin.py:190} INFO - [2024-11-13T19:45:33.944+0000] {dag.py:3239} INFO - Sync 1 DAGs
[2024-11-13T19:45:33.961+0000] {logging_mixin.py:190} INFO - [2024-11-13T19:45:33.961+0000] {dag.py:4180} INFO - Setting next_dagrun for example_nested_branch_dag to 2024-11-12 00:00:00+00:00, run_after=2024-11-13 00:00:00+00:00
[2024-11-13T19:45:33.975+0000] {processor.py:208} INFO - Processing /home/airflow/.local/lib/python3.12/site-packages/airflow/example_dags/example_nested_branch_dag.py took 0.062 seconds
[2024-11-13T19:46:04.765+0000] {processor.py:186} INFO - Started process (PID=2919) to work on /home/airflow/.local/lib/python3.12/site-packages/airflow/example_dags/example_nested_branch_dag.py
[2024-11-13T19:46:04.766+0000] {processor.py:914} INFO - Processing file /home/airflow/.local/lib/python3.12/site-packages/airflow/example_dags/example_nested_branch_dag.py for tasks to queue
[2024-11-13T19:46:04.767+0000] {logging_mixin.py:190} INFO - [2024-11-13T19:46:04.767+0000] {dagbag.py:588} INFO - Filling up the DagBag from /home/airflow/.local/lib/python3.12/site-packages/airflow/example_dags/example_nested_branch_dag.py
[2024-11-13T19:46:04.775+0000] {processor.py:925} INFO - DAG(s) 'example_nested_branch_dag' retrieved from /home/airflow/.local/lib/python3.12/site-packages/airflow/example_dags/example_nested_branch_dag.py
[2024-11-13T19:46:04.791+0000] {logging_mixin.py:190} INFO - [2024-11-13T19:46:04.791+0000] {dag.py:3239} INFO - Sync 1 DAGs
[2024-11-13T19:46:04.810+0000] {logging_mixin.py:190} INFO - [2024-11-13T19:46:04.809+0000] {dag.py:4180} INFO - Setting next_dagrun for example_nested_branch_dag to 2024-11-12 00:00:00+00:00, run_after=2024-11-13 00:00:00+00:00
[2024-11-13T19:46:04.825+0000] {processor.py:208} INFO - Processing /home/airflow/.local/lib/python3.12/site-packages/airflow/example_dags/example_nested_branch_dag.py took 0.065 seconds
[2024-11-13T19:46:35.623+0000] {processor.py:186} INFO - Started process (PID=2981) to work on /home/airflow/.local/lib/python3.12/site-packages/airflow/example_dags/example_nested_branch_dag.py
[2024-11-13T19:46:35.624+0000] {processor.py:914} INFO - Processing file /home/airflow/.local/lib/python3.12/site-packages/airflow/example_dags/example_nested_branch_dag.py for tasks to queue
[2024-11-13T19:46:35.626+0000] {logging_mixin.py:190} INFO - [2024-11-13T19:46:35.626+0000] {dagbag.py:588} INFO - Filling up the DagBag from /home/airflow/.local/lib/python3.12/site-packages/airflow/example_dags/example_nested_branch_dag.py
[2024-11-13T19:46:35.635+0000] {processor.py:925} INFO - DAG(s) 'example_nested_branch_dag' retrieved from /home/airflow/.local/lib/python3.12/site-packages/airflow/example_dags/example_nested_branch_dag.py
[2024-11-13T19:46:35.651+0000] {logging_mixin.py:190} INFO - [2024-11-13T19:46:35.651+0000] {dag.py:3239} INFO - Sync 1 DAGs
[2024-11-13T19:46:35.668+0000] {logging_mixin.py:190} INFO - [2024-11-13T19:46:35.668+0000] {dag.py:4180} INFO - Setting next_dagrun for example_nested_branch_dag to 2024-11-12 00:00:00+00:00, run_after=2024-11-13 00:00:00+00:00
[2024-11-13T19:46:35.821+0000] {processor.py:208} INFO - Processing /home/airflow/.local/lib/python3.12/site-packages/airflow/example_dags/example_nested_branch_dag.py took 0.202 seconds
[2024-11-13T19:47:06.539+0000] {processor.py:186} INFO - Started process (PID=3045) to work on /home/airflow/.local/lib/python3.12/site-packages/airflow/example_dags/example_nested_branch_dag.py
[2024-11-13T19:47:06.541+0000] {processor.py:914} INFO - Processing file /home/airflow/.local/lib/python3.12/site-packages/airflow/example_dags/example_nested_branch_dag.py for tasks to queue
[2024-11-13T19:47:06.542+0000] {logging_mixin.py:190} INFO - [2024-11-13T19:47:06.542+0000] {dagbag.py:588} INFO - Filling up the DagBag from /home/airflow/.local/lib/python3.12/site-packages/airflow/example_dags/example_nested_branch_dag.py
[2024-11-13T19:47:06.550+0000] {processor.py:925} INFO - DAG(s) 'example_nested_branch_dag' retrieved from /home/airflow/.local/lib/python3.12/site-packages/airflow/example_dags/example_nested_branch_dag.py
[2024-11-13T19:47:06.568+0000] {logging_mixin.py:190} INFO - [2024-11-13T19:47:06.568+0000] {dag.py:3239} INFO - Sync 1 DAGs
[2024-11-13T19:47:06.586+0000] {logging_mixin.py:190} INFO - [2024-11-13T19:47:06.586+0000] {dag.py:4180} INFO - Setting next_dagrun for example_nested_branch_dag to 2024-11-12 00:00:00+00:00, run_after=2024-11-13 00:00:00+00:00
[2024-11-13T19:47:06.601+0000] {processor.py:208} INFO - Processing /home/airflow/.local/lib/python3.12/site-packages/airflow/example_dags/example_nested_branch_dag.py took 0.067 seconds
[2024-11-13T19:47:36.706+0000] {processor.py:186} INFO - Started process (PID=3107) to work on /home/airflow/.local/lib/python3.12/site-packages/airflow/example_dags/example_nested_branch_dag.py
[2024-11-13T19:47:36.707+0000] {processor.py:914} INFO - Processing file /home/airflow/.local/lib/python3.12/site-packages/airflow/example_dags/example_nested_branch_dag.py for tasks to queue
[2024-11-13T19:47:36.709+0000] {logging_mixin.py:190} INFO - [2024-11-13T19:47:36.709+0000] {dagbag.py:588} INFO - Filling up the DagBag from /home/airflow/.local/lib/python3.12/site-packages/airflow/example_dags/example_nested_branch_dag.py
[2024-11-13T19:47:36.719+0000] {processor.py:925} INFO - DAG(s) 'example_nested_branch_dag' retrieved from /home/airflow/.local/lib/python3.12/site-packages/airflow/example_dags/example_nested_branch_dag.py
[2024-11-13T19:47:36.734+0000] {logging_mixin.py:190} INFO - [2024-11-13T19:47:36.734+0000] {dag.py:3239} INFO - Sync 1 DAGs
[2024-11-13T19:47:36.751+0000] {logging_mixin.py:190} INFO - [2024-11-13T19:47:36.751+0000] {dag.py:4180} INFO - Setting next_dagrun for example_nested_branch_dag to 2024-11-12 00:00:00+00:00, run_after=2024-11-13 00:00:00+00:00
[2024-11-13T19:47:36.765+0000] {processor.py:208} INFO - Processing /home/airflow/.local/lib/python3.12/site-packages/airflow/example_dags/example_nested_branch_dag.py took 0.064 seconds
[2024-11-13T19:48:08.038+0000] {processor.py:186} INFO - Started process (PID=3170) to work on /home/airflow/.local/lib/python3.12/site-packages/airflow/example_dags/example_nested_branch_dag.py
[2024-11-13T19:48:08.039+0000] {processor.py:914} INFO - Processing file /home/airflow/.local/lib/python3.12/site-packages/airflow/example_dags/example_nested_branch_dag.py for tasks to queue
[2024-11-13T19:48:08.041+0000] {logging_mixin.py:190} INFO - [2024-11-13T19:48:08.041+0000] {dagbag.py:588} INFO - Filling up the DagBag from /home/airflow/.local/lib/python3.12/site-packages/airflow/example_dags/example_nested_branch_dag.py
[2024-11-13T19:48:08.050+0000] {processor.py:925} INFO - DAG(s) 'example_nested_branch_dag' retrieved from /home/airflow/.local/lib/python3.12/site-packages/airflow/example_dags/example_nested_branch_dag.py
[2024-11-13T19:48:08.066+0000] {logging_mixin.py:190} INFO - [2024-11-13T19:48:08.066+0000] {dag.py:3239} INFO - Sync 1 DAGs
[2024-11-13T19:48:08.083+0000] {logging_mixin.py:190} INFO - [2024-11-13T19:48:08.083+0000] {dag.py:4180} INFO - Setting next_dagrun for example_nested_branch_dag to 2024-11-12 00:00:00+00:00, run_after=2024-11-13 00:00:00+00:00
[2024-11-13T19:48:08.096+0000] {processor.py:208} INFO - Processing /home/airflow/.local/lib/python3.12/site-packages/airflow/example_dags/example_nested_branch_dag.py took 0.062 seconds
[2024-11-13T19:48:38.428+0000] {processor.py:186} INFO - Started process (PID=3233) to work on /home/airflow/.local/lib/python3.12/site-packages/airflow/example_dags/example_nested_branch_dag.py
[2024-11-13T19:48:38.429+0000] {processor.py:914} INFO - Processing file /home/airflow/.local/lib/python3.12/site-packages/airflow/example_dags/example_nested_branch_dag.py for tasks to queue
[2024-11-13T19:48:38.431+0000] {logging_mixin.py:190} INFO - [2024-11-13T19:48:38.431+0000] {dagbag.py:588} INFO - Filling up the DagBag from /home/airflow/.local/lib/python3.12/site-packages/airflow/example_dags/example_nested_branch_dag.py
[2024-11-13T19:48:38.440+0000] {processor.py:925} INFO - DAG(s) 'example_nested_branch_dag' retrieved from /home/airflow/.local/lib/python3.12/site-packages/airflow/example_dags/example_nested_branch_dag.py
[2024-11-13T19:48:38.457+0000] {logging_mixin.py:190} INFO - [2024-11-13T19:48:38.457+0000] {dag.py:3239} INFO - Sync 1 DAGs
[2024-11-13T19:48:38.474+0000] {logging_mixin.py:190} INFO - [2024-11-13T19:48:38.474+0000] {dag.py:4180} INFO - Setting next_dagrun for example_nested_branch_dag to 2024-11-12 00:00:00+00:00, run_after=2024-11-13 00:00:00+00:00
[2024-11-13T19:48:38.488+0000] {processor.py:208} INFO - Processing /home/airflow/.local/lib/python3.12/site-packages/airflow/example_dags/example_nested_branch_dag.py took 0.064 seconds
[2024-11-13T19:49:09.333+0000] {processor.py:186} INFO - Started process (PID=3296) to work on /home/airflow/.local/lib/python3.12/site-packages/airflow/example_dags/example_nested_branch_dag.py
[2024-11-13T19:49:09.334+0000] {processor.py:914} INFO - Processing file /home/airflow/.local/lib/python3.12/site-packages/airflow/example_dags/example_nested_branch_dag.py for tasks to queue
[2024-11-13T19:49:09.336+0000] {logging_mixin.py:190} INFO - [2024-11-13T19:49:09.336+0000] {dagbag.py:588} INFO - Filling up the DagBag from /home/airflow/.local/lib/python3.12/site-packages/airflow/example_dags/example_nested_branch_dag.py
[2024-11-13T19:49:09.345+0000] {processor.py:925} INFO - DAG(s) 'example_nested_branch_dag' retrieved from /home/airflow/.local/lib/python3.12/site-packages/airflow/example_dags/example_nested_branch_dag.py
[2024-11-13T19:49:09.361+0000] {logging_mixin.py:190} INFO - [2024-11-13T19:49:09.361+0000] {dag.py:3239} INFO - Sync 1 DAGs
[2024-11-13T19:49:09.378+0000] {logging_mixin.py:190} INFO - [2024-11-13T19:49:09.378+0000] {dag.py:4180} INFO - Setting next_dagrun for example_nested_branch_dag to 2024-11-12 00:00:00+00:00, run_after=2024-11-13 00:00:00+00:00
[2024-11-13T19:49:09.392+0000] {processor.py:208} INFO - Processing /home/airflow/.local/lib/python3.12/site-packages/airflow/example_dags/example_nested_branch_dag.py took 0.063 seconds
[2024-11-13T19:49:40.266+0000] {processor.py:186} INFO - Started process (PID=3359) to work on /home/airflow/.local/lib/python3.12/site-packages/airflow/example_dags/example_nested_branch_dag.py
[2024-11-13T19:49:40.267+0000] {processor.py:914} INFO - Processing file /home/airflow/.local/lib/python3.12/site-packages/airflow/example_dags/example_nested_branch_dag.py for tasks to queue
[2024-11-13T19:49:40.269+0000] {logging_mixin.py:190} INFO - [2024-11-13T19:49:40.269+0000] {dagbag.py:588} INFO - Filling up the DagBag from /home/airflow/.local/lib/python3.12/site-packages/airflow/example_dags/example_nested_branch_dag.py
[2024-11-13T19:49:40.278+0000] {processor.py:925} INFO - DAG(s) 'example_nested_branch_dag' retrieved from /home/airflow/.local/lib/python3.12/site-packages/airflow/example_dags/example_nested_branch_dag.py
[2024-11-13T19:49:40.295+0000] {logging_mixin.py:190} INFO - [2024-11-13T19:49:40.295+0000] {dag.py:3239} INFO - Sync 1 DAGs
[2024-11-13T19:49:40.312+0000] {logging_mixin.py:190} INFO - [2024-11-13T19:49:40.312+0000] {dag.py:4180} INFO - Setting next_dagrun for example_nested_branch_dag to 2024-11-12 00:00:00+00:00, run_after=2024-11-13 00:00:00+00:00
[2024-11-13T19:49:40.326+0000] {processor.py:208} INFO - Processing /home/airflow/.local/lib/python3.12/site-packages/airflow/example_dags/example_nested_branch_dag.py took 0.064 seconds
[2024-11-13T19:50:11.270+0000] {processor.py:186} INFO - Started process (PID=3422) to work on /home/airflow/.local/lib/python3.12/site-packages/airflow/example_dags/example_nested_branch_dag.py
[2024-11-13T19:50:11.271+0000] {processor.py:914} INFO - Processing file /home/airflow/.local/lib/python3.12/site-packages/airflow/example_dags/example_nested_branch_dag.py for tasks to queue
[2024-11-13T19:50:11.274+0000] {logging_mixin.py:190} INFO - [2024-11-13T19:50:11.273+0000] {dagbag.py:588} INFO - Filling up the DagBag from /home/airflow/.local/lib/python3.12/site-packages/airflow/example_dags/example_nested_branch_dag.py
[2024-11-13T19:50:11.283+0000] {processor.py:925} INFO - DAG(s) 'example_nested_branch_dag' retrieved from /home/airflow/.local/lib/python3.12/site-packages/airflow/example_dags/example_nested_branch_dag.py
[2024-11-13T19:50:11.300+0000] {logging_mixin.py:190} INFO - [2024-11-13T19:50:11.300+0000] {dag.py:3239} INFO - Sync 1 DAGs
[2024-11-13T19:50:11.316+0000] {logging_mixin.py:190} INFO - [2024-11-13T19:50:11.316+0000] {dag.py:4180} INFO - Setting next_dagrun for example_nested_branch_dag to 2024-11-12 00:00:00+00:00, run_after=2024-11-13 00:00:00+00:00
[2024-11-13T19:50:11.330+0000] {processor.py:208} INFO - Processing /home/airflow/.local/lib/python3.12/site-packages/airflow/example_dags/example_nested_branch_dag.py took 0.065 seconds
[2024-11-13T19:50:41.549+0000] {processor.py:186} INFO - Started process (PID=3485) to work on /home/airflow/.local/lib/python3.12/site-packages/airflow/example_dags/example_nested_branch_dag.py
[2024-11-13T19:50:41.550+0000] {processor.py:914} INFO - Processing file /home/airflow/.local/lib/python3.12/site-packages/airflow/example_dags/example_nested_branch_dag.py for tasks to queue
[2024-11-13T19:50:41.552+0000] {logging_mixin.py:190} INFO - [2024-11-13T19:50:41.551+0000] {dagbag.py:588} INFO - Filling up the DagBag from /home/airflow/.local/lib/python3.12/site-packages/airflow/example_dags/example_nested_branch_dag.py
[2024-11-13T19:50:41.560+0000] {processor.py:925} INFO - DAG(s) 'example_nested_branch_dag' retrieved from /home/airflow/.local/lib/python3.12/site-packages/airflow/example_dags/example_nested_branch_dag.py
[2024-11-13T19:50:41.576+0000] {logging_mixin.py:190} INFO - [2024-11-13T19:50:41.576+0000] {dag.py:3239} INFO - Sync 1 DAGs
[2024-11-13T19:50:41.595+0000] {logging_mixin.py:190} INFO - [2024-11-13T19:50:41.595+0000] {dag.py:4180} INFO - Setting next_dagrun for example_nested_branch_dag to 2024-11-12 00:00:00+00:00, run_after=2024-11-13 00:00:00+00:00
[2024-11-13T19:50:41.609+0000] {processor.py:208} INFO - Processing /home/airflow/.local/lib/python3.12/site-packages/airflow/example_dags/example_nested_branch_dag.py took 0.064 seconds
[2024-11-13T19:51:11.811+0000] {processor.py:186} INFO - Started process (PID=3548) to work on /home/airflow/.local/lib/python3.12/site-packages/airflow/example_dags/example_nested_branch_dag.py
[2024-11-13T19:51:11.812+0000] {processor.py:914} INFO - Processing file /home/airflow/.local/lib/python3.12/site-packages/airflow/example_dags/example_nested_branch_dag.py for tasks to queue
[2024-11-13T19:51:11.814+0000] {logging_mixin.py:190} INFO - [2024-11-13T19:51:11.813+0000] {dagbag.py:588} INFO - Filling up the DagBag from /home/airflow/.local/lib/python3.12/site-packages/airflow/example_dags/example_nested_branch_dag.py
[2024-11-13T19:51:11.823+0000] {processor.py:925} INFO - DAG(s) 'example_nested_branch_dag' retrieved from /home/airflow/.local/lib/python3.12/site-packages/airflow/example_dags/example_nested_branch_dag.py
[2024-11-13T19:51:11.839+0000] {logging_mixin.py:190} INFO - [2024-11-13T19:51:11.839+0000] {dag.py:3239} INFO - Sync 1 DAGs
[2024-11-13T19:51:11.858+0000] {logging_mixin.py:190} INFO - [2024-11-13T19:51:11.857+0000] {dag.py:4180} INFO - Setting next_dagrun for example_nested_branch_dag to 2024-11-12 00:00:00+00:00, run_after=2024-11-13 00:00:00+00:00
[2024-11-13T19:51:11.871+0000] {processor.py:208} INFO - Processing /home/airflow/.local/lib/python3.12/site-packages/airflow/example_dags/example_nested_branch_dag.py took 0.065 seconds
[2024-11-13T19:51:41.913+0000] {processor.py:186} INFO - Started process (PID=3611) to work on /home/airflow/.local/lib/python3.12/site-packages/airflow/example_dags/example_nested_branch_dag.py
[2024-11-13T19:51:41.914+0000] {processor.py:914} INFO - Processing file /home/airflow/.local/lib/python3.12/site-packages/airflow/example_dags/example_nested_branch_dag.py for tasks to queue
[2024-11-13T19:51:41.916+0000] {logging_mixin.py:190} INFO - [2024-11-13T19:51:41.916+0000] {dagbag.py:588} INFO - Filling up the DagBag from /home/airflow/.local/lib/python3.12/site-packages/airflow/example_dags/example_nested_branch_dag.py
[2024-11-13T19:51:41.925+0000] {processor.py:925} INFO - DAG(s) 'example_nested_branch_dag' retrieved from /home/airflow/.local/lib/python3.12/site-packages/airflow/example_dags/example_nested_branch_dag.py
[2024-11-13T19:51:41.941+0000] {logging_mixin.py:190} INFO - [2024-11-13T19:51:41.941+0000] {dag.py:3239} INFO - Sync 1 DAGs
[2024-11-13T19:51:41.958+0000] {logging_mixin.py:190} INFO - [2024-11-13T19:51:41.957+0000] {dag.py:4180} INFO - Setting next_dagrun for example_nested_branch_dag to 2024-11-12 00:00:00+00:00, run_after=2024-11-13 00:00:00+00:00
[2024-11-13T19:51:41.971+0000] {processor.py:208} INFO - Processing /home/airflow/.local/lib/python3.12/site-packages/airflow/example_dags/example_nested_branch_dag.py took 0.062 seconds
[2024-11-13T19:52:12.898+0000] {processor.py:186} INFO - Started process (PID=3673) to work on /home/airflow/.local/lib/python3.12/site-packages/airflow/example_dags/example_nested_branch_dag.py
[2024-11-13T19:52:12.899+0000] {processor.py:914} INFO - Processing file /home/airflow/.local/lib/python3.12/site-packages/airflow/example_dags/example_nested_branch_dag.py for tasks to queue
[2024-11-13T19:52:12.900+0000] {logging_mixin.py:190} INFO - [2024-11-13T19:52:12.900+0000] {dagbag.py:588} INFO - Filling up the DagBag from /home/airflow/.local/lib/python3.12/site-packages/airflow/example_dags/example_nested_branch_dag.py
[2024-11-13T19:52:12.909+0000] {processor.py:925} INFO - DAG(s) 'example_nested_branch_dag' retrieved from /home/airflow/.local/lib/python3.12/site-packages/airflow/example_dags/example_nested_branch_dag.py
[2024-11-13T19:52:12.923+0000] {logging_mixin.py:190} INFO - [2024-11-13T19:52:12.923+0000] {dag.py:3239} INFO - Sync 1 DAGs
[2024-11-13T19:52:12.939+0000] {logging_mixin.py:190} INFO - [2024-11-13T19:52:12.939+0000] {dag.py:4180} INFO - Setting next_dagrun for example_nested_branch_dag to 2024-11-12 00:00:00+00:00, run_after=2024-11-13 00:00:00+00:00
[2024-11-13T19:52:12.952+0000] {processor.py:208} INFO - Processing /home/airflow/.local/lib/python3.12/site-packages/airflow/example_dags/example_nested_branch_dag.py took 0.058 seconds
