[2024-11-13T19:23:15.363+0000] {processor.py:186} INFO - Started process (PID=66) to work on /home/airflow/.local/lib/python3.12/site-packages/airflow/example_dags/example_branch_labels.py
[2024-11-13T19:23:15.364+0000] {processor.py:914} INFO - Processing file /home/airflow/.local/lib/python3.12/site-packages/airflow/example_dags/example_branch_labels.py for tasks to queue
[2024-11-13T19:23:15.366+0000] {logging_mixin.py:190} INFO - [2024-11-13T19:23:15.366+0000] {dagbag.py:588} INFO - Filling up the DagBag from /home/airflow/.local/lib/python3.12/site-packages/airflow/example_dags/example_branch_labels.py
[2024-11-13T19:23:15.374+0000] {processor.py:925} INFO - DAG(s) 'example_branch_labels' retrieved from /home/airflow/.local/lib/python3.12/site-packages/airflow/example_dags/example_branch_labels.py
[2024-11-13T19:23:15.452+0000] {logging_mixin.py:190} INFO - [2024-11-13T19:23:15.451+0000] {override.py:1911} INFO - Created Permission View: can edit on DAG:example_branch_labels
[2024-11-13T19:23:15.460+0000] {logging_mixin.py:190} INFO - [2024-11-13T19:23:15.460+0000] {override.py:1911} INFO - Created Permission View: can read on DAG:example_branch_labels
[2024-11-13T19:23:15.466+0000] {logging_mixin.py:190} INFO - [2024-11-13T19:23:15.466+0000] {override.py:1911} INFO - Created Permission View: can delete on DAG:example_branch_labels
[2024-11-13T19:23:15.472+0000] {logging_mixin.py:190} INFO - [2024-11-13T19:23:15.472+0000] {override.py:1911} INFO - Created Permission View: can delete on DAG Run:example_branch_labels
[2024-11-13T19:23:15.478+0000] {logging_mixin.py:190} INFO - [2024-11-13T19:23:15.477+0000] {override.py:1911} INFO - Created Permission View: can read on DAG Run:example_branch_labels
[2024-11-13T19:23:15.483+0000] {logging_mixin.py:190} INFO - [2024-11-13T19:23:15.482+0000] {override.py:1911} INFO - Created Permission View: menu access on DAG Run:example_branch_labels
[2024-11-13T19:23:15.488+0000] {logging_mixin.py:190} INFO - [2024-11-13T19:23:15.488+0000] {override.py:1911} INFO - Created Permission View: can create on DAG Run:example_branch_labels
[2024-11-13T19:23:15.488+0000] {logging_mixin.py:190} INFO - [2024-11-13T19:23:15.488+0000] {dag.py:3239} INFO - Sync 1 DAGs
[2024-11-13T19:23:15.499+0000] {logging_mixin.py:190} INFO - [2024-11-13T19:23:15.498+0000] {dag.py:3262} INFO - Creating ORM DAG for example_branch_labels
[2024-11-13T19:23:15.508+0000] {logging_mixin.py:190} INFO - [2024-11-13T19:23:15.507+0000] {dag.py:4180} INFO - Setting next_dagrun for example_branch_labels to 2024-11-12 00:00:00+00:00, run_after=2024-11-13 00:00:00+00:00
[2024-11-13T19:23:15.519+0000] {processor.py:208} INFO - Processing /home/airflow/.local/lib/python3.12/site-packages/airflow/example_dags/example_branch_labels.py took 0.160 seconds
[2024-11-13T19:23:45.748+0000] {processor.py:186} INFO - Started process (PID=129) to work on /home/airflow/.local/lib/python3.12/site-packages/airflow/example_dags/example_branch_labels.py
[2024-11-13T19:23:45.748+0000] {processor.py:914} INFO - Processing file /home/airflow/.local/lib/python3.12/site-packages/airflow/example_dags/example_branch_labels.py for tasks to queue
[2024-11-13T19:23:45.750+0000] {logging_mixin.py:190} INFO - [2024-11-13T19:23:45.750+0000] {dagbag.py:588} INFO - Filling up the DagBag from /home/airflow/.local/lib/python3.12/site-packages/airflow/example_dags/example_branch_labels.py
[2024-11-13T19:23:45.756+0000] {processor.py:925} INFO - DAG(s) 'example_branch_labels' retrieved from /home/airflow/.local/lib/python3.12/site-packages/airflow/example_dags/example_branch_labels.py
[2024-11-13T19:23:45.770+0000] {logging_mixin.py:190} INFO - [2024-11-13T19:23:45.770+0000] {dag.py:3239} INFO - Sync 1 DAGs
[2024-11-13T19:23:45.785+0000] {logging_mixin.py:190} INFO - [2024-11-13T19:23:45.785+0000] {dag.py:4180} INFO - Setting next_dagrun for example_branch_labels to 2024-11-12 00:00:00+00:00, run_after=2024-11-13 00:00:00+00:00
[2024-11-13T19:23:45.797+0000] {processor.py:208} INFO - Processing /home/airflow/.local/lib/python3.12/site-packages/airflow/example_dags/example_branch_labels.py took 0.053 seconds
[2024-11-13T19:24:15.959+0000] {processor.py:186} INFO - Started process (PID=192) to work on /home/airflow/.local/lib/python3.12/site-packages/airflow/example_dags/example_branch_labels.py
[2024-11-13T19:24:15.960+0000] {processor.py:914} INFO - Processing file /home/airflow/.local/lib/python3.12/site-packages/airflow/example_dags/example_branch_labels.py for tasks to queue
[2024-11-13T19:24:15.962+0000] {logging_mixin.py:190} INFO - [2024-11-13T19:24:15.961+0000] {dagbag.py:588} INFO - Filling up the DagBag from /home/airflow/.local/lib/python3.12/site-packages/airflow/example_dags/example_branch_labels.py
[2024-11-13T19:24:15.969+0000] {processor.py:925} INFO - DAG(s) 'example_branch_labels' retrieved from /home/airflow/.local/lib/python3.12/site-packages/airflow/example_dags/example_branch_labels.py
[2024-11-13T19:24:15.984+0000] {logging_mixin.py:190} INFO - [2024-11-13T19:24:15.984+0000] {dag.py:3239} INFO - Sync 1 DAGs
[2024-11-13T19:24:16.002+0000] {logging_mixin.py:190} INFO - [2024-11-13T19:24:16.002+0000] {dag.py:4180} INFO - Setting next_dagrun for example_branch_labels to 2024-11-12 00:00:00+00:00, run_after=2024-11-13 00:00:00+00:00
[2024-11-13T19:24:16.014+0000] {processor.py:208} INFO - Processing /home/airflow/.local/lib/python3.12/site-packages/airflow/example_dags/example_branch_labels.py took 0.059 seconds
[2024-11-13T19:24:46.172+0000] {processor.py:186} INFO - Started process (PID=255) to work on /home/airflow/.local/lib/python3.12/site-packages/airflow/example_dags/example_branch_labels.py
[2024-11-13T19:24:46.173+0000] {processor.py:914} INFO - Processing file /home/airflow/.local/lib/python3.12/site-packages/airflow/example_dags/example_branch_labels.py for tasks to queue
[2024-11-13T19:24:46.174+0000] {logging_mixin.py:190} INFO - [2024-11-13T19:24:46.174+0000] {dagbag.py:588} INFO - Filling up the DagBag from /home/airflow/.local/lib/python3.12/site-packages/airflow/example_dags/example_branch_labels.py
[2024-11-13T19:24:46.181+0000] {processor.py:925} INFO - DAG(s) 'example_branch_labels' retrieved from /home/airflow/.local/lib/python3.12/site-packages/airflow/example_dags/example_branch_labels.py
[2024-11-13T19:24:46.196+0000] {logging_mixin.py:190} INFO - [2024-11-13T19:24:46.196+0000] {dag.py:3239} INFO - Sync 1 DAGs
[2024-11-13T19:24:46.213+0000] {logging_mixin.py:190} INFO - [2024-11-13T19:24:46.213+0000] {dag.py:4180} INFO - Setting next_dagrun for example_branch_labels to 2024-11-12 00:00:00+00:00, run_after=2024-11-13 00:00:00+00:00
[2024-11-13T19:24:46.226+0000] {processor.py:208} INFO - Processing /home/airflow/.local/lib/python3.12/site-packages/airflow/example_dags/example_branch_labels.py took 0.059 seconds
[2024-11-13T19:25:16.543+0000] {processor.py:186} INFO - Started process (PID=318) to work on /home/airflow/.local/lib/python3.12/site-packages/airflow/example_dags/example_branch_labels.py
[2024-11-13T19:25:16.544+0000] {processor.py:914} INFO - Processing file /home/airflow/.local/lib/python3.12/site-packages/airflow/example_dags/example_branch_labels.py for tasks to queue
[2024-11-13T19:25:16.545+0000] {logging_mixin.py:190} INFO - [2024-11-13T19:25:16.545+0000] {dagbag.py:588} INFO - Filling up the DagBag from /home/airflow/.local/lib/python3.12/site-packages/airflow/example_dags/example_branch_labels.py
[2024-11-13T19:25:16.552+0000] {processor.py:925} INFO - DAG(s) 'example_branch_labels' retrieved from /home/airflow/.local/lib/python3.12/site-packages/airflow/example_dags/example_branch_labels.py
[2024-11-13T19:25:16.568+0000] {logging_mixin.py:190} INFO - [2024-11-13T19:25:16.567+0000] {dag.py:3239} INFO - Sync 1 DAGs
[2024-11-13T19:25:16.587+0000] {logging_mixin.py:190} INFO - [2024-11-13T19:25:16.587+0000] {dag.py:4180} INFO - Setting next_dagrun for example_branch_labels to 2024-11-12 00:00:00+00:00, run_after=2024-11-13 00:00:00+00:00
[2024-11-13T19:25:16.604+0000] {processor.py:208} INFO - Processing /home/airflow/.local/lib/python3.12/site-packages/airflow/example_dags/example_branch_labels.py took 0.065 seconds
[2024-11-13T19:25:46.792+0000] {processor.py:186} INFO - Started process (PID=381) to work on /home/airflow/.local/lib/python3.12/site-packages/airflow/example_dags/example_branch_labels.py
[2024-11-13T19:25:46.793+0000] {processor.py:914} INFO - Processing file /home/airflow/.local/lib/python3.12/site-packages/airflow/example_dags/example_branch_labels.py for tasks to queue
[2024-11-13T19:25:46.794+0000] {logging_mixin.py:190} INFO - [2024-11-13T19:25:46.794+0000] {dagbag.py:588} INFO - Filling up the DagBag from /home/airflow/.local/lib/python3.12/site-packages/airflow/example_dags/example_branch_labels.py
[2024-11-13T19:25:46.801+0000] {processor.py:925} INFO - DAG(s) 'example_branch_labels' retrieved from /home/airflow/.local/lib/python3.12/site-packages/airflow/example_dags/example_branch_labels.py
[2024-11-13T19:25:46.815+0000] {logging_mixin.py:190} INFO - [2024-11-13T19:25:46.815+0000] {dag.py:3239} INFO - Sync 1 DAGs
[2024-11-13T19:25:46.831+0000] {logging_mixin.py:190} INFO - [2024-11-13T19:25:46.831+0000] {dag.py:4180} INFO - Setting next_dagrun for example_branch_labels to 2024-11-12 00:00:00+00:00, run_after=2024-11-13 00:00:00+00:00
[2024-11-13T19:25:46.844+0000] {processor.py:208} INFO - Processing /home/airflow/.local/lib/python3.12/site-packages/airflow/example_dags/example_branch_labels.py took 0.055 seconds
[2024-11-13T19:26:16.991+0000] {processor.py:186} INFO - Started process (PID=444) to work on /home/airflow/.local/lib/python3.12/site-packages/airflow/example_dags/example_branch_labels.py
[2024-11-13T19:26:16.991+0000] {processor.py:914} INFO - Processing file /home/airflow/.local/lib/python3.12/site-packages/airflow/example_dags/example_branch_labels.py for tasks to queue
[2024-11-13T19:26:16.993+0000] {logging_mixin.py:190} INFO - [2024-11-13T19:26:16.993+0000] {dagbag.py:588} INFO - Filling up the DagBag from /home/airflow/.local/lib/python3.12/site-packages/airflow/example_dags/example_branch_labels.py
[2024-11-13T19:26:17.001+0000] {processor.py:925} INFO - DAG(s) 'example_branch_labels' retrieved from /home/airflow/.local/lib/python3.12/site-packages/airflow/example_dags/example_branch_labels.py
[2024-11-13T19:26:17.015+0000] {logging_mixin.py:190} INFO - [2024-11-13T19:26:17.014+0000] {dag.py:3239} INFO - Sync 1 DAGs
[2024-11-13T19:26:17.030+0000] {logging_mixin.py:190} INFO - [2024-11-13T19:26:17.030+0000] {dag.py:4180} INFO - Setting next_dagrun for example_branch_labels to 2024-11-12 00:00:00+00:00, run_after=2024-11-13 00:00:00+00:00
[2024-11-13T19:26:17.043+0000] {processor.py:208} INFO - Processing /home/airflow/.local/lib/python3.12/site-packages/airflow/example_dags/example_branch_labels.py took 0.056 seconds
[2024-11-13T19:26:47.236+0000] {processor.py:186} INFO - Started process (PID=507) to work on /home/airflow/.local/lib/python3.12/site-packages/airflow/example_dags/example_branch_labels.py
[2024-11-13T19:26:47.236+0000] {processor.py:914} INFO - Processing file /home/airflow/.local/lib/python3.12/site-packages/airflow/example_dags/example_branch_labels.py for tasks to queue
[2024-11-13T19:26:47.238+0000] {logging_mixin.py:190} INFO - [2024-11-13T19:26:47.238+0000] {dagbag.py:588} INFO - Filling up the DagBag from /home/airflow/.local/lib/python3.12/site-packages/airflow/example_dags/example_branch_labels.py
[2024-11-13T19:26:47.245+0000] {processor.py:925} INFO - DAG(s) 'example_branch_labels' retrieved from /home/airflow/.local/lib/python3.12/site-packages/airflow/example_dags/example_branch_labels.py
[2024-11-13T19:26:47.259+0000] {logging_mixin.py:190} INFO - [2024-11-13T19:26:47.259+0000] {dag.py:3239} INFO - Sync 1 DAGs
[2024-11-13T19:26:47.275+0000] {logging_mixin.py:190} INFO - [2024-11-13T19:26:47.274+0000] {dag.py:4180} INFO - Setting next_dagrun for example_branch_labels to 2024-11-12 00:00:00+00:00, run_after=2024-11-13 00:00:00+00:00
[2024-11-13T19:26:47.287+0000] {processor.py:208} INFO - Processing /home/airflow/.local/lib/python3.12/site-packages/airflow/example_dags/example_branch_labels.py took 0.055 seconds
[2024-11-13T19:27:17.572+0000] {processor.py:186} INFO - Started process (PID=570) to work on /home/airflow/.local/lib/python3.12/site-packages/airflow/example_dags/example_branch_labels.py
[2024-11-13T19:27:17.572+0000] {processor.py:914} INFO - Processing file /home/airflow/.local/lib/python3.12/site-packages/airflow/example_dags/example_branch_labels.py for tasks to queue
[2024-11-13T19:27:17.574+0000] {logging_mixin.py:190} INFO - [2024-11-13T19:27:17.574+0000] {dagbag.py:588} INFO - Filling up the DagBag from /home/airflow/.local/lib/python3.12/site-packages/airflow/example_dags/example_branch_labels.py
[2024-11-13T19:27:17.581+0000] {processor.py:925} INFO - DAG(s) 'example_branch_labels' retrieved from /home/airflow/.local/lib/python3.12/site-packages/airflow/example_dags/example_branch_labels.py
[2024-11-13T19:27:17.594+0000] {logging_mixin.py:190} INFO - [2024-11-13T19:27:17.594+0000] {dag.py:3239} INFO - Sync 1 DAGs
[2024-11-13T19:27:17.610+0000] {logging_mixin.py:190} INFO - [2024-11-13T19:27:17.610+0000] {dag.py:4180} INFO - Setting next_dagrun for example_branch_labels to 2024-11-12 00:00:00+00:00, run_after=2024-11-13 00:00:00+00:00
[2024-11-13T19:27:17.623+0000] {processor.py:208} INFO - Processing /home/airflow/.local/lib/python3.12/site-packages/airflow/example_dags/example_branch_labels.py took 0.055 seconds
[2024-11-13T19:27:47.753+0000] {processor.py:186} INFO - Started process (PID=633) to work on /home/airflow/.local/lib/python3.12/site-packages/airflow/example_dags/example_branch_labels.py
[2024-11-13T19:27:47.754+0000] {processor.py:914} INFO - Processing file /home/airflow/.local/lib/python3.12/site-packages/airflow/example_dags/example_branch_labels.py for tasks to queue
[2024-11-13T19:27:47.755+0000] {logging_mixin.py:190} INFO - [2024-11-13T19:27:47.755+0000] {dagbag.py:588} INFO - Filling up the DagBag from /home/airflow/.local/lib/python3.12/site-packages/airflow/example_dags/example_branch_labels.py
[2024-11-13T19:27:47.762+0000] {processor.py:925} INFO - DAG(s) 'example_branch_labels' retrieved from /home/airflow/.local/lib/python3.12/site-packages/airflow/example_dags/example_branch_labels.py
[2024-11-13T19:27:47.779+0000] {logging_mixin.py:190} INFO - [2024-11-13T19:27:47.778+0000] {dag.py:3239} INFO - Sync 1 DAGs
[2024-11-13T19:27:47.796+0000] {logging_mixin.py:190} INFO - [2024-11-13T19:27:47.796+0000] {dag.py:4180} INFO - Setting next_dagrun for example_branch_labels to 2024-11-12 00:00:00+00:00, run_after=2024-11-13 00:00:00+00:00
[2024-11-13T19:27:47.809+0000] {processor.py:208} INFO - Processing /home/airflow/.local/lib/python3.12/site-packages/airflow/example_dags/example_branch_labels.py took 0.060 seconds
[2024-11-13T19:28:18.240+0000] {processor.py:186} INFO - Started process (PID=696) to work on /home/airflow/.local/lib/python3.12/site-packages/airflow/example_dags/example_branch_labels.py
[2024-11-13T19:28:18.241+0000] {processor.py:914} INFO - Processing file /home/airflow/.local/lib/python3.12/site-packages/airflow/example_dags/example_branch_labels.py for tasks to queue
[2024-11-13T19:28:18.242+0000] {logging_mixin.py:190} INFO - [2024-11-13T19:28:18.242+0000] {dagbag.py:588} INFO - Filling up the DagBag from /home/airflow/.local/lib/python3.12/site-packages/airflow/example_dags/example_branch_labels.py
[2024-11-13T19:28:18.249+0000] {processor.py:925} INFO - DAG(s) 'example_branch_labels' retrieved from /home/airflow/.local/lib/python3.12/site-packages/airflow/example_dags/example_branch_labels.py
[2024-11-13T19:28:18.264+0000] {logging_mixin.py:190} INFO - [2024-11-13T19:28:18.263+0000] {dag.py:3239} INFO - Sync 1 DAGs
[2024-11-13T19:28:18.279+0000] {logging_mixin.py:190} INFO - [2024-11-13T19:28:18.279+0000] {dag.py:4180} INFO - Setting next_dagrun for example_branch_labels to 2024-11-12 00:00:00+00:00, run_after=2024-11-13 00:00:00+00:00
[2024-11-13T19:28:18.293+0000] {processor.py:208} INFO - Processing /home/airflow/.local/lib/python3.12/site-packages/airflow/example_dags/example_branch_labels.py took 0.056 seconds
[2024-11-13T19:28:48.792+0000] {processor.py:186} INFO - Started process (PID=759) to work on /home/airflow/.local/lib/python3.12/site-packages/airflow/example_dags/example_branch_labels.py
[2024-11-13T19:28:48.793+0000] {processor.py:914} INFO - Processing file /home/airflow/.local/lib/python3.12/site-packages/airflow/example_dags/example_branch_labels.py for tasks to queue
[2024-11-13T19:28:48.795+0000] {logging_mixin.py:190} INFO - [2024-11-13T19:28:48.795+0000] {dagbag.py:588} INFO - Filling up the DagBag from /home/airflow/.local/lib/python3.12/site-packages/airflow/example_dags/example_branch_labels.py
[2024-11-13T19:28:48.802+0000] {processor.py:925} INFO - DAG(s) 'example_branch_labels' retrieved from /home/airflow/.local/lib/python3.12/site-packages/airflow/example_dags/example_branch_labels.py
[2024-11-13T19:28:48.816+0000] {logging_mixin.py:190} INFO - [2024-11-13T19:28:48.816+0000] {dag.py:3239} INFO - Sync 1 DAGs
[2024-11-13T19:28:48.832+0000] {logging_mixin.py:190} INFO - [2024-11-13T19:28:48.832+0000] {dag.py:4180} INFO - Setting next_dagrun for example_branch_labels to 2024-11-12 00:00:00+00:00, run_after=2024-11-13 00:00:00+00:00
[2024-11-13T19:28:48.846+0000] {processor.py:208} INFO - Processing /home/airflow/.local/lib/python3.12/site-packages/airflow/example_dags/example_branch_labels.py took 0.057 seconds
[2024-11-13T19:29:19.006+0000] {processor.py:186} INFO - Started process (PID=822) to work on /home/airflow/.local/lib/python3.12/site-packages/airflow/example_dags/example_branch_labels.py
[2024-11-13T19:29:19.007+0000] {processor.py:914} INFO - Processing file /home/airflow/.local/lib/python3.12/site-packages/airflow/example_dags/example_branch_labels.py for tasks to queue
[2024-11-13T19:29:19.008+0000] {logging_mixin.py:190} INFO - [2024-11-13T19:29:19.008+0000] {dagbag.py:588} INFO - Filling up the DagBag from /home/airflow/.local/lib/python3.12/site-packages/airflow/example_dags/example_branch_labels.py
[2024-11-13T19:29:19.015+0000] {processor.py:925} INFO - DAG(s) 'example_branch_labels' retrieved from /home/airflow/.local/lib/python3.12/site-packages/airflow/example_dags/example_branch_labels.py
[2024-11-13T19:29:19.029+0000] {logging_mixin.py:190} INFO - [2024-11-13T19:29:19.029+0000] {dag.py:3239} INFO - Sync 1 DAGs
[2024-11-13T19:29:19.044+0000] {logging_mixin.py:190} INFO - [2024-11-13T19:29:19.044+0000] {dag.py:4180} INFO - Setting next_dagrun for example_branch_labels to 2024-11-12 00:00:00+00:00, run_after=2024-11-13 00:00:00+00:00
[2024-11-13T19:29:19.057+0000] {processor.py:208} INFO - Processing /home/airflow/.local/lib/python3.12/site-packages/airflow/example_dags/example_branch_labels.py took 0.055 seconds
[2024-11-13T19:29:49.370+0000] {processor.py:186} INFO - Started process (PID=885) to work on /home/airflow/.local/lib/python3.12/site-packages/airflow/example_dags/example_branch_labels.py
[2024-11-13T19:29:49.371+0000] {processor.py:914} INFO - Processing file /home/airflow/.local/lib/python3.12/site-packages/airflow/example_dags/example_branch_labels.py for tasks to queue
[2024-11-13T19:29:49.373+0000] {logging_mixin.py:190} INFO - [2024-11-13T19:29:49.373+0000] {dagbag.py:588} INFO - Filling up the DagBag from /home/airflow/.local/lib/python3.12/site-packages/airflow/example_dags/example_branch_labels.py
[2024-11-13T19:29:49.380+0000] {processor.py:925} INFO - DAG(s) 'example_branch_labels' retrieved from /home/airflow/.local/lib/python3.12/site-packages/airflow/example_dags/example_branch_labels.py
[2024-11-13T19:29:49.395+0000] {logging_mixin.py:190} INFO - [2024-11-13T19:29:49.395+0000] {dag.py:3239} INFO - Sync 1 DAGs
[2024-11-13T19:29:49.411+0000] {logging_mixin.py:190} INFO - [2024-11-13T19:29:49.411+0000] {dag.py:4180} INFO - Setting next_dagrun for example_branch_labels to 2024-11-12 00:00:00+00:00, run_after=2024-11-13 00:00:00+00:00
[2024-11-13T19:29:49.428+0000] {processor.py:208} INFO - Processing /home/airflow/.local/lib/python3.12/site-packages/airflow/example_dags/example_branch_labels.py took 0.062 seconds
[2024-11-13T19:30:19.584+0000] {processor.py:186} INFO - Started process (PID=954) to work on /home/airflow/.local/lib/python3.12/site-packages/airflow/example_dags/example_branch_labels.py
[2024-11-13T19:30:19.585+0000] {processor.py:914} INFO - Processing file /home/airflow/.local/lib/python3.12/site-packages/airflow/example_dags/example_branch_labels.py for tasks to queue
[2024-11-13T19:30:19.587+0000] {logging_mixin.py:190} INFO - [2024-11-13T19:30:19.587+0000] {dagbag.py:588} INFO - Filling up the DagBag from /home/airflow/.local/lib/python3.12/site-packages/airflow/example_dags/example_branch_labels.py
[2024-11-13T19:30:19.594+0000] {processor.py:925} INFO - DAG(s) 'example_branch_labels' retrieved from /home/airflow/.local/lib/python3.12/site-packages/airflow/example_dags/example_branch_labels.py
[2024-11-13T19:30:19.608+0000] {logging_mixin.py:190} INFO - [2024-11-13T19:30:19.607+0000] {dag.py:3239} INFO - Sync 1 DAGs
[2024-11-13T19:30:19.623+0000] {logging_mixin.py:190} INFO - [2024-11-13T19:30:19.623+0000] {dag.py:4180} INFO - Setting next_dagrun for example_branch_labels to 2024-11-12 00:00:00+00:00, run_after=2024-11-13 00:00:00+00:00
[2024-11-13T19:30:19.636+0000] {processor.py:208} INFO - Processing /home/airflow/.local/lib/python3.12/site-packages/airflow/example_dags/example_branch_labels.py took 0.056 seconds
[2024-11-13T19:30:49.859+0000] {processor.py:186} INFO - Started process (PID=1017) to work on /home/airflow/.local/lib/python3.12/site-packages/airflow/example_dags/example_branch_labels.py
[2024-11-13T19:30:49.860+0000] {processor.py:914} INFO - Processing file /home/airflow/.local/lib/python3.12/site-packages/airflow/example_dags/example_branch_labels.py for tasks to queue
[2024-11-13T19:30:49.861+0000] {logging_mixin.py:190} INFO - [2024-11-13T19:30:49.861+0000] {dagbag.py:588} INFO - Filling up the DagBag from /home/airflow/.local/lib/python3.12/site-packages/airflow/example_dags/example_branch_labels.py
[2024-11-13T19:30:49.869+0000] {processor.py:925} INFO - DAG(s) 'example_branch_labels' retrieved from /home/airflow/.local/lib/python3.12/site-packages/airflow/example_dags/example_branch_labels.py
[2024-11-13T19:30:49.884+0000] {logging_mixin.py:190} INFO - [2024-11-13T19:30:49.884+0000] {dag.py:3239} INFO - Sync 1 DAGs
[2024-11-13T19:30:49.899+0000] {logging_mixin.py:190} INFO - [2024-11-13T19:30:49.899+0000] {dag.py:4180} INFO - Setting next_dagrun for example_branch_labels to 2024-11-12 00:00:00+00:00, run_after=2024-11-13 00:00:00+00:00
[2024-11-13T19:30:49.912+0000] {processor.py:208} INFO - Processing /home/airflow/.local/lib/python3.12/site-packages/airflow/example_dags/example_branch_labels.py took 0.058 seconds
[2024-11-13T19:31:20.102+0000] {processor.py:186} INFO - Started process (PID=1080) to work on /home/airflow/.local/lib/python3.12/site-packages/airflow/example_dags/example_branch_labels.py
[2024-11-13T19:31:20.102+0000] {processor.py:914} INFO - Processing file /home/airflow/.local/lib/python3.12/site-packages/airflow/example_dags/example_branch_labels.py for tasks to queue
[2024-11-13T19:31:20.104+0000] {logging_mixin.py:190} INFO - [2024-11-13T19:31:20.104+0000] {dagbag.py:588} INFO - Filling up the DagBag from /home/airflow/.local/lib/python3.12/site-packages/airflow/example_dags/example_branch_labels.py
[2024-11-13T19:31:20.111+0000] {processor.py:925} INFO - DAG(s) 'example_branch_labels' retrieved from /home/airflow/.local/lib/python3.12/site-packages/airflow/example_dags/example_branch_labels.py
[2024-11-13T19:31:20.125+0000] {logging_mixin.py:190} INFO - [2024-11-13T19:31:20.125+0000] {dag.py:3239} INFO - Sync 1 DAGs
[2024-11-13T19:31:20.141+0000] {logging_mixin.py:190} INFO - [2024-11-13T19:31:20.141+0000] {dag.py:4180} INFO - Setting next_dagrun for example_branch_labels to 2024-11-12 00:00:00+00:00, run_after=2024-11-13 00:00:00+00:00
[2024-11-13T19:31:20.153+0000] {processor.py:208} INFO - Processing /home/airflow/.local/lib/python3.12/site-packages/airflow/example_dags/example_branch_labels.py took 0.055 seconds
[2024-11-13T19:31:50.498+0000] {processor.py:186} INFO - Started process (PID=1143) to work on /home/airflow/.local/lib/python3.12/site-packages/airflow/example_dags/example_branch_labels.py
[2024-11-13T19:31:50.499+0000] {processor.py:914} INFO - Processing file /home/airflow/.local/lib/python3.12/site-packages/airflow/example_dags/example_branch_labels.py for tasks to queue
[2024-11-13T19:31:50.501+0000] {logging_mixin.py:190} INFO - [2024-11-13T19:31:50.501+0000] {dagbag.py:588} INFO - Filling up the DagBag from /home/airflow/.local/lib/python3.12/site-packages/airflow/example_dags/example_branch_labels.py
[2024-11-13T19:31:50.508+0000] {processor.py:925} INFO - DAG(s) 'example_branch_labels' retrieved from /home/airflow/.local/lib/python3.12/site-packages/airflow/example_dags/example_branch_labels.py
[2024-11-13T19:31:50.522+0000] {logging_mixin.py:190} INFO - [2024-11-13T19:31:50.522+0000] {dag.py:3239} INFO - Sync 1 DAGs
[2024-11-13T19:31:50.538+0000] {logging_mixin.py:190} INFO - [2024-11-13T19:31:50.538+0000] {dag.py:4180} INFO - Setting next_dagrun for example_branch_labels to 2024-11-12 00:00:00+00:00, run_after=2024-11-13 00:00:00+00:00
[2024-11-13T19:31:50.552+0000] {processor.py:208} INFO - Processing /home/airflow/.local/lib/python3.12/site-packages/airflow/example_dags/example_branch_labels.py took 0.058 seconds
[2024-11-13T19:32:21.015+0000] {processor.py:186} INFO - Started process (PID=1206) to work on /home/airflow/.local/lib/python3.12/site-packages/airflow/example_dags/example_branch_labels.py
[2024-11-13T19:32:21.016+0000] {processor.py:914} INFO - Processing file /home/airflow/.local/lib/python3.12/site-packages/airflow/example_dags/example_branch_labels.py for tasks to queue
[2024-11-13T19:32:21.018+0000] {logging_mixin.py:190} INFO - [2024-11-13T19:32:21.018+0000] {dagbag.py:588} INFO - Filling up the DagBag from /home/airflow/.local/lib/python3.12/site-packages/airflow/example_dags/example_branch_labels.py
[2024-11-13T19:32:21.026+0000] {processor.py:925} INFO - DAG(s) 'example_branch_labels' retrieved from /home/airflow/.local/lib/python3.12/site-packages/airflow/example_dags/example_branch_labels.py
[2024-11-13T19:32:21.042+0000] {logging_mixin.py:190} INFO - [2024-11-13T19:32:21.041+0000] {dag.py:3239} INFO - Sync 1 DAGs
[2024-11-13T19:32:21.059+0000] {logging_mixin.py:190} INFO - [2024-11-13T19:32:21.059+0000] {dag.py:4180} INFO - Setting next_dagrun for example_branch_labels to 2024-11-12 00:00:00+00:00, run_after=2024-11-13 00:00:00+00:00
[2024-11-13T19:32:21.073+0000] {processor.py:208} INFO - Processing /home/airflow/.local/lib/python3.12/site-packages/airflow/example_dags/example_branch_labels.py took 0.063 seconds
[2024-11-13T19:32:51.218+0000] {processor.py:186} INFO - Started process (PID=1270) to work on /home/airflow/.local/lib/python3.12/site-packages/airflow/example_dags/example_branch_labels.py
[2024-11-13T19:32:51.219+0000] {processor.py:914} INFO - Processing file /home/airflow/.local/lib/python3.12/site-packages/airflow/example_dags/example_branch_labels.py for tasks to queue
[2024-11-13T19:32:51.220+0000] {logging_mixin.py:190} INFO - [2024-11-13T19:32:51.220+0000] {dagbag.py:588} INFO - Filling up the DagBag from /home/airflow/.local/lib/python3.12/site-packages/airflow/example_dags/example_branch_labels.py
[2024-11-13T19:32:51.227+0000] {processor.py:925} INFO - DAG(s) 'example_branch_labels' retrieved from /home/airflow/.local/lib/python3.12/site-packages/airflow/example_dags/example_branch_labels.py
[2024-11-13T19:32:51.241+0000] {logging_mixin.py:190} INFO - [2024-11-13T19:32:51.240+0000] {dag.py:3239} INFO - Sync 1 DAGs
[2024-11-13T19:32:51.256+0000] {logging_mixin.py:190} INFO - [2024-11-13T19:32:51.256+0000] {dag.py:4180} INFO - Setting next_dagrun for example_branch_labels to 2024-11-12 00:00:00+00:00, run_after=2024-11-13 00:00:00+00:00
[2024-11-13T19:32:51.269+0000] {processor.py:208} INFO - Processing /home/airflow/.local/lib/python3.12/site-packages/airflow/example_dags/example_branch_labels.py took 0.055 seconds
[2024-11-13T19:33:21.756+0000] {processor.py:186} INFO - Started process (PID=1333) to work on /home/airflow/.local/lib/python3.12/site-packages/airflow/example_dags/example_branch_labels.py
[2024-11-13T19:33:21.757+0000] {processor.py:914} INFO - Processing file /home/airflow/.local/lib/python3.12/site-packages/airflow/example_dags/example_branch_labels.py for tasks to queue
[2024-11-13T19:33:21.759+0000] {logging_mixin.py:190} INFO - [2024-11-13T19:33:21.759+0000] {dagbag.py:588} INFO - Filling up the DagBag from /home/airflow/.local/lib/python3.12/site-packages/airflow/example_dags/example_branch_labels.py
[2024-11-13T19:33:21.766+0000] {processor.py:925} INFO - DAG(s) 'example_branch_labels' retrieved from /home/airflow/.local/lib/python3.12/site-packages/airflow/example_dags/example_branch_labels.py
[2024-11-13T19:33:21.782+0000] {logging_mixin.py:190} INFO - [2024-11-13T19:33:21.782+0000] {dag.py:3239} INFO - Sync 1 DAGs
[2024-11-13T19:33:21.798+0000] {logging_mixin.py:190} INFO - [2024-11-13T19:33:21.798+0000] {dag.py:4180} INFO - Setting next_dagrun for example_branch_labels to 2024-11-12 00:00:00+00:00, run_after=2024-11-13 00:00:00+00:00
[2024-11-13T19:33:21.811+0000] {processor.py:208} INFO - Processing /home/airflow/.local/lib/python3.12/site-packages/airflow/example_dags/example_branch_labels.py took 0.059 seconds
[2024-11-13T19:33:51.871+0000] {processor.py:186} INFO - Started process (PID=1396) to work on /home/airflow/.local/lib/python3.12/site-packages/airflow/example_dags/example_branch_labels.py
[2024-11-13T19:33:51.872+0000] {processor.py:914} INFO - Processing file /home/airflow/.local/lib/python3.12/site-packages/airflow/example_dags/example_branch_labels.py for tasks to queue
[2024-11-13T19:33:51.874+0000] {logging_mixin.py:190} INFO - [2024-11-13T19:33:51.874+0000] {dagbag.py:588} INFO - Filling up the DagBag from /home/airflow/.local/lib/python3.12/site-packages/airflow/example_dags/example_branch_labels.py
[2024-11-13T19:33:51.881+0000] {processor.py:925} INFO - DAG(s) 'example_branch_labels' retrieved from /home/airflow/.local/lib/python3.12/site-packages/airflow/example_dags/example_branch_labels.py
[2024-11-13T19:33:51.896+0000] {logging_mixin.py:190} INFO - [2024-11-13T19:33:51.896+0000] {dag.py:3239} INFO - Sync 1 DAGs
[2024-11-13T19:33:51.912+0000] {logging_mixin.py:190} INFO - [2024-11-13T19:33:51.912+0000] {dag.py:4180} INFO - Setting next_dagrun for example_branch_labels to 2024-11-12 00:00:00+00:00, run_after=2024-11-13 00:00:00+00:00
[2024-11-13T19:33:51.928+0000] {processor.py:208} INFO - Processing /home/airflow/.local/lib/python3.12/site-packages/airflow/example_dags/example_branch_labels.py took 0.061 seconds
[2024-11-13T19:34:22.388+0000] {processor.py:186} INFO - Started process (PID=1459) to work on /home/airflow/.local/lib/python3.12/site-packages/airflow/example_dags/example_branch_labels.py
[2024-11-13T19:34:22.389+0000] {processor.py:914} INFO - Processing file /home/airflow/.local/lib/python3.12/site-packages/airflow/example_dags/example_branch_labels.py for tasks to queue
[2024-11-13T19:34:22.391+0000] {logging_mixin.py:190} INFO - [2024-11-13T19:34:22.391+0000] {dagbag.py:588} INFO - Filling up the DagBag from /home/airflow/.local/lib/python3.12/site-packages/airflow/example_dags/example_branch_labels.py
[2024-11-13T19:34:22.399+0000] {processor.py:925} INFO - DAG(s) 'example_branch_labels' retrieved from /home/airflow/.local/lib/python3.12/site-packages/airflow/example_dags/example_branch_labels.py
[2024-11-13T19:34:22.414+0000] {logging_mixin.py:190} INFO - [2024-11-13T19:34:22.414+0000] {dag.py:3239} INFO - Sync 1 DAGs
[2024-11-13T19:34:22.430+0000] {logging_mixin.py:190} INFO - [2024-11-13T19:34:22.430+0000] {dag.py:4180} INFO - Setting next_dagrun for example_branch_labels to 2024-11-12 00:00:00+00:00, run_after=2024-11-13 00:00:00+00:00
[2024-11-13T19:34:22.445+0000] {processor.py:208} INFO - Processing /home/airflow/.local/lib/python3.12/site-packages/airflow/example_dags/example_branch_labels.py took 0.061 seconds
[2024-11-13T19:34:52.685+0000] {processor.py:186} INFO - Started process (PID=1522) to work on /home/airflow/.local/lib/python3.12/site-packages/airflow/example_dags/example_branch_labels.py
[2024-11-13T19:34:52.686+0000] {processor.py:914} INFO - Processing file /home/airflow/.local/lib/python3.12/site-packages/airflow/example_dags/example_branch_labels.py for tasks to queue
[2024-11-13T19:34:52.687+0000] {logging_mixin.py:190} INFO - [2024-11-13T19:34:52.687+0000] {dagbag.py:588} INFO - Filling up the DagBag from /home/airflow/.local/lib/python3.12/site-packages/airflow/example_dags/example_branch_labels.py
[2024-11-13T19:34:52.695+0000] {processor.py:925} INFO - DAG(s) 'example_branch_labels' retrieved from /home/airflow/.local/lib/python3.12/site-packages/airflow/example_dags/example_branch_labels.py
[2024-11-13T19:34:52.710+0000] {logging_mixin.py:190} INFO - [2024-11-13T19:34:52.710+0000] {dag.py:3239} INFO - Sync 1 DAGs
[2024-11-13T19:34:52.727+0000] {logging_mixin.py:190} INFO - [2024-11-13T19:34:52.726+0000] {dag.py:4180} INFO - Setting next_dagrun for example_branch_labels to 2024-11-12 00:00:00+00:00, run_after=2024-11-13 00:00:00+00:00
[2024-11-13T19:34:52.739+0000] {processor.py:208} INFO - Processing /home/airflow/.local/lib/python3.12/site-packages/airflow/example_dags/example_branch_labels.py took 0.059 seconds
[2024-11-13T19:35:23.178+0000] {processor.py:186} INFO - Started process (PID=1585) to work on /home/airflow/.local/lib/python3.12/site-packages/airflow/example_dags/example_branch_labels.py
[2024-11-13T19:35:23.179+0000] {processor.py:914} INFO - Processing file /home/airflow/.local/lib/python3.12/site-packages/airflow/example_dags/example_branch_labels.py for tasks to queue
[2024-11-13T19:35:23.181+0000] {logging_mixin.py:190} INFO - [2024-11-13T19:35:23.181+0000] {dagbag.py:588} INFO - Filling up the DagBag from /home/airflow/.local/lib/python3.12/site-packages/airflow/example_dags/example_branch_labels.py
[2024-11-13T19:35:23.188+0000] {processor.py:925} INFO - DAG(s) 'example_branch_labels' retrieved from /home/airflow/.local/lib/python3.12/site-packages/airflow/example_dags/example_branch_labels.py
[2024-11-13T19:35:23.202+0000] {logging_mixin.py:190} INFO - [2024-11-13T19:35:23.202+0000] {dag.py:3239} INFO - Sync 1 DAGs
[2024-11-13T19:35:23.218+0000] {logging_mixin.py:190} INFO - [2024-11-13T19:35:23.218+0000] {dag.py:4180} INFO - Setting next_dagrun for example_branch_labels to 2024-11-12 00:00:00+00:00, run_after=2024-11-13 00:00:00+00:00
[2024-11-13T19:35:23.232+0000] {processor.py:208} INFO - Processing /home/airflow/.local/lib/python3.12/site-packages/airflow/example_dags/example_branch_labels.py took 0.058 seconds
[2024-11-13T19:35:53.469+0000] {processor.py:186} INFO - Started process (PID=1648) to work on /home/airflow/.local/lib/python3.12/site-packages/airflow/example_dags/example_branch_labels.py
[2024-11-13T19:35:53.469+0000] {processor.py:914} INFO - Processing file /home/airflow/.local/lib/python3.12/site-packages/airflow/example_dags/example_branch_labels.py for tasks to queue
[2024-11-13T19:35:53.471+0000] {logging_mixin.py:190} INFO - [2024-11-13T19:35:53.471+0000] {dagbag.py:588} INFO - Filling up the DagBag from /home/airflow/.local/lib/python3.12/site-packages/airflow/example_dags/example_branch_labels.py
[2024-11-13T19:35:53.478+0000] {processor.py:925} INFO - DAG(s) 'example_branch_labels' retrieved from /home/airflow/.local/lib/python3.12/site-packages/airflow/example_dags/example_branch_labels.py
[2024-11-13T19:35:53.492+0000] {logging_mixin.py:190} INFO - [2024-11-13T19:35:53.492+0000] {dag.py:3239} INFO - Sync 1 DAGs
[2024-11-13T19:35:53.508+0000] {logging_mixin.py:190} INFO - [2024-11-13T19:35:53.508+0000] {dag.py:4180} INFO - Setting next_dagrun for example_branch_labels to 2024-11-12 00:00:00+00:00, run_after=2024-11-13 00:00:00+00:00
[2024-11-13T19:35:53.521+0000] {processor.py:208} INFO - Processing /home/airflow/.local/lib/python3.12/site-packages/airflow/example_dags/example_branch_labels.py took 0.056 seconds
[2024-11-13T19:36:23.901+0000] {processor.py:186} INFO - Started process (PID=1711) to work on /home/airflow/.local/lib/python3.12/site-packages/airflow/example_dags/example_branch_labels.py
[2024-11-13T19:36:23.902+0000] {processor.py:914} INFO - Processing file /home/airflow/.local/lib/python3.12/site-packages/airflow/example_dags/example_branch_labels.py for tasks to queue
[2024-11-13T19:36:23.903+0000] {logging_mixin.py:190} INFO - [2024-11-13T19:36:23.903+0000] {dagbag.py:588} INFO - Filling up the DagBag from /home/airflow/.local/lib/python3.12/site-packages/airflow/example_dags/example_branch_labels.py
[2024-11-13T19:36:23.910+0000] {processor.py:925} INFO - DAG(s) 'example_branch_labels' retrieved from /home/airflow/.local/lib/python3.12/site-packages/airflow/example_dags/example_branch_labels.py
[2024-11-13T19:36:23.924+0000] {logging_mixin.py:190} INFO - [2024-11-13T19:36:23.924+0000] {dag.py:3239} INFO - Sync 1 DAGs
[2024-11-13T19:36:23.941+0000] {logging_mixin.py:190} INFO - [2024-11-13T19:36:23.941+0000] {dag.py:4180} INFO - Setting next_dagrun for example_branch_labels to 2024-11-12 00:00:00+00:00, run_after=2024-11-13 00:00:00+00:00
[2024-11-13T19:36:23.955+0000] {processor.py:208} INFO - Processing /home/airflow/.local/lib/python3.12/site-packages/airflow/example_dags/example_branch_labels.py took 0.058 seconds
[2024-11-13T19:36:54.049+0000] {processor.py:186} INFO - Started process (PID=1774) to work on /home/airflow/.local/lib/python3.12/site-packages/airflow/example_dags/example_branch_labels.py
[2024-11-13T19:36:54.050+0000] {processor.py:914} INFO - Processing file /home/airflow/.local/lib/python3.12/site-packages/airflow/example_dags/example_branch_labels.py for tasks to queue
[2024-11-13T19:36:54.051+0000] {logging_mixin.py:190} INFO - [2024-11-13T19:36:54.051+0000] {dagbag.py:588} INFO - Filling up the DagBag from /home/airflow/.local/lib/python3.12/site-packages/airflow/example_dags/example_branch_labels.py
[2024-11-13T19:36:54.058+0000] {processor.py:925} INFO - DAG(s) 'example_branch_labels' retrieved from /home/airflow/.local/lib/python3.12/site-packages/airflow/example_dags/example_branch_labels.py
[2024-11-13T19:36:54.073+0000] {logging_mixin.py:190} INFO - [2024-11-13T19:36:54.072+0000] {dag.py:3239} INFO - Sync 1 DAGs
[2024-11-13T19:36:54.089+0000] {logging_mixin.py:190} INFO - [2024-11-13T19:36:54.089+0000] {dag.py:4180} INFO - Setting next_dagrun for example_branch_labels to 2024-11-12 00:00:00+00:00, run_after=2024-11-13 00:00:00+00:00
[2024-11-13T19:36:54.102+0000] {processor.py:208} INFO - Processing /home/airflow/.local/lib/python3.12/site-packages/airflow/example_dags/example_branch_labels.py took 0.058 seconds
[2024-11-13T19:37:24.197+0000] {processor.py:186} INFO - Started process (PID=1837) to work on /home/airflow/.local/lib/python3.12/site-packages/airflow/example_dags/example_branch_labels.py
[2024-11-13T19:37:24.198+0000] {processor.py:914} INFO - Processing file /home/airflow/.local/lib/python3.12/site-packages/airflow/example_dags/example_branch_labels.py for tasks to queue
[2024-11-13T19:37:24.200+0000] {logging_mixin.py:190} INFO - [2024-11-13T19:37:24.200+0000] {dagbag.py:588} INFO - Filling up the DagBag from /home/airflow/.local/lib/python3.12/site-packages/airflow/example_dags/example_branch_labels.py
[2024-11-13T19:37:24.206+0000] {processor.py:925} INFO - DAG(s) 'example_branch_labels' retrieved from /home/airflow/.local/lib/python3.12/site-packages/airflow/example_dags/example_branch_labels.py
[2024-11-13T19:37:24.221+0000] {logging_mixin.py:190} INFO - [2024-11-13T19:37:24.221+0000] {dag.py:3239} INFO - Sync 1 DAGs
[2024-11-13T19:37:24.237+0000] {logging_mixin.py:190} INFO - [2024-11-13T19:37:24.237+0000] {dag.py:4180} INFO - Setting next_dagrun for example_branch_labels to 2024-11-12 00:00:00+00:00, run_after=2024-11-13 00:00:00+00:00
[2024-11-13T19:37:24.251+0000] {processor.py:208} INFO - Processing /home/airflow/.local/lib/python3.12/site-packages/airflow/example_dags/example_branch_labels.py took 0.058 seconds
[2024-11-13T19:37:54.475+0000] {processor.py:186} INFO - Started process (PID=1900) to work on /home/airflow/.local/lib/python3.12/site-packages/airflow/example_dags/example_branch_labels.py
[2024-11-13T19:37:54.476+0000] {processor.py:914} INFO - Processing file /home/airflow/.local/lib/python3.12/site-packages/airflow/example_dags/example_branch_labels.py for tasks to queue
[2024-11-13T19:37:54.478+0000] {logging_mixin.py:190} INFO - [2024-11-13T19:37:54.478+0000] {dagbag.py:588} INFO - Filling up the DagBag from /home/airflow/.local/lib/python3.12/site-packages/airflow/example_dags/example_branch_labels.py
[2024-11-13T19:37:54.485+0000] {processor.py:925} INFO - DAG(s) 'example_branch_labels' retrieved from /home/airflow/.local/lib/python3.12/site-packages/airflow/example_dags/example_branch_labels.py
[2024-11-13T19:37:54.502+0000] {logging_mixin.py:190} INFO - [2024-11-13T19:37:54.502+0000] {dag.py:3239} INFO - Sync 1 DAGs
[2024-11-13T19:37:54.519+0000] {logging_mixin.py:190} INFO - [2024-11-13T19:37:54.519+0000] {dag.py:4180} INFO - Setting next_dagrun for example_branch_labels to 2024-11-12 00:00:00+00:00, run_after=2024-11-13 00:00:00+00:00
[2024-11-13T19:37:54.535+0000] {processor.py:208} INFO - Processing /home/airflow/.local/lib/python3.12/site-packages/airflow/example_dags/example_branch_labels.py took 0.064 seconds
[2024-11-13T19:38:24.654+0000] {processor.py:186} INFO - Started process (PID=1963) to work on /home/airflow/.local/lib/python3.12/site-packages/airflow/example_dags/example_branch_labels.py
[2024-11-13T19:38:24.654+0000] {processor.py:914} INFO - Processing file /home/airflow/.local/lib/python3.12/site-packages/airflow/example_dags/example_branch_labels.py for tasks to queue
[2024-11-13T19:38:24.656+0000] {logging_mixin.py:190} INFO - [2024-11-13T19:38:24.656+0000] {dagbag.py:588} INFO - Filling up the DagBag from /home/airflow/.local/lib/python3.12/site-packages/airflow/example_dags/example_branch_labels.py
[2024-11-13T19:38:24.662+0000] {processor.py:925} INFO - DAG(s) 'example_branch_labels' retrieved from /home/airflow/.local/lib/python3.12/site-packages/airflow/example_dags/example_branch_labels.py
[2024-11-13T19:38:24.677+0000] {logging_mixin.py:190} INFO - [2024-11-13T19:38:24.677+0000] {dag.py:3239} INFO - Sync 1 DAGs
[2024-11-13T19:38:24.692+0000] {logging_mixin.py:190} INFO - [2024-11-13T19:38:24.692+0000] {dag.py:4180} INFO - Setting next_dagrun for example_branch_labels to 2024-11-12 00:00:00+00:00, run_after=2024-11-13 00:00:00+00:00
[2024-11-13T19:38:24.704+0000] {processor.py:208} INFO - Processing /home/airflow/.local/lib/python3.12/site-packages/airflow/example_dags/example_branch_labels.py took 0.055 seconds
[2024-11-13T19:38:54.826+0000] {processor.py:186} INFO - Started process (PID=2026) to work on /home/airflow/.local/lib/python3.12/site-packages/airflow/example_dags/example_branch_labels.py
[2024-11-13T19:38:54.827+0000] {processor.py:914} INFO - Processing file /home/airflow/.local/lib/python3.12/site-packages/airflow/example_dags/example_branch_labels.py for tasks to queue
[2024-11-13T19:38:54.829+0000] {logging_mixin.py:190} INFO - [2024-11-13T19:38:54.829+0000] {dagbag.py:588} INFO - Filling up the DagBag from /home/airflow/.local/lib/python3.12/site-packages/airflow/example_dags/example_branch_labels.py
[2024-11-13T19:38:54.836+0000] {processor.py:925} INFO - DAG(s) 'example_branch_labels' retrieved from /home/airflow/.local/lib/python3.12/site-packages/airflow/example_dags/example_branch_labels.py
[2024-11-13T19:38:54.852+0000] {logging_mixin.py:190} INFO - [2024-11-13T19:38:54.852+0000] {dag.py:3239} INFO - Sync 1 DAGs
[2024-11-13T19:38:54.868+0000] {logging_mixin.py:190} INFO - [2024-11-13T19:38:54.868+0000] {dag.py:4180} INFO - Setting next_dagrun for example_branch_labels to 2024-11-12 00:00:00+00:00, run_after=2024-11-13 00:00:00+00:00
[2024-11-13T19:38:54.882+0000] {processor.py:208} INFO - Processing /home/airflow/.local/lib/python3.12/site-packages/airflow/example_dags/example_branch_labels.py took 0.060 seconds
[2024-11-13T19:39:25.143+0000] {processor.py:186} INFO - Started process (PID=2089) to work on /home/airflow/.local/lib/python3.12/site-packages/airflow/example_dags/example_branch_labels.py
[2024-11-13T19:39:25.144+0000] {processor.py:914} INFO - Processing file /home/airflow/.local/lib/python3.12/site-packages/airflow/example_dags/example_branch_labels.py for tasks to queue
[2024-11-13T19:39:25.146+0000] {logging_mixin.py:190} INFO - [2024-11-13T19:39:25.146+0000] {dagbag.py:588} INFO - Filling up the DagBag from /home/airflow/.local/lib/python3.12/site-packages/airflow/example_dags/example_branch_labels.py
[2024-11-13T19:39:25.153+0000] {processor.py:925} INFO - DAG(s) 'example_branch_labels' retrieved from /home/airflow/.local/lib/python3.12/site-packages/airflow/example_dags/example_branch_labels.py
[2024-11-13T19:39:25.167+0000] {logging_mixin.py:190} INFO - [2024-11-13T19:39:25.167+0000] {dag.py:3239} INFO - Sync 1 DAGs
[2024-11-13T19:39:25.184+0000] {logging_mixin.py:190} INFO - [2024-11-13T19:39:25.184+0000] {dag.py:4180} INFO - Setting next_dagrun for example_branch_labels to 2024-11-12 00:00:00+00:00, run_after=2024-11-13 00:00:00+00:00
[2024-11-13T19:39:25.198+0000] {processor.py:208} INFO - Processing /home/airflow/.local/lib/python3.12/site-packages/airflow/example_dags/example_branch_labels.py took 0.059 seconds
[2024-11-13T19:39:55.479+0000] {processor.py:186} INFO - Started process (PID=2152) to work on /home/airflow/.local/lib/python3.12/site-packages/airflow/example_dags/example_branch_labels.py
[2024-11-13T19:39:55.480+0000] {processor.py:914} INFO - Processing file /home/airflow/.local/lib/python3.12/site-packages/airflow/example_dags/example_branch_labels.py for tasks to queue
[2024-11-13T19:39:55.482+0000] {logging_mixin.py:190} INFO - [2024-11-13T19:39:55.482+0000] {dagbag.py:588} INFO - Filling up the DagBag from /home/airflow/.local/lib/python3.12/site-packages/airflow/example_dags/example_branch_labels.py
[2024-11-13T19:39:55.490+0000] {processor.py:925} INFO - DAG(s) 'example_branch_labels' retrieved from /home/airflow/.local/lib/python3.12/site-packages/airflow/example_dags/example_branch_labels.py
[2024-11-13T19:39:55.505+0000] {logging_mixin.py:190} INFO - [2024-11-13T19:39:55.505+0000] {dag.py:3239} INFO - Sync 1 DAGs
[2024-11-13T19:39:55.523+0000] {logging_mixin.py:190} INFO - [2024-11-13T19:39:55.522+0000] {dag.py:4180} INFO - Setting next_dagrun for example_branch_labels to 2024-11-12 00:00:00+00:00, run_after=2024-11-13 00:00:00+00:00
[2024-11-13T19:39:55.537+0000] {processor.py:208} INFO - Processing /home/airflow/.local/lib/python3.12/site-packages/airflow/example_dags/example_branch_labels.py took 0.063 seconds
[2024-11-13T19:40:25.784+0000] {processor.py:186} INFO - Started process (PID=2215) to work on /home/airflow/.local/lib/python3.12/site-packages/airflow/example_dags/example_branch_labels.py
[2024-11-13T19:40:25.785+0000] {processor.py:914} INFO - Processing file /home/airflow/.local/lib/python3.12/site-packages/airflow/example_dags/example_branch_labels.py for tasks to queue
[2024-11-13T19:40:25.788+0000] {logging_mixin.py:190} INFO - [2024-11-13T19:40:25.788+0000] {dagbag.py:588} INFO - Filling up the DagBag from /home/airflow/.local/lib/python3.12/site-packages/airflow/example_dags/example_branch_labels.py
[2024-11-13T19:40:25.796+0000] {processor.py:925} INFO - DAG(s) 'example_branch_labels' retrieved from /home/airflow/.local/lib/python3.12/site-packages/airflow/example_dags/example_branch_labels.py
[2024-11-13T19:40:25.813+0000] {logging_mixin.py:190} INFO - [2024-11-13T19:40:25.812+0000] {dag.py:3239} INFO - Sync 1 DAGs
[2024-11-13T19:40:25.830+0000] {logging_mixin.py:190} INFO - [2024-11-13T19:40:25.830+0000] {dag.py:4180} INFO - Setting next_dagrun for example_branch_labels to 2024-11-12 00:00:00+00:00, run_after=2024-11-13 00:00:00+00:00
[2024-11-13T19:40:25.846+0000] {processor.py:208} INFO - Processing /home/airflow/.local/lib/python3.12/site-packages/airflow/example_dags/example_branch_labels.py took 0.066 seconds
[2024-11-13T19:40:56.286+0000] {processor.py:186} INFO - Started process (PID=2278) to work on /home/airflow/.local/lib/python3.12/site-packages/airflow/example_dags/example_branch_labels.py
[2024-11-13T19:40:56.287+0000] {processor.py:914} INFO - Processing file /home/airflow/.local/lib/python3.12/site-packages/airflow/example_dags/example_branch_labels.py for tasks to queue
[2024-11-13T19:40:56.289+0000] {logging_mixin.py:190} INFO - [2024-11-13T19:40:56.288+0000] {dagbag.py:588} INFO - Filling up the DagBag from /home/airflow/.local/lib/python3.12/site-packages/airflow/example_dags/example_branch_labels.py
[2024-11-13T19:40:56.297+0000] {processor.py:925} INFO - DAG(s) 'example_branch_labels' retrieved from /home/airflow/.local/lib/python3.12/site-packages/airflow/example_dags/example_branch_labels.py
[2024-11-13T19:40:56.312+0000] {logging_mixin.py:190} INFO - [2024-11-13T19:40:56.312+0000] {dag.py:3239} INFO - Sync 1 DAGs
[2024-11-13T19:40:56.330+0000] {logging_mixin.py:190} INFO - [2024-11-13T19:40:56.330+0000] {dag.py:4180} INFO - Setting next_dagrun for example_branch_labels to 2024-11-12 00:00:00+00:00, run_after=2024-11-13 00:00:00+00:00
[2024-11-13T19:40:56.346+0000] {processor.py:208} INFO - Processing /home/airflow/.local/lib/python3.12/site-packages/airflow/example_dags/example_branch_labels.py took 0.064 seconds
[2024-11-13T19:41:26.562+0000] {processor.py:186} INFO - Started process (PID=2340) to work on /home/airflow/.local/lib/python3.12/site-packages/airflow/example_dags/example_branch_labels.py
[2024-11-13T19:41:26.563+0000] {processor.py:914} INFO - Processing file /home/airflow/.local/lib/python3.12/site-packages/airflow/example_dags/example_branch_labels.py for tasks to queue
[2024-11-13T19:41:26.565+0000] {logging_mixin.py:190} INFO - [2024-11-13T19:41:26.565+0000] {dagbag.py:588} INFO - Filling up the DagBag from /home/airflow/.local/lib/python3.12/site-packages/airflow/example_dags/example_branch_labels.py
[2024-11-13T19:41:26.572+0000] {processor.py:925} INFO - DAG(s) 'example_branch_labels' retrieved from /home/airflow/.local/lib/python3.12/site-packages/airflow/example_dags/example_branch_labels.py
[2024-11-13T19:41:26.588+0000] {logging_mixin.py:190} INFO - [2024-11-13T19:41:26.588+0000] {dag.py:3239} INFO - Sync 1 DAGs
[2024-11-13T19:41:26.607+0000] {logging_mixin.py:190} INFO - [2024-11-13T19:41:26.607+0000] {dag.py:4180} INFO - Setting next_dagrun for example_branch_labels to 2024-11-12 00:00:00+00:00, run_after=2024-11-13 00:00:00+00:00
[2024-11-13T19:41:26.621+0000] {processor.py:208} INFO - Processing /home/airflow/.local/lib/python3.12/site-packages/airflow/example_dags/example_branch_labels.py took 0.063 seconds
[2024-11-13T19:41:56.828+0000] {processor.py:186} INFO - Started process (PID=2383) to work on /home/airflow/.local/lib/python3.12/site-packages/airflow/example_dags/example_branch_labels.py
[2024-11-13T19:41:56.828+0000] {processor.py:914} INFO - Processing file /home/airflow/.local/lib/python3.12/site-packages/airflow/example_dags/example_branch_labels.py for tasks to queue
[2024-11-13T19:41:56.830+0000] {logging_mixin.py:190} INFO - [2024-11-13T19:41:56.830+0000] {dagbag.py:588} INFO - Filling up the DagBag from /home/airflow/.local/lib/python3.12/site-packages/airflow/example_dags/example_branch_labels.py
[2024-11-13T19:41:56.838+0000] {processor.py:925} INFO - DAG(s) 'example_branch_labels' retrieved from /home/airflow/.local/lib/python3.12/site-packages/airflow/example_dags/example_branch_labels.py
[2024-11-13T19:41:56.855+0000] {logging_mixin.py:190} INFO - [2024-11-13T19:41:56.855+0000] {dag.py:3239} INFO - Sync 1 DAGs
[2024-11-13T19:41:56.873+0000] {logging_mixin.py:190} INFO - [2024-11-13T19:41:56.873+0000] {dag.py:4180} INFO - Setting next_dagrun for example_branch_labels to 2024-11-12 00:00:00+00:00, run_after=2024-11-13 00:00:00+00:00
[2024-11-13T19:41:56.886+0000] {processor.py:208} INFO - Processing /home/airflow/.local/lib/python3.12/site-packages/airflow/example_dags/example_branch_labels.py took 0.063 seconds
[2024-11-13T19:42:27.098+0000] {processor.py:186} INFO - Started process (PID=2434) to work on /home/airflow/.local/lib/python3.12/site-packages/airflow/example_dags/example_branch_labels.py
[2024-11-13T19:42:27.100+0000] {processor.py:914} INFO - Processing file /home/airflow/.local/lib/python3.12/site-packages/airflow/example_dags/example_branch_labels.py for tasks to queue
[2024-11-13T19:42:27.102+0000] {logging_mixin.py:190} INFO - [2024-11-13T19:42:27.102+0000] {dagbag.py:588} INFO - Filling up the DagBag from /home/airflow/.local/lib/python3.12/site-packages/airflow/example_dags/example_branch_labels.py
[2024-11-13T19:42:27.109+0000] {processor.py:925} INFO - DAG(s) 'example_branch_labels' retrieved from /home/airflow/.local/lib/python3.12/site-packages/airflow/example_dags/example_branch_labels.py
[2024-11-13T19:42:27.125+0000] {logging_mixin.py:190} INFO - [2024-11-13T19:42:27.125+0000] {dag.py:3239} INFO - Sync 1 DAGs
[2024-11-13T19:42:27.143+0000] {logging_mixin.py:190} INFO - [2024-11-13T19:42:27.142+0000] {dag.py:4180} INFO - Setting next_dagrun for example_branch_labels to 2024-11-12 00:00:00+00:00, run_after=2024-11-13 00:00:00+00:00
[2024-11-13T19:42:27.156+0000] {processor.py:208} INFO - Processing /home/airflow/.local/lib/python3.12/site-packages/airflow/example_dags/example_branch_labels.py took 0.063 seconds
[2024-11-13T19:42:57.812+0000] {processor.py:186} INFO - Started process (PID=2497) to work on /home/airflow/.local/lib/python3.12/site-packages/airflow/example_dags/example_branch_labels.py
[2024-11-13T19:42:57.813+0000] {processor.py:914} INFO - Processing file /home/airflow/.local/lib/python3.12/site-packages/airflow/example_dags/example_branch_labels.py for tasks to queue
[2024-11-13T19:42:57.814+0000] {logging_mixin.py:190} INFO - [2024-11-13T19:42:57.814+0000] {dagbag.py:588} INFO - Filling up the DagBag from /home/airflow/.local/lib/python3.12/site-packages/airflow/example_dags/example_branch_labels.py
[2024-11-13T19:42:57.821+0000] {processor.py:925} INFO - DAG(s) 'example_branch_labels' retrieved from /home/airflow/.local/lib/python3.12/site-packages/airflow/example_dags/example_branch_labels.py
[2024-11-13T19:42:57.837+0000] {logging_mixin.py:190} INFO - [2024-11-13T19:42:57.837+0000] {dag.py:3239} INFO - Sync 1 DAGs
[2024-11-13T19:42:57.855+0000] {logging_mixin.py:190} INFO - [2024-11-13T19:42:57.855+0000] {dag.py:4180} INFO - Setting next_dagrun for example_branch_labels to 2024-11-12 00:00:00+00:00, run_after=2024-11-13 00:00:00+00:00
[2024-11-13T19:42:57.870+0000] {processor.py:208} INFO - Processing /home/airflow/.local/lib/python3.12/site-packages/airflow/example_dags/example_branch_labels.py took 0.063 seconds
[2024-11-13T19:43:28.322+0000] {processor.py:186} INFO - Started process (PID=2560) to work on /home/airflow/.local/lib/python3.12/site-packages/airflow/example_dags/example_branch_labels.py
[2024-11-13T19:43:28.323+0000] {processor.py:914} INFO - Processing file /home/airflow/.local/lib/python3.12/site-packages/airflow/example_dags/example_branch_labels.py for tasks to queue
[2024-11-13T19:43:28.325+0000] {logging_mixin.py:190} INFO - [2024-11-13T19:43:28.324+0000] {dagbag.py:588} INFO - Filling up the DagBag from /home/airflow/.local/lib/python3.12/site-packages/airflow/example_dags/example_branch_labels.py
[2024-11-13T19:43:28.332+0000] {processor.py:925} INFO - DAG(s) 'example_branch_labels' retrieved from /home/airflow/.local/lib/python3.12/site-packages/airflow/example_dags/example_branch_labels.py
[2024-11-13T19:43:28.349+0000] {logging_mixin.py:190} INFO - [2024-11-13T19:43:28.349+0000] {dag.py:3239} INFO - Sync 1 DAGs
[2024-11-13T19:43:28.366+0000] {logging_mixin.py:190} INFO - [2024-11-13T19:43:28.366+0000] {dag.py:4180} INFO - Setting next_dagrun for example_branch_labels to 2024-11-12 00:00:00+00:00, run_after=2024-11-13 00:00:00+00:00
[2024-11-13T19:43:28.381+0000] {processor.py:208} INFO - Processing /home/airflow/.local/lib/python3.12/site-packages/airflow/example_dags/example_branch_labels.py took 0.064 seconds
[2024-11-13T19:43:58.909+0000] {processor.py:186} INFO - Started process (PID=2623) to work on /home/airflow/.local/lib/python3.12/site-packages/airflow/example_dags/example_branch_labels.py
[2024-11-13T19:43:58.910+0000] {processor.py:914} INFO - Processing file /home/airflow/.local/lib/python3.12/site-packages/airflow/example_dags/example_branch_labels.py for tasks to queue
[2024-11-13T19:43:58.912+0000] {logging_mixin.py:190} INFO - [2024-11-13T19:43:58.912+0000] {dagbag.py:588} INFO - Filling up the DagBag from /home/airflow/.local/lib/python3.12/site-packages/airflow/example_dags/example_branch_labels.py
[2024-11-13T19:43:58.920+0000] {processor.py:925} INFO - DAG(s) 'example_branch_labels' retrieved from /home/airflow/.local/lib/python3.12/site-packages/airflow/example_dags/example_branch_labels.py
[2024-11-13T19:43:58.935+0000] {logging_mixin.py:190} INFO - [2024-11-13T19:43:58.934+0000] {dag.py:3239} INFO - Sync 1 DAGs
[2024-11-13T19:43:58.952+0000] {logging_mixin.py:190} INFO - [2024-11-13T19:43:58.951+0000] {dag.py:4180} INFO - Setting next_dagrun for example_branch_labels to 2024-11-12 00:00:00+00:00, run_after=2024-11-13 00:00:00+00:00
[2024-11-13T19:43:58.967+0000] {processor.py:208} INFO - Processing /home/airflow/.local/lib/python3.12/site-packages/airflow/example_dags/example_branch_labels.py took 0.061 seconds
[2024-11-13T19:44:29.575+0000] {processor.py:186} INFO - Started process (PID=2686) to work on /home/airflow/.local/lib/python3.12/site-packages/airflow/example_dags/example_branch_labels.py
[2024-11-13T19:44:29.576+0000] {processor.py:914} INFO - Processing file /home/airflow/.local/lib/python3.12/site-packages/airflow/example_dags/example_branch_labels.py for tasks to queue
[2024-11-13T19:44:29.578+0000] {logging_mixin.py:190} INFO - [2024-11-13T19:44:29.578+0000] {dagbag.py:588} INFO - Filling up the DagBag from /home/airflow/.local/lib/python3.12/site-packages/airflow/example_dags/example_branch_labels.py
[2024-11-13T19:44:29.585+0000] {processor.py:925} INFO - DAG(s) 'example_branch_labels' retrieved from /home/airflow/.local/lib/python3.12/site-packages/airflow/example_dags/example_branch_labels.py
[2024-11-13T19:44:29.602+0000] {logging_mixin.py:190} INFO - [2024-11-13T19:44:29.602+0000] {dag.py:3239} INFO - Sync 1 DAGs
[2024-11-13T19:44:29.620+0000] {logging_mixin.py:190} INFO - [2024-11-13T19:44:29.620+0000] {dag.py:4180} INFO - Setting next_dagrun for example_branch_labels to 2024-11-12 00:00:00+00:00, run_after=2024-11-13 00:00:00+00:00
[2024-11-13T19:44:29.633+0000] {processor.py:208} INFO - Processing /home/airflow/.local/lib/python3.12/site-packages/airflow/example_dags/example_branch_labels.py took 0.062 seconds
[2024-11-13T19:45:00.083+0000] {processor.py:186} INFO - Started process (PID=2749) to work on /home/airflow/.local/lib/python3.12/site-packages/airflow/example_dags/example_branch_labels.py
[2024-11-13T19:45:00.084+0000] {processor.py:914} INFO - Processing file /home/airflow/.local/lib/python3.12/site-packages/airflow/example_dags/example_branch_labels.py for tasks to queue
[2024-11-13T19:45:00.086+0000] {logging_mixin.py:190} INFO - [2024-11-13T19:45:00.086+0000] {dagbag.py:588} INFO - Filling up the DagBag from /home/airflow/.local/lib/python3.12/site-packages/airflow/example_dags/example_branch_labels.py
[2024-11-13T19:45:00.093+0000] {processor.py:925} INFO - DAG(s) 'example_branch_labels' retrieved from /home/airflow/.local/lib/python3.12/site-packages/airflow/example_dags/example_branch_labels.py
[2024-11-13T19:45:00.109+0000] {logging_mixin.py:190} INFO - [2024-11-13T19:45:00.109+0000] {dag.py:3239} INFO - Sync 1 DAGs
[2024-11-13T19:45:00.126+0000] {logging_mixin.py:190} INFO - [2024-11-13T19:45:00.125+0000] {dag.py:4180} INFO - Setting next_dagrun for example_branch_labels to 2024-11-12 00:00:00+00:00, run_after=2024-11-13 00:00:00+00:00
[2024-11-13T19:45:00.138+0000] {processor.py:208} INFO - Processing /home/airflow/.local/lib/python3.12/site-packages/airflow/example_dags/example_branch_labels.py took 0.059 seconds
[2024-11-13T19:45:30.288+0000] {processor.py:186} INFO - Started process (PID=2812) to work on /home/airflow/.local/lib/python3.12/site-packages/airflow/example_dags/example_branch_labels.py
[2024-11-13T19:45:30.289+0000] {processor.py:914} INFO - Processing file /home/airflow/.local/lib/python3.12/site-packages/airflow/example_dags/example_branch_labels.py for tasks to queue
[2024-11-13T19:45:30.291+0000] {logging_mixin.py:190} INFO - [2024-11-13T19:45:30.290+0000] {dagbag.py:588} INFO - Filling up the DagBag from /home/airflow/.local/lib/python3.12/site-packages/airflow/example_dags/example_branch_labels.py
[2024-11-13T19:45:30.298+0000] {processor.py:925} INFO - DAG(s) 'example_branch_labels' retrieved from /home/airflow/.local/lib/python3.12/site-packages/airflow/example_dags/example_branch_labels.py
[2024-11-13T19:45:30.314+0000] {logging_mixin.py:190} INFO - [2024-11-13T19:45:30.313+0000] {dag.py:3239} INFO - Sync 1 DAGs
[2024-11-13T19:45:30.332+0000] {logging_mixin.py:190} INFO - [2024-11-13T19:45:30.332+0000] {dag.py:4180} INFO - Setting next_dagrun for example_branch_labels to 2024-11-12 00:00:00+00:00, run_after=2024-11-13 00:00:00+00:00
[2024-11-13T19:45:30.346+0000] {processor.py:208} INFO - Processing /home/airflow/.local/lib/python3.12/site-packages/airflow/example_dags/example_branch_labels.py took 0.063 seconds
[2024-11-13T19:46:00.512+0000] {processor.py:186} INFO - Started process (PID=2876) to work on /home/airflow/.local/lib/python3.12/site-packages/airflow/example_dags/example_branch_labels.py
[2024-11-13T19:46:00.513+0000] {processor.py:914} INFO - Processing file /home/airflow/.local/lib/python3.12/site-packages/airflow/example_dags/example_branch_labels.py for tasks to queue
[2024-11-13T19:46:00.515+0000] {logging_mixin.py:190} INFO - [2024-11-13T19:46:00.515+0000] {dagbag.py:588} INFO - Filling up the DagBag from /home/airflow/.local/lib/python3.12/site-packages/airflow/example_dags/example_branch_labels.py
[2024-11-13T19:46:00.522+0000] {processor.py:925} INFO - DAG(s) 'example_branch_labels' retrieved from /home/airflow/.local/lib/python3.12/site-packages/airflow/example_dags/example_branch_labels.py
[2024-11-13T19:46:00.538+0000] {logging_mixin.py:190} INFO - [2024-11-13T19:46:00.538+0000] {dag.py:3239} INFO - Sync 1 DAGs
[2024-11-13T19:46:00.555+0000] {logging_mixin.py:190} INFO - [2024-11-13T19:46:00.555+0000] {dag.py:4180} INFO - Setting next_dagrun for example_branch_labels to 2024-11-12 00:00:00+00:00, run_after=2024-11-13 00:00:00+00:00
[2024-11-13T19:46:00.570+0000] {processor.py:208} INFO - Processing /home/airflow/.local/lib/python3.12/site-packages/airflow/example_dags/example_branch_labels.py took 0.063 seconds
[2024-11-13T19:46:30.901+0000] {processor.py:186} INFO - Started process (PID=2939) to work on /home/airflow/.local/lib/python3.12/site-packages/airflow/example_dags/example_branch_labels.py
[2024-11-13T19:46:30.902+0000] {processor.py:914} INFO - Processing file /home/airflow/.local/lib/python3.12/site-packages/airflow/example_dags/example_branch_labels.py for tasks to queue
[2024-11-13T19:46:30.904+0000] {logging_mixin.py:190} INFO - [2024-11-13T19:46:30.904+0000] {dagbag.py:588} INFO - Filling up the DagBag from /home/airflow/.local/lib/python3.12/site-packages/airflow/example_dags/example_branch_labels.py
[2024-11-13T19:46:30.912+0000] {processor.py:925} INFO - DAG(s) 'example_branch_labels' retrieved from /home/airflow/.local/lib/python3.12/site-packages/airflow/example_dags/example_branch_labels.py
[2024-11-13T19:46:30.927+0000] {logging_mixin.py:190} INFO - [2024-11-13T19:46:30.927+0000] {dag.py:3239} INFO - Sync 1 DAGs
[2024-11-13T19:46:30.943+0000] {logging_mixin.py:190} INFO - [2024-11-13T19:46:30.943+0000] {dag.py:4180} INFO - Setting next_dagrun for example_branch_labels to 2024-11-12 00:00:00+00:00, run_after=2024-11-13 00:00:00+00:00
[2024-11-13T19:46:30.956+0000] {processor.py:208} INFO - Processing /home/airflow/.local/lib/python3.12/site-packages/airflow/example_dags/example_branch_labels.py took 0.059 seconds
[2024-11-13T19:47:01.072+0000] {processor.py:186} INFO - Started process (PID=3002) to work on /home/airflow/.local/lib/python3.12/site-packages/airflow/example_dags/example_branch_labels.py
[2024-11-13T19:47:01.073+0000] {processor.py:914} INFO - Processing file /home/airflow/.local/lib/python3.12/site-packages/airflow/example_dags/example_branch_labels.py for tasks to queue
[2024-11-13T19:47:01.074+0000] {logging_mixin.py:190} INFO - [2024-11-13T19:47:01.074+0000] {dagbag.py:588} INFO - Filling up the DagBag from /home/airflow/.local/lib/python3.12/site-packages/airflow/example_dags/example_branch_labels.py
[2024-11-13T19:47:01.081+0000] {processor.py:925} INFO - DAG(s) 'example_branch_labels' retrieved from /home/airflow/.local/lib/python3.12/site-packages/airflow/example_dags/example_branch_labels.py
[2024-11-13T19:47:01.096+0000] {logging_mixin.py:190} INFO - [2024-11-13T19:47:01.096+0000] {dag.py:3239} INFO - Sync 1 DAGs
[2024-11-13T19:47:01.114+0000] {logging_mixin.py:190} INFO - [2024-11-13T19:47:01.114+0000] {dag.py:4180} INFO - Setting next_dagrun for example_branch_labels to 2024-11-12 00:00:00+00:00, run_after=2024-11-13 00:00:00+00:00
[2024-11-13T19:47:01.128+0000] {processor.py:208} INFO - Processing /home/airflow/.local/lib/python3.12/site-packages/airflow/example_dags/example_branch_labels.py took 0.061 seconds
[2024-11-13T19:47:31.855+0000] {processor.py:186} INFO - Started process (PID=3065) to work on /home/airflow/.local/lib/python3.12/site-packages/airflow/example_dags/example_branch_labels.py
[2024-11-13T19:47:31.856+0000] {processor.py:914} INFO - Processing file /home/airflow/.local/lib/python3.12/site-packages/airflow/example_dags/example_branch_labels.py for tasks to queue
[2024-11-13T19:47:31.858+0000] {logging_mixin.py:190} INFO - [2024-11-13T19:47:31.858+0000] {dagbag.py:588} INFO - Filling up the DagBag from /home/airflow/.local/lib/python3.12/site-packages/airflow/example_dags/example_branch_labels.py
[2024-11-13T19:47:31.866+0000] {processor.py:925} INFO - DAG(s) 'example_branch_labels' retrieved from /home/airflow/.local/lib/python3.12/site-packages/airflow/example_dags/example_branch_labels.py
[2024-11-13T19:47:31.881+0000] {logging_mixin.py:190} INFO - [2024-11-13T19:47:31.881+0000] {dag.py:3239} INFO - Sync 1 DAGs
[2024-11-13T19:47:32.038+0000] {logging_mixin.py:190} INFO - [2024-11-13T19:47:32.038+0000] {dag.py:4180} INFO - Setting next_dagrun for example_branch_labels to 2024-11-12 00:00:00+00:00, run_after=2024-11-13 00:00:00+00:00
[2024-11-13T19:47:32.051+0000] {processor.py:208} INFO - Processing /home/airflow/.local/lib/python3.12/site-packages/airflow/example_dags/example_branch_labels.py took 0.200 seconds
[2024-11-13T19:48:02.151+0000] {processor.py:186} INFO - Started process (PID=3128) to work on /home/airflow/.local/lib/python3.12/site-packages/airflow/example_dags/example_branch_labels.py
[2024-11-13T19:48:02.152+0000] {processor.py:914} INFO - Processing file /home/airflow/.local/lib/python3.12/site-packages/airflow/example_dags/example_branch_labels.py for tasks to queue
[2024-11-13T19:48:02.154+0000] {logging_mixin.py:190} INFO - [2024-11-13T19:48:02.154+0000] {dagbag.py:588} INFO - Filling up the DagBag from /home/airflow/.local/lib/python3.12/site-packages/airflow/example_dags/example_branch_labels.py
[2024-11-13T19:48:02.162+0000] {processor.py:925} INFO - DAG(s) 'example_branch_labels' retrieved from /home/airflow/.local/lib/python3.12/site-packages/airflow/example_dags/example_branch_labels.py
[2024-11-13T19:48:02.180+0000] {logging_mixin.py:190} INFO - [2024-11-13T19:48:02.180+0000] {dag.py:3239} INFO - Sync 1 DAGs
[2024-11-13T19:48:02.198+0000] {logging_mixin.py:190} INFO - [2024-11-13T19:48:02.197+0000] {dag.py:4180} INFO - Setting next_dagrun for example_branch_labels to 2024-11-12 00:00:00+00:00, run_after=2024-11-13 00:00:00+00:00
[2024-11-13T19:48:02.349+0000] {processor.py:208} INFO - Processing /home/airflow/.local/lib/python3.12/site-packages/airflow/example_dags/example_branch_labels.py took 0.202 seconds
[2024-11-13T19:48:33.333+0000] {processor.py:186} INFO - Started process (PID=3191) to work on /home/airflow/.local/lib/python3.12/site-packages/airflow/example_dags/example_branch_labels.py
[2024-11-13T19:48:33.366+0000] {processor.py:914} INFO - Processing file /home/airflow/.local/lib/python3.12/site-packages/airflow/example_dags/example_branch_labels.py for tasks to queue
[2024-11-13T19:48:33.367+0000] {logging_mixin.py:190} INFO - [2024-11-13T19:48:33.367+0000] {dagbag.py:588} INFO - Filling up the DagBag from /home/airflow/.local/lib/python3.12/site-packages/airflow/example_dags/example_branch_labels.py
[2024-11-13T19:48:33.374+0000] {processor.py:925} INFO - DAG(s) 'example_branch_labels' retrieved from /home/airflow/.local/lib/python3.12/site-packages/airflow/example_dags/example_branch_labels.py
[2024-11-13T19:48:33.390+0000] {logging_mixin.py:190} INFO - [2024-11-13T19:48:33.389+0000] {dag.py:3239} INFO - Sync 1 DAGs
[2024-11-13T19:48:33.409+0000] {logging_mixin.py:190} INFO - [2024-11-13T19:48:33.409+0000] {dag.py:4180} INFO - Setting next_dagrun for example_branch_labels to 2024-11-12 00:00:00+00:00, run_after=2024-11-13 00:00:00+00:00
[2024-11-13T19:48:33.424+0000] {processor.py:208} INFO - Processing /home/airflow/.local/lib/python3.12/site-packages/airflow/example_dags/example_branch_labels.py took 0.095 seconds
[2024-11-13T19:49:04.330+0000] {processor.py:186} INFO - Started process (PID=3254) to work on /home/airflow/.local/lib/python3.12/site-packages/airflow/example_dags/example_branch_labels.py
[2024-11-13T19:49:04.331+0000] {processor.py:914} INFO - Processing file /home/airflow/.local/lib/python3.12/site-packages/airflow/example_dags/example_branch_labels.py for tasks to queue
[2024-11-13T19:49:04.333+0000] {logging_mixin.py:190} INFO - [2024-11-13T19:49:04.333+0000] {dagbag.py:588} INFO - Filling up the DagBag from /home/airflow/.local/lib/python3.12/site-packages/airflow/example_dags/example_branch_labels.py
[2024-11-13T19:49:04.342+0000] {processor.py:925} INFO - DAG(s) 'example_branch_labels' retrieved from /home/airflow/.local/lib/python3.12/site-packages/airflow/example_dags/example_branch_labels.py
[2024-11-13T19:49:04.360+0000] {logging_mixin.py:190} INFO - [2024-11-13T19:49:04.360+0000] {dag.py:3239} INFO - Sync 1 DAGs
[2024-11-13T19:49:04.376+0000] {logging_mixin.py:190} INFO - [2024-11-13T19:49:04.376+0000] {dag.py:4180} INFO - Setting next_dagrun for example_branch_labels to 2024-11-12 00:00:00+00:00, run_after=2024-11-13 00:00:00+00:00
[2024-11-13T19:49:04.391+0000] {processor.py:208} INFO - Processing /home/airflow/.local/lib/python3.12/site-packages/airflow/example_dags/example_branch_labels.py took 0.065 seconds
[2024-11-13T19:49:35.227+0000] {processor.py:186} INFO - Started process (PID=3317) to work on /home/airflow/.local/lib/python3.12/site-packages/airflow/example_dags/example_branch_labels.py
[2024-11-13T19:49:35.260+0000] {processor.py:914} INFO - Processing file /home/airflow/.local/lib/python3.12/site-packages/airflow/example_dags/example_branch_labels.py for tasks to queue
[2024-11-13T19:49:35.262+0000] {logging_mixin.py:190} INFO - [2024-11-13T19:49:35.261+0000] {dagbag.py:588} INFO - Filling up the DagBag from /home/airflow/.local/lib/python3.12/site-packages/airflow/example_dags/example_branch_labels.py
[2024-11-13T19:49:35.269+0000] {processor.py:925} INFO - DAG(s) 'example_branch_labels' retrieved from /home/airflow/.local/lib/python3.12/site-packages/airflow/example_dags/example_branch_labels.py
[2024-11-13T19:49:35.286+0000] {logging_mixin.py:190} INFO - [2024-11-13T19:49:35.286+0000] {dag.py:3239} INFO - Sync 1 DAGs
[2024-11-13T19:49:35.305+0000] {logging_mixin.py:190} INFO - [2024-11-13T19:49:35.305+0000] {dag.py:4180} INFO - Setting next_dagrun for example_branch_labels to 2024-11-12 00:00:00+00:00, run_after=2024-11-13 00:00:00+00:00
[2024-11-13T19:49:35.321+0000] {processor.py:208} INFO - Processing /home/airflow/.local/lib/python3.12/site-packages/airflow/example_dags/example_branch_labels.py took 0.097 seconds
[2024-11-13T19:50:06.196+0000] {processor.py:186} INFO - Started process (PID=3380) to work on /home/airflow/.local/lib/python3.12/site-packages/airflow/example_dags/example_branch_labels.py
[2024-11-13T19:50:06.198+0000] {processor.py:914} INFO - Processing file /home/airflow/.local/lib/python3.12/site-packages/airflow/example_dags/example_branch_labels.py for tasks to queue
[2024-11-13T19:50:06.199+0000] {logging_mixin.py:190} INFO - [2024-11-13T19:50:06.199+0000] {dagbag.py:588} INFO - Filling up the DagBag from /home/airflow/.local/lib/python3.12/site-packages/airflow/example_dags/example_branch_labels.py
[2024-11-13T19:50:06.208+0000] {processor.py:925} INFO - DAG(s) 'example_branch_labels' retrieved from /home/airflow/.local/lib/python3.12/site-packages/airflow/example_dags/example_branch_labels.py
[2024-11-13T19:50:06.224+0000] {logging_mixin.py:190} INFO - [2024-11-13T19:50:06.224+0000] {dag.py:3239} INFO - Sync 1 DAGs
[2024-11-13T19:50:06.241+0000] {logging_mixin.py:190} INFO - [2024-11-13T19:50:06.241+0000] {dag.py:4180} INFO - Setting next_dagrun for example_branch_labels to 2024-11-12 00:00:00+00:00, run_after=2024-11-13 00:00:00+00:00
[2024-11-13T19:50:06.257+0000] {processor.py:208} INFO - Processing /home/airflow/.local/lib/python3.12/site-packages/airflow/example_dags/example_branch_labels.py took 0.064 seconds
[2024-11-13T19:50:36.338+0000] {processor.py:186} INFO - Started process (PID=3444) to work on /home/airflow/.local/lib/python3.12/site-packages/airflow/example_dags/example_branch_labels.py
[2024-11-13T19:50:36.339+0000] {processor.py:914} INFO - Processing file /home/airflow/.local/lib/python3.12/site-packages/airflow/example_dags/example_branch_labels.py for tasks to queue
[2024-11-13T19:50:36.341+0000] {logging_mixin.py:190} INFO - [2024-11-13T19:50:36.341+0000] {dagbag.py:588} INFO - Filling up the DagBag from /home/airflow/.local/lib/python3.12/site-packages/airflow/example_dags/example_branch_labels.py
[2024-11-13T19:50:36.348+0000] {processor.py:925} INFO - DAG(s) 'example_branch_labels' retrieved from /home/airflow/.local/lib/python3.12/site-packages/airflow/example_dags/example_branch_labels.py
[2024-11-13T19:50:36.365+0000] {logging_mixin.py:190} INFO - [2024-11-13T19:50:36.365+0000] {dag.py:3239} INFO - Sync 1 DAGs
[2024-11-13T19:50:36.382+0000] {logging_mixin.py:190} INFO - [2024-11-13T19:50:36.382+0000] {dag.py:4180} INFO - Setting next_dagrun for example_branch_labels to 2024-11-12 00:00:00+00:00, run_after=2024-11-13 00:00:00+00:00
[2024-11-13T19:50:36.395+0000] {processor.py:208} INFO - Processing /home/airflow/.local/lib/python3.12/site-packages/airflow/example_dags/example_branch_labels.py took 0.062 seconds
[2024-11-13T19:51:06.511+0000] {processor.py:186} INFO - Started process (PID=3506) to work on /home/airflow/.local/lib/python3.12/site-packages/airflow/example_dags/example_branch_labels.py
[2024-11-13T19:51:06.512+0000] {processor.py:914} INFO - Processing file /home/airflow/.local/lib/python3.12/site-packages/airflow/example_dags/example_branch_labels.py for tasks to queue
[2024-11-13T19:51:06.514+0000] {logging_mixin.py:190} INFO - [2024-11-13T19:51:06.513+0000] {dagbag.py:588} INFO - Filling up the DagBag from /home/airflow/.local/lib/python3.12/site-packages/airflow/example_dags/example_branch_labels.py
[2024-11-13T19:51:06.521+0000] {processor.py:925} INFO - DAG(s) 'example_branch_labels' retrieved from /home/airflow/.local/lib/python3.12/site-packages/airflow/example_dags/example_branch_labels.py
[2024-11-13T19:51:06.537+0000] {logging_mixin.py:190} INFO - [2024-11-13T19:51:06.537+0000] {dag.py:3239} INFO - Sync 1 DAGs
[2024-11-13T19:51:06.555+0000] {logging_mixin.py:190} INFO - [2024-11-13T19:51:06.555+0000] {dag.py:4180} INFO - Setting next_dagrun for example_branch_labels to 2024-11-12 00:00:00+00:00, run_after=2024-11-13 00:00:00+00:00
[2024-11-13T19:51:06.570+0000] {processor.py:208} INFO - Processing /home/airflow/.local/lib/python3.12/site-packages/airflow/example_dags/example_branch_labels.py took 0.064 seconds
[2024-11-13T19:51:36.761+0000] {processor.py:186} INFO - Started process (PID=3569) to work on /home/airflow/.local/lib/python3.12/site-packages/airflow/example_dags/example_branch_labels.py
[2024-11-13T19:51:36.762+0000] {processor.py:914} INFO - Processing file /home/airflow/.local/lib/python3.12/site-packages/airflow/example_dags/example_branch_labels.py for tasks to queue
[2024-11-13T19:51:36.764+0000] {logging_mixin.py:190} INFO - [2024-11-13T19:51:36.764+0000] {dagbag.py:588} INFO - Filling up the DagBag from /home/airflow/.local/lib/python3.12/site-packages/airflow/example_dags/example_branch_labels.py
[2024-11-13T19:51:36.772+0000] {processor.py:925} INFO - DAG(s) 'example_branch_labels' retrieved from /home/airflow/.local/lib/python3.12/site-packages/airflow/example_dags/example_branch_labels.py
[2024-11-13T19:51:36.788+0000] {logging_mixin.py:190} INFO - [2024-11-13T19:51:36.788+0000] {dag.py:3239} INFO - Sync 1 DAGs
[2024-11-13T19:51:36.807+0000] {logging_mixin.py:190} INFO - [2024-11-13T19:51:36.807+0000] {dag.py:4180} INFO - Setting next_dagrun for example_branch_labels to 2024-11-12 00:00:00+00:00, run_after=2024-11-13 00:00:00+00:00
[2024-11-13T19:51:36.824+0000] {processor.py:208} INFO - Processing /home/airflow/.local/lib/python3.12/site-packages/airflow/example_dags/example_branch_labels.py took 0.068 seconds
[2024-11-13T19:52:06.928+0000] {processor.py:186} INFO - Started process (PID=3632) to work on /home/airflow/.local/lib/python3.12/site-packages/airflow/example_dags/example_branch_labels.py
[2024-11-13T19:52:06.929+0000] {processor.py:914} INFO - Processing file /home/airflow/.local/lib/python3.12/site-packages/airflow/example_dags/example_branch_labels.py for tasks to queue
[2024-11-13T19:52:06.931+0000] {logging_mixin.py:190} INFO - [2024-11-13T19:52:06.930+0000] {dagbag.py:588} INFO - Filling up the DagBag from /home/airflow/.local/lib/python3.12/site-packages/airflow/example_dags/example_branch_labels.py
[2024-11-13T19:52:06.938+0000] {processor.py:925} INFO - DAG(s) 'example_branch_labels' retrieved from /home/airflow/.local/lib/python3.12/site-packages/airflow/example_dags/example_branch_labels.py
[2024-11-13T19:52:06.953+0000] {logging_mixin.py:190} INFO - [2024-11-13T19:52:06.952+0000] {dag.py:3239} INFO - Sync 1 DAGs
[2024-11-13T19:52:06.969+0000] {logging_mixin.py:190} INFO - [2024-11-13T19:52:06.969+0000] {dag.py:4180} INFO - Setting next_dagrun for example_branch_labels to 2024-11-12 00:00:00+00:00, run_after=2024-11-13 00:00:00+00:00
[2024-11-13T19:52:06.982+0000] {processor.py:208} INFO - Processing /home/airflow/.local/lib/python3.12/site-packages/airflow/example_dags/example_branch_labels.py took 0.058 seconds
[2024-11-13T19:52:37.175+0000] {processor.py:186} INFO - Started process (PID=3695) to work on /home/airflow/.local/lib/python3.12/site-packages/airflow/example_dags/example_branch_labels.py
[2024-11-13T19:52:37.176+0000] {processor.py:914} INFO - Processing file /home/airflow/.local/lib/python3.12/site-packages/airflow/example_dags/example_branch_labels.py for tasks to queue
[2024-11-13T19:52:37.178+0000] {logging_mixin.py:190} INFO - [2024-11-13T19:52:37.178+0000] {dagbag.py:588} INFO - Filling up the DagBag from /home/airflow/.local/lib/python3.12/site-packages/airflow/example_dags/example_branch_labels.py
[2024-11-13T19:52:37.186+0000] {processor.py:925} INFO - DAG(s) 'example_branch_labels' retrieved from /home/airflow/.local/lib/python3.12/site-packages/airflow/example_dags/example_branch_labels.py
[2024-11-13T19:52:37.200+0000] {logging_mixin.py:190} INFO - [2024-11-13T19:52:37.200+0000] {dag.py:3239} INFO - Sync 1 DAGs
[2024-11-13T19:52:37.218+0000] {logging_mixin.py:190} INFO - [2024-11-13T19:52:37.218+0000] {dag.py:4180} INFO - Setting next_dagrun for example_branch_labels to 2024-11-12 00:00:00+00:00, run_after=2024-11-13 00:00:00+00:00
[2024-11-13T19:52:37.231+0000] {processor.py:208} INFO - Processing /home/airflow/.local/lib/python3.12/site-packages/airflow/example_dags/example_branch_labels.py took 0.060 seconds
