[2024-11-13T19:23:18.616+0000] {processor.py:186} INFO - Started process (PID=91) to work on /home/airflow/.local/lib/python3.12/site-packages/airflow/example_dags/example_dynamic_task_mapping.py
[2024-11-13T19:23:18.617+0000] {processor.py:914} INFO - Processing file /home/airflow/.local/lib/python3.12/site-packages/airflow/example_dags/example_dynamic_task_mapping.py for tasks to queue
[2024-11-13T19:23:18.618+0000] {logging_mixin.py:190} INFO - [2024-11-13T19:23:18.618+0000] {dagbag.py:588} INFO - Filling up the DagBag from /home/airflow/.local/lib/python3.12/site-packages/airflow/example_dags/example_dynamic_task_mapping.py
[2024-11-13T19:23:18.625+0000] {processor.py:925} INFO - DAG(s) 'example_dynamic_task_mapping' retrieved from /home/airflow/.local/lib/python3.12/site-packages/airflow/example_dags/example_dynamic_task_mapping.py
[2024-11-13T19:23:18.698+0000] {logging_mixin.py:190} INFO - [2024-11-13T19:23:18.698+0000] {override.py:1911} INFO - Created Permission View: can edit on DAG:example_dynamic_task_mapping
[2024-11-13T19:23:18.706+0000] {logging_mixin.py:190} INFO - [2024-11-13T19:23:18.706+0000] {override.py:1911} INFO - Created Permission View: can read on DAG:example_dynamic_task_mapping
[2024-11-13T19:23:18.712+0000] {logging_mixin.py:190} INFO - [2024-11-13T19:23:18.712+0000] {override.py:1911} INFO - Created Permission View: can delete on DAG:example_dynamic_task_mapping
[2024-11-13T19:23:18.718+0000] {logging_mixin.py:190} INFO - [2024-11-13T19:23:18.717+0000] {override.py:1911} INFO - Created Permission View: can delete on DAG Run:example_dynamic_task_mapping
[2024-11-13T19:23:18.723+0000] {logging_mixin.py:190} INFO - [2024-11-13T19:23:18.722+0000] {override.py:1911} INFO - Created Permission View: can read on DAG Run:example_dynamic_task_mapping
[2024-11-13T19:23:18.727+0000] {logging_mixin.py:190} INFO - [2024-11-13T19:23:18.727+0000] {override.py:1911} INFO - Created Permission View: menu access on DAG Run:example_dynamic_task_mapping
[2024-11-13T19:23:18.731+0000] {logging_mixin.py:190} INFO - [2024-11-13T19:23:18.731+0000] {override.py:1911} INFO - Created Permission View: can create on DAG Run:example_dynamic_task_mapping
[2024-11-13T19:23:18.731+0000] {logging_mixin.py:190} INFO - [2024-11-13T19:23:18.731+0000] {dag.py:3239} INFO - Sync 1 DAGs
[2024-11-13T19:23:18.740+0000] {logging_mixin.py:190} INFO - [2024-11-13T19:23:18.739+0000] {dag.py:3262} INFO - Creating ORM DAG for example_dynamic_task_mapping
[2024-11-13T19:23:18.740+0000] {logging_mixin.py:190} INFO - [2024-11-13T19:23:18.740+0000] {dag.py:4180} INFO - Setting next_dagrun for example_dynamic_task_mapping to None, run_after=None
[2024-11-13T19:23:18.752+0000] {processor.py:208} INFO - Processing /home/airflow/.local/lib/python3.12/site-packages/airflow/example_dags/example_dynamic_task_mapping.py took 0.140 seconds
[2024-11-13T19:23:48.998+0000] {processor.py:186} INFO - Started process (PID=153) to work on /home/airflow/.local/lib/python3.12/site-packages/airflow/example_dags/example_dynamic_task_mapping.py
[2024-11-13T19:23:48.999+0000] {processor.py:914} INFO - Processing file /home/airflow/.local/lib/python3.12/site-packages/airflow/example_dags/example_dynamic_task_mapping.py for tasks to queue
[2024-11-13T19:23:49.001+0000] {logging_mixin.py:190} INFO - [2024-11-13T19:23:49.000+0000] {dagbag.py:588} INFO - Filling up the DagBag from /home/airflow/.local/lib/python3.12/site-packages/airflow/example_dags/example_dynamic_task_mapping.py
[2024-11-13T19:23:49.009+0000] {processor.py:925} INFO - DAG(s) 'example_dynamic_task_mapping' retrieved from /home/airflow/.local/lib/python3.12/site-packages/airflow/example_dags/example_dynamic_task_mapping.py
[2024-11-13T19:23:49.026+0000] {logging_mixin.py:190} INFO - [2024-11-13T19:23:49.026+0000] {dag.py:3239} INFO - Sync 1 DAGs
[2024-11-13T19:23:49.037+0000] {logging_mixin.py:190} INFO - [2024-11-13T19:23:49.037+0000] {dag.py:4180} INFO - Setting next_dagrun for example_dynamic_task_mapping to None, run_after=None
[2024-11-13T19:23:49.052+0000] {processor.py:208} INFO - Processing /home/airflow/.local/lib/python3.12/site-packages/airflow/example_dags/example_dynamic_task_mapping.py took 0.059 seconds
[2024-11-13T19:24:19.182+0000] {processor.py:186} INFO - Started process (PID=221) to work on /home/airflow/.local/lib/python3.12/site-packages/airflow/example_dags/example_dynamic_task_mapping.py
[2024-11-13T19:24:19.184+0000] {processor.py:914} INFO - Processing file /home/airflow/.local/lib/python3.12/site-packages/airflow/example_dags/example_dynamic_task_mapping.py for tasks to queue
[2024-11-13T19:24:19.185+0000] {logging_mixin.py:190} INFO - [2024-11-13T19:24:19.185+0000] {dagbag.py:588} INFO - Filling up the DagBag from /home/airflow/.local/lib/python3.12/site-packages/airflow/example_dags/example_dynamic_task_mapping.py
[2024-11-13T19:24:19.192+0000] {processor.py:925} INFO - DAG(s) 'example_dynamic_task_mapping' retrieved from /home/airflow/.local/lib/python3.12/site-packages/airflow/example_dags/example_dynamic_task_mapping.py
[2024-11-13T19:24:19.210+0000] {logging_mixin.py:190} INFO - [2024-11-13T19:24:19.209+0000] {dag.py:3239} INFO - Sync 1 DAGs
[2024-11-13T19:24:19.221+0000] {logging_mixin.py:190} INFO - [2024-11-13T19:24:19.221+0000] {dag.py:4180} INFO - Setting next_dagrun for example_dynamic_task_mapping to None, run_after=None
[2024-11-13T19:24:19.237+0000] {processor.py:208} INFO - Processing /home/airflow/.local/lib/python3.12/site-packages/airflow/example_dags/example_dynamic_task_mapping.py took 0.059 seconds
[2024-11-13T19:24:50.639+0000] {processor.py:186} INFO - Started process (PID=285) to work on /home/airflow/.local/lib/python3.12/site-packages/airflow/example_dags/example_dynamic_task_mapping.py
[2024-11-13T19:24:50.640+0000] {processor.py:914} INFO - Processing file /home/airflow/.local/lib/python3.12/site-packages/airflow/example_dags/example_dynamic_task_mapping.py for tasks to queue
[2024-11-13T19:24:50.642+0000] {logging_mixin.py:190} INFO - [2024-11-13T19:24:50.642+0000] {dagbag.py:588} INFO - Filling up the DagBag from /home/airflow/.local/lib/python3.12/site-packages/airflow/example_dags/example_dynamic_task_mapping.py
[2024-11-13T19:24:50.648+0000] {processor.py:925} INFO - DAG(s) 'example_dynamic_task_mapping' retrieved from /home/airflow/.local/lib/python3.12/site-packages/airflow/example_dags/example_dynamic_task_mapping.py
[2024-11-13T19:24:50.662+0000] {logging_mixin.py:190} INFO - [2024-11-13T19:24:50.661+0000] {dag.py:3239} INFO - Sync 1 DAGs
[2024-11-13T19:24:50.671+0000] {logging_mixin.py:190} INFO - [2024-11-13T19:24:50.671+0000] {dag.py:4180} INFO - Setting next_dagrun for example_dynamic_task_mapping to None, run_after=None
[2024-11-13T19:24:50.685+0000] {processor.py:208} INFO - Processing /home/airflow/.local/lib/python3.12/site-packages/airflow/example_dags/example_dynamic_task_mapping.py took 0.050 seconds
[2024-11-13T19:25:22.321+0000] {processor.py:186} INFO - Started process (PID=349) to work on /home/airflow/.local/lib/python3.12/site-packages/airflow/example_dags/example_dynamic_task_mapping.py
[2024-11-13T19:25:22.322+0000] {processor.py:914} INFO - Processing file /home/airflow/.local/lib/python3.12/site-packages/airflow/example_dags/example_dynamic_task_mapping.py for tasks to queue
[2024-11-13T19:25:22.324+0000] {logging_mixin.py:190} INFO - [2024-11-13T19:25:22.324+0000] {dagbag.py:588} INFO - Filling up the DagBag from /home/airflow/.local/lib/python3.12/site-packages/airflow/example_dags/example_dynamic_task_mapping.py
[2024-11-13T19:25:22.331+0000] {processor.py:925} INFO - DAG(s) 'example_dynamic_task_mapping' retrieved from /home/airflow/.local/lib/python3.12/site-packages/airflow/example_dags/example_dynamic_task_mapping.py
[2024-11-13T19:25:22.349+0000] {logging_mixin.py:190} INFO - [2024-11-13T19:25:22.349+0000] {dag.py:3239} INFO - Sync 1 DAGs
[2024-11-13T19:25:22.361+0000] {logging_mixin.py:190} INFO - [2024-11-13T19:25:22.361+0000] {dag.py:4180} INFO - Setting next_dagrun for example_dynamic_task_mapping to None, run_after=None
[2024-11-13T19:25:22.377+0000] {processor.py:208} INFO - Processing /home/airflow/.local/lib/python3.12/site-packages/airflow/example_dags/example_dynamic_task_mapping.py took 0.062 seconds
[2024-11-13T19:25:53.317+0000] {processor.py:186} INFO - Started process (PID=411) to work on /home/airflow/.local/lib/python3.12/site-packages/airflow/example_dags/example_dynamic_task_mapping.py
[2024-11-13T19:25:53.318+0000] {processor.py:914} INFO - Processing file /home/airflow/.local/lib/python3.12/site-packages/airflow/example_dags/example_dynamic_task_mapping.py for tasks to queue
[2024-11-13T19:25:53.320+0000] {logging_mixin.py:190} INFO - [2024-11-13T19:25:53.320+0000] {dagbag.py:588} INFO - Filling up the DagBag from /home/airflow/.local/lib/python3.12/site-packages/airflow/example_dags/example_dynamic_task_mapping.py
[2024-11-13T19:25:53.326+0000] {processor.py:925} INFO - DAG(s) 'example_dynamic_task_mapping' retrieved from /home/airflow/.local/lib/python3.12/site-packages/airflow/example_dags/example_dynamic_task_mapping.py
[2024-11-13T19:25:53.339+0000] {logging_mixin.py:190} INFO - [2024-11-13T19:25:53.339+0000] {dag.py:3239} INFO - Sync 1 DAGs
[2024-11-13T19:25:53.351+0000] {logging_mixin.py:190} INFO - [2024-11-13T19:25:53.351+0000] {dag.py:4180} INFO - Setting next_dagrun for example_dynamic_task_mapping to None, run_after=None
[2024-11-13T19:25:53.364+0000] {processor.py:208} INFO - Processing /home/airflow/.local/lib/python3.12/site-packages/airflow/example_dags/example_dynamic_task_mapping.py took 0.051 seconds
[2024-11-13T19:26:24.500+0000] {processor.py:186} INFO - Started process (PID=474) to work on /home/airflow/.local/lib/python3.12/site-packages/airflow/example_dags/example_dynamic_task_mapping.py
[2024-11-13T19:26:24.501+0000] {processor.py:914} INFO - Processing file /home/airflow/.local/lib/python3.12/site-packages/airflow/example_dags/example_dynamic_task_mapping.py for tasks to queue
[2024-11-13T19:26:24.503+0000] {logging_mixin.py:190} INFO - [2024-11-13T19:26:24.503+0000] {dagbag.py:588} INFO - Filling up the DagBag from /home/airflow/.local/lib/python3.12/site-packages/airflow/example_dags/example_dynamic_task_mapping.py
[2024-11-13T19:26:24.511+0000] {processor.py:925} INFO - DAG(s) 'example_dynamic_task_mapping' retrieved from /home/airflow/.local/lib/python3.12/site-packages/airflow/example_dags/example_dynamic_task_mapping.py
[2024-11-13T19:26:24.528+0000] {logging_mixin.py:190} INFO - [2024-11-13T19:26:24.527+0000] {dag.py:3239} INFO - Sync 1 DAGs
[2024-11-13T19:26:24.538+0000] {logging_mixin.py:190} INFO - [2024-11-13T19:26:24.538+0000] {dag.py:4180} INFO - Setting next_dagrun for example_dynamic_task_mapping to None, run_after=None
[2024-11-13T19:26:24.553+0000] {processor.py:208} INFO - Processing /home/airflow/.local/lib/python3.12/site-packages/airflow/example_dags/example_dynamic_task_mapping.py took 0.057 seconds
[2024-11-13T19:26:55.674+0000] {processor.py:186} INFO - Started process (PID=537) to work on /home/airflow/.local/lib/python3.12/site-packages/airflow/example_dags/example_dynamic_task_mapping.py
[2024-11-13T19:26:55.675+0000] {processor.py:914} INFO - Processing file /home/airflow/.local/lib/python3.12/site-packages/airflow/example_dags/example_dynamic_task_mapping.py for tasks to queue
[2024-11-13T19:26:55.677+0000] {logging_mixin.py:190} INFO - [2024-11-13T19:26:55.676+0000] {dagbag.py:588} INFO - Filling up the DagBag from /home/airflow/.local/lib/python3.12/site-packages/airflow/example_dags/example_dynamic_task_mapping.py
[2024-11-13T19:26:55.682+0000] {processor.py:925} INFO - DAG(s) 'example_dynamic_task_mapping' retrieved from /home/airflow/.local/lib/python3.12/site-packages/airflow/example_dags/example_dynamic_task_mapping.py
[2024-11-13T19:26:55.696+0000] {logging_mixin.py:190} INFO - [2024-11-13T19:26:55.696+0000] {dag.py:3239} INFO - Sync 1 DAGs
[2024-11-13T19:26:55.706+0000] {logging_mixin.py:190} INFO - [2024-11-13T19:26:55.705+0000] {dag.py:4180} INFO - Setting next_dagrun for example_dynamic_task_mapping to None, run_after=None
[2024-11-13T19:26:55.718+0000] {processor.py:208} INFO - Processing /home/airflow/.local/lib/python3.12/site-packages/airflow/example_dags/example_dynamic_task_mapping.py took 0.048 seconds
[2024-11-13T19:27:27.052+0000] {processor.py:186} INFO - Started process (PID=600) to work on /home/airflow/.local/lib/python3.12/site-packages/airflow/example_dags/example_dynamic_task_mapping.py
[2024-11-13T19:27:27.053+0000] {processor.py:914} INFO - Processing file /home/airflow/.local/lib/python3.12/site-packages/airflow/example_dags/example_dynamic_task_mapping.py for tasks to queue
[2024-11-13T19:27:27.054+0000] {logging_mixin.py:190} INFO - [2024-11-13T19:27:27.054+0000] {dagbag.py:588} INFO - Filling up the DagBag from /home/airflow/.local/lib/python3.12/site-packages/airflow/example_dags/example_dynamic_task_mapping.py
[2024-11-13T19:27:27.060+0000] {processor.py:925} INFO - DAG(s) 'example_dynamic_task_mapping' retrieved from /home/airflow/.local/lib/python3.12/site-packages/airflow/example_dags/example_dynamic_task_mapping.py
[2024-11-13T19:27:27.076+0000] {logging_mixin.py:190} INFO - [2024-11-13T19:27:27.076+0000] {dag.py:3239} INFO - Sync 1 DAGs
[2024-11-13T19:27:27.086+0000] {logging_mixin.py:190} INFO - [2024-11-13T19:27:27.086+0000] {dag.py:4180} INFO - Setting next_dagrun for example_dynamic_task_mapping to None, run_after=None
[2024-11-13T19:27:27.099+0000] {processor.py:208} INFO - Processing /home/airflow/.local/lib/python3.12/site-packages/airflow/example_dags/example_dynamic_task_mapping.py took 0.051 seconds
[2024-11-13T19:27:58.206+0000] {processor.py:186} INFO - Started process (PID=663) to work on /home/airflow/.local/lib/python3.12/site-packages/airflow/example_dags/example_dynamic_task_mapping.py
[2024-11-13T19:27:58.207+0000] {processor.py:914} INFO - Processing file /home/airflow/.local/lib/python3.12/site-packages/airflow/example_dags/example_dynamic_task_mapping.py for tasks to queue
[2024-11-13T19:27:58.209+0000] {logging_mixin.py:190} INFO - [2024-11-13T19:27:58.209+0000] {dagbag.py:588} INFO - Filling up the DagBag from /home/airflow/.local/lib/python3.12/site-packages/airflow/example_dags/example_dynamic_task_mapping.py
[2024-11-13T19:27:58.215+0000] {processor.py:925} INFO - DAG(s) 'example_dynamic_task_mapping' retrieved from /home/airflow/.local/lib/python3.12/site-packages/airflow/example_dags/example_dynamic_task_mapping.py
[2024-11-13T19:27:58.229+0000] {logging_mixin.py:190} INFO - [2024-11-13T19:27:58.229+0000] {dag.py:3239} INFO - Sync 1 DAGs
[2024-11-13T19:27:58.239+0000] {logging_mixin.py:190} INFO - [2024-11-13T19:27:58.239+0000] {dag.py:4180} INFO - Setting next_dagrun for example_dynamic_task_mapping to None, run_after=None
[2024-11-13T19:27:58.251+0000] {processor.py:208} INFO - Processing /home/airflow/.local/lib/python3.12/site-packages/airflow/example_dags/example_dynamic_task_mapping.py took 0.049 seconds
[2024-11-13T19:28:28.712+0000] {processor.py:186} INFO - Started process (PID=726) to work on /home/airflow/.local/lib/python3.12/site-packages/airflow/example_dags/example_dynamic_task_mapping.py
[2024-11-13T19:28:28.713+0000] {processor.py:914} INFO - Processing file /home/airflow/.local/lib/python3.12/site-packages/airflow/example_dags/example_dynamic_task_mapping.py for tasks to queue
[2024-11-13T19:28:28.714+0000] {logging_mixin.py:190} INFO - [2024-11-13T19:28:28.714+0000] {dagbag.py:588} INFO - Filling up the DagBag from /home/airflow/.local/lib/python3.12/site-packages/airflow/example_dags/example_dynamic_task_mapping.py
[2024-11-13T19:28:28.721+0000] {processor.py:925} INFO - DAG(s) 'example_dynamic_task_mapping' retrieved from /home/airflow/.local/lib/python3.12/site-packages/airflow/example_dags/example_dynamic_task_mapping.py
[2024-11-13T19:28:28.736+0000] {logging_mixin.py:190} INFO - [2024-11-13T19:28:28.736+0000] {dag.py:3239} INFO - Sync 1 DAGs
[2024-11-13T19:28:28.747+0000] {logging_mixin.py:190} INFO - [2024-11-13T19:28:28.746+0000] {dag.py:4180} INFO - Setting next_dagrun for example_dynamic_task_mapping to None, run_after=None
[2024-11-13T19:28:28.760+0000] {processor.py:208} INFO - Processing /home/airflow/.local/lib/python3.12/site-packages/airflow/example_dags/example_dynamic_task_mapping.py took 0.052 seconds
[2024-11-13T19:28:59.272+0000] {processor.py:186} INFO - Started process (PID=789) to work on /home/airflow/.local/lib/python3.12/site-packages/airflow/example_dags/example_dynamic_task_mapping.py
[2024-11-13T19:28:59.272+0000] {processor.py:914} INFO - Processing file /home/airflow/.local/lib/python3.12/site-packages/airflow/example_dags/example_dynamic_task_mapping.py for tasks to queue
[2024-11-13T19:28:59.274+0000] {logging_mixin.py:190} INFO - [2024-11-13T19:28:59.274+0000] {dagbag.py:588} INFO - Filling up the DagBag from /home/airflow/.local/lib/python3.12/site-packages/airflow/example_dags/example_dynamic_task_mapping.py
[2024-11-13T19:28:59.280+0000] {processor.py:925} INFO - DAG(s) 'example_dynamic_task_mapping' retrieved from /home/airflow/.local/lib/python3.12/site-packages/airflow/example_dags/example_dynamic_task_mapping.py
[2024-11-13T19:28:59.296+0000] {logging_mixin.py:190} INFO - [2024-11-13T19:28:59.295+0000] {dag.py:3239} INFO - Sync 1 DAGs
[2024-11-13T19:28:59.307+0000] {logging_mixin.py:190} INFO - [2024-11-13T19:28:59.306+0000] {dag.py:4180} INFO - Setting next_dagrun for example_dynamic_task_mapping to None, run_after=None
[2024-11-13T19:28:59.321+0000] {processor.py:208} INFO - Processing /home/airflow/.local/lib/python3.12/site-packages/airflow/example_dags/example_dynamic_task_mapping.py took 0.053 seconds
[2024-11-13T19:29:30.517+0000] {processor.py:186} INFO - Started process (PID=852) to work on /home/airflow/.local/lib/python3.12/site-packages/airflow/example_dags/example_dynamic_task_mapping.py
[2024-11-13T19:29:30.518+0000] {processor.py:914} INFO - Processing file /home/airflow/.local/lib/python3.12/site-packages/airflow/example_dags/example_dynamic_task_mapping.py for tasks to queue
[2024-11-13T19:29:30.520+0000] {logging_mixin.py:190} INFO - [2024-11-13T19:29:30.520+0000] {dagbag.py:588} INFO - Filling up the DagBag from /home/airflow/.local/lib/python3.12/site-packages/airflow/example_dags/example_dynamic_task_mapping.py
[2024-11-13T19:29:30.526+0000] {processor.py:925} INFO - DAG(s) 'example_dynamic_task_mapping' retrieved from /home/airflow/.local/lib/python3.12/site-packages/airflow/example_dags/example_dynamic_task_mapping.py
[2024-11-13T19:29:30.541+0000] {logging_mixin.py:190} INFO - [2024-11-13T19:29:30.540+0000] {dag.py:3239} INFO - Sync 1 DAGs
[2024-11-13T19:29:30.550+0000] {logging_mixin.py:190} INFO - [2024-11-13T19:29:30.550+0000] {dag.py:4180} INFO - Setting next_dagrun for example_dynamic_task_mapping to None, run_after=None
[2024-11-13T19:29:30.562+0000] {processor.py:208} INFO - Processing /home/airflow/.local/lib/python3.12/site-packages/airflow/example_dags/example_dynamic_task_mapping.py took 0.049 seconds
[2024-11-13T19:30:01.935+0000] {processor.py:186} INFO - Started process (PID=916) to work on /home/airflow/.local/lib/python3.12/site-packages/airflow/example_dags/example_dynamic_task_mapping.py
[2024-11-13T19:30:01.936+0000] {processor.py:914} INFO - Processing file /home/airflow/.local/lib/python3.12/site-packages/airflow/example_dags/example_dynamic_task_mapping.py for tasks to queue
[2024-11-13T19:30:01.938+0000] {logging_mixin.py:190} INFO - [2024-11-13T19:30:01.938+0000] {dagbag.py:588} INFO - Filling up the DagBag from /home/airflow/.local/lib/python3.12/site-packages/airflow/example_dags/example_dynamic_task_mapping.py
[2024-11-13T19:30:01.945+0000] {processor.py:925} INFO - DAG(s) 'example_dynamic_task_mapping' retrieved from /home/airflow/.local/lib/python3.12/site-packages/airflow/example_dags/example_dynamic_task_mapping.py
[2024-11-13T19:30:01.961+0000] {logging_mixin.py:190} INFO - [2024-11-13T19:30:01.961+0000] {dag.py:3239} INFO - Sync 1 DAGs
[2024-11-13T19:30:01.971+0000] {logging_mixin.py:190} INFO - [2024-11-13T19:30:01.971+0000] {dag.py:4180} INFO - Setting next_dagrun for example_dynamic_task_mapping to None, run_after=None
[2024-11-13T19:30:01.985+0000] {processor.py:208} INFO - Processing /home/airflow/.local/lib/python3.12/site-packages/airflow/example_dags/example_dynamic_task_mapping.py took 0.054 seconds
[2024-11-13T19:30:33.205+0000] {processor.py:186} INFO - Started process (PID=979) to work on /home/airflow/.local/lib/python3.12/site-packages/airflow/example_dags/example_dynamic_task_mapping.py
[2024-11-13T19:30:33.206+0000] {processor.py:914} INFO - Processing file /home/airflow/.local/lib/python3.12/site-packages/airflow/example_dags/example_dynamic_task_mapping.py for tasks to queue
[2024-11-13T19:30:33.208+0000] {logging_mixin.py:190} INFO - [2024-11-13T19:30:33.207+0000] {dagbag.py:588} INFO - Filling up the DagBag from /home/airflow/.local/lib/python3.12/site-packages/airflow/example_dags/example_dynamic_task_mapping.py
[2024-11-13T19:30:33.214+0000] {processor.py:925} INFO - DAG(s) 'example_dynamic_task_mapping' retrieved from /home/airflow/.local/lib/python3.12/site-packages/airflow/example_dags/example_dynamic_task_mapping.py
[2024-11-13T19:30:33.229+0000] {logging_mixin.py:190} INFO - [2024-11-13T19:30:33.228+0000] {dag.py:3239} INFO - Sync 1 DAGs
[2024-11-13T19:30:33.240+0000] {logging_mixin.py:190} INFO - [2024-11-13T19:30:33.240+0000] {dag.py:4180} INFO - Setting next_dagrun for example_dynamic_task_mapping to None, run_after=None
[2024-11-13T19:30:33.253+0000] {processor.py:208} INFO - Processing /home/airflow/.local/lib/python3.12/site-packages/airflow/example_dags/example_dynamic_task_mapping.py took 0.052 seconds
[2024-11-13T19:31:04.389+0000] {processor.py:186} INFO - Started process (PID=1042) to work on /home/airflow/.local/lib/python3.12/site-packages/airflow/example_dags/example_dynamic_task_mapping.py
[2024-11-13T19:31:04.390+0000] {processor.py:914} INFO - Processing file /home/airflow/.local/lib/python3.12/site-packages/airflow/example_dags/example_dynamic_task_mapping.py for tasks to queue
[2024-11-13T19:31:04.392+0000] {logging_mixin.py:190} INFO - [2024-11-13T19:31:04.391+0000] {dagbag.py:588} INFO - Filling up the DagBag from /home/airflow/.local/lib/python3.12/site-packages/airflow/example_dags/example_dynamic_task_mapping.py
[2024-11-13T19:31:04.398+0000] {processor.py:925} INFO - DAG(s) 'example_dynamic_task_mapping' retrieved from /home/airflow/.local/lib/python3.12/site-packages/airflow/example_dags/example_dynamic_task_mapping.py
[2024-11-13T19:31:04.414+0000] {logging_mixin.py:190} INFO - [2024-11-13T19:31:04.414+0000] {dag.py:3239} INFO - Sync 1 DAGs
[2024-11-13T19:31:04.426+0000] {logging_mixin.py:190} INFO - [2024-11-13T19:31:04.425+0000] {dag.py:4180} INFO - Setting next_dagrun for example_dynamic_task_mapping to None, run_after=None
[2024-11-13T19:31:04.440+0000] {processor.py:208} INFO - Processing /home/airflow/.local/lib/python3.12/site-packages/airflow/example_dags/example_dynamic_task_mapping.py took 0.055 seconds
[2024-11-13T19:31:35.506+0000] {processor.py:186} INFO - Started process (PID=1105) to work on /home/airflow/.local/lib/python3.12/site-packages/airflow/example_dags/example_dynamic_task_mapping.py
[2024-11-13T19:31:35.507+0000] {processor.py:914} INFO - Processing file /home/airflow/.local/lib/python3.12/site-packages/airflow/example_dags/example_dynamic_task_mapping.py for tasks to queue
[2024-11-13T19:31:35.509+0000] {logging_mixin.py:190} INFO - [2024-11-13T19:31:35.508+0000] {dagbag.py:588} INFO - Filling up the DagBag from /home/airflow/.local/lib/python3.12/site-packages/airflow/example_dags/example_dynamic_task_mapping.py
[2024-11-13T19:31:35.515+0000] {processor.py:925} INFO - DAG(s) 'example_dynamic_task_mapping' retrieved from /home/airflow/.local/lib/python3.12/site-packages/airflow/example_dags/example_dynamic_task_mapping.py
[2024-11-13T19:31:35.531+0000] {logging_mixin.py:190} INFO - [2024-11-13T19:31:35.531+0000] {dag.py:3239} INFO - Sync 1 DAGs
[2024-11-13T19:31:35.541+0000] {logging_mixin.py:190} INFO - [2024-11-13T19:31:35.541+0000] {dag.py:4180} INFO - Setting next_dagrun for example_dynamic_task_mapping to None, run_after=None
[2024-11-13T19:31:35.555+0000] {processor.py:208} INFO - Processing /home/airflow/.local/lib/python3.12/site-packages/airflow/example_dags/example_dynamic_task_mapping.py took 0.053 seconds
[2024-11-13T19:32:06.033+0000] {processor.py:186} INFO - Started process (PID=1168) to work on /home/airflow/.local/lib/python3.12/site-packages/airflow/example_dags/example_dynamic_task_mapping.py
[2024-11-13T19:32:06.034+0000] {processor.py:914} INFO - Processing file /home/airflow/.local/lib/python3.12/site-packages/airflow/example_dags/example_dynamic_task_mapping.py for tasks to queue
[2024-11-13T19:32:06.035+0000] {logging_mixin.py:190} INFO - [2024-11-13T19:32:06.035+0000] {dagbag.py:588} INFO - Filling up the DagBag from /home/airflow/.local/lib/python3.12/site-packages/airflow/example_dags/example_dynamic_task_mapping.py
[2024-11-13T19:32:06.041+0000] {processor.py:925} INFO - DAG(s) 'example_dynamic_task_mapping' retrieved from /home/airflow/.local/lib/python3.12/site-packages/airflow/example_dags/example_dynamic_task_mapping.py
[2024-11-13T19:32:06.056+0000] {logging_mixin.py:190} INFO - [2024-11-13T19:32:06.056+0000] {dag.py:3239} INFO - Sync 1 DAGs
[2024-11-13T19:32:06.066+0000] {logging_mixin.py:190} INFO - [2024-11-13T19:32:06.066+0000] {dag.py:4180} INFO - Setting next_dagrun for example_dynamic_task_mapping to None, run_after=None
[2024-11-13T19:32:06.079+0000] {processor.py:208} INFO - Processing /home/airflow/.local/lib/python3.12/site-packages/airflow/example_dags/example_dynamic_task_mapping.py took 0.051 seconds
[2024-11-13T19:32:36.594+0000] {processor.py:186} INFO - Started process (PID=1231) to work on /home/airflow/.local/lib/python3.12/site-packages/airflow/example_dags/example_dynamic_task_mapping.py
[2024-11-13T19:32:36.595+0000] {processor.py:914} INFO - Processing file /home/airflow/.local/lib/python3.12/site-packages/airflow/example_dags/example_dynamic_task_mapping.py for tasks to queue
[2024-11-13T19:32:36.597+0000] {logging_mixin.py:190} INFO - [2024-11-13T19:32:36.597+0000] {dagbag.py:588} INFO - Filling up the DagBag from /home/airflow/.local/lib/python3.12/site-packages/airflow/example_dags/example_dynamic_task_mapping.py
[2024-11-13T19:32:36.604+0000] {processor.py:925} INFO - DAG(s) 'example_dynamic_task_mapping' retrieved from /home/airflow/.local/lib/python3.12/site-packages/airflow/example_dags/example_dynamic_task_mapping.py
[2024-11-13T19:32:36.621+0000] {logging_mixin.py:190} INFO - [2024-11-13T19:32:36.621+0000] {dag.py:3239} INFO - Sync 1 DAGs
[2024-11-13T19:32:36.632+0000] {logging_mixin.py:190} INFO - [2024-11-13T19:32:36.632+0000] {dag.py:4180} INFO - Setting next_dagrun for example_dynamic_task_mapping to None, run_after=None
[2024-11-13T19:32:36.647+0000] {processor.py:208} INFO - Processing /home/airflow/.local/lib/python3.12/site-packages/airflow/example_dags/example_dynamic_task_mapping.py took 0.058 seconds
[2024-11-13T19:33:07.755+0000] {processor.py:186} INFO - Started process (PID=1295) to work on /home/airflow/.local/lib/python3.12/site-packages/airflow/example_dags/example_dynamic_task_mapping.py
[2024-11-13T19:33:07.756+0000] {processor.py:914} INFO - Processing file /home/airflow/.local/lib/python3.12/site-packages/airflow/example_dags/example_dynamic_task_mapping.py for tasks to queue
[2024-11-13T19:33:07.758+0000] {logging_mixin.py:190} INFO - [2024-11-13T19:33:07.758+0000] {dagbag.py:588} INFO - Filling up the DagBag from /home/airflow/.local/lib/python3.12/site-packages/airflow/example_dags/example_dynamic_task_mapping.py
[2024-11-13T19:33:07.764+0000] {processor.py:925} INFO - DAG(s) 'example_dynamic_task_mapping' retrieved from /home/airflow/.local/lib/python3.12/site-packages/airflow/example_dags/example_dynamic_task_mapping.py
[2024-11-13T19:33:07.780+0000] {logging_mixin.py:190} INFO - [2024-11-13T19:33:07.780+0000] {dag.py:3239} INFO - Sync 1 DAGs
[2024-11-13T19:33:07.790+0000] {logging_mixin.py:190} INFO - [2024-11-13T19:33:07.789+0000] {dag.py:4180} INFO - Setting next_dagrun for example_dynamic_task_mapping to None, run_after=None
[2024-11-13T19:33:07.804+0000] {processor.py:208} INFO - Processing /home/airflow/.local/lib/python3.12/site-packages/airflow/example_dags/example_dynamic_task_mapping.py took 0.053 seconds
[2024-11-13T19:33:38.378+0000] {processor.py:186} INFO - Started process (PID=1358) to work on /home/airflow/.local/lib/python3.12/site-packages/airflow/example_dags/example_dynamic_task_mapping.py
[2024-11-13T19:33:38.379+0000] {processor.py:914} INFO - Processing file /home/airflow/.local/lib/python3.12/site-packages/airflow/example_dags/example_dynamic_task_mapping.py for tasks to queue
[2024-11-13T19:33:38.380+0000] {logging_mixin.py:190} INFO - [2024-11-13T19:33:38.380+0000] {dagbag.py:588} INFO - Filling up the DagBag from /home/airflow/.local/lib/python3.12/site-packages/airflow/example_dags/example_dynamic_task_mapping.py
[2024-11-13T19:33:38.386+0000] {processor.py:925} INFO - DAG(s) 'example_dynamic_task_mapping' retrieved from /home/airflow/.local/lib/python3.12/site-packages/airflow/example_dags/example_dynamic_task_mapping.py
[2024-11-13T19:33:38.401+0000] {logging_mixin.py:190} INFO - [2024-11-13T19:33:38.401+0000] {dag.py:3239} INFO - Sync 1 DAGs
[2024-11-13T19:33:38.411+0000] {logging_mixin.py:190} INFO - [2024-11-13T19:33:38.411+0000] {dag.py:4180} INFO - Setting next_dagrun for example_dynamic_task_mapping to None, run_after=None
[2024-11-13T19:33:38.424+0000] {processor.py:208} INFO - Processing /home/airflow/.local/lib/python3.12/site-packages/airflow/example_dags/example_dynamic_task_mapping.py took 0.051 seconds
[2024-11-13T19:34:09.472+0000] {processor.py:186} INFO - Started process (PID=1421) to work on /home/airflow/.local/lib/python3.12/site-packages/airflow/example_dags/example_dynamic_task_mapping.py
[2024-11-13T19:34:09.473+0000] {processor.py:914} INFO - Processing file /home/airflow/.local/lib/python3.12/site-packages/airflow/example_dags/example_dynamic_task_mapping.py for tasks to queue
[2024-11-13T19:34:09.475+0000] {logging_mixin.py:190} INFO - [2024-11-13T19:34:09.474+0000] {dagbag.py:588} INFO - Filling up the DagBag from /home/airflow/.local/lib/python3.12/site-packages/airflow/example_dags/example_dynamic_task_mapping.py
[2024-11-13T19:34:09.481+0000] {processor.py:925} INFO - DAG(s) 'example_dynamic_task_mapping' retrieved from /home/airflow/.local/lib/python3.12/site-packages/airflow/example_dags/example_dynamic_task_mapping.py
[2024-11-13T19:34:09.496+0000] {logging_mixin.py:190} INFO - [2024-11-13T19:34:09.496+0000] {dag.py:3239} INFO - Sync 1 DAGs
[2024-11-13T19:34:09.507+0000] {logging_mixin.py:190} INFO - [2024-11-13T19:34:09.507+0000] {dag.py:4180} INFO - Setting next_dagrun for example_dynamic_task_mapping to None, run_after=None
[2024-11-13T19:34:09.522+0000] {processor.py:208} INFO - Processing /home/airflow/.local/lib/python3.12/site-packages/airflow/example_dags/example_dynamic_task_mapping.py took 0.054 seconds
[2024-11-13T19:34:40.993+0000] {processor.py:186} INFO - Started process (PID=1484) to work on /home/airflow/.local/lib/python3.12/site-packages/airflow/example_dags/example_dynamic_task_mapping.py
[2024-11-13T19:34:40.994+0000] {processor.py:914} INFO - Processing file /home/airflow/.local/lib/python3.12/site-packages/airflow/example_dags/example_dynamic_task_mapping.py for tasks to queue
[2024-11-13T19:34:40.995+0000] {logging_mixin.py:190} INFO - [2024-11-13T19:34:40.995+0000] {dagbag.py:588} INFO - Filling up the DagBag from /home/airflow/.local/lib/python3.12/site-packages/airflow/example_dags/example_dynamic_task_mapping.py
[2024-11-13T19:34:41.002+0000] {processor.py:925} INFO - DAG(s) 'example_dynamic_task_mapping' retrieved from /home/airflow/.local/lib/python3.12/site-packages/airflow/example_dags/example_dynamic_task_mapping.py
[2024-11-13T19:34:41.018+0000] {logging_mixin.py:190} INFO - [2024-11-13T19:34:41.017+0000] {dag.py:3239} INFO - Sync 1 DAGs
[2024-11-13T19:34:41.034+0000] {logging_mixin.py:190} INFO - [2024-11-13T19:34:41.033+0000] {dag.py:4180} INFO - Setting next_dagrun for example_dynamic_task_mapping to None, run_after=None
[2024-11-13T19:34:41.048+0000] {processor.py:208} INFO - Processing /home/airflow/.local/lib/python3.12/site-packages/airflow/example_dags/example_dynamic_task_mapping.py took 0.059 seconds
[2024-11-13T19:35:12.212+0000] {processor.py:186} INFO - Started process (PID=1547) to work on /home/airflow/.local/lib/python3.12/site-packages/airflow/example_dags/example_dynamic_task_mapping.py
[2024-11-13T19:35:12.213+0000] {processor.py:914} INFO - Processing file /home/airflow/.local/lib/python3.12/site-packages/airflow/example_dags/example_dynamic_task_mapping.py for tasks to queue
[2024-11-13T19:35:12.215+0000] {logging_mixin.py:190} INFO - [2024-11-13T19:35:12.214+0000] {dagbag.py:588} INFO - Filling up the DagBag from /home/airflow/.local/lib/python3.12/site-packages/airflow/example_dags/example_dynamic_task_mapping.py
[2024-11-13T19:35:12.221+0000] {processor.py:925} INFO - DAG(s) 'example_dynamic_task_mapping' retrieved from /home/airflow/.local/lib/python3.12/site-packages/airflow/example_dags/example_dynamic_task_mapping.py
[2024-11-13T19:35:12.235+0000] {logging_mixin.py:190} INFO - [2024-11-13T19:35:12.235+0000] {dag.py:3239} INFO - Sync 1 DAGs
[2024-11-13T19:35:12.244+0000] {logging_mixin.py:190} INFO - [2024-11-13T19:35:12.244+0000] {dag.py:4180} INFO - Setting next_dagrun for example_dynamic_task_mapping to None, run_after=None
[2024-11-13T19:35:12.257+0000] {processor.py:208} INFO - Processing /home/airflow/.local/lib/python3.12/site-packages/airflow/example_dags/example_dynamic_task_mapping.py took 0.048 seconds
[2024-11-13T19:35:42.760+0000] {processor.py:186} INFO - Started process (PID=1610) to work on /home/airflow/.local/lib/python3.12/site-packages/airflow/example_dags/example_dynamic_task_mapping.py
[2024-11-13T19:35:42.761+0000] {processor.py:914} INFO - Processing file /home/airflow/.local/lib/python3.12/site-packages/airflow/example_dags/example_dynamic_task_mapping.py for tasks to queue
[2024-11-13T19:35:42.763+0000] {logging_mixin.py:190} INFO - [2024-11-13T19:35:42.763+0000] {dagbag.py:588} INFO - Filling up the DagBag from /home/airflow/.local/lib/python3.12/site-packages/airflow/example_dags/example_dynamic_task_mapping.py
[2024-11-13T19:35:42.769+0000] {processor.py:925} INFO - DAG(s) 'example_dynamic_task_mapping' retrieved from /home/airflow/.local/lib/python3.12/site-packages/airflow/example_dags/example_dynamic_task_mapping.py
[2024-11-13T19:35:42.785+0000] {logging_mixin.py:190} INFO - [2024-11-13T19:35:42.785+0000] {dag.py:3239} INFO - Sync 1 DAGs
[2024-11-13T19:35:42.796+0000] {logging_mixin.py:190} INFO - [2024-11-13T19:35:42.796+0000] {dag.py:4180} INFO - Setting next_dagrun for example_dynamic_task_mapping to None, run_after=None
[2024-11-13T19:35:42.808+0000] {processor.py:208} INFO - Processing /home/airflow/.local/lib/python3.12/site-packages/airflow/example_dags/example_dynamic_task_mapping.py took 0.052 seconds
[2024-11-13T19:36:14.016+0000] {processor.py:186} INFO - Started process (PID=1673) to work on /home/airflow/.local/lib/python3.12/site-packages/airflow/example_dags/example_dynamic_task_mapping.py
[2024-11-13T19:36:14.017+0000] {processor.py:914} INFO - Processing file /home/airflow/.local/lib/python3.12/site-packages/airflow/example_dags/example_dynamic_task_mapping.py for tasks to queue
[2024-11-13T19:36:14.019+0000] {logging_mixin.py:190} INFO - [2024-11-13T19:36:14.018+0000] {dagbag.py:588} INFO - Filling up the DagBag from /home/airflow/.local/lib/python3.12/site-packages/airflow/example_dags/example_dynamic_task_mapping.py
[2024-11-13T19:36:14.024+0000] {processor.py:925} INFO - DAG(s) 'example_dynamic_task_mapping' retrieved from /home/airflow/.local/lib/python3.12/site-packages/airflow/example_dags/example_dynamic_task_mapping.py
[2024-11-13T19:36:14.039+0000] {logging_mixin.py:190} INFO - [2024-11-13T19:36:14.039+0000] {dag.py:3239} INFO - Sync 1 DAGs
[2024-11-13T19:36:14.048+0000] {logging_mixin.py:190} INFO - [2024-11-13T19:36:14.048+0000] {dag.py:4180} INFO - Setting next_dagrun for example_dynamic_task_mapping to None, run_after=None
[2024-11-13T19:36:14.060+0000] {processor.py:208} INFO - Processing /home/airflow/.local/lib/python3.12/site-packages/airflow/example_dags/example_dynamic_task_mapping.py took 0.048 seconds
[2024-11-13T19:36:45.469+0000] {processor.py:186} INFO - Started process (PID=1736) to work on /home/airflow/.local/lib/python3.12/site-packages/airflow/example_dags/example_dynamic_task_mapping.py
[2024-11-13T19:36:45.470+0000] {processor.py:914} INFO - Processing file /home/airflow/.local/lib/python3.12/site-packages/airflow/example_dags/example_dynamic_task_mapping.py for tasks to queue
[2024-11-13T19:36:45.471+0000] {logging_mixin.py:190} INFO - [2024-11-13T19:36:45.471+0000] {dagbag.py:588} INFO - Filling up the DagBag from /home/airflow/.local/lib/python3.12/site-packages/airflow/example_dags/example_dynamic_task_mapping.py
[2024-11-13T19:36:45.477+0000] {processor.py:925} INFO - DAG(s) 'example_dynamic_task_mapping' retrieved from /home/airflow/.local/lib/python3.12/site-packages/airflow/example_dags/example_dynamic_task_mapping.py
[2024-11-13T19:36:45.491+0000] {logging_mixin.py:190} INFO - [2024-11-13T19:36:45.491+0000] {dag.py:3239} INFO - Sync 1 DAGs
[2024-11-13T19:36:45.502+0000] {logging_mixin.py:190} INFO - [2024-11-13T19:36:45.501+0000] {dag.py:4180} INFO - Setting next_dagrun for example_dynamic_task_mapping to None, run_after=None
[2024-11-13T19:36:45.514+0000] {processor.py:208} INFO - Processing /home/airflow/.local/lib/python3.12/site-packages/airflow/example_dags/example_dynamic_task_mapping.py took 0.049 seconds
[2024-11-13T19:37:16.653+0000] {processor.py:186} INFO - Started process (PID=1799) to work on /home/airflow/.local/lib/python3.12/site-packages/airflow/example_dags/example_dynamic_task_mapping.py
[2024-11-13T19:37:16.654+0000] {processor.py:914} INFO - Processing file /home/airflow/.local/lib/python3.12/site-packages/airflow/example_dags/example_dynamic_task_mapping.py for tasks to queue
[2024-11-13T19:37:16.656+0000] {logging_mixin.py:190} INFO - [2024-11-13T19:37:16.655+0000] {dagbag.py:588} INFO - Filling up the DagBag from /home/airflow/.local/lib/python3.12/site-packages/airflow/example_dags/example_dynamic_task_mapping.py
[2024-11-13T19:37:16.662+0000] {processor.py:925} INFO - DAG(s) 'example_dynamic_task_mapping' retrieved from /home/airflow/.local/lib/python3.12/site-packages/airflow/example_dags/example_dynamic_task_mapping.py
[2024-11-13T19:37:16.676+0000] {logging_mixin.py:190} INFO - [2024-11-13T19:37:16.676+0000] {dag.py:3239} INFO - Sync 1 DAGs
[2024-11-13T19:37:16.686+0000] {logging_mixin.py:190} INFO - [2024-11-13T19:37:16.685+0000] {dag.py:4180} INFO - Setting next_dagrun for example_dynamic_task_mapping to None, run_after=None
[2024-11-13T19:37:16.699+0000] {processor.py:208} INFO - Processing /home/airflow/.local/lib/python3.12/site-packages/airflow/example_dags/example_dynamic_task_mapping.py took 0.050 seconds
[2024-11-13T19:37:47.794+0000] {processor.py:186} INFO - Started process (PID=1862) to work on /home/airflow/.local/lib/python3.12/site-packages/airflow/example_dags/example_dynamic_task_mapping.py
[2024-11-13T19:37:47.795+0000] {processor.py:914} INFO - Processing file /home/airflow/.local/lib/python3.12/site-packages/airflow/example_dags/example_dynamic_task_mapping.py for tasks to queue
[2024-11-13T19:37:47.796+0000] {logging_mixin.py:190} INFO - [2024-11-13T19:37:47.796+0000] {dagbag.py:588} INFO - Filling up the DagBag from /home/airflow/.local/lib/python3.12/site-packages/airflow/example_dags/example_dynamic_task_mapping.py
[2024-11-13T19:37:47.804+0000] {processor.py:925} INFO - DAG(s) 'example_dynamic_task_mapping' retrieved from /home/airflow/.local/lib/python3.12/site-packages/airflow/example_dags/example_dynamic_task_mapping.py
[2024-11-13T19:37:47.820+0000] {logging_mixin.py:190} INFO - [2024-11-13T19:37:47.820+0000] {dag.py:3239} INFO - Sync 1 DAGs
[2024-11-13T19:37:47.830+0000] {logging_mixin.py:190} INFO - [2024-11-13T19:37:47.830+0000] {dag.py:4180} INFO - Setting next_dagrun for example_dynamic_task_mapping to None, run_after=None
[2024-11-13T19:37:47.845+0000] {processor.py:208} INFO - Processing /home/airflow/.local/lib/python3.12/site-packages/airflow/example_dags/example_dynamic_task_mapping.py took 0.054 seconds
[2024-11-13T19:38:19.051+0000] {processor.py:186} INFO - Started process (PID=1925) to work on /home/airflow/.local/lib/python3.12/site-packages/airflow/example_dags/example_dynamic_task_mapping.py
[2024-11-13T19:38:19.052+0000] {processor.py:914} INFO - Processing file /home/airflow/.local/lib/python3.12/site-packages/airflow/example_dags/example_dynamic_task_mapping.py for tasks to queue
[2024-11-13T19:38:19.053+0000] {logging_mixin.py:190} INFO - [2024-11-13T19:38:19.053+0000] {dagbag.py:588} INFO - Filling up the DagBag from /home/airflow/.local/lib/python3.12/site-packages/airflow/example_dags/example_dynamic_task_mapping.py
[2024-11-13T19:38:19.060+0000] {processor.py:925} INFO - DAG(s) 'example_dynamic_task_mapping' retrieved from /home/airflow/.local/lib/python3.12/site-packages/airflow/example_dags/example_dynamic_task_mapping.py
[2024-11-13T19:38:19.075+0000] {logging_mixin.py:190} INFO - [2024-11-13T19:38:19.075+0000] {dag.py:3239} INFO - Sync 1 DAGs
[2024-11-13T19:38:19.085+0000] {logging_mixin.py:190} INFO - [2024-11-13T19:38:19.085+0000] {dag.py:4180} INFO - Setting next_dagrun for example_dynamic_task_mapping to None, run_after=None
[2024-11-13T19:38:19.098+0000] {processor.py:208} INFO - Processing /home/airflow/.local/lib/python3.12/site-packages/airflow/example_dags/example_dynamic_task_mapping.py took 0.051 seconds
[2024-11-13T19:38:50.217+0000] {processor.py:186} INFO - Started process (PID=1994) to work on /home/airflow/.local/lib/python3.12/site-packages/airflow/example_dags/example_dynamic_task_mapping.py
[2024-11-13T19:38:50.218+0000] {processor.py:914} INFO - Processing file /home/airflow/.local/lib/python3.12/site-packages/airflow/example_dags/example_dynamic_task_mapping.py for tasks to queue
[2024-11-13T19:38:50.220+0000] {logging_mixin.py:190} INFO - [2024-11-13T19:38:50.220+0000] {dagbag.py:588} INFO - Filling up the DagBag from /home/airflow/.local/lib/python3.12/site-packages/airflow/example_dags/example_dynamic_task_mapping.py
[2024-11-13T19:38:50.226+0000] {processor.py:925} INFO - DAG(s) 'example_dynamic_task_mapping' retrieved from /home/airflow/.local/lib/python3.12/site-packages/airflow/example_dags/example_dynamic_task_mapping.py
[2024-11-13T19:38:50.241+0000] {logging_mixin.py:190} INFO - [2024-11-13T19:38:50.241+0000] {dag.py:3239} INFO - Sync 1 DAGs
[2024-11-13T19:38:50.252+0000] {logging_mixin.py:190} INFO - [2024-11-13T19:38:50.252+0000] {dag.py:4180} INFO - Setting next_dagrun for example_dynamic_task_mapping to None, run_after=None
[2024-11-13T19:38:50.266+0000] {processor.py:208} INFO - Processing /home/airflow/.local/lib/python3.12/site-packages/airflow/example_dags/example_dynamic_task_mapping.py took 0.053 seconds
[2024-11-13T19:39:21.454+0000] {processor.py:186} INFO - Started process (PID=2057) to work on /home/airflow/.local/lib/python3.12/site-packages/airflow/example_dags/example_dynamic_task_mapping.py
[2024-11-13T19:39:21.455+0000] {processor.py:914} INFO - Processing file /home/airflow/.local/lib/python3.12/site-packages/airflow/example_dags/example_dynamic_task_mapping.py for tasks to queue
[2024-11-13T19:39:21.457+0000] {logging_mixin.py:190} INFO - [2024-11-13T19:39:21.456+0000] {dagbag.py:588} INFO - Filling up the DagBag from /home/airflow/.local/lib/python3.12/site-packages/airflow/example_dags/example_dynamic_task_mapping.py
[2024-11-13T19:39:21.463+0000] {processor.py:925} INFO - DAG(s) 'example_dynamic_task_mapping' retrieved from /home/airflow/.local/lib/python3.12/site-packages/airflow/example_dags/example_dynamic_task_mapping.py
[2024-11-13T19:39:21.480+0000] {logging_mixin.py:190} INFO - [2024-11-13T19:39:21.480+0000] {dag.py:3239} INFO - Sync 1 DAGs
[2024-11-13T19:39:21.491+0000] {logging_mixin.py:190} INFO - [2024-11-13T19:39:21.491+0000] {dag.py:4180} INFO - Setting next_dagrun for example_dynamic_task_mapping to None, run_after=None
[2024-11-13T19:39:21.507+0000] {processor.py:208} INFO - Processing /home/airflow/.local/lib/python3.12/site-packages/airflow/example_dags/example_dynamic_task_mapping.py took 0.057 seconds
[2024-11-13T19:39:52.793+0000] {processor.py:186} INFO - Started process (PID=2120) to work on /home/airflow/.local/lib/python3.12/site-packages/airflow/example_dags/example_dynamic_task_mapping.py
[2024-11-13T19:39:52.794+0000] {processor.py:914} INFO - Processing file /home/airflow/.local/lib/python3.12/site-packages/airflow/example_dags/example_dynamic_task_mapping.py for tasks to queue
[2024-11-13T19:39:52.795+0000] {logging_mixin.py:190} INFO - [2024-11-13T19:39:52.795+0000] {dagbag.py:588} INFO - Filling up the DagBag from /home/airflow/.local/lib/python3.12/site-packages/airflow/example_dags/example_dynamic_task_mapping.py
[2024-11-13T19:39:52.801+0000] {processor.py:925} INFO - DAG(s) 'example_dynamic_task_mapping' retrieved from /home/airflow/.local/lib/python3.12/site-packages/airflow/example_dags/example_dynamic_task_mapping.py
[2024-11-13T19:39:52.818+0000] {logging_mixin.py:190} INFO - [2024-11-13T19:39:52.818+0000] {dag.py:3239} INFO - Sync 1 DAGs
[2024-11-13T19:39:52.831+0000] {logging_mixin.py:190} INFO - [2024-11-13T19:39:52.831+0000] {dag.py:4180} INFO - Setting next_dagrun for example_dynamic_task_mapping to None, run_after=None
[2024-11-13T19:39:52.845+0000] {processor.py:208} INFO - Processing /home/airflow/.local/lib/python3.12/site-packages/airflow/example_dags/example_dynamic_task_mapping.py took 0.057 seconds
[2024-11-13T19:40:23.755+0000] {processor.py:186} INFO - Started process (PID=2183) to work on /home/airflow/.local/lib/python3.12/site-packages/airflow/example_dags/example_dynamic_task_mapping.py
[2024-11-13T19:40:23.757+0000] {processor.py:914} INFO - Processing file /home/airflow/.local/lib/python3.12/site-packages/airflow/example_dags/example_dynamic_task_mapping.py for tasks to queue
[2024-11-13T19:40:23.758+0000] {logging_mixin.py:190} INFO - [2024-11-13T19:40:23.758+0000] {dagbag.py:588} INFO - Filling up the DagBag from /home/airflow/.local/lib/python3.12/site-packages/airflow/example_dags/example_dynamic_task_mapping.py
[2024-11-13T19:40:23.765+0000] {processor.py:925} INFO - DAG(s) 'example_dynamic_task_mapping' retrieved from /home/airflow/.local/lib/python3.12/site-packages/airflow/example_dags/example_dynamic_task_mapping.py
[2024-11-13T19:40:23.781+0000] {logging_mixin.py:190} INFO - [2024-11-13T19:40:23.781+0000] {dag.py:3239} INFO - Sync 1 DAGs
[2024-11-13T19:40:23.793+0000] {logging_mixin.py:190} INFO - [2024-11-13T19:40:23.793+0000] {dag.py:4180} INFO - Setting next_dagrun for example_dynamic_task_mapping to None, run_after=None
[2024-11-13T19:40:23.807+0000] {processor.py:208} INFO - Processing /home/airflow/.local/lib/python3.12/site-packages/airflow/example_dags/example_dynamic_task_mapping.py took 0.057 seconds
[2024-11-13T19:40:54.472+0000] {processor.py:186} INFO - Started process (PID=2246) to work on /home/airflow/.local/lib/python3.12/site-packages/airflow/example_dags/example_dynamic_task_mapping.py
[2024-11-13T19:40:54.473+0000] {processor.py:914} INFO - Processing file /home/airflow/.local/lib/python3.12/site-packages/airflow/example_dags/example_dynamic_task_mapping.py for tasks to queue
[2024-11-13T19:40:54.475+0000] {logging_mixin.py:190} INFO - [2024-11-13T19:40:54.475+0000] {dagbag.py:588} INFO - Filling up the DagBag from /home/airflow/.local/lib/python3.12/site-packages/airflow/example_dags/example_dynamic_task_mapping.py
[2024-11-13T19:40:54.483+0000] {processor.py:925} INFO - DAG(s) 'example_dynamic_task_mapping' retrieved from /home/airflow/.local/lib/python3.12/site-packages/airflow/example_dags/example_dynamic_task_mapping.py
[2024-11-13T19:40:54.498+0000] {logging_mixin.py:190} INFO - [2024-11-13T19:40:54.498+0000] {dag.py:3239} INFO - Sync 1 DAGs
[2024-11-13T19:40:54.509+0000] {logging_mixin.py:190} INFO - [2024-11-13T19:40:54.508+0000] {dag.py:4180} INFO - Setting next_dagrun for example_dynamic_task_mapping to None, run_after=None
[2024-11-13T19:40:54.524+0000] {processor.py:208} INFO - Processing /home/airflow/.local/lib/python3.12/site-packages/airflow/example_dags/example_dynamic_task_mapping.py took 0.056 seconds
[2024-11-13T19:41:25.044+0000] {processor.py:186} INFO - Started process (PID=2309) to work on /home/airflow/.local/lib/python3.12/site-packages/airflow/example_dags/example_dynamic_task_mapping.py
[2024-11-13T19:41:25.045+0000] {processor.py:914} INFO - Processing file /home/airflow/.local/lib/python3.12/site-packages/airflow/example_dags/example_dynamic_task_mapping.py for tasks to queue
[2024-11-13T19:41:25.046+0000] {logging_mixin.py:190} INFO - [2024-11-13T19:41:25.046+0000] {dagbag.py:588} INFO - Filling up the DagBag from /home/airflow/.local/lib/python3.12/site-packages/airflow/example_dags/example_dynamic_task_mapping.py
[2024-11-13T19:41:25.053+0000] {processor.py:925} INFO - DAG(s) 'example_dynamic_task_mapping' retrieved from /home/airflow/.local/lib/python3.12/site-packages/airflow/example_dags/example_dynamic_task_mapping.py
[2024-11-13T19:41:25.069+0000] {logging_mixin.py:190} INFO - [2024-11-13T19:41:25.069+0000] {dag.py:3239} INFO - Sync 1 DAGs
[2024-11-13T19:41:25.080+0000] {logging_mixin.py:190} INFO - [2024-11-13T19:41:25.080+0000] {dag.py:4180} INFO - Setting next_dagrun for example_dynamic_task_mapping to None, run_after=None
[2024-11-13T19:41:25.095+0000] {processor.py:208} INFO - Processing /home/airflow/.local/lib/python3.12/site-packages/airflow/example_dags/example_dynamic_task_mapping.py took 0.056 seconds
[2024-11-13T19:41:56.234+0000] {processor.py:186} INFO - Started process (PID=2372) to work on /home/airflow/.local/lib/python3.12/site-packages/airflow/example_dags/example_dynamic_task_mapping.py
[2024-11-13T19:41:56.235+0000] {processor.py:914} INFO - Processing file /home/airflow/.local/lib/python3.12/site-packages/airflow/example_dags/example_dynamic_task_mapping.py for tasks to queue
[2024-11-13T19:41:56.237+0000] {logging_mixin.py:190} INFO - [2024-11-13T19:41:56.237+0000] {dagbag.py:588} INFO - Filling up the DagBag from /home/airflow/.local/lib/python3.12/site-packages/airflow/example_dags/example_dynamic_task_mapping.py
[2024-11-13T19:41:56.244+0000] {processor.py:925} INFO - DAG(s) 'example_dynamic_task_mapping' retrieved from /home/airflow/.local/lib/python3.12/site-packages/airflow/example_dags/example_dynamic_task_mapping.py
[2024-11-13T19:41:56.261+0000] {logging_mixin.py:190} INFO - [2024-11-13T19:41:56.261+0000] {dag.py:3239} INFO - Sync 1 DAGs
[2024-11-13T19:41:56.273+0000] {logging_mixin.py:190} INFO - [2024-11-13T19:41:56.273+0000] {dag.py:4180} INFO - Setting next_dagrun for example_dynamic_task_mapping to None, run_after=None
[2024-11-13T19:41:56.287+0000] {processor.py:208} INFO - Processing /home/airflow/.local/lib/python3.12/site-packages/airflow/example_dags/example_dynamic_task_mapping.py took 0.057 seconds
[2024-11-13T19:42:28.179+0000] {processor.py:186} INFO - Started process (PID=2440) to work on /home/airflow/.local/lib/python3.12/site-packages/airflow/example_dags/example_dynamic_task_mapping.py
[2024-11-13T19:42:28.180+0000] {processor.py:914} INFO - Processing file /home/airflow/.local/lib/python3.12/site-packages/airflow/example_dags/example_dynamic_task_mapping.py for tasks to queue
[2024-11-13T19:42:28.182+0000] {logging_mixin.py:190} INFO - [2024-11-13T19:42:28.182+0000] {dagbag.py:588} INFO - Filling up the DagBag from /home/airflow/.local/lib/python3.12/site-packages/airflow/example_dags/example_dynamic_task_mapping.py
[2024-11-13T19:42:28.188+0000] {processor.py:925} INFO - DAG(s) 'example_dynamic_task_mapping' retrieved from /home/airflow/.local/lib/python3.12/site-packages/airflow/example_dags/example_dynamic_task_mapping.py
[2024-11-13T19:42:28.204+0000] {logging_mixin.py:190} INFO - [2024-11-13T19:42:28.203+0000] {dag.py:3239} INFO - Sync 1 DAGs
[2024-11-13T19:42:28.215+0000] {logging_mixin.py:190} INFO - [2024-11-13T19:42:28.215+0000] {dag.py:4180} INFO - Setting next_dagrun for example_dynamic_task_mapping to None, run_after=None
[2024-11-13T19:42:28.232+0000] {processor.py:208} INFO - Processing /home/airflow/.local/lib/python3.12/site-packages/airflow/example_dags/example_dynamic_task_mapping.py took 0.057 seconds
[2024-11-13T19:42:58.468+0000] {processor.py:186} INFO - Started process (PID=2503) to work on /home/airflow/.local/lib/python3.12/site-packages/airflow/example_dags/example_dynamic_task_mapping.py
[2024-11-13T19:42:58.469+0000] {processor.py:914} INFO - Processing file /home/airflow/.local/lib/python3.12/site-packages/airflow/example_dags/example_dynamic_task_mapping.py for tasks to queue
[2024-11-13T19:42:58.470+0000] {logging_mixin.py:190} INFO - [2024-11-13T19:42:58.470+0000] {dagbag.py:588} INFO - Filling up the DagBag from /home/airflow/.local/lib/python3.12/site-packages/airflow/example_dags/example_dynamic_task_mapping.py
[2024-11-13T19:42:58.477+0000] {processor.py:925} INFO - DAG(s) 'example_dynamic_task_mapping' retrieved from /home/airflow/.local/lib/python3.12/site-packages/airflow/example_dags/example_dynamic_task_mapping.py
[2024-11-13T19:42:58.494+0000] {logging_mixin.py:190} INFO - [2024-11-13T19:42:58.494+0000] {dag.py:3239} INFO - Sync 1 DAGs
[2024-11-13T19:42:58.506+0000] {logging_mixin.py:190} INFO - [2024-11-13T19:42:58.506+0000] {dag.py:4180} INFO - Setting next_dagrun for example_dynamic_task_mapping to None, run_after=None
[2024-11-13T19:42:58.522+0000] {processor.py:208} INFO - Processing /home/airflow/.local/lib/python3.12/site-packages/airflow/example_dags/example_dynamic_task_mapping.py took 0.059 seconds
[2024-11-13T19:43:29.048+0000] {processor.py:186} INFO - Started process (PID=2567) to work on /home/airflow/.local/lib/python3.12/site-packages/airflow/example_dags/example_dynamic_task_mapping.py
[2024-11-13T19:43:29.049+0000] {processor.py:914} INFO - Processing file /home/airflow/.local/lib/python3.12/site-packages/airflow/example_dags/example_dynamic_task_mapping.py for tasks to queue
[2024-11-13T19:43:29.050+0000] {logging_mixin.py:190} INFO - [2024-11-13T19:43:29.050+0000] {dagbag.py:588} INFO - Filling up the DagBag from /home/airflow/.local/lib/python3.12/site-packages/airflow/example_dags/example_dynamic_task_mapping.py
[2024-11-13T19:43:29.058+0000] {processor.py:925} INFO - DAG(s) 'example_dynamic_task_mapping' retrieved from /home/airflow/.local/lib/python3.12/site-packages/airflow/example_dags/example_dynamic_task_mapping.py
[2024-11-13T19:43:29.073+0000] {logging_mixin.py:190} INFO - [2024-11-13T19:43:29.073+0000] {dag.py:3239} INFO - Sync 1 DAGs
[2024-11-13T19:43:29.085+0000] {logging_mixin.py:190} INFO - [2024-11-13T19:43:29.084+0000] {dag.py:4180} INFO - Setting next_dagrun for example_dynamic_task_mapping to None, run_after=None
[2024-11-13T19:43:29.101+0000] {processor.py:208} INFO - Processing /home/airflow/.local/lib/python3.12/site-packages/airflow/example_dags/example_dynamic_task_mapping.py took 0.057 seconds
[2024-11-13T19:43:59.547+0000] {processor.py:186} INFO - Started process (PID=2629) to work on /home/airflow/.local/lib/python3.12/site-packages/airflow/example_dags/example_dynamic_task_mapping.py
[2024-11-13T19:43:59.548+0000] {processor.py:914} INFO - Processing file /home/airflow/.local/lib/python3.12/site-packages/airflow/example_dags/example_dynamic_task_mapping.py for tasks to queue
[2024-11-13T19:43:59.550+0000] {logging_mixin.py:190} INFO - [2024-11-13T19:43:59.549+0000] {dagbag.py:588} INFO - Filling up the DagBag from /home/airflow/.local/lib/python3.12/site-packages/airflow/example_dags/example_dynamic_task_mapping.py
[2024-11-13T19:43:59.557+0000] {processor.py:925} INFO - DAG(s) 'example_dynamic_task_mapping' retrieved from /home/airflow/.local/lib/python3.12/site-packages/airflow/example_dags/example_dynamic_task_mapping.py
[2024-11-13T19:43:59.572+0000] {logging_mixin.py:190} INFO - [2024-11-13T19:43:59.571+0000] {dag.py:3239} INFO - Sync 1 DAGs
[2024-11-13T19:43:59.583+0000] {logging_mixin.py:190} INFO - [2024-11-13T19:43:59.583+0000] {dag.py:4180} INFO - Setting next_dagrun for example_dynamic_task_mapping to None, run_after=None
[2024-11-13T19:43:59.595+0000] {processor.py:208} INFO - Processing /home/airflow/.local/lib/python3.12/site-packages/airflow/example_dags/example_dynamic_task_mapping.py took 0.052 seconds
[2024-11-13T19:44:30.222+0000] {processor.py:186} INFO - Started process (PID=2692) to work on /home/airflow/.local/lib/python3.12/site-packages/airflow/example_dags/example_dynamic_task_mapping.py
[2024-11-13T19:44:30.223+0000] {processor.py:914} INFO - Processing file /home/airflow/.local/lib/python3.12/site-packages/airflow/example_dags/example_dynamic_task_mapping.py for tasks to queue
[2024-11-13T19:44:30.224+0000] {logging_mixin.py:190} INFO - [2024-11-13T19:44:30.224+0000] {dagbag.py:588} INFO - Filling up the DagBag from /home/airflow/.local/lib/python3.12/site-packages/airflow/example_dags/example_dynamic_task_mapping.py
[2024-11-13T19:44:30.231+0000] {processor.py:925} INFO - DAG(s) 'example_dynamic_task_mapping' retrieved from /home/airflow/.local/lib/python3.12/site-packages/airflow/example_dags/example_dynamic_task_mapping.py
[2024-11-13T19:44:30.246+0000] {logging_mixin.py:190} INFO - [2024-11-13T19:44:30.246+0000] {dag.py:3239} INFO - Sync 1 DAGs
[2024-11-13T19:44:30.257+0000] {logging_mixin.py:190} INFO - [2024-11-13T19:44:30.256+0000] {dag.py:4180} INFO - Setting next_dagrun for example_dynamic_task_mapping to None, run_after=None
[2024-11-13T19:44:30.271+0000] {processor.py:208} INFO - Processing /home/airflow/.local/lib/python3.12/site-packages/airflow/example_dags/example_dynamic_task_mapping.py took 0.053 seconds
[2024-11-13T19:45:01.075+0000] {processor.py:186} INFO - Started process (PID=2763) to work on /home/airflow/.local/lib/python3.12/site-packages/airflow/example_dags/example_dynamic_task_mapping.py
[2024-11-13T19:45:01.076+0000] {processor.py:914} INFO - Processing file /home/airflow/.local/lib/python3.12/site-packages/airflow/example_dags/example_dynamic_task_mapping.py for tasks to queue
[2024-11-13T19:45:01.078+0000] {logging_mixin.py:190} INFO - [2024-11-13T19:45:01.078+0000] {dagbag.py:588} INFO - Filling up the DagBag from /home/airflow/.local/lib/python3.12/site-packages/airflow/example_dags/example_dynamic_task_mapping.py
[2024-11-13T19:45:01.085+0000] {processor.py:925} INFO - DAG(s) 'example_dynamic_task_mapping' retrieved from /home/airflow/.local/lib/python3.12/site-packages/airflow/example_dags/example_dynamic_task_mapping.py
[2024-11-13T19:45:01.102+0000] {logging_mixin.py:190} INFO - [2024-11-13T19:45:01.102+0000] {dag.py:3239} INFO - Sync 1 DAGs
[2024-11-13T19:45:01.113+0000] {logging_mixin.py:190} INFO - [2024-11-13T19:45:01.113+0000] {dag.py:4180} INFO - Setting next_dagrun for example_dynamic_task_mapping to None, run_after=None
[2024-11-13T19:45:01.127+0000] {processor.py:208} INFO - Processing /home/airflow/.local/lib/python3.12/site-packages/airflow/example_dags/example_dynamic_task_mapping.py took 0.057 seconds
[2024-11-13T19:45:32.038+0000] {processor.py:186} INFO - Started process (PID=2825) to work on /home/airflow/.local/lib/python3.12/site-packages/airflow/example_dags/example_dynamic_task_mapping.py
[2024-11-13T19:45:32.039+0000] {processor.py:914} INFO - Processing file /home/airflow/.local/lib/python3.12/site-packages/airflow/example_dags/example_dynamic_task_mapping.py for tasks to queue
[2024-11-13T19:45:32.041+0000] {logging_mixin.py:190} INFO - [2024-11-13T19:45:32.041+0000] {dagbag.py:588} INFO - Filling up the DagBag from /home/airflow/.local/lib/python3.12/site-packages/airflow/example_dags/example_dynamic_task_mapping.py
[2024-11-13T19:45:32.048+0000] {processor.py:925} INFO - DAG(s) 'example_dynamic_task_mapping' retrieved from /home/airflow/.local/lib/python3.12/site-packages/airflow/example_dags/example_dynamic_task_mapping.py
[2024-11-13T19:45:32.063+0000] {logging_mixin.py:190} INFO - [2024-11-13T19:45:32.063+0000] {dag.py:3239} INFO - Sync 1 DAGs
[2024-11-13T19:45:32.074+0000] {logging_mixin.py:190} INFO - [2024-11-13T19:45:32.074+0000] {dag.py:4180} INFO - Setting next_dagrun for example_dynamic_task_mapping to None, run_after=None
[2024-11-13T19:45:32.089+0000] {processor.py:208} INFO - Processing /home/airflow/.local/lib/python3.12/site-packages/airflow/example_dags/example_dynamic_task_mapping.py took 0.055 seconds
[2024-11-13T19:46:02.289+0000] {processor.py:186} INFO - Started process (PID=2889) to work on /home/airflow/.local/lib/python3.12/site-packages/airflow/example_dags/example_dynamic_task_mapping.py
[2024-11-13T19:46:02.290+0000] {processor.py:914} INFO - Processing file /home/airflow/.local/lib/python3.12/site-packages/airflow/example_dags/example_dynamic_task_mapping.py for tasks to queue
[2024-11-13T19:46:02.292+0000] {logging_mixin.py:190} INFO - [2024-11-13T19:46:02.291+0000] {dagbag.py:588} INFO - Filling up the DagBag from /home/airflow/.local/lib/python3.12/site-packages/airflow/example_dags/example_dynamic_task_mapping.py
[2024-11-13T19:46:02.299+0000] {processor.py:925} INFO - DAG(s) 'example_dynamic_task_mapping' retrieved from /home/airflow/.local/lib/python3.12/site-packages/airflow/example_dags/example_dynamic_task_mapping.py
[2024-11-13T19:46:02.316+0000] {logging_mixin.py:190} INFO - [2024-11-13T19:46:02.315+0000] {dag.py:3239} INFO - Sync 1 DAGs
[2024-11-13T19:46:02.326+0000] {logging_mixin.py:190} INFO - [2024-11-13T19:46:02.326+0000] {dag.py:4180} INFO - Setting next_dagrun for example_dynamic_task_mapping to None, run_after=None
[2024-11-13T19:46:02.340+0000] {processor.py:208} INFO - Processing /home/airflow/.local/lib/python3.12/site-packages/airflow/example_dags/example_dynamic_task_mapping.py took 0.055 seconds
[2024-11-13T19:46:32.431+0000] {processor.py:186} INFO - Started process (PID=2951) to work on /home/airflow/.local/lib/python3.12/site-packages/airflow/example_dags/example_dynamic_task_mapping.py
[2024-11-13T19:46:32.432+0000] {processor.py:914} INFO - Processing file /home/airflow/.local/lib/python3.12/site-packages/airflow/example_dags/example_dynamic_task_mapping.py for tasks to queue
[2024-11-13T19:46:32.433+0000] {logging_mixin.py:190} INFO - [2024-11-13T19:46:32.433+0000] {dagbag.py:588} INFO - Filling up the DagBag from /home/airflow/.local/lib/python3.12/site-packages/airflow/example_dags/example_dynamic_task_mapping.py
[2024-11-13T19:46:32.441+0000] {processor.py:925} INFO - DAG(s) 'example_dynamic_task_mapping' retrieved from /home/airflow/.local/lib/python3.12/site-packages/airflow/example_dags/example_dynamic_task_mapping.py
[2024-11-13T19:46:32.455+0000] {logging_mixin.py:190} INFO - [2024-11-13T19:46:32.455+0000] {dag.py:3239} INFO - Sync 1 DAGs
[2024-11-13T19:46:32.465+0000] {logging_mixin.py:190} INFO - [2024-11-13T19:46:32.465+0000] {dag.py:4180} INFO - Setting next_dagrun for example_dynamic_task_mapping to None, run_after=None
[2024-11-13T19:46:32.479+0000] {processor.py:208} INFO - Processing /home/airflow/.local/lib/python3.12/site-packages/airflow/example_dags/example_dynamic_task_mapping.py took 0.052 seconds
[2024-11-13T19:47:02.599+0000] {processor.py:186} INFO - Started process (PID=3014) to work on /home/airflow/.local/lib/python3.12/site-packages/airflow/example_dags/example_dynamic_task_mapping.py
[2024-11-13T19:47:02.600+0000] {processor.py:914} INFO - Processing file /home/airflow/.local/lib/python3.12/site-packages/airflow/example_dags/example_dynamic_task_mapping.py for tasks to queue
[2024-11-13T19:47:02.602+0000] {logging_mixin.py:190} INFO - [2024-11-13T19:47:02.602+0000] {dagbag.py:588} INFO - Filling up the DagBag from /home/airflow/.local/lib/python3.12/site-packages/airflow/example_dags/example_dynamic_task_mapping.py
[2024-11-13T19:47:02.608+0000] {processor.py:925} INFO - DAG(s) 'example_dynamic_task_mapping' retrieved from /home/airflow/.local/lib/python3.12/site-packages/airflow/example_dags/example_dynamic_task_mapping.py
[2024-11-13T19:47:02.623+0000] {logging_mixin.py:190} INFO - [2024-11-13T19:47:02.623+0000] {dag.py:3239} INFO - Sync 1 DAGs
[2024-11-13T19:47:02.633+0000] {logging_mixin.py:190} INFO - [2024-11-13T19:47:02.633+0000] {dag.py:4180} INFO - Setting next_dagrun for example_dynamic_task_mapping to None, run_after=None
[2024-11-13T19:47:02.647+0000] {processor.py:208} INFO - Processing /home/airflow/.local/lib/python3.12/site-packages/airflow/example_dags/example_dynamic_task_mapping.py took 0.051 seconds
[2024-11-13T19:47:34.583+0000] {processor.py:186} INFO - Started process (PID=3080) to work on /home/airflow/.local/lib/python3.12/site-packages/airflow/example_dags/example_dynamic_task_mapping.py
[2024-11-13T19:47:34.584+0000] {processor.py:914} INFO - Processing file /home/airflow/.local/lib/python3.12/site-packages/airflow/example_dags/example_dynamic_task_mapping.py for tasks to queue
[2024-11-13T19:47:34.585+0000] {logging_mixin.py:190} INFO - [2024-11-13T19:47:34.585+0000] {dagbag.py:588} INFO - Filling up the DagBag from /home/airflow/.local/lib/python3.12/site-packages/airflow/example_dags/example_dynamic_task_mapping.py
[2024-11-13T19:47:34.592+0000] {processor.py:925} INFO - DAG(s) 'example_dynamic_task_mapping' retrieved from /home/airflow/.local/lib/python3.12/site-packages/airflow/example_dags/example_dynamic_task_mapping.py
[2024-11-13T19:47:34.607+0000] {logging_mixin.py:190} INFO - [2024-11-13T19:47:34.607+0000] {dag.py:3239} INFO - Sync 1 DAGs
[2024-11-13T19:47:34.749+0000] {logging_mixin.py:190} INFO - [2024-11-13T19:47:34.748+0000] {dag.py:4180} INFO - Setting next_dagrun for example_dynamic_task_mapping to None, run_after=None
[2024-11-13T19:47:34.761+0000] {processor.py:208} INFO - Processing /home/airflow/.local/lib/python3.12/site-packages/airflow/example_dags/example_dynamic_task_mapping.py took 0.183 seconds
[2024-11-13T19:48:04.908+0000] {processor.py:186} INFO - Started process (PID=3143) to work on /home/airflow/.local/lib/python3.12/site-packages/airflow/example_dags/example_dynamic_task_mapping.py
[2024-11-13T19:48:04.909+0000] {processor.py:914} INFO - Processing file /home/airflow/.local/lib/python3.12/site-packages/airflow/example_dags/example_dynamic_task_mapping.py for tasks to queue
[2024-11-13T19:48:04.911+0000] {logging_mixin.py:190} INFO - [2024-11-13T19:48:04.910+0000] {dagbag.py:588} INFO - Filling up the DagBag from /home/airflow/.local/lib/python3.12/site-packages/airflow/example_dags/example_dynamic_task_mapping.py
[2024-11-13T19:48:04.917+0000] {processor.py:925} INFO - DAG(s) 'example_dynamic_task_mapping' retrieved from /home/airflow/.local/lib/python3.12/site-packages/airflow/example_dags/example_dynamic_task_mapping.py
[2024-11-13T19:48:04.933+0000] {logging_mixin.py:190} INFO - [2024-11-13T19:48:04.933+0000] {dag.py:3239} INFO - Sync 1 DAGs
[2024-11-13T19:48:05.077+0000] {logging_mixin.py:190} INFO - [2024-11-13T19:48:05.076+0000] {dag.py:4180} INFO - Setting next_dagrun for example_dynamic_task_mapping to None, run_after=None
[2024-11-13T19:48:05.090+0000] {processor.py:208} INFO - Processing /home/airflow/.local/lib/python3.12/site-packages/airflow/example_dags/example_dynamic_task_mapping.py took 0.186 seconds
[2024-11-13T19:48:36.078+0000] {processor.py:186} INFO - Started process (PID=3207) to work on /home/airflow/.local/lib/python3.12/site-packages/airflow/example_dags/example_dynamic_task_mapping.py
[2024-11-13T19:48:36.079+0000] {processor.py:914} INFO - Processing file /home/airflow/.local/lib/python3.12/site-packages/airflow/example_dags/example_dynamic_task_mapping.py for tasks to queue
[2024-11-13T19:48:36.081+0000] {logging_mixin.py:190} INFO - [2024-11-13T19:48:36.081+0000] {dagbag.py:588} INFO - Filling up the DagBag from /home/airflow/.local/lib/python3.12/site-packages/airflow/example_dags/example_dynamic_task_mapping.py
[2024-11-13T19:48:36.087+0000] {processor.py:925} INFO - DAG(s) 'example_dynamic_task_mapping' retrieved from /home/airflow/.local/lib/python3.12/site-packages/airflow/example_dags/example_dynamic_task_mapping.py
[2024-11-13T19:48:36.102+0000] {logging_mixin.py:190} INFO - [2024-11-13T19:48:36.102+0000] {dag.py:3239} INFO - Sync 1 DAGs
[2024-11-13T19:48:36.113+0000] {logging_mixin.py:190} INFO - [2024-11-13T19:48:36.113+0000] {dag.py:4180} INFO - Setting next_dagrun for example_dynamic_task_mapping to None, run_after=None
[2024-11-13T19:48:36.127+0000] {processor.py:208} INFO - Processing /home/airflow/.local/lib/python3.12/site-packages/airflow/example_dags/example_dynamic_task_mapping.py took 0.053 seconds
[2024-11-13T19:49:07.334+0000] {processor.py:186} INFO - Started process (PID=3274) to work on /home/airflow/.local/lib/python3.12/site-packages/airflow/example_dags/example_dynamic_task_mapping.py
[2024-11-13T19:49:07.335+0000] {processor.py:914} INFO - Processing file /home/airflow/.local/lib/python3.12/site-packages/airflow/example_dags/example_dynamic_task_mapping.py for tasks to queue
[2024-11-13T19:49:07.336+0000] {logging_mixin.py:190} INFO - [2024-11-13T19:49:07.336+0000] {dagbag.py:588} INFO - Filling up the DagBag from /home/airflow/.local/lib/python3.12/site-packages/airflow/example_dags/example_dynamic_task_mapping.py
[2024-11-13T19:49:07.342+0000] {processor.py:925} INFO - DAG(s) 'example_dynamic_task_mapping' retrieved from /home/airflow/.local/lib/python3.12/site-packages/airflow/example_dags/example_dynamic_task_mapping.py
[2024-11-13T19:49:07.358+0000] {logging_mixin.py:190} INFO - [2024-11-13T19:49:07.358+0000] {dag.py:3239} INFO - Sync 1 DAGs
[2024-11-13T19:49:07.370+0000] {logging_mixin.py:190} INFO - [2024-11-13T19:49:07.370+0000] {dag.py:4180} INFO - Setting next_dagrun for example_dynamic_task_mapping to None, run_after=None
[2024-11-13T19:49:07.384+0000] {processor.py:208} INFO - Processing /home/airflow/.local/lib/python3.12/site-packages/airflow/example_dags/example_dynamic_task_mapping.py took 0.055 seconds
[2024-11-13T19:49:38.270+0000] {processor.py:186} INFO - Started process (PID=3337) to work on /home/airflow/.local/lib/python3.12/site-packages/airflow/example_dags/example_dynamic_task_mapping.py
[2024-11-13T19:49:38.271+0000] {processor.py:914} INFO - Processing file /home/airflow/.local/lib/python3.12/site-packages/airflow/example_dags/example_dynamic_task_mapping.py for tasks to queue
[2024-11-13T19:49:38.273+0000] {logging_mixin.py:190} INFO - [2024-11-13T19:49:38.272+0000] {dagbag.py:588} INFO - Filling up the DagBag from /home/airflow/.local/lib/python3.12/site-packages/airflow/example_dags/example_dynamic_task_mapping.py
[2024-11-13T19:49:38.279+0000] {processor.py:925} INFO - DAG(s) 'example_dynamic_task_mapping' retrieved from /home/airflow/.local/lib/python3.12/site-packages/airflow/example_dags/example_dynamic_task_mapping.py
[2024-11-13T19:49:38.295+0000] {logging_mixin.py:190} INFO - [2024-11-13T19:49:38.294+0000] {dag.py:3239} INFO - Sync 1 DAGs
[2024-11-13T19:49:38.305+0000] {logging_mixin.py:190} INFO - [2024-11-13T19:49:38.305+0000] {dag.py:4180} INFO - Setting next_dagrun for example_dynamic_task_mapping to None, run_after=None
[2024-11-13T19:49:38.318+0000] {processor.py:208} INFO - Processing /home/airflow/.local/lib/python3.12/site-packages/airflow/example_dags/example_dynamic_task_mapping.py took 0.053 seconds
[2024-11-13T19:50:09.174+0000] {processor.py:186} INFO - Started process (PID=3400) to work on /home/airflow/.local/lib/python3.12/site-packages/airflow/example_dags/example_dynamic_task_mapping.py
[2024-11-13T19:50:09.175+0000] {processor.py:914} INFO - Processing file /home/airflow/.local/lib/python3.12/site-packages/airflow/example_dags/example_dynamic_task_mapping.py for tasks to queue
[2024-11-13T19:50:09.176+0000] {logging_mixin.py:190} INFO - [2024-11-13T19:50:09.176+0000] {dagbag.py:588} INFO - Filling up the DagBag from /home/airflow/.local/lib/python3.12/site-packages/airflow/example_dags/example_dynamic_task_mapping.py
[2024-11-13T19:50:09.183+0000] {processor.py:925} INFO - DAG(s) 'example_dynamic_task_mapping' retrieved from /home/airflow/.local/lib/python3.12/site-packages/airflow/example_dags/example_dynamic_task_mapping.py
[2024-11-13T19:50:09.198+0000] {logging_mixin.py:190} INFO - [2024-11-13T19:50:09.198+0000] {dag.py:3239} INFO - Sync 1 DAGs
[2024-11-13T19:50:09.209+0000] {logging_mixin.py:190} INFO - [2024-11-13T19:50:09.209+0000] {dag.py:4180} INFO - Setting next_dagrun for example_dynamic_task_mapping to None, run_after=None
[2024-11-13T19:50:09.223+0000] {processor.py:208} INFO - Processing /home/airflow/.local/lib/python3.12/site-packages/airflow/example_dags/example_dynamic_task_mapping.py took 0.054 seconds
[2024-11-13T19:50:39.360+0000] {processor.py:186} INFO - Started process (PID=3463) to work on /home/airflow/.local/lib/python3.12/site-packages/airflow/example_dags/example_dynamic_task_mapping.py
[2024-11-13T19:50:39.361+0000] {processor.py:914} INFO - Processing file /home/airflow/.local/lib/python3.12/site-packages/airflow/example_dags/example_dynamic_task_mapping.py for tasks to queue
[2024-11-13T19:50:39.363+0000] {logging_mixin.py:190} INFO - [2024-11-13T19:50:39.363+0000] {dagbag.py:588} INFO - Filling up the DagBag from /home/airflow/.local/lib/python3.12/site-packages/airflow/example_dags/example_dynamic_task_mapping.py
[2024-11-13T19:50:39.370+0000] {processor.py:925} INFO - DAG(s) 'example_dynamic_task_mapping' retrieved from /home/airflow/.local/lib/python3.12/site-packages/airflow/example_dags/example_dynamic_task_mapping.py
[2024-11-13T19:50:39.388+0000] {logging_mixin.py:190} INFO - [2024-11-13T19:50:39.387+0000] {dag.py:3239} INFO - Sync 1 DAGs
[2024-11-13T19:50:39.398+0000] {logging_mixin.py:190} INFO - [2024-11-13T19:50:39.398+0000] {dag.py:4180} INFO - Setting next_dagrun for example_dynamic_task_mapping to None, run_after=None
[2024-11-13T19:50:39.414+0000] {processor.py:208} INFO - Processing /home/airflow/.local/lib/python3.12/site-packages/airflow/example_dags/example_dynamic_task_mapping.py took 0.058 seconds
[2024-11-13T19:51:09.475+0000] {processor.py:186} INFO - Started process (PID=3525) to work on /home/airflow/.local/lib/python3.12/site-packages/airflow/example_dags/example_dynamic_task_mapping.py
[2024-11-13T19:51:09.476+0000] {processor.py:914} INFO - Processing file /home/airflow/.local/lib/python3.12/site-packages/airflow/example_dags/example_dynamic_task_mapping.py for tasks to queue
[2024-11-13T19:51:09.478+0000] {logging_mixin.py:190} INFO - [2024-11-13T19:51:09.478+0000] {dagbag.py:588} INFO - Filling up the DagBag from /home/airflow/.local/lib/python3.12/site-packages/airflow/example_dags/example_dynamic_task_mapping.py
[2024-11-13T19:51:09.484+0000] {processor.py:925} INFO - DAG(s) 'example_dynamic_task_mapping' retrieved from /home/airflow/.local/lib/python3.12/site-packages/airflow/example_dags/example_dynamic_task_mapping.py
[2024-11-13T19:51:09.500+0000] {logging_mixin.py:190} INFO - [2024-11-13T19:51:09.499+0000] {dag.py:3239} INFO - Sync 1 DAGs
[2024-11-13T19:51:09.510+0000] {logging_mixin.py:190} INFO - [2024-11-13T19:51:09.510+0000] {dag.py:4180} INFO - Setting next_dagrun for example_dynamic_task_mapping to None, run_after=None
[2024-11-13T19:51:09.524+0000] {processor.py:208} INFO - Processing /home/airflow/.local/lib/python3.12/site-packages/airflow/example_dags/example_dynamic_task_mapping.py took 0.053 seconds
[2024-11-13T19:51:39.593+0000] {processor.py:186} INFO - Started process (PID=3588) to work on /home/airflow/.local/lib/python3.12/site-packages/airflow/example_dags/example_dynamic_task_mapping.py
[2024-11-13T19:51:39.594+0000] {processor.py:914} INFO - Processing file /home/airflow/.local/lib/python3.12/site-packages/airflow/example_dags/example_dynamic_task_mapping.py for tasks to queue
[2024-11-13T19:51:39.596+0000] {logging_mixin.py:190} INFO - [2024-11-13T19:51:39.596+0000] {dagbag.py:588} INFO - Filling up the DagBag from /home/airflow/.local/lib/python3.12/site-packages/airflow/example_dags/example_dynamic_task_mapping.py
[2024-11-13T19:51:39.602+0000] {processor.py:925} INFO - DAG(s) 'example_dynamic_task_mapping' retrieved from /home/airflow/.local/lib/python3.12/site-packages/airflow/example_dags/example_dynamic_task_mapping.py
[2024-11-13T19:51:39.616+0000] {logging_mixin.py:190} INFO - [2024-11-13T19:51:39.616+0000] {dag.py:3239} INFO - Sync 1 DAGs
[2024-11-13T19:51:39.627+0000] {logging_mixin.py:190} INFO - [2024-11-13T19:51:39.627+0000] {dag.py:4180} INFO - Setting next_dagrun for example_dynamic_task_mapping to None, run_after=None
[2024-11-13T19:51:39.640+0000] {processor.py:208} INFO - Processing /home/airflow/.local/lib/python3.12/site-packages/airflow/example_dags/example_dynamic_task_mapping.py took 0.051 seconds
[2024-11-13T19:52:09.720+0000] {processor.py:186} INFO - Started process (PID=3651) to work on /home/airflow/.local/lib/python3.12/site-packages/airflow/example_dags/example_dynamic_task_mapping.py
[2024-11-13T19:52:09.721+0000] {processor.py:914} INFO - Processing file /home/airflow/.local/lib/python3.12/site-packages/airflow/example_dags/example_dynamic_task_mapping.py for tasks to queue
[2024-11-13T19:52:09.723+0000] {logging_mixin.py:190} INFO - [2024-11-13T19:52:09.722+0000] {dagbag.py:588} INFO - Filling up the DagBag from /home/airflow/.local/lib/python3.12/site-packages/airflow/example_dags/example_dynamic_task_mapping.py
[2024-11-13T19:52:09.728+0000] {processor.py:925} INFO - DAG(s) 'example_dynamic_task_mapping' retrieved from /home/airflow/.local/lib/python3.12/site-packages/airflow/example_dags/example_dynamic_task_mapping.py
[2024-11-13T19:52:09.743+0000] {logging_mixin.py:190} INFO - [2024-11-13T19:52:09.743+0000] {dag.py:3239} INFO - Sync 1 DAGs
[2024-11-13T19:52:09.753+0000] {logging_mixin.py:190} INFO - [2024-11-13T19:52:09.753+0000] {dag.py:4180} INFO - Setting next_dagrun for example_dynamic_task_mapping to None, run_after=None
[2024-11-13T19:52:09.766+0000] {processor.py:208} INFO - Processing /home/airflow/.local/lib/python3.12/site-packages/airflow/example_dags/example_dynamic_task_mapping.py took 0.051 seconds
[2024-11-13T19:52:40.060+0000] {processor.py:186} INFO - Started process (PID=3714) to work on /home/airflow/.local/lib/python3.12/site-packages/airflow/example_dags/example_dynamic_task_mapping.py
[2024-11-13T19:52:40.061+0000] {processor.py:914} INFO - Processing file /home/airflow/.local/lib/python3.12/site-packages/airflow/example_dags/example_dynamic_task_mapping.py for tasks to queue
[2024-11-13T19:52:40.064+0000] {logging_mixin.py:190} INFO - [2024-11-13T19:52:40.063+0000] {dagbag.py:588} INFO - Filling up the DagBag from /home/airflow/.local/lib/python3.12/site-packages/airflow/example_dags/example_dynamic_task_mapping.py
[2024-11-13T19:52:40.075+0000] {processor.py:925} INFO - DAG(s) 'example_dynamic_task_mapping' retrieved from /home/airflow/.local/lib/python3.12/site-packages/airflow/example_dags/example_dynamic_task_mapping.py
[2024-11-13T19:52:40.099+0000] {logging_mixin.py:190} INFO - [2024-11-13T19:52:40.099+0000] {dag.py:3239} INFO - Sync 1 DAGs
[2024-11-13T19:52:40.112+0000] {logging_mixin.py:190} INFO - [2024-11-13T19:52:40.112+0000] {dag.py:4180} INFO - Setting next_dagrun for example_dynamic_task_mapping to None, run_after=None
[2024-11-13T19:52:40.385+0000] {logging_mixin.py:190} INFO - [2024-11-13T19:52:40.384+0000] {process_utils.py:266} INFO - Waiting up to 5 seconds for processes to exit...
