[2024-11-13T19:23:18.456+0000] {processor.py:186} INFO - Started process (PID=90) to work on /home/airflow/.local/lib/python3.12/site-packages/airflow/example_dags/example_python_decorator.py
[2024-11-13T19:23:18.456+0000] {processor.py:914} INFO - Processing file /home/airflow/.local/lib/python3.12/site-packages/airflow/example_dags/example_python_decorator.py for tasks to queue
[2024-11-13T19:23:18.458+0000] {logging_mixin.py:190} INFO - [2024-11-13T19:23:18.458+0000] {dagbag.py:588} INFO - Filling up the DagBag from /home/airflow/.local/lib/python3.12/site-packages/airflow/example_dags/example_python_decorator.py
[2024-11-13T19:23:18.469+0000] {processor.py:925} INFO - DAG(s) 'example_python_decorator' retrieved from /home/airflow/.local/lib/python3.12/site-packages/airflow/example_dags/example_python_decorator.py
[2024-11-13T19:23:18.547+0000] {logging_mixin.py:190} INFO - [2024-11-13T19:23:18.547+0000] {override.py:1911} INFO - Created Permission View: can edit on DAG:example_python_decorator
[2024-11-13T19:23:18.554+0000] {logging_mixin.py:190} INFO - [2024-11-13T19:23:18.554+0000] {override.py:1911} INFO - Created Permission View: can read on DAG:example_python_decorator
[2024-11-13T19:23:18.558+0000] {logging_mixin.py:190} INFO - [2024-11-13T19:23:18.558+0000] {override.py:1911} INFO - Created Permission View: can delete on DAG:example_python_decorator
[2024-11-13T19:23:18.563+0000] {logging_mixin.py:190} INFO - [2024-11-13T19:23:18.563+0000] {override.py:1911} INFO - Created Permission View: can delete on DAG Run:example_python_decorator
[2024-11-13T19:23:18.567+0000] {logging_mixin.py:190} INFO - [2024-11-13T19:23:18.567+0000] {override.py:1911} INFO - Created Permission View: can read on DAG Run:example_python_decorator
[2024-11-13T19:23:18.571+0000] {logging_mixin.py:190} INFO - [2024-11-13T19:23:18.571+0000] {override.py:1911} INFO - Created Permission View: menu access on DAG Run:example_python_decorator
[2024-11-13T19:23:18.576+0000] {logging_mixin.py:190} INFO - [2024-11-13T19:23:18.576+0000] {override.py:1911} INFO - Created Permission View: can create on DAG Run:example_python_decorator
[2024-11-13T19:23:18.576+0000] {logging_mixin.py:190} INFO - [2024-11-13T19:23:18.576+0000] {dag.py:3239} INFO - Sync 1 DAGs
[2024-11-13T19:23:18.585+0000] {logging_mixin.py:190} INFO - [2024-11-13T19:23:18.585+0000] {dag.py:3262} INFO - Creating ORM DAG for example_python_decorator
[2024-11-13T19:23:18.585+0000] {logging_mixin.py:190} INFO - [2024-11-13T19:23:18.585+0000] {dag.py:4180} INFO - Setting next_dagrun for example_python_decorator to None, run_after=None
[2024-11-13T19:23:18.597+0000] {processor.py:208} INFO - Processing /home/airflow/.local/lib/python3.12/site-packages/airflow/example_dags/example_python_decorator.py took 0.146 seconds
[2024-11-13T19:23:48.926+0000] {processor.py:186} INFO - Started process (PID=152) to work on /home/airflow/.local/lib/python3.12/site-packages/airflow/example_dags/example_python_decorator.py
[2024-11-13T19:23:48.927+0000] {processor.py:914} INFO - Processing file /home/airflow/.local/lib/python3.12/site-packages/airflow/example_dags/example_python_decorator.py for tasks to queue
[2024-11-13T19:23:48.928+0000] {logging_mixin.py:190} INFO - [2024-11-13T19:23:48.928+0000] {dagbag.py:588} INFO - Filling up the DagBag from /home/airflow/.local/lib/python3.12/site-packages/airflow/example_dags/example_python_decorator.py
[2024-11-13T19:23:48.939+0000] {processor.py:925} INFO - DAG(s) 'example_python_decorator' retrieved from /home/airflow/.local/lib/python3.12/site-packages/airflow/example_dags/example_python_decorator.py
[2024-11-13T19:23:48.955+0000] {logging_mixin.py:190} INFO - [2024-11-13T19:23:48.955+0000] {dag.py:3239} INFO - Sync 1 DAGs
[2024-11-13T19:23:48.966+0000] {logging_mixin.py:190} INFO - [2024-11-13T19:23:48.966+0000] {dag.py:4180} INFO - Setting next_dagrun for example_python_decorator to None, run_after=None
[2024-11-13T19:23:48.979+0000] {processor.py:208} INFO - Processing /home/airflow/.local/lib/python3.12/site-packages/airflow/example_dags/example_python_decorator.py took 0.057 seconds
[2024-11-13T19:24:19.102+0000] {processor.py:186} INFO - Started process (PID=220) to work on /home/airflow/.local/lib/python3.12/site-packages/airflow/example_dags/example_python_decorator.py
[2024-11-13T19:24:19.103+0000] {processor.py:914} INFO - Processing file /home/airflow/.local/lib/python3.12/site-packages/airflow/example_dags/example_python_decorator.py for tasks to queue
[2024-11-13T19:24:19.105+0000] {logging_mixin.py:190} INFO - [2024-11-13T19:24:19.105+0000] {dagbag.py:588} INFO - Filling up the DagBag from /home/airflow/.local/lib/python3.12/site-packages/airflow/example_dags/example_python_decorator.py
[2024-11-13T19:24:19.117+0000] {processor.py:925} INFO - DAG(s) 'example_python_decorator' retrieved from /home/airflow/.local/lib/python3.12/site-packages/airflow/example_dags/example_python_decorator.py
[2024-11-13T19:24:19.136+0000] {logging_mixin.py:190} INFO - [2024-11-13T19:24:19.136+0000] {dag.py:3239} INFO - Sync 1 DAGs
[2024-11-13T19:24:19.148+0000] {logging_mixin.py:190} INFO - [2024-11-13T19:24:19.148+0000] {dag.py:4180} INFO - Setting next_dagrun for example_python_decorator to None, run_after=None
[2024-11-13T19:24:19.162+0000] {processor.py:208} INFO - Processing /home/airflow/.local/lib/python3.12/site-packages/airflow/example_dags/example_python_decorator.py took 0.065 seconds
[2024-11-13T19:24:50.579+0000] {processor.py:186} INFO - Started process (PID=284) to work on /home/airflow/.local/lib/python3.12/site-packages/airflow/example_dags/example_python_decorator.py
[2024-11-13T19:24:50.580+0000] {processor.py:914} INFO - Processing file /home/airflow/.local/lib/python3.12/site-packages/airflow/example_dags/example_python_decorator.py for tasks to queue
[2024-11-13T19:24:50.582+0000] {logging_mixin.py:190} INFO - [2024-11-13T19:24:50.581+0000] {dagbag.py:588} INFO - Filling up the DagBag from /home/airflow/.local/lib/python3.12/site-packages/airflow/example_dags/example_python_decorator.py
[2024-11-13T19:24:50.592+0000] {processor.py:925} INFO - DAG(s) 'example_python_decorator' retrieved from /home/airflow/.local/lib/python3.12/site-packages/airflow/example_dags/example_python_decorator.py
[2024-11-13T19:24:50.610+0000] {logging_mixin.py:190} INFO - [2024-11-13T19:24:50.610+0000] {dag.py:3239} INFO - Sync 1 DAGs
[2024-11-13T19:24:50.622+0000] {logging_mixin.py:190} INFO - [2024-11-13T19:24:50.622+0000] {dag.py:4180} INFO - Setting next_dagrun for example_python_decorator to None, run_after=None
[2024-11-13T19:24:50.636+0000] {processor.py:208} INFO - Processing /home/airflow/.local/lib/python3.12/site-packages/airflow/example_dags/example_python_decorator.py took 0.061 seconds
[2024-11-13T19:25:22.236+0000] {processor.py:186} INFO - Started process (PID=348) to work on /home/airflow/.local/lib/python3.12/site-packages/airflow/example_dags/example_python_decorator.py
[2024-11-13T19:25:22.237+0000] {processor.py:914} INFO - Processing file /home/airflow/.local/lib/python3.12/site-packages/airflow/example_dags/example_python_decorator.py for tasks to queue
[2024-11-13T19:25:22.239+0000] {logging_mixin.py:190} INFO - [2024-11-13T19:25:22.238+0000] {dagbag.py:588} INFO - Filling up the DagBag from /home/airflow/.local/lib/python3.12/site-packages/airflow/example_dags/example_python_decorator.py
[2024-11-13T19:25:22.250+0000] {processor.py:925} INFO - DAG(s) 'example_python_decorator' retrieved from /home/airflow/.local/lib/python3.12/site-packages/airflow/example_dags/example_python_decorator.py
[2024-11-13T19:25:22.269+0000] {logging_mixin.py:190} INFO - [2024-11-13T19:25:22.269+0000] {dag.py:3239} INFO - Sync 1 DAGs
[2024-11-13T19:25:22.283+0000] {logging_mixin.py:190} INFO - [2024-11-13T19:25:22.282+0000] {dag.py:4180} INFO - Setting next_dagrun for example_python_decorator to None, run_after=None
[2024-11-13T19:25:22.299+0000] {processor.py:208} INFO - Processing /home/airflow/.local/lib/python3.12/site-packages/airflow/example_dags/example_python_decorator.py took 0.067 seconds
[2024-11-13T19:25:53.257+0000] {processor.py:186} INFO - Started process (PID=410) to work on /home/airflow/.local/lib/python3.12/site-packages/airflow/example_dags/example_python_decorator.py
[2024-11-13T19:25:53.258+0000] {processor.py:914} INFO - Processing file /home/airflow/.local/lib/python3.12/site-packages/airflow/example_dags/example_python_decorator.py for tasks to queue
[2024-11-13T19:25:53.260+0000] {logging_mixin.py:190} INFO - [2024-11-13T19:25:53.260+0000] {dagbag.py:588} INFO - Filling up the DagBag from /home/airflow/.local/lib/python3.12/site-packages/airflow/example_dags/example_python_decorator.py
[2024-11-13T19:25:53.272+0000] {processor.py:925} INFO - DAG(s) 'example_python_decorator' retrieved from /home/airflow/.local/lib/python3.12/site-packages/airflow/example_dags/example_python_decorator.py
[2024-11-13T19:25:53.288+0000] {logging_mixin.py:190} INFO - [2024-11-13T19:25:53.288+0000] {dag.py:3239} INFO - Sync 1 DAGs
[2024-11-13T19:25:53.298+0000] {logging_mixin.py:190} INFO - [2024-11-13T19:25:53.298+0000] {dag.py:4180} INFO - Setting next_dagrun for example_python_decorator to None, run_after=None
[2024-11-13T19:25:53.311+0000] {processor.py:208} INFO - Processing /home/airflow/.local/lib/python3.12/site-packages/airflow/example_dags/example_python_decorator.py took 0.058 seconds
[2024-11-13T19:26:24.435+0000] {processor.py:186} INFO - Started process (PID=473) to work on /home/airflow/.local/lib/python3.12/site-packages/airflow/example_dags/example_python_decorator.py
[2024-11-13T19:26:24.436+0000] {processor.py:914} INFO - Processing file /home/airflow/.local/lib/python3.12/site-packages/airflow/example_dags/example_python_decorator.py for tasks to queue
[2024-11-13T19:26:24.437+0000] {logging_mixin.py:190} INFO - [2024-11-13T19:26:24.437+0000] {dagbag.py:588} INFO - Filling up the DagBag from /home/airflow/.local/lib/python3.12/site-packages/airflow/example_dags/example_python_decorator.py
[2024-11-13T19:26:24.449+0000] {processor.py:925} INFO - DAG(s) 'example_python_decorator' retrieved from /home/airflow/.local/lib/python3.12/site-packages/airflow/example_dags/example_python_decorator.py
[2024-11-13T19:26:24.466+0000] {logging_mixin.py:190} INFO - [2024-11-13T19:26:24.466+0000] {dag.py:3239} INFO - Sync 1 DAGs
[2024-11-13T19:26:24.477+0000] {logging_mixin.py:190} INFO - [2024-11-13T19:26:24.477+0000] {dag.py:4180} INFO - Setting next_dagrun for example_python_decorator to None, run_after=None
[2024-11-13T19:26:24.493+0000] {processor.py:208} INFO - Processing /home/airflow/.local/lib/python3.12/site-packages/airflow/example_dags/example_python_decorator.py took 0.062 seconds
[2024-11-13T19:26:55.671+0000] {processor.py:186} INFO - Started process (PID=536) to work on /home/airflow/.local/lib/python3.12/site-packages/airflow/example_dags/example_python_decorator.py
[2024-11-13T19:26:55.672+0000] {processor.py:914} INFO - Processing file /home/airflow/.local/lib/python3.12/site-packages/airflow/example_dags/example_python_decorator.py for tasks to queue
[2024-11-13T19:26:55.673+0000] {logging_mixin.py:190} INFO - [2024-11-13T19:26:55.673+0000] {dagbag.py:588} INFO - Filling up the DagBag from /home/airflow/.local/lib/python3.12/site-packages/airflow/example_dags/example_python_decorator.py
[2024-11-13T19:26:55.683+0000] {processor.py:925} INFO - DAG(s) 'example_python_decorator' retrieved from /home/airflow/.local/lib/python3.12/site-packages/airflow/example_dags/example_python_decorator.py
[2024-11-13T19:26:55.698+0000] {logging_mixin.py:190} INFO - [2024-11-13T19:26:55.698+0000] {dag.py:3239} INFO - Sync 1 DAGs
[2024-11-13T19:26:55.708+0000] {logging_mixin.py:190} INFO - [2024-11-13T19:26:55.707+0000] {dag.py:4180} INFO - Setting next_dagrun for example_python_decorator to None, run_after=None
[2024-11-13T19:26:55.720+0000] {processor.py:208} INFO - Processing /home/airflow/.local/lib/python3.12/site-packages/airflow/example_dags/example_python_decorator.py took 0.053 seconds
[2024-11-13T19:27:27.014+0000] {processor.py:186} INFO - Started process (PID=599) to work on /home/airflow/.local/lib/python3.12/site-packages/airflow/example_dags/example_python_decorator.py
[2024-11-13T19:27:27.015+0000] {processor.py:914} INFO - Processing file /home/airflow/.local/lib/python3.12/site-packages/airflow/example_dags/example_python_decorator.py for tasks to queue
[2024-11-13T19:27:27.016+0000] {logging_mixin.py:190} INFO - [2024-11-13T19:27:27.016+0000] {dagbag.py:588} INFO - Filling up the DagBag from /home/airflow/.local/lib/python3.12/site-packages/airflow/example_dags/example_python_decorator.py
[2024-11-13T19:27:27.027+0000] {processor.py:925} INFO - DAG(s) 'example_python_decorator' retrieved from /home/airflow/.local/lib/python3.12/site-packages/airflow/example_dags/example_python_decorator.py
[2024-11-13T19:27:27.042+0000] {logging_mixin.py:190} INFO - [2024-11-13T19:27:27.042+0000] {dag.py:3239} INFO - Sync 1 DAGs
[2024-11-13T19:27:27.052+0000] {logging_mixin.py:190} INFO - [2024-11-13T19:27:27.052+0000] {dag.py:4180} INFO - Setting next_dagrun for example_python_decorator to None, run_after=None
[2024-11-13T19:27:27.066+0000] {processor.py:208} INFO - Processing /home/airflow/.local/lib/python3.12/site-packages/airflow/example_dags/example_python_decorator.py took 0.056 seconds
[2024-11-13T19:27:58.155+0000] {processor.py:186} INFO - Started process (PID=662) to work on /home/airflow/.local/lib/python3.12/site-packages/airflow/example_dags/example_python_decorator.py
[2024-11-13T19:27:58.156+0000] {processor.py:914} INFO - Processing file /home/airflow/.local/lib/python3.12/site-packages/airflow/example_dags/example_python_decorator.py for tasks to queue
[2024-11-13T19:27:58.157+0000] {logging_mixin.py:190} INFO - [2024-11-13T19:27:58.157+0000] {dagbag.py:588} INFO - Filling up the DagBag from /home/airflow/.local/lib/python3.12/site-packages/airflow/example_dags/example_python_decorator.py
[2024-11-13T19:27:58.168+0000] {processor.py:925} INFO - DAG(s) 'example_python_decorator' retrieved from /home/airflow/.local/lib/python3.12/site-packages/airflow/example_dags/example_python_decorator.py
[2024-11-13T19:27:58.184+0000] {logging_mixin.py:190} INFO - [2024-11-13T19:27:58.183+0000] {dag.py:3239} INFO - Sync 1 DAGs
[2024-11-13T19:27:58.195+0000] {logging_mixin.py:190} INFO - [2024-11-13T19:27:58.194+0000] {dag.py:4180} INFO - Setting next_dagrun for example_python_decorator to None, run_after=None
[2024-11-13T19:27:58.207+0000] {processor.py:208} INFO - Processing /home/airflow/.local/lib/python3.12/site-packages/airflow/example_dags/example_python_decorator.py took 0.056 seconds
[2024-11-13T19:28:28.644+0000] {processor.py:186} INFO - Started process (PID=725) to work on /home/airflow/.local/lib/python3.12/site-packages/airflow/example_dags/example_python_decorator.py
[2024-11-13T19:28:28.645+0000] {processor.py:914} INFO - Processing file /home/airflow/.local/lib/python3.12/site-packages/airflow/example_dags/example_python_decorator.py for tasks to queue
[2024-11-13T19:28:28.647+0000] {logging_mixin.py:190} INFO - [2024-11-13T19:28:28.646+0000] {dagbag.py:588} INFO - Filling up the DagBag from /home/airflow/.local/lib/python3.12/site-packages/airflow/example_dags/example_python_decorator.py
[2024-11-13T19:28:28.656+0000] {processor.py:925} INFO - DAG(s) 'example_python_decorator' retrieved from /home/airflow/.local/lib/python3.12/site-packages/airflow/example_dags/example_python_decorator.py
[2024-11-13T19:28:28.672+0000] {logging_mixin.py:190} INFO - [2024-11-13T19:28:28.672+0000] {dag.py:3239} INFO - Sync 1 DAGs
[2024-11-13T19:28:28.683+0000] {logging_mixin.py:190} INFO - [2024-11-13T19:28:28.682+0000] {dag.py:4180} INFO - Setting next_dagrun for example_python_decorator to None, run_after=None
[2024-11-13T19:28:28.694+0000] {processor.py:208} INFO - Processing /home/airflow/.local/lib/python3.12/site-packages/airflow/example_dags/example_python_decorator.py took 0.054 seconds
[2024-11-13T19:28:59.201+0000] {processor.py:186} INFO - Started process (PID=788) to work on /home/airflow/.local/lib/python3.12/site-packages/airflow/example_dags/example_python_decorator.py
[2024-11-13T19:28:59.202+0000] {processor.py:914} INFO - Processing file /home/airflow/.local/lib/python3.12/site-packages/airflow/example_dags/example_python_decorator.py for tasks to queue
[2024-11-13T19:28:59.204+0000] {logging_mixin.py:190} INFO - [2024-11-13T19:28:59.204+0000] {dagbag.py:588} INFO - Filling up the DagBag from /home/airflow/.local/lib/python3.12/site-packages/airflow/example_dags/example_python_decorator.py
[2024-11-13T19:28:59.214+0000] {processor.py:925} INFO - DAG(s) 'example_python_decorator' retrieved from /home/airflow/.local/lib/python3.12/site-packages/airflow/example_dags/example_python_decorator.py
[2024-11-13T19:28:59.230+0000] {logging_mixin.py:190} INFO - [2024-11-13T19:28:59.230+0000] {dag.py:3239} INFO - Sync 1 DAGs
[2024-11-13T19:28:59.240+0000] {logging_mixin.py:190} INFO - [2024-11-13T19:28:59.239+0000] {dag.py:4180} INFO - Setting next_dagrun for example_python_decorator to None, run_after=None
[2024-11-13T19:28:59.254+0000] {processor.py:208} INFO - Processing /home/airflow/.local/lib/python3.12/site-packages/airflow/example_dags/example_python_decorator.py took 0.057 seconds
[2024-11-13T19:29:30.444+0000] {processor.py:186} INFO - Started process (PID=851) to work on /home/airflow/.local/lib/python3.12/site-packages/airflow/example_dags/example_python_decorator.py
[2024-11-13T19:29:30.445+0000] {processor.py:914} INFO - Processing file /home/airflow/.local/lib/python3.12/site-packages/airflow/example_dags/example_python_decorator.py for tasks to queue
[2024-11-13T19:29:30.447+0000] {logging_mixin.py:190} INFO - [2024-11-13T19:29:30.446+0000] {dagbag.py:588} INFO - Filling up the DagBag from /home/airflow/.local/lib/python3.12/site-packages/airflow/example_dags/example_python_decorator.py
[2024-11-13T19:29:30.457+0000] {processor.py:925} INFO - DAG(s) 'example_python_decorator' retrieved from /home/airflow/.local/lib/python3.12/site-packages/airflow/example_dags/example_python_decorator.py
[2024-11-13T19:29:30.473+0000] {logging_mixin.py:190} INFO - [2024-11-13T19:29:30.473+0000] {dag.py:3239} INFO - Sync 1 DAGs
[2024-11-13T19:29:30.484+0000] {logging_mixin.py:190} INFO - [2024-11-13T19:29:30.483+0000] {dag.py:4180} INFO - Setting next_dagrun for example_python_decorator to None, run_after=None
[2024-11-13T19:29:30.499+0000] {processor.py:208} INFO - Processing /home/airflow/.local/lib/python3.12/site-packages/airflow/example_dags/example_python_decorator.py took 0.059 seconds
[2024-11-13T19:30:01.858+0000] {processor.py:186} INFO - Started process (PID=915) to work on /home/airflow/.local/lib/python3.12/site-packages/airflow/example_dags/example_python_decorator.py
[2024-11-13T19:30:01.859+0000] {processor.py:914} INFO - Processing file /home/airflow/.local/lib/python3.12/site-packages/airflow/example_dags/example_python_decorator.py for tasks to queue
[2024-11-13T19:30:01.861+0000] {logging_mixin.py:190} INFO - [2024-11-13T19:30:01.860+0000] {dagbag.py:588} INFO - Filling up the DagBag from /home/airflow/.local/lib/python3.12/site-packages/airflow/example_dags/example_python_decorator.py
[2024-11-13T19:30:01.872+0000] {processor.py:925} INFO - DAG(s) 'example_python_decorator' retrieved from /home/airflow/.local/lib/python3.12/site-packages/airflow/example_dags/example_python_decorator.py
[2024-11-13T19:30:01.890+0000] {logging_mixin.py:190} INFO - [2024-11-13T19:30:01.890+0000] {dag.py:3239} INFO - Sync 1 DAGs
[2024-11-13T19:30:01.901+0000] {logging_mixin.py:190} INFO - [2024-11-13T19:30:01.900+0000] {dag.py:4180} INFO - Setting next_dagrun for example_python_decorator to None, run_after=None
[2024-11-13T19:30:01.915+0000] {processor.py:208} INFO - Processing /home/airflow/.local/lib/python3.12/site-packages/airflow/example_dags/example_python_decorator.py took 0.061 seconds
[2024-11-13T19:30:33.132+0000] {processor.py:186} INFO - Started process (PID=978) to work on /home/airflow/.local/lib/python3.12/site-packages/airflow/example_dags/example_python_decorator.py
[2024-11-13T19:30:33.133+0000] {processor.py:914} INFO - Processing file /home/airflow/.local/lib/python3.12/site-packages/airflow/example_dags/example_python_decorator.py for tasks to queue
[2024-11-13T19:30:33.135+0000] {logging_mixin.py:190} INFO - [2024-11-13T19:30:33.134+0000] {dagbag.py:588} INFO - Filling up the DagBag from /home/airflow/.local/lib/python3.12/site-packages/airflow/example_dags/example_python_decorator.py
[2024-11-13T19:30:33.145+0000] {processor.py:925} INFO - DAG(s) 'example_python_decorator' retrieved from /home/airflow/.local/lib/python3.12/site-packages/airflow/example_dags/example_python_decorator.py
[2024-11-13T19:30:33.162+0000] {logging_mixin.py:190} INFO - [2024-11-13T19:30:33.162+0000] {dag.py:3239} INFO - Sync 1 DAGs
[2024-11-13T19:30:33.173+0000] {logging_mixin.py:190} INFO - [2024-11-13T19:30:33.173+0000] {dag.py:4180} INFO - Setting next_dagrun for example_python_decorator to None, run_after=None
[2024-11-13T19:30:33.186+0000] {processor.py:208} INFO - Processing /home/airflow/.local/lib/python3.12/site-packages/airflow/example_dags/example_python_decorator.py took 0.057 seconds
[2024-11-13T19:31:04.318+0000] {processor.py:186} INFO - Started process (PID=1041) to work on /home/airflow/.local/lib/python3.12/site-packages/airflow/example_dags/example_python_decorator.py
[2024-11-13T19:31:04.319+0000] {processor.py:914} INFO - Processing file /home/airflow/.local/lib/python3.12/site-packages/airflow/example_dags/example_python_decorator.py for tasks to queue
[2024-11-13T19:31:04.320+0000] {logging_mixin.py:190} INFO - [2024-11-13T19:31:04.320+0000] {dagbag.py:588} INFO - Filling up the DagBag from /home/airflow/.local/lib/python3.12/site-packages/airflow/example_dags/example_python_decorator.py
[2024-11-13T19:31:04.330+0000] {processor.py:925} INFO - DAG(s) 'example_python_decorator' retrieved from /home/airflow/.local/lib/python3.12/site-packages/airflow/example_dags/example_python_decorator.py
[2024-11-13T19:31:04.348+0000] {logging_mixin.py:190} INFO - [2024-11-13T19:31:04.348+0000] {dag.py:3239} INFO - Sync 1 DAGs
[2024-11-13T19:31:04.358+0000] {logging_mixin.py:190} INFO - [2024-11-13T19:31:04.358+0000] {dag.py:4180} INFO - Setting next_dagrun for example_python_decorator to None, run_after=None
[2024-11-13T19:31:04.371+0000] {processor.py:208} INFO - Processing /home/airflow/.local/lib/python3.12/site-packages/airflow/example_dags/example_python_decorator.py took 0.057 seconds
[2024-11-13T19:31:35.434+0000] {processor.py:186} INFO - Started process (PID=1104) to work on /home/airflow/.local/lib/python3.12/site-packages/airflow/example_dags/example_python_decorator.py
[2024-11-13T19:31:35.435+0000] {processor.py:914} INFO - Processing file /home/airflow/.local/lib/python3.12/site-packages/airflow/example_dags/example_python_decorator.py for tasks to queue
[2024-11-13T19:31:35.437+0000] {logging_mixin.py:190} INFO - [2024-11-13T19:31:35.436+0000] {dagbag.py:588} INFO - Filling up the DagBag from /home/airflow/.local/lib/python3.12/site-packages/airflow/example_dags/example_python_decorator.py
[2024-11-13T19:31:35.447+0000] {processor.py:925} INFO - DAG(s) 'example_python_decorator' retrieved from /home/airflow/.local/lib/python3.12/site-packages/airflow/example_dags/example_python_decorator.py
[2024-11-13T19:31:35.462+0000] {logging_mixin.py:190} INFO - [2024-11-13T19:31:35.462+0000] {dag.py:3239} INFO - Sync 1 DAGs
[2024-11-13T19:31:35.472+0000] {logging_mixin.py:190} INFO - [2024-11-13T19:31:35.472+0000] {dag.py:4180} INFO - Setting next_dagrun for example_python_decorator to None, run_after=None
[2024-11-13T19:31:35.487+0000] {processor.py:208} INFO - Processing /home/airflow/.local/lib/python3.12/site-packages/airflow/example_dags/example_python_decorator.py took 0.057 seconds
[2024-11-13T19:32:05.963+0000] {processor.py:186} INFO - Started process (PID=1167) to work on /home/airflow/.local/lib/python3.12/site-packages/airflow/example_dags/example_python_decorator.py
[2024-11-13T19:32:05.964+0000] {processor.py:914} INFO - Processing file /home/airflow/.local/lib/python3.12/site-packages/airflow/example_dags/example_python_decorator.py for tasks to queue
[2024-11-13T19:32:05.966+0000] {logging_mixin.py:190} INFO - [2024-11-13T19:32:05.966+0000] {dagbag.py:588} INFO - Filling up the DagBag from /home/airflow/.local/lib/python3.12/site-packages/airflow/example_dags/example_python_decorator.py
[2024-11-13T19:32:05.976+0000] {processor.py:925} INFO - DAG(s) 'example_python_decorator' retrieved from /home/airflow/.local/lib/python3.12/site-packages/airflow/example_dags/example_python_decorator.py
[2024-11-13T19:32:05.991+0000] {logging_mixin.py:190} INFO - [2024-11-13T19:32:05.991+0000] {dag.py:3239} INFO - Sync 1 DAGs
[2024-11-13T19:32:06.000+0000] {logging_mixin.py:190} INFO - [2024-11-13T19:32:06.000+0000] {dag.py:4180} INFO - Setting next_dagrun for example_python_decorator to None, run_after=None
[2024-11-13T19:32:06.014+0000] {processor.py:208} INFO - Processing /home/airflow/.local/lib/python3.12/site-packages/airflow/example_dags/example_python_decorator.py took 0.055 seconds
[2024-11-13T19:32:36.516+0000] {processor.py:186} INFO - Started process (PID=1230) to work on /home/airflow/.local/lib/python3.12/site-packages/airflow/example_dags/example_python_decorator.py
[2024-11-13T19:32:36.517+0000] {processor.py:914} INFO - Processing file /home/airflow/.local/lib/python3.12/site-packages/airflow/example_dags/example_python_decorator.py for tasks to queue
[2024-11-13T19:32:36.519+0000] {logging_mixin.py:190} INFO - [2024-11-13T19:32:36.518+0000] {dagbag.py:588} INFO - Filling up the DagBag from /home/airflow/.local/lib/python3.12/site-packages/airflow/example_dags/example_python_decorator.py
[2024-11-13T19:32:36.531+0000] {processor.py:925} INFO - DAG(s) 'example_python_decorator' retrieved from /home/airflow/.local/lib/python3.12/site-packages/airflow/example_dags/example_python_decorator.py
[2024-11-13T19:32:36.548+0000] {logging_mixin.py:190} INFO - [2024-11-13T19:32:36.548+0000] {dag.py:3239} INFO - Sync 1 DAGs
[2024-11-13T19:32:36.559+0000] {logging_mixin.py:190} INFO - [2024-11-13T19:32:36.559+0000] {dag.py:4180} INFO - Setting next_dagrun for example_python_decorator to None, run_after=None
[2024-11-13T19:32:36.574+0000] {processor.py:208} INFO - Processing /home/airflow/.local/lib/python3.12/site-packages/airflow/example_dags/example_python_decorator.py took 0.061 seconds
[2024-11-13T19:33:07.685+0000] {processor.py:186} INFO - Started process (PID=1294) to work on /home/airflow/.local/lib/python3.12/site-packages/airflow/example_dags/example_python_decorator.py
[2024-11-13T19:33:07.686+0000] {processor.py:914} INFO - Processing file /home/airflow/.local/lib/python3.12/site-packages/airflow/example_dags/example_python_decorator.py for tasks to queue
[2024-11-13T19:33:07.688+0000] {logging_mixin.py:190} INFO - [2024-11-13T19:33:07.688+0000] {dagbag.py:588} INFO - Filling up the DagBag from /home/airflow/.local/lib/python3.12/site-packages/airflow/example_dags/example_python_decorator.py
[2024-11-13T19:33:07.698+0000] {processor.py:925} INFO - DAG(s) 'example_python_decorator' retrieved from /home/airflow/.local/lib/python3.12/site-packages/airflow/example_dags/example_python_decorator.py
[2024-11-13T19:33:07.715+0000] {logging_mixin.py:190} INFO - [2024-11-13T19:33:07.714+0000] {dag.py:3239} INFO - Sync 1 DAGs
[2024-11-13T19:33:07.724+0000] {logging_mixin.py:190} INFO - [2024-11-13T19:33:07.724+0000] {dag.py:4180} INFO - Setting next_dagrun for example_python_decorator to None, run_after=None
[2024-11-13T19:33:07.738+0000] {processor.py:208} INFO - Processing /home/airflow/.local/lib/python3.12/site-packages/airflow/example_dags/example_python_decorator.py took 0.056 seconds
[2024-11-13T19:33:38.310+0000] {processor.py:186} INFO - Started process (PID=1357) to work on /home/airflow/.local/lib/python3.12/site-packages/airflow/example_dags/example_python_decorator.py
[2024-11-13T19:33:38.311+0000] {processor.py:914} INFO - Processing file /home/airflow/.local/lib/python3.12/site-packages/airflow/example_dags/example_python_decorator.py for tasks to queue
[2024-11-13T19:33:38.312+0000] {logging_mixin.py:190} INFO - [2024-11-13T19:33:38.312+0000] {dagbag.py:588} INFO - Filling up the DagBag from /home/airflow/.local/lib/python3.12/site-packages/airflow/example_dags/example_python_decorator.py
[2024-11-13T19:33:38.322+0000] {processor.py:925} INFO - DAG(s) 'example_python_decorator' retrieved from /home/airflow/.local/lib/python3.12/site-packages/airflow/example_dags/example_python_decorator.py
[2024-11-13T19:33:38.338+0000] {logging_mixin.py:190} INFO - [2024-11-13T19:33:38.337+0000] {dag.py:3239} INFO - Sync 1 DAGs
[2024-11-13T19:33:38.347+0000] {logging_mixin.py:190} INFO - [2024-11-13T19:33:38.347+0000] {dag.py:4180} INFO - Setting next_dagrun for example_python_decorator to None, run_after=None
[2024-11-13T19:33:38.361+0000] {processor.py:208} INFO - Processing /home/airflow/.local/lib/python3.12/site-packages/airflow/example_dags/example_python_decorator.py took 0.055 seconds
[2024-11-13T19:34:09.402+0000] {processor.py:186} INFO - Started process (PID=1420) to work on /home/airflow/.local/lib/python3.12/site-packages/airflow/example_dags/example_python_decorator.py
[2024-11-13T19:34:09.403+0000] {processor.py:914} INFO - Processing file /home/airflow/.local/lib/python3.12/site-packages/airflow/example_dags/example_python_decorator.py for tasks to queue
[2024-11-13T19:34:09.405+0000] {logging_mixin.py:190} INFO - [2024-11-13T19:34:09.404+0000] {dagbag.py:588} INFO - Filling up the DagBag from /home/airflow/.local/lib/python3.12/site-packages/airflow/example_dags/example_python_decorator.py
[2024-11-13T19:34:09.414+0000] {processor.py:925} INFO - DAG(s) 'example_python_decorator' retrieved from /home/airflow/.local/lib/python3.12/site-packages/airflow/example_dags/example_python_decorator.py
[2024-11-13T19:34:09.431+0000] {logging_mixin.py:190} INFO - [2024-11-13T19:34:09.431+0000] {dag.py:3239} INFO - Sync 1 DAGs
[2024-11-13T19:34:09.442+0000] {logging_mixin.py:190} INFO - [2024-11-13T19:34:09.442+0000] {dag.py:4180} INFO - Setting next_dagrun for example_python_decorator to None, run_after=None
[2024-11-13T19:34:09.455+0000] {processor.py:208} INFO - Processing /home/airflow/.local/lib/python3.12/site-packages/airflow/example_dags/example_python_decorator.py took 0.057 seconds
[2024-11-13T19:34:40.924+0000] {processor.py:186} INFO - Started process (PID=1483) to work on /home/airflow/.local/lib/python3.12/site-packages/airflow/example_dags/example_python_decorator.py
[2024-11-13T19:34:40.925+0000] {processor.py:914} INFO - Processing file /home/airflow/.local/lib/python3.12/site-packages/airflow/example_dags/example_python_decorator.py for tasks to queue
[2024-11-13T19:34:40.927+0000] {logging_mixin.py:190} INFO - [2024-11-13T19:34:40.927+0000] {dagbag.py:588} INFO - Filling up the DagBag from /home/airflow/.local/lib/python3.12/site-packages/airflow/example_dags/example_python_decorator.py
[2024-11-13T19:34:40.936+0000] {processor.py:925} INFO - DAG(s) 'example_python_decorator' retrieved from /home/airflow/.local/lib/python3.12/site-packages/airflow/example_dags/example_python_decorator.py
[2024-11-13T19:34:40.953+0000] {logging_mixin.py:190} INFO - [2024-11-13T19:34:40.953+0000] {dag.py:3239} INFO - Sync 1 DAGs
[2024-11-13T19:34:40.963+0000] {logging_mixin.py:190} INFO - [2024-11-13T19:34:40.962+0000] {dag.py:4180} INFO - Setting next_dagrun for example_python_decorator to None, run_after=None
[2024-11-13T19:34:40.976+0000] {processor.py:208} INFO - Processing /home/airflow/.local/lib/python3.12/site-packages/airflow/example_dags/example_python_decorator.py took 0.056 seconds
[2024-11-13T19:35:12.142+0000] {processor.py:186} INFO - Started process (PID=1546) to work on /home/airflow/.local/lib/python3.12/site-packages/airflow/example_dags/example_python_decorator.py
[2024-11-13T19:35:12.143+0000] {processor.py:914} INFO - Processing file /home/airflow/.local/lib/python3.12/site-packages/airflow/example_dags/example_python_decorator.py for tasks to queue
[2024-11-13T19:35:12.145+0000] {logging_mixin.py:190} INFO - [2024-11-13T19:35:12.144+0000] {dagbag.py:588} INFO - Filling up the DagBag from /home/airflow/.local/lib/python3.12/site-packages/airflow/example_dags/example_python_decorator.py
[2024-11-13T19:35:12.155+0000] {processor.py:925} INFO - DAG(s) 'example_python_decorator' retrieved from /home/airflow/.local/lib/python3.12/site-packages/airflow/example_dags/example_python_decorator.py
[2024-11-13T19:35:12.170+0000] {logging_mixin.py:190} INFO - [2024-11-13T19:35:12.170+0000] {dag.py:3239} INFO - Sync 1 DAGs
[2024-11-13T19:35:12.180+0000] {logging_mixin.py:190} INFO - [2024-11-13T19:35:12.180+0000] {dag.py:4180} INFO - Setting next_dagrun for example_python_decorator to None, run_after=None
[2024-11-13T19:35:12.193+0000] {processor.py:208} INFO - Processing /home/airflow/.local/lib/python3.12/site-packages/airflow/example_dags/example_python_decorator.py took 0.055 seconds
[2024-11-13T19:35:42.688+0000] {processor.py:186} INFO - Started process (PID=1609) to work on /home/airflow/.local/lib/python3.12/site-packages/airflow/example_dags/example_python_decorator.py
[2024-11-13T19:35:42.689+0000] {processor.py:914} INFO - Processing file /home/airflow/.local/lib/python3.12/site-packages/airflow/example_dags/example_python_decorator.py for tasks to queue
[2024-11-13T19:35:42.691+0000] {logging_mixin.py:190} INFO - [2024-11-13T19:35:42.691+0000] {dagbag.py:588} INFO - Filling up the DagBag from /home/airflow/.local/lib/python3.12/site-packages/airflow/example_dags/example_python_decorator.py
[2024-11-13T19:35:42.701+0000] {processor.py:925} INFO - DAG(s) 'example_python_decorator' retrieved from /home/airflow/.local/lib/python3.12/site-packages/airflow/example_dags/example_python_decorator.py
[2024-11-13T19:35:42.718+0000] {logging_mixin.py:190} INFO - [2024-11-13T19:35:42.717+0000] {dag.py:3239} INFO - Sync 1 DAGs
[2024-11-13T19:35:42.728+0000] {logging_mixin.py:190} INFO - [2024-11-13T19:35:42.727+0000] {dag.py:4180} INFO - Setting next_dagrun for example_python_decorator to None, run_after=None
[2024-11-13T19:35:42.742+0000] {processor.py:208} INFO - Processing /home/airflow/.local/lib/python3.12/site-packages/airflow/example_dags/example_python_decorator.py took 0.058 seconds
[2024-11-13T19:36:13.945+0000] {processor.py:186} INFO - Started process (PID=1672) to work on /home/airflow/.local/lib/python3.12/site-packages/airflow/example_dags/example_python_decorator.py
[2024-11-13T19:36:13.946+0000] {processor.py:914} INFO - Processing file /home/airflow/.local/lib/python3.12/site-packages/airflow/example_dags/example_python_decorator.py for tasks to queue
[2024-11-13T19:36:13.948+0000] {logging_mixin.py:190} INFO - [2024-11-13T19:36:13.948+0000] {dagbag.py:588} INFO - Filling up the DagBag from /home/airflow/.local/lib/python3.12/site-packages/airflow/example_dags/example_python_decorator.py
[2024-11-13T19:36:13.959+0000] {processor.py:925} INFO - DAG(s) 'example_python_decorator' retrieved from /home/airflow/.local/lib/python3.12/site-packages/airflow/example_dags/example_python_decorator.py
[2024-11-13T19:36:13.975+0000] {logging_mixin.py:190} INFO - [2024-11-13T19:36:13.975+0000] {dag.py:3239} INFO - Sync 1 DAGs
[2024-11-13T19:36:13.985+0000] {logging_mixin.py:190} INFO - [2024-11-13T19:36:13.985+0000] {dag.py:4180} INFO - Setting next_dagrun for example_python_decorator to None, run_after=None
[2024-11-13T19:36:13.998+0000] {processor.py:208} INFO - Processing /home/airflow/.local/lib/python3.12/site-packages/airflow/example_dags/example_python_decorator.py took 0.056 seconds
[2024-11-13T19:36:45.401+0000] {processor.py:186} INFO - Started process (PID=1735) to work on /home/airflow/.local/lib/python3.12/site-packages/airflow/example_dags/example_python_decorator.py
[2024-11-13T19:36:45.402+0000] {processor.py:914} INFO - Processing file /home/airflow/.local/lib/python3.12/site-packages/airflow/example_dags/example_python_decorator.py for tasks to queue
[2024-11-13T19:36:45.403+0000] {logging_mixin.py:190} INFO - [2024-11-13T19:36:45.403+0000] {dagbag.py:588} INFO - Filling up the DagBag from /home/airflow/.local/lib/python3.12/site-packages/airflow/example_dags/example_python_decorator.py
[2024-11-13T19:36:45.413+0000] {processor.py:925} INFO - DAG(s) 'example_python_decorator' retrieved from /home/airflow/.local/lib/python3.12/site-packages/airflow/example_dags/example_python_decorator.py
[2024-11-13T19:36:45.429+0000] {logging_mixin.py:190} INFO - [2024-11-13T19:36:45.429+0000] {dag.py:3239} INFO - Sync 1 DAGs
[2024-11-13T19:36:45.439+0000] {logging_mixin.py:190} INFO - [2024-11-13T19:36:45.439+0000] {dag.py:4180} INFO - Setting next_dagrun for example_python_decorator to None, run_after=None
[2024-11-13T19:36:45.452+0000] {processor.py:208} INFO - Processing /home/airflow/.local/lib/python3.12/site-packages/airflow/example_dags/example_python_decorator.py took 0.055 seconds
[2024-11-13T19:37:16.585+0000] {processor.py:186} INFO - Started process (PID=1798) to work on /home/airflow/.local/lib/python3.12/site-packages/airflow/example_dags/example_python_decorator.py
[2024-11-13T19:37:16.586+0000] {processor.py:914} INFO - Processing file /home/airflow/.local/lib/python3.12/site-packages/airflow/example_dags/example_python_decorator.py for tasks to queue
[2024-11-13T19:37:16.587+0000] {logging_mixin.py:190} INFO - [2024-11-13T19:37:16.587+0000] {dagbag.py:588} INFO - Filling up the DagBag from /home/airflow/.local/lib/python3.12/site-packages/airflow/example_dags/example_python_decorator.py
[2024-11-13T19:37:16.597+0000] {processor.py:925} INFO - DAG(s) 'example_python_decorator' retrieved from /home/airflow/.local/lib/python3.12/site-packages/airflow/example_dags/example_python_decorator.py
[2024-11-13T19:37:16.614+0000] {logging_mixin.py:190} INFO - [2024-11-13T19:37:16.614+0000] {dag.py:3239} INFO - Sync 1 DAGs
[2024-11-13T19:37:16.624+0000] {logging_mixin.py:190} INFO - [2024-11-13T19:37:16.624+0000] {dag.py:4180} INFO - Setting next_dagrun for example_python_decorator to None, run_after=None
[2024-11-13T19:37:16.636+0000] {processor.py:208} INFO - Processing /home/airflow/.local/lib/python3.12/site-packages/airflow/example_dags/example_python_decorator.py took 0.056 seconds
[2024-11-13T19:37:47.725+0000] {processor.py:186} INFO - Started process (PID=1861) to work on /home/airflow/.local/lib/python3.12/site-packages/airflow/example_dags/example_python_decorator.py
[2024-11-13T19:37:47.725+0000] {processor.py:914} INFO - Processing file /home/airflow/.local/lib/python3.12/site-packages/airflow/example_dags/example_python_decorator.py for tasks to queue
[2024-11-13T19:37:47.727+0000] {logging_mixin.py:190} INFO - [2024-11-13T19:37:47.727+0000] {dagbag.py:588} INFO - Filling up the DagBag from /home/airflow/.local/lib/python3.12/site-packages/airflow/example_dags/example_python_decorator.py
[2024-11-13T19:37:47.737+0000] {processor.py:925} INFO - DAG(s) 'example_python_decorator' retrieved from /home/airflow/.local/lib/python3.12/site-packages/airflow/example_dags/example_python_decorator.py
[2024-11-13T19:37:47.753+0000] {logging_mixin.py:190} INFO - [2024-11-13T19:37:47.752+0000] {dag.py:3239} INFO - Sync 1 DAGs
[2024-11-13T19:37:47.763+0000] {logging_mixin.py:190} INFO - [2024-11-13T19:37:47.763+0000] {dag.py:4180} INFO - Setting next_dagrun for example_python_decorator to None, run_after=None
[2024-11-13T19:37:47.776+0000] {processor.py:208} INFO - Processing /home/airflow/.local/lib/python3.12/site-packages/airflow/example_dags/example_python_decorator.py took 0.056 seconds
[2024-11-13T19:38:18.983+0000] {processor.py:186} INFO - Started process (PID=1924) to work on /home/airflow/.local/lib/python3.12/site-packages/airflow/example_dags/example_python_decorator.py
[2024-11-13T19:38:18.983+0000] {processor.py:914} INFO - Processing file /home/airflow/.local/lib/python3.12/site-packages/airflow/example_dags/example_python_decorator.py for tasks to queue
[2024-11-13T19:38:18.985+0000] {logging_mixin.py:190} INFO - [2024-11-13T19:38:18.984+0000] {dagbag.py:588} INFO - Filling up the DagBag from /home/airflow/.local/lib/python3.12/site-packages/airflow/example_dags/example_python_decorator.py
[2024-11-13T19:38:18.995+0000] {processor.py:925} INFO - DAG(s) 'example_python_decorator' retrieved from /home/airflow/.local/lib/python3.12/site-packages/airflow/example_dags/example_python_decorator.py
[2024-11-13T19:38:19.011+0000] {logging_mixin.py:190} INFO - [2024-11-13T19:38:19.011+0000] {dag.py:3239} INFO - Sync 1 DAGs
[2024-11-13T19:38:19.021+0000] {logging_mixin.py:190} INFO - [2024-11-13T19:38:19.021+0000] {dag.py:4180} INFO - Setting next_dagrun for example_python_decorator to None, run_after=None
[2024-11-13T19:38:19.033+0000] {processor.py:208} INFO - Processing /home/airflow/.local/lib/python3.12/site-packages/airflow/example_dags/example_python_decorator.py took 0.054 seconds
[2024-11-13T19:38:50.144+0000] {processor.py:186} INFO - Started process (PID=1993) to work on /home/airflow/.local/lib/python3.12/site-packages/airflow/example_dags/example_python_decorator.py
[2024-11-13T19:38:50.145+0000] {processor.py:914} INFO - Processing file /home/airflow/.local/lib/python3.12/site-packages/airflow/example_dags/example_python_decorator.py for tasks to queue
[2024-11-13T19:38:50.147+0000] {logging_mixin.py:190} INFO - [2024-11-13T19:38:50.147+0000] {dagbag.py:588} INFO - Filling up the DagBag from /home/airflow/.local/lib/python3.12/site-packages/airflow/example_dags/example_python_decorator.py
[2024-11-13T19:38:50.158+0000] {processor.py:925} INFO - DAG(s) 'example_python_decorator' retrieved from /home/airflow/.local/lib/python3.12/site-packages/airflow/example_dags/example_python_decorator.py
[2024-11-13T19:38:50.174+0000] {logging_mixin.py:190} INFO - [2024-11-13T19:38:50.174+0000] {dag.py:3239} INFO - Sync 1 DAGs
[2024-11-13T19:38:50.185+0000] {logging_mixin.py:190} INFO - [2024-11-13T19:38:50.185+0000] {dag.py:4180} INFO - Setting next_dagrun for example_python_decorator to None, run_after=None
[2024-11-13T19:38:50.200+0000] {processor.py:208} INFO - Processing /home/airflow/.local/lib/python3.12/site-packages/airflow/example_dags/example_python_decorator.py took 0.060 seconds
[2024-11-13T19:39:21.377+0000] {processor.py:186} INFO - Started process (PID=2056) to work on /home/airflow/.local/lib/python3.12/site-packages/airflow/example_dags/example_python_decorator.py
[2024-11-13T19:39:21.379+0000] {processor.py:914} INFO - Processing file /home/airflow/.local/lib/python3.12/site-packages/airflow/example_dags/example_python_decorator.py for tasks to queue
[2024-11-13T19:39:21.381+0000] {logging_mixin.py:190} INFO - [2024-11-13T19:39:21.380+0000] {dagbag.py:588} INFO - Filling up the DagBag from /home/airflow/.local/lib/python3.12/site-packages/airflow/example_dags/example_python_decorator.py
[2024-11-13T19:39:21.392+0000] {processor.py:925} INFO - DAG(s) 'example_python_decorator' retrieved from /home/airflow/.local/lib/python3.12/site-packages/airflow/example_dags/example_python_decorator.py
[2024-11-13T19:39:21.410+0000] {logging_mixin.py:190} INFO - [2024-11-13T19:39:21.410+0000] {dag.py:3239} INFO - Sync 1 DAGs
[2024-11-13T19:39:21.421+0000] {logging_mixin.py:190} INFO - [2024-11-13T19:39:21.420+0000] {dag.py:4180} INFO - Setting next_dagrun for example_python_decorator to None, run_after=None
[2024-11-13T19:39:21.435+0000] {processor.py:208} INFO - Processing /home/airflow/.local/lib/python3.12/site-packages/airflow/example_dags/example_python_decorator.py took 0.062 seconds
[2024-11-13T19:39:52.718+0000] {processor.py:186} INFO - Started process (PID=2119) to work on /home/airflow/.local/lib/python3.12/site-packages/airflow/example_dags/example_python_decorator.py
[2024-11-13T19:39:52.719+0000] {processor.py:914} INFO - Processing file /home/airflow/.local/lib/python3.12/site-packages/airflow/example_dags/example_python_decorator.py for tasks to queue
[2024-11-13T19:39:52.720+0000] {logging_mixin.py:190} INFO - [2024-11-13T19:39:52.720+0000] {dagbag.py:588} INFO - Filling up the DagBag from /home/airflow/.local/lib/python3.12/site-packages/airflow/example_dags/example_python_decorator.py
[2024-11-13T19:39:52.731+0000] {processor.py:925} INFO - DAG(s) 'example_python_decorator' retrieved from /home/airflow/.local/lib/python3.12/site-packages/airflow/example_dags/example_python_decorator.py
[2024-11-13T19:39:52.749+0000] {logging_mixin.py:190} INFO - [2024-11-13T19:39:52.749+0000] {dag.py:3239} INFO - Sync 1 DAGs
[2024-11-13T19:39:52.760+0000] {logging_mixin.py:190} INFO - [2024-11-13T19:39:52.760+0000] {dag.py:4180} INFO - Setting next_dagrun for example_python_decorator to None, run_after=None
[2024-11-13T19:39:52.775+0000] {processor.py:208} INFO - Processing /home/airflow/.local/lib/python3.12/site-packages/airflow/example_dags/example_python_decorator.py took 0.062 seconds
[2024-11-13T19:40:23.681+0000] {processor.py:186} INFO - Started process (PID=2182) to work on /home/airflow/.local/lib/python3.12/site-packages/airflow/example_dags/example_python_decorator.py
[2024-11-13T19:40:23.682+0000] {processor.py:914} INFO - Processing file /home/airflow/.local/lib/python3.12/site-packages/airflow/example_dags/example_python_decorator.py for tasks to queue
[2024-11-13T19:40:23.684+0000] {logging_mixin.py:190} INFO - [2024-11-13T19:40:23.683+0000] {dagbag.py:588} INFO - Filling up the DagBag from /home/airflow/.local/lib/python3.12/site-packages/airflow/example_dags/example_python_decorator.py
[2024-11-13T19:40:23.695+0000] {processor.py:925} INFO - DAG(s) 'example_python_decorator' retrieved from /home/airflow/.local/lib/python3.12/site-packages/airflow/example_dags/example_python_decorator.py
[2024-11-13T19:40:23.714+0000] {logging_mixin.py:190} INFO - [2024-11-13T19:40:23.713+0000] {dag.py:3239} INFO - Sync 1 DAGs
[2024-11-13T19:40:23.725+0000] {logging_mixin.py:190} INFO - [2024-11-13T19:40:23.724+0000] {dag.py:4180} INFO - Setting next_dagrun for example_python_decorator to None, run_after=None
[2024-11-13T19:40:23.740+0000] {processor.py:208} INFO - Processing /home/airflow/.local/lib/python3.12/site-packages/airflow/example_dags/example_python_decorator.py took 0.064 seconds
[2024-11-13T19:40:54.395+0000] {processor.py:186} INFO - Started process (PID=2245) to work on /home/airflow/.local/lib/python3.12/site-packages/airflow/example_dags/example_python_decorator.py
[2024-11-13T19:40:54.396+0000] {processor.py:914} INFO - Processing file /home/airflow/.local/lib/python3.12/site-packages/airflow/example_dags/example_python_decorator.py for tasks to queue
[2024-11-13T19:40:54.398+0000] {logging_mixin.py:190} INFO - [2024-11-13T19:40:54.398+0000] {dagbag.py:588} INFO - Filling up the DagBag from /home/airflow/.local/lib/python3.12/site-packages/airflow/example_dags/example_python_decorator.py
[2024-11-13T19:40:54.408+0000] {processor.py:925} INFO - DAG(s) 'example_python_decorator' retrieved from /home/airflow/.local/lib/python3.12/site-packages/airflow/example_dags/example_python_decorator.py
[2024-11-13T19:40:54.425+0000] {logging_mixin.py:190} INFO - [2024-11-13T19:40:54.425+0000] {dag.py:3239} INFO - Sync 1 DAGs
[2024-11-13T19:40:54.436+0000] {logging_mixin.py:190} INFO - [2024-11-13T19:40:54.436+0000] {dag.py:4180} INFO - Setting next_dagrun for example_python_decorator to None, run_after=None
[2024-11-13T19:40:54.451+0000] {processor.py:208} INFO - Processing /home/airflow/.local/lib/python3.12/site-packages/airflow/example_dags/example_python_decorator.py took 0.060 seconds
[2024-11-13T19:41:24.969+0000] {processor.py:186} INFO - Started process (PID=2308) to work on /home/airflow/.local/lib/python3.12/site-packages/airflow/example_dags/example_python_decorator.py
[2024-11-13T19:41:24.970+0000] {processor.py:914} INFO - Processing file /home/airflow/.local/lib/python3.12/site-packages/airflow/example_dags/example_python_decorator.py for tasks to queue
[2024-11-13T19:41:24.972+0000] {logging_mixin.py:190} INFO - [2024-11-13T19:41:24.971+0000] {dagbag.py:588} INFO - Filling up the DagBag from /home/airflow/.local/lib/python3.12/site-packages/airflow/example_dags/example_python_decorator.py
[2024-11-13T19:41:24.983+0000] {processor.py:925} INFO - DAG(s) 'example_python_decorator' retrieved from /home/airflow/.local/lib/python3.12/site-packages/airflow/example_dags/example_python_decorator.py
[2024-11-13T19:41:25.000+0000] {logging_mixin.py:190} INFO - [2024-11-13T19:41:25.000+0000] {dag.py:3239} INFO - Sync 1 DAGs
[2024-11-13T19:41:25.011+0000] {logging_mixin.py:190} INFO - [2024-11-13T19:41:25.011+0000] {dag.py:4180} INFO - Setting next_dagrun for example_python_decorator to None, run_after=None
[2024-11-13T19:41:25.025+0000] {processor.py:208} INFO - Processing /home/airflow/.local/lib/python3.12/site-packages/airflow/example_dags/example_python_decorator.py took 0.060 seconds
[2024-11-13T19:41:56.158+0000] {processor.py:186} INFO - Started process (PID=2371) to work on /home/airflow/.local/lib/python3.12/site-packages/airflow/example_dags/example_python_decorator.py
[2024-11-13T19:41:56.158+0000] {processor.py:914} INFO - Processing file /home/airflow/.local/lib/python3.12/site-packages/airflow/example_dags/example_python_decorator.py for tasks to queue
[2024-11-13T19:41:56.160+0000] {logging_mixin.py:190} INFO - [2024-11-13T19:41:56.160+0000] {dagbag.py:588} INFO - Filling up the DagBag from /home/airflow/.local/lib/python3.12/site-packages/airflow/example_dags/example_python_decorator.py
[2024-11-13T19:41:56.170+0000] {processor.py:925} INFO - DAG(s) 'example_python_decorator' retrieved from /home/airflow/.local/lib/python3.12/site-packages/airflow/example_dags/example_python_decorator.py
[2024-11-13T19:41:56.189+0000] {logging_mixin.py:190} INFO - [2024-11-13T19:41:56.189+0000] {dag.py:3239} INFO - Sync 1 DAGs
[2024-11-13T19:41:56.199+0000] {logging_mixin.py:190} INFO - [2024-11-13T19:41:56.199+0000] {dag.py:4180} INFO - Setting next_dagrun for example_python_decorator to None, run_after=None
[2024-11-13T19:41:56.214+0000] {processor.py:208} INFO - Processing /home/airflow/.local/lib/python3.12/site-packages/airflow/example_dags/example_python_decorator.py took 0.061 seconds
[2024-11-13T19:42:28.174+0000] {processor.py:186} INFO - Started process (PID=2439) to work on /home/airflow/.local/lib/python3.12/site-packages/airflow/example_dags/example_python_decorator.py
[2024-11-13T19:42:28.175+0000] {processor.py:914} INFO - Processing file /home/airflow/.local/lib/python3.12/site-packages/airflow/example_dags/example_python_decorator.py for tasks to queue
[2024-11-13T19:42:28.177+0000] {logging_mixin.py:190} INFO - [2024-11-13T19:42:28.177+0000] {dagbag.py:588} INFO - Filling up the DagBag from /home/airflow/.local/lib/python3.12/site-packages/airflow/example_dags/example_python_decorator.py
[2024-11-13T19:42:28.188+0000] {processor.py:925} INFO - DAG(s) 'example_python_decorator' retrieved from /home/airflow/.local/lib/python3.12/site-packages/airflow/example_dags/example_python_decorator.py
[2024-11-13T19:42:28.205+0000] {logging_mixin.py:190} INFO - [2024-11-13T19:42:28.205+0000] {dag.py:3239} INFO - Sync 1 DAGs
[2024-11-13T19:42:28.216+0000] {logging_mixin.py:190} INFO - [2024-11-13T19:42:28.216+0000] {dag.py:4180} INFO - Setting next_dagrun for example_python_decorator to None, run_after=None
[2024-11-13T19:42:28.233+0000] {processor.py:208} INFO - Processing /home/airflow/.local/lib/python3.12/site-packages/airflow/example_dags/example_python_decorator.py took 0.064 seconds
[2024-11-13T19:42:58.392+0000] {processor.py:186} INFO - Started process (PID=2502) to work on /home/airflow/.local/lib/python3.12/site-packages/airflow/example_dags/example_python_decorator.py
[2024-11-13T19:42:58.393+0000] {processor.py:914} INFO - Processing file /home/airflow/.local/lib/python3.12/site-packages/airflow/example_dags/example_python_decorator.py for tasks to queue
[2024-11-13T19:42:58.395+0000] {logging_mixin.py:190} INFO - [2024-11-13T19:42:58.394+0000] {dagbag.py:588} INFO - Filling up the DagBag from /home/airflow/.local/lib/python3.12/site-packages/airflow/example_dags/example_python_decorator.py
[2024-11-13T19:42:58.405+0000] {processor.py:925} INFO - DAG(s) 'example_python_decorator' retrieved from /home/airflow/.local/lib/python3.12/site-packages/airflow/example_dags/example_python_decorator.py
[2024-11-13T19:42:58.422+0000] {logging_mixin.py:190} INFO - [2024-11-13T19:42:58.422+0000] {dag.py:3239} INFO - Sync 1 DAGs
[2024-11-13T19:42:58.433+0000] {logging_mixin.py:190} INFO - [2024-11-13T19:42:58.433+0000] {dag.py:4180} INFO - Setting next_dagrun for example_python_decorator to None, run_after=None
[2024-11-13T19:42:58.448+0000] {processor.py:208} INFO - Processing /home/airflow/.local/lib/python3.12/site-packages/airflow/example_dags/example_python_decorator.py took 0.061 seconds
[2024-11-13T19:43:28.973+0000] {processor.py:186} INFO - Started process (PID=2566) to work on /home/airflow/.local/lib/python3.12/site-packages/airflow/example_dags/example_python_decorator.py
[2024-11-13T19:43:28.973+0000] {processor.py:914} INFO - Processing file /home/airflow/.local/lib/python3.12/site-packages/airflow/example_dags/example_python_decorator.py for tasks to queue
[2024-11-13T19:43:28.975+0000] {logging_mixin.py:190} INFO - [2024-11-13T19:43:28.975+0000] {dagbag.py:588} INFO - Filling up the DagBag from /home/airflow/.local/lib/python3.12/site-packages/airflow/example_dags/example_python_decorator.py
[2024-11-13T19:43:28.985+0000] {processor.py:925} INFO - DAG(s) 'example_python_decorator' retrieved from /home/airflow/.local/lib/python3.12/site-packages/airflow/example_dags/example_python_decorator.py
[2024-11-13T19:43:29.003+0000] {logging_mixin.py:190} INFO - [2024-11-13T19:43:29.003+0000] {dag.py:3239} INFO - Sync 1 DAGs
[2024-11-13T19:43:29.015+0000] {logging_mixin.py:190} INFO - [2024-11-13T19:43:29.015+0000] {dag.py:4180} INFO - Setting next_dagrun for example_python_decorator to None, run_after=None
[2024-11-13T19:43:29.030+0000] {processor.py:208} INFO - Processing /home/airflow/.local/lib/python3.12/site-packages/airflow/example_dags/example_python_decorator.py took 0.061 seconds
[2024-11-13T19:43:59.490+0000] {processor.py:186} INFO - Started process (PID=2628) to work on /home/airflow/.local/lib/python3.12/site-packages/airflow/example_dags/example_python_decorator.py
[2024-11-13T19:43:59.491+0000] {processor.py:914} INFO - Processing file /home/airflow/.local/lib/python3.12/site-packages/airflow/example_dags/example_python_decorator.py for tasks to queue
[2024-11-13T19:43:59.492+0000] {logging_mixin.py:190} INFO - [2024-11-13T19:43:59.492+0000] {dagbag.py:588} INFO - Filling up the DagBag from /home/airflow/.local/lib/python3.12/site-packages/airflow/example_dags/example_python_decorator.py
[2024-11-13T19:43:59.504+0000] {processor.py:925} INFO - DAG(s) 'example_python_decorator' retrieved from /home/airflow/.local/lib/python3.12/site-packages/airflow/example_dags/example_python_decorator.py
[2024-11-13T19:43:59.520+0000] {logging_mixin.py:190} INFO - [2024-11-13T19:43:59.520+0000] {dag.py:3239} INFO - Sync 1 DAGs
[2024-11-13T19:43:59.531+0000] {logging_mixin.py:190} INFO - [2024-11-13T19:43:59.530+0000] {dag.py:4180} INFO - Setting next_dagrun for example_python_decorator to None, run_after=None
[2024-11-13T19:43:59.544+0000] {processor.py:208} INFO - Processing /home/airflow/.local/lib/python3.12/site-packages/airflow/example_dags/example_python_decorator.py took 0.059 seconds
[2024-11-13T19:44:30.154+0000] {processor.py:186} INFO - Started process (PID=2691) to work on /home/airflow/.local/lib/python3.12/site-packages/airflow/example_dags/example_python_decorator.py
[2024-11-13T19:44:30.155+0000] {processor.py:914} INFO - Processing file /home/airflow/.local/lib/python3.12/site-packages/airflow/example_dags/example_python_decorator.py for tasks to queue
[2024-11-13T19:44:30.157+0000] {logging_mixin.py:190} INFO - [2024-11-13T19:44:30.157+0000] {dagbag.py:588} INFO - Filling up the DagBag from /home/airflow/.local/lib/python3.12/site-packages/airflow/example_dags/example_python_decorator.py
[2024-11-13T19:44:30.168+0000] {processor.py:925} INFO - DAG(s) 'example_python_decorator' retrieved from /home/airflow/.local/lib/python3.12/site-packages/airflow/example_dags/example_python_decorator.py
[2024-11-13T19:44:30.186+0000] {logging_mixin.py:190} INFO - [2024-11-13T19:44:30.186+0000] {dag.py:3239} INFO - Sync 1 DAGs
[2024-11-13T19:44:30.198+0000] {logging_mixin.py:190} INFO - [2024-11-13T19:44:30.197+0000] {dag.py:4180} INFO - Setting next_dagrun for example_python_decorator to None, run_after=None
[2024-11-13T19:44:30.212+0000] {processor.py:208} INFO - Processing /home/airflow/.local/lib/python3.12/site-packages/airflow/example_dags/example_python_decorator.py took 0.062 seconds
[2024-11-13T19:45:00.999+0000] {processor.py:186} INFO - Started process (PID=2762) to work on /home/airflow/.local/lib/python3.12/site-packages/airflow/example_dags/example_python_decorator.py
[2024-11-13T19:45:01.000+0000] {processor.py:914} INFO - Processing file /home/airflow/.local/lib/python3.12/site-packages/airflow/example_dags/example_python_decorator.py for tasks to queue
[2024-11-13T19:45:01.001+0000] {logging_mixin.py:190} INFO - [2024-11-13T19:45:01.001+0000] {dagbag.py:588} INFO - Filling up the DagBag from /home/airflow/.local/lib/python3.12/site-packages/airflow/example_dags/example_python_decorator.py
[2024-11-13T19:45:01.012+0000] {processor.py:925} INFO - DAG(s) 'example_python_decorator' retrieved from /home/airflow/.local/lib/python3.12/site-packages/airflow/example_dags/example_python_decorator.py
[2024-11-13T19:45:01.030+0000] {logging_mixin.py:190} INFO - [2024-11-13T19:45:01.030+0000] {dag.py:3239} INFO - Sync 1 DAGs
[2024-11-13T19:45:01.041+0000] {logging_mixin.py:190} INFO - [2024-11-13T19:45:01.041+0000] {dag.py:4180} INFO - Setting next_dagrun for example_python_decorator to None, run_after=None
[2024-11-13T19:45:01.055+0000] {processor.py:208} INFO - Processing /home/airflow/.local/lib/python3.12/site-packages/airflow/example_dags/example_python_decorator.py took 0.060 seconds
[2024-11-13T19:45:31.961+0000] {processor.py:186} INFO - Started process (PID=2824) to work on /home/airflow/.local/lib/python3.12/site-packages/airflow/example_dags/example_python_decorator.py
[2024-11-13T19:45:31.962+0000] {processor.py:914} INFO - Processing file /home/airflow/.local/lib/python3.12/site-packages/airflow/example_dags/example_python_decorator.py for tasks to queue
[2024-11-13T19:45:31.964+0000] {logging_mixin.py:190} INFO - [2024-11-13T19:45:31.963+0000] {dagbag.py:588} INFO - Filling up the DagBag from /home/airflow/.local/lib/python3.12/site-packages/airflow/example_dags/example_python_decorator.py
[2024-11-13T19:45:31.975+0000] {processor.py:925} INFO - DAG(s) 'example_python_decorator' retrieved from /home/airflow/.local/lib/python3.12/site-packages/airflow/example_dags/example_python_decorator.py
[2024-11-13T19:45:31.992+0000] {logging_mixin.py:190} INFO - [2024-11-13T19:45:31.991+0000] {dag.py:3239} INFO - Sync 1 DAGs
[2024-11-13T19:45:32.002+0000] {logging_mixin.py:190} INFO - [2024-11-13T19:45:32.002+0000] {dag.py:4180} INFO - Setting next_dagrun for example_python_decorator to None, run_after=None
[2024-11-13T19:45:32.017+0000] {processor.py:208} INFO - Processing /home/airflow/.local/lib/python3.12/site-packages/airflow/example_dags/example_python_decorator.py took 0.061 seconds
[2024-11-13T19:46:02.212+0000] {processor.py:186} INFO - Started process (PID=2888) to work on /home/airflow/.local/lib/python3.12/site-packages/airflow/example_dags/example_python_decorator.py
[2024-11-13T19:46:02.213+0000] {processor.py:914} INFO - Processing file /home/airflow/.local/lib/python3.12/site-packages/airflow/example_dags/example_python_decorator.py for tasks to queue
[2024-11-13T19:46:02.215+0000] {logging_mixin.py:190} INFO - [2024-11-13T19:46:02.215+0000] {dagbag.py:588} INFO - Filling up the DagBag from /home/airflow/.local/lib/python3.12/site-packages/airflow/example_dags/example_python_decorator.py
[2024-11-13T19:46:02.225+0000] {processor.py:925} INFO - DAG(s) 'example_python_decorator' retrieved from /home/airflow/.local/lib/python3.12/site-packages/airflow/example_dags/example_python_decorator.py
[2024-11-13T19:46:02.242+0000] {logging_mixin.py:190} INFO - [2024-11-13T19:46:02.242+0000] {dag.py:3239} INFO - Sync 1 DAGs
[2024-11-13T19:46:02.253+0000] {logging_mixin.py:190} INFO - [2024-11-13T19:46:02.253+0000] {dag.py:4180} INFO - Setting next_dagrun for example_python_decorator to None, run_after=None
[2024-11-13T19:46:02.269+0000] {processor.py:208} INFO - Processing /home/airflow/.local/lib/python3.12/site-packages/airflow/example_dags/example_python_decorator.py took 0.060 seconds
[2024-11-13T19:46:32.426+0000] {processor.py:186} INFO - Started process (PID=2950) to work on /home/airflow/.local/lib/python3.12/site-packages/airflow/example_dags/example_python_decorator.py
[2024-11-13T19:46:32.427+0000] {processor.py:914} INFO - Processing file /home/airflow/.local/lib/python3.12/site-packages/airflow/example_dags/example_python_decorator.py for tasks to queue
[2024-11-13T19:46:32.429+0000] {logging_mixin.py:190} INFO - [2024-11-13T19:46:32.428+0000] {dagbag.py:588} INFO - Filling up the DagBag from /home/airflow/.local/lib/python3.12/site-packages/airflow/example_dags/example_python_decorator.py
[2024-11-13T19:46:32.440+0000] {processor.py:925} INFO - DAG(s) 'example_python_decorator' retrieved from /home/airflow/.local/lib/python3.12/site-packages/airflow/example_dags/example_python_decorator.py
[2024-11-13T19:46:32.455+0000] {logging_mixin.py:190} INFO - [2024-11-13T19:46:32.455+0000] {dag.py:3239} INFO - Sync 1 DAGs
[2024-11-13T19:46:32.466+0000] {logging_mixin.py:190} INFO - [2024-11-13T19:46:32.465+0000] {dag.py:4180} INFO - Setting next_dagrun for example_python_decorator to None, run_after=None
[2024-11-13T19:46:32.480+0000] {processor.py:208} INFO - Processing /home/airflow/.local/lib/python3.12/site-packages/airflow/example_dags/example_python_decorator.py took 0.059 seconds
[2024-11-13T19:47:02.595+0000] {processor.py:186} INFO - Started process (PID=3013) to work on /home/airflow/.local/lib/python3.12/site-packages/airflow/example_dags/example_python_decorator.py
[2024-11-13T19:47:02.596+0000] {processor.py:914} INFO - Processing file /home/airflow/.local/lib/python3.12/site-packages/airflow/example_dags/example_python_decorator.py for tasks to queue
[2024-11-13T19:47:02.597+0000] {logging_mixin.py:190} INFO - [2024-11-13T19:47:02.597+0000] {dagbag.py:588} INFO - Filling up the DagBag from /home/airflow/.local/lib/python3.12/site-packages/airflow/example_dags/example_python_decorator.py
[2024-11-13T19:47:02.608+0000] {processor.py:925} INFO - DAG(s) 'example_python_decorator' retrieved from /home/airflow/.local/lib/python3.12/site-packages/airflow/example_dags/example_python_decorator.py
[2024-11-13T19:47:02.625+0000] {logging_mixin.py:190} INFO - [2024-11-13T19:47:02.624+0000] {dag.py:3239} INFO - Sync 1 DAGs
[2024-11-13T19:47:02.634+0000] {logging_mixin.py:190} INFO - [2024-11-13T19:47:02.634+0000] {dag.py:4180} INFO - Setting next_dagrun for example_python_decorator to None, run_after=None
[2024-11-13T19:47:02.649+0000] {processor.py:208} INFO - Processing /home/airflow/.local/lib/python3.12/site-packages/airflow/example_dags/example_python_decorator.py took 0.058 seconds
[2024-11-13T19:47:34.546+0000] {processor.py:186} INFO - Started process (PID=3079) to work on /home/airflow/.local/lib/python3.12/site-packages/airflow/example_dags/example_python_decorator.py
[2024-11-13T19:47:34.547+0000] {processor.py:914} INFO - Processing file /home/airflow/.local/lib/python3.12/site-packages/airflow/example_dags/example_python_decorator.py for tasks to queue
[2024-11-13T19:47:34.548+0000] {logging_mixin.py:190} INFO - [2024-11-13T19:47:34.548+0000] {dagbag.py:588} INFO - Filling up the DagBag from /home/airflow/.local/lib/python3.12/site-packages/airflow/example_dags/example_python_decorator.py
[2024-11-13T19:47:34.559+0000] {processor.py:925} INFO - DAG(s) 'example_python_decorator' retrieved from /home/airflow/.local/lib/python3.12/site-packages/airflow/example_dags/example_python_decorator.py
[2024-11-13T19:47:34.576+0000] {logging_mixin.py:190} INFO - [2024-11-13T19:47:34.576+0000] {dag.py:3239} INFO - Sync 1 DAGs
[2024-11-13T19:47:34.726+0000] {logging_mixin.py:190} INFO - [2024-11-13T19:47:34.726+0000] {dag.py:4180} INFO - Setting next_dagrun for example_python_decorator to None, run_after=None
[2024-11-13T19:47:34.740+0000] {processor.py:208} INFO - Processing /home/airflow/.local/lib/python3.12/site-packages/airflow/example_dags/example_python_decorator.py took 0.198 seconds
[2024-11-13T19:48:04.868+0000] {processor.py:186} INFO - Started process (PID=3142) to work on /home/airflow/.local/lib/python3.12/site-packages/airflow/example_dags/example_python_decorator.py
[2024-11-13T19:48:04.869+0000] {processor.py:914} INFO - Processing file /home/airflow/.local/lib/python3.12/site-packages/airflow/example_dags/example_python_decorator.py for tasks to queue
[2024-11-13T19:48:04.870+0000] {logging_mixin.py:190} INFO - [2024-11-13T19:48:04.870+0000] {dagbag.py:588} INFO - Filling up the DagBag from /home/airflow/.local/lib/python3.12/site-packages/airflow/example_dags/example_python_decorator.py
[2024-11-13T19:48:04.883+0000] {processor.py:925} INFO - DAG(s) 'example_python_decorator' retrieved from /home/airflow/.local/lib/python3.12/site-packages/airflow/example_dags/example_python_decorator.py
[2024-11-13T19:48:04.900+0000] {logging_mixin.py:190} INFO - [2024-11-13T19:48:04.900+0000] {dag.py:3239} INFO - Sync 1 DAGs
[2024-11-13T19:48:05.051+0000] {logging_mixin.py:190} INFO - [2024-11-13T19:48:05.051+0000] {dag.py:4180} INFO - Setting next_dagrun for example_python_decorator to None, run_after=None
[2024-11-13T19:48:05.065+0000] {processor.py:208} INFO - Processing /home/airflow/.local/lib/python3.12/site-packages/airflow/example_dags/example_python_decorator.py took 0.201 seconds
[2024-11-13T19:48:35.999+0000] {processor.py:186} INFO - Started process (PID=3206) to work on /home/airflow/.local/lib/python3.12/site-packages/airflow/example_dags/example_python_decorator.py
[2024-11-13T19:48:36.000+0000] {processor.py:914} INFO - Processing file /home/airflow/.local/lib/python3.12/site-packages/airflow/example_dags/example_python_decorator.py for tasks to queue
[2024-11-13T19:48:36.001+0000] {logging_mixin.py:190} INFO - [2024-11-13T19:48:36.001+0000] {dagbag.py:588} INFO - Filling up the DagBag from /home/airflow/.local/lib/python3.12/site-packages/airflow/example_dags/example_python_decorator.py
[2024-11-13T19:48:36.015+0000] {processor.py:925} INFO - DAG(s) 'example_python_decorator' retrieved from /home/airflow/.local/lib/python3.12/site-packages/airflow/example_dags/example_python_decorator.py
[2024-11-13T19:48:36.032+0000] {logging_mixin.py:190} INFO - [2024-11-13T19:48:36.031+0000] {dag.py:3239} INFO - Sync 1 DAGs
[2024-11-13T19:48:36.042+0000] {logging_mixin.py:190} INFO - [2024-11-13T19:48:36.042+0000] {dag.py:4180} INFO - Setting next_dagrun for example_python_decorator to None, run_after=None
[2024-11-13T19:48:36.058+0000] {processor.py:208} INFO - Processing /home/airflow/.local/lib/python3.12/site-packages/airflow/example_dags/example_python_decorator.py took 0.064 seconds
[2024-11-13T19:49:07.304+0000] {processor.py:186} INFO - Started process (PID=3273) to work on /home/airflow/.local/lib/python3.12/site-packages/airflow/example_dags/example_python_decorator.py
[2024-11-13T19:49:07.305+0000] {processor.py:914} INFO - Processing file /home/airflow/.local/lib/python3.12/site-packages/airflow/example_dags/example_python_decorator.py for tasks to queue
[2024-11-13T19:49:07.307+0000] {logging_mixin.py:190} INFO - [2024-11-13T19:49:07.307+0000] {dagbag.py:588} INFO - Filling up the DagBag from /home/airflow/.local/lib/python3.12/site-packages/airflow/example_dags/example_python_decorator.py
[2024-11-13T19:49:07.318+0000] {processor.py:925} INFO - DAG(s) 'example_python_decorator' retrieved from /home/airflow/.local/lib/python3.12/site-packages/airflow/example_dags/example_python_decorator.py
[2024-11-13T19:49:07.335+0000] {logging_mixin.py:190} INFO - [2024-11-13T19:49:07.334+0000] {dag.py:3239} INFO - Sync 1 DAGs
[2024-11-13T19:49:07.345+0000] {logging_mixin.py:190} INFO - [2024-11-13T19:49:07.345+0000] {dag.py:4180} INFO - Setting next_dagrun for example_python_decorator to None, run_after=None
[2024-11-13T19:49:07.361+0000] {processor.py:208} INFO - Processing /home/airflow/.local/lib/python3.12/site-packages/airflow/example_dags/example_python_decorator.py took 0.061 seconds
[2024-11-13T19:49:38.229+0000] {processor.py:186} INFO - Started process (PID=3336) to work on /home/airflow/.local/lib/python3.12/site-packages/airflow/example_dags/example_python_decorator.py
[2024-11-13T19:49:38.230+0000] {processor.py:914} INFO - Processing file /home/airflow/.local/lib/python3.12/site-packages/airflow/example_dags/example_python_decorator.py for tasks to queue
[2024-11-13T19:49:38.232+0000] {logging_mixin.py:190} INFO - [2024-11-13T19:49:38.232+0000] {dagbag.py:588} INFO - Filling up the DagBag from /home/airflow/.local/lib/python3.12/site-packages/airflow/example_dags/example_python_decorator.py
[2024-11-13T19:49:38.242+0000] {processor.py:925} INFO - DAG(s) 'example_python_decorator' retrieved from /home/airflow/.local/lib/python3.12/site-packages/airflow/example_dags/example_python_decorator.py
[2024-11-13T19:49:38.259+0000] {logging_mixin.py:190} INFO - [2024-11-13T19:49:38.259+0000] {dag.py:3239} INFO - Sync 1 DAGs
[2024-11-13T19:49:38.270+0000] {logging_mixin.py:190} INFO - [2024-11-13T19:49:38.270+0000] {dag.py:4180} INFO - Setting next_dagrun for example_python_decorator to None, run_after=None
[2024-11-13T19:49:38.286+0000] {processor.py:208} INFO - Processing /home/airflow/.local/lib/python3.12/site-packages/airflow/example_dags/example_python_decorator.py took 0.061 seconds
[2024-11-13T19:50:09.141+0000] {processor.py:186} INFO - Started process (PID=3399) to work on /home/airflow/.local/lib/python3.12/site-packages/airflow/example_dags/example_python_decorator.py
[2024-11-13T19:50:09.142+0000] {processor.py:914} INFO - Processing file /home/airflow/.local/lib/python3.12/site-packages/airflow/example_dags/example_python_decorator.py for tasks to queue
[2024-11-13T19:50:09.144+0000] {logging_mixin.py:190} INFO - [2024-11-13T19:50:09.144+0000] {dagbag.py:588} INFO - Filling up the DagBag from /home/airflow/.local/lib/python3.12/site-packages/airflow/example_dags/example_python_decorator.py
[2024-11-13T19:50:09.155+0000] {processor.py:925} INFO - DAG(s) 'example_python_decorator' retrieved from /home/airflow/.local/lib/python3.12/site-packages/airflow/example_dags/example_python_decorator.py
[2024-11-13T19:50:09.172+0000] {logging_mixin.py:190} INFO - [2024-11-13T19:50:09.171+0000] {dag.py:3239} INFO - Sync 1 DAGs
[2024-11-13T19:50:09.182+0000] {logging_mixin.py:190} INFO - [2024-11-13T19:50:09.182+0000] {dag.py:4180} INFO - Setting next_dagrun for example_python_decorator to None, run_after=None
[2024-11-13T19:50:09.198+0000] {processor.py:208} INFO - Processing /home/airflow/.local/lib/python3.12/site-packages/airflow/example_dags/example_python_decorator.py took 0.061 seconds
[2024-11-13T19:50:39.285+0000] {processor.py:186} INFO - Started process (PID=3462) to work on /home/airflow/.local/lib/python3.12/site-packages/airflow/example_dags/example_python_decorator.py
[2024-11-13T19:50:39.286+0000] {processor.py:914} INFO - Processing file /home/airflow/.local/lib/python3.12/site-packages/airflow/example_dags/example_python_decorator.py for tasks to queue
[2024-11-13T19:50:39.288+0000] {logging_mixin.py:190} INFO - [2024-11-13T19:50:39.288+0000] {dagbag.py:588} INFO - Filling up the DagBag from /home/airflow/.local/lib/python3.12/site-packages/airflow/example_dags/example_python_decorator.py
[2024-11-13T19:50:39.298+0000] {processor.py:925} INFO - DAG(s) 'example_python_decorator' retrieved from /home/airflow/.local/lib/python3.12/site-packages/airflow/example_dags/example_python_decorator.py
[2024-11-13T19:50:39.314+0000] {logging_mixin.py:190} INFO - [2024-11-13T19:50:39.314+0000] {dag.py:3239} INFO - Sync 1 DAGs
[2024-11-13T19:50:39.325+0000] {logging_mixin.py:190} INFO - [2024-11-13T19:50:39.325+0000] {dag.py:4180} INFO - Setting next_dagrun for example_python_decorator to None, run_after=None
[2024-11-13T19:50:39.341+0000] {processor.py:208} INFO - Processing /home/airflow/.local/lib/python3.12/site-packages/airflow/example_dags/example_python_decorator.py took 0.060 seconds
[2024-11-13T19:51:09.401+0000] {processor.py:186} INFO - Started process (PID=3524) to work on /home/airflow/.local/lib/python3.12/site-packages/airflow/example_dags/example_python_decorator.py
[2024-11-13T19:51:09.402+0000] {processor.py:914} INFO - Processing file /home/airflow/.local/lib/python3.12/site-packages/airflow/example_dags/example_python_decorator.py for tasks to queue
[2024-11-13T19:51:09.404+0000] {logging_mixin.py:190} INFO - [2024-11-13T19:51:09.404+0000] {dagbag.py:588} INFO - Filling up the DagBag from /home/airflow/.local/lib/python3.12/site-packages/airflow/example_dags/example_python_decorator.py
[2024-11-13T19:51:09.415+0000] {processor.py:925} INFO - DAG(s) 'example_python_decorator' retrieved from /home/airflow/.local/lib/python3.12/site-packages/airflow/example_dags/example_python_decorator.py
[2024-11-13T19:51:09.431+0000] {logging_mixin.py:190} INFO - [2024-11-13T19:51:09.431+0000] {dag.py:3239} INFO - Sync 1 DAGs
[2024-11-13T19:51:09.441+0000] {logging_mixin.py:190} INFO - [2024-11-13T19:51:09.441+0000] {dag.py:4180} INFO - Setting next_dagrun for example_python_decorator to None, run_after=None
[2024-11-13T19:51:09.456+0000] {processor.py:208} INFO - Processing /home/airflow/.local/lib/python3.12/site-packages/airflow/example_dags/example_python_decorator.py took 0.059 seconds
[2024-11-13T19:51:39.563+0000] {processor.py:186} INFO - Started process (PID=3587) to work on /home/airflow/.local/lib/python3.12/site-packages/airflow/example_dags/example_python_decorator.py
[2024-11-13T19:51:39.564+0000] {processor.py:914} INFO - Processing file /home/airflow/.local/lib/python3.12/site-packages/airflow/example_dags/example_python_decorator.py for tasks to queue
[2024-11-13T19:51:39.565+0000] {logging_mixin.py:190} INFO - [2024-11-13T19:51:39.565+0000] {dagbag.py:588} INFO - Filling up the DagBag from /home/airflow/.local/lib/python3.12/site-packages/airflow/example_dags/example_python_decorator.py
[2024-11-13T19:51:39.576+0000] {processor.py:925} INFO - DAG(s) 'example_python_decorator' retrieved from /home/airflow/.local/lib/python3.12/site-packages/airflow/example_dags/example_python_decorator.py
[2024-11-13T19:51:39.593+0000] {logging_mixin.py:190} INFO - [2024-11-13T19:51:39.592+0000] {dag.py:3239} INFO - Sync 1 DAGs
[2024-11-13T19:51:39.602+0000] {logging_mixin.py:190} INFO - [2024-11-13T19:51:39.602+0000] {dag.py:4180} INFO - Setting next_dagrun for example_python_decorator to None, run_after=None
[2024-11-13T19:51:39.615+0000] {processor.py:208} INFO - Processing /home/airflow/.local/lib/python3.12/site-packages/airflow/example_dags/example_python_decorator.py took 0.056 seconds
[2024-11-13T19:52:09.688+0000] {processor.py:186} INFO - Started process (PID=3650) to work on /home/airflow/.local/lib/python3.12/site-packages/airflow/example_dags/example_python_decorator.py
[2024-11-13T19:52:09.689+0000] {processor.py:914} INFO - Processing file /home/airflow/.local/lib/python3.12/site-packages/airflow/example_dags/example_python_decorator.py for tasks to queue
[2024-11-13T19:52:09.691+0000] {logging_mixin.py:190} INFO - [2024-11-13T19:52:09.691+0000] {dagbag.py:588} INFO - Filling up the DagBag from /home/airflow/.local/lib/python3.12/site-packages/airflow/example_dags/example_python_decorator.py
[2024-11-13T19:52:09.701+0000] {processor.py:925} INFO - DAG(s) 'example_python_decorator' retrieved from /home/airflow/.local/lib/python3.12/site-packages/airflow/example_dags/example_python_decorator.py
[2024-11-13T19:52:09.718+0000] {logging_mixin.py:190} INFO - [2024-11-13T19:52:09.718+0000] {dag.py:3239} INFO - Sync 1 DAGs
[2024-11-13T19:52:09.728+0000] {logging_mixin.py:190} INFO - [2024-11-13T19:52:09.727+0000] {dag.py:4180} INFO - Setting next_dagrun for example_python_decorator to None, run_after=None
[2024-11-13T19:52:09.741+0000] {processor.py:208} INFO - Processing /home/airflow/.local/lib/python3.12/site-packages/airflow/example_dags/example_python_decorator.py took 0.057 seconds
[2024-11-13T19:52:40.015+0000] {processor.py:186} INFO - Started process (PID=3713) to work on /home/airflow/.local/lib/python3.12/site-packages/airflow/example_dags/example_python_decorator.py
[2024-11-13T19:52:40.016+0000] {processor.py:914} INFO - Processing file /home/airflow/.local/lib/python3.12/site-packages/airflow/example_dags/example_python_decorator.py for tasks to queue
[2024-11-13T19:52:40.018+0000] {logging_mixin.py:190} INFO - [2024-11-13T19:52:40.017+0000] {dagbag.py:588} INFO - Filling up the DagBag from /home/airflow/.local/lib/python3.12/site-packages/airflow/example_dags/example_python_decorator.py
[2024-11-13T19:52:40.033+0000] {processor.py:925} INFO - DAG(s) 'example_python_decorator' retrieved from /home/airflow/.local/lib/python3.12/site-packages/airflow/example_dags/example_python_decorator.py
[2024-11-13T19:52:40.056+0000] {logging_mixin.py:190} INFO - [2024-11-13T19:52:40.056+0000] {dag.py:3239} INFO - Sync 1 DAGs
[2024-11-13T19:52:40.071+0000] {logging_mixin.py:190} INFO - [2024-11-13T19:52:40.071+0000] {dag.py:4180} INFO - Setting next_dagrun for example_python_decorator to None, run_after=None
[2024-11-13T19:52:40.094+0000] {processor.py:208} INFO - Processing /home/airflow/.local/lib/python3.12/site-packages/airflow/example_dags/example_python_decorator.py took 0.085 seconds
