[2024-11-13T19:23:20.874+0000] {processor.py:186} INFO - Started process (PID=117) to work on /home/airflow/.local/lib/python3.12/site-packages/airflow/example_dags/example_inlet_event_extra.py
[2024-11-13T19:23:20.874+0000] {processor.py:914} INFO - Processing file /home/airflow/.local/lib/python3.12/site-packages/airflow/example_dags/example_inlet_event_extra.py for tasks to queue
[2024-11-13T19:23:20.876+0000] {logging_mixin.py:190} INFO - [2024-11-13T19:23:20.876+0000] {dagbag.py:588} INFO - Filling up the DagBag from /home/airflow/.local/lib/python3.12/site-packages/airflow/example_dags/example_inlet_event_extra.py
[2024-11-13T19:23:21.309+0000] {processor.py:925} INFO - DAG(s) 'read_dataset_event', 'read_dataset_event_from_classic' retrieved from /home/airflow/.local/lib/python3.12/site-packages/airflow/example_dags/example_inlet_event_extra.py
[2024-11-13T19:23:21.388+0000] {logging_mixin.py:190} INFO - [2024-11-13T19:23:21.387+0000] {override.py:1911} INFO - Created Permission View: can edit on DAG:read_dataset_event
[2024-11-13T19:23:21.397+0000] {logging_mixin.py:190} INFO - [2024-11-13T19:23:21.397+0000] {override.py:1911} INFO - Created Permission View: can read on DAG:read_dataset_event
[2024-11-13T19:23:21.403+0000] {logging_mixin.py:190} INFO - [2024-11-13T19:23:21.402+0000] {override.py:1911} INFO - Created Permission View: can delete on DAG:read_dataset_event
[2024-11-13T19:23:21.408+0000] {logging_mixin.py:190} INFO - [2024-11-13T19:23:21.408+0000] {override.py:1911} INFO - Created Permission View: can delete on DAG Run:read_dataset_event
[2024-11-13T19:23:21.413+0000] {logging_mixin.py:190} INFO - [2024-11-13T19:23:21.413+0000] {override.py:1911} INFO - Created Permission View: can read on DAG Run:read_dataset_event
[2024-11-13T19:23:21.417+0000] {logging_mixin.py:190} INFO - [2024-11-13T19:23:21.417+0000] {override.py:1911} INFO - Created Permission View: menu access on DAG Run:read_dataset_event
[2024-11-13T19:23:21.422+0000] {logging_mixin.py:190} INFO - [2024-11-13T19:23:21.421+0000] {override.py:1911} INFO - Created Permission View: can create on DAG Run:read_dataset_event
[2024-11-13T19:23:21.431+0000] {logging_mixin.py:190} INFO - [2024-11-13T19:23:21.431+0000] {override.py:1911} INFO - Created Permission View: can edit on DAG:read_dataset_event_from_classic
[2024-11-13T19:23:21.436+0000] {logging_mixin.py:190} INFO - [2024-11-13T19:23:21.436+0000] {override.py:1911} INFO - Created Permission View: can read on DAG:read_dataset_event_from_classic
[2024-11-13T19:23:21.442+0000] {logging_mixin.py:190} INFO - [2024-11-13T19:23:21.442+0000] {override.py:1911} INFO - Created Permission View: can delete on DAG:read_dataset_event_from_classic
[2024-11-13T19:23:21.447+0000] {logging_mixin.py:190} INFO - [2024-11-13T19:23:21.446+0000] {override.py:1911} INFO - Created Permission View: can delete on DAG Run:read_dataset_event_from_classic
[2024-11-13T19:23:21.451+0000] {logging_mixin.py:190} INFO - [2024-11-13T19:23:21.451+0000] {override.py:1911} INFO - Created Permission View: can read on DAG Run:read_dataset_event_from_classic
[2024-11-13T19:23:21.455+0000] {logging_mixin.py:190} INFO - [2024-11-13T19:23:21.455+0000] {override.py:1911} INFO - Created Permission View: menu access on DAG Run:read_dataset_event_from_classic
[2024-11-13T19:23:21.460+0000] {logging_mixin.py:190} INFO - [2024-11-13T19:23:21.460+0000] {override.py:1911} INFO - Created Permission View: can create on DAG Run:read_dataset_event_from_classic
[2024-11-13T19:23:21.460+0000] {logging_mixin.py:190} INFO - [2024-11-13T19:23:21.460+0000] {dag.py:3239} INFO - Sync 2 DAGs
[2024-11-13T19:23:21.469+0000] {logging_mixin.py:190} INFO - [2024-11-13T19:23:21.469+0000] {dag.py:3262} INFO - Creating ORM DAG for read_dataset_event_from_classic
[2024-11-13T19:23:21.470+0000] {logging_mixin.py:190} INFO - [2024-11-13T19:23:21.470+0000] {dag.py:3262} INFO - Creating ORM DAG for read_dataset_event
[2024-11-13T19:23:21.478+0000] {logging_mixin.py:190} INFO - [2024-11-13T19:23:21.477+0000] {dag.py:4180} INFO - Setting next_dagrun for read_dataset_event to 2024-11-12 00:00:00+00:00, run_after=2024-11-13 00:00:00+00:00
[2024-11-13T19:23:21.479+0000] {logging_mixin.py:190} INFO - [2024-11-13T19:23:21.479+0000] {dag.py:4180} INFO - Setting next_dagrun for read_dataset_event_from_classic to 2024-11-12 00:00:00+00:00, run_after=2024-11-13 00:00:00+00:00
[2024-11-13T19:23:21.493+0000] {processor.py:208} INFO - Processing /home/airflow/.local/lib/python3.12/site-packages/airflow/example_dags/example_inlet_event_extra.py took 0.622 seconds
[2024-11-13T19:23:51.523+0000] {processor.py:186} INFO - Started process (PID=183) to work on /home/airflow/.local/lib/python3.12/site-packages/airflow/example_dags/example_inlet_event_extra.py
[2024-11-13T19:23:51.524+0000] {processor.py:914} INFO - Processing file /home/airflow/.local/lib/python3.12/site-packages/airflow/example_dags/example_inlet_event_extra.py for tasks to queue
[2024-11-13T19:23:51.525+0000] {logging_mixin.py:190} INFO - [2024-11-13T19:23:51.525+0000] {dagbag.py:588} INFO - Filling up the DagBag from /home/airflow/.local/lib/python3.12/site-packages/airflow/example_dags/example_inlet_event_extra.py
[2024-11-13T19:23:51.873+0000] {processor.py:925} INFO - DAG(s) 'read_dataset_event', 'read_dataset_event_from_classic' retrieved from /home/airflow/.local/lib/python3.12/site-packages/airflow/example_dags/example_inlet_event_extra.py
[2024-11-13T19:23:51.887+0000] {logging_mixin.py:190} INFO - [2024-11-13T19:23:51.887+0000] {dag.py:3239} INFO - Sync 2 DAGs
[2024-11-13T19:23:51.902+0000] {logging_mixin.py:190} INFO - [2024-11-13T19:23:51.902+0000] {dag.py:4180} INFO - Setting next_dagrun for read_dataset_event to 2024-11-12 00:00:00+00:00, run_after=2024-11-13 00:00:00+00:00
[2024-11-13T19:23:51.905+0000] {logging_mixin.py:190} INFO - [2024-11-13T19:23:51.905+0000] {dag.py:4180} INFO - Setting next_dagrun for read_dataset_event_from_classic to 2024-11-12 00:00:00+00:00, run_after=2024-11-13 00:00:00+00:00
[2024-11-13T19:23:51.955+0000] {processor.py:208} INFO - Processing /home/airflow/.local/lib/python3.12/site-packages/airflow/example_dags/example_inlet_event_extra.py took 0.436 seconds
[2024-11-13T19:24:22.854+0000] {processor.py:186} INFO - Started process (PID=250) to work on /home/airflow/.local/lib/python3.12/site-packages/airflow/example_dags/example_inlet_event_extra.py
[2024-11-13T19:24:22.855+0000] {processor.py:914} INFO - Processing file /home/airflow/.local/lib/python3.12/site-packages/airflow/example_dags/example_inlet_event_extra.py for tasks to queue
[2024-11-13T19:24:22.857+0000] {logging_mixin.py:190} INFO - [2024-11-13T19:24:22.857+0000] {dagbag.py:588} INFO - Filling up the DagBag from /home/airflow/.local/lib/python3.12/site-packages/airflow/example_dags/example_inlet_event_extra.py
[2024-11-13T19:24:23.199+0000] {processor.py:925} INFO - DAG(s) 'read_dataset_event_from_classic', 'read_dataset_event' retrieved from /home/airflow/.local/lib/python3.12/site-packages/airflow/example_dags/example_inlet_event_extra.py
[2024-11-13T19:24:23.212+0000] {logging_mixin.py:190} INFO - [2024-11-13T19:24:23.212+0000] {dag.py:3239} INFO - Sync 2 DAGs
[2024-11-13T19:24:23.228+0000] {logging_mixin.py:190} INFO - [2024-11-13T19:24:23.228+0000] {dag.py:4180} INFO - Setting next_dagrun for read_dataset_event to 2024-11-12 00:00:00+00:00, run_after=2024-11-13 00:00:00+00:00
[2024-11-13T19:24:23.231+0000] {logging_mixin.py:190} INFO - [2024-11-13T19:24:23.231+0000] {dag.py:4180} INFO - Setting next_dagrun for read_dataset_event_from_classic to 2024-11-12 00:00:00+00:00, run_after=2024-11-13 00:00:00+00:00
[2024-11-13T19:24:23.242+0000] {processor.py:208} INFO - Processing /home/airflow/.local/lib/python3.12/site-packages/airflow/example_dags/example_inlet_event_extra.py took 0.391 seconds
[2024-11-13T19:24:53.283+0000] {processor.py:186} INFO - Started process (PID=313) to work on /home/airflow/.local/lib/python3.12/site-packages/airflow/example_dags/example_inlet_event_extra.py
[2024-11-13T19:24:53.285+0000] {processor.py:914} INFO - Processing file /home/airflow/.local/lib/python3.12/site-packages/airflow/example_dags/example_inlet_event_extra.py for tasks to queue
[2024-11-13T19:24:53.286+0000] {logging_mixin.py:190} INFO - [2024-11-13T19:24:53.286+0000] {dagbag.py:588} INFO - Filling up the DagBag from /home/airflow/.local/lib/python3.12/site-packages/airflow/example_dags/example_inlet_event_extra.py
[2024-11-13T19:24:53.619+0000] {processor.py:925} INFO - DAG(s) 'read_dataset_event', 'read_dataset_event_from_classic' retrieved from /home/airflow/.local/lib/python3.12/site-packages/airflow/example_dags/example_inlet_event_extra.py
[2024-11-13T19:24:53.634+0000] {logging_mixin.py:190} INFO - [2024-11-13T19:24:53.633+0000] {dag.py:3239} INFO - Sync 2 DAGs
[2024-11-13T19:24:53.649+0000] {logging_mixin.py:190} INFO - [2024-11-13T19:24:53.649+0000] {dag.py:4180} INFO - Setting next_dagrun for read_dataset_event to 2024-11-12 00:00:00+00:00, run_after=2024-11-13 00:00:00+00:00
[2024-11-13T19:24:53.652+0000] {logging_mixin.py:190} INFO - [2024-11-13T19:24:53.652+0000] {dag.py:4180} INFO - Setting next_dagrun for read_dataset_event_from_classic to 2024-11-12 00:00:00+00:00, run_after=2024-11-13 00:00:00+00:00
[2024-11-13T19:24:53.664+0000] {processor.py:208} INFO - Processing /home/airflow/.local/lib/python3.12/site-packages/airflow/example_dags/example_inlet_event_extra.py took 0.384 seconds
[2024-11-13T19:25:24.045+0000] {processor.py:186} INFO - Started process (PID=376) to work on /home/airflow/.local/lib/python3.12/site-packages/airflow/example_dags/example_inlet_event_extra.py
[2024-11-13T19:25:24.047+0000] {processor.py:914} INFO - Processing file /home/airflow/.local/lib/python3.12/site-packages/airflow/example_dags/example_inlet_event_extra.py for tasks to queue
[2024-11-13T19:25:24.049+0000] {logging_mixin.py:190} INFO - [2024-11-13T19:25:24.049+0000] {dagbag.py:588} INFO - Filling up the DagBag from /home/airflow/.local/lib/python3.12/site-packages/airflow/example_dags/example_inlet_event_extra.py
[2024-11-13T19:25:24.426+0000] {processor.py:925} INFO - DAG(s) 'read_dataset_event_from_classic', 'read_dataset_event' retrieved from /home/airflow/.local/lib/python3.12/site-packages/airflow/example_dags/example_inlet_event_extra.py
[2024-11-13T19:25:24.441+0000] {logging_mixin.py:190} INFO - [2024-11-13T19:25:24.441+0000] {dag.py:3239} INFO - Sync 2 DAGs
[2024-11-13T19:25:24.458+0000] {logging_mixin.py:190} INFO - [2024-11-13T19:25:24.458+0000] {dag.py:4180} INFO - Setting next_dagrun for read_dataset_event to 2024-11-12 00:00:00+00:00, run_after=2024-11-13 00:00:00+00:00
[2024-11-13T19:25:24.462+0000] {logging_mixin.py:190} INFO - [2024-11-13T19:25:24.461+0000] {dag.py:4180} INFO - Setting next_dagrun for read_dataset_event_from_classic to 2024-11-12 00:00:00+00:00, run_after=2024-11-13 00:00:00+00:00
[2024-11-13T19:25:24.474+0000] {processor.py:208} INFO - Processing /home/airflow/.local/lib/python3.12/site-packages/airflow/example_dags/example_inlet_event_extra.py took 0.434 seconds
[2024-11-13T19:25:54.623+0000] {processor.py:186} INFO - Started process (PID=439) to work on /home/airflow/.local/lib/python3.12/site-packages/airflow/example_dags/example_inlet_event_extra.py
[2024-11-13T19:25:54.624+0000] {processor.py:914} INFO - Processing file /home/airflow/.local/lib/python3.12/site-packages/airflow/example_dags/example_inlet_event_extra.py for tasks to queue
[2024-11-13T19:25:54.626+0000] {logging_mixin.py:190} INFO - [2024-11-13T19:25:54.625+0000] {dagbag.py:588} INFO - Filling up the DagBag from /home/airflow/.local/lib/python3.12/site-packages/airflow/example_dags/example_inlet_event_extra.py
[2024-11-13T19:25:54.965+0000] {processor.py:925} INFO - DAG(s) 'read_dataset_event', 'read_dataset_event_from_classic' retrieved from /home/airflow/.local/lib/python3.12/site-packages/airflow/example_dags/example_inlet_event_extra.py
[2024-11-13T19:25:54.980+0000] {logging_mixin.py:190} INFO - [2024-11-13T19:25:54.980+0000] {dag.py:3239} INFO - Sync 2 DAGs
[2024-11-13T19:25:54.995+0000] {logging_mixin.py:190} INFO - [2024-11-13T19:25:54.995+0000] {dag.py:4180} INFO - Setting next_dagrun for read_dataset_event to 2024-11-12 00:00:00+00:00, run_after=2024-11-13 00:00:00+00:00
[2024-11-13T19:25:54.999+0000] {logging_mixin.py:190} INFO - [2024-11-13T19:25:54.999+0000] {dag.py:4180} INFO - Setting next_dagrun for read_dataset_event_from_classic to 2024-11-12 00:00:00+00:00, run_after=2024-11-13 00:00:00+00:00
[2024-11-13T19:25:55.008+0000] {processor.py:208} INFO - Processing /home/airflow/.local/lib/python3.12/site-packages/airflow/example_dags/example_inlet_event_extra.py took 0.389 seconds
[2024-11-13T19:26:25.952+0000] {processor.py:186} INFO - Started process (PID=502) to work on /home/airflow/.local/lib/python3.12/site-packages/airflow/example_dags/example_inlet_event_extra.py
[2024-11-13T19:26:25.953+0000] {processor.py:914} INFO - Processing file /home/airflow/.local/lib/python3.12/site-packages/airflow/example_dags/example_inlet_event_extra.py for tasks to queue
[2024-11-13T19:26:25.955+0000] {logging_mixin.py:190} INFO - [2024-11-13T19:26:25.955+0000] {dagbag.py:588} INFO - Filling up the DagBag from /home/airflow/.local/lib/python3.12/site-packages/airflow/example_dags/example_inlet_event_extra.py
[2024-11-13T19:26:26.343+0000] {processor.py:925} INFO - DAG(s) 'read_dataset_event', 'read_dataset_event_from_classic' retrieved from /home/airflow/.local/lib/python3.12/site-packages/airflow/example_dags/example_inlet_event_extra.py
[2024-11-13T19:26:26.359+0000] {logging_mixin.py:190} INFO - [2024-11-13T19:26:26.359+0000] {dag.py:3239} INFO - Sync 2 DAGs
[2024-11-13T19:26:26.377+0000] {logging_mixin.py:190} INFO - [2024-11-13T19:26:26.377+0000] {dag.py:4180} INFO - Setting next_dagrun for read_dataset_event to 2024-11-12 00:00:00+00:00, run_after=2024-11-13 00:00:00+00:00
[2024-11-13T19:26:26.380+0000] {logging_mixin.py:190} INFO - [2024-11-13T19:26:26.380+0000] {dag.py:4180} INFO - Setting next_dagrun for read_dataset_event_from_classic to 2024-11-12 00:00:00+00:00, run_after=2024-11-13 00:00:00+00:00
[2024-11-13T19:26:26.393+0000] {processor.py:208} INFO - Processing /home/airflow/.local/lib/python3.12/site-packages/airflow/example_dags/example_inlet_event_extra.py took 0.446 seconds
[2024-11-13T19:26:57.310+0000] {processor.py:186} INFO - Started process (PID=565) to work on /home/airflow/.local/lib/python3.12/site-packages/airflow/example_dags/example_inlet_event_extra.py
[2024-11-13T19:26:57.311+0000] {processor.py:914} INFO - Processing file /home/airflow/.local/lib/python3.12/site-packages/airflow/example_dags/example_inlet_event_extra.py for tasks to queue
[2024-11-13T19:26:57.313+0000] {logging_mixin.py:190} INFO - [2024-11-13T19:26:57.313+0000] {dagbag.py:588} INFO - Filling up the DagBag from /home/airflow/.local/lib/python3.12/site-packages/airflow/example_dags/example_inlet_event_extra.py
[2024-11-13T19:26:57.665+0000] {processor.py:925} INFO - DAG(s) 'read_dataset_event', 'read_dataset_event_from_classic' retrieved from /home/airflow/.local/lib/python3.12/site-packages/airflow/example_dags/example_inlet_event_extra.py
[2024-11-13T19:26:57.678+0000] {logging_mixin.py:190} INFO - [2024-11-13T19:26:57.678+0000] {dag.py:3239} INFO - Sync 2 DAGs
[2024-11-13T19:26:57.694+0000] {logging_mixin.py:190} INFO - [2024-11-13T19:26:57.694+0000] {dag.py:4180} INFO - Setting next_dagrun for read_dataset_event to 2024-11-12 00:00:00+00:00, run_after=2024-11-13 00:00:00+00:00
[2024-11-13T19:26:57.697+0000] {logging_mixin.py:190} INFO - [2024-11-13T19:26:57.697+0000] {dag.py:4180} INFO - Setting next_dagrun for read_dataset_event_from_classic to 2024-11-12 00:00:00+00:00, run_after=2024-11-13 00:00:00+00:00
[2024-11-13T19:26:57.709+0000] {processor.py:208} INFO - Processing /home/airflow/.local/lib/python3.12/site-packages/airflow/example_dags/example_inlet_event_extra.py took 0.403 seconds
[2024-11-13T19:27:28.468+0000] {processor.py:186} INFO - Started process (PID=628) to work on /home/airflow/.local/lib/python3.12/site-packages/airflow/example_dags/example_inlet_event_extra.py
[2024-11-13T19:27:28.469+0000] {processor.py:914} INFO - Processing file /home/airflow/.local/lib/python3.12/site-packages/airflow/example_dags/example_inlet_event_extra.py for tasks to queue
[2024-11-13T19:27:28.471+0000] {logging_mixin.py:190} INFO - [2024-11-13T19:27:28.471+0000] {dagbag.py:588} INFO - Filling up the DagBag from /home/airflow/.local/lib/python3.12/site-packages/airflow/example_dags/example_inlet_event_extra.py
[2024-11-13T19:27:28.843+0000] {processor.py:925} INFO - DAG(s) 'read_dataset_event_from_classic', 'read_dataset_event' retrieved from /home/airflow/.local/lib/python3.12/site-packages/airflow/example_dags/example_inlet_event_extra.py
[2024-11-13T19:27:28.858+0000] {logging_mixin.py:190} INFO - [2024-11-13T19:27:28.858+0000] {dag.py:3239} INFO - Sync 2 DAGs
[2024-11-13T19:27:28.874+0000] {logging_mixin.py:190} INFO - [2024-11-13T19:27:28.874+0000] {dag.py:4180} INFO - Setting next_dagrun for read_dataset_event to 2024-11-12 00:00:00+00:00, run_after=2024-11-13 00:00:00+00:00
[2024-11-13T19:27:28.877+0000] {logging_mixin.py:190} INFO - [2024-11-13T19:27:28.877+0000] {dag.py:4180} INFO - Setting next_dagrun for read_dataset_event_from_classic to 2024-11-12 00:00:00+00:00, run_after=2024-11-13 00:00:00+00:00
[2024-11-13T19:27:28.923+0000] {processor.py:208} INFO - Processing /home/airflow/.local/lib/python3.12/site-packages/airflow/example_dags/example_inlet_event_extra.py took 0.458 seconds
[2024-11-13T19:27:59.504+0000] {processor.py:186} INFO - Started process (PID=691) to work on /home/airflow/.local/lib/python3.12/site-packages/airflow/example_dags/example_inlet_event_extra.py
[2024-11-13T19:27:59.504+0000] {processor.py:914} INFO - Processing file /home/airflow/.local/lib/python3.12/site-packages/airflow/example_dags/example_inlet_event_extra.py for tasks to queue
[2024-11-13T19:27:59.506+0000] {logging_mixin.py:190} INFO - [2024-11-13T19:27:59.506+0000] {dagbag.py:588} INFO - Filling up the DagBag from /home/airflow/.local/lib/python3.12/site-packages/airflow/example_dags/example_inlet_event_extra.py
[2024-11-13T19:27:59.866+0000] {processor.py:925} INFO - DAG(s) 'read_dataset_event_from_classic', 'read_dataset_event' retrieved from /home/airflow/.local/lib/python3.12/site-packages/airflow/example_dags/example_inlet_event_extra.py
[2024-11-13T19:27:59.881+0000] {logging_mixin.py:190} INFO - [2024-11-13T19:27:59.881+0000] {dag.py:3239} INFO - Sync 2 DAGs
[2024-11-13T19:27:59.898+0000] {logging_mixin.py:190} INFO - [2024-11-13T19:27:59.898+0000] {dag.py:4180} INFO - Setting next_dagrun for read_dataset_event to 2024-11-12 00:00:00+00:00, run_after=2024-11-13 00:00:00+00:00
[2024-11-13T19:27:59.901+0000] {logging_mixin.py:190} INFO - [2024-11-13T19:27:59.901+0000] {dag.py:4180} INFO - Setting next_dagrun for read_dataset_event_from_classic to 2024-11-12 00:00:00+00:00, run_after=2024-11-13 00:00:00+00:00
[2024-11-13T19:27:59.945+0000] {processor.py:208} INFO - Processing /home/airflow/.local/lib/python3.12/site-packages/airflow/example_dags/example_inlet_event_extra.py took 0.446 seconds
[2024-11-13T19:28:30.096+0000] {processor.py:186} INFO - Started process (PID=753) to work on /home/airflow/.local/lib/python3.12/site-packages/airflow/example_dags/example_inlet_event_extra.py
[2024-11-13T19:28:30.097+0000] {processor.py:914} INFO - Processing file /home/airflow/.local/lib/python3.12/site-packages/airflow/example_dags/example_inlet_event_extra.py for tasks to queue
[2024-11-13T19:28:30.098+0000] {logging_mixin.py:190} INFO - [2024-11-13T19:28:30.098+0000] {dagbag.py:588} INFO - Filling up the DagBag from /home/airflow/.local/lib/python3.12/site-packages/airflow/example_dags/example_inlet_event_extra.py
[2024-11-13T19:28:30.443+0000] {processor.py:925} INFO - DAG(s) 'read_dataset_event_from_classic', 'read_dataset_event' retrieved from /home/airflow/.local/lib/python3.12/site-packages/airflow/example_dags/example_inlet_event_extra.py
[2024-11-13T19:28:30.460+0000] {logging_mixin.py:190} INFO - [2024-11-13T19:28:30.459+0000] {dag.py:3239} INFO - Sync 2 DAGs
[2024-11-13T19:28:30.475+0000] {logging_mixin.py:190} INFO - [2024-11-13T19:28:30.475+0000] {dag.py:4180} INFO - Setting next_dagrun for read_dataset_event to 2024-11-12 00:00:00+00:00, run_after=2024-11-13 00:00:00+00:00
[2024-11-13T19:28:30.478+0000] {logging_mixin.py:190} INFO - [2024-11-13T19:28:30.478+0000] {dag.py:4180} INFO - Setting next_dagrun for read_dataset_event_from_classic to 2024-11-12 00:00:00+00:00, run_after=2024-11-13 00:00:00+00:00
[2024-11-13T19:28:30.522+0000] {processor.py:208} INFO - Processing /home/airflow/.local/lib/python3.12/site-packages/airflow/example_dags/example_inlet_event_extra.py took 0.431 seconds
[2024-11-13T19:29:00.659+0000] {processor.py:186} INFO - Started process (PID=815) to work on /home/airflow/.local/lib/python3.12/site-packages/airflow/example_dags/example_inlet_event_extra.py
[2024-11-13T19:29:00.660+0000] {processor.py:914} INFO - Processing file /home/airflow/.local/lib/python3.12/site-packages/airflow/example_dags/example_inlet_event_extra.py for tasks to queue
[2024-11-13T19:29:00.661+0000] {logging_mixin.py:190} INFO - [2024-11-13T19:29:00.661+0000] {dagbag.py:588} INFO - Filling up the DagBag from /home/airflow/.local/lib/python3.12/site-packages/airflow/example_dags/example_inlet_event_extra.py
[2024-11-13T19:29:01.000+0000] {processor.py:925} INFO - DAG(s) 'read_dataset_event', 'read_dataset_event_from_classic' retrieved from /home/airflow/.local/lib/python3.12/site-packages/airflow/example_dags/example_inlet_event_extra.py
[2024-11-13T19:29:01.013+0000] {logging_mixin.py:190} INFO - [2024-11-13T19:29:01.012+0000] {dag.py:3239} INFO - Sync 2 DAGs
[2024-11-13T19:29:01.029+0000] {logging_mixin.py:190} INFO - [2024-11-13T19:29:01.029+0000] {dag.py:4180} INFO - Setting next_dagrun for read_dataset_event to 2024-11-12 00:00:00+00:00, run_after=2024-11-13 00:00:00+00:00
[2024-11-13T19:29:01.032+0000] {logging_mixin.py:190} INFO - [2024-11-13T19:29:01.032+0000] {dag.py:4180} INFO - Setting next_dagrun for read_dataset_event_from_classic to 2024-11-12 00:00:00+00:00, run_after=2024-11-13 00:00:00+00:00
[2024-11-13T19:29:01.041+0000] {processor.py:208} INFO - Processing /home/airflow/.local/lib/python3.12/site-packages/airflow/example_dags/example_inlet_event_extra.py took 0.387 seconds
[2024-11-13T19:29:31.752+0000] {processor.py:186} INFO - Started process (PID=880) to work on /home/airflow/.local/lib/python3.12/site-packages/airflow/example_dags/example_inlet_event_extra.py
[2024-11-13T19:29:31.753+0000] {processor.py:914} INFO - Processing file /home/airflow/.local/lib/python3.12/site-packages/airflow/example_dags/example_inlet_event_extra.py for tasks to queue
[2024-11-13T19:29:31.754+0000] {logging_mixin.py:190} INFO - [2024-11-13T19:29:31.754+0000] {dagbag.py:588} INFO - Filling up the DagBag from /home/airflow/.local/lib/python3.12/site-packages/airflow/example_dags/example_inlet_event_extra.py
[2024-11-13T19:29:32.087+0000] {processor.py:925} INFO - DAG(s) 'read_dataset_event', 'read_dataset_event_from_classic' retrieved from /home/airflow/.local/lib/python3.12/site-packages/airflow/example_dags/example_inlet_event_extra.py
[2024-11-13T19:29:32.101+0000] {logging_mixin.py:190} INFO - [2024-11-13T19:29:32.100+0000] {dag.py:3239} INFO - Sync 2 DAGs
[2024-11-13T19:29:32.115+0000] {logging_mixin.py:190} INFO - [2024-11-13T19:29:32.115+0000] {dag.py:4180} INFO - Setting next_dagrun for read_dataset_event to 2024-11-12 00:00:00+00:00, run_after=2024-11-13 00:00:00+00:00
[2024-11-13T19:29:32.118+0000] {logging_mixin.py:190} INFO - [2024-11-13T19:29:32.118+0000] {dag.py:4180} INFO - Setting next_dagrun for read_dataset_event_from_classic to 2024-11-12 00:00:00+00:00, run_after=2024-11-13 00:00:00+00:00
[2024-11-13T19:29:32.128+0000] {processor.py:208} INFO - Processing /home/airflow/.local/lib/python3.12/site-packages/airflow/example_dags/example_inlet_event_extra.py took 0.380 seconds
[2024-11-13T19:30:03.012+0000] {processor.py:186} INFO - Started process (PID=936) to work on /home/airflow/.local/lib/python3.12/site-packages/airflow/example_dags/example_inlet_event_extra.py
[2024-11-13T19:30:03.013+0000] {processor.py:914} INFO - Processing file /home/airflow/.local/lib/python3.12/site-packages/airflow/example_dags/example_inlet_event_extra.py for tasks to queue
[2024-11-13T19:30:03.015+0000] {logging_mixin.py:190} INFO - [2024-11-13T19:30:03.014+0000] {dagbag.py:588} INFO - Filling up the DagBag from /home/airflow/.local/lib/python3.12/site-packages/airflow/example_dags/example_inlet_event_extra.py
[2024-11-13T19:30:03.371+0000] {processor.py:925} INFO - DAG(s) 'read_dataset_event', 'read_dataset_event_from_classic' retrieved from /home/airflow/.local/lib/python3.12/site-packages/airflow/example_dags/example_inlet_event_extra.py
[2024-11-13T19:30:03.388+0000] {logging_mixin.py:190} INFO - [2024-11-13T19:30:03.387+0000] {dag.py:3239} INFO - Sync 2 DAGs
[2024-11-13T19:30:03.403+0000] {logging_mixin.py:190} INFO - [2024-11-13T19:30:03.403+0000] {dag.py:4180} INFO - Setting next_dagrun for read_dataset_event to 2024-11-12 00:00:00+00:00, run_after=2024-11-13 00:00:00+00:00
[2024-11-13T19:30:03.406+0000] {logging_mixin.py:190} INFO - [2024-11-13T19:30:03.406+0000] {dag.py:4180} INFO - Setting next_dagrun for read_dataset_event_from_classic to 2024-11-12 00:00:00+00:00, run_after=2024-11-13 00:00:00+00:00
[2024-11-13T19:30:03.417+0000] {processor.py:208} INFO - Processing /home/airflow/.local/lib/python3.12/site-packages/airflow/example_dags/example_inlet_event_extra.py took 0.409 seconds
[2024-11-13T19:30:34.290+0000] {processor.py:186} INFO - Started process (PID=999) to work on /home/airflow/.local/lib/python3.12/site-packages/airflow/example_dags/example_inlet_event_extra.py
[2024-11-13T19:30:34.291+0000] {processor.py:914} INFO - Processing file /home/airflow/.local/lib/python3.12/site-packages/airflow/example_dags/example_inlet_event_extra.py for tasks to queue
[2024-11-13T19:30:34.293+0000] {logging_mixin.py:190} INFO - [2024-11-13T19:30:34.292+0000] {dagbag.py:588} INFO - Filling up the DagBag from /home/airflow/.local/lib/python3.12/site-packages/airflow/example_dags/example_inlet_event_extra.py
[2024-11-13T19:30:34.658+0000] {processor.py:925} INFO - DAG(s) 'read_dataset_event', 'read_dataset_event_from_classic' retrieved from /home/airflow/.local/lib/python3.12/site-packages/airflow/example_dags/example_inlet_event_extra.py
[2024-11-13T19:30:34.671+0000] {logging_mixin.py:190} INFO - [2024-11-13T19:30:34.670+0000] {dag.py:3239} INFO - Sync 2 DAGs
[2024-11-13T19:30:34.685+0000] {logging_mixin.py:190} INFO - [2024-11-13T19:30:34.685+0000] {dag.py:4180} INFO - Setting next_dagrun for read_dataset_event to 2024-11-12 00:00:00+00:00, run_after=2024-11-13 00:00:00+00:00
[2024-11-13T19:30:34.689+0000] {logging_mixin.py:190} INFO - [2024-11-13T19:30:34.688+0000] {dag.py:4180} INFO - Setting next_dagrun for read_dataset_event_from_classic to 2024-11-12 00:00:00+00:00, run_after=2024-11-13 00:00:00+00:00
[2024-11-13T19:30:34.697+0000] {processor.py:208} INFO - Processing /home/airflow/.local/lib/python3.12/site-packages/airflow/example_dags/example_inlet_event_extra.py took 0.412 seconds
[2024-11-13T19:31:05.549+0000] {processor.py:186} INFO - Started process (PID=1062) to work on /home/airflow/.local/lib/python3.12/site-packages/airflow/example_dags/example_inlet_event_extra.py
[2024-11-13T19:31:05.550+0000] {processor.py:914} INFO - Processing file /home/airflow/.local/lib/python3.12/site-packages/airflow/example_dags/example_inlet_event_extra.py for tasks to queue
[2024-11-13T19:31:05.552+0000] {logging_mixin.py:190} INFO - [2024-11-13T19:31:05.551+0000] {dagbag.py:588} INFO - Filling up the DagBag from /home/airflow/.local/lib/python3.12/site-packages/airflow/example_dags/example_inlet_event_extra.py
[2024-11-13T19:31:05.924+0000] {processor.py:925} INFO - DAG(s) 'read_dataset_event', 'read_dataset_event_from_classic' retrieved from /home/airflow/.local/lib/python3.12/site-packages/airflow/example_dags/example_inlet_event_extra.py
[2024-11-13T19:31:05.938+0000] {logging_mixin.py:190} INFO - [2024-11-13T19:31:05.937+0000] {dag.py:3239} INFO - Sync 2 DAGs
[2024-11-13T19:31:05.953+0000] {logging_mixin.py:190} INFO - [2024-11-13T19:31:05.953+0000] {dag.py:4180} INFO - Setting next_dagrun for read_dataset_event to 2024-11-12 00:00:00+00:00, run_after=2024-11-13 00:00:00+00:00
[2024-11-13T19:31:05.957+0000] {logging_mixin.py:190} INFO - [2024-11-13T19:31:05.957+0000] {dag.py:4180} INFO - Setting next_dagrun for read_dataset_event_from_classic to 2024-11-12 00:00:00+00:00, run_after=2024-11-13 00:00:00+00:00
[2024-11-13T19:31:05.968+0000] {processor.py:208} INFO - Processing /home/airflow/.local/lib/python3.12/site-packages/airflow/example_dags/example_inlet_event_extra.py took 0.423 seconds
[2024-11-13T19:31:36.801+0000] {processor.py:186} INFO - Started process (PID=1132) to work on /home/airflow/.local/lib/python3.12/site-packages/airflow/example_dags/example_inlet_event_extra.py
[2024-11-13T19:31:36.802+0000] {processor.py:914} INFO - Processing file /home/airflow/.local/lib/python3.12/site-packages/airflow/example_dags/example_inlet_event_extra.py for tasks to queue
[2024-11-13T19:31:36.803+0000] {logging_mixin.py:190} INFO - [2024-11-13T19:31:36.803+0000] {dagbag.py:588} INFO - Filling up the DagBag from /home/airflow/.local/lib/python3.12/site-packages/airflow/example_dags/example_inlet_event_extra.py
[2024-11-13T19:31:37.172+0000] {processor.py:925} INFO - DAG(s) 'read_dataset_event_from_classic', 'read_dataset_event' retrieved from /home/airflow/.local/lib/python3.12/site-packages/airflow/example_dags/example_inlet_event_extra.py
[2024-11-13T19:31:37.191+0000] {logging_mixin.py:190} INFO - [2024-11-13T19:31:37.191+0000] {dag.py:3239} INFO - Sync 2 DAGs
[2024-11-13T19:31:37.212+0000] {logging_mixin.py:190} INFO - [2024-11-13T19:31:37.212+0000] {dag.py:4180} INFO - Setting next_dagrun for read_dataset_event to 2024-11-12 00:00:00+00:00, run_after=2024-11-13 00:00:00+00:00
[2024-11-13T19:31:37.217+0000] {logging_mixin.py:190} INFO - [2024-11-13T19:31:37.216+0000] {dag.py:4180} INFO - Setting next_dagrun for read_dataset_event_from_classic to 2024-11-12 00:00:00+00:00, run_after=2024-11-13 00:00:00+00:00
[2024-11-13T19:31:37.253+0000] {processor.py:208} INFO - Processing /home/airflow/.local/lib/python3.12/site-packages/airflow/example_dags/example_inlet_event_extra.py took 0.456 seconds
[2024-11-13T19:32:07.284+0000] {processor.py:186} INFO - Started process (PID=1195) to work on /home/airflow/.local/lib/python3.12/site-packages/airflow/example_dags/example_inlet_event_extra.py
[2024-11-13T19:32:07.285+0000] {processor.py:914} INFO - Processing file /home/airflow/.local/lib/python3.12/site-packages/airflow/example_dags/example_inlet_event_extra.py for tasks to queue
[2024-11-13T19:32:07.287+0000] {logging_mixin.py:190} INFO - [2024-11-13T19:32:07.287+0000] {dagbag.py:588} INFO - Filling up the DagBag from /home/airflow/.local/lib/python3.12/site-packages/airflow/example_dags/example_inlet_event_extra.py
[2024-11-13T19:32:07.663+0000] {processor.py:925} INFO - DAG(s) 'read_dataset_event_from_classic', 'read_dataset_event' retrieved from /home/airflow/.local/lib/python3.12/site-packages/airflow/example_dags/example_inlet_event_extra.py
[2024-11-13T19:32:07.680+0000] {logging_mixin.py:190} INFO - [2024-11-13T19:32:07.680+0000] {dag.py:3239} INFO - Sync 2 DAGs
[2024-11-13T19:32:07.696+0000] {logging_mixin.py:190} INFO - [2024-11-13T19:32:07.696+0000] {dag.py:4180} INFO - Setting next_dagrun for read_dataset_event to 2024-11-12 00:00:00+00:00, run_after=2024-11-13 00:00:00+00:00
[2024-11-13T19:32:07.699+0000] {logging_mixin.py:190} INFO - [2024-11-13T19:32:07.699+0000] {dag.py:4180} INFO - Setting next_dagrun for read_dataset_event_from_classic to 2024-11-12 00:00:00+00:00, run_after=2024-11-13 00:00:00+00:00
[2024-11-13T19:32:07.743+0000] {processor.py:208} INFO - Processing /home/airflow/.local/lib/python3.12/site-packages/airflow/example_dags/example_inlet_event_extra.py took 0.463 seconds
[2024-11-13T19:32:37.976+0000] {processor.py:186} INFO - Started process (PID=1258) to work on /home/airflow/.local/lib/python3.12/site-packages/airflow/example_dags/example_inlet_event_extra.py
[2024-11-13T19:32:37.977+0000] {processor.py:914} INFO - Processing file /home/airflow/.local/lib/python3.12/site-packages/airflow/example_dags/example_inlet_event_extra.py for tasks to queue
[2024-11-13T19:32:37.979+0000] {logging_mixin.py:190} INFO - [2024-11-13T19:32:37.979+0000] {dagbag.py:588} INFO - Filling up the DagBag from /home/airflow/.local/lib/python3.12/site-packages/airflow/example_dags/example_inlet_event_extra.py
[2024-11-13T19:32:38.337+0000] {processor.py:925} INFO - DAG(s) 'read_dataset_event_from_classic', 'read_dataset_event' retrieved from /home/airflow/.local/lib/python3.12/site-packages/airflow/example_dags/example_inlet_event_extra.py
[2024-11-13T19:32:38.351+0000] {logging_mixin.py:190} INFO - [2024-11-13T19:32:38.351+0000] {dag.py:3239} INFO - Sync 2 DAGs
[2024-11-13T19:32:38.368+0000] {logging_mixin.py:190} INFO - [2024-11-13T19:32:38.368+0000] {dag.py:4180} INFO - Setting next_dagrun for read_dataset_event to 2024-11-12 00:00:00+00:00, run_after=2024-11-13 00:00:00+00:00
[2024-11-13T19:32:38.371+0000] {logging_mixin.py:190} INFO - [2024-11-13T19:32:38.371+0000] {dag.py:4180} INFO - Setting next_dagrun for read_dataset_event_from_classic to 2024-11-12 00:00:00+00:00, run_after=2024-11-13 00:00:00+00:00
[2024-11-13T19:32:38.382+0000] {processor.py:208} INFO - Processing /home/airflow/.local/lib/python3.12/site-packages/airflow/example_dags/example_inlet_event_extra.py took 0.411 seconds
[2024-11-13T19:33:09.007+0000] {processor.py:186} INFO - Started process (PID=1322) to work on /home/airflow/.local/lib/python3.12/site-packages/airflow/example_dags/example_inlet_event_extra.py
[2024-11-13T19:33:09.008+0000] {processor.py:914} INFO - Processing file /home/airflow/.local/lib/python3.12/site-packages/airflow/example_dags/example_inlet_event_extra.py for tasks to queue
[2024-11-13T19:33:09.010+0000] {logging_mixin.py:190} INFO - [2024-11-13T19:33:09.009+0000] {dagbag.py:588} INFO - Filling up the DagBag from /home/airflow/.local/lib/python3.12/site-packages/airflow/example_dags/example_inlet_event_extra.py
[2024-11-13T19:33:09.422+0000] {processor.py:925} INFO - DAG(s) 'read_dataset_event_from_classic', 'read_dataset_event' retrieved from /home/airflow/.local/lib/python3.12/site-packages/airflow/example_dags/example_inlet_event_extra.py
[2024-11-13T19:33:09.438+0000] {logging_mixin.py:190} INFO - [2024-11-13T19:33:09.438+0000] {dag.py:3239} INFO - Sync 2 DAGs
[2024-11-13T19:33:09.457+0000] {logging_mixin.py:190} INFO - [2024-11-13T19:33:09.456+0000] {dag.py:4180} INFO - Setting next_dagrun for read_dataset_event to 2024-11-12 00:00:00+00:00, run_after=2024-11-13 00:00:00+00:00
[2024-11-13T19:33:09.460+0000] {logging_mixin.py:190} INFO - [2024-11-13T19:33:09.460+0000] {dag.py:4180} INFO - Setting next_dagrun for read_dataset_event_from_classic to 2024-11-12 00:00:00+00:00, run_after=2024-11-13 00:00:00+00:00
[2024-11-13T19:33:09.473+0000] {processor.py:208} INFO - Processing /home/airflow/.local/lib/python3.12/site-packages/airflow/example_dags/example_inlet_event_extra.py took 0.470 seconds
[2024-11-13T19:33:39.596+0000] {processor.py:186} INFO - Started process (PID=1385) to work on /home/airflow/.local/lib/python3.12/site-packages/airflow/example_dags/example_inlet_event_extra.py
[2024-11-13T19:33:39.597+0000] {processor.py:914} INFO - Processing file /home/airflow/.local/lib/python3.12/site-packages/airflow/example_dags/example_inlet_event_extra.py for tasks to queue
[2024-11-13T19:33:39.599+0000] {logging_mixin.py:190} INFO - [2024-11-13T19:33:39.599+0000] {dagbag.py:588} INFO - Filling up the DagBag from /home/airflow/.local/lib/python3.12/site-packages/airflow/example_dags/example_inlet_event_extra.py
[2024-11-13T19:33:39.942+0000] {processor.py:925} INFO - DAG(s) 'read_dataset_event', 'read_dataset_event_from_classic' retrieved from /home/airflow/.local/lib/python3.12/site-packages/airflow/example_dags/example_inlet_event_extra.py
[2024-11-13T19:33:39.957+0000] {logging_mixin.py:190} INFO - [2024-11-13T19:33:39.957+0000] {dag.py:3239} INFO - Sync 2 DAGs
[2024-11-13T19:33:39.971+0000] {logging_mixin.py:190} INFO - [2024-11-13T19:33:39.971+0000] {dag.py:4180} INFO - Setting next_dagrun for read_dataset_event to 2024-11-12 00:00:00+00:00, run_after=2024-11-13 00:00:00+00:00
[2024-11-13T19:33:39.974+0000] {logging_mixin.py:190} INFO - [2024-11-13T19:33:39.974+0000] {dag.py:4180} INFO - Setting next_dagrun for read_dataset_event_from_classic to 2024-11-12 00:00:00+00:00, run_after=2024-11-13 00:00:00+00:00
[2024-11-13T19:33:40.026+0000] {processor.py:208} INFO - Processing /home/airflow/.local/lib/python3.12/site-packages/airflow/example_dags/example_inlet_event_extra.py took 0.433 seconds
[2024-11-13T19:34:10.706+0000] {processor.py:186} INFO - Started process (PID=1448) to work on /home/airflow/.local/lib/python3.12/site-packages/airflow/example_dags/example_inlet_event_extra.py
[2024-11-13T19:34:10.707+0000] {processor.py:914} INFO - Processing file /home/airflow/.local/lib/python3.12/site-packages/airflow/example_dags/example_inlet_event_extra.py for tasks to queue
[2024-11-13T19:34:10.708+0000] {logging_mixin.py:190} INFO - [2024-11-13T19:34:10.708+0000] {dagbag.py:588} INFO - Filling up the DagBag from /home/airflow/.local/lib/python3.12/site-packages/airflow/example_dags/example_inlet_event_extra.py
[2024-11-13T19:34:11.063+0000] {processor.py:925} INFO - DAG(s) 'read_dataset_event', 'read_dataset_event_from_classic' retrieved from /home/airflow/.local/lib/python3.12/site-packages/airflow/example_dags/example_inlet_event_extra.py
[2024-11-13T19:34:11.078+0000] {logging_mixin.py:190} INFO - [2024-11-13T19:34:11.078+0000] {dag.py:3239} INFO - Sync 2 DAGs
[2024-11-13T19:34:11.092+0000] {logging_mixin.py:190} INFO - [2024-11-13T19:34:11.092+0000] {dag.py:4180} INFO - Setting next_dagrun for read_dataset_event to 2024-11-12 00:00:00+00:00, run_after=2024-11-13 00:00:00+00:00
[2024-11-13T19:34:11.095+0000] {logging_mixin.py:190} INFO - [2024-11-13T19:34:11.095+0000] {dag.py:4180} INFO - Setting next_dagrun for read_dataset_event_from_classic to 2024-11-12 00:00:00+00:00, run_after=2024-11-13 00:00:00+00:00
[2024-11-13T19:34:11.126+0000] {processor.py:208} INFO - Processing /home/airflow/.local/lib/python3.12/site-packages/airflow/example_dags/example_inlet_event_extra.py took 0.424 seconds
[2024-11-13T19:34:42.056+0000] {processor.py:186} INFO - Started process (PID=1504) to work on /home/airflow/.local/lib/python3.12/site-packages/airflow/example_dags/example_inlet_event_extra.py
[2024-11-13T19:34:42.057+0000] {processor.py:914} INFO - Processing file /home/airflow/.local/lib/python3.12/site-packages/airflow/example_dags/example_inlet_event_extra.py for tasks to queue
[2024-11-13T19:34:42.059+0000] {logging_mixin.py:190} INFO - [2024-11-13T19:34:42.058+0000] {dagbag.py:588} INFO - Filling up the DagBag from /home/airflow/.local/lib/python3.12/site-packages/airflow/example_dags/example_inlet_event_extra.py
[2024-11-13T19:34:42.442+0000] {processor.py:925} INFO - DAG(s) 'read_dataset_event', 'read_dataset_event_from_classic' retrieved from /home/airflow/.local/lib/python3.12/site-packages/airflow/example_dags/example_inlet_event_extra.py
[2024-11-13T19:34:42.459+0000] {logging_mixin.py:190} INFO - [2024-11-13T19:34:42.459+0000] {dag.py:3239} INFO - Sync 2 DAGs
[2024-11-13T19:34:42.476+0000] {logging_mixin.py:190} INFO - [2024-11-13T19:34:42.476+0000] {dag.py:4180} INFO - Setting next_dagrun for read_dataset_event to 2024-11-12 00:00:00+00:00, run_after=2024-11-13 00:00:00+00:00
[2024-11-13T19:34:42.479+0000] {logging_mixin.py:190} INFO - [2024-11-13T19:34:42.479+0000] {dag.py:4180} INFO - Setting next_dagrun for read_dataset_event_from_classic to 2024-11-12 00:00:00+00:00, run_after=2024-11-13 00:00:00+00:00
[2024-11-13T19:34:42.491+0000] {processor.py:208} INFO - Processing /home/airflow/.local/lib/python3.12/site-packages/airflow/example_dags/example_inlet_event_extra.py took 0.439 seconds
[2024-11-13T19:35:13.315+0000] {processor.py:186} INFO - Started process (PID=1567) to work on /home/airflow/.local/lib/python3.12/site-packages/airflow/example_dags/example_inlet_event_extra.py
[2024-11-13T19:35:13.316+0000] {processor.py:914} INFO - Processing file /home/airflow/.local/lib/python3.12/site-packages/airflow/example_dags/example_inlet_event_extra.py for tasks to queue
[2024-11-13T19:35:13.318+0000] {logging_mixin.py:190} INFO - [2024-11-13T19:35:13.317+0000] {dagbag.py:588} INFO - Filling up the DagBag from /home/airflow/.local/lib/python3.12/site-packages/airflow/example_dags/example_inlet_event_extra.py
[2024-11-13T19:35:13.679+0000] {processor.py:925} INFO - DAG(s) 'read_dataset_event_from_classic', 'read_dataset_event' retrieved from /home/airflow/.local/lib/python3.12/site-packages/airflow/example_dags/example_inlet_event_extra.py
[2024-11-13T19:35:13.694+0000] {logging_mixin.py:190} INFO - [2024-11-13T19:35:13.694+0000] {dag.py:3239} INFO - Sync 2 DAGs
[2024-11-13T19:35:13.708+0000] {logging_mixin.py:190} INFO - [2024-11-13T19:35:13.708+0000] {dag.py:4180} INFO - Setting next_dagrun for read_dataset_event to 2024-11-12 00:00:00+00:00, run_after=2024-11-13 00:00:00+00:00
[2024-11-13T19:35:13.711+0000] {logging_mixin.py:190} INFO - [2024-11-13T19:35:13.711+0000] {dag.py:4180} INFO - Setting next_dagrun for read_dataset_event_from_classic to 2024-11-12 00:00:00+00:00, run_after=2024-11-13 00:00:00+00:00
[2024-11-13T19:35:13.756+0000] {processor.py:208} INFO - Processing /home/airflow/.local/lib/python3.12/site-packages/airflow/example_dags/example_inlet_event_extra.py took 0.445 seconds
[2024-11-13T19:35:43.802+0000] {processor.py:186} INFO - Started process (PID=1630) to work on /home/airflow/.local/lib/python3.12/site-packages/airflow/example_dags/example_inlet_event_extra.py
[2024-11-13T19:35:43.803+0000] {processor.py:914} INFO - Processing file /home/airflow/.local/lib/python3.12/site-packages/airflow/example_dags/example_inlet_event_extra.py for tasks to queue
[2024-11-13T19:35:43.805+0000] {logging_mixin.py:190} INFO - [2024-11-13T19:35:43.804+0000] {dagbag.py:588} INFO - Filling up the DagBag from /home/airflow/.local/lib/python3.12/site-packages/airflow/example_dags/example_inlet_event_extra.py
[2024-11-13T19:35:44.183+0000] {processor.py:925} INFO - DAG(s) 'read_dataset_event_from_classic', 'read_dataset_event' retrieved from /home/airflow/.local/lib/python3.12/site-packages/airflow/example_dags/example_inlet_event_extra.py
[2024-11-13T19:35:44.198+0000] {logging_mixin.py:190} INFO - [2024-11-13T19:35:44.198+0000] {dag.py:3239} INFO - Sync 2 DAGs
[2024-11-13T19:35:44.216+0000] {logging_mixin.py:190} INFO - [2024-11-13T19:35:44.216+0000] {dag.py:4180} INFO - Setting next_dagrun for read_dataset_event to 2024-11-12 00:00:00+00:00, run_after=2024-11-13 00:00:00+00:00
[2024-11-13T19:35:44.220+0000] {logging_mixin.py:190} INFO - [2024-11-13T19:35:44.220+0000] {dag.py:4180} INFO - Setting next_dagrun for read_dataset_event_from_classic to 2024-11-12 00:00:00+00:00, run_after=2024-11-13 00:00:00+00:00
[2024-11-13T19:35:44.232+0000] {processor.py:208} INFO - Processing /home/airflow/.local/lib/python3.12/site-packages/airflow/example_dags/example_inlet_event_extra.py took 0.434 seconds
[2024-11-13T19:36:15.394+0000] {processor.py:186} INFO - Started process (PID=1693) to work on /home/airflow/.local/lib/python3.12/site-packages/airflow/example_dags/example_inlet_event_extra.py
[2024-11-13T19:36:15.395+0000] {processor.py:914} INFO - Processing file /home/airflow/.local/lib/python3.12/site-packages/airflow/example_dags/example_inlet_event_extra.py for tasks to queue
[2024-11-13T19:36:15.397+0000] {logging_mixin.py:190} INFO - [2024-11-13T19:36:15.397+0000] {dagbag.py:588} INFO - Filling up the DagBag from /home/airflow/.local/lib/python3.12/site-packages/airflow/example_dags/example_inlet_event_extra.py
[2024-11-13T19:36:15.751+0000] {processor.py:925} INFO - DAG(s) 'read_dataset_event', 'read_dataset_event_from_classic' retrieved from /home/airflow/.local/lib/python3.12/site-packages/airflow/example_dags/example_inlet_event_extra.py
[2024-11-13T19:36:15.767+0000] {logging_mixin.py:190} INFO - [2024-11-13T19:36:15.767+0000] {dag.py:3239} INFO - Sync 2 DAGs
[2024-11-13T19:36:15.782+0000] {logging_mixin.py:190} INFO - [2024-11-13T19:36:15.782+0000] {dag.py:4180} INFO - Setting next_dagrun for read_dataset_event to 2024-11-12 00:00:00+00:00, run_after=2024-11-13 00:00:00+00:00
[2024-11-13T19:36:15.785+0000] {logging_mixin.py:190} INFO - [2024-11-13T19:36:15.785+0000] {dag.py:4180} INFO - Setting next_dagrun for read_dataset_event_from_classic to 2024-11-12 00:00:00+00:00, run_after=2024-11-13 00:00:00+00:00
[2024-11-13T19:36:15.795+0000] {processor.py:208} INFO - Processing /home/airflow/.local/lib/python3.12/site-packages/airflow/example_dags/example_inlet_event_extra.py took 0.404 seconds
[2024-11-13T19:36:46.558+0000] {processor.py:186} INFO - Started process (PID=1756) to work on /home/airflow/.local/lib/python3.12/site-packages/airflow/example_dags/example_inlet_event_extra.py
[2024-11-13T19:36:46.559+0000] {processor.py:914} INFO - Processing file /home/airflow/.local/lib/python3.12/site-packages/airflow/example_dags/example_inlet_event_extra.py for tasks to queue
[2024-11-13T19:36:46.561+0000] {logging_mixin.py:190} INFO - [2024-11-13T19:36:46.560+0000] {dagbag.py:588} INFO - Filling up the DagBag from /home/airflow/.local/lib/python3.12/site-packages/airflow/example_dags/example_inlet_event_extra.py
[2024-11-13T19:36:46.920+0000] {processor.py:925} INFO - DAG(s) 'read_dataset_event', 'read_dataset_event_from_classic' retrieved from /home/airflow/.local/lib/python3.12/site-packages/airflow/example_dags/example_inlet_event_extra.py
[2024-11-13T19:36:46.936+0000] {logging_mixin.py:190} INFO - [2024-11-13T19:36:46.936+0000] {dag.py:3239} INFO - Sync 2 DAGs
[2024-11-13T19:36:46.953+0000] {logging_mixin.py:190} INFO - [2024-11-13T19:36:46.952+0000] {dag.py:4180} INFO - Setting next_dagrun for read_dataset_event to 2024-11-12 00:00:00+00:00, run_after=2024-11-13 00:00:00+00:00
[2024-11-13T19:36:46.956+0000] {logging_mixin.py:190} INFO - [2024-11-13T19:36:46.956+0000] {dag.py:4180} INFO - Setting next_dagrun for read_dataset_event_from_classic to 2024-11-12 00:00:00+00:00, run_after=2024-11-13 00:00:00+00:00
[2024-11-13T19:36:46.966+0000] {processor.py:208} INFO - Processing /home/airflow/.local/lib/python3.12/site-packages/airflow/example_dags/example_inlet_event_extra.py took 0.412 seconds
[2024-11-13T19:37:17.708+0000] {processor.py:186} INFO - Started process (PID=1819) to work on /home/airflow/.local/lib/python3.12/site-packages/airflow/example_dags/example_inlet_event_extra.py
[2024-11-13T19:37:17.709+0000] {processor.py:914} INFO - Processing file /home/airflow/.local/lib/python3.12/site-packages/airflow/example_dags/example_inlet_event_extra.py for tasks to queue
[2024-11-13T19:37:17.711+0000] {logging_mixin.py:190} INFO - [2024-11-13T19:37:17.711+0000] {dagbag.py:588} INFO - Filling up the DagBag from /home/airflow/.local/lib/python3.12/site-packages/airflow/example_dags/example_inlet_event_extra.py
[2024-11-13T19:37:18.065+0000] {processor.py:925} INFO - DAG(s) 'read_dataset_event', 'read_dataset_event_from_classic' retrieved from /home/airflow/.local/lib/python3.12/site-packages/airflow/example_dags/example_inlet_event_extra.py
[2024-11-13T19:37:18.078+0000] {logging_mixin.py:190} INFO - [2024-11-13T19:37:18.078+0000] {dag.py:3239} INFO - Sync 2 DAGs
[2024-11-13T19:37:18.093+0000] {logging_mixin.py:190} INFO - [2024-11-13T19:37:18.093+0000] {dag.py:4180} INFO - Setting next_dagrun for read_dataset_event to 2024-11-12 00:00:00+00:00, run_after=2024-11-13 00:00:00+00:00
[2024-11-13T19:37:18.096+0000] {logging_mixin.py:190} INFO - [2024-11-13T19:37:18.096+0000] {dag.py:4180} INFO - Setting next_dagrun for read_dataset_event_from_classic to 2024-11-12 00:00:00+00:00, run_after=2024-11-13 00:00:00+00:00
[2024-11-13T19:37:18.108+0000] {processor.py:208} INFO - Processing /home/airflow/.local/lib/python3.12/site-packages/airflow/example_dags/example_inlet_event_extra.py took 0.403 seconds
[2024-11-13T19:37:48.898+0000] {processor.py:186} INFO - Started process (PID=1882) to work on /home/airflow/.local/lib/python3.12/site-packages/airflow/example_dags/example_inlet_event_extra.py
[2024-11-13T19:37:48.898+0000] {processor.py:914} INFO - Processing file /home/airflow/.local/lib/python3.12/site-packages/airflow/example_dags/example_inlet_event_extra.py for tasks to queue
[2024-11-13T19:37:48.900+0000] {logging_mixin.py:190} INFO - [2024-11-13T19:37:48.900+0000] {dagbag.py:588} INFO - Filling up the DagBag from /home/airflow/.local/lib/python3.12/site-packages/airflow/example_dags/example_inlet_event_extra.py
[2024-11-13T19:37:49.287+0000] {processor.py:925} INFO - DAG(s) 'read_dataset_event', 'read_dataset_event_from_classic' retrieved from /home/airflow/.local/lib/python3.12/site-packages/airflow/example_dags/example_inlet_event_extra.py
[2024-11-13T19:37:49.303+0000] {logging_mixin.py:190} INFO - [2024-11-13T19:37:49.303+0000] {dag.py:3239} INFO - Sync 2 DAGs
[2024-11-13T19:37:49.319+0000] {logging_mixin.py:190} INFO - [2024-11-13T19:37:49.319+0000] {dag.py:4180} INFO - Setting next_dagrun for read_dataset_event to 2024-11-12 00:00:00+00:00, run_after=2024-11-13 00:00:00+00:00
[2024-11-13T19:37:49.322+0000] {logging_mixin.py:190} INFO - [2024-11-13T19:37:49.322+0000] {dag.py:4180} INFO - Setting next_dagrun for read_dataset_event_from_classic to 2024-11-12 00:00:00+00:00, run_after=2024-11-13 00:00:00+00:00
[2024-11-13T19:37:49.332+0000] {processor.py:208} INFO - Processing /home/airflow/.local/lib/python3.12/site-packages/airflow/example_dags/example_inlet_event_extra.py took 0.439 seconds
[2024-11-13T19:38:20.160+0000] {processor.py:186} INFO - Started process (PID=1951) to work on /home/airflow/.local/lib/python3.12/site-packages/airflow/example_dags/example_inlet_event_extra.py
[2024-11-13T19:38:20.160+0000] {processor.py:914} INFO - Processing file /home/airflow/.local/lib/python3.12/site-packages/airflow/example_dags/example_inlet_event_extra.py for tasks to queue
[2024-11-13T19:38:20.162+0000] {logging_mixin.py:190} INFO - [2024-11-13T19:38:20.162+0000] {dagbag.py:588} INFO - Filling up the DagBag from /home/airflow/.local/lib/python3.12/site-packages/airflow/example_dags/example_inlet_event_extra.py
[2024-11-13T19:38:20.535+0000] {processor.py:925} INFO - DAG(s) 'read_dataset_event_from_classic', 'read_dataset_event' retrieved from /home/airflow/.local/lib/python3.12/site-packages/airflow/example_dags/example_inlet_event_extra.py
[2024-11-13T19:38:20.548+0000] {logging_mixin.py:190} INFO - [2024-11-13T19:38:20.548+0000] {dag.py:3239} INFO - Sync 2 DAGs
[2024-11-13T19:38:20.562+0000] {logging_mixin.py:190} INFO - [2024-11-13T19:38:20.562+0000] {dag.py:4180} INFO - Setting next_dagrun for read_dataset_event to 2024-11-12 00:00:00+00:00, run_after=2024-11-13 00:00:00+00:00
[2024-11-13T19:38:20.565+0000] {logging_mixin.py:190} INFO - [2024-11-13T19:38:20.565+0000] {dag.py:4180} INFO - Setting next_dagrun for read_dataset_event_from_classic to 2024-11-12 00:00:00+00:00, run_after=2024-11-13 00:00:00+00:00
[2024-11-13T19:38:20.575+0000] {processor.py:208} INFO - Processing /home/airflow/.local/lib/python3.12/site-packages/airflow/example_dags/example_inlet_event_extra.py took 0.419 seconds
[2024-11-13T19:38:51.279+0000] {processor.py:186} INFO - Started process (PID=2014) to work on /home/airflow/.local/lib/python3.12/site-packages/airflow/example_dags/example_inlet_event_extra.py
[2024-11-13T19:38:51.280+0000] {processor.py:914} INFO - Processing file /home/airflow/.local/lib/python3.12/site-packages/airflow/example_dags/example_inlet_event_extra.py for tasks to queue
[2024-11-13T19:38:51.282+0000] {logging_mixin.py:190} INFO - [2024-11-13T19:38:51.281+0000] {dagbag.py:588} INFO - Filling up the DagBag from /home/airflow/.local/lib/python3.12/site-packages/airflow/example_dags/example_inlet_event_extra.py
[2024-11-13T19:38:51.653+0000] {processor.py:925} INFO - DAG(s) 'read_dataset_event_from_classic', 'read_dataset_event' retrieved from /home/airflow/.local/lib/python3.12/site-packages/airflow/example_dags/example_inlet_event_extra.py
[2024-11-13T19:38:51.666+0000] {logging_mixin.py:190} INFO - [2024-11-13T19:38:51.666+0000] {dag.py:3239} INFO - Sync 2 DAGs
[2024-11-13T19:38:51.684+0000] {logging_mixin.py:190} INFO - [2024-11-13T19:38:51.684+0000] {dag.py:4180} INFO - Setting next_dagrun for read_dataset_event to 2024-11-12 00:00:00+00:00, run_after=2024-11-13 00:00:00+00:00
[2024-11-13T19:38:51.687+0000] {logging_mixin.py:190} INFO - [2024-11-13T19:38:51.686+0000] {dag.py:4180} INFO - Setting next_dagrun for read_dataset_event_from_classic to 2024-11-12 00:00:00+00:00, run_after=2024-11-13 00:00:00+00:00
[2024-11-13T19:38:51.697+0000] {processor.py:208} INFO - Processing /home/airflow/.local/lib/python3.12/site-packages/airflow/example_dags/example_inlet_event_extra.py took 0.422 seconds
[2024-11-13T19:39:22.616+0000] {processor.py:186} INFO - Started process (PID=2077) to work on /home/airflow/.local/lib/python3.12/site-packages/airflow/example_dags/example_inlet_event_extra.py
[2024-11-13T19:39:22.617+0000] {processor.py:914} INFO - Processing file /home/airflow/.local/lib/python3.12/site-packages/airflow/example_dags/example_inlet_event_extra.py for tasks to queue
[2024-11-13T19:39:22.619+0000] {logging_mixin.py:190} INFO - [2024-11-13T19:39:22.618+0000] {dagbag.py:588} INFO - Filling up the DagBag from /home/airflow/.local/lib/python3.12/site-packages/airflow/example_dags/example_inlet_event_extra.py
[2024-11-13T19:39:23.005+0000] {processor.py:925} INFO - DAG(s) 'read_dataset_event_from_classic', 'read_dataset_event' retrieved from /home/airflow/.local/lib/python3.12/site-packages/airflow/example_dags/example_inlet_event_extra.py
[2024-11-13T19:39:23.019+0000] {logging_mixin.py:190} INFO - [2024-11-13T19:39:23.019+0000] {dag.py:3239} INFO - Sync 2 DAGs
[2024-11-13T19:39:23.035+0000] {logging_mixin.py:190} INFO - [2024-11-13T19:39:23.035+0000] {dag.py:4180} INFO - Setting next_dagrun for read_dataset_event to 2024-11-12 00:00:00+00:00, run_after=2024-11-13 00:00:00+00:00
[2024-11-13T19:39:23.038+0000] {logging_mixin.py:190} INFO - [2024-11-13T19:39:23.038+0000] {dag.py:4180} INFO - Setting next_dagrun for read_dataset_event_from_classic to 2024-11-12 00:00:00+00:00, run_after=2024-11-13 00:00:00+00:00
[2024-11-13T19:39:23.051+0000] {processor.py:208} INFO - Processing /home/airflow/.local/lib/python3.12/site-packages/airflow/example_dags/example_inlet_event_extra.py took 0.440 seconds
[2024-11-13T19:39:53.899+0000] {processor.py:186} INFO - Started process (PID=2140) to work on /home/airflow/.local/lib/python3.12/site-packages/airflow/example_dags/example_inlet_event_extra.py
[2024-11-13T19:39:53.900+0000] {processor.py:914} INFO - Processing file /home/airflow/.local/lib/python3.12/site-packages/airflow/example_dags/example_inlet_event_extra.py for tasks to queue
[2024-11-13T19:39:53.902+0000] {logging_mixin.py:190} INFO - [2024-11-13T19:39:53.901+0000] {dagbag.py:588} INFO - Filling up the DagBag from /home/airflow/.local/lib/python3.12/site-packages/airflow/example_dags/example_inlet_event_extra.py
[2024-11-13T19:39:54.281+0000] {processor.py:925} INFO - DAG(s) 'read_dataset_event', 'read_dataset_event_from_classic' retrieved from /home/airflow/.local/lib/python3.12/site-packages/airflow/example_dags/example_inlet_event_extra.py
[2024-11-13T19:39:54.299+0000] {logging_mixin.py:190} INFO - [2024-11-13T19:39:54.299+0000] {dag.py:3239} INFO - Sync 2 DAGs
[2024-11-13T19:39:54.316+0000] {logging_mixin.py:190} INFO - [2024-11-13T19:39:54.316+0000] {dag.py:4180} INFO - Setting next_dagrun for read_dataset_event to 2024-11-12 00:00:00+00:00, run_after=2024-11-13 00:00:00+00:00
[2024-11-13T19:39:54.319+0000] {logging_mixin.py:190} INFO - [2024-11-13T19:39:54.319+0000] {dag.py:4180} INFO - Setting next_dagrun for read_dataset_event_from_classic to 2024-11-12 00:00:00+00:00, run_after=2024-11-13 00:00:00+00:00
[2024-11-13T19:39:54.330+0000] {processor.py:208} INFO - Processing /home/airflow/.local/lib/python3.12/site-packages/airflow/example_dags/example_inlet_event_extra.py took 0.435 seconds
[2024-11-13T19:40:24.904+0000] {processor.py:186} INFO - Started process (PID=2203) to work on /home/airflow/.local/lib/python3.12/site-packages/airflow/example_dags/example_inlet_event_extra.py
[2024-11-13T19:40:24.905+0000] {processor.py:914} INFO - Processing file /home/airflow/.local/lib/python3.12/site-packages/airflow/example_dags/example_inlet_event_extra.py for tasks to queue
[2024-11-13T19:40:24.907+0000] {logging_mixin.py:190} INFO - [2024-11-13T19:40:24.907+0000] {dagbag.py:588} INFO - Filling up the DagBag from /home/airflow/.local/lib/python3.12/site-packages/airflow/example_dags/example_inlet_event_extra.py
[2024-11-13T19:40:25.297+0000] {processor.py:925} INFO - DAG(s) 'read_dataset_event_from_classic', 'read_dataset_event' retrieved from /home/airflow/.local/lib/python3.12/site-packages/airflow/example_dags/example_inlet_event_extra.py
[2024-11-13T19:40:25.314+0000] {logging_mixin.py:190} INFO - [2024-11-13T19:40:25.314+0000] {dag.py:3239} INFO - Sync 2 DAGs
[2024-11-13T19:40:25.331+0000] {logging_mixin.py:190} INFO - [2024-11-13T19:40:25.331+0000] {dag.py:4180} INFO - Setting next_dagrun for read_dataset_event to 2024-11-12 00:00:00+00:00, run_after=2024-11-13 00:00:00+00:00
[2024-11-13T19:40:25.335+0000] {logging_mixin.py:190} INFO - [2024-11-13T19:40:25.335+0000] {dag.py:4180} INFO - Setting next_dagrun for read_dataset_event_from_classic to 2024-11-12 00:00:00+00:00, run_after=2024-11-13 00:00:00+00:00
[2024-11-13T19:40:25.381+0000] {processor.py:208} INFO - Processing /home/airflow/.local/lib/python3.12/site-packages/airflow/example_dags/example_inlet_event_extra.py took 0.481 seconds
[2024-11-13T19:40:55.823+0000] {processor.py:186} INFO - Started process (PID=2268) to work on /home/airflow/.local/lib/python3.12/site-packages/airflow/example_dags/example_inlet_event_extra.py
[2024-11-13T19:40:55.824+0000] {processor.py:914} INFO - Processing file /home/airflow/.local/lib/python3.12/site-packages/airflow/example_dags/example_inlet_event_extra.py for tasks to queue
[2024-11-13T19:40:55.825+0000] {logging_mixin.py:190} INFO - [2024-11-13T19:40:55.825+0000] {dagbag.py:588} INFO - Filling up the DagBag from /home/airflow/.local/lib/python3.12/site-packages/airflow/example_dags/example_inlet_event_extra.py
[2024-11-13T19:40:56.216+0000] {processor.py:925} INFO - DAG(s) 'read_dataset_event_from_classic', 'read_dataset_event' retrieved from /home/airflow/.local/lib/python3.12/site-packages/airflow/example_dags/example_inlet_event_extra.py
[2024-11-13T19:40:56.231+0000] {logging_mixin.py:190} INFO - [2024-11-13T19:40:56.231+0000] {dag.py:3239} INFO - Sync 2 DAGs
[2024-11-13T19:40:56.248+0000] {logging_mixin.py:190} INFO - [2024-11-13T19:40:56.247+0000] {dag.py:4180} INFO - Setting next_dagrun for read_dataset_event to 2024-11-12 00:00:00+00:00, run_after=2024-11-13 00:00:00+00:00
[2024-11-13T19:40:56.251+0000] {logging_mixin.py:190} INFO - [2024-11-13T19:40:56.251+0000] {dag.py:4180} INFO - Setting next_dagrun for read_dataset_event_from_classic to 2024-11-12 00:00:00+00:00, run_after=2024-11-13 00:00:00+00:00
[2024-11-13T19:40:56.262+0000] {processor.py:208} INFO - Processing /home/airflow/.local/lib/python3.12/site-packages/airflow/example_dags/example_inlet_event_extra.py took 0.444 seconds
[2024-11-13T19:41:26.779+0000] {processor.py:186} INFO - Started process (PID=2344) to work on /home/airflow/.local/lib/python3.12/site-packages/airflow/example_dags/example_inlet_event_extra.py
[2024-11-13T19:41:26.781+0000] {processor.py:914} INFO - Processing file /home/airflow/.local/lib/python3.12/site-packages/airflow/example_dags/example_inlet_event_extra.py for tasks to queue
[2024-11-13T19:41:26.783+0000] {logging_mixin.py:190} INFO - [2024-11-13T19:41:26.782+0000] {dagbag.py:588} INFO - Filling up the DagBag from /home/airflow/.local/lib/python3.12/site-packages/airflow/example_dags/example_inlet_event_extra.py
[2024-11-13T19:41:27.153+0000] {processor.py:925} INFO - DAG(s) 'read_dataset_event', 'read_dataset_event_from_classic' retrieved from /home/airflow/.local/lib/python3.12/site-packages/airflow/example_dags/example_inlet_event_extra.py
[2024-11-13T19:41:27.168+0000] {logging_mixin.py:190} INFO - [2024-11-13T19:41:27.168+0000] {dag.py:3239} INFO - Sync 2 DAGs
[2024-11-13T19:41:27.187+0000] {logging_mixin.py:190} INFO - [2024-11-13T19:41:27.187+0000] {dag.py:4180} INFO - Setting next_dagrun for read_dataset_event to 2024-11-12 00:00:00+00:00, run_after=2024-11-13 00:00:00+00:00
[2024-11-13T19:41:27.191+0000] {logging_mixin.py:190} INFO - [2024-11-13T19:41:27.190+0000] {dag.py:4180} INFO - Setting next_dagrun for read_dataset_event_from_classic to 2024-11-12 00:00:00+00:00, run_after=2024-11-13 00:00:00+00:00
[2024-11-13T19:41:27.202+0000] {processor.py:208} INFO - Processing /home/airflow/.local/lib/python3.12/site-packages/airflow/example_dags/example_inlet_event_extra.py took 0.428 seconds
[2024-11-13T19:41:57.870+0000] {processor.py:186} INFO - Started process (PID=2407) to work on /home/airflow/.local/lib/python3.12/site-packages/airflow/example_dags/example_inlet_event_extra.py
[2024-11-13T19:41:57.871+0000] {processor.py:914} INFO - Processing file /home/airflow/.local/lib/python3.12/site-packages/airflow/example_dags/example_inlet_event_extra.py for tasks to queue
[2024-11-13T19:41:57.872+0000] {logging_mixin.py:190} INFO - [2024-11-13T19:41:57.872+0000] {dagbag.py:588} INFO - Filling up the DagBag from /home/airflow/.local/lib/python3.12/site-packages/airflow/example_dags/example_inlet_event_extra.py
[2024-11-13T19:41:58.252+0000] {processor.py:925} INFO - DAG(s) 'read_dataset_event', 'read_dataset_event_from_classic' retrieved from /home/airflow/.local/lib/python3.12/site-packages/airflow/example_dags/example_inlet_event_extra.py
[2024-11-13T19:41:58.268+0000] {logging_mixin.py:190} INFO - [2024-11-13T19:41:58.268+0000] {dag.py:3239} INFO - Sync 2 DAGs
[2024-11-13T19:41:58.285+0000] {logging_mixin.py:190} INFO - [2024-11-13T19:41:58.284+0000] {dag.py:4180} INFO - Setting next_dagrun for read_dataset_event to 2024-11-12 00:00:00+00:00, run_after=2024-11-13 00:00:00+00:00
[2024-11-13T19:41:58.288+0000] {logging_mixin.py:190} INFO - [2024-11-13T19:41:58.288+0000] {dag.py:4180} INFO - Setting next_dagrun for read_dataset_event_from_classic to 2024-11-12 00:00:00+00:00, run_after=2024-11-13 00:00:00+00:00
[2024-11-13T19:41:58.301+0000] {processor.py:208} INFO - Processing /home/airflow/.local/lib/python3.12/site-packages/airflow/example_dags/example_inlet_event_extra.py took 0.435 seconds
[2024-11-13T19:42:29.788+0000] {processor.py:186} INFO - Started process (PID=2472) to work on /home/airflow/.local/lib/python3.12/site-packages/airflow/example_dags/example_inlet_event_extra.py
[2024-11-13T19:42:29.789+0000] {processor.py:914} INFO - Processing file /home/airflow/.local/lib/python3.12/site-packages/airflow/example_dags/example_inlet_event_extra.py for tasks to queue
[2024-11-13T19:42:29.791+0000] {logging_mixin.py:190} INFO - [2024-11-13T19:42:29.791+0000] {dagbag.py:588} INFO - Filling up the DagBag from /home/airflow/.local/lib/python3.12/site-packages/airflow/example_dags/example_inlet_event_extra.py
[2024-11-13T19:42:30.176+0000] {processor.py:925} INFO - DAG(s) 'read_dataset_event_from_classic', 'read_dataset_event' retrieved from /home/airflow/.local/lib/python3.12/site-packages/airflow/example_dags/example_inlet_event_extra.py
[2024-11-13T19:42:30.192+0000] {logging_mixin.py:190} INFO - [2024-11-13T19:42:30.192+0000] {dag.py:3239} INFO - Sync 2 DAGs
[2024-11-13T19:42:30.209+0000] {logging_mixin.py:190} INFO - [2024-11-13T19:42:30.209+0000] {dag.py:4180} INFO - Setting next_dagrun for read_dataset_event to 2024-11-12 00:00:00+00:00, run_after=2024-11-13 00:00:00+00:00
[2024-11-13T19:42:30.212+0000] {logging_mixin.py:190} INFO - [2024-11-13T19:42:30.212+0000] {dag.py:4180} INFO - Setting next_dagrun for read_dataset_event_from_classic to 2024-11-12 00:00:00+00:00, run_after=2024-11-13 00:00:00+00:00
[2024-11-13T19:42:30.225+0000] {processor.py:208} INFO - Processing /home/airflow/.local/lib/python3.12/site-packages/airflow/example_dags/example_inlet_event_extra.py took 0.441 seconds
[2024-11-13T19:43:00.537+0000] {processor.py:186} INFO - Started process (PID=2545) to work on /home/airflow/.local/lib/python3.12/site-packages/airflow/example_dags/example_inlet_event_extra.py
[2024-11-13T19:43:00.538+0000] {processor.py:914} INFO - Processing file /home/airflow/.local/lib/python3.12/site-packages/airflow/example_dags/example_inlet_event_extra.py for tasks to queue
[2024-11-13T19:43:00.540+0000] {logging_mixin.py:190} INFO - [2024-11-13T19:43:00.539+0000] {dagbag.py:588} INFO - Filling up the DagBag from /home/airflow/.local/lib/python3.12/site-packages/airflow/example_dags/example_inlet_event_extra.py
[2024-11-13T19:43:00.920+0000] {processor.py:925} INFO - DAG(s) 'read_dataset_event', 'read_dataset_event_from_classic' retrieved from /home/airflow/.local/lib/python3.12/site-packages/airflow/example_dags/example_inlet_event_extra.py
[2024-11-13T19:43:00.935+0000] {logging_mixin.py:190} INFO - [2024-11-13T19:43:00.935+0000] {dag.py:3239} INFO - Sync 2 DAGs
[2024-11-13T19:43:00.952+0000] {logging_mixin.py:190} INFO - [2024-11-13T19:43:00.951+0000] {dag.py:4180} INFO - Setting next_dagrun for read_dataset_event to 2024-11-12 00:00:00+00:00, run_after=2024-11-13 00:00:00+00:00
[2024-11-13T19:43:00.955+0000] {logging_mixin.py:190} INFO - [2024-11-13T19:43:00.955+0000] {dag.py:4180} INFO - Setting next_dagrun for read_dataset_event_from_classic to 2024-11-12 00:00:00+00:00, run_after=2024-11-13 00:00:00+00:00
[2024-11-13T19:43:00.966+0000] {processor.py:208} INFO - Processing /home/airflow/.local/lib/python3.12/site-packages/airflow/example_dags/example_inlet_event_extra.py took 0.433 seconds
[2024-11-13T19:43:31.510+0000] {processor.py:186} INFO - Started process (PID=2612) to work on /home/airflow/.local/lib/python3.12/site-packages/airflow/example_dags/example_inlet_event_extra.py
[2024-11-13T19:43:31.511+0000] {processor.py:914} INFO - Processing file /home/airflow/.local/lib/python3.12/site-packages/airflow/example_dags/example_inlet_event_extra.py for tasks to queue
[2024-11-13T19:43:31.513+0000] {logging_mixin.py:190} INFO - [2024-11-13T19:43:31.512+0000] {dagbag.py:588} INFO - Filling up the DagBag from /home/airflow/.local/lib/python3.12/site-packages/airflow/example_dags/example_inlet_event_extra.py
[2024-11-13T19:43:31.901+0000] {processor.py:925} INFO - DAG(s) 'read_dataset_event_from_classic', 'read_dataset_event' retrieved from /home/airflow/.local/lib/python3.12/site-packages/airflow/example_dags/example_inlet_event_extra.py
[2024-11-13T19:43:31.916+0000] {logging_mixin.py:190} INFO - [2024-11-13T19:43:31.916+0000] {dag.py:3239} INFO - Sync 2 DAGs
[2024-11-13T19:43:31.933+0000] {logging_mixin.py:190} INFO - [2024-11-13T19:43:31.932+0000] {dag.py:4180} INFO - Setting next_dagrun for read_dataset_event to 2024-11-12 00:00:00+00:00, run_after=2024-11-13 00:00:00+00:00
[2024-11-13T19:43:31.936+0000] {logging_mixin.py:190} INFO - [2024-11-13T19:43:31.935+0000] {dag.py:4180} INFO - Setting next_dagrun for read_dataset_event_from_classic to 2024-11-12 00:00:00+00:00, run_after=2024-11-13 00:00:00+00:00
[2024-11-13T19:43:31.947+0000] {processor.py:208} INFO - Processing /home/airflow/.local/lib/python3.12/site-packages/airflow/example_dags/example_inlet_event_extra.py took 0.441 seconds
[2024-11-13T19:44:02.244+0000] {processor.py:186} INFO - Started process (PID=2675) to work on /home/airflow/.local/lib/python3.12/site-packages/airflow/example_dags/example_inlet_event_extra.py
[2024-11-13T19:44:02.245+0000] {processor.py:914} INFO - Processing file /home/airflow/.local/lib/python3.12/site-packages/airflow/example_dags/example_inlet_event_extra.py for tasks to queue
[2024-11-13T19:44:02.247+0000] {logging_mixin.py:190} INFO - [2024-11-13T19:44:02.247+0000] {dagbag.py:588} INFO - Filling up the DagBag from /home/airflow/.local/lib/python3.12/site-packages/airflow/example_dags/example_inlet_event_extra.py
[2024-11-13T19:44:02.612+0000] {processor.py:925} INFO - DAG(s) 'read_dataset_event_from_classic', 'read_dataset_event' retrieved from /home/airflow/.local/lib/python3.12/site-packages/airflow/example_dags/example_inlet_event_extra.py
[2024-11-13T19:44:02.629+0000] {logging_mixin.py:190} INFO - [2024-11-13T19:44:02.629+0000] {dag.py:3239} INFO - Sync 2 DAGs
[2024-11-13T19:44:02.647+0000] {logging_mixin.py:190} INFO - [2024-11-13T19:44:02.646+0000] {dag.py:4180} INFO - Setting next_dagrun for read_dataset_event to 2024-11-12 00:00:00+00:00, run_after=2024-11-13 00:00:00+00:00
[2024-11-13T19:44:02.650+0000] {logging_mixin.py:190} INFO - [2024-11-13T19:44:02.650+0000] {dag.py:4180} INFO - Setting next_dagrun for read_dataset_event_from_classic to 2024-11-12 00:00:00+00:00, run_after=2024-11-13 00:00:00+00:00
[2024-11-13T19:44:02.660+0000] {processor.py:208} INFO - Processing /home/airflow/.local/lib/python3.12/site-packages/airflow/example_dags/example_inlet_event_extra.py took 0.421 seconds
[2024-11-13T19:44:33.231+0000] {processor.py:186} INFO - Started process (PID=2738) to work on /home/airflow/.local/lib/python3.12/site-packages/airflow/example_dags/example_inlet_event_extra.py
[2024-11-13T19:44:33.232+0000] {processor.py:914} INFO - Processing file /home/airflow/.local/lib/python3.12/site-packages/airflow/example_dags/example_inlet_event_extra.py for tasks to queue
[2024-11-13T19:44:33.234+0000] {logging_mixin.py:190} INFO - [2024-11-13T19:44:33.234+0000] {dagbag.py:588} INFO - Filling up the DagBag from /home/airflow/.local/lib/python3.12/site-packages/airflow/example_dags/example_inlet_event_extra.py
[2024-11-13T19:44:33.618+0000] {processor.py:925} INFO - DAG(s) 'read_dataset_event_from_classic', 'read_dataset_event' retrieved from /home/airflow/.local/lib/python3.12/site-packages/airflow/example_dags/example_inlet_event_extra.py
[2024-11-13T19:44:33.634+0000] {logging_mixin.py:190} INFO - [2024-11-13T19:44:33.633+0000] {dag.py:3239} INFO - Sync 2 DAGs
[2024-11-13T19:44:33.652+0000] {logging_mixin.py:190} INFO - [2024-11-13T19:44:33.652+0000] {dag.py:4180} INFO - Setting next_dagrun for read_dataset_event to 2024-11-12 00:00:00+00:00, run_after=2024-11-13 00:00:00+00:00
[2024-11-13T19:44:33.655+0000] {logging_mixin.py:190} INFO - [2024-11-13T19:44:33.655+0000] {dag.py:4180} INFO - Setting next_dagrun for read_dataset_event_from_classic to 2024-11-12 00:00:00+00:00, run_after=2024-11-13 00:00:00+00:00
[2024-11-13T19:44:33.737+0000] {processor.py:208} INFO - Processing /home/airflow/.local/lib/python3.12/site-packages/airflow/example_dags/example_inlet_event_extra.py took 0.510 seconds
[2024-11-13T19:45:03.942+0000] {processor.py:186} INFO - Started process (PID=2801) to work on /home/airflow/.local/lib/python3.12/site-packages/airflow/example_dags/example_inlet_event_extra.py
[2024-11-13T19:45:03.968+0000] {processor.py:914} INFO - Processing file /home/airflow/.local/lib/python3.12/site-packages/airflow/example_dags/example_inlet_event_extra.py for tasks to queue
[2024-11-13T19:45:03.970+0000] {logging_mixin.py:190} INFO - [2024-11-13T19:45:03.970+0000] {dagbag.py:588} INFO - Filling up the DagBag from /home/airflow/.local/lib/python3.12/site-packages/airflow/example_dags/example_inlet_event_extra.py
[2024-11-13T19:45:04.345+0000] {processor.py:925} INFO - DAG(s) 'read_dataset_event_from_classic', 'read_dataset_event' retrieved from /home/airflow/.local/lib/python3.12/site-packages/airflow/example_dags/example_inlet_event_extra.py
[2024-11-13T19:45:04.361+0000] {logging_mixin.py:190} INFO - [2024-11-13T19:45:04.361+0000] {dag.py:3239} INFO - Sync 2 DAGs
[2024-11-13T19:45:04.378+0000] {logging_mixin.py:190} INFO - [2024-11-13T19:45:04.378+0000] {dag.py:4180} INFO - Setting next_dagrun for read_dataset_event to 2024-11-12 00:00:00+00:00, run_after=2024-11-13 00:00:00+00:00
[2024-11-13T19:45:04.382+0000] {logging_mixin.py:190} INFO - [2024-11-13T19:45:04.381+0000] {dag.py:4180} INFO - Setting next_dagrun for read_dataset_event_from_classic to 2024-11-12 00:00:00+00:00, run_after=2024-11-13 00:00:00+00:00
[2024-11-13T19:45:04.426+0000] {processor.py:208} INFO - Processing /home/airflow/.local/lib/python3.12/site-packages/airflow/example_dags/example_inlet_event_extra.py took 0.489 seconds
[2024-11-13T19:45:35.217+0000] {processor.py:186} INFO - Started process (PID=2864) to work on /home/airflow/.local/lib/python3.12/site-packages/airflow/example_dags/example_inlet_event_extra.py
[2024-11-13T19:45:35.218+0000] {processor.py:914} INFO - Processing file /home/airflow/.local/lib/python3.12/site-packages/airflow/example_dags/example_inlet_event_extra.py for tasks to queue
[2024-11-13T19:45:35.220+0000] {logging_mixin.py:190} INFO - [2024-11-13T19:45:35.220+0000] {dagbag.py:588} INFO - Filling up the DagBag from /home/airflow/.local/lib/python3.12/site-packages/airflow/example_dags/example_inlet_event_extra.py
[2024-11-13T19:45:35.595+0000] {processor.py:925} INFO - DAG(s) 'read_dataset_event', 'read_dataset_event_from_classic' retrieved from /home/airflow/.local/lib/python3.12/site-packages/airflow/example_dags/example_inlet_event_extra.py
[2024-11-13T19:45:35.611+0000] {logging_mixin.py:190} INFO - [2024-11-13T19:45:35.610+0000] {dag.py:3239} INFO - Sync 2 DAGs
[2024-11-13T19:45:35.627+0000] {logging_mixin.py:190} INFO - [2024-11-13T19:45:35.627+0000] {dag.py:4180} INFO - Setting next_dagrun for read_dataset_event to 2024-11-12 00:00:00+00:00, run_after=2024-11-13 00:00:00+00:00
[2024-11-13T19:45:35.630+0000] {logging_mixin.py:190} INFO - [2024-11-13T19:45:35.630+0000] {dag.py:4180} INFO - Setting next_dagrun for read_dataset_event_from_classic to 2024-11-12 00:00:00+00:00, run_after=2024-11-13 00:00:00+00:00
[2024-11-13T19:45:35.675+0000] {processor.py:208} INFO - Processing /home/airflow/.local/lib/python3.12/site-packages/airflow/example_dags/example_inlet_event_extra.py took 0.462 seconds
[2024-11-13T19:46:06.102+0000] {processor.py:186} INFO - Started process (PID=2928) to work on /home/airflow/.local/lib/python3.12/site-packages/airflow/example_dags/example_inlet_event_extra.py
[2024-11-13T19:46:06.129+0000] {processor.py:914} INFO - Processing file /home/airflow/.local/lib/python3.12/site-packages/airflow/example_dags/example_inlet_event_extra.py for tasks to queue
[2024-11-13T19:46:06.131+0000] {logging_mixin.py:190} INFO - [2024-11-13T19:46:06.131+0000] {dagbag.py:588} INFO - Filling up the DagBag from /home/airflow/.local/lib/python3.12/site-packages/airflow/example_dags/example_inlet_event_extra.py
[2024-11-13T19:46:06.506+0000] {processor.py:925} INFO - DAG(s) 'read_dataset_event_from_classic', 'read_dataset_event' retrieved from /home/airflow/.local/lib/python3.12/site-packages/airflow/example_dags/example_inlet_event_extra.py
[2024-11-13T19:46:06.521+0000] {logging_mixin.py:190} INFO - [2024-11-13T19:46:06.521+0000] {dag.py:3239} INFO - Sync 2 DAGs
[2024-11-13T19:46:06.538+0000] {logging_mixin.py:190} INFO - [2024-11-13T19:46:06.538+0000] {dag.py:4180} INFO - Setting next_dagrun for read_dataset_event to 2024-11-12 00:00:00+00:00, run_after=2024-11-13 00:00:00+00:00
[2024-11-13T19:46:06.541+0000] {logging_mixin.py:190} INFO - [2024-11-13T19:46:06.541+0000] {dag.py:4180} INFO - Setting next_dagrun for read_dataset_event_from_classic to 2024-11-12 00:00:00+00:00, run_after=2024-11-13 00:00:00+00:00
[2024-11-13T19:46:06.554+0000] {processor.py:208} INFO - Processing /home/airflow/.local/lib/python3.12/site-packages/airflow/example_dags/example_inlet_event_extra.py took 0.456 seconds
[2024-11-13T19:46:37.282+0000] {processor.py:186} INFO - Started process (PID=2991) to work on /home/airflow/.local/lib/python3.12/site-packages/airflow/example_dags/example_inlet_event_extra.py
[2024-11-13T19:46:37.283+0000] {processor.py:914} INFO - Processing file /home/airflow/.local/lib/python3.12/site-packages/airflow/example_dags/example_inlet_event_extra.py for tasks to queue
[2024-11-13T19:46:37.285+0000] {logging_mixin.py:190} INFO - [2024-11-13T19:46:37.284+0000] {dagbag.py:588} INFO - Filling up the DagBag from /home/airflow/.local/lib/python3.12/site-packages/airflow/example_dags/example_inlet_event_extra.py
[2024-11-13T19:46:37.650+0000] {processor.py:925} INFO - DAG(s) 'read_dataset_event_from_classic', 'read_dataset_event' retrieved from /home/airflow/.local/lib/python3.12/site-packages/airflow/example_dags/example_inlet_event_extra.py
[2024-11-13T19:46:37.666+0000] {logging_mixin.py:190} INFO - [2024-11-13T19:46:37.666+0000] {dag.py:3239} INFO - Sync 2 DAGs
[2024-11-13T19:46:37.685+0000] {logging_mixin.py:190} INFO - [2024-11-13T19:46:37.685+0000] {dag.py:4180} INFO - Setting next_dagrun for read_dataset_event to 2024-11-12 00:00:00+00:00, run_after=2024-11-13 00:00:00+00:00
[2024-11-13T19:46:37.689+0000] {logging_mixin.py:190} INFO - [2024-11-13T19:46:37.688+0000] {dag.py:4180} INFO - Setting next_dagrun for read_dataset_event_from_classic to 2024-11-12 00:00:00+00:00, run_after=2024-11-13 00:00:00+00:00
[2024-11-13T19:46:37.733+0000] {processor.py:208} INFO - Processing /home/airflow/.local/lib/python3.12/site-packages/airflow/example_dags/example_inlet_event_extra.py took 0.455 seconds
[2024-11-13T19:47:07.818+0000] {processor.py:186} INFO - Started process (PID=3054) to work on /home/airflow/.local/lib/python3.12/site-packages/airflow/example_dags/example_inlet_event_extra.py
[2024-11-13T19:47:07.844+0000] {processor.py:914} INFO - Processing file /home/airflow/.local/lib/python3.12/site-packages/airflow/example_dags/example_inlet_event_extra.py for tasks to queue
[2024-11-13T19:47:07.846+0000] {logging_mixin.py:190} INFO - [2024-11-13T19:47:07.846+0000] {dagbag.py:588} INFO - Filling up the DagBag from /home/airflow/.local/lib/python3.12/site-packages/airflow/example_dags/example_inlet_event_extra.py
[2024-11-13T19:47:08.221+0000] {processor.py:925} INFO - DAG(s) 'read_dataset_event', 'read_dataset_event_from_classic' retrieved from /home/airflow/.local/lib/python3.12/site-packages/airflow/example_dags/example_inlet_event_extra.py
[2024-11-13T19:47:08.236+0000] {logging_mixin.py:190} INFO - [2024-11-13T19:47:08.235+0000] {dag.py:3239} INFO - Sync 2 DAGs
[2024-11-13T19:47:08.255+0000] {logging_mixin.py:190} INFO - [2024-11-13T19:47:08.255+0000] {dag.py:4180} INFO - Setting next_dagrun for read_dataset_event to 2024-11-12 00:00:00+00:00, run_after=2024-11-13 00:00:00+00:00
[2024-11-13T19:47:08.259+0000] {logging_mixin.py:190} INFO - [2024-11-13T19:47:08.259+0000] {dag.py:4180} INFO - Setting next_dagrun for read_dataset_event_from_classic to 2024-11-12 00:00:00+00:00, run_after=2024-11-13 00:00:00+00:00
[2024-11-13T19:47:08.273+0000] {processor.py:208} INFO - Processing /home/airflow/.local/lib/python3.12/site-packages/airflow/example_dags/example_inlet_event_extra.py took 0.460 seconds
[2024-11-13T19:47:39.124+0000] {processor.py:186} INFO - Started process (PID=3117) to work on /home/airflow/.local/lib/python3.12/site-packages/airflow/example_dags/example_inlet_event_extra.py
[2024-11-13T19:47:39.151+0000] {processor.py:914} INFO - Processing file /home/airflow/.local/lib/python3.12/site-packages/airflow/example_dags/example_inlet_event_extra.py for tasks to queue
[2024-11-13T19:47:39.153+0000] {logging_mixin.py:190} INFO - [2024-11-13T19:47:39.153+0000] {dagbag.py:588} INFO - Filling up the DagBag from /home/airflow/.local/lib/python3.12/site-packages/airflow/example_dags/example_inlet_event_extra.py
[2024-11-13T19:47:39.525+0000] {processor.py:925} INFO - DAG(s) 'read_dataset_event', 'read_dataset_event_from_classic' retrieved from /home/airflow/.local/lib/python3.12/site-packages/airflow/example_dags/example_inlet_event_extra.py
[2024-11-13T19:47:39.541+0000] {logging_mixin.py:190} INFO - [2024-11-13T19:47:39.541+0000] {dag.py:3239} INFO - Sync 2 DAGs
[2024-11-13T19:47:39.559+0000] {logging_mixin.py:190} INFO - [2024-11-13T19:47:39.559+0000] {dag.py:4180} INFO - Setting next_dagrun for read_dataset_event to 2024-11-12 00:00:00+00:00, run_after=2024-11-13 00:00:00+00:00
[2024-11-13T19:47:39.562+0000] {logging_mixin.py:190} INFO - [2024-11-13T19:47:39.562+0000] {dag.py:4180} INFO - Setting next_dagrun for read_dataset_event_from_classic to 2024-11-12 00:00:00+00:00, run_after=2024-11-13 00:00:00+00:00
[2024-11-13T19:47:39.576+0000] {processor.py:208} INFO - Processing /home/airflow/.local/lib/python3.12/site-packages/airflow/example_dags/example_inlet_event_extra.py took 0.457 seconds
[2024-11-13T19:48:09.637+0000] {processor.py:186} INFO - Started process (PID=3180) to work on /home/airflow/.local/lib/python3.12/site-packages/airflow/example_dags/example_inlet_event_extra.py
[2024-11-13T19:48:09.663+0000] {processor.py:914} INFO - Processing file /home/airflow/.local/lib/python3.12/site-packages/airflow/example_dags/example_inlet_event_extra.py for tasks to queue
[2024-11-13T19:48:09.665+0000] {logging_mixin.py:190} INFO - [2024-11-13T19:48:09.664+0000] {dagbag.py:588} INFO - Filling up the DagBag from /home/airflow/.local/lib/python3.12/site-packages/airflow/example_dags/example_inlet_event_extra.py
[2024-11-13T19:48:09.924+0000] {processor.py:925} INFO - DAG(s) 'read_dataset_event', 'read_dataset_event_from_classic' retrieved from /home/airflow/.local/lib/python3.12/site-packages/airflow/example_dags/example_inlet_event_extra.py
[2024-11-13T19:48:09.942+0000] {logging_mixin.py:190} INFO - [2024-11-13T19:48:09.941+0000] {dag.py:3239} INFO - Sync 2 DAGs
[2024-11-13T19:48:09.960+0000] {logging_mixin.py:190} INFO - [2024-11-13T19:48:09.960+0000] {dag.py:4180} INFO - Setting next_dagrun for read_dataset_event to 2024-11-12 00:00:00+00:00, run_after=2024-11-13 00:00:00+00:00
[2024-11-13T19:48:09.964+0000] {logging_mixin.py:190} INFO - [2024-11-13T19:48:09.963+0000] {dag.py:4180} INFO - Setting next_dagrun for read_dataset_event_from_classic to 2024-11-12 00:00:00+00:00, run_after=2024-11-13 00:00:00+00:00
[2024-11-13T19:48:09.975+0000] {processor.py:208} INFO - Processing /home/airflow/.local/lib/python3.12/site-packages/airflow/example_dags/example_inlet_event_extra.py took 0.342 seconds
[2024-11-13T19:48:40.725+0000] {processor.py:186} INFO - Started process (PID=3243) to work on /home/airflow/.local/lib/python3.12/site-packages/airflow/example_dags/example_inlet_event_extra.py
[2024-11-13T19:48:40.726+0000] {processor.py:914} INFO - Processing file /home/airflow/.local/lib/python3.12/site-packages/airflow/example_dags/example_inlet_event_extra.py for tasks to queue
[2024-11-13T19:48:40.727+0000] {logging_mixin.py:190} INFO - [2024-11-13T19:48:40.727+0000] {dagbag.py:588} INFO - Filling up the DagBag from /home/airflow/.local/lib/python3.12/site-packages/airflow/example_dags/example_inlet_event_extra.py
[2024-11-13T19:48:40.964+0000] {processor.py:925} INFO - DAG(s) 'read_dataset_event', 'read_dataset_event_from_classic' retrieved from /home/airflow/.local/lib/python3.12/site-packages/airflow/example_dags/example_inlet_event_extra.py
[2024-11-13T19:48:40.983+0000] {logging_mixin.py:190} INFO - [2024-11-13T19:48:40.982+0000] {dag.py:3239} INFO - Sync 2 DAGs
[2024-11-13T19:48:41.002+0000] {logging_mixin.py:190} INFO - [2024-11-13T19:48:41.002+0000] {dag.py:4180} INFO - Setting next_dagrun for read_dataset_event to 2024-11-12 00:00:00+00:00, run_after=2024-11-13 00:00:00+00:00
[2024-11-13T19:48:41.006+0000] {logging_mixin.py:190} INFO - [2024-11-13T19:48:41.006+0000] {dag.py:4180} INFO - Setting next_dagrun for read_dataset_event_from_classic to 2024-11-12 00:00:00+00:00, run_after=2024-11-13 00:00:00+00:00
[2024-11-13T19:48:41.019+0000] {processor.py:208} INFO - Processing /home/airflow/.local/lib/python3.12/site-packages/airflow/example_dags/example_inlet_event_extra.py took 0.299 seconds
[2024-11-13T19:49:11.645+0000] {processor.py:186} INFO - Started process (PID=3306) to work on /home/airflow/.local/lib/python3.12/site-packages/airflow/example_dags/example_inlet_event_extra.py
[2024-11-13T19:49:11.692+0000] {processor.py:914} INFO - Processing file /home/airflow/.local/lib/python3.12/site-packages/airflow/example_dags/example_inlet_event_extra.py for tasks to queue
[2024-11-13T19:49:11.694+0000] {logging_mixin.py:190} INFO - [2024-11-13T19:49:11.694+0000] {dagbag.py:588} INFO - Filling up the DagBag from /home/airflow/.local/lib/python3.12/site-packages/airflow/example_dags/example_inlet_event_extra.py
[2024-11-13T19:49:11.935+0000] {processor.py:925} INFO - DAG(s) 'read_dataset_event', 'read_dataset_event_from_classic' retrieved from /home/airflow/.local/lib/python3.12/site-packages/airflow/example_dags/example_inlet_event_extra.py
[2024-11-13T19:49:11.953+0000] {logging_mixin.py:190} INFO - [2024-11-13T19:49:11.953+0000] {dag.py:3239} INFO - Sync 2 DAGs
[2024-11-13T19:49:11.972+0000] {logging_mixin.py:190} INFO - [2024-11-13T19:49:11.972+0000] {dag.py:4180} INFO - Setting next_dagrun for read_dataset_event to 2024-11-12 00:00:00+00:00, run_after=2024-11-13 00:00:00+00:00
[2024-11-13T19:49:11.975+0000] {logging_mixin.py:190} INFO - [2024-11-13T19:49:11.975+0000] {dag.py:4180} INFO - Setting next_dagrun for read_dataset_event_from_classic to 2024-11-12 00:00:00+00:00, run_after=2024-11-13 00:00:00+00:00
[2024-11-13T19:49:11.990+0000] {processor.py:208} INFO - Processing /home/airflow/.local/lib/python3.12/site-packages/airflow/example_dags/example_inlet_event_extra.py took 0.350 seconds
[2024-11-13T19:49:42.579+0000] {processor.py:186} INFO - Started process (PID=3369) to work on /home/airflow/.local/lib/python3.12/site-packages/airflow/example_dags/example_inlet_event_extra.py
[2024-11-13T19:49:42.580+0000] {processor.py:914} INFO - Processing file /home/airflow/.local/lib/python3.12/site-packages/airflow/example_dags/example_inlet_event_extra.py for tasks to queue
[2024-11-13T19:49:42.582+0000] {logging_mixin.py:190} INFO - [2024-11-13T19:49:42.582+0000] {dagbag.py:588} INFO - Filling up the DagBag from /home/airflow/.local/lib/python3.12/site-packages/airflow/example_dags/example_inlet_event_extra.py
[2024-11-13T19:49:42.826+0000] {processor.py:925} INFO - DAG(s) 'read_dataset_event', 'read_dataset_event_from_classic' retrieved from /home/airflow/.local/lib/python3.12/site-packages/airflow/example_dags/example_inlet_event_extra.py
[2024-11-13T19:49:42.842+0000] {logging_mixin.py:190} INFO - [2024-11-13T19:49:42.842+0000] {dag.py:3239} INFO - Sync 2 DAGs
[2024-11-13T19:49:42.860+0000] {logging_mixin.py:190} INFO - [2024-11-13T19:49:42.860+0000] {dag.py:4180} INFO - Setting next_dagrun for read_dataset_event to 2024-11-12 00:00:00+00:00, run_after=2024-11-13 00:00:00+00:00
[2024-11-13T19:49:42.863+0000] {logging_mixin.py:190} INFO - [2024-11-13T19:49:42.863+0000] {dag.py:4180} INFO - Setting next_dagrun for read_dataset_event_from_classic to 2024-11-12 00:00:00+00:00, run_after=2024-11-13 00:00:00+00:00
[2024-11-13T19:49:42.889+0000] {processor.py:208} INFO - Processing /home/airflow/.local/lib/python3.12/site-packages/airflow/example_dags/example_inlet_event_extra.py took 0.314 seconds
[2024-11-13T19:50:13.562+0000] {processor.py:186} INFO - Started process (PID=3432) to work on /home/airflow/.local/lib/python3.12/site-packages/airflow/example_dags/example_inlet_event_extra.py
[2024-11-13T19:50:13.589+0000] {processor.py:914} INFO - Processing file /home/airflow/.local/lib/python3.12/site-packages/airflow/example_dags/example_inlet_event_extra.py for tasks to queue
[2024-11-13T19:50:13.591+0000] {logging_mixin.py:190} INFO - [2024-11-13T19:50:13.590+0000] {dagbag.py:588} INFO - Filling up the DagBag from /home/airflow/.local/lib/python3.12/site-packages/airflow/example_dags/example_inlet_event_extra.py
[2024-11-13T19:50:13.854+0000] {processor.py:925} INFO - DAG(s) 'read_dataset_event_from_classic', 'read_dataset_event' retrieved from /home/airflow/.local/lib/python3.12/site-packages/airflow/example_dags/example_inlet_event_extra.py
[2024-11-13T19:50:13.911+0000] {logging_mixin.py:190} INFO - [2024-11-13T19:50:13.910+0000] {dag.py:3239} INFO - Sync 2 DAGs
[2024-11-13T19:50:13.929+0000] {logging_mixin.py:190} INFO - [2024-11-13T19:50:13.928+0000] {dag.py:4180} INFO - Setting next_dagrun for read_dataset_event to 2024-11-12 00:00:00+00:00, run_after=2024-11-13 00:00:00+00:00
[2024-11-13T19:50:13.932+0000] {logging_mixin.py:190} INFO - [2024-11-13T19:50:13.932+0000] {dag.py:4180} INFO - Setting next_dagrun for read_dataset_event_from_classic to 2024-11-12 00:00:00+00:00, run_after=2024-11-13 00:00:00+00:00
[2024-11-13T19:50:13.946+0000] {processor.py:208} INFO - Processing /home/airflow/.local/lib/python3.12/site-packages/airflow/example_dags/example_inlet_event_extra.py took 0.388 seconds
[2024-11-13T19:50:44.197+0000] {processor.py:186} INFO - Started process (PID=3495) to work on /home/airflow/.local/lib/python3.12/site-packages/airflow/example_dags/example_inlet_event_extra.py
[2024-11-13T19:50:44.200+0000] {processor.py:914} INFO - Processing file /home/airflow/.local/lib/python3.12/site-packages/airflow/example_dags/example_inlet_event_extra.py for tasks to queue
[2024-11-13T19:50:44.201+0000] {logging_mixin.py:190} INFO - [2024-11-13T19:50:44.201+0000] {dagbag.py:588} INFO - Filling up the DagBag from /home/airflow/.local/lib/python3.12/site-packages/airflow/example_dags/example_inlet_event_extra.py
[2024-11-13T19:50:44.441+0000] {processor.py:925} INFO - DAG(s) 'read_dataset_event', 'read_dataset_event_from_classic' retrieved from /home/airflow/.local/lib/python3.12/site-packages/airflow/example_dags/example_inlet_event_extra.py
[2024-11-13T19:50:44.460+0000] {logging_mixin.py:190} INFO - [2024-11-13T19:50:44.460+0000] {dag.py:3239} INFO - Sync 2 DAGs
[2024-11-13T19:50:44.480+0000] {logging_mixin.py:190} INFO - [2024-11-13T19:50:44.479+0000] {dag.py:4180} INFO - Setting next_dagrun for read_dataset_event to 2024-11-12 00:00:00+00:00, run_after=2024-11-13 00:00:00+00:00
[2024-11-13T19:50:44.483+0000] {logging_mixin.py:190} INFO - [2024-11-13T19:50:44.483+0000] {dag.py:4180} INFO - Setting next_dagrun for read_dataset_event_from_classic to 2024-11-12 00:00:00+00:00, run_after=2024-11-13 00:00:00+00:00
[2024-11-13T19:50:44.533+0000] {processor.py:208} INFO - Processing /home/airflow/.local/lib/python3.12/site-packages/airflow/example_dags/example_inlet_event_extra.py took 0.340 seconds
[2024-11-13T19:51:15.088+0000] {processor.py:186} INFO - Started process (PID=3558) to work on /home/airflow/.local/lib/python3.12/site-packages/airflow/example_dags/example_inlet_event_extra.py
[2024-11-13T19:51:15.114+0000] {processor.py:914} INFO - Processing file /home/airflow/.local/lib/python3.12/site-packages/airflow/example_dags/example_inlet_event_extra.py for tasks to queue
[2024-11-13T19:51:15.116+0000] {logging_mixin.py:190} INFO - [2024-11-13T19:51:15.116+0000] {dagbag.py:588} INFO - Filling up the DagBag from /home/airflow/.local/lib/python3.12/site-packages/airflow/example_dags/example_inlet_event_extra.py
[2024-11-13T19:51:15.358+0000] {processor.py:925} INFO - DAG(s) 'read_dataset_event', 'read_dataset_event_from_classic' retrieved from /home/airflow/.local/lib/python3.12/site-packages/airflow/example_dags/example_inlet_event_extra.py
[2024-11-13T19:51:15.376+0000] {logging_mixin.py:190} INFO - [2024-11-13T19:51:15.376+0000] {dag.py:3239} INFO - Sync 2 DAGs
[2024-11-13T19:51:15.396+0000] {logging_mixin.py:190} INFO - [2024-11-13T19:51:15.395+0000] {dag.py:4180} INFO - Setting next_dagrun for read_dataset_event to 2024-11-12 00:00:00+00:00, run_after=2024-11-13 00:00:00+00:00
[2024-11-13T19:51:15.399+0000] {logging_mixin.py:190} INFO - [2024-11-13T19:51:15.399+0000] {dag.py:4180} INFO - Setting next_dagrun for read_dataset_event_from_classic to 2024-11-12 00:00:00+00:00, run_after=2024-11-13 00:00:00+00:00
[2024-11-13T19:51:15.411+0000] {processor.py:208} INFO - Processing /home/airflow/.local/lib/python3.12/site-packages/airflow/example_dags/example_inlet_event_extra.py took 0.328 seconds
[2024-11-13T19:51:45.657+0000] {processor.py:186} INFO - Started process (PID=3621) to work on /home/airflow/.local/lib/python3.12/site-packages/airflow/example_dags/example_inlet_event_extra.py
[2024-11-13T19:51:45.658+0000] {processor.py:914} INFO - Processing file /home/airflow/.local/lib/python3.12/site-packages/airflow/example_dags/example_inlet_event_extra.py for tasks to queue
[2024-11-13T19:51:45.660+0000] {logging_mixin.py:190} INFO - [2024-11-13T19:51:45.660+0000] {dagbag.py:588} INFO - Filling up the DagBag from /home/airflow/.local/lib/python3.12/site-packages/airflow/example_dags/example_inlet_event_extra.py
[2024-11-13T19:51:45.886+0000] {processor.py:925} INFO - DAG(s) 'read_dataset_event_from_classic', 'read_dataset_event' retrieved from /home/airflow/.local/lib/python3.12/site-packages/airflow/example_dags/example_inlet_event_extra.py
[2024-11-13T19:51:45.905+0000] {logging_mixin.py:190} INFO - [2024-11-13T19:51:45.905+0000] {dag.py:3239} INFO - Sync 2 DAGs
[2024-11-13T19:51:45.923+0000] {logging_mixin.py:190} INFO - [2024-11-13T19:51:45.923+0000] {dag.py:4180} INFO - Setting next_dagrun for read_dataset_event to 2024-11-12 00:00:00+00:00, run_after=2024-11-13 00:00:00+00:00
[2024-11-13T19:51:45.926+0000] {logging_mixin.py:190} INFO - [2024-11-13T19:51:45.926+0000] {dag.py:4180} INFO - Setting next_dagrun for read_dataset_event_from_classic to 2024-11-12 00:00:00+00:00, run_after=2024-11-13 00:00:00+00:00
[2024-11-13T19:51:45.972+0000] {processor.py:208} INFO - Processing /home/airflow/.local/lib/python3.12/site-packages/airflow/example_dags/example_inlet_event_extra.py took 0.319 seconds
[2024-11-13T19:52:16.608+0000] {processor.py:186} INFO - Started process (PID=3684) to work on /home/airflow/.local/lib/python3.12/site-packages/airflow/example_dags/example_inlet_event_extra.py
[2024-11-13T19:52:16.608+0000] {processor.py:914} INFO - Processing file /home/airflow/.local/lib/python3.12/site-packages/airflow/example_dags/example_inlet_event_extra.py for tasks to queue
[2024-11-13T19:52:16.610+0000] {logging_mixin.py:190} INFO - [2024-11-13T19:52:16.610+0000] {dagbag.py:588} INFO - Filling up the DagBag from /home/airflow/.local/lib/python3.12/site-packages/airflow/example_dags/example_inlet_event_extra.py
[2024-11-13T19:52:16.835+0000] {processor.py:925} INFO - DAG(s) 'read_dataset_event_from_classic', 'read_dataset_event' retrieved from /home/airflow/.local/lib/python3.12/site-packages/airflow/example_dags/example_inlet_event_extra.py
[2024-11-13T19:52:16.851+0000] {logging_mixin.py:190} INFO - [2024-11-13T19:52:16.851+0000] {dag.py:3239} INFO - Sync 2 DAGs
[2024-11-13T19:52:16.870+0000] {logging_mixin.py:190} INFO - [2024-11-13T19:52:16.870+0000] {dag.py:4180} INFO - Setting next_dagrun for read_dataset_event to 2024-11-12 00:00:00+00:00, run_after=2024-11-13 00:00:00+00:00
[2024-11-13T19:52:16.873+0000] {logging_mixin.py:190} INFO - [2024-11-13T19:52:16.873+0000] {dag.py:4180} INFO - Setting next_dagrun for read_dataset_event_from_classic to 2024-11-12 00:00:00+00:00, run_after=2024-11-13 00:00:00+00:00
[2024-11-13T19:52:16.917+0000] {processor.py:208} INFO - Processing /home/airflow/.local/lib/python3.12/site-packages/airflow/example_dags/example_inlet_event_extra.py took 0.313 seconds
