[2024-11-13T19:23:15.380+0000] {processor.py:186} INFO - Started process (PID=67) to work on /home/airflow/.local/lib/python3.12/site-packages/airflow/example_dags/example_latest_only.py
[2024-11-13T19:23:15.380+0000] {processor.py:914} INFO - Processing file /home/airflow/.local/lib/python3.12/site-packages/airflow/example_dags/example_latest_only.py for tasks to queue
[2024-11-13T19:23:15.382+0000] {logging_mixin.py:190} INFO - [2024-11-13T19:23:15.382+0000] {dagbag.py:588} INFO - Filling up the DagBag from /home/airflow/.local/lib/python3.12/site-packages/airflow/example_dags/example_latest_only.py
[2024-11-13T19:23:15.388+0000] {processor.py:925} INFO - DAG(s) 'latest_only' retrieved from /home/airflow/.local/lib/python3.12/site-packages/airflow/example_dags/example_latest_only.py
[2024-11-13T19:23:15.471+0000] {logging_mixin.py:190} INFO - [2024-11-13T19:23:15.470+0000] {override.py:1911} INFO - Created Permission View: can edit on DAG:latest_only
[2024-11-13T19:23:15.478+0000] {logging_mixin.py:190} INFO - [2024-11-13T19:23:15.478+0000] {override.py:1911} INFO - Created Permission View: can read on DAG:latest_only
[2024-11-13T19:23:15.484+0000] {logging_mixin.py:190} INFO - [2024-11-13T19:23:15.483+0000] {override.py:1911} INFO - Created Permission View: can delete on DAG:latest_only
[2024-11-13T19:23:15.490+0000] {logging_mixin.py:190} INFO - [2024-11-13T19:23:15.489+0000] {override.py:1911} INFO - Created Permission View: can delete on DAG Run:latest_only
[2024-11-13T19:23:15.495+0000] {logging_mixin.py:190} INFO - [2024-11-13T19:23:15.495+0000] {override.py:1911} INFO - Created Permission View: can read on DAG Run:latest_only
[2024-11-13T19:23:15.500+0000] {logging_mixin.py:190} INFO - [2024-11-13T19:23:15.500+0000] {override.py:1911} INFO - Created Permission View: menu access on DAG Run:latest_only
[2024-11-13T19:23:15.505+0000] {logging_mixin.py:190} INFO - [2024-11-13T19:23:15.505+0000] {override.py:1911} INFO - Created Permission View: can create on DAG Run:latest_only
[2024-11-13T19:23:15.506+0000] {logging_mixin.py:190} INFO - [2024-11-13T19:23:15.506+0000] {dag.py:3239} INFO - Sync 1 DAGs
[2024-11-13T19:23:15.517+0000] {logging_mixin.py:190} INFO - [2024-11-13T19:23:15.517+0000] {dag.py:3262} INFO - Creating ORM DAG for latest_only
[2024-11-13T19:23:15.525+0000] {logging_mixin.py:190} INFO - [2024-11-13T19:23:15.525+0000] {dag.py:4180} INFO - Setting next_dagrun for latest_only to 2024-11-13 12:00:00+00:00, run_after=2024-11-13 16:00:00+00:00
[2024-11-13T19:23:15.540+0000] {processor.py:208} INFO - Processing /home/airflow/.local/lib/python3.12/site-packages/airflow/example_dags/example_latest_only.py took 0.165 seconds
[2024-11-13T19:23:45.765+0000] {processor.py:186} INFO - Started process (PID=130) to work on /home/airflow/.local/lib/python3.12/site-packages/airflow/example_dags/example_latest_only.py
[2024-11-13T19:23:45.766+0000] {processor.py:914} INFO - Processing file /home/airflow/.local/lib/python3.12/site-packages/airflow/example_dags/example_latest_only.py for tasks to queue
[2024-11-13T19:23:45.767+0000] {logging_mixin.py:190} INFO - [2024-11-13T19:23:45.767+0000] {dagbag.py:588} INFO - Filling up the DagBag from /home/airflow/.local/lib/python3.12/site-packages/airflow/example_dags/example_latest_only.py
[2024-11-13T19:23:45.772+0000] {processor.py:925} INFO - DAG(s) 'latest_only' retrieved from /home/airflow/.local/lib/python3.12/site-packages/airflow/example_dags/example_latest_only.py
[2024-11-13T19:23:45.785+0000] {logging_mixin.py:190} INFO - [2024-11-13T19:23:45.785+0000] {dag.py:3239} INFO - Sync 1 DAGs
[2024-11-13T19:23:45.801+0000] {logging_mixin.py:190} INFO - [2024-11-13T19:23:45.801+0000] {dag.py:4180} INFO - Setting next_dagrun for latest_only to 2024-11-13 12:00:00+00:00, run_after=2024-11-13 16:00:00+00:00
[2024-11-13T19:23:45.813+0000] {processor.py:208} INFO - Processing /home/airflow/.local/lib/python3.12/site-packages/airflow/example_dags/example_latest_only.py took 0.051 seconds
[2024-11-13T19:24:15.973+0000] {processor.py:186} INFO - Started process (PID=193) to work on /home/airflow/.local/lib/python3.12/site-packages/airflow/example_dags/example_latest_only.py
[2024-11-13T19:24:15.974+0000] {processor.py:914} INFO - Processing file /home/airflow/.local/lib/python3.12/site-packages/airflow/example_dags/example_latest_only.py for tasks to queue
[2024-11-13T19:24:15.976+0000] {logging_mixin.py:190} INFO - [2024-11-13T19:24:15.975+0000] {dagbag.py:588} INFO - Filling up the DagBag from /home/airflow/.local/lib/python3.12/site-packages/airflow/example_dags/example_latest_only.py
[2024-11-13T19:24:15.981+0000] {processor.py:925} INFO - DAG(s) 'latest_only' retrieved from /home/airflow/.local/lib/python3.12/site-packages/airflow/example_dags/example_latest_only.py
[2024-11-13T19:24:15.998+0000] {logging_mixin.py:190} INFO - [2024-11-13T19:24:15.997+0000] {dag.py:3239} INFO - Sync 1 DAGs
[2024-11-13T19:24:16.014+0000] {logging_mixin.py:190} INFO - [2024-11-13T19:24:16.014+0000] {dag.py:4180} INFO - Setting next_dagrun for latest_only to 2024-11-13 12:00:00+00:00, run_after=2024-11-13 16:00:00+00:00
[2024-11-13T19:24:16.027+0000] {processor.py:208} INFO - Processing /home/airflow/.local/lib/python3.12/site-packages/airflow/example_dags/example_latest_only.py took 0.058 seconds
[2024-11-13T19:24:46.188+0000] {processor.py:186} INFO - Started process (PID=256) to work on /home/airflow/.local/lib/python3.12/site-packages/airflow/example_dags/example_latest_only.py
[2024-11-13T19:24:46.189+0000] {processor.py:914} INFO - Processing file /home/airflow/.local/lib/python3.12/site-packages/airflow/example_dags/example_latest_only.py for tasks to queue
[2024-11-13T19:24:46.190+0000] {logging_mixin.py:190} INFO - [2024-11-13T19:24:46.190+0000] {dagbag.py:588} INFO - Filling up the DagBag from /home/airflow/.local/lib/python3.12/site-packages/airflow/example_dags/example_latest_only.py
[2024-11-13T19:24:46.195+0000] {processor.py:925} INFO - DAG(s) 'latest_only' retrieved from /home/airflow/.local/lib/python3.12/site-packages/airflow/example_dags/example_latest_only.py
[2024-11-13T19:24:46.210+0000] {logging_mixin.py:190} INFO - [2024-11-13T19:24:46.210+0000] {dag.py:3239} INFO - Sync 1 DAGs
[2024-11-13T19:24:46.226+0000] {logging_mixin.py:190} INFO - [2024-11-13T19:24:46.226+0000] {dag.py:4180} INFO - Setting next_dagrun for latest_only to 2024-11-13 12:00:00+00:00, run_after=2024-11-13 16:00:00+00:00
[2024-11-13T19:24:46.240+0000] {processor.py:208} INFO - Processing /home/airflow/.local/lib/python3.12/site-packages/airflow/example_dags/example_latest_only.py took 0.056 seconds
[2024-11-13T19:25:16.559+0000] {processor.py:186} INFO - Started process (PID=319) to work on /home/airflow/.local/lib/python3.12/site-packages/airflow/example_dags/example_latest_only.py
[2024-11-13T19:25:16.560+0000] {processor.py:914} INFO - Processing file /home/airflow/.local/lib/python3.12/site-packages/airflow/example_dags/example_latest_only.py for tasks to queue
[2024-11-13T19:25:16.562+0000] {logging_mixin.py:190} INFO - [2024-11-13T19:25:16.562+0000] {dagbag.py:588} INFO - Filling up the DagBag from /home/airflow/.local/lib/python3.12/site-packages/airflow/example_dags/example_latest_only.py
[2024-11-13T19:25:16.568+0000] {processor.py:925} INFO - DAG(s) 'latest_only' retrieved from /home/airflow/.local/lib/python3.12/site-packages/airflow/example_dags/example_latest_only.py
[2024-11-13T19:25:16.585+0000] {logging_mixin.py:190} INFO - [2024-11-13T19:25:16.585+0000] {dag.py:3239} INFO - Sync 1 DAGs
[2024-11-13T19:25:16.604+0000] {logging_mixin.py:190} INFO - [2024-11-13T19:25:16.604+0000] {dag.py:4180} INFO - Setting next_dagrun for latest_only to 2024-11-13 12:00:00+00:00, run_after=2024-11-13 16:00:00+00:00
[2024-11-13T19:25:16.618+0000] {processor.py:208} INFO - Processing /home/airflow/.local/lib/python3.12/site-packages/airflow/example_dags/example_latest_only.py took 0.063 seconds
[2024-11-13T19:25:46.808+0000] {processor.py:186} INFO - Started process (PID=382) to work on /home/airflow/.local/lib/python3.12/site-packages/airflow/example_dags/example_latest_only.py
[2024-11-13T19:25:46.809+0000] {processor.py:914} INFO - Processing file /home/airflow/.local/lib/python3.12/site-packages/airflow/example_dags/example_latest_only.py for tasks to queue
[2024-11-13T19:25:46.810+0000] {logging_mixin.py:190} INFO - [2024-11-13T19:25:46.810+0000] {dagbag.py:588} INFO - Filling up the DagBag from /home/airflow/.local/lib/python3.12/site-packages/airflow/example_dags/example_latest_only.py
[2024-11-13T19:25:46.815+0000] {processor.py:925} INFO - DAG(s) 'latest_only' retrieved from /home/airflow/.local/lib/python3.12/site-packages/airflow/example_dags/example_latest_only.py
[2024-11-13T19:25:46.828+0000] {logging_mixin.py:190} INFO - [2024-11-13T19:25:46.828+0000] {dag.py:3239} INFO - Sync 1 DAGs
[2024-11-13T19:25:46.843+0000] {logging_mixin.py:190} INFO - [2024-11-13T19:25:46.843+0000] {dag.py:4180} INFO - Setting next_dagrun for latest_only to 2024-11-13 12:00:00+00:00, run_after=2024-11-13 16:00:00+00:00
[2024-11-13T19:25:46.856+0000] {processor.py:208} INFO - Processing /home/airflow/.local/lib/python3.12/site-packages/airflow/example_dags/example_latest_only.py took 0.052 seconds
[2024-11-13T19:26:17.004+0000] {processor.py:186} INFO - Started process (PID=445) to work on /home/airflow/.local/lib/python3.12/site-packages/airflow/example_dags/example_latest_only.py
[2024-11-13T19:26:17.005+0000] {processor.py:914} INFO - Processing file /home/airflow/.local/lib/python3.12/site-packages/airflow/example_dags/example_latest_only.py for tasks to queue
[2024-11-13T19:26:17.007+0000] {logging_mixin.py:190} INFO - [2024-11-13T19:26:17.006+0000] {dagbag.py:588} INFO - Filling up the DagBag from /home/airflow/.local/lib/python3.12/site-packages/airflow/example_dags/example_latest_only.py
[2024-11-13T19:26:17.012+0000] {processor.py:925} INFO - DAG(s) 'latest_only' retrieved from /home/airflow/.local/lib/python3.12/site-packages/airflow/example_dags/example_latest_only.py
[2024-11-13T19:26:17.026+0000] {logging_mixin.py:190} INFO - [2024-11-13T19:26:17.025+0000] {dag.py:3239} INFO - Sync 1 DAGs
[2024-11-13T19:26:17.041+0000] {logging_mixin.py:190} INFO - [2024-11-13T19:26:17.041+0000] {dag.py:4180} INFO - Setting next_dagrun for latest_only to 2024-11-13 12:00:00+00:00, run_after=2024-11-13 16:00:00+00:00
[2024-11-13T19:26:17.054+0000] {processor.py:208} INFO - Processing /home/airflow/.local/lib/python3.12/site-packages/airflow/example_dags/example_latest_only.py took 0.054 seconds
[2024-11-13T19:26:47.248+0000] {processor.py:186} INFO - Started process (PID=508) to work on /home/airflow/.local/lib/python3.12/site-packages/airflow/example_dags/example_latest_only.py
[2024-11-13T19:26:47.249+0000] {processor.py:914} INFO - Processing file /home/airflow/.local/lib/python3.12/site-packages/airflow/example_dags/example_latest_only.py for tasks to queue
[2024-11-13T19:26:47.250+0000] {logging_mixin.py:190} INFO - [2024-11-13T19:26:47.250+0000] {dagbag.py:588} INFO - Filling up the DagBag from /home/airflow/.local/lib/python3.12/site-packages/airflow/example_dags/example_latest_only.py
[2024-11-13T19:26:47.255+0000] {processor.py:925} INFO - DAG(s) 'latest_only' retrieved from /home/airflow/.local/lib/python3.12/site-packages/airflow/example_dags/example_latest_only.py
[2024-11-13T19:26:47.268+0000] {logging_mixin.py:190} INFO - [2024-11-13T19:26:47.268+0000] {dag.py:3239} INFO - Sync 1 DAGs
[2024-11-13T19:26:47.283+0000] {logging_mixin.py:190} INFO - [2024-11-13T19:26:47.283+0000] {dag.py:4180} INFO - Setting next_dagrun for latest_only to 2024-11-13 12:00:00+00:00, run_after=2024-11-13 16:00:00+00:00
[2024-11-13T19:26:47.296+0000] {processor.py:208} INFO - Processing /home/airflow/.local/lib/python3.12/site-packages/airflow/example_dags/example_latest_only.py took 0.052 seconds
[2024-11-13T19:27:17.587+0000] {processor.py:186} INFO - Started process (PID=571) to work on /home/airflow/.local/lib/python3.12/site-packages/airflow/example_dags/example_latest_only.py
[2024-11-13T19:27:17.588+0000] {processor.py:914} INFO - Processing file /home/airflow/.local/lib/python3.12/site-packages/airflow/example_dags/example_latest_only.py for tasks to queue
[2024-11-13T19:27:17.590+0000] {logging_mixin.py:190} INFO - [2024-11-13T19:27:17.590+0000] {dagbag.py:588} INFO - Filling up the DagBag from /home/airflow/.local/lib/python3.12/site-packages/airflow/example_dags/example_latest_only.py
[2024-11-13T19:27:17.595+0000] {processor.py:925} INFO - DAG(s) 'latest_only' retrieved from /home/airflow/.local/lib/python3.12/site-packages/airflow/example_dags/example_latest_only.py
[2024-11-13T19:27:17.609+0000] {logging_mixin.py:190} INFO - [2024-11-13T19:27:17.609+0000] {dag.py:3239} INFO - Sync 1 DAGs
[2024-11-13T19:27:17.625+0000] {logging_mixin.py:190} INFO - [2024-11-13T19:27:17.625+0000] {dag.py:4180} INFO - Setting next_dagrun for latest_only to 2024-11-13 12:00:00+00:00, run_after=2024-11-13 16:00:00+00:00
[2024-11-13T19:27:17.638+0000] {processor.py:208} INFO - Processing /home/airflow/.local/lib/python3.12/site-packages/airflow/example_dags/example_latest_only.py took 0.054 seconds
[2024-11-13T19:27:47.768+0000] {processor.py:186} INFO - Started process (PID=634) to work on /home/airflow/.local/lib/python3.12/site-packages/airflow/example_dags/example_latest_only.py
[2024-11-13T19:27:47.769+0000] {processor.py:914} INFO - Processing file /home/airflow/.local/lib/python3.12/site-packages/airflow/example_dags/example_latest_only.py for tasks to queue
[2024-11-13T19:27:47.773+0000] {logging_mixin.py:190} INFO - [2024-11-13T19:27:47.772+0000] {dagbag.py:588} INFO - Filling up the DagBag from /home/airflow/.local/lib/python3.12/site-packages/airflow/example_dags/example_latest_only.py
[2024-11-13T19:27:47.778+0000] {processor.py:925} INFO - DAG(s) 'latest_only' retrieved from /home/airflow/.local/lib/python3.12/site-packages/airflow/example_dags/example_latest_only.py
[2024-11-13T19:27:47.793+0000] {logging_mixin.py:190} INFO - [2024-11-13T19:27:47.793+0000] {dag.py:3239} INFO - Sync 1 DAGs
[2024-11-13T19:27:47.808+0000] {logging_mixin.py:190} INFO - [2024-11-13T19:27:47.808+0000] {dag.py:4180} INFO - Setting next_dagrun for latest_only to 2024-11-13 12:00:00+00:00, run_after=2024-11-13 16:00:00+00:00
[2024-11-13T19:27:47.821+0000] {processor.py:208} INFO - Processing /home/airflow/.local/lib/python3.12/site-packages/airflow/example_dags/example_latest_only.py took 0.058 seconds
[2024-11-13T19:28:18.252+0000] {processor.py:186} INFO - Started process (PID=697) to work on /home/airflow/.local/lib/python3.12/site-packages/airflow/example_dags/example_latest_only.py
[2024-11-13T19:28:18.252+0000] {processor.py:914} INFO - Processing file /home/airflow/.local/lib/python3.12/site-packages/airflow/example_dags/example_latest_only.py for tasks to queue
[2024-11-13T19:28:18.254+0000] {logging_mixin.py:190} INFO - [2024-11-13T19:28:18.254+0000] {dagbag.py:588} INFO - Filling up the DagBag from /home/airflow/.local/lib/python3.12/site-packages/airflow/example_dags/example_latest_only.py
[2024-11-13T19:28:18.259+0000] {processor.py:925} INFO - DAG(s) 'latest_only' retrieved from /home/airflow/.local/lib/python3.12/site-packages/airflow/example_dags/example_latest_only.py
[2024-11-13T19:28:18.273+0000] {logging_mixin.py:190} INFO - [2024-11-13T19:28:18.273+0000] {dag.py:3239} INFO - Sync 1 DAGs
[2024-11-13T19:28:18.288+0000] {logging_mixin.py:190} INFO - [2024-11-13T19:28:18.288+0000] {dag.py:4180} INFO - Setting next_dagrun for latest_only to 2024-11-13 12:00:00+00:00, run_after=2024-11-13 16:00:00+00:00
[2024-11-13T19:28:18.300+0000] {processor.py:208} INFO - Processing /home/airflow/.local/lib/python3.12/site-packages/airflow/example_dags/example_latest_only.py took 0.052 seconds
[2024-11-13T19:28:48.811+0000] {processor.py:186} INFO - Started process (PID=760) to work on /home/airflow/.local/lib/python3.12/site-packages/airflow/example_dags/example_latest_only.py
[2024-11-13T19:28:48.812+0000] {processor.py:914} INFO - Processing file /home/airflow/.local/lib/python3.12/site-packages/airflow/example_dags/example_latest_only.py for tasks to queue
[2024-11-13T19:28:48.813+0000] {logging_mixin.py:190} INFO - [2024-11-13T19:28:48.813+0000] {dagbag.py:588} INFO - Filling up the DagBag from /home/airflow/.local/lib/python3.12/site-packages/airflow/example_dags/example_latest_only.py
[2024-11-13T19:28:48.818+0000] {processor.py:925} INFO - DAG(s) 'latest_only' retrieved from /home/airflow/.local/lib/python3.12/site-packages/airflow/example_dags/example_latest_only.py
[2024-11-13T19:28:48.832+0000] {logging_mixin.py:190} INFO - [2024-11-13T19:28:48.832+0000] {dag.py:3239} INFO - Sync 1 DAGs
[2024-11-13T19:28:48.847+0000] {logging_mixin.py:190} INFO - [2024-11-13T19:28:48.847+0000] {dag.py:4180} INFO - Setting next_dagrun for latest_only to 2024-11-13 12:00:00+00:00, run_after=2024-11-13 16:00:00+00:00
[2024-11-13T19:28:48.860+0000] {processor.py:208} INFO - Processing /home/airflow/.local/lib/python3.12/site-packages/airflow/example_dags/example_latest_only.py took 0.053 seconds
[2024-11-13T19:29:19.018+0000] {processor.py:186} INFO - Started process (PID=823) to work on /home/airflow/.local/lib/python3.12/site-packages/airflow/example_dags/example_latest_only.py
[2024-11-13T19:29:19.019+0000] {processor.py:914} INFO - Processing file /home/airflow/.local/lib/python3.12/site-packages/airflow/example_dags/example_latest_only.py for tasks to queue
[2024-11-13T19:29:19.021+0000] {logging_mixin.py:190} INFO - [2024-11-13T19:29:19.021+0000] {dagbag.py:588} INFO - Filling up the DagBag from /home/airflow/.local/lib/python3.12/site-packages/airflow/example_dags/example_latest_only.py
[2024-11-13T19:29:19.026+0000] {processor.py:925} INFO - DAG(s) 'latest_only' retrieved from /home/airflow/.local/lib/python3.12/site-packages/airflow/example_dags/example_latest_only.py
[2024-11-13T19:29:19.041+0000] {logging_mixin.py:190} INFO - [2024-11-13T19:29:19.040+0000] {dag.py:3239} INFO - Sync 1 DAGs
[2024-11-13T19:29:19.056+0000] {logging_mixin.py:190} INFO - [2024-11-13T19:29:19.055+0000] {dag.py:4180} INFO - Setting next_dagrun for latest_only to 2024-11-13 12:00:00+00:00, run_after=2024-11-13 16:00:00+00:00
[2024-11-13T19:29:19.069+0000] {processor.py:208} INFO - Processing /home/airflow/.local/lib/python3.12/site-packages/airflow/example_dags/example_latest_only.py took 0.054 seconds
[2024-11-13T19:29:49.384+0000] {processor.py:186} INFO - Started process (PID=886) to work on /home/airflow/.local/lib/python3.12/site-packages/airflow/example_dags/example_latest_only.py
[2024-11-13T19:29:49.385+0000] {processor.py:914} INFO - Processing file /home/airflow/.local/lib/python3.12/site-packages/airflow/example_dags/example_latest_only.py for tasks to queue
[2024-11-13T19:29:49.387+0000] {logging_mixin.py:190} INFO - [2024-11-13T19:29:49.387+0000] {dagbag.py:588} INFO - Filling up the DagBag from /home/airflow/.local/lib/python3.12/site-packages/airflow/example_dags/example_latest_only.py
[2024-11-13T19:29:49.394+0000] {processor.py:925} INFO - DAG(s) 'latest_only' retrieved from /home/airflow/.local/lib/python3.12/site-packages/airflow/example_dags/example_latest_only.py
[2024-11-13T19:29:49.409+0000] {logging_mixin.py:190} INFO - [2024-11-13T19:29:49.408+0000] {dag.py:3239} INFO - Sync 1 DAGs
[2024-11-13T19:29:49.429+0000] {logging_mixin.py:190} INFO - [2024-11-13T19:29:49.429+0000] {dag.py:4180} INFO - Setting next_dagrun for latest_only to 2024-11-13 12:00:00+00:00, run_after=2024-11-13 16:00:00+00:00
[2024-11-13T19:29:49.443+0000] {processor.py:208} INFO - Processing /home/airflow/.local/lib/python3.12/site-packages/airflow/example_dags/example_latest_only.py took 0.062 seconds
[2024-11-13T19:30:19.598+0000] {processor.py:186} INFO - Started process (PID=955) to work on /home/airflow/.local/lib/python3.12/site-packages/airflow/example_dags/example_latest_only.py
[2024-11-13T19:30:19.599+0000] {processor.py:914} INFO - Processing file /home/airflow/.local/lib/python3.12/site-packages/airflow/example_dags/example_latest_only.py for tasks to queue
[2024-11-13T19:30:19.601+0000] {logging_mixin.py:190} INFO - [2024-11-13T19:30:19.601+0000] {dagbag.py:588} INFO - Filling up the DagBag from /home/airflow/.local/lib/python3.12/site-packages/airflow/example_dags/example_latest_only.py
[2024-11-13T19:30:19.606+0000] {processor.py:925} INFO - DAG(s) 'latest_only' retrieved from /home/airflow/.local/lib/python3.12/site-packages/airflow/example_dags/example_latest_only.py
[2024-11-13T19:30:19.619+0000] {logging_mixin.py:190} INFO - [2024-11-13T19:30:19.619+0000] {dag.py:3239} INFO - Sync 1 DAGs
[2024-11-13T19:30:19.634+0000] {logging_mixin.py:190} INFO - [2024-11-13T19:30:19.634+0000] {dag.py:4180} INFO - Setting next_dagrun for latest_only to 2024-11-13 12:00:00+00:00, run_after=2024-11-13 16:00:00+00:00
[2024-11-13T19:30:19.646+0000] {processor.py:208} INFO - Processing /home/airflow/.local/lib/python3.12/site-packages/airflow/example_dags/example_latest_only.py took 0.052 seconds
[2024-11-13T19:30:49.873+0000] {processor.py:186} INFO - Started process (PID=1018) to work on /home/airflow/.local/lib/python3.12/site-packages/airflow/example_dags/example_latest_only.py
[2024-11-13T19:30:49.874+0000] {processor.py:914} INFO - Processing file /home/airflow/.local/lib/python3.12/site-packages/airflow/example_dags/example_latest_only.py for tasks to queue
[2024-11-13T19:30:49.876+0000] {logging_mixin.py:190} INFO - [2024-11-13T19:30:49.876+0000] {dagbag.py:588} INFO - Filling up the DagBag from /home/airflow/.local/lib/python3.12/site-packages/airflow/example_dags/example_latest_only.py
[2024-11-13T19:30:49.881+0000] {processor.py:925} INFO - DAG(s) 'latest_only' retrieved from /home/airflow/.local/lib/python3.12/site-packages/airflow/example_dags/example_latest_only.py
[2024-11-13T19:30:49.896+0000] {logging_mixin.py:190} INFO - [2024-11-13T19:30:49.895+0000] {dag.py:3239} INFO - Sync 1 DAGs
[2024-11-13T19:30:49.910+0000] {logging_mixin.py:190} INFO - [2024-11-13T19:30:49.910+0000] {dag.py:4180} INFO - Setting next_dagrun for latest_only to 2024-11-13 12:00:00+00:00, run_after=2024-11-13 16:00:00+00:00
[2024-11-13T19:30:49.923+0000] {processor.py:208} INFO - Processing /home/airflow/.local/lib/python3.12/site-packages/airflow/example_dags/example_latest_only.py took 0.053 seconds
[2024-11-13T19:31:20.115+0000] {processor.py:186} INFO - Started process (PID=1081) to work on /home/airflow/.local/lib/python3.12/site-packages/airflow/example_dags/example_latest_only.py
[2024-11-13T19:31:20.116+0000] {processor.py:914} INFO - Processing file /home/airflow/.local/lib/python3.12/site-packages/airflow/example_dags/example_latest_only.py for tasks to queue
[2024-11-13T19:31:20.117+0000] {logging_mixin.py:190} INFO - [2024-11-13T19:31:20.117+0000] {dagbag.py:588} INFO - Filling up the DagBag from /home/airflow/.local/lib/python3.12/site-packages/airflow/example_dags/example_latest_only.py
[2024-11-13T19:31:20.123+0000] {processor.py:925} INFO - DAG(s) 'latest_only' retrieved from /home/airflow/.local/lib/python3.12/site-packages/airflow/example_dags/example_latest_only.py
[2024-11-13T19:31:20.135+0000] {logging_mixin.py:190} INFO - [2024-11-13T19:31:20.135+0000] {dag.py:3239} INFO - Sync 1 DAGs
[2024-11-13T19:31:20.151+0000] {logging_mixin.py:190} INFO - [2024-11-13T19:31:20.151+0000] {dag.py:4180} INFO - Setting next_dagrun for latest_only to 2024-11-13 12:00:00+00:00, run_after=2024-11-13 16:00:00+00:00
[2024-11-13T19:31:20.163+0000] {processor.py:208} INFO - Processing /home/airflow/.local/lib/python3.12/site-packages/airflow/example_dags/example_latest_only.py took 0.052 seconds
[2024-11-13T19:31:50.515+0000] {processor.py:186} INFO - Started process (PID=1144) to work on /home/airflow/.local/lib/python3.12/site-packages/airflow/example_dags/example_latest_only.py
[2024-11-13T19:31:50.516+0000] {processor.py:914} INFO - Processing file /home/airflow/.local/lib/python3.12/site-packages/airflow/example_dags/example_latest_only.py for tasks to queue
[2024-11-13T19:31:50.517+0000] {logging_mixin.py:190} INFO - [2024-11-13T19:31:50.517+0000] {dagbag.py:588} INFO - Filling up the DagBag from /home/airflow/.local/lib/python3.12/site-packages/airflow/example_dags/example_latest_only.py
[2024-11-13T19:31:50.522+0000] {processor.py:925} INFO - DAG(s) 'latest_only' retrieved from /home/airflow/.local/lib/python3.12/site-packages/airflow/example_dags/example_latest_only.py
[2024-11-13T19:31:50.537+0000] {logging_mixin.py:190} INFO - [2024-11-13T19:31:50.537+0000] {dag.py:3239} INFO - Sync 1 DAGs
[2024-11-13T19:31:50.553+0000] {logging_mixin.py:190} INFO - [2024-11-13T19:31:50.553+0000] {dag.py:4180} INFO - Setting next_dagrun for latest_only to 2024-11-13 12:00:00+00:00, run_after=2024-11-13 16:00:00+00:00
[2024-11-13T19:31:50.566+0000] {processor.py:208} INFO - Processing /home/airflow/.local/lib/python3.12/site-packages/airflow/example_dags/example_latest_only.py took 0.055 seconds
[2024-11-13T19:32:21.030+0000] {processor.py:186} INFO - Started process (PID=1207) to work on /home/airflow/.local/lib/python3.12/site-packages/airflow/example_dags/example_latest_only.py
[2024-11-13T19:32:21.031+0000] {processor.py:914} INFO - Processing file /home/airflow/.local/lib/python3.12/site-packages/airflow/example_dags/example_latest_only.py for tasks to queue
[2024-11-13T19:32:21.033+0000] {logging_mixin.py:190} INFO - [2024-11-13T19:32:21.032+0000] {dagbag.py:588} INFO - Filling up the DagBag from /home/airflow/.local/lib/python3.12/site-packages/airflow/example_dags/example_latest_only.py
[2024-11-13T19:32:21.038+0000] {processor.py:925} INFO - DAG(s) 'latest_only' retrieved from /home/airflow/.local/lib/python3.12/site-packages/airflow/example_dags/example_latest_only.py
[2024-11-13T19:32:21.054+0000] {logging_mixin.py:190} INFO - [2024-11-13T19:32:21.054+0000] {dag.py:3239} INFO - Sync 1 DAGs
[2024-11-13T19:32:21.070+0000] {logging_mixin.py:190} INFO - [2024-11-13T19:32:21.070+0000] {dag.py:4180} INFO - Setting next_dagrun for latest_only to 2024-11-13 12:00:00+00:00, run_after=2024-11-13 16:00:00+00:00
[2024-11-13T19:32:21.083+0000] {processor.py:208} INFO - Processing /home/airflow/.local/lib/python3.12/site-packages/airflow/example_dags/example_latest_only.py took 0.057 seconds
[2024-11-13T19:32:51.234+0000] {processor.py:186} INFO - Started process (PID=1271) to work on /home/airflow/.local/lib/python3.12/site-packages/airflow/example_dags/example_latest_only.py
[2024-11-13T19:32:51.235+0000] {processor.py:914} INFO - Processing file /home/airflow/.local/lib/python3.12/site-packages/airflow/example_dags/example_latest_only.py for tasks to queue
[2024-11-13T19:32:51.237+0000] {logging_mixin.py:190} INFO - [2024-11-13T19:32:51.236+0000] {dagbag.py:588} INFO - Filling up the DagBag from /home/airflow/.local/lib/python3.12/site-packages/airflow/example_dags/example_latest_only.py
[2024-11-13T19:32:51.242+0000] {processor.py:925} INFO - DAG(s) 'latest_only' retrieved from /home/airflow/.local/lib/python3.12/site-packages/airflow/example_dags/example_latest_only.py
[2024-11-13T19:32:51.255+0000] {logging_mixin.py:190} INFO - [2024-11-13T19:32:51.255+0000] {dag.py:3239} INFO - Sync 1 DAGs
[2024-11-13T19:32:51.270+0000] {logging_mixin.py:190} INFO - [2024-11-13T19:32:51.270+0000] {dag.py:4180} INFO - Setting next_dagrun for latest_only to 2024-11-13 12:00:00+00:00, run_after=2024-11-13 16:00:00+00:00
[2024-11-13T19:32:51.283+0000] {processor.py:208} INFO - Processing /home/airflow/.local/lib/python3.12/site-packages/airflow/example_dags/example_latest_only.py took 0.053 seconds
[2024-11-13T19:33:21.771+0000] {processor.py:186} INFO - Started process (PID=1334) to work on /home/airflow/.local/lib/python3.12/site-packages/airflow/example_dags/example_latest_only.py
[2024-11-13T19:33:21.772+0000] {processor.py:914} INFO - Processing file /home/airflow/.local/lib/python3.12/site-packages/airflow/example_dags/example_latest_only.py for tasks to queue
[2024-11-13T19:33:21.774+0000] {logging_mixin.py:190} INFO - [2024-11-13T19:33:21.774+0000] {dagbag.py:588} INFO - Filling up the DagBag from /home/airflow/.local/lib/python3.12/site-packages/airflow/example_dags/example_latest_only.py
[2024-11-13T19:33:21.780+0000] {processor.py:925} INFO - DAG(s) 'latest_only' retrieved from /home/airflow/.local/lib/python3.12/site-packages/airflow/example_dags/example_latest_only.py
[2024-11-13T19:33:21.793+0000] {logging_mixin.py:190} INFO - [2024-11-13T19:33:21.793+0000] {dag.py:3239} INFO - Sync 1 DAGs
[2024-11-13T19:33:21.809+0000] {logging_mixin.py:190} INFO - [2024-11-13T19:33:21.808+0000] {dag.py:4180} INFO - Setting next_dagrun for latest_only to 2024-11-13 12:00:00+00:00, run_after=2024-11-13 16:00:00+00:00
[2024-11-13T19:33:21.822+0000] {processor.py:208} INFO - Processing /home/airflow/.local/lib/python3.12/site-packages/airflow/example_dags/example_latest_only.py took 0.055 seconds
[2024-11-13T19:33:51.886+0000] {processor.py:186} INFO - Started process (PID=1397) to work on /home/airflow/.local/lib/python3.12/site-packages/airflow/example_dags/example_latest_only.py
[2024-11-13T19:33:51.887+0000] {processor.py:914} INFO - Processing file /home/airflow/.local/lib/python3.12/site-packages/airflow/example_dags/example_latest_only.py for tasks to queue
[2024-11-13T19:33:51.889+0000] {logging_mixin.py:190} INFO - [2024-11-13T19:33:51.889+0000] {dagbag.py:588} INFO - Filling up the DagBag from /home/airflow/.local/lib/python3.12/site-packages/airflow/example_dags/example_latest_only.py
[2024-11-13T19:33:51.894+0000] {processor.py:925} INFO - DAG(s) 'latest_only' retrieved from /home/airflow/.local/lib/python3.12/site-packages/airflow/example_dags/example_latest_only.py
[2024-11-13T19:33:51.908+0000] {logging_mixin.py:190} INFO - [2024-11-13T19:33:51.908+0000] {dag.py:3239} INFO - Sync 1 DAGs
[2024-11-13T19:33:51.926+0000] {logging_mixin.py:190} INFO - [2024-11-13T19:33:51.925+0000] {dag.py:4180} INFO - Setting next_dagrun for latest_only to 2024-11-13 12:00:00+00:00, run_after=2024-11-13 16:00:00+00:00
[2024-11-13T19:33:51.941+0000] {processor.py:208} INFO - Processing /home/airflow/.local/lib/python3.12/site-packages/airflow/example_dags/example_latest_only.py took 0.059 seconds
[2024-11-13T19:34:22.404+0000] {processor.py:186} INFO - Started process (PID=1460) to work on /home/airflow/.local/lib/python3.12/site-packages/airflow/example_dags/example_latest_only.py
[2024-11-13T19:34:22.405+0000] {processor.py:914} INFO - Processing file /home/airflow/.local/lib/python3.12/site-packages/airflow/example_dags/example_latest_only.py for tasks to queue
[2024-11-13T19:34:22.407+0000] {logging_mixin.py:190} INFO - [2024-11-13T19:34:22.406+0000] {dagbag.py:588} INFO - Filling up the DagBag from /home/airflow/.local/lib/python3.12/site-packages/airflow/example_dags/example_latest_only.py
[2024-11-13T19:34:22.413+0000] {processor.py:925} INFO - DAG(s) 'latest_only' retrieved from /home/airflow/.local/lib/python3.12/site-packages/airflow/example_dags/example_latest_only.py
[2024-11-13T19:34:22.426+0000] {logging_mixin.py:190} INFO - [2024-11-13T19:34:22.426+0000] {dag.py:3239} INFO - Sync 1 DAGs
[2024-11-13T19:34:22.443+0000] {logging_mixin.py:190} INFO - [2024-11-13T19:34:22.443+0000] {dag.py:4180} INFO - Setting next_dagrun for latest_only to 2024-11-13 12:00:00+00:00, run_after=2024-11-13 16:00:00+00:00
[2024-11-13T19:34:22.459+0000] {processor.py:208} INFO - Processing /home/airflow/.local/lib/python3.12/site-packages/airflow/example_dags/example_latest_only.py took 0.059 seconds
[2024-11-13T19:34:52.703+0000] {processor.py:186} INFO - Started process (PID=1523) to work on /home/airflow/.local/lib/python3.12/site-packages/airflow/example_dags/example_latest_only.py
[2024-11-13T19:34:52.704+0000] {processor.py:914} INFO - Processing file /home/airflow/.local/lib/python3.12/site-packages/airflow/example_dags/example_latest_only.py for tasks to queue
[2024-11-13T19:34:52.705+0000] {logging_mixin.py:190} INFO - [2024-11-13T19:34:52.705+0000] {dagbag.py:588} INFO - Filling up the DagBag from /home/airflow/.local/lib/python3.12/site-packages/airflow/example_dags/example_latest_only.py
[2024-11-13T19:34:52.711+0000] {processor.py:925} INFO - DAG(s) 'latest_only' retrieved from /home/airflow/.local/lib/python3.12/site-packages/airflow/example_dags/example_latest_only.py
[2024-11-13T19:34:52.725+0000] {logging_mixin.py:190} INFO - [2024-11-13T19:34:52.725+0000] {dag.py:3239} INFO - Sync 1 DAGs
[2024-11-13T19:34:52.740+0000] {logging_mixin.py:190} INFO - [2024-11-13T19:34:52.740+0000] {dag.py:4180} INFO - Setting next_dagrun for latest_only to 2024-11-13 12:00:00+00:00, run_after=2024-11-13 16:00:00+00:00
[2024-11-13T19:34:52.753+0000] {processor.py:208} INFO - Processing /home/airflow/.local/lib/python3.12/site-packages/airflow/example_dags/example_latest_only.py took 0.053 seconds
[2024-11-13T19:35:23.193+0000] {processor.py:186} INFO - Started process (PID=1586) to work on /home/airflow/.local/lib/python3.12/site-packages/airflow/example_dags/example_latest_only.py
[2024-11-13T19:35:23.194+0000] {processor.py:914} INFO - Processing file /home/airflow/.local/lib/python3.12/site-packages/airflow/example_dags/example_latest_only.py for tasks to queue
[2024-11-13T19:35:23.196+0000] {logging_mixin.py:190} INFO - [2024-11-13T19:35:23.196+0000] {dagbag.py:588} INFO - Filling up the DagBag from /home/airflow/.local/lib/python3.12/site-packages/airflow/example_dags/example_latest_only.py
[2024-11-13T19:35:23.201+0000] {processor.py:925} INFO - DAG(s) 'latest_only' retrieved from /home/airflow/.local/lib/python3.12/site-packages/airflow/example_dags/example_latest_only.py
[2024-11-13T19:35:23.216+0000] {logging_mixin.py:190} INFO - [2024-11-13T19:35:23.215+0000] {dag.py:3239} INFO - Sync 1 DAGs
[2024-11-13T19:35:23.234+0000] {logging_mixin.py:190} INFO - [2024-11-13T19:35:23.234+0000] {dag.py:4180} INFO - Setting next_dagrun for latest_only to 2024-11-13 12:00:00+00:00, run_after=2024-11-13 16:00:00+00:00
[2024-11-13T19:35:23.247+0000] {processor.py:208} INFO - Processing /home/airflow/.local/lib/python3.12/site-packages/airflow/example_dags/example_latest_only.py took 0.057 seconds
[2024-11-13T19:35:53.482+0000] {processor.py:186} INFO - Started process (PID=1649) to work on /home/airflow/.local/lib/python3.12/site-packages/airflow/example_dags/example_latest_only.py
[2024-11-13T19:35:53.483+0000] {processor.py:914} INFO - Processing file /home/airflow/.local/lib/python3.12/site-packages/airflow/example_dags/example_latest_only.py for tasks to queue
[2024-11-13T19:35:53.484+0000] {logging_mixin.py:190} INFO - [2024-11-13T19:35:53.484+0000] {dagbag.py:588} INFO - Filling up the DagBag from /home/airflow/.local/lib/python3.12/site-packages/airflow/example_dags/example_latest_only.py
[2024-11-13T19:35:53.489+0000] {processor.py:925} INFO - DAG(s) 'latest_only' retrieved from /home/airflow/.local/lib/python3.12/site-packages/airflow/example_dags/example_latest_only.py
[2024-11-13T19:35:53.504+0000] {logging_mixin.py:190} INFO - [2024-11-13T19:35:53.504+0000] {dag.py:3239} INFO - Sync 1 DAGs
[2024-11-13T19:35:53.520+0000] {logging_mixin.py:190} INFO - [2024-11-13T19:35:53.520+0000] {dag.py:4180} INFO - Setting next_dagrun for latest_only to 2024-11-13 12:00:00+00:00, run_after=2024-11-13 16:00:00+00:00
[2024-11-13T19:35:53.533+0000] {processor.py:208} INFO - Processing /home/airflow/.local/lib/python3.12/site-packages/airflow/example_dags/example_latest_only.py took 0.055 seconds
[2024-11-13T19:36:23.917+0000] {processor.py:186} INFO - Started process (PID=1712) to work on /home/airflow/.local/lib/python3.12/site-packages/airflow/example_dags/example_latest_only.py
[2024-11-13T19:36:23.917+0000] {processor.py:914} INFO - Processing file /home/airflow/.local/lib/python3.12/site-packages/airflow/example_dags/example_latest_only.py for tasks to queue
[2024-11-13T19:36:23.919+0000] {logging_mixin.py:190} INFO - [2024-11-13T19:36:23.919+0000] {dagbag.py:588} INFO - Filling up the DagBag from /home/airflow/.local/lib/python3.12/site-packages/airflow/example_dags/example_latest_only.py
[2024-11-13T19:36:23.924+0000] {processor.py:925} INFO - DAG(s) 'latest_only' retrieved from /home/airflow/.local/lib/python3.12/site-packages/airflow/example_dags/example_latest_only.py
[2024-11-13T19:36:23.937+0000] {logging_mixin.py:190} INFO - [2024-11-13T19:36:23.937+0000] {dag.py:3239} INFO - Sync 1 DAGs
[2024-11-13T19:36:23.952+0000] {logging_mixin.py:190} INFO - [2024-11-13T19:36:23.952+0000] {dag.py:4180} INFO - Setting next_dagrun for latest_only to 2024-11-13 12:00:00+00:00, run_after=2024-11-13 16:00:00+00:00
[2024-11-13T19:36:23.966+0000] {processor.py:208} INFO - Processing /home/airflow/.local/lib/python3.12/site-packages/airflow/example_dags/example_latest_only.py took 0.053 seconds
[2024-11-13T19:36:54.068+0000] {processor.py:186} INFO - Started process (PID=1775) to work on /home/airflow/.local/lib/python3.12/site-packages/airflow/example_dags/example_latest_only.py
[2024-11-13T19:36:54.069+0000] {processor.py:914} INFO - Processing file /home/airflow/.local/lib/python3.12/site-packages/airflow/example_dags/example_latest_only.py for tasks to queue
[2024-11-13T19:36:54.071+0000] {logging_mixin.py:190} INFO - [2024-11-13T19:36:54.071+0000] {dagbag.py:588} INFO - Filling up the DagBag from /home/airflow/.local/lib/python3.12/site-packages/airflow/example_dags/example_latest_only.py
[2024-11-13T19:36:54.076+0000] {processor.py:925} INFO - DAG(s) 'latest_only' retrieved from /home/airflow/.local/lib/python3.12/site-packages/airflow/example_dags/example_latest_only.py
[2024-11-13T19:36:54.091+0000] {logging_mixin.py:190} INFO - [2024-11-13T19:36:54.091+0000] {dag.py:3239} INFO - Sync 1 DAGs
[2024-11-13T19:36:54.107+0000] {logging_mixin.py:190} INFO - [2024-11-13T19:36:54.107+0000] {dag.py:4180} INFO - Setting next_dagrun for latest_only to 2024-11-13 12:00:00+00:00, run_after=2024-11-13 16:00:00+00:00
[2024-11-13T19:36:54.123+0000] {processor.py:208} INFO - Processing /home/airflow/.local/lib/python3.12/site-packages/airflow/example_dags/example_latest_only.py took 0.059 seconds
[2024-11-13T19:37:24.219+0000] {processor.py:186} INFO - Started process (PID=1838) to work on /home/airflow/.local/lib/python3.12/site-packages/airflow/example_dags/example_latest_only.py
[2024-11-13T19:37:24.219+0000] {processor.py:914} INFO - Processing file /home/airflow/.local/lib/python3.12/site-packages/airflow/example_dags/example_latest_only.py for tasks to queue
[2024-11-13T19:37:24.221+0000] {logging_mixin.py:190} INFO - [2024-11-13T19:37:24.221+0000] {dagbag.py:588} INFO - Filling up the DagBag from /home/airflow/.local/lib/python3.12/site-packages/airflow/example_dags/example_latest_only.py
[2024-11-13T19:37:24.226+0000] {processor.py:925} INFO - DAG(s) 'latest_only' retrieved from /home/airflow/.local/lib/python3.12/site-packages/airflow/example_dags/example_latest_only.py
[2024-11-13T19:37:24.241+0000] {logging_mixin.py:190} INFO - [2024-11-13T19:37:24.241+0000] {dag.py:3239} INFO - Sync 1 DAGs
[2024-11-13T19:37:24.256+0000] {logging_mixin.py:190} INFO - [2024-11-13T19:37:24.256+0000] {dag.py:4180} INFO - Setting next_dagrun for latest_only to 2024-11-13 12:00:00+00:00, run_after=2024-11-13 16:00:00+00:00
[2024-11-13T19:37:24.269+0000] {processor.py:208} INFO - Processing /home/airflow/.local/lib/python3.12/site-packages/airflow/example_dags/example_latest_only.py took 0.054 seconds
[2024-11-13T19:37:54.556+0000] {processor.py:186} INFO - Started process (PID=1901) to work on /home/airflow/.local/lib/python3.12/site-packages/airflow/example_dags/example_latest_only.py
[2024-11-13T19:37:54.557+0000] {processor.py:914} INFO - Processing file /home/airflow/.local/lib/python3.12/site-packages/airflow/example_dags/example_latest_only.py for tasks to queue
[2024-11-13T19:37:54.559+0000] {logging_mixin.py:190} INFO - [2024-11-13T19:37:54.559+0000] {dagbag.py:588} INFO - Filling up the DagBag from /home/airflow/.local/lib/python3.12/site-packages/airflow/example_dags/example_latest_only.py
[2024-11-13T19:37:54.564+0000] {processor.py:925} INFO - DAG(s) 'latest_only' retrieved from /home/airflow/.local/lib/python3.12/site-packages/airflow/example_dags/example_latest_only.py
[2024-11-13T19:37:54.579+0000] {logging_mixin.py:190} INFO - [2024-11-13T19:37:54.579+0000] {dag.py:3239} INFO - Sync 1 DAGs
[2024-11-13T19:37:54.596+0000] {logging_mixin.py:190} INFO - [2024-11-13T19:37:54.596+0000] {dag.py:4180} INFO - Setting next_dagrun for latest_only to 2024-11-13 12:00:00+00:00, run_after=2024-11-13 16:00:00+00:00
[2024-11-13T19:37:54.611+0000] {processor.py:208} INFO - Processing /home/airflow/.local/lib/python3.12/site-packages/airflow/example_dags/example_latest_only.py took 0.060 seconds
[2024-11-13T19:38:24.666+0000] {processor.py:186} INFO - Started process (PID=1964) to work on /home/airflow/.local/lib/python3.12/site-packages/airflow/example_dags/example_latest_only.py
[2024-11-13T19:38:24.667+0000] {processor.py:914} INFO - Processing file /home/airflow/.local/lib/python3.12/site-packages/airflow/example_dags/example_latest_only.py for tasks to queue
[2024-11-13T19:38:24.669+0000] {logging_mixin.py:190} INFO - [2024-11-13T19:38:24.668+0000] {dagbag.py:588} INFO - Filling up the DagBag from /home/airflow/.local/lib/python3.12/site-packages/airflow/example_dags/example_latest_only.py
[2024-11-13T19:38:24.673+0000] {processor.py:925} INFO - DAG(s) 'latest_only' retrieved from /home/airflow/.local/lib/python3.12/site-packages/airflow/example_dags/example_latest_only.py
[2024-11-13T19:38:24.687+0000] {logging_mixin.py:190} INFO - [2024-11-13T19:38:24.687+0000] {dag.py:3239} INFO - Sync 1 DAGs
[2024-11-13T19:38:24.702+0000] {logging_mixin.py:190} INFO - [2024-11-13T19:38:24.702+0000] {dag.py:4180} INFO - Setting next_dagrun for latest_only to 2024-11-13 12:00:00+00:00, run_after=2024-11-13 16:00:00+00:00
[2024-11-13T19:38:24.714+0000] {processor.py:208} INFO - Processing /home/airflow/.local/lib/python3.12/site-packages/airflow/example_dags/example_latest_only.py took 0.052 seconds
[2024-11-13T19:38:54.843+0000] {processor.py:186} INFO - Started process (PID=2027) to work on /home/airflow/.local/lib/python3.12/site-packages/airflow/example_dags/example_latest_only.py
[2024-11-13T19:38:54.844+0000] {processor.py:914} INFO - Processing file /home/airflow/.local/lib/python3.12/site-packages/airflow/example_dags/example_latest_only.py for tasks to queue
[2024-11-13T19:38:54.845+0000] {logging_mixin.py:190} INFO - [2024-11-13T19:38:54.845+0000] {dagbag.py:588} INFO - Filling up the DagBag from /home/airflow/.local/lib/python3.12/site-packages/airflow/example_dags/example_latest_only.py
[2024-11-13T19:38:54.851+0000] {processor.py:925} INFO - DAG(s) 'latest_only' retrieved from /home/airflow/.local/lib/python3.12/site-packages/airflow/example_dags/example_latest_only.py
[2024-11-13T19:38:54.865+0000] {logging_mixin.py:190} INFO - [2024-11-13T19:38:54.865+0000] {dag.py:3239} INFO - Sync 1 DAGs
[2024-11-13T19:38:54.881+0000] {logging_mixin.py:190} INFO - [2024-11-13T19:38:54.881+0000] {dag.py:4180} INFO - Setting next_dagrun for latest_only to 2024-11-13 12:00:00+00:00, run_after=2024-11-13 16:00:00+00:00
[2024-11-13T19:38:54.895+0000] {processor.py:208} INFO - Processing /home/airflow/.local/lib/python3.12/site-packages/airflow/example_dags/example_latest_only.py took 0.057 seconds
[2024-11-13T19:39:25.161+0000] {processor.py:186} INFO - Started process (PID=2090) to work on /home/airflow/.local/lib/python3.12/site-packages/airflow/example_dags/example_latest_only.py
[2024-11-13T19:39:25.162+0000] {processor.py:914} INFO - Processing file /home/airflow/.local/lib/python3.12/site-packages/airflow/example_dags/example_latest_only.py for tasks to queue
[2024-11-13T19:39:25.163+0000] {logging_mixin.py:190} INFO - [2024-11-13T19:39:25.163+0000] {dagbag.py:588} INFO - Filling up the DagBag from /home/airflow/.local/lib/python3.12/site-packages/airflow/example_dags/example_latest_only.py
[2024-11-13T19:39:25.169+0000] {processor.py:925} INFO - DAG(s) 'latest_only' retrieved from /home/airflow/.local/lib/python3.12/site-packages/airflow/example_dags/example_latest_only.py
[2024-11-13T19:39:25.183+0000] {logging_mixin.py:190} INFO - [2024-11-13T19:39:25.182+0000] {dag.py:3239} INFO - Sync 1 DAGs
[2024-11-13T19:39:25.199+0000] {logging_mixin.py:190} INFO - [2024-11-13T19:39:25.199+0000] {dag.py:4180} INFO - Setting next_dagrun for latest_only to 2024-11-13 12:00:00+00:00, run_after=2024-11-13 16:00:00+00:00
[2024-11-13T19:39:25.212+0000] {processor.py:208} INFO - Processing /home/airflow/.local/lib/python3.12/site-packages/airflow/example_dags/example_latest_only.py took 0.055 seconds
[2024-11-13T19:39:55.495+0000] {processor.py:186} INFO - Started process (PID=2153) to work on /home/airflow/.local/lib/python3.12/site-packages/airflow/example_dags/example_latest_only.py
[2024-11-13T19:39:55.496+0000] {processor.py:914} INFO - Processing file /home/airflow/.local/lib/python3.12/site-packages/airflow/example_dags/example_latest_only.py for tasks to queue
[2024-11-13T19:39:55.497+0000] {logging_mixin.py:190} INFO - [2024-11-13T19:39:55.497+0000] {dagbag.py:588} INFO - Filling up the DagBag from /home/airflow/.local/lib/python3.12/site-packages/airflow/example_dags/example_latest_only.py
[2024-11-13T19:39:55.503+0000] {processor.py:925} INFO - DAG(s) 'latest_only' retrieved from /home/airflow/.local/lib/python3.12/site-packages/airflow/example_dags/example_latest_only.py
[2024-11-13T19:39:55.517+0000] {logging_mixin.py:190} INFO - [2024-11-13T19:39:55.517+0000] {dag.py:3239} INFO - Sync 1 DAGs
[2024-11-13T19:39:55.533+0000] {logging_mixin.py:190} INFO - [2024-11-13T19:39:55.533+0000] {dag.py:4180} INFO - Setting next_dagrun for latest_only to 2024-11-13 12:00:00+00:00, run_after=2024-11-13 16:00:00+00:00
[2024-11-13T19:39:55.549+0000] {processor.py:208} INFO - Processing /home/airflow/.local/lib/python3.12/site-packages/airflow/example_dags/example_latest_only.py took 0.059 seconds
[2024-11-13T19:40:25.805+0000] {processor.py:186} INFO - Started process (PID=2216) to work on /home/airflow/.local/lib/python3.12/site-packages/airflow/example_dags/example_latest_only.py
[2024-11-13T19:40:25.806+0000] {processor.py:914} INFO - Processing file /home/airflow/.local/lib/python3.12/site-packages/airflow/example_dags/example_latest_only.py for tasks to queue
[2024-11-13T19:40:25.808+0000] {logging_mixin.py:190} INFO - [2024-11-13T19:40:25.808+0000] {dagbag.py:588} INFO - Filling up the DagBag from /home/airflow/.local/lib/python3.12/site-packages/airflow/example_dags/example_latest_only.py
[2024-11-13T19:40:25.814+0000] {processor.py:925} INFO - DAG(s) 'latest_only' retrieved from /home/airflow/.local/lib/python3.12/site-packages/airflow/example_dags/example_latest_only.py
[2024-11-13T19:40:25.832+0000] {logging_mixin.py:190} INFO - [2024-11-13T19:40:25.832+0000] {dag.py:3239} INFO - Sync 1 DAGs
[2024-11-13T19:40:25.855+0000] {logging_mixin.py:190} INFO - [2024-11-13T19:40:25.855+0000] {dag.py:4180} INFO - Setting next_dagrun for latest_only to 2024-11-13 12:00:00+00:00, run_after=2024-11-13 16:00:00+00:00
[2024-11-13T19:40:25.870+0000] {processor.py:208} INFO - Processing /home/airflow/.local/lib/python3.12/site-packages/airflow/example_dags/example_latest_only.py took 0.070 seconds
[2024-11-13T19:40:56.325+0000] {processor.py:186} INFO - Started process (PID=2279) to work on /home/airflow/.local/lib/python3.12/site-packages/airflow/example_dags/example_latest_only.py
[2024-11-13T19:40:56.326+0000] {processor.py:914} INFO - Processing file /home/airflow/.local/lib/python3.12/site-packages/airflow/example_dags/example_latest_only.py for tasks to queue
[2024-11-13T19:40:56.328+0000] {logging_mixin.py:190} INFO - [2024-11-13T19:40:56.327+0000] {dagbag.py:588} INFO - Filling up the DagBag from /home/airflow/.local/lib/python3.12/site-packages/airflow/example_dags/example_latest_only.py
[2024-11-13T19:40:56.334+0000] {processor.py:925} INFO - DAG(s) 'latest_only' retrieved from /home/airflow/.local/lib/python3.12/site-packages/airflow/example_dags/example_latest_only.py
[2024-11-13T19:40:56.352+0000] {logging_mixin.py:190} INFO - [2024-11-13T19:40:56.352+0000] {dag.py:3239} INFO - Sync 1 DAGs
[2024-11-13T19:40:56.369+0000] {logging_mixin.py:190} INFO - [2024-11-13T19:40:56.369+0000] {dag.py:4180} INFO - Setting next_dagrun for latest_only to 2024-11-13 12:00:00+00:00, run_after=2024-11-13 16:00:00+00:00
[2024-11-13T19:40:56.382+0000] {processor.py:208} INFO - Processing /home/airflow/.local/lib/python3.12/site-packages/airflow/example_dags/example_latest_only.py took 0.061 seconds
[2024-11-13T19:41:26.639+0000] {processor.py:186} INFO - Started process (PID=2341) to work on /home/airflow/.local/lib/python3.12/site-packages/airflow/example_dags/example_latest_only.py
[2024-11-13T19:41:26.640+0000] {processor.py:914} INFO - Processing file /home/airflow/.local/lib/python3.12/site-packages/airflow/example_dags/example_latest_only.py for tasks to queue
[2024-11-13T19:41:26.641+0000] {logging_mixin.py:190} INFO - [2024-11-13T19:41:26.641+0000] {dagbag.py:588} INFO - Filling up the DagBag from /home/airflow/.local/lib/python3.12/site-packages/airflow/example_dags/example_latest_only.py
[2024-11-13T19:41:26.648+0000] {processor.py:925} INFO - DAG(s) 'latest_only' retrieved from /home/airflow/.local/lib/python3.12/site-packages/airflow/example_dags/example_latest_only.py
[2024-11-13T19:41:26.663+0000] {logging_mixin.py:190} INFO - [2024-11-13T19:41:26.663+0000] {dag.py:3239} INFO - Sync 1 DAGs
[2024-11-13T19:41:26.680+0000] {logging_mixin.py:190} INFO - [2024-11-13T19:41:26.680+0000] {dag.py:4180} INFO - Setting next_dagrun for latest_only to 2024-11-13 12:00:00+00:00, run_after=2024-11-13 16:00:00+00:00
[2024-11-13T19:41:26.693+0000] {processor.py:208} INFO - Processing /home/airflow/.local/lib/python3.12/site-packages/airflow/example_dags/example_latest_only.py took 0.058 seconds
[2024-11-13T19:41:57.790+0000] {processor.py:186} INFO - Started process (PID=2404) to work on /home/airflow/.local/lib/python3.12/site-packages/airflow/example_dags/example_latest_only.py
[2024-11-13T19:41:57.790+0000] {processor.py:914} INFO - Processing file /home/airflow/.local/lib/python3.12/site-packages/airflow/example_dags/example_latest_only.py for tasks to queue
[2024-11-13T19:41:57.792+0000] {logging_mixin.py:190} INFO - [2024-11-13T19:41:57.792+0000] {dagbag.py:588} INFO - Filling up the DagBag from /home/airflow/.local/lib/python3.12/site-packages/airflow/example_dags/example_latest_only.py
[2024-11-13T19:41:57.797+0000] {processor.py:925} INFO - DAG(s) 'latest_only' retrieved from /home/airflow/.local/lib/python3.12/site-packages/airflow/example_dags/example_latest_only.py
[2024-11-13T19:41:57.813+0000] {logging_mixin.py:190} INFO - [2024-11-13T19:41:57.812+0000] {dag.py:3239} INFO - Sync 1 DAGs
[2024-11-13T19:41:57.831+0000] {logging_mixin.py:190} INFO - [2024-11-13T19:41:57.831+0000] {dag.py:4180} INFO - Setting next_dagrun for latest_only to 2024-11-13 12:00:00+00:00, run_after=2024-11-13 16:00:00+00:00
[2024-11-13T19:41:57.845+0000] {processor.py:208} INFO - Processing /home/airflow/.local/lib/python3.12/site-packages/airflow/example_dags/example_latest_only.py took 0.060 seconds
[2024-11-13T19:42:28.548+0000] {processor.py:186} INFO - Started process (PID=2447) to work on /home/airflow/.local/lib/python3.12/site-packages/airflow/example_dags/example_latest_only.py
[2024-11-13T19:42:28.549+0000] {processor.py:914} INFO - Processing file /home/airflow/.local/lib/python3.12/site-packages/airflow/example_dags/example_latest_only.py for tasks to queue
[2024-11-13T19:42:28.551+0000] {logging_mixin.py:190} INFO - [2024-11-13T19:42:28.551+0000] {dagbag.py:588} INFO - Filling up the DagBag from /home/airflow/.local/lib/python3.12/site-packages/airflow/example_dags/example_latest_only.py
[2024-11-13T19:42:28.557+0000] {processor.py:925} INFO - DAG(s) 'latest_only' retrieved from /home/airflow/.local/lib/python3.12/site-packages/airflow/example_dags/example_latest_only.py
[2024-11-13T19:42:28.573+0000] {logging_mixin.py:190} INFO - [2024-11-13T19:42:28.573+0000] {dag.py:3239} INFO - Sync 1 DAGs
[2024-11-13T19:42:28.592+0000] {logging_mixin.py:190} INFO - [2024-11-13T19:42:28.592+0000] {dag.py:4180} INFO - Setting next_dagrun for latest_only to 2024-11-13 12:00:00+00:00, run_after=2024-11-13 16:00:00+00:00
[2024-11-13T19:42:28.605+0000] {processor.py:208} INFO - Processing /home/airflow/.local/lib/python3.12/site-packages/airflow/example_dags/example_latest_only.py took 0.062 seconds
[2024-11-13T19:42:58.976+0000] {processor.py:186} INFO - Started process (PID=2511) to work on /home/airflow/.local/lib/python3.12/site-packages/airflow/example_dags/example_latest_only.py
[2024-11-13T19:42:58.977+0000] {processor.py:914} INFO - Processing file /home/airflow/.local/lib/python3.12/site-packages/airflow/example_dags/example_latest_only.py for tasks to queue
[2024-11-13T19:42:58.979+0000] {logging_mixin.py:190} INFO - [2024-11-13T19:42:58.979+0000] {dagbag.py:588} INFO - Filling up the DagBag from /home/airflow/.local/lib/python3.12/site-packages/airflow/example_dags/example_latest_only.py
[2024-11-13T19:42:58.985+0000] {processor.py:925} INFO - DAG(s) 'latest_only' retrieved from /home/airflow/.local/lib/python3.12/site-packages/airflow/example_dags/example_latest_only.py
[2024-11-13T19:42:58.999+0000] {logging_mixin.py:190} INFO - [2024-11-13T19:42:58.999+0000] {dag.py:3239} INFO - Sync 1 DAGs
[2024-11-13T19:42:59.016+0000] {logging_mixin.py:190} INFO - [2024-11-13T19:42:59.016+0000] {dag.py:4180} INFO - Setting next_dagrun for latest_only to 2024-11-13 12:00:00+00:00, run_after=2024-11-13 16:00:00+00:00
[2024-11-13T19:42:59.029+0000] {processor.py:208} INFO - Processing /home/airflow/.local/lib/python3.12/site-packages/airflow/example_dags/example_latest_only.py took 0.057 seconds
[2024-11-13T19:43:29.347+0000] {processor.py:186} INFO - Started process (PID=2571) to work on /home/airflow/.local/lib/python3.12/site-packages/airflow/example_dags/example_latest_only.py
[2024-11-13T19:43:29.348+0000] {processor.py:914} INFO - Processing file /home/airflow/.local/lib/python3.12/site-packages/airflow/example_dags/example_latest_only.py for tasks to queue
[2024-11-13T19:43:29.349+0000] {logging_mixin.py:190} INFO - [2024-11-13T19:43:29.349+0000] {dagbag.py:588} INFO - Filling up the DagBag from /home/airflow/.local/lib/python3.12/site-packages/airflow/example_dags/example_latest_only.py
[2024-11-13T19:43:29.355+0000] {processor.py:925} INFO - DAG(s) 'latest_only' retrieved from /home/airflow/.local/lib/python3.12/site-packages/airflow/example_dags/example_latest_only.py
[2024-11-13T19:43:29.370+0000] {logging_mixin.py:190} INFO - [2024-11-13T19:43:29.369+0000] {dag.py:3239} INFO - Sync 1 DAGs
[2024-11-13T19:43:29.386+0000] {logging_mixin.py:190} INFO - [2024-11-13T19:43:29.386+0000] {dag.py:4180} INFO - Setting next_dagrun for latest_only to 2024-11-13 12:00:00+00:00, run_after=2024-11-13 16:00:00+00:00
[2024-11-13T19:43:29.399+0000] {processor.py:208} INFO - Processing /home/airflow/.local/lib/python3.12/site-packages/airflow/example_dags/example_latest_only.py took 0.057 seconds
[2024-11-13T19:43:59.682+0000] {processor.py:186} INFO - Started process (PID=2633) to work on /home/airflow/.local/lib/python3.12/site-packages/airflow/example_dags/example_latest_only.py
[2024-11-13T19:43:59.683+0000] {processor.py:914} INFO - Processing file /home/airflow/.local/lib/python3.12/site-packages/airflow/example_dags/example_latest_only.py for tasks to queue
[2024-11-13T19:43:59.685+0000] {logging_mixin.py:190} INFO - [2024-11-13T19:43:59.684+0000] {dagbag.py:588} INFO - Filling up the DagBag from /home/airflow/.local/lib/python3.12/site-packages/airflow/example_dags/example_latest_only.py
[2024-11-13T19:43:59.690+0000] {processor.py:925} INFO - DAG(s) 'latest_only' retrieved from /home/airflow/.local/lib/python3.12/site-packages/airflow/example_dags/example_latest_only.py
[2024-11-13T19:43:59.705+0000] {logging_mixin.py:190} INFO - [2024-11-13T19:43:59.705+0000] {dag.py:3239} INFO - Sync 1 DAGs
[2024-11-13T19:43:59.721+0000] {logging_mixin.py:190} INFO - [2024-11-13T19:43:59.721+0000] {dag.py:4180} INFO - Setting next_dagrun for latest_only to 2024-11-13 12:00:00+00:00, run_after=2024-11-13 16:00:00+00:00
[2024-11-13T19:43:59.734+0000] {processor.py:208} INFO - Processing /home/airflow/.local/lib/python3.12/site-packages/airflow/example_dags/example_latest_only.py took 0.056 seconds
[2024-11-13T19:44:30.290+0000] {processor.py:186} INFO - Started process (PID=2694) to work on /home/airflow/.local/lib/python3.12/site-packages/airflow/example_dags/example_latest_only.py
[2024-11-13T19:44:30.291+0000] {processor.py:914} INFO - Processing file /home/airflow/.local/lib/python3.12/site-packages/airflow/example_dags/example_latest_only.py for tasks to queue
[2024-11-13T19:44:30.293+0000] {logging_mixin.py:190} INFO - [2024-11-13T19:44:30.293+0000] {dagbag.py:588} INFO - Filling up the DagBag from /home/airflow/.local/lib/python3.12/site-packages/airflow/example_dags/example_latest_only.py
[2024-11-13T19:44:30.299+0000] {processor.py:925} INFO - DAG(s) 'latest_only' retrieved from /home/airflow/.local/lib/python3.12/site-packages/airflow/example_dags/example_latest_only.py
[2024-11-13T19:44:30.315+0000] {logging_mixin.py:190} INFO - [2024-11-13T19:44:30.315+0000] {dag.py:3239} INFO - Sync 1 DAGs
[2024-11-13T19:44:30.333+0000] {logging_mixin.py:190} INFO - [2024-11-13T19:44:30.333+0000] {dag.py:4180} INFO - Setting next_dagrun for latest_only to 2024-11-13 12:00:00+00:00, run_after=2024-11-13 16:00:00+00:00
[2024-11-13T19:44:30.346+0000] {processor.py:208} INFO - Processing /home/airflow/.local/lib/python3.12/site-packages/airflow/example_dags/example_latest_only.py took 0.060 seconds
[2024-11-13T19:45:00.692+0000] {processor.py:186} INFO - Started process (PID=2753) to work on /home/airflow/.local/lib/python3.12/site-packages/airflow/example_dags/example_latest_only.py
[2024-11-13T19:45:00.693+0000] {processor.py:914} INFO - Processing file /home/airflow/.local/lib/python3.12/site-packages/airflow/example_dags/example_latest_only.py for tasks to queue
[2024-11-13T19:45:00.695+0000] {logging_mixin.py:190} INFO - [2024-11-13T19:45:00.694+0000] {dagbag.py:588} INFO - Filling up the DagBag from /home/airflow/.local/lib/python3.12/site-packages/airflow/example_dags/example_latest_only.py
[2024-11-13T19:45:00.701+0000] {processor.py:925} INFO - DAG(s) 'latest_only' retrieved from /home/airflow/.local/lib/python3.12/site-packages/airflow/example_dags/example_latest_only.py
[2024-11-13T19:45:00.717+0000] {logging_mixin.py:190} INFO - [2024-11-13T19:45:00.716+0000] {dag.py:3239} INFO - Sync 1 DAGs
[2024-11-13T19:45:00.733+0000] {logging_mixin.py:190} INFO - [2024-11-13T19:45:00.733+0000] {dag.py:4180} INFO - Setting next_dagrun for latest_only to 2024-11-13 12:00:00+00:00, run_after=2024-11-13 16:00:00+00:00
[2024-11-13T19:45:00.747+0000] {processor.py:208} INFO - Processing /home/airflow/.local/lib/python3.12/site-packages/airflow/example_dags/example_latest_only.py took 0.060 seconds
[2024-11-13T19:45:31.383+0000] {processor.py:186} INFO - Started process (PID=2814) to work on /home/airflow/.local/lib/python3.12/site-packages/airflow/example_dags/example_latest_only.py
[2024-11-13T19:45:31.399+0000] {processor.py:914} INFO - Processing file /home/airflow/.local/lib/python3.12/site-packages/airflow/example_dags/example_latest_only.py for tasks to queue
[2024-11-13T19:45:31.402+0000] {logging_mixin.py:190} INFO - [2024-11-13T19:45:31.401+0000] {dagbag.py:588} INFO - Filling up the DagBag from /home/airflow/.local/lib/python3.12/site-packages/airflow/example_dags/example_latest_only.py
[2024-11-13T19:45:31.411+0000] {processor.py:925} INFO - DAG(s) 'latest_only' retrieved from /home/airflow/.local/lib/python3.12/site-packages/airflow/example_dags/example_latest_only.py
[2024-11-13T19:45:31.432+0000] {logging_mixin.py:190} INFO - [2024-11-13T19:45:31.432+0000] {dag.py:3239} INFO - Sync 1 DAGs
[2024-11-13T19:45:31.451+0000] {logging_mixin.py:190} INFO - [2024-11-13T19:45:31.451+0000] {dag.py:4180} INFO - Setting next_dagrun for latest_only to 2024-11-13 12:00:00+00:00, run_after=2024-11-13 16:00:00+00:00
[2024-11-13T19:45:31.469+0000] {processor.py:208} INFO - Processing /home/airflow/.local/lib/python3.12/site-packages/airflow/example_dags/example_latest_only.py took 0.096 seconds
[2024-11-13T19:46:01.596+0000] {processor.py:186} INFO - Started process (PID=2878) to work on /home/airflow/.local/lib/python3.12/site-packages/airflow/example_dags/example_latest_only.py
[2024-11-13T19:46:01.629+0000] {processor.py:914} INFO - Processing file /home/airflow/.local/lib/python3.12/site-packages/airflow/example_dags/example_latest_only.py for tasks to queue
[2024-11-13T19:46:01.631+0000] {logging_mixin.py:190} INFO - [2024-11-13T19:46:01.631+0000] {dagbag.py:588} INFO - Filling up the DagBag from /home/airflow/.local/lib/python3.12/site-packages/airflow/example_dags/example_latest_only.py
[2024-11-13T19:46:01.638+0000] {processor.py:925} INFO - DAG(s) 'latest_only' retrieved from /home/airflow/.local/lib/python3.12/site-packages/airflow/example_dags/example_latest_only.py
[2024-11-13T19:46:01.656+0000] {logging_mixin.py:190} INFO - [2024-11-13T19:46:01.655+0000] {dag.py:3239} INFO - Sync 1 DAGs
[2024-11-13T19:46:01.673+0000] {logging_mixin.py:190} INFO - [2024-11-13T19:46:01.673+0000] {dag.py:4180} INFO - Setting next_dagrun for latest_only to 2024-11-13 12:00:00+00:00, run_after=2024-11-13 16:00:00+00:00
[2024-11-13T19:46:01.689+0000] {processor.py:208} INFO - Processing /home/airflow/.local/lib/python3.12/site-packages/airflow/example_dags/example_latest_only.py took 0.097 seconds
[2024-11-13T19:46:31.982+0000] {processor.py:186} INFO - Started process (PID=2941) to work on /home/airflow/.local/lib/python3.12/site-packages/airflow/example_dags/example_latest_only.py
[2024-11-13T19:46:31.983+0000] {processor.py:914} INFO - Processing file /home/airflow/.local/lib/python3.12/site-packages/airflow/example_dags/example_latest_only.py for tasks to queue
[2024-11-13T19:46:31.984+0000] {logging_mixin.py:190} INFO - [2024-11-13T19:46:31.984+0000] {dagbag.py:588} INFO - Filling up the DagBag from /home/airflow/.local/lib/python3.12/site-packages/airflow/example_dags/example_latest_only.py
[2024-11-13T19:46:31.992+0000] {processor.py:925} INFO - DAG(s) 'latest_only' retrieved from /home/airflow/.local/lib/python3.12/site-packages/airflow/example_dags/example_latest_only.py
[2024-11-13T19:46:32.007+0000] {logging_mixin.py:190} INFO - [2024-11-13T19:46:32.007+0000] {dag.py:3239} INFO - Sync 1 DAGs
[2024-11-13T19:46:32.026+0000] {logging_mixin.py:190} INFO - [2024-11-13T19:46:32.026+0000] {dag.py:4180} INFO - Setting next_dagrun for latest_only to 2024-11-13 12:00:00+00:00, run_after=2024-11-13 16:00:00+00:00
[2024-11-13T19:46:32.040+0000] {processor.py:208} INFO - Processing /home/airflow/.local/lib/python3.12/site-packages/airflow/example_dags/example_latest_only.py took 0.062 seconds
[2024-11-13T19:47:02.153+0000] {processor.py:186} INFO - Started process (PID=3004) to work on /home/airflow/.local/lib/python3.12/site-packages/airflow/example_dags/example_latest_only.py
[2024-11-13T19:47:02.155+0000] {processor.py:914} INFO - Processing file /home/airflow/.local/lib/python3.12/site-packages/airflow/example_dags/example_latest_only.py for tasks to queue
[2024-11-13T19:47:02.157+0000] {logging_mixin.py:190} INFO - [2024-11-13T19:47:02.157+0000] {dagbag.py:588} INFO - Filling up the DagBag from /home/airflow/.local/lib/python3.12/site-packages/airflow/example_dags/example_latest_only.py
[2024-11-13T19:47:02.162+0000] {processor.py:925} INFO - DAG(s) 'latest_only' retrieved from /home/airflow/.local/lib/python3.12/site-packages/airflow/example_dags/example_latest_only.py
[2024-11-13T19:47:02.177+0000] {logging_mixin.py:190} INFO - [2024-11-13T19:47:02.177+0000] {dag.py:3239} INFO - Sync 1 DAGs
[2024-11-13T19:47:02.194+0000] {logging_mixin.py:190} INFO - [2024-11-13T19:47:02.194+0000] {dag.py:4180} INFO - Setting next_dagrun for latest_only to 2024-11-13 12:00:00+00:00, run_after=2024-11-13 16:00:00+00:00
[2024-11-13T19:47:02.208+0000] {processor.py:208} INFO - Processing /home/airflow/.local/lib/python3.12/site-packages/airflow/example_dags/example_latest_only.py took 0.061 seconds
[2024-11-13T19:47:33.082+0000] {processor.py:186} INFO - Started process (PID=3067) to work on /home/airflow/.local/lib/python3.12/site-packages/airflow/example_dags/example_latest_only.py
[2024-11-13T19:47:33.083+0000] {processor.py:914} INFO - Processing file /home/airflow/.local/lib/python3.12/site-packages/airflow/example_dags/example_latest_only.py for tasks to queue
[2024-11-13T19:47:33.085+0000] {logging_mixin.py:190} INFO - [2024-11-13T19:47:33.085+0000] {dagbag.py:588} INFO - Filling up the DagBag from /home/airflow/.local/lib/python3.12/site-packages/airflow/example_dags/example_latest_only.py
[2024-11-13T19:47:33.091+0000] {processor.py:925} INFO - DAG(s) 'latest_only' retrieved from /home/airflow/.local/lib/python3.12/site-packages/airflow/example_dags/example_latest_only.py
[2024-11-13T19:47:33.108+0000] {logging_mixin.py:190} INFO - [2024-11-13T19:47:33.108+0000] {dag.py:3239} INFO - Sync 1 DAGs
[2024-11-13T19:47:33.265+0000] {logging_mixin.py:190} INFO - [2024-11-13T19:47:33.265+0000] {dag.py:4180} INFO - Setting next_dagrun for latest_only to 2024-11-13 12:00:00+00:00, run_after=2024-11-13 16:00:00+00:00
[2024-11-13T19:47:33.279+0000] {processor.py:208} INFO - Processing /home/airflow/.local/lib/python3.12/site-packages/airflow/example_dags/example_latest_only.py took 0.202 seconds
[2024-11-13T19:48:03.371+0000] {processor.py:186} INFO - Started process (PID=3130) to work on /home/airflow/.local/lib/python3.12/site-packages/airflow/example_dags/example_latest_only.py
[2024-11-13T19:48:03.372+0000] {processor.py:914} INFO - Processing file /home/airflow/.local/lib/python3.12/site-packages/airflow/example_dags/example_latest_only.py for tasks to queue
[2024-11-13T19:48:03.374+0000] {logging_mixin.py:190} INFO - [2024-11-13T19:48:03.374+0000] {dagbag.py:588} INFO - Filling up the DagBag from /home/airflow/.local/lib/python3.12/site-packages/airflow/example_dags/example_latest_only.py
[2024-11-13T19:48:03.380+0000] {processor.py:925} INFO - DAG(s) 'latest_only' retrieved from /home/airflow/.local/lib/python3.12/site-packages/airflow/example_dags/example_latest_only.py
[2024-11-13T19:48:03.397+0000] {logging_mixin.py:190} INFO - [2024-11-13T19:48:03.397+0000] {dag.py:3239} INFO - Sync 1 DAGs
[2024-11-13T19:48:03.549+0000] {logging_mixin.py:190} INFO - [2024-11-13T19:48:03.549+0000] {dag.py:4180} INFO - Setting next_dagrun for latest_only to 2024-11-13 12:00:00+00:00, run_after=2024-11-13 16:00:00+00:00
[2024-11-13T19:48:03.563+0000] {processor.py:208} INFO - Processing /home/airflow/.local/lib/python3.12/site-packages/airflow/example_dags/example_latest_only.py took 0.195 seconds
[2024-11-13T19:48:34.443+0000] {processor.py:186} INFO - Started process (PID=3193) to work on /home/airflow/.local/lib/python3.12/site-packages/airflow/example_dags/example_latest_only.py
[2024-11-13T19:48:34.444+0000] {processor.py:914} INFO - Processing file /home/airflow/.local/lib/python3.12/site-packages/airflow/example_dags/example_latest_only.py for tasks to queue
[2024-11-13T19:48:34.446+0000] {logging_mixin.py:190} INFO - [2024-11-13T19:48:34.446+0000] {dagbag.py:588} INFO - Filling up the DagBag from /home/airflow/.local/lib/python3.12/site-packages/airflow/example_dags/example_latest_only.py
[2024-11-13T19:48:34.451+0000] {processor.py:925} INFO - DAG(s) 'latest_only' retrieved from /home/airflow/.local/lib/python3.12/site-packages/airflow/example_dags/example_latest_only.py
[2024-11-13T19:48:34.468+0000] {logging_mixin.py:190} INFO - [2024-11-13T19:48:34.468+0000] {dag.py:3239} INFO - Sync 1 DAGs
[2024-11-13T19:48:34.486+0000] {logging_mixin.py:190} INFO - [2024-11-13T19:48:34.486+0000] {dag.py:4180} INFO - Setting next_dagrun for latest_only to 2024-11-13 12:00:00+00:00, run_after=2024-11-13 16:00:00+00:00
[2024-11-13T19:48:34.502+0000] {processor.py:208} INFO - Processing /home/airflow/.local/lib/python3.12/site-packages/airflow/example_dags/example_latest_only.py took 0.063 seconds
[2024-11-13T19:49:05.355+0000] {processor.py:186} INFO - Started process (PID=3256) to work on /home/airflow/.local/lib/python3.12/site-packages/airflow/example_dags/example_latest_only.py
[2024-11-13T19:49:05.387+0000] {processor.py:914} INFO - Processing file /home/airflow/.local/lib/python3.12/site-packages/airflow/example_dags/example_latest_only.py for tasks to queue
[2024-11-13T19:49:05.389+0000] {logging_mixin.py:190} INFO - [2024-11-13T19:49:05.389+0000] {dagbag.py:588} INFO - Filling up the DagBag from /home/airflow/.local/lib/python3.12/site-packages/airflow/example_dags/example_latest_only.py
[2024-11-13T19:49:05.394+0000] {processor.py:925} INFO - DAG(s) 'latest_only' retrieved from /home/airflow/.local/lib/python3.12/site-packages/airflow/example_dags/example_latest_only.py
[2024-11-13T19:49:05.410+0000] {logging_mixin.py:190} INFO - [2024-11-13T19:49:05.410+0000] {dag.py:3239} INFO - Sync 1 DAGs
[2024-11-13T19:49:05.428+0000] {logging_mixin.py:190} INFO - [2024-11-13T19:49:05.428+0000] {dag.py:4180} INFO - Setting next_dagrun for latest_only to 2024-11-13 12:00:00+00:00, run_after=2024-11-13 16:00:00+00:00
[2024-11-13T19:49:05.444+0000] {processor.py:208} INFO - Processing /home/airflow/.local/lib/python3.12/site-packages/airflow/example_dags/example_latest_only.py took 0.093 seconds
[2024-11-13T19:49:36.339+0000] {processor.py:186} INFO - Started process (PID=3319) to work on /home/airflow/.local/lib/python3.12/site-packages/airflow/example_dags/example_latest_only.py
[2024-11-13T19:49:36.340+0000] {processor.py:914} INFO - Processing file /home/airflow/.local/lib/python3.12/site-packages/airflow/example_dags/example_latest_only.py for tasks to queue
[2024-11-13T19:49:36.341+0000] {logging_mixin.py:190} INFO - [2024-11-13T19:49:36.341+0000] {dagbag.py:588} INFO - Filling up the DagBag from /home/airflow/.local/lib/python3.12/site-packages/airflow/example_dags/example_latest_only.py
[2024-11-13T19:49:36.347+0000] {processor.py:925} INFO - DAG(s) 'latest_only' retrieved from /home/airflow/.local/lib/python3.12/site-packages/airflow/example_dags/example_latest_only.py
[2024-11-13T19:49:36.363+0000] {logging_mixin.py:190} INFO - [2024-11-13T19:49:36.363+0000] {dag.py:3239} INFO - Sync 1 DAGs
[2024-11-13T19:49:36.380+0000] {logging_mixin.py:190} INFO - [2024-11-13T19:49:36.380+0000] {dag.py:4180} INFO - Setting next_dagrun for latest_only to 2024-11-13 12:00:00+00:00, run_after=2024-11-13 16:00:00+00:00
[2024-11-13T19:49:36.394+0000] {processor.py:208} INFO - Processing /home/airflow/.local/lib/python3.12/site-packages/airflow/example_dags/example_latest_only.py took 0.060 seconds
[2024-11-13T19:50:07.223+0000] {processor.py:186} INFO - Started process (PID=3382) to work on /home/airflow/.local/lib/python3.12/site-packages/airflow/example_dags/example_latest_only.py
[2024-11-13T19:50:07.224+0000] {processor.py:914} INFO - Processing file /home/airflow/.local/lib/python3.12/site-packages/airflow/example_dags/example_latest_only.py for tasks to queue
[2024-11-13T19:50:07.226+0000] {logging_mixin.py:190} INFO - [2024-11-13T19:50:07.226+0000] {dagbag.py:588} INFO - Filling up the DagBag from /home/airflow/.local/lib/python3.12/site-packages/airflow/example_dags/example_latest_only.py
[2024-11-13T19:50:07.231+0000] {processor.py:925} INFO - DAG(s) 'latest_only' retrieved from /home/airflow/.local/lib/python3.12/site-packages/airflow/example_dags/example_latest_only.py
[2024-11-13T19:50:07.247+0000] {logging_mixin.py:190} INFO - [2024-11-13T19:50:07.247+0000] {dag.py:3239} INFO - Sync 1 DAGs
[2024-11-13T19:50:07.265+0000] {logging_mixin.py:190} INFO - [2024-11-13T19:50:07.265+0000] {dag.py:4180} INFO - Setting next_dagrun for latest_only to 2024-11-13 12:00:00+00:00, run_after=2024-11-13 16:00:00+00:00
[2024-11-13T19:50:07.281+0000] {processor.py:208} INFO - Processing /home/airflow/.local/lib/python3.12/site-packages/airflow/example_dags/example_latest_only.py took 0.062 seconds
[2024-11-13T19:50:37.349+0000] {processor.py:186} INFO - Started process (PID=3445) to work on /home/airflow/.local/lib/python3.12/site-packages/airflow/example_dags/example_latest_only.py
[2024-11-13T19:50:37.382+0000] {processor.py:914} INFO - Processing file /home/airflow/.local/lib/python3.12/site-packages/airflow/example_dags/example_latest_only.py for tasks to queue
[2024-11-13T19:50:37.386+0000] {logging_mixin.py:190} INFO - [2024-11-13T19:50:37.385+0000] {dagbag.py:588} INFO - Filling up the DagBag from /home/airflow/.local/lib/python3.12/site-packages/airflow/example_dags/example_latest_only.py
[2024-11-13T19:50:37.404+0000] {processor.py:925} INFO - DAG(s) 'latest_only' retrieved from /home/airflow/.local/lib/python3.12/site-packages/airflow/example_dags/example_latest_only.py
[2024-11-13T19:50:37.421+0000] {logging_mixin.py:190} INFO - [2024-11-13T19:50:37.421+0000] {dag.py:3239} INFO - Sync 1 DAGs
[2024-11-13T19:50:37.438+0000] {logging_mixin.py:190} INFO - [2024-11-13T19:50:37.438+0000] {dag.py:4180} INFO - Setting next_dagrun for latest_only to 2024-11-13 12:00:00+00:00, run_after=2024-11-13 16:00:00+00:00
[2024-11-13T19:50:37.454+0000] {processor.py:208} INFO - Processing /home/airflow/.local/lib/python3.12/site-packages/airflow/example_dags/example_latest_only.py took 0.109 seconds
[2024-11-13T19:51:07.596+0000] {processor.py:186} INFO - Started process (PID=3508) to work on /home/airflow/.local/lib/python3.12/site-packages/airflow/example_dags/example_latest_only.py
[2024-11-13T19:51:07.629+0000] {processor.py:914} INFO - Processing file /home/airflow/.local/lib/python3.12/site-packages/airflow/example_dags/example_latest_only.py for tasks to queue
[2024-11-13T19:51:07.631+0000] {logging_mixin.py:190} INFO - [2024-11-13T19:51:07.631+0000] {dagbag.py:588} INFO - Filling up the DagBag from /home/airflow/.local/lib/python3.12/site-packages/airflow/example_dags/example_latest_only.py
[2024-11-13T19:51:07.636+0000] {processor.py:925} INFO - DAG(s) 'latest_only' retrieved from /home/airflow/.local/lib/python3.12/site-packages/airflow/example_dags/example_latest_only.py
[2024-11-13T19:51:07.652+0000] {logging_mixin.py:190} INFO - [2024-11-13T19:51:07.652+0000] {dag.py:3239} INFO - Sync 1 DAGs
[2024-11-13T19:51:07.669+0000] {logging_mixin.py:190} INFO - [2024-11-13T19:51:07.669+0000] {dag.py:4180} INFO - Setting next_dagrun for latest_only to 2024-11-13 12:00:00+00:00, run_after=2024-11-13 16:00:00+00:00
[2024-11-13T19:51:07.684+0000] {processor.py:208} INFO - Processing /home/airflow/.local/lib/python3.12/site-packages/airflow/example_dags/example_latest_only.py took 0.092 seconds
[2024-11-13T19:51:37.852+0000] {processor.py:186} INFO - Started process (PID=3571) to work on /home/airflow/.local/lib/python3.12/site-packages/airflow/example_dags/example_latest_only.py
[2024-11-13T19:51:37.853+0000] {processor.py:914} INFO - Processing file /home/airflow/.local/lib/python3.12/site-packages/airflow/example_dags/example_latest_only.py for tasks to queue
[2024-11-13T19:51:37.855+0000] {logging_mixin.py:190} INFO - [2024-11-13T19:51:37.855+0000] {dagbag.py:588} INFO - Filling up the DagBag from /home/airflow/.local/lib/python3.12/site-packages/airflow/example_dags/example_latest_only.py
[2024-11-13T19:51:37.862+0000] {processor.py:925} INFO - DAG(s) 'latest_only' retrieved from /home/airflow/.local/lib/python3.12/site-packages/airflow/example_dags/example_latest_only.py
[2024-11-13T19:51:37.881+0000] {logging_mixin.py:190} INFO - [2024-11-13T19:51:37.881+0000] {dag.py:3239} INFO - Sync 1 DAGs
[2024-11-13T19:51:37.901+0000] {logging_mixin.py:190} INFO - [2024-11-13T19:51:37.900+0000] {dag.py:4180} INFO - Setting next_dagrun for latest_only to 2024-11-13 12:00:00+00:00, run_after=2024-11-13 16:00:00+00:00
[2024-11-13T19:51:37.916+0000] {processor.py:208} INFO - Processing /home/airflow/.local/lib/python3.12/site-packages/airflow/example_dags/example_latest_only.py took 0.068 seconds
[2024-11-13T19:52:08.008+0000] {processor.py:186} INFO - Started process (PID=3634) to work on /home/airflow/.local/lib/python3.12/site-packages/airflow/example_dags/example_latest_only.py
[2024-11-13T19:52:08.085+0000] {processor.py:914} INFO - Processing file /home/airflow/.local/lib/python3.12/site-packages/airflow/example_dags/example_latest_only.py for tasks to queue
[2024-11-13T19:52:08.087+0000] {logging_mixin.py:190} INFO - [2024-11-13T19:52:08.087+0000] {dagbag.py:588} INFO - Filling up the DagBag from /home/airflow/.local/lib/python3.12/site-packages/airflow/example_dags/example_latest_only.py
[2024-11-13T19:52:08.092+0000] {processor.py:925} INFO - DAG(s) 'latest_only' retrieved from /home/airflow/.local/lib/python3.12/site-packages/airflow/example_dags/example_latest_only.py
[2024-11-13T19:52:08.106+0000] {logging_mixin.py:190} INFO - [2024-11-13T19:52:08.106+0000] {dag.py:3239} INFO - Sync 1 DAGs
[2024-11-13T19:52:08.121+0000] {logging_mixin.py:190} INFO - [2024-11-13T19:52:08.121+0000] {dag.py:4180} INFO - Setting next_dagrun for latest_only to 2024-11-13 12:00:00+00:00, run_after=2024-11-13 16:00:00+00:00
[2024-11-13T19:52:08.136+0000] {processor.py:208} INFO - Processing /home/airflow/.local/lib/python3.12/site-packages/airflow/example_dags/example_latest_only.py took 0.132 seconds
[2024-11-13T19:52:38.256+0000] {processor.py:186} INFO - Started process (PID=3697) to work on /home/airflow/.local/lib/python3.12/site-packages/airflow/example_dags/example_latest_only.py
[2024-11-13T19:52:38.258+0000] {processor.py:914} INFO - Processing file /home/airflow/.local/lib/python3.12/site-packages/airflow/example_dags/example_latest_only.py for tasks to queue
[2024-11-13T19:52:38.260+0000] {logging_mixin.py:190} INFO - [2024-11-13T19:52:38.259+0000] {dagbag.py:588} INFO - Filling up the DagBag from /home/airflow/.local/lib/python3.12/site-packages/airflow/example_dags/example_latest_only.py
[2024-11-13T19:52:38.265+0000] {processor.py:925} INFO - DAG(s) 'latest_only' retrieved from /home/airflow/.local/lib/python3.12/site-packages/airflow/example_dags/example_latest_only.py
[2024-11-13T19:52:38.284+0000] {logging_mixin.py:190} INFO - [2024-11-13T19:52:38.284+0000] {dag.py:3239} INFO - Sync 1 DAGs
[2024-11-13T19:52:38.302+0000] {logging_mixin.py:190} INFO - [2024-11-13T19:52:38.302+0000] {dag.py:4180} INFO - Setting next_dagrun for latest_only to 2024-11-13 12:00:00+00:00, run_after=2024-11-13 16:00:00+00:00
[2024-11-13T19:52:38.315+0000] {processor.py:208} INFO - Processing /home/airflow/.local/lib/python3.12/site-packages/airflow/example_dags/example_latest_only.py took 0.063 seconds
