[2024-11-13T19:23:17.236+0000] {processor.py:186} INFO - Started process (PID=81) to work on /home/airflow/.local/lib/python3.12/site-packages/airflow/example_dags/example_complex.py
[2024-11-13T19:23:17.236+0000] {processor.py:914} INFO - Processing file /home/airflow/.local/lib/python3.12/site-packages/airflow/example_dags/example_complex.py for tasks to queue
[2024-11-13T19:23:17.238+0000] {logging_mixin.py:190} INFO - [2024-11-13T19:23:17.238+0000] {dagbag.py:588} INFO - Filling up the DagBag from /home/airflow/.local/lib/python3.12/site-packages/airflow/example_dags/example_complex.py
[2024-11-13T19:23:17.247+0000] {processor.py:925} INFO - DAG(s) 'example_complex' retrieved from /home/airflow/.local/lib/python3.12/site-packages/airflow/example_dags/example_complex.py
[2024-11-13T19:23:17.335+0000] {logging_mixin.py:190} INFO - [2024-11-13T19:23:17.335+0000] {override.py:1911} INFO - Created Permission View: can edit on DAG:example_complex
[2024-11-13T19:23:17.343+0000] {logging_mixin.py:190} INFO - [2024-11-13T19:23:17.342+0000] {override.py:1911} INFO - Created Permission View: can read on DAG:example_complex
[2024-11-13T19:23:17.348+0000] {logging_mixin.py:190} INFO - [2024-11-13T19:23:17.348+0000] {override.py:1911} INFO - Created Permission View: can delete on DAG:example_complex
[2024-11-13T19:23:17.353+0000] {logging_mixin.py:190} INFO - [2024-11-13T19:23:17.353+0000] {override.py:1911} INFO - Created Permission View: can delete on DAG Run:example_complex
[2024-11-13T19:23:17.358+0000] {logging_mixin.py:190} INFO - [2024-11-13T19:23:17.358+0000] {override.py:1911} INFO - Created Permission View: can read on DAG Run:example_complex
[2024-11-13T19:23:17.363+0000] {logging_mixin.py:190} INFO - [2024-11-13T19:23:17.363+0000] {override.py:1911} INFO - Created Permission View: menu access on DAG Run:example_complex
[2024-11-13T19:23:17.368+0000] {logging_mixin.py:190} INFO - [2024-11-13T19:23:17.368+0000] {override.py:1911} INFO - Created Permission View: can create on DAG Run:example_complex
[2024-11-13T19:23:17.368+0000] {logging_mixin.py:190} INFO - [2024-11-13T19:23:17.368+0000] {dag.py:3239} INFO - Sync 1 DAGs
[2024-11-13T19:23:17.379+0000] {logging_mixin.py:190} INFO - [2024-11-13T19:23:17.379+0000] {dag.py:3262} INFO - Creating ORM DAG for example_complex
[2024-11-13T19:23:17.380+0000] {logging_mixin.py:190} INFO - [2024-11-13T19:23:17.380+0000] {dag.py:4180} INFO - Setting next_dagrun for example_complex to None, run_after=None
[2024-11-13T19:23:17.394+0000] {processor.py:208} INFO - Processing /home/airflow/.local/lib/python3.12/site-packages/airflow/example_dags/example_complex.py took 0.162 seconds
[2024-11-13T19:23:48.391+0000] {processor.py:186} INFO - Started process (PID=144) to work on /home/airflow/.local/lib/python3.12/site-packages/airflow/example_dags/example_complex.py
[2024-11-13T19:23:48.391+0000] {processor.py:914} INFO - Processing file /home/airflow/.local/lib/python3.12/site-packages/airflow/example_dags/example_complex.py for tasks to queue
[2024-11-13T19:23:48.393+0000] {logging_mixin.py:190} INFO - [2024-11-13T19:23:48.393+0000] {dagbag.py:588} INFO - Filling up the DagBag from /home/airflow/.local/lib/python3.12/site-packages/airflow/example_dags/example_complex.py
[2024-11-13T19:23:48.401+0000] {processor.py:925} INFO - DAG(s) 'example_complex' retrieved from /home/airflow/.local/lib/python3.12/site-packages/airflow/example_dags/example_complex.py
[2024-11-13T19:23:48.423+0000] {logging_mixin.py:190} INFO - [2024-11-13T19:23:48.423+0000] {dag.py:3239} INFO - Sync 1 DAGs
[2024-11-13T19:23:48.434+0000] {logging_mixin.py:190} INFO - [2024-11-13T19:23:48.433+0000] {dag.py:4180} INFO - Setting next_dagrun for example_complex to None, run_after=None
[2024-11-13T19:23:48.448+0000] {processor.py:208} INFO - Processing /home/airflow/.local/lib/python3.12/site-packages/airflow/example_dags/example_complex.py took 0.061 seconds
[2024-11-13T19:24:18.651+0000] {processor.py:186} INFO - Started process (PID=206) to work on /home/airflow/.local/lib/python3.12/site-packages/airflow/example_dags/example_complex.py
[2024-11-13T19:24:18.653+0000] {processor.py:914} INFO - Processing file /home/airflow/.local/lib/python3.12/site-packages/airflow/example_dags/example_complex.py for tasks to queue
[2024-11-13T19:24:18.655+0000] {logging_mixin.py:190} INFO - [2024-11-13T19:24:18.654+0000] {dagbag.py:588} INFO - Filling up the DagBag from /home/airflow/.local/lib/python3.12/site-packages/airflow/example_dags/example_complex.py
[2024-11-13T19:24:18.662+0000] {processor.py:925} INFO - DAG(s) 'example_complex' retrieved from /home/airflow/.local/lib/python3.12/site-packages/airflow/example_dags/example_complex.py
[2024-11-13T19:24:18.687+0000] {logging_mixin.py:190} INFO - [2024-11-13T19:24:18.687+0000] {dag.py:3239} INFO - Sync 1 DAGs
[2024-11-13T19:24:18.698+0000] {logging_mixin.py:190} INFO - [2024-11-13T19:24:18.698+0000] {dag.py:4180} INFO - Setting next_dagrun for example_complex to None, run_after=None
[2024-11-13T19:24:18.713+0000] {processor.py:208} INFO - Processing /home/airflow/.local/lib/python3.12/site-packages/airflow/example_dags/example_complex.py took 0.066 seconds
[2024-11-13T19:24:48.782+0000] {processor.py:186} INFO - Started process (PID=269) to work on /home/airflow/.local/lib/python3.12/site-packages/airflow/example_dags/example_complex.py
[2024-11-13T19:24:48.797+0000] {processor.py:914} INFO - Processing file /home/airflow/.local/lib/python3.12/site-packages/airflow/example_dags/example_complex.py for tasks to queue
[2024-11-13T19:24:48.799+0000] {logging_mixin.py:190} INFO - [2024-11-13T19:24:48.799+0000] {dagbag.py:588} INFO - Filling up the DagBag from /home/airflow/.local/lib/python3.12/site-packages/airflow/example_dags/example_complex.py
[2024-11-13T19:24:48.807+0000] {processor.py:925} INFO - DAG(s) 'example_complex' retrieved from /home/airflow/.local/lib/python3.12/site-packages/airflow/example_dags/example_complex.py
[2024-11-13T19:24:48.830+0000] {logging_mixin.py:190} INFO - [2024-11-13T19:24:48.830+0000] {dag.py:3239} INFO - Sync 1 DAGs
[2024-11-13T19:24:48.840+0000] {logging_mixin.py:190} INFO - [2024-11-13T19:24:48.840+0000] {dag.py:4180} INFO - Setting next_dagrun for example_complex to None, run_after=None
[2024-11-13T19:24:48.855+0000] {processor.py:208} INFO - Processing /home/airflow/.local/lib/python3.12/site-packages/airflow/example_dags/example_complex.py took 0.077 seconds
[2024-11-13T19:25:19.177+0000] {processor.py:186} INFO - Started process (PID=338) to work on /home/airflow/.local/lib/python3.12/site-packages/airflow/example_dags/example_complex.py
[2024-11-13T19:25:19.210+0000] {processor.py:914} INFO - Processing file /home/airflow/.local/lib/python3.12/site-packages/airflow/example_dags/example_complex.py for tasks to queue
[2024-11-13T19:25:19.212+0000] {logging_mixin.py:190} INFO - [2024-11-13T19:25:19.211+0000] {dagbag.py:588} INFO - Filling up the DagBag from /home/airflow/.local/lib/python3.12/site-packages/airflow/example_dags/example_complex.py
[2024-11-13T19:25:19.221+0000] {processor.py:925} INFO - DAG(s) 'example_complex' retrieved from /home/airflow/.local/lib/python3.12/site-packages/airflow/example_dags/example_complex.py
[2024-11-13T19:25:19.250+0000] {logging_mixin.py:190} INFO - [2024-11-13T19:25:19.250+0000] {dag.py:3239} INFO - Sync 1 DAGs
[2024-11-13T19:25:19.262+0000] {logging_mixin.py:190} INFO - [2024-11-13T19:25:19.262+0000] {dag.py:4180} INFO - Setting next_dagrun for example_complex to None, run_after=None
[2024-11-13T19:25:19.279+0000] {processor.py:208} INFO - Processing /home/airflow/.local/lib/python3.12/site-packages/airflow/example_dags/example_complex.py took 0.107 seconds
[2024-11-13T19:25:49.406+0000] {processor.py:186} INFO - Started process (PID=401) to work on /home/airflow/.local/lib/python3.12/site-packages/airflow/example_dags/example_complex.py
[2024-11-13T19:25:49.441+0000] {processor.py:914} INFO - Processing file /home/airflow/.local/lib/python3.12/site-packages/airflow/example_dags/example_complex.py for tasks to queue
[2024-11-13T19:25:49.443+0000] {logging_mixin.py:190} INFO - [2024-11-13T19:25:49.443+0000] {dagbag.py:588} INFO - Filling up the DagBag from /home/airflow/.local/lib/python3.12/site-packages/airflow/example_dags/example_complex.py
[2024-11-13T19:25:49.451+0000] {processor.py:925} INFO - DAG(s) 'example_complex' retrieved from /home/airflow/.local/lib/python3.12/site-packages/airflow/example_dags/example_complex.py
[2024-11-13T19:25:49.475+0000] {logging_mixin.py:190} INFO - [2024-11-13T19:25:49.474+0000] {dag.py:3239} INFO - Sync 1 DAGs
[2024-11-13T19:25:49.486+0000] {logging_mixin.py:190} INFO - [2024-11-13T19:25:49.485+0000] {dag.py:4180} INFO - Setting next_dagrun for example_complex to None, run_after=None
[2024-11-13T19:25:49.500+0000] {processor.py:208} INFO - Processing /home/airflow/.local/lib/python3.12/site-packages/airflow/example_dags/example_complex.py took 0.099 seconds
[2024-11-13T19:26:19.615+0000] {processor.py:186} INFO - Started process (PID=464) to work on /home/airflow/.local/lib/python3.12/site-packages/airflow/example_dags/example_complex.py
[2024-11-13T19:26:19.648+0000] {processor.py:914} INFO - Processing file /home/airflow/.local/lib/python3.12/site-packages/airflow/example_dags/example_complex.py for tasks to queue
[2024-11-13T19:26:19.650+0000] {logging_mixin.py:190} INFO - [2024-11-13T19:26:19.650+0000] {dagbag.py:588} INFO - Filling up the DagBag from /home/airflow/.local/lib/python3.12/site-packages/airflow/example_dags/example_complex.py
[2024-11-13T19:26:19.657+0000] {processor.py:925} INFO - DAG(s) 'example_complex' retrieved from /home/airflow/.local/lib/python3.12/site-packages/airflow/example_dags/example_complex.py
[2024-11-13T19:26:19.678+0000] {logging_mixin.py:190} INFO - [2024-11-13T19:26:19.678+0000] {dag.py:3239} INFO - Sync 1 DAGs
[2024-11-13T19:26:19.688+0000] {logging_mixin.py:190} INFO - [2024-11-13T19:26:19.688+0000] {dag.py:4180} INFO - Setting next_dagrun for example_complex to None, run_after=None
[2024-11-13T19:26:19.703+0000] {processor.py:208} INFO - Processing /home/airflow/.local/lib/python3.12/site-packages/airflow/example_dags/example_complex.py took 0.092 seconds
[2024-11-13T19:26:49.818+0000] {processor.py:186} INFO - Started process (PID=527) to work on /home/airflow/.local/lib/python3.12/site-packages/airflow/example_dags/example_complex.py
[2024-11-13T19:26:49.819+0000] {processor.py:914} INFO - Processing file /home/airflow/.local/lib/python3.12/site-packages/airflow/example_dags/example_complex.py for tasks to queue
[2024-11-13T19:26:49.821+0000] {logging_mixin.py:190} INFO - [2024-11-13T19:26:49.820+0000] {dagbag.py:588} INFO - Filling up the DagBag from /home/airflow/.local/lib/python3.12/site-packages/airflow/example_dags/example_complex.py
[2024-11-13T19:26:49.829+0000] {processor.py:925} INFO - DAG(s) 'example_complex' retrieved from /home/airflow/.local/lib/python3.12/site-packages/airflow/example_dags/example_complex.py
[2024-11-13T19:26:49.851+0000] {logging_mixin.py:190} INFO - [2024-11-13T19:26:49.851+0000] {dag.py:3239} INFO - Sync 1 DAGs
[2024-11-13T19:26:49.861+0000] {logging_mixin.py:190} INFO - [2024-11-13T19:26:49.860+0000] {dag.py:4180} INFO - Setting next_dagrun for example_complex to None, run_after=None
[2024-11-13T19:26:49.875+0000] {processor.py:208} INFO - Processing /home/airflow/.local/lib/python3.12/site-packages/airflow/example_dags/example_complex.py took 0.061 seconds
[2024-11-13T19:27:20.225+0000] {processor.py:186} INFO - Started process (PID=590) to work on /home/airflow/.local/lib/python3.12/site-packages/airflow/example_dags/example_complex.py
[2024-11-13T19:27:20.258+0000] {processor.py:914} INFO - Processing file /home/airflow/.local/lib/python3.12/site-packages/airflow/example_dags/example_complex.py for tasks to queue
[2024-11-13T19:27:20.259+0000] {logging_mixin.py:190} INFO - [2024-11-13T19:27:20.259+0000] {dagbag.py:588} INFO - Filling up the DagBag from /home/airflow/.local/lib/python3.12/site-packages/airflow/example_dags/example_complex.py
[2024-11-13T19:27:20.267+0000] {processor.py:925} INFO - DAG(s) 'example_complex' retrieved from /home/airflow/.local/lib/python3.12/site-packages/airflow/example_dags/example_complex.py
[2024-11-13T19:27:20.290+0000] {logging_mixin.py:190} INFO - [2024-11-13T19:27:20.290+0000] {dag.py:3239} INFO - Sync 1 DAGs
[2024-11-13T19:27:20.299+0000] {logging_mixin.py:190} INFO - [2024-11-13T19:27:20.299+0000] {dag.py:4180} INFO - Setting next_dagrun for example_complex to None, run_after=None
[2024-11-13T19:27:20.314+0000] {processor.py:208} INFO - Processing /home/airflow/.local/lib/python3.12/site-packages/airflow/example_dags/example_complex.py took 0.093 seconds
[2024-11-13T19:27:50.357+0000] {processor.py:186} INFO - Started process (PID=653) to work on /home/airflow/.local/lib/python3.12/site-packages/airflow/example_dags/example_complex.py
[2024-11-13T19:27:50.390+0000] {processor.py:914} INFO - Processing file /home/airflow/.local/lib/python3.12/site-packages/airflow/example_dags/example_complex.py for tasks to queue
[2024-11-13T19:27:50.392+0000] {logging_mixin.py:190} INFO - [2024-11-13T19:27:50.391+0000] {dagbag.py:588} INFO - Filling up the DagBag from /home/airflow/.local/lib/python3.12/site-packages/airflow/example_dags/example_complex.py
[2024-11-13T19:27:50.399+0000] {processor.py:925} INFO - DAG(s) 'example_complex' retrieved from /home/airflow/.local/lib/python3.12/site-packages/airflow/example_dags/example_complex.py
[2024-11-13T19:27:50.420+0000] {logging_mixin.py:190} INFO - [2024-11-13T19:27:50.420+0000] {dag.py:3239} INFO - Sync 1 DAGs
[2024-11-13T19:27:50.430+0000] {logging_mixin.py:190} INFO - [2024-11-13T19:27:50.429+0000] {dag.py:4180} INFO - Setting next_dagrun for example_complex to None, run_after=None
[2024-11-13T19:27:50.445+0000] {processor.py:208} INFO - Processing /home/airflow/.local/lib/python3.12/site-packages/airflow/example_dags/example_complex.py took 0.091 seconds
[2024-11-13T19:28:20.802+0000] {processor.py:186} INFO - Started process (PID=716) to work on /home/airflow/.local/lib/python3.12/site-packages/airflow/example_dags/example_complex.py
[2024-11-13T19:28:20.834+0000] {processor.py:914} INFO - Processing file /home/airflow/.local/lib/python3.12/site-packages/airflow/example_dags/example_complex.py for tasks to queue
[2024-11-13T19:28:20.836+0000] {logging_mixin.py:190} INFO - [2024-11-13T19:28:20.836+0000] {dagbag.py:588} INFO - Filling up the DagBag from /home/airflow/.local/lib/python3.12/site-packages/airflow/example_dags/example_complex.py
[2024-11-13T19:28:20.844+0000] {processor.py:925} INFO - DAG(s) 'example_complex' retrieved from /home/airflow/.local/lib/python3.12/site-packages/airflow/example_dags/example_complex.py
[2024-11-13T19:28:20.867+0000] {logging_mixin.py:190} INFO - [2024-11-13T19:28:20.867+0000] {dag.py:3239} INFO - Sync 1 DAGs
[2024-11-13T19:28:20.876+0000] {logging_mixin.py:190} INFO - [2024-11-13T19:28:20.876+0000] {dag.py:4180} INFO - Setting next_dagrun for example_complex to None, run_after=None
[2024-11-13T19:28:20.892+0000] {processor.py:208} INFO - Processing /home/airflow/.local/lib/python3.12/site-packages/airflow/example_dags/example_complex.py took 0.094 seconds
[2024-11-13T19:28:51.379+0000] {processor.py:186} INFO - Started process (PID=779) to work on /home/airflow/.local/lib/python3.12/site-packages/airflow/example_dags/example_complex.py
[2024-11-13T19:28:51.381+0000] {processor.py:914} INFO - Processing file /home/airflow/.local/lib/python3.12/site-packages/airflow/example_dags/example_complex.py for tasks to queue
[2024-11-13T19:28:51.383+0000] {logging_mixin.py:190} INFO - [2024-11-13T19:28:51.382+0000] {dagbag.py:588} INFO - Filling up the DagBag from /home/airflow/.local/lib/python3.12/site-packages/airflow/example_dags/example_complex.py
[2024-11-13T19:28:51.390+0000] {processor.py:925} INFO - DAG(s) 'example_complex' retrieved from /home/airflow/.local/lib/python3.12/site-packages/airflow/example_dags/example_complex.py
[2024-11-13T19:28:51.414+0000] {logging_mixin.py:190} INFO - [2024-11-13T19:28:51.414+0000] {dag.py:3239} INFO - Sync 1 DAGs
[2024-11-13T19:28:51.423+0000] {logging_mixin.py:190} INFO - [2024-11-13T19:28:51.423+0000] {dag.py:4180} INFO - Setting next_dagrun for example_complex to None, run_after=None
[2024-11-13T19:28:51.439+0000] {processor.py:208} INFO - Processing /home/airflow/.local/lib/python3.12/site-packages/airflow/example_dags/example_complex.py took 0.063 seconds
[2024-11-13T19:29:21.564+0000] {processor.py:186} INFO - Started process (PID=842) to work on /home/airflow/.local/lib/python3.12/site-packages/airflow/example_dags/example_complex.py
[2024-11-13T19:29:21.596+0000] {processor.py:914} INFO - Processing file /home/airflow/.local/lib/python3.12/site-packages/airflow/example_dags/example_complex.py for tasks to queue
[2024-11-13T19:29:21.598+0000] {logging_mixin.py:190} INFO - [2024-11-13T19:29:21.597+0000] {dagbag.py:588} INFO - Filling up the DagBag from /home/airflow/.local/lib/python3.12/site-packages/airflow/example_dags/example_complex.py
[2024-11-13T19:29:21.605+0000] {processor.py:925} INFO - DAG(s) 'example_complex' retrieved from /home/airflow/.local/lib/python3.12/site-packages/airflow/example_dags/example_complex.py
[2024-11-13T19:29:21.627+0000] {logging_mixin.py:190} INFO - [2024-11-13T19:29:21.627+0000] {dag.py:3239} INFO - Sync 1 DAGs
[2024-11-13T19:29:21.636+0000] {logging_mixin.py:190} INFO - [2024-11-13T19:29:21.636+0000] {dag.py:4180} INFO - Setting next_dagrun for example_complex to None, run_after=None
[2024-11-13T19:29:21.651+0000] {processor.py:208} INFO - Processing /home/airflow/.local/lib/python3.12/site-packages/airflow/example_dags/example_complex.py took 0.091 seconds
[2024-11-13T19:29:51.986+0000] {processor.py:186} INFO - Started process (PID=905) to work on /home/airflow/.local/lib/python3.12/site-packages/airflow/example_dags/example_complex.py
[2024-11-13T19:29:51.987+0000] {processor.py:914} INFO - Processing file /home/airflow/.local/lib/python3.12/site-packages/airflow/example_dags/example_complex.py for tasks to queue
[2024-11-13T19:29:51.989+0000] {logging_mixin.py:190} INFO - [2024-11-13T19:29:51.988+0000] {dagbag.py:588} INFO - Filling up the DagBag from /home/airflow/.local/lib/python3.12/site-packages/airflow/example_dags/example_complex.py
[2024-11-13T19:29:51.998+0000] {processor.py:925} INFO - DAG(s) 'example_complex' retrieved from /home/airflow/.local/lib/python3.12/site-packages/airflow/example_dags/example_complex.py
[2024-11-13T19:29:52.019+0000] {logging_mixin.py:190} INFO - [2024-11-13T19:29:52.019+0000] {dag.py:3239} INFO - Sync 1 DAGs
[2024-11-13T19:29:52.029+0000] {logging_mixin.py:190} INFO - [2024-11-13T19:29:52.029+0000] {dag.py:4180} INFO - Setting next_dagrun for example_complex to None, run_after=None
[2024-11-13T19:29:52.044+0000] {processor.py:208} INFO - Processing /home/airflow/.local/lib/python3.12/site-packages/airflow/example_dags/example_complex.py took 0.061 seconds
[2024-11-13T19:30:22.201+0000] {processor.py:186} INFO - Started process (PID=968) to work on /home/airflow/.local/lib/python3.12/site-packages/airflow/example_dags/example_complex.py
[2024-11-13T19:30:22.234+0000] {processor.py:914} INFO - Processing file /home/airflow/.local/lib/python3.12/site-packages/airflow/example_dags/example_complex.py for tasks to queue
[2024-11-13T19:30:22.235+0000] {logging_mixin.py:190} INFO - [2024-11-13T19:30:22.235+0000] {dagbag.py:588} INFO - Filling up the DagBag from /home/airflow/.local/lib/python3.12/site-packages/airflow/example_dags/example_complex.py
[2024-11-13T19:30:22.243+0000] {processor.py:925} INFO - DAG(s) 'example_complex' retrieved from /home/airflow/.local/lib/python3.12/site-packages/airflow/example_dags/example_complex.py
[2024-11-13T19:30:22.264+0000] {logging_mixin.py:190} INFO - [2024-11-13T19:30:22.264+0000] {dag.py:3239} INFO - Sync 1 DAGs
[2024-11-13T19:30:22.274+0000] {logging_mixin.py:190} INFO - [2024-11-13T19:30:22.273+0000] {dag.py:4180} INFO - Setting next_dagrun for example_complex to None, run_after=None
[2024-11-13T19:30:22.288+0000] {processor.py:208} INFO - Processing /home/airflow/.local/lib/python3.12/site-packages/airflow/example_dags/example_complex.py took 0.090 seconds
[2024-11-13T19:30:52.423+0000] {processor.py:186} INFO - Started process (PID=1031) to work on /home/airflow/.local/lib/python3.12/site-packages/airflow/example_dags/example_complex.py
[2024-11-13T19:30:52.456+0000] {processor.py:914} INFO - Processing file /home/airflow/.local/lib/python3.12/site-packages/airflow/example_dags/example_complex.py for tasks to queue
[2024-11-13T19:30:52.458+0000] {logging_mixin.py:190} INFO - [2024-11-13T19:30:52.457+0000] {dagbag.py:588} INFO - Filling up the DagBag from /home/airflow/.local/lib/python3.12/site-packages/airflow/example_dags/example_complex.py
[2024-11-13T19:30:52.465+0000] {processor.py:925} INFO - DAG(s) 'example_complex' retrieved from /home/airflow/.local/lib/python3.12/site-packages/airflow/example_dags/example_complex.py
[2024-11-13T19:30:52.490+0000] {logging_mixin.py:190} INFO - [2024-11-13T19:30:52.490+0000] {dag.py:3239} INFO - Sync 1 DAGs
[2024-11-13T19:30:52.500+0000] {logging_mixin.py:190} INFO - [2024-11-13T19:30:52.500+0000] {dag.py:4180} INFO - Setting next_dagrun for example_complex to None, run_after=None
[2024-11-13T19:30:52.514+0000] {processor.py:208} INFO - Processing /home/airflow/.local/lib/python3.12/site-packages/airflow/example_dags/example_complex.py took 0.095 seconds
[2024-11-13T19:31:22.611+0000] {processor.py:186} INFO - Started process (PID=1094) to work on /home/airflow/.local/lib/python3.12/site-packages/airflow/example_dags/example_complex.py
[2024-11-13T19:31:22.612+0000] {processor.py:914} INFO - Processing file /home/airflow/.local/lib/python3.12/site-packages/airflow/example_dags/example_complex.py for tasks to queue
[2024-11-13T19:31:22.614+0000] {logging_mixin.py:190} INFO - [2024-11-13T19:31:22.613+0000] {dagbag.py:588} INFO - Filling up the DagBag from /home/airflow/.local/lib/python3.12/site-packages/airflow/example_dags/example_complex.py
[2024-11-13T19:31:22.622+0000] {processor.py:925} INFO - DAG(s) 'example_complex' retrieved from /home/airflow/.local/lib/python3.12/site-packages/airflow/example_dags/example_complex.py
[2024-11-13T19:31:22.643+0000] {logging_mixin.py:190} INFO - [2024-11-13T19:31:22.643+0000] {dag.py:3239} INFO - Sync 1 DAGs
[2024-11-13T19:31:22.653+0000] {logging_mixin.py:190} INFO - [2024-11-13T19:31:22.653+0000] {dag.py:4180} INFO - Setting next_dagrun for example_complex to None, run_after=None
[2024-11-13T19:31:22.668+0000] {processor.py:208} INFO - Processing /home/airflow/.local/lib/python3.12/site-packages/airflow/example_dags/example_complex.py took 0.061 seconds
[2024-11-13T19:31:53.107+0000] {processor.py:186} INFO - Started process (PID=1157) to work on /home/airflow/.local/lib/python3.12/site-packages/airflow/example_dags/example_complex.py
[2024-11-13T19:31:53.139+0000] {processor.py:914} INFO - Processing file /home/airflow/.local/lib/python3.12/site-packages/airflow/example_dags/example_complex.py for tasks to queue
[2024-11-13T19:31:53.142+0000] {logging_mixin.py:190} INFO - [2024-11-13T19:31:53.141+0000] {dagbag.py:588} INFO - Filling up the DagBag from /home/airflow/.local/lib/python3.12/site-packages/airflow/example_dags/example_complex.py
[2024-11-13T19:31:53.149+0000] {processor.py:925} INFO - DAG(s) 'example_complex' retrieved from /home/airflow/.local/lib/python3.12/site-packages/airflow/example_dags/example_complex.py
[2024-11-13T19:31:53.174+0000] {logging_mixin.py:190} INFO - [2024-11-13T19:31:53.174+0000] {dag.py:3239} INFO - Sync 1 DAGs
[2024-11-13T19:31:53.184+0000] {logging_mixin.py:190} INFO - [2024-11-13T19:31:53.183+0000] {dag.py:4180} INFO - Setting next_dagrun for example_complex to None, run_after=None
[2024-11-13T19:31:53.199+0000] {processor.py:208} INFO - Processing /home/airflow/.local/lib/python3.12/site-packages/airflow/example_dags/example_complex.py took 0.096 seconds
[2024-11-13T19:32:23.630+0000] {processor.py:186} INFO - Started process (PID=1220) to work on /home/airflow/.local/lib/python3.12/site-packages/airflow/example_dags/example_complex.py
[2024-11-13T19:32:23.631+0000] {processor.py:914} INFO - Processing file /home/airflow/.local/lib/python3.12/site-packages/airflow/example_dags/example_complex.py for tasks to queue
[2024-11-13T19:32:23.633+0000] {logging_mixin.py:190} INFO - [2024-11-13T19:32:23.633+0000] {dagbag.py:588} INFO - Filling up the DagBag from /home/airflow/.local/lib/python3.12/site-packages/airflow/example_dags/example_complex.py
[2024-11-13T19:32:23.641+0000] {processor.py:925} INFO - DAG(s) 'example_complex' retrieved from /home/airflow/.local/lib/python3.12/site-packages/airflow/example_dags/example_complex.py
[2024-11-13T19:32:23.662+0000] {logging_mixin.py:190} INFO - [2024-11-13T19:32:23.661+0000] {dag.py:3239} INFO - Sync 1 DAGs
[2024-11-13T19:32:23.671+0000] {logging_mixin.py:190} INFO - [2024-11-13T19:32:23.671+0000] {dag.py:4180} INFO - Setting next_dagrun for example_complex to None, run_after=None
[2024-11-13T19:32:23.686+0000] {processor.py:208} INFO - Processing /home/airflow/.local/lib/python3.12/site-packages/airflow/example_dags/example_complex.py took 0.059 seconds
[2024-11-13T19:32:53.808+0000] {processor.py:186} INFO - Started process (PID=1284) to work on /home/airflow/.local/lib/python3.12/site-packages/airflow/example_dags/example_complex.py
[2024-11-13T19:32:53.810+0000] {processor.py:914} INFO - Processing file /home/airflow/.local/lib/python3.12/site-packages/airflow/example_dags/example_complex.py for tasks to queue
[2024-11-13T19:32:53.811+0000] {logging_mixin.py:190} INFO - [2024-11-13T19:32:53.811+0000] {dagbag.py:588} INFO - Filling up the DagBag from /home/airflow/.local/lib/python3.12/site-packages/airflow/example_dags/example_complex.py
[2024-11-13T19:32:53.821+0000] {processor.py:925} INFO - DAG(s) 'example_complex' retrieved from /home/airflow/.local/lib/python3.12/site-packages/airflow/example_dags/example_complex.py
[2024-11-13T19:32:53.845+0000] {logging_mixin.py:190} INFO - [2024-11-13T19:32:53.845+0000] {dag.py:3239} INFO - Sync 1 DAGs
[2024-11-13T19:32:53.856+0000] {logging_mixin.py:190} INFO - [2024-11-13T19:32:53.856+0000] {dag.py:4180} INFO - Setting next_dagrun for example_complex to None, run_after=None
[2024-11-13T19:32:53.872+0000] {processor.py:208} INFO - Processing /home/airflow/.local/lib/python3.12/site-packages/airflow/example_dags/example_complex.py took 0.068 seconds
[2024-11-13T19:33:24.388+0000] {processor.py:186} INFO - Started process (PID=1347) to work on /home/airflow/.local/lib/python3.12/site-packages/airflow/example_dags/example_complex.py
[2024-11-13T19:33:24.389+0000] {processor.py:914} INFO - Processing file /home/airflow/.local/lib/python3.12/site-packages/airflow/example_dags/example_complex.py for tasks to queue
[2024-11-13T19:33:24.391+0000] {logging_mixin.py:190} INFO - [2024-11-13T19:33:24.391+0000] {dagbag.py:588} INFO - Filling up the DagBag from /home/airflow/.local/lib/python3.12/site-packages/airflow/example_dags/example_complex.py
[2024-11-13T19:33:24.406+0000] {processor.py:925} INFO - DAG(s) 'example_complex' retrieved from /home/airflow/.local/lib/python3.12/site-packages/airflow/example_dags/example_complex.py
[2024-11-13T19:33:24.440+0000] {logging_mixin.py:190} INFO - [2024-11-13T19:33:24.439+0000] {dag.py:3239} INFO - Sync 1 DAGs
[2024-11-13T19:33:24.452+0000] {logging_mixin.py:190} INFO - [2024-11-13T19:33:24.452+0000] {dag.py:4180} INFO - Setting next_dagrun for example_complex to None, run_after=None
[2024-11-13T19:33:24.470+0000] {processor.py:208} INFO - Processing /home/airflow/.local/lib/python3.12/site-packages/airflow/example_dags/example_complex.py took 0.090 seconds
[2024-11-13T19:33:54.549+0000] {processor.py:186} INFO - Started process (PID=1410) to work on /home/airflow/.local/lib/python3.12/site-packages/airflow/example_dags/example_complex.py
[2024-11-13T19:33:54.551+0000] {processor.py:914} INFO - Processing file /home/airflow/.local/lib/python3.12/site-packages/airflow/example_dags/example_complex.py for tasks to queue
[2024-11-13T19:33:54.553+0000] {logging_mixin.py:190} INFO - [2024-11-13T19:33:54.553+0000] {dagbag.py:588} INFO - Filling up the DagBag from /home/airflow/.local/lib/python3.12/site-packages/airflow/example_dags/example_complex.py
[2024-11-13T19:33:54.561+0000] {processor.py:925} INFO - DAG(s) 'example_complex' retrieved from /home/airflow/.local/lib/python3.12/site-packages/airflow/example_dags/example_complex.py
[2024-11-13T19:33:54.590+0000] {logging_mixin.py:190} INFO - [2024-11-13T19:33:54.590+0000] {dag.py:3239} INFO - Sync 1 DAGs
[2024-11-13T19:33:54.600+0000] {logging_mixin.py:190} INFO - [2024-11-13T19:33:54.600+0000] {dag.py:4180} INFO - Setting next_dagrun for example_complex to None, run_after=None
[2024-11-13T19:33:54.615+0000] {processor.py:208} INFO - Processing /home/airflow/.local/lib/python3.12/site-packages/airflow/example_dags/example_complex.py took 0.070 seconds
[2024-11-13T19:34:24.995+0000] {processor.py:186} INFO - Started process (PID=1473) to work on /home/airflow/.local/lib/python3.12/site-packages/airflow/example_dags/example_complex.py
[2024-11-13T19:34:24.997+0000] {processor.py:914} INFO - Processing file /home/airflow/.local/lib/python3.12/site-packages/airflow/example_dags/example_complex.py for tasks to queue
[2024-11-13T19:34:24.999+0000] {logging_mixin.py:190} INFO - [2024-11-13T19:34:24.998+0000] {dagbag.py:588} INFO - Filling up the DagBag from /home/airflow/.local/lib/python3.12/site-packages/airflow/example_dags/example_complex.py
[2024-11-13T19:34:25.007+0000] {processor.py:925} INFO - DAG(s) 'example_complex' retrieved from /home/airflow/.local/lib/python3.12/site-packages/airflow/example_dags/example_complex.py
[2024-11-13T19:34:25.029+0000] {logging_mixin.py:190} INFO - [2024-11-13T19:34:25.029+0000] {dag.py:3239} INFO - Sync 1 DAGs
[2024-11-13T19:34:25.039+0000] {logging_mixin.py:190} INFO - [2024-11-13T19:34:25.038+0000] {dag.py:4180} INFO - Setting next_dagrun for example_complex to None, run_after=None
[2024-11-13T19:34:25.053+0000] {processor.py:208} INFO - Processing /home/airflow/.local/lib/python3.12/site-packages/airflow/example_dags/example_complex.py took 0.062 seconds
[2024-11-13T19:34:55.280+0000] {processor.py:186} INFO - Started process (PID=1536) to work on /home/airflow/.local/lib/python3.12/site-packages/airflow/example_dags/example_complex.py
[2024-11-13T19:34:55.281+0000] {processor.py:914} INFO - Processing file /home/airflow/.local/lib/python3.12/site-packages/airflow/example_dags/example_complex.py for tasks to queue
[2024-11-13T19:34:55.282+0000] {logging_mixin.py:190} INFO - [2024-11-13T19:34:55.282+0000] {dagbag.py:588} INFO - Filling up the DagBag from /home/airflow/.local/lib/python3.12/site-packages/airflow/example_dags/example_complex.py
[2024-11-13T19:34:55.290+0000] {processor.py:925} INFO - DAG(s) 'example_complex' retrieved from /home/airflow/.local/lib/python3.12/site-packages/airflow/example_dags/example_complex.py
[2024-11-13T19:34:55.312+0000] {logging_mixin.py:190} INFO - [2024-11-13T19:34:55.312+0000] {dag.py:3239} INFO - Sync 1 DAGs
[2024-11-13T19:34:55.322+0000] {logging_mixin.py:190} INFO - [2024-11-13T19:34:55.322+0000] {dag.py:4180} INFO - Setting next_dagrun for example_complex to None, run_after=None
[2024-11-13T19:34:55.336+0000] {processor.py:208} INFO - Processing /home/airflow/.local/lib/python3.12/site-packages/airflow/example_dags/example_complex.py took 0.061 seconds
[2024-11-13T19:35:25.754+0000] {processor.py:186} INFO - Started process (PID=1599) to work on /home/airflow/.local/lib/python3.12/site-packages/airflow/example_dags/example_complex.py
[2024-11-13T19:35:25.787+0000] {processor.py:914} INFO - Processing file /home/airflow/.local/lib/python3.12/site-packages/airflow/example_dags/example_complex.py for tasks to queue
[2024-11-13T19:35:25.788+0000] {logging_mixin.py:190} INFO - [2024-11-13T19:35:25.788+0000] {dagbag.py:588} INFO - Filling up the DagBag from /home/airflow/.local/lib/python3.12/site-packages/airflow/example_dags/example_complex.py
[2024-11-13T19:35:25.796+0000] {processor.py:925} INFO - DAG(s) 'example_complex' retrieved from /home/airflow/.local/lib/python3.12/site-packages/airflow/example_dags/example_complex.py
[2024-11-13T19:35:25.818+0000] {logging_mixin.py:190} INFO - [2024-11-13T19:35:25.818+0000] {dag.py:3239} INFO - Sync 1 DAGs
[2024-11-13T19:35:25.828+0000] {logging_mixin.py:190} INFO - [2024-11-13T19:35:25.828+0000] {dag.py:4180} INFO - Setting next_dagrun for example_complex to None, run_after=None
[2024-11-13T19:35:25.843+0000] {processor.py:208} INFO - Processing /home/airflow/.local/lib/python3.12/site-packages/airflow/example_dags/example_complex.py took 0.092 seconds
[2024-11-13T19:35:56.036+0000] {processor.py:186} INFO - Started process (PID=1662) to work on /home/airflow/.local/lib/python3.12/site-packages/airflow/example_dags/example_complex.py
[2024-11-13T19:35:56.068+0000] {processor.py:914} INFO - Processing file /home/airflow/.local/lib/python3.12/site-packages/airflow/example_dags/example_complex.py for tasks to queue
[2024-11-13T19:35:56.070+0000] {logging_mixin.py:190} INFO - [2024-11-13T19:35:56.070+0000] {dagbag.py:588} INFO - Filling up the DagBag from /home/airflow/.local/lib/python3.12/site-packages/airflow/example_dags/example_complex.py
[2024-11-13T19:35:56.078+0000] {processor.py:925} INFO - DAG(s) 'example_complex' retrieved from /home/airflow/.local/lib/python3.12/site-packages/airflow/example_dags/example_complex.py
[2024-11-13T19:35:56.103+0000] {logging_mixin.py:190} INFO - [2024-11-13T19:35:56.102+0000] {dag.py:3239} INFO - Sync 1 DAGs
[2024-11-13T19:35:56.112+0000] {logging_mixin.py:190} INFO - [2024-11-13T19:35:56.112+0000] {dag.py:4180} INFO - Setting next_dagrun for example_complex to None, run_after=None
[2024-11-13T19:35:56.127+0000] {processor.py:208} INFO - Processing /home/airflow/.local/lib/python3.12/site-packages/airflow/example_dags/example_complex.py took 0.095 seconds
[2024-11-13T19:36:26.483+0000] {processor.py:186} INFO - Started process (PID=1725) to work on /home/airflow/.local/lib/python3.12/site-packages/airflow/example_dags/example_complex.py
[2024-11-13T19:36:26.484+0000] {processor.py:914} INFO - Processing file /home/airflow/.local/lib/python3.12/site-packages/airflow/example_dags/example_complex.py for tasks to queue
[2024-11-13T19:36:26.485+0000] {logging_mixin.py:190} INFO - [2024-11-13T19:36:26.485+0000] {dagbag.py:588} INFO - Filling up the DagBag from /home/airflow/.local/lib/python3.12/site-packages/airflow/example_dags/example_complex.py
[2024-11-13T19:36:26.493+0000] {processor.py:925} INFO - DAG(s) 'example_complex' retrieved from /home/airflow/.local/lib/python3.12/site-packages/airflow/example_dags/example_complex.py
[2024-11-13T19:36:26.514+0000] {logging_mixin.py:190} INFO - [2024-11-13T19:36:26.514+0000] {dag.py:3239} INFO - Sync 1 DAGs
[2024-11-13T19:36:26.524+0000] {logging_mixin.py:190} INFO - [2024-11-13T19:36:26.524+0000] {dag.py:4180} INFO - Setting next_dagrun for example_complex to None, run_after=None
[2024-11-13T19:36:26.538+0000] {processor.py:208} INFO - Processing /home/airflow/.local/lib/python3.12/site-packages/airflow/example_dags/example_complex.py took 0.059 seconds
[2024-11-13T19:36:56.707+0000] {processor.py:186} INFO - Started process (PID=1788) to work on /home/airflow/.local/lib/python3.12/site-packages/airflow/example_dags/example_complex.py
[2024-11-13T19:36:56.711+0000] {processor.py:914} INFO - Processing file /home/airflow/.local/lib/python3.12/site-packages/airflow/example_dags/example_complex.py for tasks to queue
[2024-11-13T19:36:56.712+0000] {logging_mixin.py:190} INFO - [2024-11-13T19:36:56.712+0000] {dagbag.py:588} INFO - Filling up the DagBag from /home/airflow/.local/lib/python3.12/site-packages/airflow/example_dags/example_complex.py
[2024-11-13T19:36:56.721+0000] {processor.py:925} INFO - DAG(s) 'example_complex' retrieved from /home/airflow/.local/lib/python3.12/site-packages/airflow/example_dags/example_complex.py
[2024-11-13T19:36:56.743+0000] {logging_mixin.py:190} INFO - [2024-11-13T19:36:56.743+0000] {dag.py:3239} INFO - Sync 1 DAGs
[2024-11-13T19:36:56.753+0000] {logging_mixin.py:190} INFO - [2024-11-13T19:36:56.753+0000] {dag.py:4180} INFO - Setting next_dagrun for example_complex to None, run_after=None
[2024-11-13T19:36:56.768+0000] {processor.py:208} INFO - Processing /home/airflow/.local/lib/python3.12/site-packages/airflow/example_dags/example_complex.py took 0.065 seconds
[2024-11-13T19:37:26.849+0000] {processor.py:186} INFO - Started process (PID=1851) to work on /home/airflow/.local/lib/python3.12/site-packages/airflow/example_dags/example_complex.py
[2024-11-13T19:37:26.850+0000] {processor.py:914} INFO - Processing file /home/airflow/.local/lib/python3.12/site-packages/airflow/example_dags/example_complex.py for tasks to queue
[2024-11-13T19:37:26.852+0000] {logging_mixin.py:190} INFO - [2024-11-13T19:37:26.852+0000] {dagbag.py:588} INFO - Filling up the DagBag from /home/airflow/.local/lib/python3.12/site-packages/airflow/example_dags/example_complex.py
[2024-11-13T19:37:26.860+0000] {processor.py:925} INFO - DAG(s) 'example_complex' retrieved from /home/airflow/.local/lib/python3.12/site-packages/airflow/example_dags/example_complex.py
[2024-11-13T19:37:26.882+0000] {logging_mixin.py:190} INFO - [2024-11-13T19:37:26.882+0000] {dag.py:3239} INFO - Sync 1 DAGs
[2024-11-13T19:37:26.892+0000] {logging_mixin.py:190} INFO - [2024-11-13T19:37:26.892+0000] {dag.py:4180} INFO - Setting next_dagrun for example_complex to None, run_after=None
[2024-11-13T19:37:26.905+0000] {processor.py:208} INFO - Processing /home/airflow/.local/lib/python3.12/site-packages/airflow/example_dags/example_complex.py took 0.060 seconds
[2024-11-13T19:37:57.067+0000] {processor.py:186} INFO - Started process (PID=1914) to work on /home/airflow/.local/lib/python3.12/site-packages/airflow/example_dags/example_complex.py
[2024-11-13T19:37:57.069+0000] {processor.py:914} INFO - Processing file /home/airflow/.local/lib/python3.12/site-packages/airflow/example_dags/example_complex.py for tasks to queue
[2024-11-13T19:37:57.071+0000] {logging_mixin.py:190} INFO - [2024-11-13T19:37:57.070+0000] {dagbag.py:588} INFO - Filling up the DagBag from /home/airflow/.local/lib/python3.12/site-packages/airflow/example_dags/example_complex.py
[2024-11-13T19:37:57.080+0000] {processor.py:925} INFO - DAG(s) 'example_complex' retrieved from /home/airflow/.local/lib/python3.12/site-packages/airflow/example_dags/example_complex.py
[2024-11-13T19:37:57.106+0000] {logging_mixin.py:190} INFO - [2024-11-13T19:37:57.106+0000] {dag.py:3239} INFO - Sync 1 DAGs
[2024-11-13T19:37:57.116+0000] {logging_mixin.py:190} INFO - [2024-11-13T19:37:57.116+0000] {dag.py:4180} INFO - Setting next_dagrun for example_complex to None, run_after=None
[2024-11-13T19:37:57.131+0000] {processor.py:208} INFO - Processing /home/airflow/.local/lib/python3.12/site-packages/airflow/example_dags/example_complex.py took 0.067 seconds
[2024-11-13T19:38:27.265+0000] {processor.py:186} INFO - Started process (PID=1977) to work on /home/airflow/.local/lib/python3.12/site-packages/airflow/example_dags/example_complex.py
[2024-11-13T19:38:27.266+0000] {processor.py:914} INFO - Processing file /home/airflow/.local/lib/python3.12/site-packages/airflow/example_dags/example_complex.py for tasks to queue
[2024-11-13T19:38:27.268+0000] {logging_mixin.py:190} INFO - [2024-11-13T19:38:27.268+0000] {dagbag.py:588} INFO - Filling up the DagBag from /home/airflow/.local/lib/python3.12/site-packages/airflow/example_dags/example_complex.py
[2024-11-13T19:38:27.279+0000] {processor.py:925} INFO - DAG(s) 'example_complex' retrieved from /home/airflow/.local/lib/python3.12/site-packages/airflow/example_dags/example_complex.py
[2024-11-13T19:38:27.304+0000] {logging_mixin.py:190} INFO - [2024-11-13T19:38:27.304+0000] {dag.py:3239} INFO - Sync 1 DAGs
[2024-11-13T19:38:27.315+0000] {logging_mixin.py:190} INFO - [2024-11-13T19:38:27.315+0000] {dag.py:4180} INFO - Setting next_dagrun for example_complex to None, run_after=None
[2024-11-13T19:38:27.329+0000] {processor.py:208} INFO - Processing /home/airflow/.local/lib/python3.12/site-packages/airflow/example_dags/example_complex.py took 0.069 seconds
[2024-11-13T19:38:57.394+0000] {processor.py:186} INFO - Started process (PID=2040) to work on /home/airflow/.local/lib/python3.12/site-packages/airflow/example_dags/example_complex.py
[2024-11-13T19:38:57.427+0000] {processor.py:914} INFO - Processing file /home/airflow/.local/lib/python3.12/site-packages/airflow/example_dags/example_complex.py for tasks to queue
[2024-11-13T19:38:57.428+0000] {logging_mixin.py:190} INFO - [2024-11-13T19:38:57.428+0000] {dagbag.py:588} INFO - Filling up the DagBag from /home/airflow/.local/lib/python3.12/site-packages/airflow/example_dags/example_complex.py
[2024-11-13T19:38:57.437+0000] {processor.py:925} INFO - DAG(s) 'example_complex' retrieved from /home/airflow/.local/lib/python3.12/site-packages/airflow/example_dags/example_complex.py
[2024-11-13T19:38:57.464+0000] {logging_mixin.py:190} INFO - [2024-11-13T19:38:57.463+0000] {dag.py:3239} INFO - Sync 1 DAGs
[2024-11-13T19:38:57.474+0000] {logging_mixin.py:190} INFO - [2024-11-13T19:38:57.474+0000] {dag.py:4180} INFO - Setting next_dagrun for example_complex to None, run_after=None
[2024-11-13T19:38:57.490+0000] {processor.py:208} INFO - Processing /home/airflow/.local/lib/python3.12/site-packages/airflow/example_dags/example_complex.py took 0.100 seconds
[2024-11-13T19:39:27.718+0000] {processor.py:186} INFO - Started process (PID=2103) to work on /home/airflow/.local/lib/python3.12/site-packages/airflow/example_dags/example_complex.py
[2024-11-13T19:39:27.750+0000] {processor.py:914} INFO - Processing file /home/airflow/.local/lib/python3.12/site-packages/airflow/example_dags/example_complex.py for tasks to queue
[2024-11-13T19:39:27.752+0000] {logging_mixin.py:190} INFO - [2024-11-13T19:39:27.751+0000] {dagbag.py:588} INFO - Filling up the DagBag from /home/airflow/.local/lib/python3.12/site-packages/airflow/example_dags/example_complex.py
[2024-11-13T19:39:27.760+0000] {processor.py:925} INFO - DAG(s) 'example_complex' retrieved from /home/airflow/.local/lib/python3.12/site-packages/airflow/example_dags/example_complex.py
[2024-11-13T19:39:27.785+0000] {logging_mixin.py:190} INFO - [2024-11-13T19:39:27.784+0000] {dag.py:3239} INFO - Sync 1 DAGs
[2024-11-13T19:39:27.794+0000] {logging_mixin.py:190} INFO - [2024-11-13T19:39:27.794+0000] {dag.py:4180} INFO - Setting next_dagrun for example_complex to None, run_after=None
[2024-11-13T19:39:27.809+0000] {processor.py:208} INFO - Processing /home/airflow/.local/lib/python3.12/site-packages/airflow/example_dags/example_complex.py took 0.095 seconds
[2024-11-13T19:39:58.192+0000] {processor.py:186} INFO - Started process (PID=2166) to work on /home/airflow/.local/lib/python3.12/site-packages/airflow/example_dags/example_complex.py
[2024-11-13T19:39:58.224+0000] {processor.py:914} INFO - Processing file /home/airflow/.local/lib/python3.12/site-packages/airflow/example_dags/example_complex.py for tasks to queue
[2024-11-13T19:39:58.228+0000] {logging_mixin.py:190} INFO - [2024-11-13T19:39:58.228+0000] {dagbag.py:588} INFO - Filling up the DagBag from /home/airflow/.local/lib/python3.12/site-packages/airflow/example_dags/example_complex.py
[2024-11-13T19:39:58.237+0000] {processor.py:925} INFO - DAG(s) 'example_complex' retrieved from /home/airflow/.local/lib/python3.12/site-packages/airflow/example_dags/example_complex.py
[2024-11-13T19:39:58.265+0000] {logging_mixin.py:190} INFO - [2024-11-13T19:39:58.265+0000] {dag.py:3239} INFO - Sync 1 DAGs
[2024-11-13T19:39:58.276+0000] {logging_mixin.py:190} INFO - [2024-11-13T19:39:58.276+0000] {dag.py:4180} INFO - Setting next_dagrun for example_complex to None, run_after=None
[2024-11-13T19:39:58.293+0000] {processor.py:208} INFO - Processing /home/airflow/.local/lib/python3.12/site-packages/airflow/example_dags/example_complex.py took 0.105 seconds
[2024-11-13T19:40:28.404+0000] {processor.py:186} INFO - Started process (PID=2229) to work on /home/airflow/.local/lib/python3.12/site-packages/airflow/example_dags/example_complex.py
[2024-11-13T19:40:28.437+0000] {processor.py:914} INFO - Processing file /home/airflow/.local/lib/python3.12/site-packages/airflow/example_dags/example_complex.py for tasks to queue
[2024-11-13T19:40:28.439+0000] {logging_mixin.py:190} INFO - [2024-11-13T19:40:28.439+0000] {dagbag.py:588} INFO - Filling up the DagBag from /home/airflow/.local/lib/python3.12/site-packages/airflow/example_dags/example_complex.py
[2024-11-13T19:40:28.447+0000] {processor.py:925} INFO - DAG(s) 'example_complex' retrieved from /home/airflow/.local/lib/python3.12/site-packages/airflow/example_dags/example_complex.py
[2024-11-13T19:40:28.472+0000] {logging_mixin.py:190} INFO - [2024-11-13T19:40:28.471+0000] {dag.py:3239} INFO - Sync 1 DAGs
[2024-11-13T19:40:28.482+0000] {logging_mixin.py:190} INFO - [2024-11-13T19:40:28.482+0000] {dag.py:4180} INFO - Setting next_dagrun for example_complex to None, run_after=None
[2024-11-13T19:40:28.498+0000] {processor.py:208} INFO - Processing /home/airflow/.local/lib/python3.12/site-packages/airflow/example_dags/example_complex.py took 0.097 seconds
[2024-11-13T19:40:58.940+0000] {processor.py:186} INFO - Started process (PID=2292) to work on /home/airflow/.local/lib/python3.12/site-packages/airflow/example_dags/example_complex.py
[2024-11-13T19:40:58.942+0000] {processor.py:914} INFO - Processing file /home/airflow/.local/lib/python3.12/site-packages/airflow/example_dags/example_complex.py for tasks to queue
[2024-11-13T19:40:58.943+0000] {logging_mixin.py:190} INFO - [2024-11-13T19:40:58.943+0000] {dagbag.py:588} INFO - Filling up the DagBag from /home/airflow/.local/lib/python3.12/site-packages/airflow/example_dags/example_complex.py
[2024-11-13T19:40:58.954+0000] {processor.py:925} INFO - DAG(s) 'example_complex' retrieved from /home/airflow/.local/lib/python3.12/site-packages/airflow/example_dags/example_complex.py
[2024-11-13T19:40:58.977+0000] {logging_mixin.py:190} INFO - [2024-11-13T19:40:58.977+0000] {dag.py:3239} INFO - Sync 1 DAGs
[2024-11-13T19:40:58.989+0000] {logging_mixin.py:190} INFO - [2024-11-13T19:40:58.989+0000] {dag.py:4180} INFO - Setting next_dagrun for example_complex to None, run_after=None
[2024-11-13T19:40:59.003+0000] {processor.py:208} INFO - Processing /home/airflow/.local/lib/python3.12/site-packages/airflow/example_dags/example_complex.py took 0.067 seconds
[2024-11-13T19:41:29.163+0000] {processor.py:186} INFO - Started process (PID=2355) to work on /home/airflow/.local/lib/python3.12/site-packages/airflow/example_dags/example_complex.py
[2024-11-13T19:41:29.164+0000] {processor.py:914} INFO - Processing file /home/airflow/.local/lib/python3.12/site-packages/airflow/example_dags/example_complex.py for tasks to queue
[2024-11-13T19:41:29.166+0000] {logging_mixin.py:190} INFO - [2024-11-13T19:41:29.165+0000] {dagbag.py:588} INFO - Filling up the DagBag from /home/airflow/.local/lib/python3.12/site-packages/airflow/example_dags/example_complex.py
[2024-11-13T19:41:29.174+0000] {processor.py:925} INFO - DAG(s) 'example_complex' retrieved from /home/airflow/.local/lib/python3.12/site-packages/airflow/example_dags/example_complex.py
[2024-11-13T19:41:29.201+0000] {logging_mixin.py:190} INFO - [2024-11-13T19:41:29.200+0000] {dag.py:3239} INFO - Sync 1 DAGs
[2024-11-13T19:41:29.212+0000] {logging_mixin.py:190} INFO - [2024-11-13T19:41:29.212+0000] {dag.py:4180} INFO - Setting next_dagrun for example_complex to None, run_after=None
[2024-11-13T19:41:29.228+0000] {processor.py:208} INFO - Processing /home/airflow/.local/lib/python3.12/site-packages/airflow/example_dags/example_complex.py took 0.069 seconds
[2024-11-13T19:41:59.552+0000] {processor.py:186} INFO - Started process (PID=2418) to work on /home/airflow/.local/lib/python3.12/site-packages/airflow/example_dags/example_complex.py
[2024-11-13T19:41:59.553+0000] {processor.py:914} INFO - Processing file /home/airflow/.local/lib/python3.12/site-packages/airflow/example_dags/example_complex.py for tasks to queue
[2024-11-13T19:41:59.555+0000] {logging_mixin.py:190} INFO - [2024-11-13T19:41:59.555+0000] {dagbag.py:588} INFO - Filling up the DagBag from /home/airflow/.local/lib/python3.12/site-packages/airflow/example_dags/example_complex.py
[2024-11-13T19:41:59.564+0000] {processor.py:925} INFO - DAG(s) 'example_complex' retrieved from /home/airflow/.local/lib/python3.12/site-packages/airflow/example_dags/example_complex.py
[2024-11-13T19:41:59.590+0000] {logging_mixin.py:190} INFO - [2024-11-13T19:41:59.589+0000] {dag.py:3239} INFO - Sync 1 DAGs
[2024-11-13T19:41:59.601+0000] {logging_mixin.py:190} INFO - [2024-11-13T19:41:59.601+0000] {dag.py:4180} INFO - Setting next_dagrun for example_complex to None, run_after=None
[2024-11-13T19:41:59.616+0000] {processor.py:208} INFO - Processing /home/airflow/.local/lib/python3.12/site-packages/airflow/example_dags/example_complex.py took 0.069 seconds
[2024-11-13T19:42:30.250+0000] {processor.py:186} INFO - Started process (PID=2481) to work on /home/airflow/.local/lib/python3.12/site-packages/airflow/example_dags/example_complex.py
[2024-11-13T19:42:30.251+0000] {processor.py:914} INFO - Processing file /home/airflow/.local/lib/python3.12/site-packages/airflow/example_dags/example_complex.py for tasks to queue
[2024-11-13T19:42:30.253+0000] {logging_mixin.py:190} INFO - [2024-11-13T19:42:30.253+0000] {dagbag.py:588} INFO - Filling up the DagBag from /home/airflow/.local/lib/python3.12/site-packages/airflow/example_dags/example_complex.py
[2024-11-13T19:42:30.262+0000] {processor.py:925} INFO - DAG(s) 'example_complex' retrieved from /home/airflow/.local/lib/python3.12/site-packages/airflow/example_dags/example_complex.py
[2024-11-13T19:42:30.285+0000] {logging_mixin.py:190} INFO - [2024-11-13T19:42:30.285+0000] {dag.py:3239} INFO - Sync 1 DAGs
[2024-11-13T19:42:30.296+0000] {logging_mixin.py:190} INFO - [2024-11-13T19:42:30.296+0000] {dag.py:4180} INFO - Setting next_dagrun for example_complex to None, run_after=None
[2024-11-13T19:42:30.312+0000] {processor.py:208} INFO - Processing /home/airflow/.local/lib/python3.12/site-packages/airflow/example_dags/example_complex.py took 0.066 seconds
[2024-11-13T19:43:00.443+0000] {processor.py:186} INFO - Started process (PID=2543) to work on /home/airflow/.local/lib/python3.12/site-packages/airflow/example_dags/example_complex.py
[2024-11-13T19:43:00.444+0000] {processor.py:914} INFO - Processing file /home/airflow/.local/lib/python3.12/site-packages/airflow/example_dags/example_complex.py for tasks to queue
[2024-11-13T19:43:00.446+0000] {logging_mixin.py:190} INFO - [2024-11-13T19:43:00.446+0000] {dagbag.py:588} INFO - Filling up the DagBag from /home/airflow/.local/lib/python3.12/site-packages/airflow/example_dags/example_complex.py
[2024-11-13T19:43:00.456+0000] {processor.py:925} INFO - DAG(s) 'example_complex' retrieved from /home/airflow/.local/lib/python3.12/site-packages/airflow/example_dags/example_complex.py
[2024-11-13T19:43:00.481+0000] {logging_mixin.py:190} INFO - [2024-11-13T19:43:00.481+0000] {dag.py:3239} INFO - Sync 1 DAGs
[2024-11-13T19:43:00.491+0000] {logging_mixin.py:190} INFO - [2024-11-13T19:43:00.491+0000] {dag.py:4180} INFO - Setting next_dagrun for example_complex to None, run_after=None
[2024-11-13T19:43:00.505+0000] {processor.py:208} INFO - Processing /home/airflow/.local/lib/python3.12/site-packages/airflow/example_dags/example_complex.py took 0.066 seconds
[2024-11-13T19:43:31.050+0000] {processor.py:186} INFO - Started process (PID=2603) to work on /home/airflow/.local/lib/python3.12/site-packages/airflow/example_dags/example_complex.py
[2024-11-13T19:43:31.051+0000] {processor.py:914} INFO - Processing file /home/airflow/.local/lib/python3.12/site-packages/airflow/example_dags/example_complex.py for tasks to queue
[2024-11-13T19:43:31.053+0000] {logging_mixin.py:190} INFO - [2024-11-13T19:43:31.053+0000] {dagbag.py:588} INFO - Filling up the DagBag from /home/airflow/.local/lib/python3.12/site-packages/airflow/example_dags/example_complex.py
[2024-11-13T19:43:31.062+0000] {processor.py:925} INFO - DAG(s) 'example_complex' retrieved from /home/airflow/.local/lib/python3.12/site-packages/airflow/example_dags/example_complex.py
[2024-11-13T19:43:31.086+0000] {logging_mixin.py:190} INFO - [2024-11-13T19:43:31.085+0000] {dag.py:3239} INFO - Sync 1 DAGs
[2024-11-13T19:43:31.097+0000] {logging_mixin.py:190} INFO - [2024-11-13T19:43:31.097+0000] {dag.py:4180} INFO - Setting next_dagrun for example_complex to None, run_after=None
[2024-11-13T19:43:31.113+0000] {processor.py:208} INFO - Processing /home/airflow/.local/lib/python3.12/site-packages/airflow/example_dags/example_complex.py took 0.066 seconds
[2024-11-13T19:44:01.542+0000] {processor.py:186} INFO - Started process (PID=2666) to work on /home/airflow/.local/lib/python3.12/site-packages/airflow/example_dags/example_complex.py
[2024-11-13T19:44:01.542+0000] {processor.py:914} INFO - Processing file /home/airflow/.local/lib/python3.12/site-packages/airflow/example_dags/example_complex.py for tasks to queue
[2024-11-13T19:44:01.544+0000] {logging_mixin.py:190} INFO - [2024-11-13T19:44:01.544+0000] {dagbag.py:588} INFO - Filling up the DagBag from /home/airflow/.local/lib/python3.12/site-packages/airflow/example_dags/example_complex.py
[2024-11-13T19:44:01.554+0000] {processor.py:925} INFO - DAG(s) 'example_complex' retrieved from /home/airflow/.local/lib/python3.12/site-packages/airflow/example_dags/example_complex.py
[2024-11-13T19:44:01.578+0000] {logging_mixin.py:190} INFO - [2024-11-13T19:44:01.577+0000] {dag.py:3239} INFO - Sync 1 DAGs
[2024-11-13T19:44:01.589+0000] {logging_mixin.py:190} INFO - [2024-11-13T19:44:01.588+0000] {dag.py:4180} INFO - Setting next_dagrun for example_complex to None, run_after=None
[2024-11-13T19:44:01.602+0000] {processor.py:208} INFO - Processing /home/airflow/.local/lib/python3.12/site-packages/airflow/example_dags/example_complex.py took 0.065 seconds
[2024-11-13T19:44:31.813+0000] {processor.py:186} INFO - Started process (PID=2729) to work on /home/airflow/.local/lib/python3.12/site-packages/airflow/example_dags/example_complex.py
[2024-11-13T19:44:31.814+0000] {processor.py:914} INFO - Processing file /home/airflow/.local/lib/python3.12/site-packages/airflow/example_dags/example_complex.py for tasks to queue
[2024-11-13T19:44:31.816+0000] {logging_mixin.py:190} INFO - [2024-11-13T19:44:31.815+0000] {dagbag.py:588} INFO - Filling up the DagBag from /home/airflow/.local/lib/python3.12/site-packages/airflow/example_dags/example_complex.py
[2024-11-13T19:44:31.824+0000] {processor.py:925} INFO - DAG(s) 'example_complex' retrieved from /home/airflow/.local/lib/python3.12/site-packages/airflow/example_dags/example_complex.py
[2024-11-13T19:44:31.847+0000] {logging_mixin.py:190} INFO - [2024-11-13T19:44:31.847+0000] {dag.py:3239} INFO - Sync 1 DAGs
[2024-11-13T19:44:31.858+0000] {logging_mixin.py:190} INFO - [2024-11-13T19:44:31.858+0000] {dag.py:4180} INFO - Setting next_dagrun for example_complex to None, run_after=None
[2024-11-13T19:44:31.872+0000] {processor.py:208} INFO - Processing /home/airflow/.local/lib/python3.12/site-packages/airflow/example_dags/example_complex.py took 0.063 seconds
[2024-11-13T19:45:02.557+0000] {processor.py:186} INFO - Started process (PID=2792) to work on /home/airflow/.local/lib/python3.12/site-packages/airflow/example_dags/example_complex.py
[2024-11-13T19:45:02.558+0000] {processor.py:914} INFO - Processing file /home/airflow/.local/lib/python3.12/site-packages/airflow/example_dags/example_complex.py for tasks to queue
[2024-11-13T19:45:02.560+0000] {logging_mixin.py:190} INFO - [2024-11-13T19:45:02.559+0000] {dagbag.py:588} INFO - Filling up the DagBag from /home/airflow/.local/lib/python3.12/site-packages/airflow/example_dags/example_complex.py
[2024-11-13T19:45:02.569+0000] {processor.py:925} INFO - DAG(s) 'example_complex' retrieved from /home/airflow/.local/lib/python3.12/site-packages/airflow/example_dags/example_complex.py
[2024-11-13T19:45:02.593+0000] {logging_mixin.py:190} INFO - [2024-11-13T19:45:02.593+0000] {dag.py:3239} INFO - Sync 1 DAGs
[2024-11-13T19:45:02.603+0000] {logging_mixin.py:190} INFO - [2024-11-13T19:45:02.603+0000] {dag.py:4180} INFO - Setting next_dagrun for example_complex to None, run_after=None
[2024-11-13T19:45:02.617+0000] {processor.py:208} INFO - Processing /home/airflow/.local/lib/python3.12/site-packages/airflow/example_dags/example_complex.py took 0.064 seconds
[2024-11-13T19:45:33.412+0000] {processor.py:186} INFO - Started process (PID=2845) to work on /home/airflow/.local/lib/python3.12/site-packages/airflow/example_dags/example_complex.py
[2024-11-13T19:45:33.413+0000] {processor.py:914} INFO - Processing file /home/airflow/.local/lib/python3.12/site-packages/airflow/example_dags/example_complex.py for tasks to queue
[2024-11-13T19:45:33.415+0000] {logging_mixin.py:190} INFO - [2024-11-13T19:45:33.415+0000] {dagbag.py:588} INFO - Filling up the DagBag from /home/airflow/.local/lib/python3.12/site-packages/airflow/example_dags/example_complex.py
[2024-11-13T19:45:33.425+0000] {processor.py:925} INFO - DAG(s) 'example_complex' retrieved from /home/airflow/.local/lib/python3.12/site-packages/airflow/example_dags/example_complex.py
[2024-11-13T19:45:33.450+0000] {logging_mixin.py:190} INFO - [2024-11-13T19:45:33.450+0000] {dag.py:3239} INFO - Sync 1 DAGs
[2024-11-13T19:45:33.461+0000] {logging_mixin.py:190} INFO - [2024-11-13T19:45:33.461+0000] {dag.py:4180} INFO - Setting next_dagrun for example_complex to None, run_after=None
[2024-11-13T19:45:33.475+0000] {processor.py:208} INFO - Processing /home/airflow/.local/lib/python3.12/site-packages/airflow/example_dags/example_complex.py took 0.067 seconds
[2024-11-13T19:46:04.194+0000] {processor.py:186} INFO - Started process (PID=2909) to work on /home/airflow/.local/lib/python3.12/site-packages/airflow/example_dags/example_complex.py
[2024-11-13T19:46:04.195+0000] {processor.py:914} INFO - Processing file /home/airflow/.local/lib/python3.12/site-packages/airflow/example_dags/example_complex.py for tasks to queue
[2024-11-13T19:46:04.196+0000] {logging_mixin.py:190} INFO - [2024-11-13T19:46:04.196+0000] {dagbag.py:588} INFO - Filling up the DagBag from /home/airflow/.local/lib/python3.12/site-packages/airflow/example_dags/example_complex.py
[2024-11-13T19:46:04.205+0000] {processor.py:925} INFO - DAG(s) 'example_complex' retrieved from /home/airflow/.local/lib/python3.12/site-packages/airflow/example_dags/example_complex.py
[2024-11-13T19:46:04.229+0000] {logging_mixin.py:190} INFO - [2024-11-13T19:46:04.229+0000] {dag.py:3239} INFO - Sync 1 DAGs
[2024-11-13T19:46:04.240+0000] {logging_mixin.py:190} INFO - [2024-11-13T19:46:04.240+0000] {dag.py:4180} INFO - Setting next_dagrun for example_complex to None, run_after=None
[2024-11-13T19:46:04.255+0000] {processor.py:208} INFO - Processing /home/airflow/.local/lib/python3.12/site-packages/airflow/example_dags/example_complex.py took 0.065 seconds
[2024-11-13T19:46:34.874+0000] {processor.py:186} INFO - Started process (PID=2971) to work on /home/airflow/.local/lib/python3.12/site-packages/airflow/example_dags/example_complex.py
[2024-11-13T19:46:34.875+0000] {processor.py:914} INFO - Processing file /home/airflow/.local/lib/python3.12/site-packages/airflow/example_dags/example_complex.py for tasks to queue
[2024-11-13T19:46:34.876+0000] {logging_mixin.py:190} INFO - [2024-11-13T19:46:34.876+0000] {dagbag.py:588} INFO - Filling up the DagBag from /home/airflow/.local/lib/python3.12/site-packages/airflow/example_dags/example_complex.py
[2024-11-13T19:46:34.885+0000] {processor.py:925} INFO - DAG(s) 'example_complex' retrieved from /home/airflow/.local/lib/python3.12/site-packages/airflow/example_dags/example_complex.py
[2024-11-13T19:46:34.909+0000] {logging_mixin.py:190} INFO - [2024-11-13T19:46:34.909+0000] {dag.py:3239} INFO - Sync 1 DAGs
[2024-11-13T19:46:34.919+0000] {logging_mixin.py:190} INFO - [2024-11-13T19:46:34.919+0000] {dag.py:4180} INFO - Setting next_dagrun for example_complex to None, run_after=None
[2024-11-13T19:46:34.933+0000] {processor.py:208} INFO - Processing /home/airflow/.local/lib/python3.12/site-packages/airflow/example_dags/example_complex.py took 0.064 seconds
[2024-11-13T19:47:05.281+0000] {processor.py:186} INFO - Started process (PID=3027) to work on /home/airflow/.local/lib/python3.12/site-packages/airflow/example_dags/example_complex.py
[2024-11-13T19:47:05.306+0000] {processor.py:914} INFO - Processing file /home/airflow/.local/lib/python3.12/site-packages/airflow/example_dags/example_complex.py for tasks to queue
[2024-11-13T19:47:05.309+0000] {logging_mixin.py:190} INFO - [2024-11-13T19:47:05.309+0000] {dagbag.py:588} INFO - Filling up the DagBag from /home/airflow/.local/lib/python3.12/site-packages/airflow/example_dags/example_complex.py
[2024-11-13T19:47:05.317+0000] {processor.py:925} INFO - DAG(s) 'example_complex' retrieved from /home/airflow/.local/lib/python3.12/site-packages/airflow/example_dags/example_complex.py
[2024-11-13T19:47:05.342+0000] {logging_mixin.py:190} INFO - [2024-11-13T19:47:05.342+0000] {dag.py:3239} INFO - Sync 1 DAGs
[2024-11-13T19:47:05.352+0000] {logging_mixin.py:190} INFO - [2024-11-13T19:47:05.352+0000] {dag.py:4180} INFO - Setting next_dagrun for example_complex to None, run_after=None
[2024-11-13T19:47:05.367+0000] {processor.py:208} INFO - Processing /home/airflow/.local/lib/python3.12/site-packages/airflow/example_dags/example_complex.py took 0.091 seconds
[2024-11-13T19:47:35.703+0000] {processor.py:186} INFO - Started process (PID=3090) to work on /home/airflow/.local/lib/python3.12/site-packages/airflow/example_dags/example_complex.py
[2024-11-13T19:47:35.704+0000] {processor.py:914} INFO - Processing file /home/airflow/.local/lib/python3.12/site-packages/airflow/example_dags/example_complex.py for tasks to queue
[2024-11-13T19:47:35.706+0000] {logging_mixin.py:190} INFO - [2024-11-13T19:47:35.706+0000] {dagbag.py:588} INFO - Filling up the DagBag from /home/airflow/.local/lib/python3.12/site-packages/airflow/example_dags/example_complex.py
[2024-11-13T19:47:35.715+0000] {processor.py:925} INFO - DAG(s) 'example_complex' retrieved from /home/airflow/.local/lib/python3.12/site-packages/airflow/example_dags/example_complex.py
[2024-11-13T19:47:35.740+0000] {logging_mixin.py:190} INFO - [2024-11-13T19:47:35.740+0000] {dag.py:3239} INFO - Sync 1 DAGs
[2024-11-13T19:47:35.750+0000] {logging_mixin.py:190} INFO - [2024-11-13T19:47:35.750+0000] {dag.py:4180} INFO - Setting next_dagrun for example_complex to None, run_after=None
[2024-11-13T19:47:35.762+0000] {processor.py:208} INFO - Processing /home/airflow/.local/lib/python3.12/site-packages/airflow/example_dags/example_complex.py took 0.063 seconds
[2024-11-13T19:48:06.192+0000] {processor.py:186} INFO - Started process (PID=3153) to work on /home/airflow/.local/lib/python3.12/site-packages/airflow/example_dags/example_complex.py
[2024-11-13T19:48:06.193+0000] {processor.py:914} INFO - Processing file /home/airflow/.local/lib/python3.12/site-packages/airflow/example_dags/example_complex.py for tasks to queue
[2024-11-13T19:48:06.195+0000] {logging_mixin.py:190} INFO - [2024-11-13T19:48:06.195+0000] {dagbag.py:588} INFO - Filling up the DagBag from /home/airflow/.local/lib/python3.12/site-packages/airflow/example_dags/example_complex.py
[2024-11-13T19:48:06.203+0000] {processor.py:925} INFO - DAG(s) 'example_complex' retrieved from /home/airflow/.local/lib/python3.12/site-packages/airflow/example_dags/example_complex.py
[2024-11-13T19:48:06.358+0000] {logging_mixin.py:190} INFO - [2024-11-13T19:48:06.357+0000] {dag.py:3239} INFO - Sync 1 DAGs
[2024-11-13T19:48:06.368+0000] {logging_mixin.py:190} INFO - [2024-11-13T19:48:06.368+0000] {dag.py:4180} INFO - Setting next_dagrun for example_complex to None, run_after=None
[2024-11-13T19:48:06.380+0000] {processor.py:208} INFO - Processing /home/airflow/.local/lib/python3.12/site-packages/airflow/example_dags/example_complex.py took 0.192 seconds
[2024-11-13T19:48:36.416+0000] {processor.py:186} INFO - Started process (PID=3213) to work on /home/airflow/.local/lib/python3.12/site-packages/airflow/example_dags/example_complex.py
[2024-11-13T19:48:36.418+0000] {processor.py:914} INFO - Processing file /home/airflow/.local/lib/python3.12/site-packages/airflow/example_dags/example_complex.py for tasks to queue
[2024-11-13T19:48:36.419+0000] {logging_mixin.py:190} INFO - [2024-11-13T19:48:36.419+0000] {dagbag.py:588} INFO - Filling up the DagBag from /home/airflow/.local/lib/python3.12/site-packages/airflow/example_dags/example_complex.py
[2024-11-13T19:48:36.429+0000] {processor.py:925} INFO - DAG(s) 'example_complex' retrieved from /home/airflow/.local/lib/python3.12/site-packages/airflow/example_dags/example_complex.py
[2024-11-13T19:48:36.452+0000] {logging_mixin.py:190} INFO - [2024-11-13T19:48:36.452+0000] {dag.py:3239} INFO - Sync 1 DAGs
[2024-11-13T19:48:36.463+0000] {logging_mixin.py:190} INFO - [2024-11-13T19:48:36.463+0000] {dag.py:4180} INFO - Setting next_dagrun for example_complex to None, run_after=None
[2024-11-13T19:48:36.477+0000] {processor.py:208} INFO - Processing /home/airflow/.local/lib/python3.12/site-packages/airflow/example_dags/example_complex.py took 0.065 seconds
[2024-11-13T19:49:07.097+0000] {processor.py:186} INFO - Started process (PID=3270) to work on /home/airflow/.local/lib/python3.12/site-packages/airflow/example_dags/example_complex.py
[2024-11-13T19:49:07.098+0000] {processor.py:914} INFO - Processing file /home/airflow/.local/lib/python3.12/site-packages/airflow/example_dags/example_complex.py for tasks to queue
[2024-11-13T19:49:07.100+0000] {logging_mixin.py:190} INFO - [2024-11-13T19:49:07.099+0000] {dagbag.py:588} INFO - Filling up the DagBag from /home/airflow/.local/lib/python3.12/site-packages/airflow/example_dags/example_complex.py
[2024-11-13T19:49:07.108+0000] {processor.py:925} INFO - DAG(s) 'example_complex' retrieved from /home/airflow/.local/lib/python3.12/site-packages/airflow/example_dags/example_complex.py
[2024-11-13T19:49:07.131+0000] {logging_mixin.py:190} INFO - [2024-11-13T19:49:07.131+0000] {dag.py:3239} INFO - Sync 1 DAGs
[2024-11-13T19:49:07.142+0000] {logging_mixin.py:190} INFO - [2024-11-13T19:49:07.141+0000] {dag.py:4180} INFO - Setting next_dagrun for example_complex to None, run_after=None
[2024-11-13T19:49:07.157+0000] {processor.py:208} INFO - Processing /home/airflow/.local/lib/python3.12/site-packages/airflow/example_dags/example_complex.py took 0.065 seconds
[2024-11-13T19:49:38.024+0000] {processor.py:186} INFO - Started process (PID=3333) to work on /home/airflow/.local/lib/python3.12/site-packages/airflow/example_dags/example_complex.py
[2024-11-13T19:49:38.025+0000] {processor.py:914} INFO - Processing file /home/airflow/.local/lib/python3.12/site-packages/airflow/example_dags/example_complex.py for tasks to queue
[2024-11-13T19:49:38.027+0000] {logging_mixin.py:190} INFO - [2024-11-13T19:49:38.026+0000] {dagbag.py:588} INFO - Filling up the DagBag from /home/airflow/.local/lib/python3.12/site-packages/airflow/example_dags/example_complex.py
[2024-11-13T19:49:38.035+0000] {processor.py:925} INFO - DAG(s) 'example_complex' retrieved from /home/airflow/.local/lib/python3.12/site-packages/airflow/example_dags/example_complex.py
[2024-11-13T19:49:38.061+0000] {logging_mixin.py:190} INFO - [2024-11-13T19:49:38.060+0000] {dag.py:3239} INFO - Sync 1 DAGs
[2024-11-13T19:49:38.072+0000] {logging_mixin.py:190} INFO - [2024-11-13T19:49:38.072+0000] {dag.py:4180} INFO - Setting next_dagrun for example_complex to None, run_after=None
[2024-11-13T19:49:38.089+0000] {processor.py:208} INFO - Processing /home/airflow/.local/lib/python3.12/site-packages/airflow/example_dags/example_complex.py took 0.069 seconds
[2024-11-13T19:50:08.931+0000] {processor.py:186} INFO - Started process (PID=3396) to work on /home/airflow/.local/lib/python3.12/site-packages/airflow/example_dags/example_complex.py
[2024-11-13T19:50:08.932+0000] {processor.py:914} INFO - Processing file /home/airflow/.local/lib/python3.12/site-packages/airflow/example_dags/example_complex.py for tasks to queue
[2024-11-13T19:50:08.933+0000] {logging_mixin.py:190} INFO - [2024-11-13T19:50:08.933+0000] {dagbag.py:588} INFO - Filling up the DagBag from /home/airflow/.local/lib/python3.12/site-packages/airflow/example_dags/example_complex.py
[2024-11-13T19:50:08.943+0000] {processor.py:925} INFO - DAG(s) 'example_complex' retrieved from /home/airflow/.local/lib/python3.12/site-packages/airflow/example_dags/example_complex.py
[2024-11-13T19:50:08.969+0000] {logging_mixin.py:190} INFO - [2024-11-13T19:50:08.969+0000] {dag.py:3239} INFO - Sync 1 DAGs
[2024-11-13T19:50:08.980+0000] {logging_mixin.py:190} INFO - [2024-11-13T19:50:08.980+0000] {dag.py:4180} INFO - Setting next_dagrun for example_complex to None, run_after=None
[2024-11-13T19:50:08.993+0000] {processor.py:208} INFO - Processing /home/airflow/.local/lib/python3.12/site-packages/airflow/example_dags/example_complex.py took 0.066 seconds
[2024-11-13T19:50:39.117+0000] {processor.py:186} INFO - Started process (PID=3458) to work on /home/airflow/.local/lib/python3.12/site-packages/airflow/example_dags/example_complex.py
[2024-11-13T19:50:39.118+0000] {processor.py:914} INFO - Processing file /home/airflow/.local/lib/python3.12/site-packages/airflow/example_dags/example_complex.py for tasks to queue
[2024-11-13T19:50:39.120+0000] {logging_mixin.py:190} INFO - [2024-11-13T19:50:39.120+0000] {dagbag.py:588} INFO - Filling up the DagBag from /home/airflow/.local/lib/python3.12/site-packages/airflow/example_dags/example_complex.py
[2024-11-13T19:50:39.129+0000] {processor.py:925} INFO - DAG(s) 'example_complex' retrieved from /home/airflow/.local/lib/python3.12/site-packages/airflow/example_dags/example_complex.py
[2024-11-13T19:50:39.154+0000] {logging_mixin.py:190} INFO - [2024-11-13T19:50:39.154+0000] {dag.py:3239} INFO - Sync 1 DAGs
[2024-11-13T19:50:39.164+0000] {logging_mixin.py:190} INFO - [2024-11-13T19:50:39.164+0000] {dag.py:4180} INFO - Setting next_dagrun for example_complex to None, run_after=None
[2024-11-13T19:50:39.180+0000] {processor.py:208} INFO - Processing /home/airflow/.local/lib/python3.12/site-packages/airflow/example_dags/example_complex.py took 0.067 seconds
[2024-11-13T19:51:09.257+0000] {processor.py:186} INFO - Started process (PID=3521) to work on /home/airflow/.local/lib/python3.12/site-packages/airflow/example_dags/example_complex.py
[2024-11-13T19:51:09.258+0000] {processor.py:914} INFO - Processing file /home/airflow/.local/lib/python3.12/site-packages/airflow/example_dags/example_complex.py for tasks to queue
[2024-11-13T19:51:09.260+0000] {logging_mixin.py:190} INFO - [2024-11-13T19:51:09.259+0000] {dagbag.py:588} INFO - Filling up the DagBag from /home/airflow/.local/lib/python3.12/site-packages/airflow/example_dags/example_complex.py
[2024-11-13T19:51:09.268+0000] {processor.py:925} INFO - DAG(s) 'example_complex' retrieved from /home/airflow/.local/lib/python3.12/site-packages/airflow/example_dags/example_complex.py
[2024-11-13T19:51:09.292+0000] {logging_mixin.py:190} INFO - [2024-11-13T19:51:09.291+0000] {dag.py:3239} INFO - Sync 1 DAGs
[2024-11-13T19:51:09.302+0000] {logging_mixin.py:190} INFO - [2024-11-13T19:51:09.302+0000] {dag.py:4180} INFO - Setting next_dagrun for example_complex to None, run_after=None
[2024-11-13T19:51:09.319+0000] {processor.py:208} INFO - Processing /home/airflow/.local/lib/python3.12/site-packages/airflow/example_dags/example_complex.py took 0.066 seconds
[2024-11-13T19:51:39.403+0000] {processor.py:186} INFO - Started process (PID=3584) to work on /home/airflow/.local/lib/python3.12/site-packages/airflow/example_dags/example_complex.py
[2024-11-13T19:51:39.404+0000] {processor.py:914} INFO - Processing file /home/airflow/.local/lib/python3.12/site-packages/airflow/example_dags/example_complex.py for tasks to queue
[2024-11-13T19:51:39.406+0000] {logging_mixin.py:190} INFO - [2024-11-13T19:51:39.405+0000] {dagbag.py:588} INFO - Filling up the DagBag from /home/airflow/.local/lib/python3.12/site-packages/airflow/example_dags/example_complex.py
[2024-11-13T19:51:39.414+0000] {processor.py:925} INFO - DAG(s) 'example_complex' retrieved from /home/airflow/.local/lib/python3.12/site-packages/airflow/example_dags/example_complex.py
[2024-11-13T19:51:39.437+0000] {logging_mixin.py:190} INFO - [2024-11-13T19:51:39.437+0000] {dag.py:3239} INFO - Sync 1 DAGs
[2024-11-13T19:51:39.447+0000] {logging_mixin.py:190} INFO - [2024-11-13T19:51:39.447+0000] {dag.py:4180} INFO - Setting next_dagrun for example_complex to None, run_after=None
[2024-11-13T19:51:39.462+0000] {processor.py:208} INFO - Processing /home/airflow/.local/lib/python3.12/site-packages/airflow/example_dags/example_complex.py took 0.063 seconds
[2024-11-13T19:52:09.496+0000] {processor.py:186} INFO - Started process (PID=3646) to work on /home/airflow/.local/lib/python3.12/site-packages/airflow/example_dags/example_complex.py
[2024-11-13T19:52:09.497+0000] {processor.py:914} INFO - Processing file /home/airflow/.local/lib/python3.12/site-packages/airflow/example_dags/example_complex.py for tasks to queue
[2024-11-13T19:52:09.499+0000] {logging_mixin.py:190} INFO - [2024-11-13T19:52:09.499+0000] {dagbag.py:588} INFO - Filling up the DagBag from /home/airflow/.local/lib/python3.12/site-packages/airflow/example_dags/example_complex.py
[2024-11-13T19:52:09.507+0000] {processor.py:925} INFO - DAG(s) 'example_complex' retrieved from /home/airflow/.local/lib/python3.12/site-packages/airflow/example_dags/example_complex.py
[2024-11-13T19:52:09.528+0000] {logging_mixin.py:190} INFO - [2024-11-13T19:52:09.528+0000] {dag.py:3239} INFO - Sync 1 DAGs
[2024-11-13T19:52:09.538+0000] {logging_mixin.py:190} INFO - [2024-11-13T19:52:09.537+0000] {dag.py:4180} INFO - Setting next_dagrun for example_complex to None, run_after=None
[2024-11-13T19:52:09.551+0000] {processor.py:208} INFO - Processing /home/airflow/.local/lib/python3.12/site-packages/airflow/example_dags/example_complex.py took 0.059 seconds
[2024-11-13T19:52:39.771+0000] {processor.py:186} INFO - Started process (PID=3710) to work on /home/airflow/.local/lib/python3.12/site-packages/airflow/example_dags/example_complex.py
[2024-11-13T19:52:39.772+0000] {processor.py:914} INFO - Processing file /home/airflow/.local/lib/python3.12/site-packages/airflow/example_dags/example_complex.py for tasks to queue
[2024-11-13T19:52:39.774+0000] {logging_mixin.py:190} INFO - [2024-11-13T19:52:39.774+0000] {dagbag.py:588} INFO - Filling up the DagBag from /home/airflow/.local/lib/python3.12/site-packages/airflow/example_dags/example_complex.py
[2024-11-13T19:52:39.790+0000] {processor.py:925} INFO - DAG(s) 'example_complex' retrieved from /home/airflow/.local/lib/python3.12/site-packages/airflow/example_dags/example_complex.py
[2024-11-13T19:52:39.820+0000] {logging_mixin.py:190} INFO - [2024-11-13T19:52:39.820+0000] {dag.py:3239} INFO - Sync 1 DAGs
[2024-11-13T19:52:39.832+0000] {logging_mixin.py:190} INFO - [2024-11-13T19:52:39.832+0000] {dag.py:4180} INFO - Setting next_dagrun for example_complex to None, run_after=None
[2024-11-13T19:52:39.850+0000] {processor.py:208} INFO - Processing /home/airflow/.local/lib/python3.12/site-packages/airflow/example_dags/example_complex.py took 0.085 seconds
