[2024-11-13T19:23:19.435+0000] {processor.py:186} INFO - Started process (PID=104) to work on /home/airflow/.local/lib/python3.12/site-packages/airflow/example_dags/example_params_ui_tutorial.py
[2024-11-13T19:23:19.435+0000] {processor.py:914} INFO - Processing file /home/airflow/.local/lib/python3.12/site-packages/airflow/example_dags/example_params_ui_tutorial.py for tasks to queue
[2024-11-13T19:23:19.437+0000] {logging_mixin.py:190} INFO - [2024-11-13T19:23:19.437+0000] {dagbag.py:588} INFO - Filling up the DagBag from /home/airflow/.local/lib/python3.12/site-packages/airflow/example_dags/example_params_ui_tutorial.py
[2024-11-13T19:23:19.445+0000] {processor.py:925} INFO - DAG(s) 'example_params_ui_tutorial' retrieved from /home/airflow/.local/lib/python3.12/site-packages/airflow/example_dags/example_params_ui_tutorial.py
[2024-11-13T19:23:19.540+0000] {logging_mixin.py:190} INFO - [2024-11-13T19:23:19.539+0000] {override.py:1911} INFO - Created Permission View: can edit on DAG:example_params_ui_tutorial
[2024-11-13T19:23:19.547+0000] {logging_mixin.py:190} INFO - [2024-11-13T19:23:19.547+0000] {override.py:1911} INFO - Created Permission View: can read on DAG:example_params_ui_tutorial
[2024-11-13T19:23:19.552+0000] {logging_mixin.py:190} INFO - [2024-11-13T19:23:19.552+0000] {override.py:1911} INFO - Created Permission View: can delete on DAG:example_params_ui_tutorial
[2024-11-13T19:23:19.559+0000] {logging_mixin.py:190} INFO - [2024-11-13T19:23:19.559+0000] {override.py:1911} INFO - Created Permission View: can delete on DAG Run:example_params_ui_tutorial
[2024-11-13T19:23:19.564+0000] {logging_mixin.py:190} INFO - [2024-11-13T19:23:19.563+0000] {override.py:1911} INFO - Created Permission View: can read on DAG Run:example_params_ui_tutorial
[2024-11-13T19:23:19.568+0000] {logging_mixin.py:190} INFO - [2024-11-13T19:23:19.568+0000] {override.py:1911} INFO - Created Permission View: menu access on DAG Run:example_params_ui_tutorial
[2024-11-13T19:23:19.573+0000] {logging_mixin.py:190} INFO - [2024-11-13T19:23:19.573+0000] {override.py:1911} INFO - Created Permission View: can create on DAG Run:example_params_ui_tutorial
[2024-11-13T19:23:19.574+0000] {logging_mixin.py:190} INFO - [2024-11-13T19:23:19.574+0000] {dag.py:3239} INFO - Sync 1 DAGs
[2024-11-13T19:23:19.582+0000] {logging_mixin.py:190} INFO - [2024-11-13T19:23:19.582+0000] {dag.py:3262} INFO - Creating ORM DAG for example_params_ui_tutorial
[2024-11-13T19:23:19.583+0000] {logging_mixin.py:190} INFO - [2024-11-13T19:23:19.583+0000] {dag.py:4180} INFO - Setting next_dagrun for example_params_ui_tutorial to None, run_after=None
[2024-11-13T19:23:19.596+0000] {processor.py:208} INFO - Processing /home/airflow/.local/lib/python3.12/site-packages/airflow/example_dags/example_params_ui_tutorial.py took 0.165 seconds
[2024-11-13T19:23:49.663+0000] {processor.py:186} INFO - Started process (PID=167) to work on /home/airflow/.local/lib/python3.12/site-packages/airflow/example_dags/example_params_ui_tutorial.py
[2024-11-13T19:23:49.663+0000] {processor.py:914} INFO - Processing file /home/airflow/.local/lib/python3.12/site-packages/airflow/example_dags/example_params_ui_tutorial.py for tasks to queue
[2024-11-13T19:23:49.665+0000] {logging_mixin.py:190} INFO - [2024-11-13T19:23:49.664+0000] {dagbag.py:588} INFO - Filling up the DagBag from /home/airflow/.local/lib/python3.12/site-packages/airflow/example_dags/example_params_ui_tutorial.py
[2024-11-13T19:23:49.671+0000] {processor.py:925} INFO - DAG(s) 'example_params_ui_tutorial' retrieved from /home/airflow/.local/lib/python3.12/site-packages/airflow/example_dags/example_params_ui_tutorial.py
[2024-11-13T19:23:49.701+0000] {logging_mixin.py:190} INFO - [2024-11-13T19:23:49.701+0000] {dag.py:3239} INFO - Sync 1 DAGs
[2024-11-13T19:23:49.711+0000] {logging_mixin.py:190} INFO - [2024-11-13T19:23:49.711+0000] {dag.py:4180} INFO - Setting next_dagrun for example_params_ui_tutorial to None, run_after=None
[2024-11-13T19:23:49.724+0000] {processor.py:208} INFO - Processing /home/airflow/.local/lib/python3.12/site-packages/airflow/example_dags/example_params_ui_tutorial.py took 0.065 seconds
[2024-11-13T19:24:20.012+0000] {processor.py:186} INFO - Started process (PID=230) to work on /home/airflow/.local/lib/python3.12/site-packages/airflow/example_dags/example_params_ui_tutorial.py
[2024-11-13T19:24:20.013+0000] {processor.py:914} INFO - Processing file /home/airflow/.local/lib/python3.12/site-packages/airflow/example_dags/example_params_ui_tutorial.py for tasks to queue
[2024-11-13T19:24:20.014+0000] {logging_mixin.py:190} INFO - [2024-11-13T19:24:20.014+0000] {dagbag.py:588} INFO - Filling up the DagBag from /home/airflow/.local/lib/python3.12/site-packages/airflow/example_dags/example_params_ui_tutorial.py
[2024-11-13T19:24:20.021+0000] {processor.py:925} INFO - DAG(s) 'example_params_ui_tutorial' retrieved from /home/airflow/.local/lib/python3.12/site-packages/airflow/example_dags/example_params_ui_tutorial.py
[2024-11-13T19:24:20.051+0000] {logging_mixin.py:190} INFO - [2024-11-13T19:24:20.051+0000] {dag.py:3239} INFO - Sync 1 DAGs
[2024-11-13T19:24:20.062+0000] {logging_mixin.py:190} INFO - [2024-11-13T19:24:20.062+0000] {dag.py:4180} INFO - Setting next_dagrun for example_params_ui_tutorial to None, run_after=None
[2024-11-13T19:24:20.076+0000] {processor.py:208} INFO - Processing /home/airflow/.local/lib/python3.12/site-packages/airflow/example_dags/example_params_ui_tutorial.py took 0.068 seconds
[2024-11-13T19:24:50.922+0000] {processor.py:186} INFO - Started process (PID=293) to work on /home/airflow/.local/lib/python3.12/site-packages/airflow/example_dags/example_params_ui_tutorial.py
[2024-11-13T19:24:50.923+0000] {processor.py:914} INFO - Processing file /home/airflow/.local/lib/python3.12/site-packages/airflow/example_dags/example_params_ui_tutorial.py for tasks to queue
[2024-11-13T19:24:50.925+0000] {logging_mixin.py:190} INFO - [2024-11-13T19:24:50.924+0000] {dagbag.py:588} INFO - Filling up the DagBag from /home/airflow/.local/lib/python3.12/site-packages/airflow/example_dags/example_params_ui_tutorial.py
[2024-11-13T19:24:50.932+0000] {processor.py:925} INFO - DAG(s) 'example_params_ui_tutorial' retrieved from /home/airflow/.local/lib/python3.12/site-packages/airflow/example_dags/example_params_ui_tutorial.py
[2024-11-13T19:24:50.965+0000] {logging_mixin.py:190} INFO - [2024-11-13T19:24:50.964+0000] {dag.py:3239} INFO - Sync 1 DAGs
[2024-11-13T19:24:50.976+0000] {logging_mixin.py:190} INFO - [2024-11-13T19:24:50.975+0000] {dag.py:4180} INFO - Setting next_dagrun for example_params_ui_tutorial to None, run_after=None
[2024-11-13T19:24:50.989+0000] {processor.py:208} INFO - Processing /home/airflow/.local/lib/python3.12/site-packages/airflow/example_dags/example_params_ui_tutorial.py took 0.071 seconds
[2024-11-13T19:25:22.884+0000] {processor.py:186} INFO - Started process (PID=356) to work on /home/airflow/.local/lib/python3.12/site-packages/airflow/example_dags/example_params_ui_tutorial.py
[2024-11-13T19:25:22.885+0000] {processor.py:914} INFO - Processing file /home/airflow/.local/lib/python3.12/site-packages/airflow/example_dags/example_params_ui_tutorial.py for tasks to queue
[2024-11-13T19:25:22.887+0000] {logging_mixin.py:190} INFO - [2024-11-13T19:25:22.887+0000] {dagbag.py:588} INFO - Filling up the DagBag from /home/airflow/.local/lib/python3.12/site-packages/airflow/example_dags/example_params_ui_tutorial.py
[2024-11-13T19:25:22.896+0000] {processor.py:925} INFO - DAG(s) 'example_params_ui_tutorial' retrieved from /home/airflow/.local/lib/python3.12/site-packages/airflow/example_dags/example_params_ui_tutorial.py
[2024-11-13T19:25:22.931+0000] {logging_mixin.py:190} INFO - [2024-11-13T19:25:22.930+0000] {dag.py:3239} INFO - Sync 1 DAGs
[2024-11-13T19:25:22.941+0000] {logging_mixin.py:190} INFO - [2024-11-13T19:25:22.941+0000] {dag.py:4180} INFO - Setting next_dagrun for example_params_ui_tutorial to None, run_after=None
[2024-11-13T19:25:22.955+0000] {processor.py:208} INFO - Processing /home/airflow/.local/lib/python3.12/site-packages/airflow/example_dags/example_params_ui_tutorial.py took 0.076 seconds
[2024-11-13T19:25:53.725+0000] {processor.py:186} INFO - Started process (PID=419) to work on /home/airflow/.local/lib/python3.12/site-packages/airflow/example_dags/example_params_ui_tutorial.py
[2024-11-13T19:25:53.726+0000] {processor.py:914} INFO - Processing file /home/airflow/.local/lib/python3.12/site-packages/airflow/example_dags/example_params_ui_tutorial.py for tasks to queue
[2024-11-13T19:25:53.728+0000] {logging_mixin.py:190} INFO - [2024-11-13T19:25:53.728+0000] {dagbag.py:588} INFO - Filling up the DagBag from /home/airflow/.local/lib/python3.12/site-packages/airflow/example_dags/example_params_ui_tutorial.py
[2024-11-13T19:25:53.735+0000] {processor.py:925} INFO - DAG(s) 'example_params_ui_tutorial' retrieved from /home/airflow/.local/lib/python3.12/site-packages/airflow/example_dags/example_params_ui_tutorial.py
[2024-11-13T19:25:53.767+0000] {logging_mixin.py:190} INFO - [2024-11-13T19:25:53.766+0000] {dag.py:3239} INFO - Sync 1 DAGs
[2024-11-13T19:25:53.778+0000] {logging_mixin.py:190} INFO - [2024-11-13T19:25:53.778+0000] {dag.py:4180} INFO - Setting next_dagrun for example_params_ui_tutorial to None, run_after=None
[2024-11-13T19:25:53.790+0000] {processor.py:208} INFO - Processing /home/airflow/.local/lib/python3.12/site-packages/airflow/example_dags/example_params_ui_tutorial.py took 0.069 seconds
[2024-11-13T19:26:24.766+0000] {processor.py:186} INFO - Started process (PID=481) to work on /home/airflow/.local/lib/python3.12/site-packages/airflow/example_dags/example_params_ui_tutorial.py
[2024-11-13T19:26:24.767+0000] {processor.py:914} INFO - Processing file /home/airflow/.local/lib/python3.12/site-packages/airflow/example_dags/example_params_ui_tutorial.py for tasks to queue
[2024-11-13T19:26:24.769+0000] {logging_mixin.py:190} INFO - [2024-11-13T19:26:24.769+0000] {dagbag.py:588} INFO - Filling up the DagBag from /home/airflow/.local/lib/python3.12/site-packages/airflow/example_dags/example_params_ui_tutorial.py
[2024-11-13T19:26:24.776+0000] {processor.py:925} INFO - DAG(s) 'example_params_ui_tutorial' retrieved from /home/airflow/.local/lib/python3.12/site-packages/airflow/example_dags/example_params_ui_tutorial.py
[2024-11-13T19:26:24.809+0000] {logging_mixin.py:190} INFO - [2024-11-13T19:26:24.809+0000] {dag.py:3239} INFO - Sync 1 DAGs
[2024-11-13T19:26:24.820+0000] {logging_mixin.py:190} INFO - [2024-11-13T19:26:24.820+0000] {dag.py:4180} INFO - Setting next_dagrun for example_params_ui_tutorial to None, run_after=None
[2024-11-13T19:26:24.836+0000] {processor.py:208} INFO - Processing /home/airflow/.local/lib/python3.12/site-packages/airflow/example_dags/example_params_ui_tutorial.py took 0.075 seconds
[2024-11-13T19:26:55.941+0000] {processor.py:186} INFO - Started process (PID=544) to work on /home/airflow/.local/lib/python3.12/site-packages/airflow/example_dags/example_params_ui_tutorial.py
[2024-11-13T19:26:55.942+0000] {processor.py:914} INFO - Processing file /home/airflow/.local/lib/python3.12/site-packages/airflow/example_dags/example_params_ui_tutorial.py for tasks to queue
[2024-11-13T19:26:55.944+0000] {logging_mixin.py:190} INFO - [2024-11-13T19:26:55.944+0000] {dagbag.py:588} INFO - Filling up the DagBag from /home/airflow/.local/lib/python3.12/site-packages/airflow/example_dags/example_params_ui_tutorial.py
[2024-11-13T19:26:55.950+0000] {processor.py:925} INFO - DAG(s) 'example_params_ui_tutorial' retrieved from /home/airflow/.local/lib/python3.12/site-packages/airflow/example_dags/example_params_ui_tutorial.py
[2024-11-13T19:26:55.982+0000] {logging_mixin.py:190} INFO - [2024-11-13T19:26:55.982+0000] {dag.py:3239} INFO - Sync 1 DAGs
[2024-11-13T19:26:55.993+0000] {logging_mixin.py:190} INFO - [2024-11-13T19:26:55.993+0000] {dag.py:4180} INFO - Setting next_dagrun for example_params_ui_tutorial to None, run_after=None
[2024-11-13T19:26:56.007+0000] {processor.py:208} INFO - Processing /home/airflow/.local/lib/python3.12/site-packages/airflow/example_dags/example_params_ui_tutorial.py took 0.069 seconds
[2024-11-13T19:27:27.292+0000] {processor.py:186} INFO - Started process (PID=607) to work on /home/airflow/.local/lib/python3.12/site-packages/airflow/example_dags/example_params_ui_tutorial.py
[2024-11-13T19:27:27.293+0000] {processor.py:914} INFO - Processing file /home/airflow/.local/lib/python3.12/site-packages/airflow/example_dags/example_params_ui_tutorial.py for tasks to queue
[2024-11-13T19:27:27.294+0000] {logging_mixin.py:190} INFO - [2024-11-13T19:27:27.294+0000] {dagbag.py:588} INFO - Filling up the DagBag from /home/airflow/.local/lib/python3.12/site-packages/airflow/example_dags/example_params_ui_tutorial.py
[2024-11-13T19:27:27.301+0000] {processor.py:925} INFO - DAG(s) 'example_params_ui_tutorial' retrieved from /home/airflow/.local/lib/python3.12/site-packages/airflow/example_dags/example_params_ui_tutorial.py
[2024-11-13T19:27:27.330+0000] {logging_mixin.py:190} INFO - [2024-11-13T19:27:27.330+0000] {dag.py:3239} INFO - Sync 1 DAGs
[2024-11-13T19:27:27.340+0000] {logging_mixin.py:190} INFO - [2024-11-13T19:27:27.340+0000] {dag.py:4180} INFO - Setting next_dagrun for example_params_ui_tutorial to None, run_after=None
[2024-11-13T19:27:27.353+0000] {processor.py:208} INFO - Processing /home/airflow/.local/lib/python3.12/site-packages/airflow/example_dags/example_params_ui_tutorial.py took 0.066 seconds
[2024-11-13T19:27:58.434+0000] {processor.py:186} INFO - Started process (PID=670) to work on /home/airflow/.local/lib/python3.12/site-packages/airflow/example_dags/example_params_ui_tutorial.py
[2024-11-13T19:27:58.435+0000] {processor.py:914} INFO - Processing file /home/airflow/.local/lib/python3.12/site-packages/airflow/example_dags/example_params_ui_tutorial.py for tasks to queue
[2024-11-13T19:27:58.437+0000] {logging_mixin.py:190} INFO - [2024-11-13T19:27:58.436+0000] {dagbag.py:588} INFO - Filling up the DagBag from /home/airflow/.local/lib/python3.12/site-packages/airflow/example_dags/example_params_ui_tutorial.py
[2024-11-13T19:27:58.443+0000] {processor.py:925} INFO - DAG(s) 'example_params_ui_tutorial' retrieved from /home/airflow/.local/lib/python3.12/site-packages/airflow/example_dags/example_params_ui_tutorial.py
[2024-11-13T19:27:58.474+0000] {logging_mixin.py:190} INFO - [2024-11-13T19:27:58.474+0000] {dag.py:3239} INFO - Sync 1 DAGs
[2024-11-13T19:27:58.484+0000] {logging_mixin.py:190} INFO - [2024-11-13T19:27:58.484+0000] {dag.py:4180} INFO - Setting next_dagrun for example_params_ui_tutorial to None, run_after=None
[2024-11-13T19:27:58.496+0000] {processor.py:208} INFO - Processing /home/airflow/.local/lib/python3.12/site-packages/airflow/example_dags/example_params_ui_tutorial.py took 0.066 seconds
[2024-11-13T19:28:29.075+0000] {processor.py:186} INFO - Started process (PID=733) to work on /home/airflow/.local/lib/python3.12/site-packages/airflow/example_dags/example_params_ui_tutorial.py
[2024-11-13T19:28:29.076+0000] {processor.py:914} INFO - Processing file /home/airflow/.local/lib/python3.12/site-packages/airflow/example_dags/example_params_ui_tutorial.py for tasks to queue
[2024-11-13T19:28:29.078+0000] {logging_mixin.py:190} INFO - [2024-11-13T19:28:29.078+0000] {dagbag.py:588} INFO - Filling up the DagBag from /home/airflow/.local/lib/python3.12/site-packages/airflow/example_dags/example_params_ui_tutorial.py
[2024-11-13T19:28:29.084+0000] {processor.py:925} INFO - DAG(s) 'example_params_ui_tutorial' retrieved from /home/airflow/.local/lib/python3.12/site-packages/airflow/example_dags/example_params_ui_tutorial.py
[2024-11-13T19:28:29.114+0000] {logging_mixin.py:190} INFO - [2024-11-13T19:28:29.113+0000] {dag.py:3239} INFO - Sync 1 DAGs
[2024-11-13T19:28:29.124+0000] {logging_mixin.py:190} INFO - [2024-11-13T19:28:29.124+0000] {dag.py:4180} INFO - Setting next_dagrun for example_params_ui_tutorial to None, run_after=None
[2024-11-13T19:28:29.136+0000] {processor.py:208} INFO - Processing /home/airflow/.local/lib/python3.12/site-packages/airflow/example_dags/example_params_ui_tutorial.py took 0.064 seconds
[2024-11-13T19:28:59.716+0000] {processor.py:186} INFO - Started process (PID=797) to work on /home/airflow/.local/lib/python3.12/site-packages/airflow/example_dags/example_params_ui_tutorial.py
[2024-11-13T19:28:59.716+0000] {processor.py:914} INFO - Processing file /home/airflow/.local/lib/python3.12/site-packages/airflow/example_dags/example_params_ui_tutorial.py for tasks to queue
[2024-11-13T19:28:59.718+0000] {logging_mixin.py:190} INFO - [2024-11-13T19:28:59.718+0000] {dagbag.py:588} INFO - Filling up the DagBag from /home/airflow/.local/lib/python3.12/site-packages/airflow/example_dags/example_params_ui_tutorial.py
[2024-11-13T19:28:59.725+0000] {processor.py:925} INFO - DAG(s) 'example_params_ui_tutorial' retrieved from /home/airflow/.local/lib/python3.12/site-packages/airflow/example_dags/example_params_ui_tutorial.py
[2024-11-13T19:28:59.754+0000] {logging_mixin.py:190} INFO - [2024-11-13T19:28:59.754+0000] {dag.py:3239} INFO - Sync 1 DAGs
[2024-11-13T19:28:59.764+0000] {logging_mixin.py:190} INFO - [2024-11-13T19:28:59.764+0000] {dag.py:4180} INFO - Setting next_dagrun for example_params_ui_tutorial to None, run_after=None
[2024-11-13T19:28:59.778+0000] {processor.py:208} INFO - Processing /home/airflow/.local/lib/python3.12/site-packages/airflow/example_dags/example_params_ui_tutorial.py took 0.067 seconds
[2024-11-13T19:29:30.733+0000] {processor.py:186} INFO - Started process (PID=859) to work on /home/airflow/.local/lib/python3.12/site-packages/airflow/example_dags/example_params_ui_tutorial.py
[2024-11-13T19:29:30.734+0000] {processor.py:914} INFO - Processing file /home/airflow/.local/lib/python3.12/site-packages/airflow/example_dags/example_params_ui_tutorial.py for tasks to queue
[2024-11-13T19:29:30.736+0000] {logging_mixin.py:190} INFO - [2024-11-13T19:29:30.736+0000] {dagbag.py:588} INFO - Filling up the DagBag from /home/airflow/.local/lib/python3.12/site-packages/airflow/example_dags/example_params_ui_tutorial.py
[2024-11-13T19:29:30.743+0000] {processor.py:925} INFO - DAG(s) 'example_params_ui_tutorial' retrieved from /home/airflow/.local/lib/python3.12/site-packages/airflow/example_dags/example_params_ui_tutorial.py
[2024-11-13T19:29:30.772+0000] {logging_mixin.py:190} INFO - [2024-11-13T19:29:30.771+0000] {dag.py:3239} INFO - Sync 1 DAGs
[2024-11-13T19:29:30.782+0000] {logging_mixin.py:190} INFO - [2024-11-13T19:29:30.781+0000] {dag.py:4180} INFO - Setting next_dagrun for example_params_ui_tutorial to None, run_after=None
[2024-11-13T19:29:30.794+0000] {processor.py:208} INFO - Processing /home/airflow/.local/lib/python3.12/site-packages/airflow/example_dags/example_params_ui_tutorial.py took 0.064 seconds
[2024-11-13T19:30:02.358+0000] {processor.py:186} INFO - Started process (PID=923) to work on /home/airflow/.local/lib/python3.12/site-packages/airflow/example_dags/example_params_ui_tutorial.py
[2024-11-13T19:30:02.359+0000] {processor.py:914} INFO - Processing file /home/airflow/.local/lib/python3.12/site-packages/airflow/example_dags/example_params_ui_tutorial.py for tasks to queue
[2024-11-13T19:30:02.361+0000] {logging_mixin.py:190} INFO - [2024-11-13T19:30:02.361+0000] {dagbag.py:588} INFO - Filling up the DagBag from /home/airflow/.local/lib/python3.12/site-packages/airflow/example_dags/example_params_ui_tutorial.py
[2024-11-13T19:30:02.367+0000] {processor.py:925} INFO - DAG(s) 'example_params_ui_tutorial' retrieved from /home/airflow/.local/lib/python3.12/site-packages/airflow/example_dags/example_params_ui_tutorial.py
[2024-11-13T19:30:02.397+0000] {logging_mixin.py:190} INFO - [2024-11-13T19:30:02.396+0000] {dag.py:3239} INFO - Sync 1 DAGs
[2024-11-13T19:30:02.407+0000] {logging_mixin.py:190} INFO - [2024-11-13T19:30:02.406+0000] {dag.py:4180} INFO - Setting next_dagrun for example_params_ui_tutorial to None, run_after=None
[2024-11-13T19:30:02.419+0000] {processor.py:208} INFO - Processing /home/airflow/.local/lib/python3.12/site-packages/airflow/example_dags/example_params_ui_tutorial.py took 0.065 seconds
[2024-11-13T19:30:33.637+0000] {processor.py:186} INFO - Started process (PID=986) to work on /home/airflow/.local/lib/python3.12/site-packages/airflow/example_dags/example_params_ui_tutorial.py
[2024-11-13T19:30:33.638+0000] {processor.py:914} INFO - Processing file /home/airflow/.local/lib/python3.12/site-packages/airflow/example_dags/example_params_ui_tutorial.py for tasks to queue
[2024-11-13T19:30:33.640+0000] {logging_mixin.py:190} INFO - [2024-11-13T19:30:33.639+0000] {dagbag.py:588} INFO - Filling up the DagBag from /home/airflow/.local/lib/python3.12/site-packages/airflow/example_dags/example_params_ui_tutorial.py
[2024-11-13T19:30:33.647+0000] {processor.py:925} INFO - DAG(s) 'example_params_ui_tutorial' retrieved from /home/airflow/.local/lib/python3.12/site-packages/airflow/example_dags/example_params_ui_tutorial.py
[2024-11-13T19:30:33.676+0000] {logging_mixin.py:190} INFO - [2024-11-13T19:30:33.676+0000] {dag.py:3239} INFO - Sync 1 DAGs
[2024-11-13T19:30:33.686+0000] {logging_mixin.py:190} INFO - [2024-11-13T19:30:33.686+0000] {dag.py:4180} INFO - Setting next_dagrun for example_params_ui_tutorial to None, run_after=None
[2024-11-13T19:30:33.698+0000] {processor.py:208} INFO - Processing /home/airflow/.local/lib/python3.12/site-packages/airflow/example_dags/example_params_ui_tutorial.py took 0.065 seconds
[2024-11-13T19:31:04.851+0000] {processor.py:186} INFO - Started process (PID=1049) to work on /home/airflow/.local/lib/python3.12/site-packages/airflow/example_dags/example_params_ui_tutorial.py
[2024-11-13T19:31:04.852+0000] {processor.py:914} INFO - Processing file /home/airflow/.local/lib/python3.12/site-packages/airflow/example_dags/example_params_ui_tutorial.py for tasks to queue
[2024-11-13T19:31:04.854+0000] {logging_mixin.py:190} INFO - [2024-11-13T19:31:04.854+0000] {dagbag.py:588} INFO - Filling up the DagBag from /home/airflow/.local/lib/python3.12/site-packages/airflow/example_dags/example_params_ui_tutorial.py
[2024-11-13T19:31:04.862+0000] {processor.py:925} INFO - DAG(s) 'example_params_ui_tutorial' retrieved from /home/airflow/.local/lib/python3.12/site-packages/airflow/example_dags/example_params_ui_tutorial.py
[2024-11-13T19:31:04.895+0000] {logging_mixin.py:190} INFO - [2024-11-13T19:31:04.895+0000] {dag.py:3239} INFO - Sync 1 DAGs
[2024-11-13T19:31:04.909+0000] {logging_mixin.py:190} INFO - [2024-11-13T19:31:04.908+0000] {dag.py:4180} INFO - Setting next_dagrun for example_params_ui_tutorial to None, run_after=None
[2024-11-13T19:31:04.925+0000] {processor.py:208} INFO - Processing /home/airflow/.local/lib/python3.12/site-packages/airflow/example_dags/example_params_ui_tutorial.py took 0.079 seconds
[2024-11-13T19:31:35.898+0000] {processor.py:186} INFO - Started process (PID=1112) to work on /home/airflow/.local/lib/python3.12/site-packages/airflow/example_dags/example_params_ui_tutorial.py
[2024-11-13T19:31:35.899+0000] {processor.py:914} INFO - Processing file /home/airflow/.local/lib/python3.12/site-packages/airflow/example_dags/example_params_ui_tutorial.py for tasks to queue
[2024-11-13T19:31:35.900+0000] {logging_mixin.py:190} INFO - [2024-11-13T19:31:35.900+0000] {dagbag.py:588} INFO - Filling up the DagBag from /home/airflow/.local/lib/python3.12/site-packages/airflow/example_dags/example_params_ui_tutorial.py
[2024-11-13T19:31:35.907+0000] {processor.py:925} INFO - DAG(s) 'example_params_ui_tutorial' retrieved from /home/airflow/.local/lib/python3.12/site-packages/airflow/example_dags/example_params_ui_tutorial.py
[2024-11-13T19:31:35.939+0000] {logging_mixin.py:190} INFO - [2024-11-13T19:31:35.939+0000] {dag.py:3239} INFO - Sync 1 DAGs
[2024-11-13T19:31:35.951+0000] {logging_mixin.py:190} INFO - [2024-11-13T19:31:35.950+0000] {dag.py:4180} INFO - Setting next_dagrun for example_params_ui_tutorial to None, run_after=None
[2024-11-13T19:31:35.965+0000] {processor.py:208} INFO - Processing /home/airflow/.local/lib/python3.12/site-packages/airflow/example_dags/example_params_ui_tutorial.py took 0.072 seconds
[2024-11-13T19:32:06.405+0000] {processor.py:186} INFO - Started process (PID=1175) to work on /home/airflow/.local/lib/python3.12/site-packages/airflow/example_dags/example_params_ui_tutorial.py
[2024-11-13T19:32:06.406+0000] {processor.py:914} INFO - Processing file /home/airflow/.local/lib/python3.12/site-packages/airflow/example_dags/example_params_ui_tutorial.py for tasks to queue
[2024-11-13T19:32:06.408+0000] {logging_mixin.py:190} INFO - [2024-11-13T19:32:06.408+0000] {dagbag.py:588} INFO - Filling up the DagBag from /home/airflow/.local/lib/python3.12/site-packages/airflow/example_dags/example_params_ui_tutorial.py
[2024-11-13T19:32:06.415+0000] {processor.py:925} INFO - DAG(s) 'example_params_ui_tutorial' retrieved from /home/airflow/.local/lib/python3.12/site-packages/airflow/example_dags/example_params_ui_tutorial.py
[2024-11-13T19:32:06.447+0000] {logging_mixin.py:190} INFO - [2024-11-13T19:32:06.447+0000] {dag.py:3239} INFO - Sync 1 DAGs
[2024-11-13T19:32:06.457+0000] {logging_mixin.py:190} INFO - [2024-11-13T19:32:06.457+0000] {dag.py:4180} INFO - Setting next_dagrun for example_params_ui_tutorial to None, run_after=None
[2024-11-13T19:32:06.470+0000] {processor.py:208} INFO - Processing /home/airflow/.local/lib/python3.12/site-packages/airflow/example_dags/example_params_ui_tutorial.py took 0.069 seconds
[2024-11-13T19:32:37.037+0000] {processor.py:186} INFO - Started process (PID=1238) to work on /home/airflow/.local/lib/python3.12/site-packages/airflow/example_dags/example_params_ui_tutorial.py
[2024-11-13T19:32:37.038+0000] {processor.py:914} INFO - Processing file /home/airflow/.local/lib/python3.12/site-packages/airflow/example_dags/example_params_ui_tutorial.py for tasks to queue
[2024-11-13T19:32:37.039+0000] {logging_mixin.py:190} INFO - [2024-11-13T19:32:37.039+0000] {dagbag.py:588} INFO - Filling up the DagBag from /home/airflow/.local/lib/python3.12/site-packages/airflow/example_dags/example_params_ui_tutorial.py
[2024-11-13T19:32:37.046+0000] {processor.py:925} INFO - DAG(s) 'example_params_ui_tutorial' retrieved from /home/airflow/.local/lib/python3.12/site-packages/airflow/example_dags/example_params_ui_tutorial.py
[2024-11-13T19:32:37.077+0000] {logging_mixin.py:190} INFO - [2024-11-13T19:32:37.077+0000] {dag.py:3239} INFO - Sync 1 DAGs
[2024-11-13T19:32:37.088+0000] {logging_mixin.py:190} INFO - [2024-11-13T19:32:37.088+0000] {dag.py:4180} INFO - Setting next_dagrun for example_params_ui_tutorial to None, run_after=None
[2024-11-13T19:32:37.100+0000] {processor.py:208} INFO - Processing /home/airflow/.local/lib/python3.12/site-packages/airflow/example_dags/example_params_ui_tutorial.py took 0.068 seconds
[2024-11-13T19:33:08.144+0000] {processor.py:186} INFO - Started process (PID=1302) to work on /home/airflow/.local/lib/python3.12/site-packages/airflow/example_dags/example_params_ui_tutorial.py
[2024-11-13T19:33:08.145+0000] {processor.py:914} INFO - Processing file /home/airflow/.local/lib/python3.12/site-packages/airflow/example_dags/example_params_ui_tutorial.py for tasks to queue
[2024-11-13T19:33:08.147+0000] {logging_mixin.py:190} INFO - [2024-11-13T19:33:08.147+0000] {dagbag.py:588} INFO - Filling up the DagBag from /home/airflow/.local/lib/python3.12/site-packages/airflow/example_dags/example_params_ui_tutorial.py
[2024-11-13T19:33:08.154+0000] {processor.py:925} INFO - DAG(s) 'example_params_ui_tutorial' retrieved from /home/airflow/.local/lib/python3.12/site-packages/airflow/example_dags/example_params_ui_tutorial.py
[2024-11-13T19:33:08.185+0000] {logging_mixin.py:190} INFO - [2024-11-13T19:33:08.184+0000] {dag.py:3239} INFO - Sync 1 DAGs
[2024-11-13T19:33:08.194+0000] {logging_mixin.py:190} INFO - [2024-11-13T19:33:08.194+0000] {dag.py:4180} INFO - Setting next_dagrun for example_params_ui_tutorial to None, run_after=None
[2024-11-13T19:33:08.208+0000] {processor.py:208} INFO - Processing /home/airflow/.local/lib/python3.12/site-packages/airflow/example_dags/example_params_ui_tutorial.py took 0.068 seconds
[2024-11-13T19:33:38.751+0000] {processor.py:186} INFO - Started process (PID=1365) to work on /home/airflow/.local/lib/python3.12/site-packages/airflow/example_dags/example_params_ui_tutorial.py
[2024-11-13T19:33:38.753+0000] {processor.py:914} INFO - Processing file /home/airflow/.local/lib/python3.12/site-packages/airflow/example_dags/example_params_ui_tutorial.py for tasks to queue
[2024-11-13T19:33:38.755+0000] {logging_mixin.py:190} INFO - [2024-11-13T19:33:38.754+0000] {dagbag.py:588} INFO - Filling up the DagBag from /home/airflow/.local/lib/python3.12/site-packages/airflow/example_dags/example_params_ui_tutorial.py
[2024-11-13T19:33:38.762+0000] {processor.py:925} INFO - DAG(s) 'example_params_ui_tutorial' retrieved from /home/airflow/.local/lib/python3.12/site-packages/airflow/example_dags/example_params_ui_tutorial.py
[2024-11-13T19:33:38.797+0000] {logging_mixin.py:190} INFO - [2024-11-13T19:33:38.797+0000] {dag.py:3239} INFO - Sync 1 DAGs
[2024-11-13T19:33:38.809+0000] {logging_mixin.py:190} INFO - [2024-11-13T19:33:38.809+0000] {dag.py:4180} INFO - Setting next_dagrun for example_params_ui_tutorial to None, run_after=None
[2024-11-13T19:33:38.824+0000] {processor.py:208} INFO - Processing /home/airflow/.local/lib/python3.12/site-packages/airflow/example_dags/example_params_ui_tutorial.py took 0.077 seconds
[2024-11-13T19:34:09.847+0000] {processor.py:186} INFO - Started process (PID=1428) to work on /home/airflow/.local/lib/python3.12/site-packages/airflow/example_dags/example_params_ui_tutorial.py
[2024-11-13T19:34:09.848+0000] {processor.py:914} INFO - Processing file /home/airflow/.local/lib/python3.12/site-packages/airflow/example_dags/example_params_ui_tutorial.py for tasks to queue
[2024-11-13T19:34:09.850+0000] {logging_mixin.py:190} INFO - [2024-11-13T19:34:09.850+0000] {dagbag.py:588} INFO - Filling up the DagBag from /home/airflow/.local/lib/python3.12/site-packages/airflow/example_dags/example_params_ui_tutorial.py
[2024-11-13T19:34:09.857+0000] {processor.py:925} INFO - DAG(s) 'example_params_ui_tutorial' retrieved from /home/airflow/.local/lib/python3.12/site-packages/airflow/example_dags/example_params_ui_tutorial.py
[2024-11-13T19:34:09.887+0000] {logging_mixin.py:190} INFO - [2024-11-13T19:34:09.887+0000] {dag.py:3239} INFO - Sync 1 DAGs
[2024-11-13T19:34:09.899+0000] {logging_mixin.py:190} INFO - [2024-11-13T19:34:09.899+0000] {dag.py:4180} INFO - Setting next_dagrun for example_params_ui_tutorial to None, run_after=None
[2024-11-13T19:34:09.914+0000] {processor.py:208} INFO - Processing /home/airflow/.local/lib/python3.12/site-packages/airflow/example_dags/example_params_ui_tutorial.py took 0.071 seconds
[2024-11-13T19:34:41.392+0000] {processor.py:186} INFO - Started process (PID=1491) to work on /home/airflow/.local/lib/python3.12/site-packages/airflow/example_dags/example_params_ui_tutorial.py
[2024-11-13T19:34:41.393+0000] {processor.py:914} INFO - Processing file /home/airflow/.local/lib/python3.12/site-packages/airflow/example_dags/example_params_ui_tutorial.py for tasks to queue
[2024-11-13T19:34:41.395+0000] {logging_mixin.py:190} INFO - [2024-11-13T19:34:41.394+0000] {dagbag.py:588} INFO - Filling up the DagBag from /home/airflow/.local/lib/python3.12/site-packages/airflow/example_dags/example_params_ui_tutorial.py
[2024-11-13T19:34:41.401+0000] {processor.py:925} INFO - DAG(s) 'example_params_ui_tutorial' retrieved from /home/airflow/.local/lib/python3.12/site-packages/airflow/example_dags/example_params_ui_tutorial.py
[2024-11-13T19:34:41.434+0000] {logging_mixin.py:190} INFO - [2024-11-13T19:34:41.433+0000] {dag.py:3239} INFO - Sync 1 DAGs
[2024-11-13T19:34:41.445+0000] {logging_mixin.py:190} INFO - [2024-11-13T19:34:41.445+0000] {dag.py:4180} INFO - Setting next_dagrun for example_params_ui_tutorial to None, run_after=None
[2024-11-13T19:34:41.458+0000] {processor.py:208} INFO - Processing /home/airflow/.local/lib/python3.12/site-packages/airflow/example_dags/example_params_ui_tutorial.py took 0.070 seconds
[2024-11-13T19:35:12.619+0000] {processor.py:186} INFO - Started process (PID=1554) to work on /home/airflow/.local/lib/python3.12/site-packages/airflow/example_dags/example_params_ui_tutorial.py
[2024-11-13T19:35:12.619+0000] {processor.py:914} INFO - Processing file /home/airflow/.local/lib/python3.12/site-packages/airflow/example_dags/example_params_ui_tutorial.py for tasks to queue
[2024-11-13T19:35:12.621+0000] {logging_mixin.py:190} INFO - [2024-11-13T19:35:12.621+0000] {dagbag.py:588} INFO - Filling up the DagBag from /home/airflow/.local/lib/python3.12/site-packages/airflow/example_dags/example_params_ui_tutorial.py
[2024-11-13T19:35:12.628+0000] {processor.py:925} INFO - DAG(s) 'example_params_ui_tutorial' retrieved from /home/airflow/.local/lib/python3.12/site-packages/airflow/example_dags/example_params_ui_tutorial.py
[2024-11-13T19:35:12.657+0000] {logging_mixin.py:190} INFO - [2024-11-13T19:35:12.657+0000] {dag.py:3239} INFO - Sync 1 DAGs
[2024-11-13T19:35:12.667+0000] {logging_mixin.py:190} INFO - [2024-11-13T19:35:12.667+0000] {dag.py:4180} INFO - Setting next_dagrun for example_params_ui_tutorial to None, run_after=None
[2024-11-13T19:35:12.680+0000] {processor.py:208} INFO - Processing /home/airflow/.local/lib/python3.12/site-packages/airflow/example_dags/example_params_ui_tutorial.py took 0.065 seconds
[2024-11-13T19:35:43.191+0000] {processor.py:186} INFO - Started process (PID=1617) to work on /home/airflow/.local/lib/python3.12/site-packages/airflow/example_dags/example_params_ui_tutorial.py
[2024-11-13T19:35:43.192+0000] {processor.py:914} INFO - Processing file /home/airflow/.local/lib/python3.12/site-packages/airflow/example_dags/example_params_ui_tutorial.py for tasks to queue
[2024-11-13T19:35:43.194+0000] {logging_mixin.py:190} INFO - [2024-11-13T19:35:43.194+0000] {dagbag.py:588} INFO - Filling up the DagBag from /home/airflow/.local/lib/python3.12/site-packages/airflow/example_dags/example_params_ui_tutorial.py
[2024-11-13T19:35:43.201+0000] {processor.py:925} INFO - DAG(s) 'example_params_ui_tutorial' retrieved from /home/airflow/.local/lib/python3.12/site-packages/airflow/example_dags/example_params_ui_tutorial.py
[2024-11-13T19:35:43.232+0000] {logging_mixin.py:190} INFO - [2024-11-13T19:35:43.232+0000] {dag.py:3239} INFO - Sync 1 DAGs
[2024-11-13T19:35:43.243+0000] {logging_mixin.py:190} INFO - [2024-11-13T19:35:43.243+0000] {dag.py:4180} INFO - Setting next_dagrun for example_params_ui_tutorial to None, run_after=None
[2024-11-13T19:35:43.257+0000] {processor.py:208} INFO - Processing /home/airflow/.local/lib/python3.12/site-packages/airflow/example_dags/example_params_ui_tutorial.py took 0.070 seconds
[2024-11-13T19:36:14.417+0000] {processor.py:186} INFO - Started process (PID=1680) to work on /home/airflow/.local/lib/python3.12/site-packages/airflow/example_dags/example_params_ui_tutorial.py
[2024-11-13T19:36:14.418+0000] {processor.py:914} INFO - Processing file /home/airflow/.local/lib/python3.12/site-packages/airflow/example_dags/example_params_ui_tutorial.py for tasks to queue
[2024-11-13T19:36:14.420+0000] {logging_mixin.py:190} INFO - [2024-11-13T19:36:14.420+0000] {dagbag.py:588} INFO - Filling up the DagBag from /home/airflow/.local/lib/python3.12/site-packages/airflow/example_dags/example_params_ui_tutorial.py
[2024-11-13T19:36:14.427+0000] {processor.py:925} INFO - DAG(s) 'example_params_ui_tutorial' retrieved from /home/airflow/.local/lib/python3.12/site-packages/airflow/example_dags/example_params_ui_tutorial.py
[2024-11-13T19:36:14.457+0000] {logging_mixin.py:190} INFO - [2024-11-13T19:36:14.457+0000] {dag.py:3239} INFO - Sync 1 DAGs
[2024-11-13T19:36:14.468+0000] {logging_mixin.py:190} INFO - [2024-11-13T19:36:14.468+0000] {dag.py:4180} INFO - Setting next_dagrun for example_params_ui_tutorial to None, run_after=None
[2024-11-13T19:36:14.481+0000] {processor.py:208} INFO - Processing /home/airflow/.local/lib/python3.12/site-packages/airflow/example_dags/example_params_ui_tutorial.py took 0.068 seconds
[2024-11-13T19:36:45.889+0000] {processor.py:186} INFO - Started process (PID=1743) to work on /home/airflow/.local/lib/python3.12/site-packages/airflow/example_dags/example_params_ui_tutorial.py
[2024-11-13T19:36:45.890+0000] {processor.py:914} INFO - Processing file /home/airflow/.local/lib/python3.12/site-packages/airflow/example_dags/example_params_ui_tutorial.py for tasks to queue
[2024-11-13T19:36:45.892+0000] {logging_mixin.py:190} INFO - [2024-11-13T19:36:45.892+0000] {dagbag.py:588} INFO - Filling up the DagBag from /home/airflow/.local/lib/python3.12/site-packages/airflow/example_dags/example_params_ui_tutorial.py
[2024-11-13T19:36:45.900+0000] {processor.py:925} INFO - DAG(s) 'example_params_ui_tutorial' retrieved from /home/airflow/.local/lib/python3.12/site-packages/airflow/example_dags/example_params_ui_tutorial.py
[2024-11-13T19:36:45.929+0000] {logging_mixin.py:190} INFO - [2024-11-13T19:36:45.929+0000] {dag.py:3239} INFO - Sync 1 DAGs
[2024-11-13T19:36:45.940+0000] {logging_mixin.py:190} INFO - [2024-11-13T19:36:45.940+0000] {dag.py:4180} INFO - Setting next_dagrun for example_params_ui_tutorial to None, run_after=None
[2024-11-13T19:36:45.953+0000] {processor.py:208} INFO - Processing /home/airflow/.local/lib/python3.12/site-packages/airflow/example_dags/example_params_ui_tutorial.py took 0.068 seconds
[2024-11-13T19:37:17.044+0000] {processor.py:186} INFO - Started process (PID=1806) to work on /home/airflow/.local/lib/python3.12/site-packages/airflow/example_dags/example_params_ui_tutorial.py
[2024-11-13T19:37:17.045+0000] {processor.py:914} INFO - Processing file /home/airflow/.local/lib/python3.12/site-packages/airflow/example_dags/example_params_ui_tutorial.py for tasks to queue
[2024-11-13T19:37:17.046+0000] {logging_mixin.py:190} INFO - [2024-11-13T19:37:17.046+0000] {dagbag.py:588} INFO - Filling up the DagBag from /home/airflow/.local/lib/python3.12/site-packages/airflow/example_dags/example_params_ui_tutorial.py
[2024-11-13T19:37:17.053+0000] {processor.py:925} INFO - DAG(s) 'example_params_ui_tutorial' retrieved from /home/airflow/.local/lib/python3.12/site-packages/airflow/example_dags/example_params_ui_tutorial.py
[2024-11-13T19:37:17.083+0000] {logging_mixin.py:190} INFO - [2024-11-13T19:37:17.083+0000] {dag.py:3239} INFO - Sync 1 DAGs
[2024-11-13T19:37:17.094+0000] {logging_mixin.py:190} INFO - [2024-11-13T19:37:17.094+0000] {dag.py:4180} INFO - Setting next_dagrun for example_params_ui_tutorial to None, run_after=None
[2024-11-13T19:37:17.106+0000] {processor.py:208} INFO - Processing /home/airflow/.local/lib/python3.12/site-packages/airflow/example_dags/example_params_ui_tutorial.py took 0.065 seconds
[2024-11-13T19:37:48.197+0000] {processor.py:186} INFO - Started process (PID=1869) to work on /home/airflow/.local/lib/python3.12/site-packages/airflow/example_dags/example_params_ui_tutorial.py
[2024-11-13T19:37:48.198+0000] {processor.py:914} INFO - Processing file /home/airflow/.local/lib/python3.12/site-packages/airflow/example_dags/example_params_ui_tutorial.py for tasks to queue
[2024-11-13T19:37:48.199+0000] {logging_mixin.py:190} INFO - [2024-11-13T19:37:48.199+0000] {dagbag.py:588} INFO - Filling up the DagBag from /home/airflow/.local/lib/python3.12/site-packages/airflow/example_dags/example_params_ui_tutorial.py
[2024-11-13T19:37:48.206+0000] {processor.py:925} INFO - DAG(s) 'example_params_ui_tutorial' retrieved from /home/airflow/.local/lib/python3.12/site-packages/airflow/example_dags/example_params_ui_tutorial.py
[2024-11-13T19:37:48.235+0000] {logging_mixin.py:190} INFO - [2024-11-13T19:37:48.235+0000] {dag.py:3239} INFO - Sync 1 DAGs
[2024-11-13T19:37:48.245+0000] {logging_mixin.py:190} INFO - [2024-11-13T19:37:48.245+0000] {dag.py:4180} INFO - Setting next_dagrun for example_params_ui_tutorial to None, run_after=None
[2024-11-13T19:37:48.259+0000] {processor.py:208} INFO - Processing /home/airflow/.local/lib/python3.12/site-packages/airflow/example_dags/example_params_ui_tutorial.py took 0.067 seconds
[2024-11-13T19:38:19.459+0000] {processor.py:186} INFO - Started process (PID=1932) to work on /home/airflow/.local/lib/python3.12/site-packages/airflow/example_dags/example_params_ui_tutorial.py
[2024-11-13T19:38:19.460+0000] {processor.py:914} INFO - Processing file /home/airflow/.local/lib/python3.12/site-packages/airflow/example_dags/example_params_ui_tutorial.py for tasks to queue
[2024-11-13T19:38:19.462+0000] {logging_mixin.py:190} INFO - [2024-11-13T19:38:19.462+0000] {dagbag.py:588} INFO - Filling up the DagBag from /home/airflow/.local/lib/python3.12/site-packages/airflow/example_dags/example_params_ui_tutorial.py
[2024-11-13T19:38:19.470+0000] {processor.py:925} INFO - DAG(s) 'example_params_ui_tutorial' retrieved from /home/airflow/.local/lib/python3.12/site-packages/airflow/example_dags/example_params_ui_tutorial.py
[2024-11-13T19:38:19.498+0000] {logging_mixin.py:190} INFO - [2024-11-13T19:38:19.498+0000] {dag.py:3239} INFO - Sync 1 DAGs
[2024-11-13T19:38:19.508+0000] {logging_mixin.py:190} INFO - [2024-11-13T19:38:19.508+0000] {dag.py:4180} INFO - Setting next_dagrun for example_params_ui_tutorial to None, run_after=None
[2024-11-13T19:38:19.521+0000] {processor.py:208} INFO - Processing /home/airflow/.local/lib/python3.12/site-packages/airflow/example_dags/example_params_ui_tutorial.py took 0.066 seconds
[2024-11-13T19:38:50.583+0000] {processor.py:186} INFO - Started process (PID=2001) to work on /home/airflow/.local/lib/python3.12/site-packages/airflow/example_dags/example_params_ui_tutorial.py
[2024-11-13T19:38:50.584+0000] {processor.py:914} INFO - Processing file /home/airflow/.local/lib/python3.12/site-packages/airflow/example_dags/example_params_ui_tutorial.py for tasks to queue
[2024-11-13T19:38:50.585+0000] {logging_mixin.py:190} INFO - [2024-11-13T19:38:50.585+0000] {dagbag.py:588} INFO - Filling up the DagBag from /home/airflow/.local/lib/python3.12/site-packages/airflow/example_dags/example_params_ui_tutorial.py
[2024-11-13T19:38:50.592+0000] {processor.py:925} INFO - DAG(s) 'example_params_ui_tutorial' retrieved from /home/airflow/.local/lib/python3.12/site-packages/airflow/example_dags/example_params_ui_tutorial.py
[2024-11-13T19:38:50.622+0000] {logging_mixin.py:190} INFO - [2024-11-13T19:38:50.621+0000] {dag.py:3239} INFO - Sync 1 DAGs
[2024-11-13T19:38:50.633+0000] {logging_mixin.py:190} INFO - [2024-11-13T19:38:50.633+0000] {dag.py:4180} INFO - Setting next_dagrun for example_params_ui_tutorial to None, run_after=None
[2024-11-13T19:38:50.645+0000] {processor.py:208} INFO - Processing /home/airflow/.local/lib/python3.12/site-packages/airflow/example_dags/example_params_ui_tutorial.py took 0.066 seconds
[2024-11-13T19:39:21.890+0000] {processor.py:186} INFO - Started process (PID=2064) to work on /home/airflow/.local/lib/python3.12/site-packages/airflow/example_dags/example_params_ui_tutorial.py
[2024-11-13T19:39:21.891+0000] {processor.py:914} INFO - Processing file /home/airflow/.local/lib/python3.12/site-packages/airflow/example_dags/example_params_ui_tutorial.py for tasks to queue
[2024-11-13T19:39:21.894+0000] {logging_mixin.py:190} INFO - [2024-11-13T19:39:21.893+0000] {dagbag.py:588} INFO - Filling up the DagBag from /home/airflow/.local/lib/python3.12/site-packages/airflow/example_dags/example_params_ui_tutorial.py
[2024-11-13T19:39:21.901+0000] {processor.py:925} INFO - DAG(s) 'example_params_ui_tutorial' retrieved from /home/airflow/.local/lib/python3.12/site-packages/airflow/example_dags/example_params_ui_tutorial.py
[2024-11-13T19:39:21.931+0000] {logging_mixin.py:190} INFO - [2024-11-13T19:39:21.931+0000] {dag.py:3239} INFO - Sync 1 DAGs
[2024-11-13T19:39:21.942+0000] {logging_mixin.py:190} INFO - [2024-11-13T19:39:21.942+0000] {dag.py:4180} INFO - Setting next_dagrun for example_params_ui_tutorial to None, run_after=None
[2024-11-13T19:39:21.956+0000] {processor.py:208} INFO - Processing /home/airflow/.local/lib/python3.12/site-packages/airflow/example_dags/example_params_ui_tutorial.py took 0.070 seconds
[2024-11-13T19:39:53.189+0000] {processor.py:186} INFO - Started process (PID=2127) to work on /home/airflow/.local/lib/python3.12/site-packages/airflow/example_dags/example_params_ui_tutorial.py
[2024-11-13T19:39:53.190+0000] {processor.py:914} INFO - Processing file /home/airflow/.local/lib/python3.12/site-packages/airflow/example_dags/example_params_ui_tutorial.py for tasks to queue
[2024-11-13T19:39:53.191+0000] {logging_mixin.py:190} INFO - [2024-11-13T19:39:53.191+0000] {dagbag.py:588} INFO - Filling up the DagBag from /home/airflow/.local/lib/python3.12/site-packages/airflow/example_dags/example_params_ui_tutorial.py
[2024-11-13T19:39:53.198+0000] {processor.py:925} INFO - DAG(s) 'example_params_ui_tutorial' retrieved from /home/airflow/.local/lib/python3.12/site-packages/airflow/example_dags/example_params_ui_tutorial.py
[2024-11-13T19:39:53.231+0000] {logging_mixin.py:190} INFO - [2024-11-13T19:39:53.231+0000] {dag.py:3239} INFO - Sync 1 DAGs
[2024-11-13T19:39:53.242+0000] {logging_mixin.py:190} INFO - [2024-11-13T19:39:53.241+0000] {dag.py:4180} INFO - Setting next_dagrun for example_params_ui_tutorial to None, run_after=None
[2024-11-13T19:39:53.255+0000] {processor.py:208} INFO - Processing /home/airflow/.local/lib/python3.12/site-packages/airflow/example_dags/example_params_ui_tutorial.py took 0.070 seconds
[2024-11-13T19:40:24.073+0000] {processor.py:186} INFO - Started process (PID=2190) to work on /home/airflow/.local/lib/python3.12/site-packages/airflow/example_dags/example_params_ui_tutorial.py
[2024-11-13T19:40:24.074+0000] {processor.py:914} INFO - Processing file /home/airflow/.local/lib/python3.12/site-packages/airflow/example_dags/example_params_ui_tutorial.py for tasks to queue
[2024-11-13T19:40:24.076+0000] {logging_mixin.py:190} INFO - [2024-11-13T19:40:24.076+0000] {dagbag.py:588} INFO - Filling up the DagBag from /home/airflow/.local/lib/python3.12/site-packages/airflow/example_dags/example_params_ui_tutorial.py
[2024-11-13T19:40:24.083+0000] {processor.py:925} INFO - DAG(s) 'example_params_ui_tutorial' retrieved from /home/airflow/.local/lib/python3.12/site-packages/airflow/example_dags/example_params_ui_tutorial.py
[2024-11-13T19:40:24.120+0000] {logging_mixin.py:190} INFO - [2024-11-13T19:40:24.119+0000] {dag.py:3239} INFO - Sync 1 DAGs
[2024-11-13T19:40:24.132+0000] {logging_mixin.py:190} INFO - [2024-11-13T19:40:24.132+0000] {dag.py:4180} INFO - Setting next_dagrun for example_params_ui_tutorial to None, run_after=None
[2024-11-13T19:40:24.148+0000] {processor.py:208} INFO - Processing /home/airflow/.local/lib/python3.12/site-packages/airflow/example_dags/example_params_ui_tutorial.py took 0.080 seconds
[2024-11-13T19:40:54.940+0000] {processor.py:186} INFO - Started process (PID=2253) to work on /home/airflow/.local/lib/python3.12/site-packages/airflow/example_dags/example_params_ui_tutorial.py
[2024-11-13T19:40:54.941+0000] {processor.py:914} INFO - Processing file /home/airflow/.local/lib/python3.12/site-packages/airflow/example_dags/example_params_ui_tutorial.py for tasks to queue
[2024-11-13T19:40:54.942+0000] {logging_mixin.py:190} INFO - [2024-11-13T19:40:54.942+0000] {dagbag.py:588} INFO - Filling up the DagBag from /home/airflow/.local/lib/python3.12/site-packages/airflow/example_dags/example_params_ui_tutorial.py
[2024-11-13T19:40:54.951+0000] {processor.py:925} INFO - DAG(s) 'example_params_ui_tutorial' retrieved from /home/airflow/.local/lib/python3.12/site-packages/airflow/example_dags/example_params_ui_tutorial.py
[2024-11-13T19:40:54.984+0000] {logging_mixin.py:190} INFO - [2024-11-13T19:40:54.983+0000] {dag.py:3239} INFO - Sync 1 DAGs
[2024-11-13T19:40:54.996+0000] {logging_mixin.py:190} INFO - [2024-11-13T19:40:54.996+0000] {dag.py:4180} INFO - Setting next_dagrun for example_params_ui_tutorial to None, run_after=None
[2024-11-13T19:40:55.014+0000] {processor.py:208} INFO - Processing /home/airflow/.local/lib/python3.12/site-packages/airflow/example_dags/example_params_ui_tutorial.py took 0.079 seconds
[2024-11-13T19:41:25.493+0000] {processor.py:186} INFO - Started process (PID=2316) to work on /home/airflow/.local/lib/python3.12/site-packages/airflow/example_dags/example_params_ui_tutorial.py
[2024-11-13T19:41:25.494+0000] {processor.py:914} INFO - Processing file /home/airflow/.local/lib/python3.12/site-packages/airflow/example_dags/example_params_ui_tutorial.py for tasks to queue
[2024-11-13T19:41:25.496+0000] {logging_mixin.py:190} INFO - [2024-11-13T19:41:25.496+0000] {dagbag.py:588} INFO - Filling up the DagBag from /home/airflow/.local/lib/python3.12/site-packages/airflow/example_dags/example_params_ui_tutorial.py
[2024-11-13T19:41:25.503+0000] {processor.py:925} INFO - DAG(s) 'example_params_ui_tutorial' retrieved from /home/airflow/.local/lib/python3.12/site-packages/airflow/example_dags/example_params_ui_tutorial.py
[2024-11-13T19:41:25.536+0000] {logging_mixin.py:190} INFO - [2024-11-13T19:41:25.536+0000] {dag.py:3239} INFO - Sync 1 DAGs
[2024-11-13T19:41:25.546+0000] {logging_mixin.py:190} INFO - [2024-11-13T19:41:25.546+0000] {dag.py:4180} INFO - Setting next_dagrun for example_params_ui_tutorial to None, run_after=None
[2024-11-13T19:41:25.560+0000] {processor.py:208} INFO - Processing /home/airflow/.local/lib/python3.12/site-packages/airflow/example_dags/example_params_ui_tutorial.py took 0.071 seconds
[2024-11-13T19:41:56.865+0000] {processor.py:186} INFO - Started process (PID=2384) to work on /home/airflow/.local/lib/python3.12/site-packages/airflow/example_dags/example_params_ui_tutorial.py
[2024-11-13T19:41:56.866+0000] {processor.py:914} INFO - Processing file /home/airflow/.local/lib/python3.12/site-packages/airflow/example_dags/example_params_ui_tutorial.py for tasks to queue
[2024-11-13T19:41:56.867+0000] {logging_mixin.py:190} INFO - [2024-11-13T19:41:56.867+0000] {dagbag.py:588} INFO - Filling up the DagBag from /home/airflow/.local/lib/python3.12/site-packages/airflow/example_dags/example_params_ui_tutorial.py
[2024-11-13T19:41:56.875+0000] {processor.py:925} INFO - DAG(s) 'example_params_ui_tutorial' retrieved from /home/airflow/.local/lib/python3.12/site-packages/airflow/example_dags/example_params_ui_tutorial.py
[2024-11-13T19:41:56.906+0000] {logging_mixin.py:190} INFO - [2024-11-13T19:41:56.906+0000] {dag.py:3239} INFO - Sync 1 DAGs
[2024-11-13T19:41:56.917+0000] {logging_mixin.py:190} INFO - [2024-11-13T19:41:56.917+0000] {dag.py:4180} INFO - Setting next_dagrun for example_params_ui_tutorial to None, run_after=None
[2024-11-13T19:41:56.933+0000] {processor.py:208} INFO - Processing /home/airflow/.local/lib/python3.12/site-packages/airflow/example_dags/example_params_ui_tutorial.py took 0.072 seconds
[2024-11-13T19:42:29.055+0000] {processor.py:186} INFO - Started process (PID=2459) to work on /home/airflow/.local/lib/python3.12/site-packages/airflow/example_dags/example_params_ui_tutorial.py
[2024-11-13T19:42:29.056+0000] {processor.py:914} INFO - Processing file /home/airflow/.local/lib/python3.12/site-packages/airflow/example_dags/example_params_ui_tutorial.py for tasks to queue
[2024-11-13T19:42:29.058+0000] {logging_mixin.py:190} INFO - [2024-11-13T19:42:29.058+0000] {dagbag.py:588} INFO - Filling up the DagBag from /home/airflow/.local/lib/python3.12/site-packages/airflow/example_dags/example_params_ui_tutorial.py
[2024-11-13T19:42:29.065+0000] {processor.py:925} INFO - DAG(s) 'example_params_ui_tutorial' retrieved from /home/airflow/.local/lib/python3.12/site-packages/airflow/example_dags/example_params_ui_tutorial.py
[2024-11-13T19:42:29.100+0000] {logging_mixin.py:190} INFO - [2024-11-13T19:42:29.099+0000] {dag.py:3239} INFO - Sync 1 DAGs
[2024-11-13T19:42:29.111+0000] {logging_mixin.py:190} INFO - [2024-11-13T19:42:29.111+0000] {dag.py:4180} INFO - Setting next_dagrun for example_params_ui_tutorial to None, run_after=None
[2024-11-13T19:42:29.126+0000] {processor.py:208} INFO - Processing /home/airflow/.local/lib/python3.12/site-packages/airflow/example_dags/example_params_ui_tutorial.py took 0.074 seconds
[2024-11-13T19:42:59.506+0000] {processor.py:186} INFO - Started process (PID=2522) to work on /home/airflow/.local/lib/python3.12/site-packages/airflow/example_dags/example_params_ui_tutorial.py
[2024-11-13T19:42:59.507+0000] {processor.py:914} INFO - Processing file /home/airflow/.local/lib/python3.12/site-packages/airflow/example_dags/example_params_ui_tutorial.py for tasks to queue
[2024-11-13T19:42:59.509+0000] {logging_mixin.py:190} INFO - [2024-11-13T19:42:59.509+0000] {dagbag.py:588} INFO - Filling up the DagBag from /home/airflow/.local/lib/python3.12/site-packages/airflow/example_dags/example_params_ui_tutorial.py
[2024-11-13T19:42:59.516+0000] {processor.py:925} INFO - DAG(s) 'example_params_ui_tutorial' retrieved from /home/airflow/.local/lib/python3.12/site-packages/airflow/example_dags/example_params_ui_tutorial.py
[2024-11-13T19:42:59.549+0000] {logging_mixin.py:190} INFO - [2024-11-13T19:42:59.549+0000] {dag.py:3239} INFO - Sync 1 DAGs
[2024-11-13T19:42:59.559+0000] {logging_mixin.py:190} INFO - [2024-11-13T19:42:59.559+0000] {dag.py:4180} INFO - Setting next_dagrun for example_params_ui_tutorial to None, run_after=None
[2024-11-13T19:42:59.572+0000] {processor.py:208} INFO - Processing /home/airflow/.local/lib/python3.12/site-packages/airflow/example_dags/example_params_ui_tutorial.py took 0.070 seconds
[2024-11-13T19:43:30.012+0000] {processor.py:186} INFO - Started process (PID=2585) to work on /home/airflow/.local/lib/python3.12/site-packages/airflow/example_dags/example_params_ui_tutorial.py
[2024-11-13T19:43:30.013+0000] {processor.py:914} INFO - Processing file /home/airflow/.local/lib/python3.12/site-packages/airflow/example_dags/example_params_ui_tutorial.py for tasks to queue
[2024-11-13T19:43:30.015+0000] {logging_mixin.py:190} INFO - [2024-11-13T19:43:30.015+0000] {dagbag.py:588} INFO - Filling up the DagBag from /home/airflow/.local/lib/python3.12/site-packages/airflow/example_dags/example_params_ui_tutorial.py
[2024-11-13T19:43:30.024+0000] {processor.py:925} INFO - DAG(s) 'example_params_ui_tutorial' retrieved from /home/airflow/.local/lib/python3.12/site-packages/airflow/example_dags/example_params_ui_tutorial.py
[2024-11-13T19:43:30.058+0000] {logging_mixin.py:190} INFO - [2024-11-13T19:43:30.057+0000] {dag.py:3239} INFO - Sync 1 DAGs
[2024-11-13T19:43:30.069+0000] {logging_mixin.py:190} INFO - [2024-11-13T19:43:30.069+0000] {dag.py:4180} INFO - Setting next_dagrun for example_params_ui_tutorial to None, run_after=None
[2024-11-13T19:43:30.084+0000] {processor.py:208} INFO - Processing /home/airflow/.local/lib/python3.12/site-packages/airflow/example_dags/example_params_ui_tutorial.py took 0.077 seconds
[2024-11-13T19:44:00.501+0000] {processor.py:186} INFO - Started process (PID=2648) to work on /home/airflow/.local/lib/python3.12/site-packages/airflow/example_dags/example_params_ui_tutorial.py
[2024-11-13T19:44:00.504+0000] {processor.py:914} INFO - Processing file /home/airflow/.local/lib/python3.12/site-packages/airflow/example_dags/example_params_ui_tutorial.py for tasks to queue
[2024-11-13T19:44:00.506+0000] {logging_mixin.py:190} INFO - [2024-11-13T19:44:00.505+0000] {dagbag.py:588} INFO - Filling up the DagBag from /home/airflow/.local/lib/python3.12/site-packages/airflow/example_dags/example_params_ui_tutorial.py
[2024-11-13T19:44:00.512+0000] {processor.py:925} INFO - DAG(s) 'example_params_ui_tutorial' retrieved from /home/airflow/.local/lib/python3.12/site-packages/airflow/example_dags/example_params_ui_tutorial.py
[2024-11-13T19:44:00.545+0000] {logging_mixin.py:190} INFO - [2024-11-13T19:44:00.544+0000] {dag.py:3239} INFO - Sync 1 DAGs
[2024-11-13T19:44:00.556+0000] {logging_mixin.py:190} INFO - [2024-11-13T19:44:00.556+0000] {dag.py:4180} INFO - Setting next_dagrun for example_params_ui_tutorial to None, run_after=None
[2024-11-13T19:44:00.571+0000] {processor.py:208} INFO - Processing /home/airflow/.local/lib/python3.12/site-packages/airflow/example_dags/example_params_ui_tutorial.py took 0.075 seconds
[2024-11-13T19:44:30.980+0000] {processor.py:186} INFO - Started process (PID=2711) to work on /home/airflow/.local/lib/python3.12/site-packages/airflow/example_dags/example_params_ui_tutorial.py
[2024-11-13T19:44:30.981+0000] {processor.py:914} INFO - Processing file /home/airflow/.local/lib/python3.12/site-packages/airflow/example_dags/example_params_ui_tutorial.py for tasks to queue
[2024-11-13T19:44:30.983+0000] {logging_mixin.py:190} INFO - [2024-11-13T19:44:30.983+0000] {dagbag.py:588} INFO - Filling up the DagBag from /home/airflow/.local/lib/python3.12/site-packages/airflow/example_dags/example_params_ui_tutorial.py
[2024-11-13T19:44:30.990+0000] {processor.py:925} INFO - DAG(s) 'example_params_ui_tutorial' retrieved from /home/airflow/.local/lib/python3.12/site-packages/airflow/example_dags/example_params_ui_tutorial.py
[2024-11-13T19:44:31.023+0000] {logging_mixin.py:190} INFO - [2024-11-13T19:44:31.023+0000] {dag.py:3239} INFO - Sync 1 DAGs
[2024-11-13T19:44:31.034+0000] {logging_mixin.py:190} INFO - [2024-11-13T19:44:31.034+0000] {dag.py:4180} INFO - Setting next_dagrun for example_params_ui_tutorial to None, run_after=None
[2024-11-13T19:44:31.048+0000] {processor.py:208} INFO - Processing /home/airflow/.local/lib/python3.12/site-packages/airflow/example_dags/example_params_ui_tutorial.py took 0.072 seconds
[2024-11-13T19:45:01.685+0000] {processor.py:186} INFO - Started process (PID=2773) to work on /home/airflow/.local/lib/python3.12/site-packages/airflow/example_dags/example_params_ui_tutorial.py
[2024-11-13T19:45:01.686+0000] {processor.py:914} INFO - Processing file /home/airflow/.local/lib/python3.12/site-packages/airflow/example_dags/example_params_ui_tutorial.py for tasks to queue
[2024-11-13T19:45:01.687+0000] {logging_mixin.py:190} INFO - [2024-11-13T19:45:01.687+0000] {dagbag.py:588} INFO - Filling up the DagBag from /home/airflow/.local/lib/python3.12/site-packages/airflow/example_dags/example_params_ui_tutorial.py
[2024-11-13T19:45:01.695+0000] {processor.py:925} INFO - DAG(s) 'example_params_ui_tutorial' retrieved from /home/airflow/.local/lib/python3.12/site-packages/airflow/example_dags/example_params_ui_tutorial.py
[2024-11-13T19:45:01.727+0000] {logging_mixin.py:190} INFO - [2024-11-13T19:45:01.727+0000] {dag.py:3239} INFO - Sync 1 DAGs
[2024-11-13T19:45:01.738+0000] {logging_mixin.py:190} INFO - [2024-11-13T19:45:01.738+0000] {dag.py:4180} INFO - Setting next_dagrun for example_params_ui_tutorial to None, run_after=None
[2024-11-13T19:45:01.752+0000] {processor.py:208} INFO - Processing /home/airflow/.local/lib/python3.12/site-packages/airflow/example_dags/example_params_ui_tutorial.py took 0.072 seconds
[2024-11-13T19:45:32.663+0000] {processor.py:186} INFO - Started process (PID=2836) to work on /home/airflow/.local/lib/python3.12/site-packages/airflow/example_dags/example_params_ui_tutorial.py
[2024-11-13T19:45:32.664+0000] {processor.py:914} INFO - Processing file /home/airflow/.local/lib/python3.12/site-packages/airflow/example_dags/example_params_ui_tutorial.py for tasks to queue
[2024-11-13T19:45:32.666+0000] {logging_mixin.py:190} INFO - [2024-11-13T19:45:32.666+0000] {dagbag.py:588} INFO - Filling up the DagBag from /home/airflow/.local/lib/python3.12/site-packages/airflow/example_dags/example_params_ui_tutorial.py
[2024-11-13T19:45:32.673+0000] {processor.py:925} INFO - DAG(s) 'example_params_ui_tutorial' retrieved from /home/airflow/.local/lib/python3.12/site-packages/airflow/example_dags/example_params_ui_tutorial.py
[2024-11-13T19:45:32.709+0000] {logging_mixin.py:190} INFO - [2024-11-13T19:45:32.708+0000] {dag.py:3239} INFO - Sync 1 DAGs
[2024-11-13T19:45:32.720+0000] {logging_mixin.py:190} INFO - [2024-11-13T19:45:32.719+0000] {dag.py:4180} INFO - Setting next_dagrun for example_params_ui_tutorial to None, run_after=None
[2024-11-13T19:45:32.733+0000] {processor.py:208} INFO - Processing /home/airflow/.local/lib/python3.12/site-packages/airflow/example_dags/example_params_ui_tutorial.py took 0.074 seconds
[2024-11-13T19:46:02.962+0000] {processor.py:186} INFO - Started process (PID=2900) to work on /home/airflow/.local/lib/python3.12/site-packages/airflow/example_dags/example_params_ui_tutorial.py
[2024-11-13T19:46:02.963+0000] {processor.py:914} INFO - Processing file /home/airflow/.local/lib/python3.12/site-packages/airflow/example_dags/example_params_ui_tutorial.py for tasks to queue
[2024-11-13T19:46:02.965+0000] {logging_mixin.py:190} INFO - [2024-11-13T19:46:02.964+0000] {dagbag.py:588} INFO - Filling up the DagBag from /home/airflow/.local/lib/python3.12/site-packages/airflow/example_dags/example_params_ui_tutorial.py
[2024-11-13T19:46:02.971+0000] {processor.py:925} INFO - DAG(s) 'example_params_ui_tutorial' retrieved from /home/airflow/.local/lib/python3.12/site-packages/airflow/example_dags/example_params_ui_tutorial.py
[2024-11-13T19:46:03.005+0000] {logging_mixin.py:190} INFO - [2024-11-13T19:46:03.005+0000] {dag.py:3239} INFO - Sync 1 DAGs
[2024-11-13T19:46:03.017+0000] {logging_mixin.py:190} INFO - [2024-11-13T19:46:03.017+0000] {dag.py:4180} INFO - Setting next_dagrun for example_params_ui_tutorial to None, run_after=None
[2024-11-13T19:46:03.168+0000] {processor.py:208} INFO - Processing /home/airflow/.local/lib/python3.12/site-packages/airflow/example_dags/example_params_ui_tutorial.py took 0.211 seconds
[2024-11-13T19:46:33.205+0000] {processor.py:186} INFO - Started process (PID=2962) to work on /home/airflow/.local/lib/python3.12/site-packages/airflow/example_dags/example_params_ui_tutorial.py
[2024-11-13T19:46:33.206+0000] {processor.py:914} INFO - Processing file /home/airflow/.local/lib/python3.12/site-packages/airflow/example_dags/example_params_ui_tutorial.py for tasks to queue
[2024-11-13T19:46:33.208+0000] {logging_mixin.py:190} INFO - [2024-11-13T19:46:33.207+0000] {dagbag.py:588} INFO - Filling up the DagBag from /home/airflow/.local/lib/python3.12/site-packages/airflow/example_dags/example_params_ui_tutorial.py
[2024-11-13T19:46:33.215+0000] {processor.py:925} INFO - DAG(s) 'example_params_ui_tutorial' retrieved from /home/airflow/.local/lib/python3.12/site-packages/airflow/example_dags/example_params_ui_tutorial.py
[2024-11-13T19:46:33.245+0000] {logging_mixin.py:190} INFO - [2024-11-13T19:46:33.245+0000] {dag.py:3239} INFO - Sync 1 DAGs
[2024-11-13T19:46:33.255+0000] {logging_mixin.py:190} INFO - [2024-11-13T19:46:33.255+0000] {dag.py:4180} INFO - Setting next_dagrun for example_params_ui_tutorial to None, run_after=None
[2024-11-13T19:46:33.268+0000] {processor.py:208} INFO - Processing /home/airflow/.local/lib/python3.12/site-packages/airflow/example_dags/example_params_ui_tutorial.py took 0.067 seconds
[2024-11-13T19:47:04.263+0000] {processor.py:186} INFO - Started process (PID=3025) to work on /home/airflow/.local/lib/python3.12/site-packages/airflow/example_dags/example_params_ui_tutorial.py
[2024-11-13T19:47:04.264+0000] {processor.py:914} INFO - Processing file /home/airflow/.local/lib/python3.12/site-packages/airflow/example_dags/example_params_ui_tutorial.py for tasks to queue
[2024-11-13T19:47:04.266+0000] {logging_mixin.py:190} INFO - [2024-11-13T19:47:04.265+0000] {dagbag.py:588} INFO - Filling up the DagBag from /home/airflow/.local/lib/python3.12/site-packages/airflow/example_dags/example_params_ui_tutorial.py
[2024-11-13T19:47:04.273+0000] {processor.py:925} INFO - DAG(s) 'example_params_ui_tutorial' retrieved from /home/airflow/.local/lib/python3.12/site-packages/airflow/example_dags/example_params_ui_tutorial.py
[2024-11-13T19:47:04.307+0000] {logging_mixin.py:190} INFO - [2024-11-13T19:47:04.307+0000] {dag.py:3239} INFO - Sync 1 DAGs
[2024-11-13T19:47:04.317+0000] {logging_mixin.py:190} INFO - [2024-11-13T19:47:04.317+0000] {dag.py:4180} INFO - Setting next_dagrun for example_params_ui_tutorial to None, run_after=None
[2024-11-13T19:47:04.332+0000] {processor.py:208} INFO - Processing /home/airflow/.local/lib/python3.12/site-packages/airflow/example_dags/example_params_ui_tutorial.py took 0.074 seconds
[2024-11-13T19:47:35.612+0000] {processor.py:186} INFO - Started process (PID=3088) to work on /home/airflow/.local/lib/python3.12/site-packages/airflow/example_dags/example_params_ui_tutorial.py
[2024-11-13T19:47:35.614+0000] {processor.py:914} INFO - Processing file /home/airflow/.local/lib/python3.12/site-packages/airflow/example_dags/example_params_ui_tutorial.py for tasks to queue
[2024-11-13T19:47:35.616+0000] {logging_mixin.py:190} INFO - [2024-11-13T19:47:35.615+0000] {dagbag.py:588} INFO - Filling up the DagBag from /home/airflow/.local/lib/python3.12/site-packages/airflow/example_dags/example_params_ui_tutorial.py
[2024-11-13T19:47:35.622+0000] {processor.py:925} INFO - DAG(s) 'example_params_ui_tutorial' retrieved from /home/airflow/.local/lib/python3.12/site-packages/airflow/example_dags/example_params_ui_tutorial.py
[2024-11-13T19:47:35.656+0000] {logging_mixin.py:190} INFO - [2024-11-13T19:47:35.656+0000] {dag.py:3239} INFO - Sync 1 DAGs
[2024-11-13T19:47:35.667+0000] {logging_mixin.py:190} INFO - [2024-11-13T19:47:35.667+0000] {dag.py:4180} INFO - Setting next_dagrun for example_params_ui_tutorial to None, run_after=None
[2024-11-13T19:47:35.681+0000] {processor.py:208} INFO - Processing /home/airflow/.local/lib/python3.12/site-packages/airflow/example_dags/example_params_ui_tutorial.py took 0.073 seconds
[2024-11-13T19:48:05.971+0000] {processor.py:186} INFO - Started process (PID=3151) to work on /home/airflow/.local/lib/python3.12/site-packages/airflow/example_dags/example_params_ui_tutorial.py
[2024-11-13T19:48:05.972+0000] {processor.py:914} INFO - Processing file /home/airflow/.local/lib/python3.12/site-packages/airflow/example_dags/example_params_ui_tutorial.py for tasks to queue
[2024-11-13T19:48:05.974+0000] {logging_mixin.py:190} INFO - [2024-11-13T19:48:05.973+0000] {dagbag.py:588} INFO - Filling up the DagBag from /home/airflow/.local/lib/python3.12/site-packages/airflow/example_dags/example_params_ui_tutorial.py
[2024-11-13T19:48:05.981+0000] {processor.py:925} INFO - DAG(s) 'example_params_ui_tutorial' retrieved from /home/airflow/.local/lib/python3.12/site-packages/airflow/example_dags/example_params_ui_tutorial.py
[2024-11-13T19:48:06.013+0000] {logging_mixin.py:190} INFO - [2024-11-13T19:48:06.013+0000] {dag.py:3239} INFO - Sync 1 DAGs
[2024-11-13T19:48:06.156+0000] {logging_mixin.py:190} INFO - [2024-11-13T19:48:06.156+0000] {dag.py:4180} INFO - Setting next_dagrun for example_params_ui_tutorial to None, run_after=None
[2024-11-13T19:48:06.170+0000] {processor.py:208} INFO - Processing /home/airflow/.local/lib/python3.12/site-packages/airflow/example_dags/example_params_ui_tutorial.py took 0.203 seconds
[2024-11-13T19:48:36.499+0000] {processor.py:186} INFO - Started process (PID=3215) to work on /home/airflow/.local/lib/python3.12/site-packages/airflow/example_dags/example_params_ui_tutorial.py
[2024-11-13T19:48:36.500+0000] {processor.py:914} INFO - Processing file /home/airflow/.local/lib/python3.12/site-packages/airflow/example_dags/example_params_ui_tutorial.py for tasks to queue
[2024-11-13T19:48:36.502+0000] {logging_mixin.py:190} INFO - [2024-11-13T19:48:36.501+0000] {dagbag.py:588} INFO - Filling up the DagBag from /home/airflow/.local/lib/python3.12/site-packages/airflow/example_dags/example_params_ui_tutorial.py
[2024-11-13T19:48:36.510+0000] {processor.py:925} INFO - DAG(s) 'example_params_ui_tutorial' retrieved from /home/airflow/.local/lib/python3.12/site-packages/airflow/example_dags/example_params_ui_tutorial.py
[2024-11-13T19:48:36.542+0000] {logging_mixin.py:190} INFO - [2024-11-13T19:48:36.542+0000] {dag.py:3239} INFO - Sync 1 DAGs
[2024-11-13T19:48:36.552+0000] {logging_mixin.py:190} INFO - [2024-11-13T19:48:36.552+0000] {dag.py:4180} INFO - Setting next_dagrun for example_params_ui_tutorial to None, run_after=None
[2024-11-13T19:48:36.567+0000] {processor.py:208} INFO - Processing /home/airflow/.local/lib/python3.12/site-packages/airflow/example_dags/example_params_ui_tutorial.py took 0.072 seconds
[2024-11-13T19:49:07.608+0000] {processor.py:186} INFO - Started process (PID=3281) to work on /home/airflow/.local/lib/python3.12/site-packages/airflow/example_dags/example_params_ui_tutorial.py
[2024-11-13T19:49:07.608+0000] {processor.py:914} INFO - Processing file /home/airflow/.local/lib/python3.12/site-packages/airflow/example_dags/example_params_ui_tutorial.py for tasks to queue
[2024-11-13T19:49:07.610+0000] {logging_mixin.py:190} INFO - [2024-11-13T19:49:07.610+0000] {dagbag.py:588} INFO - Filling up the DagBag from /home/airflow/.local/lib/python3.12/site-packages/airflow/example_dags/example_params_ui_tutorial.py
[2024-11-13T19:49:07.618+0000] {processor.py:925} INFO - DAG(s) 'example_params_ui_tutorial' retrieved from /home/airflow/.local/lib/python3.12/site-packages/airflow/example_dags/example_params_ui_tutorial.py
[2024-11-13T19:49:07.648+0000] {logging_mixin.py:190} INFO - [2024-11-13T19:49:07.648+0000] {dag.py:3239} INFO - Sync 1 DAGs
[2024-11-13T19:49:07.660+0000] {logging_mixin.py:190} INFO - [2024-11-13T19:49:07.660+0000] {dag.py:4180} INFO - Setting next_dagrun for example_params_ui_tutorial to None, run_after=None
[2024-11-13T19:49:07.674+0000] {processor.py:208} INFO - Processing /home/airflow/.local/lib/python3.12/site-packages/airflow/example_dags/example_params_ui_tutorial.py took 0.070 seconds
[2024-11-13T19:49:38.533+0000] {processor.py:186} INFO - Started process (PID=3344) to work on /home/airflow/.local/lib/python3.12/site-packages/airflow/example_dags/example_params_ui_tutorial.py
[2024-11-13T19:49:38.534+0000] {processor.py:914} INFO - Processing file /home/airflow/.local/lib/python3.12/site-packages/airflow/example_dags/example_params_ui_tutorial.py for tasks to queue
[2024-11-13T19:49:38.536+0000] {logging_mixin.py:190} INFO - [2024-11-13T19:49:38.536+0000] {dagbag.py:588} INFO - Filling up the DagBag from /home/airflow/.local/lib/python3.12/site-packages/airflow/example_dags/example_params_ui_tutorial.py
[2024-11-13T19:49:38.543+0000] {processor.py:925} INFO - DAG(s) 'example_params_ui_tutorial' retrieved from /home/airflow/.local/lib/python3.12/site-packages/airflow/example_dags/example_params_ui_tutorial.py
[2024-11-13T19:49:38.575+0000] {logging_mixin.py:190} INFO - [2024-11-13T19:49:38.574+0000] {dag.py:3239} INFO - Sync 1 DAGs
[2024-11-13T19:49:38.585+0000] {logging_mixin.py:190} INFO - [2024-11-13T19:49:38.585+0000] {dag.py:4180} INFO - Setting next_dagrun for example_params_ui_tutorial to None, run_after=None
[2024-11-13T19:49:38.598+0000] {processor.py:208} INFO - Processing /home/airflow/.local/lib/python3.12/site-packages/airflow/example_dags/example_params_ui_tutorial.py took 0.070 seconds
[2024-11-13T19:50:09.477+0000] {processor.py:186} INFO - Started process (PID=3407) to work on /home/airflow/.local/lib/python3.12/site-packages/airflow/example_dags/example_params_ui_tutorial.py
[2024-11-13T19:50:09.478+0000] {processor.py:914} INFO - Processing file /home/airflow/.local/lib/python3.12/site-packages/airflow/example_dags/example_params_ui_tutorial.py for tasks to queue
[2024-11-13T19:50:09.481+0000] {logging_mixin.py:190} INFO - [2024-11-13T19:50:09.481+0000] {dagbag.py:588} INFO - Filling up the DagBag from /home/airflow/.local/lib/python3.12/site-packages/airflow/example_dags/example_params_ui_tutorial.py
[2024-11-13T19:50:09.489+0000] {processor.py:925} INFO - DAG(s) 'example_params_ui_tutorial' retrieved from /home/airflow/.local/lib/python3.12/site-packages/airflow/example_dags/example_params_ui_tutorial.py
[2024-11-13T19:50:09.519+0000] {logging_mixin.py:190} INFO - [2024-11-13T19:50:09.519+0000] {dag.py:3239} INFO - Sync 1 DAGs
[2024-11-13T19:50:09.531+0000] {logging_mixin.py:190} INFO - [2024-11-13T19:50:09.531+0000] {dag.py:4180} INFO - Setting next_dagrun for example_params_ui_tutorial to None, run_after=None
[2024-11-13T19:50:09.547+0000] {processor.py:208} INFO - Processing /home/airflow/.local/lib/python3.12/site-packages/airflow/example_dags/example_params_ui_tutorial.py took 0.077 seconds
[2024-11-13T19:50:39.699+0000] {processor.py:186} INFO - Started process (PID=3470) to work on /home/airflow/.local/lib/python3.12/site-packages/airflow/example_dags/example_params_ui_tutorial.py
[2024-11-13T19:50:39.700+0000] {processor.py:914} INFO - Processing file /home/airflow/.local/lib/python3.12/site-packages/airflow/example_dags/example_params_ui_tutorial.py for tasks to queue
[2024-11-13T19:50:39.701+0000] {logging_mixin.py:190} INFO - [2024-11-13T19:50:39.701+0000] {dagbag.py:588} INFO - Filling up the DagBag from /home/airflow/.local/lib/python3.12/site-packages/airflow/example_dags/example_params_ui_tutorial.py
[2024-11-13T19:50:39.709+0000] {processor.py:925} INFO - DAG(s) 'example_params_ui_tutorial' retrieved from /home/airflow/.local/lib/python3.12/site-packages/airflow/example_dags/example_params_ui_tutorial.py
[2024-11-13T19:50:39.741+0000] {logging_mixin.py:190} INFO - [2024-11-13T19:50:39.741+0000] {dag.py:3239} INFO - Sync 1 DAGs
[2024-11-13T19:50:39.752+0000] {logging_mixin.py:190} INFO - [2024-11-13T19:50:39.752+0000] {dag.py:4180} INFO - Setting next_dagrun for example_params_ui_tutorial to None, run_after=None
[2024-11-13T19:50:39.765+0000] {processor.py:208} INFO - Processing /home/airflow/.local/lib/python3.12/site-packages/airflow/example_dags/example_params_ui_tutorial.py took 0.071 seconds
[2024-11-13T19:51:09.932+0000] {processor.py:186} INFO - Started process (PID=3533) to work on /home/airflow/.local/lib/python3.12/site-packages/airflow/example_dags/example_params_ui_tutorial.py
[2024-11-13T19:51:09.932+0000] {processor.py:914} INFO - Processing file /home/airflow/.local/lib/python3.12/site-packages/airflow/example_dags/example_params_ui_tutorial.py for tasks to queue
[2024-11-13T19:51:09.934+0000] {logging_mixin.py:190} INFO - [2024-11-13T19:51:09.934+0000] {dagbag.py:588} INFO - Filling up the DagBag from /home/airflow/.local/lib/python3.12/site-packages/airflow/example_dags/example_params_ui_tutorial.py
[2024-11-13T19:51:09.941+0000] {processor.py:925} INFO - DAG(s) 'example_params_ui_tutorial' retrieved from /home/airflow/.local/lib/python3.12/site-packages/airflow/example_dags/example_params_ui_tutorial.py
[2024-11-13T19:51:09.972+0000] {logging_mixin.py:190} INFO - [2024-11-13T19:51:09.972+0000] {dag.py:3239} INFO - Sync 1 DAGs
[2024-11-13T19:51:09.985+0000] {logging_mixin.py:190} INFO - [2024-11-13T19:51:09.985+0000] {dag.py:4180} INFO - Setting next_dagrun for example_params_ui_tutorial to None, run_after=None
[2024-11-13T19:51:09.998+0000] {processor.py:208} INFO - Processing /home/airflow/.local/lib/python3.12/site-packages/airflow/example_dags/example_params_ui_tutorial.py took 0.071 seconds
[2024-11-13T19:51:41.085+0000] {processor.py:186} INFO - Started process (PID=3596) to work on /home/airflow/.local/lib/python3.12/site-packages/airflow/example_dags/example_params_ui_tutorial.py
[2024-11-13T19:51:41.086+0000] {processor.py:914} INFO - Processing file /home/airflow/.local/lib/python3.12/site-packages/airflow/example_dags/example_params_ui_tutorial.py for tasks to queue
[2024-11-13T19:51:41.088+0000] {logging_mixin.py:190} INFO - [2024-11-13T19:51:41.088+0000] {dagbag.py:588} INFO - Filling up the DagBag from /home/airflow/.local/lib/python3.12/site-packages/airflow/example_dags/example_params_ui_tutorial.py
[2024-11-13T19:51:41.097+0000] {processor.py:925} INFO - DAG(s) 'example_params_ui_tutorial' retrieved from /home/airflow/.local/lib/python3.12/site-packages/airflow/example_dags/example_params_ui_tutorial.py
[2024-11-13T19:51:41.127+0000] {logging_mixin.py:190} INFO - [2024-11-13T19:51:41.127+0000] {dag.py:3239} INFO - Sync 1 DAGs
[2024-11-13T19:51:41.136+0000] {logging_mixin.py:190} INFO - [2024-11-13T19:51:41.136+0000] {dag.py:4180} INFO - Setting next_dagrun for example_params_ui_tutorial to None, run_after=None
[2024-11-13T19:51:41.150+0000] {processor.py:208} INFO - Processing /home/airflow/.local/lib/python3.12/site-packages/airflow/example_dags/example_params_ui_tutorial.py took 0.069 seconds
[2024-11-13T19:52:12.372+0000] {processor.py:186} INFO - Started process (PID=3662) to work on /home/airflow/.local/lib/python3.12/site-packages/airflow/example_dags/example_params_ui_tutorial.py
[2024-11-13T19:52:12.373+0000] {processor.py:914} INFO - Processing file /home/airflow/.local/lib/python3.12/site-packages/airflow/example_dags/example_params_ui_tutorial.py for tasks to queue
[2024-11-13T19:52:12.375+0000] {logging_mixin.py:190} INFO - [2024-11-13T19:52:12.375+0000] {dagbag.py:588} INFO - Filling up the DagBag from /home/airflow/.local/lib/python3.12/site-packages/airflow/example_dags/example_params_ui_tutorial.py
[2024-11-13T19:52:12.382+0000] {processor.py:925} INFO - DAG(s) 'example_params_ui_tutorial' retrieved from /home/airflow/.local/lib/python3.12/site-packages/airflow/example_dags/example_params_ui_tutorial.py
[2024-11-13T19:52:12.412+0000] {logging_mixin.py:190} INFO - [2024-11-13T19:52:12.412+0000] {dag.py:3239} INFO - Sync 1 DAGs
[2024-11-13T19:52:12.422+0000] {logging_mixin.py:190} INFO - [2024-11-13T19:52:12.421+0000] {dag.py:4180} INFO - Setting next_dagrun for example_params_ui_tutorial to None, run_after=None
[2024-11-13T19:52:12.433+0000] {processor.py:208} INFO - Processing /home/airflow/.local/lib/python3.12/site-packages/airflow/example_dags/example_params_ui_tutorial.py took 0.065 seconds
