[2024-11-13T19:23:19.104+0000] {processor.py:186} INFO - Started process (PID=100) to work on /home/airflow/.local/lib/python3.12/site-packages/airflow/example_dags/example_sla_dag.py
[2024-11-13T19:23:19.104+0000] {processor.py:914} INFO - Processing file /home/airflow/.local/lib/python3.12/site-packages/airflow/example_dags/example_sla_dag.py for tasks to queue
[2024-11-13T19:23:19.106+0000] {logging_mixin.py:190} INFO - [2024-11-13T19:23:19.106+0000] {dagbag.py:588} INFO - Filling up the DagBag from /home/airflow/.local/lib/python3.12/site-packages/airflow/example_dags/example_sla_dag.py
[2024-11-13T19:23:19.114+0000] {processor.py:925} INFO - DAG(s) 'example_sla_dag' retrieved from /home/airflow/.local/lib/python3.12/site-packages/airflow/example_dags/example_sla_dag.py
[2024-11-13T19:23:19.189+0000] {logging_mixin.py:190} INFO - [2024-11-13T19:23:19.189+0000] {override.py:1911} INFO - Created Permission View: can edit on DAG:example_sla_dag
[2024-11-13T19:23:19.199+0000] {logging_mixin.py:190} INFO - [2024-11-13T19:23:19.198+0000] {override.py:1911} INFO - Created Permission View: can read on DAG:example_sla_dag
[2024-11-13T19:23:19.204+0000] {logging_mixin.py:190} INFO - [2024-11-13T19:23:19.204+0000] {override.py:1911} INFO - Created Permission View: can delete on DAG:example_sla_dag
[2024-11-13T19:23:19.209+0000] {logging_mixin.py:190} INFO - [2024-11-13T19:23:19.209+0000] {override.py:1911} INFO - Created Permission View: can delete on DAG Run:example_sla_dag
[2024-11-13T19:23:19.215+0000] {logging_mixin.py:190} INFO - [2024-11-13T19:23:19.214+0000] {override.py:1911} INFO - Created Permission View: can read on DAG Run:example_sla_dag
[2024-11-13T19:23:19.219+0000] {logging_mixin.py:190} INFO - [2024-11-13T19:23:19.219+0000] {override.py:1911} INFO - Created Permission View: menu access on DAG Run:example_sla_dag
[2024-11-13T19:23:19.224+0000] {logging_mixin.py:190} INFO - [2024-11-13T19:23:19.223+0000] {override.py:1911} INFO - Created Permission View: can create on DAG Run:example_sla_dag
[2024-11-13T19:23:19.224+0000] {logging_mixin.py:190} INFO - [2024-11-13T19:23:19.224+0000] {dag.py:3239} INFO - Sync 1 DAGs
[2024-11-13T19:23:19.233+0000] {logging_mixin.py:190} INFO - [2024-11-13T19:23:19.233+0000] {dag.py:3262} INFO - Creating ORM DAG for example_sla_dag
[2024-11-13T19:23:19.242+0000] {logging_mixin.py:190} INFO - [2024-11-13T19:23:19.242+0000] {dag.py:4180} INFO - Setting next_dagrun for example_sla_dag to 2024-11-13 19:20:00+00:00, run_after=2024-11-13 19:22:00+00:00
[2024-11-13T19:23:19.254+0000] {processor.py:208} INFO - Processing /home/airflow/.local/lib/python3.12/site-packages/airflow/example_dags/example_sla_dag.py took 0.155 seconds
[2024-11-13T19:23:49.389+0000] {processor.py:186} INFO - Started process (PID=163) to work on /home/airflow/.local/lib/python3.12/site-packages/airflow/example_dags/example_sla_dag.py
[2024-11-13T19:23:49.389+0000] {processor.py:914} INFO - Processing file /home/airflow/.local/lib/python3.12/site-packages/airflow/example_dags/example_sla_dag.py for tasks to queue
[2024-11-13T19:23:49.391+0000] {logging_mixin.py:190} INFO - [2024-11-13T19:23:49.390+0000] {dagbag.py:588} INFO - Filling up the DagBag from /home/airflow/.local/lib/python3.12/site-packages/airflow/example_dags/example_sla_dag.py
[2024-11-13T19:23:49.398+0000] {processor.py:925} INFO - DAG(s) 'example_sla_dag' retrieved from /home/airflow/.local/lib/python3.12/site-packages/airflow/example_dags/example_sla_dag.py
[2024-11-13T19:23:49.413+0000] {logging_mixin.py:190} INFO - [2024-11-13T19:23:49.413+0000] {dag.py:3239} INFO - Sync 1 DAGs
[2024-11-13T19:23:49.430+0000] {logging_mixin.py:190} INFO - [2024-11-13T19:23:49.430+0000] {dag.py:4180} INFO - Setting next_dagrun for example_sla_dag to 2024-11-13 19:20:00+00:00, run_after=2024-11-13 19:22:00+00:00
[2024-11-13T19:23:49.444+0000] {processor.py:208} INFO - Processing /home/airflow/.local/lib/python3.12/site-packages/airflow/example_dags/example_sla_dag.py took 0.059 seconds
[2024-11-13T19:24:19.466+0000] {processor.py:186} INFO - Started process (PID=225) to work on /home/airflow/.local/lib/python3.12/site-packages/airflow/example_dags/example_sla_dag.py
[2024-11-13T19:24:19.468+0000] {processor.py:914} INFO - Processing file /home/airflow/.local/lib/python3.12/site-packages/airflow/example_dags/example_sla_dag.py for tasks to queue
[2024-11-13T19:24:19.470+0000] {logging_mixin.py:190} INFO - [2024-11-13T19:24:19.470+0000] {dagbag.py:588} INFO - Filling up the DagBag from /home/airflow/.local/lib/python3.12/site-packages/airflow/example_dags/example_sla_dag.py
[2024-11-13T19:24:19.481+0000] {processor.py:925} INFO - DAG(s) 'example_sla_dag' retrieved from /home/airflow/.local/lib/python3.12/site-packages/airflow/example_dags/example_sla_dag.py
[2024-11-13T19:24:19.498+0000] {logging_mixin.py:190} INFO - [2024-11-13T19:24:19.497+0000] {dag.py:3239} INFO - Sync 1 DAGs
[2024-11-13T19:24:19.517+0000] {logging_mixin.py:190} INFO - [2024-11-13T19:24:19.517+0000] {dag.py:4180} INFO - Setting next_dagrun for example_sla_dag to 2024-11-13 19:22:00+00:00, run_after=2024-11-13 19:24:00+00:00
[2024-11-13T19:24:19.532+0000] {processor.py:208} INFO - Processing /home/airflow/.local/lib/python3.12/site-packages/airflow/example_dags/example_sla_dag.py took 0.070 seconds
[2024-11-13T19:24:50.731+0000] {processor.py:186} INFO - Started process (PID=288) to work on /home/airflow/.local/lib/python3.12/site-packages/airflow/example_dags/example_sla_dag.py
[2024-11-13T19:24:50.732+0000] {processor.py:914} INFO - Processing file /home/airflow/.local/lib/python3.12/site-packages/airflow/example_dags/example_sla_dag.py for tasks to queue
[2024-11-13T19:24:50.733+0000] {logging_mixin.py:190} INFO - [2024-11-13T19:24:50.733+0000] {dagbag.py:588} INFO - Filling up the DagBag from /home/airflow/.local/lib/python3.12/site-packages/airflow/example_dags/example_sla_dag.py
[2024-11-13T19:24:50.741+0000] {processor.py:925} INFO - DAG(s) 'example_sla_dag' retrieved from /home/airflow/.local/lib/python3.12/site-packages/airflow/example_dags/example_sla_dag.py
[2024-11-13T19:24:50.755+0000] {logging_mixin.py:190} INFO - [2024-11-13T19:24:50.755+0000] {dag.py:3239} INFO - Sync 1 DAGs
[2024-11-13T19:24:50.772+0000] {logging_mixin.py:190} INFO - [2024-11-13T19:24:50.772+0000] {dag.py:4180} INFO - Setting next_dagrun for example_sla_dag to 2024-11-13 19:22:00+00:00, run_after=2024-11-13 19:24:00+00:00
[2024-11-13T19:24:50.785+0000] {processor.py:208} INFO - Processing /home/airflow/.local/lib/python3.12/site-packages/airflow/example_dags/example_sla_dag.py took 0.058 seconds
[2024-11-13T19:25:22.596+0000] {processor.py:186} INFO - Started process (PID=352) to work on /home/airflow/.local/lib/python3.12/site-packages/airflow/example_dags/example_sla_dag.py
[2024-11-13T19:25:22.597+0000] {processor.py:914} INFO - Processing file /home/airflow/.local/lib/python3.12/site-packages/airflow/example_dags/example_sla_dag.py for tasks to queue
[2024-11-13T19:25:22.599+0000] {logging_mixin.py:190} INFO - [2024-11-13T19:25:22.599+0000] {dagbag.py:588} INFO - Filling up the DagBag from /home/airflow/.local/lib/python3.12/site-packages/airflow/example_dags/example_sla_dag.py
[2024-11-13T19:25:22.608+0000] {processor.py:925} INFO - DAG(s) 'example_sla_dag' retrieved from /home/airflow/.local/lib/python3.12/site-packages/airflow/example_dags/example_sla_dag.py
[2024-11-13T19:25:22.625+0000] {logging_mixin.py:190} INFO - [2024-11-13T19:25:22.625+0000] {dag.py:3239} INFO - Sync 1 DAGs
[2024-11-13T19:25:22.649+0000] {logging_mixin.py:190} INFO - [2024-11-13T19:25:22.648+0000] {dag.py:4180} INFO - Setting next_dagrun for example_sla_dag to 2024-11-13 19:22:00+00:00, run_after=2024-11-13 19:24:00+00:00
[2024-11-13T19:25:22.666+0000] {processor.py:208} INFO - Processing /home/airflow/.local/lib/python3.12/site-packages/airflow/example_dags/example_sla_dag.py took 0.076 seconds
[2024-11-13T19:25:53.410+0000] {processor.py:186} INFO - Started process (PID=414) to work on /home/airflow/.local/lib/python3.12/site-packages/airflow/example_dags/example_sla_dag.py
[2024-11-13T19:25:53.411+0000] {processor.py:914} INFO - Processing file /home/airflow/.local/lib/python3.12/site-packages/airflow/example_dags/example_sla_dag.py for tasks to queue
[2024-11-13T19:25:53.412+0000] {logging_mixin.py:190} INFO - [2024-11-13T19:25:53.412+0000] {dagbag.py:588} INFO - Filling up the DagBag from /home/airflow/.local/lib/python3.12/site-packages/airflow/example_dags/example_sla_dag.py
[2024-11-13T19:25:53.421+0000] {processor.py:925} INFO - DAG(s) 'example_sla_dag' retrieved from /home/airflow/.local/lib/python3.12/site-packages/airflow/example_dags/example_sla_dag.py
[2024-11-13T19:25:53.437+0000] {logging_mixin.py:190} INFO - [2024-11-13T19:25:53.436+0000] {dag.py:3239} INFO - Sync 1 DAGs
[2024-11-13T19:25:53.458+0000] {logging_mixin.py:190} INFO - [2024-11-13T19:25:53.457+0000] {dag.py:4180} INFO - Setting next_dagrun for example_sla_dag to 2024-11-13 19:22:00+00:00, run_after=2024-11-13 19:24:00+00:00
[2024-11-13T19:25:53.473+0000] {processor.py:208} INFO - Processing /home/airflow/.local/lib/python3.12/site-packages/airflow/example_dags/example_sla_dag.py took 0.068 seconds
[2024-11-13T19:26:24.607+0000] {processor.py:186} INFO - Started process (PID=477) to work on /home/airflow/.local/lib/python3.12/site-packages/airflow/example_dags/example_sla_dag.py
[2024-11-13T19:26:24.608+0000] {processor.py:914} INFO - Processing file /home/airflow/.local/lib/python3.12/site-packages/airflow/example_dags/example_sla_dag.py for tasks to queue
[2024-11-13T19:26:24.610+0000] {logging_mixin.py:190} INFO - [2024-11-13T19:26:24.610+0000] {dagbag.py:588} INFO - Filling up the DagBag from /home/airflow/.local/lib/python3.12/site-packages/airflow/example_dags/example_sla_dag.py
[2024-11-13T19:26:24.620+0000] {processor.py:925} INFO - DAG(s) 'example_sla_dag' retrieved from /home/airflow/.local/lib/python3.12/site-packages/airflow/example_dags/example_sla_dag.py
[2024-11-13T19:26:24.635+0000] {logging_mixin.py:190} INFO - [2024-11-13T19:26:24.635+0000] {dag.py:3239} INFO - Sync 1 DAGs
[2024-11-13T19:26:24.654+0000] {logging_mixin.py:190} INFO - [2024-11-13T19:26:24.654+0000] {dag.py:4180} INFO - Setting next_dagrun for example_sla_dag to 2024-11-13 19:24:00+00:00, run_after=2024-11-13 19:26:00+00:00
[2024-11-13T19:26:24.669+0000] {processor.py:208} INFO - Processing /home/airflow/.local/lib/python3.12/site-packages/airflow/example_dags/example_sla_dag.py took 0.067 seconds
[2024-11-13T19:26:55.804+0000] {processor.py:186} INFO - Started process (PID=540) to work on /home/airflow/.local/lib/python3.12/site-packages/airflow/example_dags/example_sla_dag.py
[2024-11-13T19:26:55.804+0000] {processor.py:914} INFO - Processing file /home/airflow/.local/lib/python3.12/site-packages/airflow/example_dags/example_sla_dag.py for tasks to queue
[2024-11-13T19:26:55.806+0000] {logging_mixin.py:190} INFO - [2024-11-13T19:26:55.806+0000] {dagbag.py:588} INFO - Filling up the DagBag from /home/airflow/.local/lib/python3.12/site-packages/airflow/example_dags/example_sla_dag.py
[2024-11-13T19:26:55.814+0000] {processor.py:925} INFO - DAG(s) 'example_sla_dag' retrieved from /home/airflow/.local/lib/python3.12/site-packages/airflow/example_dags/example_sla_dag.py
[2024-11-13T19:26:55.825+0000] {logging_mixin.py:190} INFO - [2024-11-13T19:26:55.825+0000] {dag.py:3239} INFO - Sync 1 DAGs
[2024-11-13T19:26:55.841+0000] {logging_mixin.py:190} INFO - [2024-11-13T19:26:55.841+0000] {dag.py:4180} INFO - Setting next_dagrun for example_sla_dag to 2024-11-13 19:24:00+00:00, run_after=2024-11-13 19:26:00+00:00
[2024-11-13T19:26:55.854+0000] {processor.py:208} INFO - Processing /home/airflow/.local/lib/python3.12/site-packages/airflow/example_dags/example_sla_dag.py took 0.054 seconds
[2024-11-13T19:27:27.157+0000] {processor.py:186} INFO - Started process (PID=603) to work on /home/airflow/.local/lib/python3.12/site-packages/airflow/example_dags/example_sla_dag.py
[2024-11-13T19:27:27.158+0000] {processor.py:914} INFO - Processing file /home/airflow/.local/lib/python3.12/site-packages/airflow/example_dags/example_sla_dag.py for tasks to queue
[2024-11-13T19:27:27.159+0000] {logging_mixin.py:190} INFO - [2024-11-13T19:27:27.159+0000] {dagbag.py:588} INFO - Filling up the DagBag from /home/airflow/.local/lib/python3.12/site-packages/airflow/example_dags/example_sla_dag.py
[2024-11-13T19:27:27.167+0000] {processor.py:925} INFO - DAG(s) 'example_sla_dag' retrieved from /home/airflow/.local/lib/python3.12/site-packages/airflow/example_dags/example_sla_dag.py
[2024-11-13T19:27:27.180+0000] {logging_mixin.py:190} INFO - [2024-11-13T19:27:27.180+0000] {dag.py:3239} INFO - Sync 1 DAGs
[2024-11-13T19:27:27.198+0000] {logging_mixin.py:190} INFO - [2024-11-13T19:27:27.198+0000] {dag.py:4180} INFO - Setting next_dagrun for example_sla_dag to 2024-11-13 19:24:00+00:00, run_after=2024-11-13 19:26:00+00:00
[2024-11-13T19:27:27.210+0000] {processor.py:208} INFO - Processing /home/airflow/.local/lib/python3.12/site-packages/airflow/example_dags/example_sla_dag.py took 0.057 seconds
[2024-11-13T19:27:58.298+0000] {processor.py:186} INFO - Started process (PID=666) to work on /home/airflow/.local/lib/python3.12/site-packages/airflow/example_dags/example_sla_dag.py
[2024-11-13T19:27:58.299+0000] {processor.py:914} INFO - Processing file /home/airflow/.local/lib/python3.12/site-packages/airflow/example_dags/example_sla_dag.py for tasks to queue
[2024-11-13T19:27:58.300+0000] {logging_mixin.py:190} INFO - [2024-11-13T19:27:58.300+0000] {dagbag.py:588} INFO - Filling up the DagBag from /home/airflow/.local/lib/python3.12/site-packages/airflow/example_dags/example_sla_dag.py
[2024-11-13T19:27:58.308+0000] {processor.py:925} INFO - DAG(s) 'example_sla_dag' retrieved from /home/airflow/.local/lib/python3.12/site-packages/airflow/example_dags/example_sla_dag.py
[2024-11-13T19:27:58.322+0000] {logging_mixin.py:190} INFO - [2024-11-13T19:27:58.322+0000] {dag.py:3239} INFO - Sync 1 DAGs
[2024-11-13T19:27:58.340+0000] {logging_mixin.py:190} INFO - [2024-11-13T19:27:58.339+0000] {dag.py:4180} INFO - Setting next_dagrun for example_sla_dag to 2024-11-13 19:24:00+00:00, run_after=2024-11-13 19:26:00+00:00
[2024-11-13T19:27:58.351+0000] {processor.py:208} INFO - Processing /home/airflow/.local/lib/python3.12/site-packages/airflow/example_dags/example_sla_dag.py took 0.057 seconds
[2024-11-13T19:28:28.910+0000] {processor.py:186} INFO - Started process (PID=729) to work on /home/airflow/.local/lib/python3.12/site-packages/airflow/example_dags/example_sla_dag.py
[2024-11-13T19:28:28.911+0000] {processor.py:914} INFO - Processing file /home/airflow/.local/lib/python3.12/site-packages/airflow/example_dags/example_sla_dag.py for tasks to queue
[2024-11-13T19:28:28.912+0000] {logging_mixin.py:190} INFO - [2024-11-13T19:28:28.912+0000] {dagbag.py:588} INFO - Filling up the DagBag from /home/airflow/.local/lib/python3.12/site-packages/airflow/example_dags/example_sla_dag.py
[2024-11-13T19:28:28.920+0000] {processor.py:925} INFO - DAG(s) 'example_sla_dag' retrieved from /home/airflow/.local/lib/python3.12/site-packages/airflow/example_dags/example_sla_dag.py
[2024-11-13T19:28:28.934+0000] {logging_mixin.py:190} INFO - [2024-11-13T19:28:28.934+0000] {dag.py:3239} INFO - Sync 1 DAGs
[2024-11-13T19:28:28.952+0000] {logging_mixin.py:190} INFO - [2024-11-13T19:28:28.952+0000] {dag.py:4180} INFO - Setting next_dagrun for example_sla_dag to 2024-11-13 19:26:00+00:00, run_after=2024-11-13 19:28:00+00:00
[2024-11-13T19:28:28.964+0000] {processor.py:208} INFO - Processing /home/airflow/.local/lib/python3.12/site-packages/airflow/example_dags/example_sla_dag.py took 0.058 seconds
[2024-11-13T19:28:59.470+0000] {processor.py:186} INFO - Started process (PID=792) to work on /home/airflow/.local/lib/python3.12/site-packages/airflow/example_dags/example_sla_dag.py
[2024-11-13T19:28:59.471+0000] {processor.py:914} INFO - Processing file /home/airflow/.local/lib/python3.12/site-packages/airflow/example_dags/example_sla_dag.py for tasks to queue
[2024-11-13T19:28:59.473+0000] {logging_mixin.py:190} INFO - [2024-11-13T19:28:59.472+0000] {dagbag.py:588} INFO - Filling up the DagBag from /home/airflow/.local/lib/python3.12/site-packages/airflow/example_dags/example_sla_dag.py
[2024-11-13T19:28:59.480+0000] {processor.py:925} INFO - DAG(s) 'example_sla_dag' retrieved from /home/airflow/.local/lib/python3.12/site-packages/airflow/example_dags/example_sla_dag.py
[2024-11-13T19:28:59.493+0000] {logging_mixin.py:190} INFO - [2024-11-13T19:28:59.493+0000] {dag.py:3239} INFO - Sync 1 DAGs
[2024-11-13T19:28:59.509+0000] {logging_mixin.py:190} INFO - [2024-11-13T19:28:59.509+0000] {dag.py:4180} INFO - Setting next_dagrun for example_sla_dag to 2024-11-13 19:26:00+00:00, run_after=2024-11-13 19:28:00+00:00
[2024-11-13T19:28:59.522+0000] {processor.py:208} INFO - Processing /home/airflow/.local/lib/python3.12/site-packages/airflow/example_dags/example_sla_dag.py took 0.055 seconds
[2024-11-13T19:29:30.600+0000] {processor.py:186} INFO - Started process (PID=855) to work on /home/airflow/.local/lib/python3.12/site-packages/airflow/example_dags/example_sla_dag.py
[2024-11-13T19:29:30.601+0000] {processor.py:914} INFO - Processing file /home/airflow/.local/lib/python3.12/site-packages/airflow/example_dags/example_sla_dag.py for tasks to queue
[2024-11-13T19:29:30.602+0000] {logging_mixin.py:190} INFO - [2024-11-13T19:29:30.602+0000] {dagbag.py:588} INFO - Filling up the DagBag from /home/airflow/.local/lib/python3.12/site-packages/airflow/example_dags/example_sla_dag.py
[2024-11-13T19:29:30.610+0000] {processor.py:925} INFO - DAG(s) 'example_sla_dag' retrieved from /home/airflow/.local/lib/python3.12/site-packages/airflow/example_dags/example_sla_dag.py
[2024-11-13T19:29:30.623+0000] {logging_mixin.py:190} INFO - [2024-11-13T19:29:30.623+0000] {dag.py:3239} INFO - Sync 1 DAGs
[2024-11-13T19:29:30.641+0000] {logging_mixin.py:190} INFO - [2024-11-13T19:29:30.640+0000] {dag.py:4180} INFO - Setting next_dagrun for example_sla_dag to 2024-11-13 19:26:00+00:00, run_after=2024-11-13 19:28:00+00:00
[2024-11-13T19:29:30.653+0000] {processor.py:208} INFO - Processing /home/airflow/.local/lib/python3.12/site-packages/airflow/example_dags/example_sla_dag.py took 0.057 seconds
[2024-11-13T19:30:02.149+0000] {processor.py:186} INFO - Started process (PID=919) to work on /home/airflow/.local/lib/python3.12/site-packages/airflow/example_dags/example_sla_dag.py
[2024-11-13T19:30:02.150+0000] {processor.py:914} INFO - Processing file /home/airflow/.local/lib/python3.12/site-packages/airflow/example_dags/example_sla_dag.py for tasks to queue
[2024-11-13T19:30:02.152+0000] {logging_mixin.py:190} INFO - [2024-11-13T19:30:02.152+0000] {dagbag.py:588} INFO - Filling up the DagBag from /home/airflow/.local/lib/python3.12/site-packages/airflow/example_dags/example_sla_dag.py
[2024-11-13T19:30:02.159+0000] {processor.py:925} INFO - DAG(s) 'example_sla_dag' retrieved from /home/airflow/.local/lib/python3.12/site-packages/airflow/example_dags/example_sla_dag.py
[2024-11-13T19:30:02.173+0000] {logging_mixin.py:190} INFO - [2024-11-13T19:30:02.173+0000] {dag.py:3239} INFO - Sync 1 DAGs
[2024-11-13T19:30:02.193+0000] {logging_mixin.py:190} INFO - [2024-11-13T19:30:02.193+0000] {dag.py:4180} INFO - Setting next_dagrun for example_sla_dag to 2024-11-13 19:28:00+00:00, run_after=2024-11-13 19:30:00+00:00
[2024-11-13T19:30:02.206+0000] {processor.py:208} INFO - Processing /home/airflow/.local/lib/python3.12/site-packages/airflow/example_dags/example_sla_dag.py took 0.061 seconds
[2024-11-13T19:30:33.416+0000] {processor.py:186} INFO - Started process (PID=982) to work on /home/airflow/.local/lib/python3.12/site-packages/airflow/example_dags/example_sla_dag.py
[2024-11-13T19:30:33.417+0000] {processor.py:914} INFO - Processing file /home/airflow/.local/lib/python3.12/site-packages/airflow/example_dags/example_sla_dag.py for tasks to queue
[2024-11-13T19:30:33.419+0000] {logging_mixin.py:190} INFO - [2024-11-13T19:30:33.419+0000] {dagbag.py:588} INFO - Filling up the DagBag from /home/airflow/.local/lib/python3.12/site-packages/airflow/example_dags/example_sla_dag.py
[2024-11-13T19:30:33.427+0000] {processor.py:925} INFO - DAG(s) 'example_sla_dag' retrieved from /home/airflow/.local/lib/python3.12/site-packages/airflow/example_dags/example_sla_dag.py
[2024-11-13T19:30:33.442+0000] {logging_mixin.py:190} INFO - [2024-11-13T19:30:33.442+0000] {dag.py:3239} INFO - Sync 1 DAGs
[2024-11-13T19:30:33.461+0000] {logging_mixin.py:190} INFO - [2024-11-13T19:30:33.461+0000] {dag.py:4180} INFO - Setting next_dagrun for example_sla_dag to 2024-11-13 19:28:00+00:00, run_after=2024-11-13 19:30:00+00:00
[2024-11-13T19:30:33.474+0000] {processor.py:208} INFO - Processing /home/airflow/.local/lib/python3.12/site-packages/airflow/example_dags/example_sla_dag.py took 0.062 seconds
[2024-11-13T19:31:04.610+0000] {processor.py:186} INFO - Started process (PID=1045) to work on /home/airflow/.local/lib/python3.12/site-packages/airflow/example_dags/example_sla_dag.py
[2024-11-13T19:31:04.611+0000] {processor.py:914} INFO - Processing file /home/airflow/.local/lib/python3.12/site-packages/airflow/example_dags/example_sla_dag.py for tasks to queue
[2024-11-13T19:31:04.613+0000] {logging_mixin.py:190} INFO - [2024-11-13T19:31:04.613+0000] {dagbag.py:588} INFO - Filling up the DagBag from /home/airflow/.local/lib/python3.12/site-packages/airflow/example_dags/example_sla_dag.py
[2024-11-13T19:31:04.622+0000] {processor.py:925} INFO - DAG(s) 'example_sla_dag' retrieved from /home/airflow/.local/lib/python3.12/site-packages/airflow/example_dags/example_sla_dag.py
[2024-11-13T19:31:04.639+0000] {logging_mixin.py:190} INFO - [2024-11-13T19:31:04.639+0000] {dag.py:3239} INFO - Sync 1 DAGs
[2024-11-13T19:31:04.658+0000] {logging_mixin.py:190} INFO - [2024-11-13T19:31:04.658+0000] {dag.py:4180} INFO - Setting next_dagrun for example_sla_dag to 2024-11-13 19:28:00+00:00, run_after=2024-11-13 19:30:00+00:00
[2024-11-13T19:31:04.673+0000] {processor.py:208} INFO - Processing /home/airflow/.local/lib/python3.12/site-packages/airflow/example_dags/example_sla_dag.py took 0.067 seconds
[2024-11-13T19:31:35.716+0000] {processor.py:186} INFO - Started process (PID=1108) to work on /home/airflow/.local/lib/python3.12/site-packages/airflow/example_dags/example_sla_dag.py
[2024-11-13T19:31:35.717+0000] {processor.py:914} INFO - Processing file /home/airflow/.local/lib/python3.12/site-packages/airflow/example_dags/example_sla_dag.py for tasks to queue
[2024-11-13T19:31:35.719+0000] {logging_mixin.py:190} INFO - [2024-11-13T19:31:35.719+0000] {dagbag.py:588} INFO - Filling up the DagBag from /home/airflow/.local/lib/python3.12/site-packages/airflow/example_dags/example_sla_dag.py
[2024-11-13T19:31:35.727+0000] {processor.py:925} INFO - DAG(s) 'example_sla_dag' retrieved from /home/airflow/.local/lib/python3.12/site-packages/airflow/example_dags/example_sla_dag.py
[2024-11-13T19:31:35.743+0000] {logging_mixin.py:190} INFO - [2024-11-13T19:31:35.743+0000] {dag.py:3239} INFO - Sync 1 DAGs
[2024-11-13T19:31:35.761+0000] {logging_mixin.py:190} INFO - [2024-11-13T19:31:35.761+0000] {dag.py:4180} INFO - Setting next_dagrun for example_sla_dag to 2024-11-13 19:28:00+00:00, run_after=2024-11-13 19:30:00+00:00
[2024-11-13T19:31:35.775+0000] {processor.py:208} INFO - Processing /home/airflow/.local/lib/python3.12/site-packages/airflow/example_dags/example_sla_dag.py took 0.064 seconds
[2024-11-13T19:32:06.232+0000] {processor.py:186} INFO - Started process (PID=1171) to work on /home/airflow/.local/lib/python3.12/site-packages/airflow/example_dags/example_sla_dag.py
[2024-11-13T19:32:06.233+0000] {processor.py:914} INFO - Processing file /home/airflow/.local/lib/python3.12/site-packages/airflow/example_dags/example_sla_dag.py for tasks to queue
[2024-11-13T19:32:06.234+0000] {logging_mixin.py:190} INFO - [2024-11-13T19:32:06.234+0000] {dagbag.py:588} INFO - Filling up the DagBag from /home/airflow/.local/lib/python3.12/site-packages/airflow/example_dags/example_sla_dag.py
[2024-11-13T19:32:06.241+0000] {processor.py:925} INFO - DAG(s) 'example_sla_dag' retrieved from /home/airflow/.local/lib/python3.12/site-packages/airflow/example_dags/example_sla_dag.py
[2024-11-13T19:32:06.255+0000] {logging_mixin.py:190} INFO - [2024-11-13T19:32:06.255+0000] {dag.py:3239} INFO - Sync 1 DAGs
[2024-11-13T19:32:06.272+0000] {logging_mixin.py:190} INFO - [2024-11-13T19:32:06.271+0000] {dag.py:4180} INFO - Setting next_dagrun for example_sla_dag to 2024-11-13 19:30:00+00:00, run_after=2024-11-13 19:32:00+00:00
[2024-11-13T19:32:06.285+0000] {processor.py:208} INFO - Processing /home/airflow/.local/lib/python3.12/site-packages/airflow/example_dags/example_sla_dag.py took 0.057 seconds
[2024-11-13T19:32:36.808+0000] {processor.py:186} INFO - Started process (PID=1234) to work on /home/airflow/.local/lib/python3.12/site-packages/airflow/example_dags/example_sla_dag.py
[2024-11-13T19:32:36.809+0000] {processor.py:914} INFO - Processing file /home/airflow/.local/lib/python3.12/site-packages/airflow/example_dags/example_sla_dag.py for tasks to queue
[2024-11-13T19:32:36.811+0000] {logging_mixin.py:190} INFO - [2024-11-13T19:32:36.810+0000] {dagbag.py:588} INFO - Filling up the DagBag from /home/airflow/.local/lib/python3.12/site-packages/airflow/example_dags/example_sla_dag.py
[2024-11-13T19:32:36.818+0000] {processor.py:925} INFO - DAG(s) 'example_sla_dag' retrieved from /home/airflow/.local/lib/python3.12/site-packages/airflow/example_dags/example_sla_dag.py
[2024-11-13T19:32:36.833+0000] {logging_mixin.py:190} INFO - [2024-11-13T19:32:36.833+0000] {dag.py:3239} INFO - Sync 1 DAGs
[2024-11-13T19:32:36.851+0000] {logging_mixin.py:190} INFO - [2024-11-13T19:32:36.851+0000] {dag.py:4180} INFO - Setting next_dagrun for example_sla_dag to 2024-11-13 19:30:00+00:00, run_after=2024-11-13 19:32:00+00:00
[2024-11-13T19:32:36.863+0000] {processor.py:208} INFO - Processing /home/airflow/.local/lib/python3.12/site-packages/airflow/example_dags/example_sla_dag.py took 0.059 seconds
[2024-11-13T19:33:07.957+0000] {processor.py:186} INFO - Started process (PID=1298) to work on /home/airflow/.local/lib/python3.12/site-packages/airflow/example_dags/example_sla_dag.py
[2024-11-13T19:33:07.958+0000] {processor.py:914} INFO - Processing file /home/airflow/.local/lib/python3.12/site-packages/airflow/example_dags/example_sla_dag.py for tasks to queue
[2024-11-13T19:33:07.959+0000] {logging_mixin.py:190} INFO - [2024-11-13T19:33:07.959+0000] {dagbag.py:588} INFO - Filling up the DagBag from /home/airflow/.local/lib/python3.12/site-packages/airflow/example_dags/example_sla_dag.py
[2024-11-13T19:33:07.966+0000] {processor.py:925} INFO - DAG(s) 'example_sla_dag' retrieved from /home/airflow/.local/lib/python3.12/site-packages/airflow/example_dags/example_sla_dag.py
[2024-11-13T19:33:07.981+0000] {logging_mixin.py:190} INFO - [2024-11-13T19:33:07.980+0000] {dag.py:3239} INFO - Sync 1 DAGs
[2024-11-13T19:33:07.998+0000] {logging_mixin.py:190} INFO - [2024-11-13T19:33:07.998+0000] {dag.py:4180} INFO - Setting next_dagrun for example_sla_dag to 2024-11-13 19:30:00+00:00, run_after=2024-11-13 19:32:00+00:00
[2024-11-13T19:33:08.012+0000] {processor.py:208} INFO - Processing /home/airflow/.local/lib/python3.12/site-packages/airflow/example_dags/example_sla_dag.py took 0.059 seconds
[2024-11-13T19:33:38.572+0000] {processor.py:186} INFO - Started process (PID=1361) to work on /home/airflow/.local/lib/python3.12/site-packages/airflow/example_dags/example_sla_dag.py
[2024-11-13T19:33:38.573+0000] {processor.py:914} INFO - Processing file /home/airflow/.local/lib/python3.12/site-packages/airflow/example_dags/example_sla_dag.py for tasks to queue
[2024-11-13T19:33:38.575+0000] {logging_mixin.py:190} INFO - [2024-11-13T19:33:38.574+0000] {dagbag.py:588} INFO - Filling up the DagBag from /home/airflow/.local/lib/python3.12/site-packages/airflow/example_dags/example_sla_dag.py
[2024-11-13T19:33:38.582+0000] {processor.py:925} INFO - DAG(s) 'example_sla_dag' retrieved from /home/airflow/.local/lib/python3.12/site-packages/airflow/example_dags/example_sla_dag.py
[2024-11-13T19:33:38.596+0000] {logging_mixin.py:190} INFO - [2024-11-13T19:33:38.596+0000] {dag.py:3239} INFO - Sync 1 DAGs
[2024-11-13T19:33:38.613+0000] {logging_mixin.py:190} INFO - [2024-11-13T19:33:38.613+0000] {dag.py:4180} INFO - Setting next_dagrun for example_sla_dag to 2024-11-13 19:30:00+00:00, run_after=2024-11-13 19:32:00+00:00
[2024-11-13T19:33:38.624+0000] {processor.py:208} INFO - Processing /home/airflow/.local/lib/python3.12/site-packages/airflow/example_dags/example_sla_dag.py took 0.055 seconds
[2024-11-13T19:34:09.677+0000] {processor.py:186} INFO - Started process (PID=1424) to work on /home/airflow/.local/lib/python3.12/site-packages/airflow/example_dags/example_sla_dag.py
[2024-11-13T19:34:09.678+0000] {processor.py:914} INFO - Processing file /home/airflow/.local/lib/python3.12/site-packages/airflow/example_dags/example_sla_dag.py for tasks to queue
[2024-11-13T19:34:09.679+0000] {logging_mixin.py:190} INFO - [2024-11-13T19:34:09.679+0000] {dagbag.py:588} INFO - Filling up the DagBag from /home/airflow/.local/lib/python3.12/site-packages/airflow/example_dags/example_sla_dag.py
[2024-11-13T19:34:09.687+0000] {processor.py:925} INFO - DAG(s) 'example_sla_dag' retrieved from /home/airflow/.local/lib/python3.12/site-packages/airflow/example_dags/example_sla_dag.py
[2024-11-13T19:34:09.700+0000] {logging_mixin.py:190} INFO - [2024-11-13T19:34:09.700+0000] {dag.py:3239} INFO - Sync 1 DAGs
[2024-11-13T19:34:09.716+0000] {logging_mixin.py:190} INFO - [2024-11-13T19:34:09.716+0000] {dag.py:4180} INFO - Setting next_dagrun for example_sla_dag to 2024-11-13 19:32:00+00:00, run_after=2024-11-13 19:34:00+00:00
[2024-11-13T19:34:09.728+0000] {processor.py:208} INFO - Processing /home/airflow/.local/lib/python3.12/site-packages/airflow/example_dags/example_sla_dag.py took 0.055 seconds
[2024-11-13T19:34:41.212+0000] {processor.py:186} INFO - Started process (PID=1487) to work on /home/airflow/.local/lib/python3.12/site-packages/airflow/example_dags/example_sla_dag.py
[2024-11-13T19:34:41.213+0000] {processor.py:914} INFO - Processing file /home/airflow/.local/lib/python3.12/site-packages/airflow/example_dags/example_sla_dag.py for tasks to queue
[2024-11-13T19:34:41.215+0000] {logging_mixin.py:190} INFO - [2024-11-13T19:34:41.214+0000] {dagbag.py:588} INFO - Filling up the DagBag from /home/airflow/.local/lib/python3.12/site-packages/airflow/example_dags/example_sla_dag.py
[2024-11-13T19:34:41.223+0000] {processor.py:925} INFO - DAG(s) 'example_sla_dag' retrieved from /home/airflow/.local/lib/python3.12/site-packages/airflow/example_dags/example_sla_dag.py
[2024-11-13T19:34:41.238+0000] {logging_mixin.py:190} INFO - [2024-11-13T19:34:41.238+0000] {dag.py:3239} INFO - Sync 1 DAGs
[2024-11-13T19:34:41.255+0000] {logging_mixin.py:190} INFO - [2024-11-13T19:34:41.255+0000] {dag.py:4180} INFO - Setting next_dagrun for example_sla_dag to 2024-11-13 19:32:00+00:00, run_after=2024-11-13 19:34:00+00:00
[2024-11-13T19:34:41.267+0000] {processor.py:208} INFO - Processing /home/airflow/.local/lib/python3.12/site-packages/airflow/example_dags/example_sla_dag.py took 0.060 seconds
[2024-11-13T19:35:12.413+0000] {processor.py:186} INFO - Started process (PID=1550) to work on /home/airflow/.local/lib/python3.12/site-packages/airflow/example_dags/example_sla_dag.py
[2024-11-13T19:35:12.414+0000] {processor.py:914} INFO - Processing file /home/airflow/.local/lib/python3.12/site-packages/airflow/example_dags/example_sla_dag.py for tasks to queue
[2024-11-13T19:35:12.415+0000] {logging_mixin.py:190} INFO - [2024-11-13T19:35:12.415+0000] {dagbag.py:588} INFO - Filling up the DagBag from /home/airflow/.local/lib/python3.12/site-packages/airflow/example_dags/example_sla_dag.py
[2024-11-13T19:35:12.423+0000] {processor.py:925} INFO - DAG(s) 'example_sla_dag' retrieved from /home/airflow/.local/lib/python3.12/site-packages/airflow/example_dags/example_sla_dag.py
[2024-11-13T19:35:12.437+0000] {logging_mixin.py:190} INFO - [2024-11-13T19:35:12.436+0000] {dag.py:3239} INFO - Sync 1 DAGs
[2024-11-13T19:35:12.454+0000] {logging_mixin.py:190} INFO - [2024-11-13T19:35:12.454+0000] {dag.py:4180} INFO - Setting next_dagrun for example_sla_dag to 2024-11-13 19:32:00+00:00, run_after=2024-11-13 19:34:00+00:00
[2024-11-13T19:35:12.466+0000] {processor.py:208} INFO - Processing /home/airflow/.local/lib/python3.12/site-packages/airflow/example_dags/example_sla_dag.py took 0.056 seconds
[2024-11-13T19:35:42.970+0000] {processor.py:186} INFO - Started process (PID=1613) to work on /home/airflow/.local/lib/python3.12/site-packages/airflow/example_dags/example_sla_dag.py
[2024-11-13T19:35:42.971+0000] {processor.py:914} INFO - Processing file /home/airflow/.local/lib/python3.12/site-packages/airflow/example_dags/example_sla_dag.py for tasks to queue
[2024-11-13T19:35:42.973+0000] {logging_mixin.py:190} INFO - [2024-11-13T19:35:42.972+0000] {dagbag.py:588} INFO - Filling up the DagBag from /home/airflow/.local/lib/python3.12/site-packages/airflow/example_dags/example_sla_dag.py
[2024-11-13T19:35:42.980+0000] {processor.py:925} INFO - DAG(s) 'example_sla_dag' retrieved from /home/airflow/.local/lib/python3.12/site-packages/airflow/example_dags/example_sla_dag.py
[2024-11-13T19:35:42.995+0000] {logging_mixin.py:190} INFO - [2024-11-13T19:35:42.995+0000] {dag.py:3239} INFO - Sync 1 DAGs
[2024-11-13T19:35:43.013+0000] {logging_mixin.py:190} INFO - [2024-11-13T19:35:43.013+0000] {dag.py:4180} INFO - Setting next_dagrun for example_sla_dag to 2024-11-13 19:32:00+00:00, run_after=2024-11-13 19:34:00+00:00
[2024-11-13T19:35:43.027+0000] {processor.py:208} INFO - Processing /home/airflow/.local/lib/python3.12/site-packages/airflow/example_dags/example_sla_dag.py took 0.061 seconds
[2024-11-13T19:36:14.214+0000] {processor.py:186} INFO - Started process (PID=1676) to work on /home/airflow/.local/lib/python3.12/site-packages/airflow/example_dags/example_sla_dag.py
[2024-11-13T19:36:14.215+0000] {processor.py:914} INFO - Processing file /home/airflow/.local/lib/python3.12/site-packages/airflow/example_dags/example_sla_dag.py for tasks to queue
[2024-11-13T19:36:14.217+0000] {logging_mixin.py:190} INFO - [2024-11-13T19:36:14.216+0000] {dagbag.py:588} INFO - Filling up the DagBag from /home/airflow/.local/lib/python3.12/site-packages/airflow/example_dags/example_sla_dag.py
[2024-11-13T19:36:14.224+0000] {processor.py:925} INFO - DAG(s) 'example_sla_dag' retrieved from /home/airflow/.local/lib/python3.12/site-packages/airflow/example_dags/example_sla_dag.py
[2024-11-13T19:36:14.238+0000] {logging_mixin.py:190} INFO - [2024-11-13T19:36:14.237+0000] {dag.py:3239} INFO - Sync 1 DAGs
[2024-11-13T19:36:14.254+0000] {logging_mixin.py:190} INFO - [2024-11-13T19:36:14.253+0000] {dag.py:4180} INFO - Setting next_dagrun for example_sla_dag to 2024-11-13 19:34:00+00:00, run_after=2024-11-13 19:36:00+00:00
[2024-11-13T19:36:14.267+0000] {processor.py:208} INFO - Processing /home/airflow/.local/lib/python3.12/site-packages/airflow/example_dags/example_sla_dag.py took 0.056 seconds
[2024-11-13T19:36:45.677+0000] {processor.py:186} INFO - Started process (PID=1739) to work on /home/airflow/.local/lib/python3.12/site-packages/airflow/example_dags/example_sla_dag.py
[2024-11-13T19:36:45.678+0000] {processor.py:914} INFO - Processing file /home/airflow/.local/lib/python3.12/site-packages/airflow/example_dags/example_sla_dag.py for tasks to queue
[2024-11-13T19:36:45.679+0000] {logging_mixin.py:190} INFO - [2024-11-13T19:36:45.679+0000] {dagbag.py:588} INFO - Filling up the DagBag from /home/airflow/.local/lib/python3.12/site-packages/airflow/example_dags/example_sla_dag.py
[2024-11-13T19:36:45.686+0000] {processor.py:925} INFO - DAG(s) 'example_sla_dag' retrieved from /home/airflow/.local/lib/python3.12/site-packages/airflow/example_dags/example_sla_dag.py
[2024-11-13T19:36:45.701+0000] {logging_mixin.py:190} INFO - [2024-11-13T19:36:45.701+0000] {dag.py:3239} INFO - Sync 1 DAGs
[2024-11-13T19:36:45.718+0000] {logging_mixin.py:190} INFO - [2024-11-13T19:36:45.718+0000] {dag.py:4180} INFO - Setting next_dagrun for example_sla_dag to 2024-11-13 19:34:00+00:00, run_after=2024-11-13 19:36:00+00:00
[2024-11-13T19:36:45.731+0000] {processor.py:208} INFO - Processing /home/airflow/.local/lib/python3.12/site-packages/airflow/example_dags/example_sla_dag.py took 0.059 seconds
[2024-11-13T19:37:16.852+0000] {processor.py:186} INFO - Started process (PID=1802) to work on /home/airflow/.local/lib/python3.12/site-packages/airflow/example_dags/example_sla_dag.py
[2024-11-13T19:37:16.853+0000] {processor.py:914} INFO - Processing file /home/airflow/.local/lib/python3.12/site-packages/airflow/example_dags/example_sla_dag.py for tasks to queue
[2024-11-13T19:37:16.854+0000] {logging_mixin.py:190} INFO - [2024-11-13T19:37:16.854+0000] {dagbag.py:588} INFO - Filling up the DagBag from /home/airflow/.local/lib/python3.12/site-packages/airflow/example_dags/example_sla_dag.py
[2024-11-13T19:37:16.861+0000] {processor.py:925} INFO - DAG(s) 'example_sla_dag' retrieved from /home/airflow/.local/lib/python3.12/site-packages/airflow/example_dags/example_sla_dag.py
[2024-11-13T19:37:16.876+0000] {logging_mixin.py:190} INFO - [2024-11-13T19:37:16.876+0000] {dag.py:3239} INFO - Sync 1 DAGs
[2024-11-13T19:37:16.892+0000] {logging_mixin.py:190} INFO - [2024-11-13T19:37:16.891+0000] {dag.py:4180} INFO - Setting next_dagrun for example_sla_dag to 2024-11-13 19:34:00+00:00, run_after=2024-11-13 19:36:00+00:00
[2024-11-13T19:37:16.905+0000] {processor.py:208} INFO - Processing /home/airflow/.local/lib/python3.12/site-packages/airflow/example_dags/example_sla_dag.py took 0.057 seconds
[2024-11-13T19:37:48.006+0000] {processor.py:186} INFO - Started process (PID=1865) to work on /home/airflow/.local/lib/python3.12/site-packages/airflow/example_dags/example_sla_dag.py
[2024-11-13T19:37:48.006+0000] {processor.py:914} INFO - Processing file /home/airflow/.local/lib/python3.12/site-packages/airflow/example_dags/example_sla_dag.py for tasks to queue
[2024-11-13T19:37:48.008+0000] {logging_mixin.py:190} INFO - [2024-11-13T19:37:48.008+0000] {dagbag.py:588} INFO - Filling up the DagBag from /home/airflow/.local/lib/python3.12/site-packages/airflow/example_dags/example_sla_dag.py
[2024-11-13T19:37:48.016+0000] {processor.py:925} INFO - DAG(s) 'example_sla_dag' retrieved from /home/airflow/.local/lib/python3.12/site-packages/airflow/example_dags/example_sla_dag.py
[2024-11-13T19:37:48.033+0000] {logging_mixin.py:190} INFO - [2024-11-13T19:37:48.032+0000] {dag.py:3239} INFO - Sync 1 DAGs
[2024-11-13T19:37:48.052+0000] {logging_mixin.py:190} INFO - [2024-11-13T19:37:48.052+0000] {dag.py:4180} INFO - Setting next_dagrun for example_sla_dag to 2024-11-13 19:34:00+00:00, run_after=2024-11-13 19:36:00+00:00
[2024-11-13T19:37:48.065+0000] {processor.py:208} INFO - Processing /home/airflow/.local/lib/python3.12/site-packages/airflow/example_dags/example_sla_dag.py took 0.064 seconds
[2024-11-13T19:38:19.254+0000] {processor.py:186} INFO - Started process (PID=1928) to work on /home/airflow/.local/lib/python3.12/site-packages/airflow/example_dags/example_sla_dag.py
[2024-11-13T19:38:19.254+0000] {processor.py:914} INFO - Processing file /home/airflow/.local/lib/python3.12/site-packages/airflow/example_dags/example_sla_dag.py for tasks to queue
[2024-11-13T19:38:19.256+0000] {logging_mixin.py:190} INFO - [2024-11-13T19:38:19.256+0000] {dagbag.py:588} INFO - Filling up the DagBag from /home/airflow/.local/lib/python3.12/site-packages/airflow/example_dags/example_sla_dag.py
[2024-11-13T19:38:19.263+0000] {processor.py:925} INFO - DAG(s) 'example_sla_dag' retrieved from /home/airflow/.local/lib/python3.12/site-packages/airflow/example_dags/example_sla_dag.py
[2024-11-13T19:38:19.277+0000] {logging_mixin.py:190} INFO - [2024-11-13T19:38:19.277+0000] {dag.py:3239} INFO - Sync 1 DAGs
[2024-11-13T19:38:19.294+0000] {logging_mixin.py:190} INFO - [2024-11-13T19:38:19.294+0000] {dag.py:4180} INFO - Setting next_dagrun for example_sla_dag to 2024-11-13 19:36:00+00:00, run_after=2024-11-13 19:38:00+00:00
[2024-11-13T19:38:19.308+0000] {processor.py:208} INFO - Processing /home/airflow/.local/lib/python3.12/site-packages/airflow/example_dags/example_sla_dag.py took 0.058 seconds
[2024-11-13T19:38:50.417+0000] {processor.py:186} INFO - Started process (PID=1997) to work on /home/airflow/.local/lib/python3.12/site-packages/airflow/example_dags/example_sla_dag.py
[2024-11-13T19:38:50.418+0000] {processor.py:914} INFO - Processing file /home/airflow/.local/lib/python3.12/site-packages/airflow/example_dags/example_sla_dag.py for tasks to queue
[2024-11-13T19:38:50.419+0000] {logging_mixin.py:190} INFO - [2024-11-13T19:38:50.419+0000] {dagbag.py:588} INFO - Filling up the DagBag from /home/airflow/.local/lib/python3.12/site-packages/airflow/example_dags/example_sla_dag.py
[2024-11-13T19:38:50.426+0000] {processor.py:925} INFO - DAG(s) 'example_sla_dag' retrieved from /home/airflow/.local/lib/python3.12/site-packages/airflow/example_dags/example_sla_dag.py
[2024-11-13T19:38:50.441+0000] {logging_mixin.py:190} INFO - [2024-11-13T19:38:50.441+0000] {dag.py:3239} INFO - Sync 1 DAGs
[2024-11-13T19:38:50.459+0000] {logging_mixin.py:190} INFO - [2024-11-13T19:38:50.459+0000] {dag.py:4180} INFO - Setting next_dagrun for example_sla_dag to 2024-11-13 19:36:00+00:00, run_after=2024-11-13 19:38:00+00:00
[2024-11-13T19:38:50.472+0000] {processor.py:208} INFO - Processing /home/airflow/.local/lib/python3.12/site-packages/airflow/example_dags/example_sla_dag.py took 0.059 seconds
[2024-11-13T19:39:21.677+0000] {processor.py:186} INFO - Started process (PID=2060) to work on /home/airflow/.local/lib/python3.12/site-packages/airflow/example_dags/example_sla_dag.py
[2024-11-13T19:39:21.679+0000] {processor.py:914} INFO - Processing file /home/airflow/.local/lib/python3.12/site-packages/airflow/example_dags/example_sla_dag.py for tasks to queue
[2024-11-13T19:39:21.682+0000] {logging_mixin.py:190} INFO - [2024-11-13T19:39:21.682+0000] {dagbag.py:588} INFO - Filling up the DagBag from /home/airflow/.local/lib/python3.12/site-packages/airflow/example_dags/example_sla_dag.py
[2024-11-13T19:39:21.694+0000] {processor.py:925} INFO - DAG(s) 'example_sla_dag' retrieved from /home/airflow/.local/lib/python3.12/site-packages/airflow/example_dags/example_sla_dag.py
[2024-11-13T19:39:21.712+0000] {logging_mixin.py:190} INFO - [2024-11-13T19:39:21.712+0000] {dag.py:3239} INFO - Sync 1 DAGs
[2024-11-13T19:39:21.734+0000] {logging_mixin.py:190} INFO - [2024-11-13T19:39:21.734+0000] {dag.py:4180} INFO - Setting next_dagrun for example_sla_dag to 2024-11-13 19:36:00+00:00, run_after=2024-11-13 19:38:00+00:00
[2024-11-13T19:39:21.751+0000] {processor.py:208} INFO - Processing /home/airflow/.local/lib/python3.12/site-packages/airflow/example_dags/example_sla_dag.py took 0.081 seconds
[2024-11-13T19:39:53.010+0000] {processor.py:186} INFO - Started process (PID=2123) to work on /home/airflow/.local/lib/python3.12/site-packages/airflow/example_dags/example_sla_dag.py
[2024-11-13T19:39:53.011+0000] {processor.py:914} INFO - Processing file /home/airflow/.local/lib/python3.12/site-packages/airflow/example_dags/example_sla_dag.py for tasks to queue
[2024-11-13T19:39:53.013+0000] {logging_mixin.py:190} INFO - [2024-11-13T19:39:53.013+0000] {dagbag.py:588} INFO - Filling up the DagBag from /home/airflow/.local/lib/python3.12/site-packages/airflow/example_dags/example_sla_dag.py
[2024-11-13T19:39:53.020+0000] {processor.py:925} INFO - DAG(s) 'example_sla_dag' retrieved from /home/airflow/.local/lib/python3.12/site-packages/airflow/example_dags/example_sla_dag.py
[2024-11-13T19:39:53.036+0000] {logging_mixin.py:190} INFO - [2024-11-13T19:39:53.035+0000] {dag.py:3239} INFO - Sync 1 DAGs
[2024-11-13T19:39:53.053+0000] {logging_mixin.py:190} INFO - [2024-11-13T19:39:53.053+0000] {dag.py:4180} INFO - Setting next_dagrun for example_sla_dag to 2024-11-13 19:36:00+00:00, run_after=2024-11-13 19:38:00+00:00
[2024-11-13T19:39:53.067+0000] {processor.py:208} INFO - Processing /home/airflow/.local/lib/python3.12/site-packages/airflow/example_dags/example_sla_dag.py took 0.061 seconds
[2024-11-13T19:40:23.902+0000] {processor.py:186} INFO - Started process (PID=2186) to work on /home/airflow/.local/lib/python3.12/site-packages/airflow/example_dags/example_sla_dag.py
[2024-11-13T19:40:23.904+0000] {processor.py:914} INFO - Processing file /home/airflow/.local/lib/python3.12/site-packages/airflow/example_dags/example_sla_dag.py for tasks to queue
[2024-11-13T19:40:23.906+0000] {logging_mixin.py:190} INFO - [2024-11-13T19:40:23.905+0000] {dagbag.py:588} INFO - Filling up the DagBag from /home/airflow/.local/lib/python3.12/site-packages/airflow/example_dags/example_sla_dag.py
[2024-11-13T19:40:23.914+0000] {processor.py:925} INFO - DAG(s) 'example_sla_dag' retrieved from /home/airflow/.local/lib/python3.12/site-packages/airflow/example_dags/example_sla_dag.py
[2024-11-13T19:40:23.930+0000] {logging_mixin.py:190} INFO - [2024-11-13T19:40:23.930+0000] {dag.py:3239} INFO - Sync 1 DAGs
[2024-11-13T19:40:23.949+0000] {logging_mixin.py:190} INFO - [2024-11-13T19:40:23.949+0000] {dag.py:4180} INFO - Setting next_dagrun for example_sla_dag to 2024-11-13 19:38:00+00:00, run_after=2024-11-13 19:40:00+00:00
[2024-11-13T19:40:23.964+0000] {processor.py:208} INFO - Processing /home/airflow/.local/lib/python3.12/site-packages/airflow/example_dags/example_sla_dag.py took 0.066 seconds
[2024-11-13T19:40:54.703+0000] {processor.py:186} INFO - Started process (PID=2249) to work on /home/airflow/.local/lib/python3.12/site-packages/airflow/example_dags/example_sla_dag.py
[2024-11-13T19:40:54.704+0000] {processor.py:914} INFO - Processing file /home/airflow/.local/lib/python3.12/site-packages/airflow/example_dags/example_sla_dag.py for tasks to queue
[2024-11-13T19:40:54.705+0000] {logging_mixin.py:190} INFO - [2024-11-13T19:40:54.705+0000] {dagbag.py:588} INFO - Filling up the DagBag from /home/airflow/.local/lib/python3.12/site-packages/airflow/example_dags/example_sla_dag.py
[2024-11-13T19:40:54.714+0000] {processor.py:925} INFO - DAG(s) 'example_sla_dag' retrieved from /home/airflow/.local/lib/python3.12/site-packages/airflow/example_dags/example_sla_dag.py
[2024-11-13T19:40:54.729+0000] {logging_mixin.py:190} INFO - [2024-11-13T19:40:54.729+0000] {dag.py:3239} INFO - Sync 1 DAGs
[2024-11-13T19:40:54.747+0000] {logging_mixin.py:190} INFO - [2024-11-13T19:40:54.747+0000] {dag.py:4180} INFO - Setting next_dagrun for example_sla_dag to 2024-11-13 19:38:00+00:00, run_after=2024-11-13 19:40:00+00:00
[2024-11-13T19:40:54.762+0000] {processor.py:208} INFO - Processing /home/airflow/.local/lib/python3.12/site-packages/airflow/example_dags/example_sla_dag.py took 0.063 seconds
[2024-11-13T19:41:25.264+0000] {processor.py:186} INFO - Started process (PID=2312) to work on /home/airflow/.local/lib/python3.12/site-packages/airflow/example_dags/example_sla_dag.py
[2024-11-13T19:41:25.265+0000] {processor.py:914} INFO - Processing file /home/airflow/.local/lib/python3.12/site-packages/airflow/example_dags/example_sla_dag.py for tasks to queue
[2024-11-13T19:41:25.266+0000] {logging_mixin.py:190} INFO - [2024-11-13T19:41:25.266+0000] {dagbag.py:588} INFO - Filling up the DagBag from /home/airflow/.local/lib/python3.12/site-packages/airflow/example_dags/example_sla_dag.py
[2024-11-13T19:41:25.274+0000] {processor.py:925} INFO - DAG(s) 'example_sla_dag' retrieved from /home/airflow/.local/lib/python3.12/site-packages/airflow/example_dags/example_sla_dag.py
[2024-11-13T19:41:25.288+0000] {logging_mixin.py:190} INFO - [2024-11-13T19:41:25.288+0000] {dag.py:3239} INFO - Sync 1 DAGs
[2024-11-13T19:41:25.306+0000] {logging_mixin.py:190} INFO - [2024-11-13T19:41:25.306+0000] {dag.py:4180} INFO - Setting next_dagrun for example_sla_dag to 2024-11-13 19:38:00+00:00, run_after=2024-11-13 19:40:00+00:00
[2024-11-13T19:41:25.322+0000] {processor.py:208} INFO - Processing /home/airflow/.local/lib/python3.12/site-packages/airflow/example_dags/example_sla_dag.py took 0.063 seconds
[2024-11-13T19:41:56.452+0000] {processor.py:186} INFO - Started process (PID=2375) to work on /home/airflow/.local/lib/python3.12/site-packages/airflow/example_dags/example_sla_dag.py
[2024-11-13T19:41:56.453+0000] {processor.py:914} INFO - Processing file /home/airflow/.local/lib/python3.12/site-packages/airflow/example_dags/example_sla_dag.py for tasks to queue
[2024-11-13T19:41:56.455+0000] {logging_mixin.py:190} INFO - [2024-11-13T19:41:56.455+0000] {dagbag.py:588} INFO - Filling up the DagBag from /home/airflow/.local/lib/python3.12/site-packages/airflow/example_dags/example_sla_dag.py
[2024-11-13T19:41:56.462+0000] {processor.py:925} INFO - DAG(s) 'example_sla_dag' retrieved from /home/airflow/.local/lib/python3.12/site-packages/airflow/example_dags/example_sla_dag.py
[2024-11-13T19:41:56.478+0000] {logging_mixin.py:190} INFO - [2024-11-13T19:41:56.478+0000] {dag.py:3239} INFO - Sync 1 DAGs
[2024-11-13T19:41:56.496+0000] {logging_mixin.py:190} INFO - [2024-11-13T19:41:56.496+0000] {dag.py:4180} INFO - Setting next_dagrun for example_sla_dag to 2024-11-13 19:38:00+00:00, run_after=2024-11-13 19:40:00+00:00
[2024-11-13T19:41:56.510+0000] {processor.py:208} INFO - Processing /home/airflow/.local/lib/python3.12/site-packages/airflow/example_dags/example_sla_dag.py took 0.062 seconds
[2024-11-13T19:42:28.331+0000] {processor.py:186} INFO - Started process (PID=2443) to work on /home/airflow/.local/lib/python3.12/site-packages/airflow/example_dags/example_sla_dag.py
[2024-11-13T19:42:28.332+0000] {processor.py:914} INFO - Processing file /home/airflow/.local/lib/python3.12/site-packages/airflow/example_dags/example_sla_dag.py for tasks to queue
[2024-11-13T19:42:28.334+0000] {logging_mixin.py:190} INFO - [2024-11-13T19:42:28.333+0000] {dagbag.py:588} INFO - Filling up the DagBag from /home/airflow/.local/lib/python3.12/site-packages/airflow/example_dags/example_sla_dag.py
[2024-11-13T19:42:28.341+0000] {processor.py:925} INFO - DAG(s) 'example_sla_dag' retrieved from /home/airflow/.local/lib/python3.12/site-packages/airflow/example_dags/example_sla_dag.py
[2024-11-13T19:42:28.355+0000] {logging_mixin.py:190} INFO - [2024-11-13T19:42:28.355+0000] {dag.py:3239} INFO - Sync 1 DAGs
[2024-11-13T19:42:28.373+0000] {logging_mixin.py:190} INFO - [2024-11-13T19:42:28.373+0000] {dag.py:4180} INFO - Setting next_dagrun for example_sla_dag to 2024-11-13 19:40:00+00:00, run_after=2024-11-13 19:42:00+00:00
[2024-11-13T19:42:28.387+0000] {processor.py:208} INFO - Processing /home/airflow/.local/lib/python3.12/site-packages/airflow/example_dags/example_sla_dag.py took 0.061 seconds
[2024-11-13T19:42:58.757+0000] {processor.py:186} INFO - Started process (PID=2507) to work on /home/airflow/.local/lib/python3.12/site-packages/airflow/example_dags/example_sla_dag.py
[2024-11-13T19:42:58.757+0000] {processor.py:914} INFO - Processing file /home/airflow/.local/lib/python3.12/site-packages/airflow/example_dags/example_sla_dag.py for tasks to queue
[2024-11-13T19:42:58.759+0000] {logging_mixin.py:190} INFO - [2024-11-13T19:42:58.759+0000] {dagbag.py:588} INFO - Filling up the DagBag from /home/airflow/.local/lib/python3.12/site-packages/airflow/example_dags/example_sla_dag.py
[2024-11-13T19:42:58.767+0000] {processor.py:925} INFO - DAG(s) 'example_sla_dag' retrieved from /home/airflow/.local/lib/python3.12/site-packages/airflow/example_dags/example_sla_dag.py
[2024-11-13T19:42:58.781+0000] {logging_mixin.py:190} INFO - [2024-11-13T19:42:58.781+0000] {dag.py:3239} INFO - Sync 1 DAGs
[2024-11-13T19:42:58.800+0000] {logging_mixin.py:190} INFO - [2024-11-13T19:42:58.799+0000] {dag.py:4180} INFO - Setting next_dagrun for example_sla_dag to 2024-11-13 19:40:00+00:00, run_after=2024-11-13 19:42:00+00:00
[2024-11-13T19:42:58.813+0000] {processor.py:208} INFO - Processing /home/airflow/.local/lib/python3.12/site-packages/airflow/example_dags/example_sla_dag.py took 0.060 seconds
[2024-11-13T19:43:29.267+0000] {processor.py:186} INFO - Started process (PID=2570) to work on /home/airflow/.local/lib/python3.12/site-packages/airflow/example_dags/example_sla_dag.py
[2024-11-13T19:43:29.268+0000] {processor.py:914} INFO - Processing file /home/airflow/.local/lib/python3.12/site-packages/airflow/example_dags/example_sla_dag.py for tasks to queue
[2024-11-13T19:43:29.269+0000] {logging_mixin.py:190} INFO - [2024-11-13T19:43:29.269+0000] {dagbag.py:588} INFO - Filling up the DagBag from /home/airflow/.local/lib/python3.12/site-packages/airflow/example_dags/example_sla_dag.py
[2024-11-13T19:43:29.278+0000] {processor.py:925} INFO - DAG(s) 'example_sla_dag' retrieved from /home/airflow/.local/lib/python3.12/site-packages/airflow/example_dags/example_sla_dag.py
[2024-11-13T19:43:29.292+0000] {logging_mixin.py:190} INFO - [2024-11-13T19:43:29.292+0000] {dag.py:3239} INFO - Sync 1 DAGs
[2024-11-13T19:43:29.311+0000] {logging_mixin.py:190} INFO - [2024-11-13T19:43:29.311+0000] {dag.py:4180} INFO - Setting next_dagrun for example_sla_dag to 2024-11-13 19:40:00+00:00, run_after=2024-11-13 19:42:00+00:00
[2024-11-13T19:43:29.326+0000] {processor.py:208} INFO - Processing /home/airflow/.local/lib/python3.12/site-packages/airflow/example_dags/example_sla_dag.py took 0.063 seconds
[2024-11-13T19:43:59.651+0000] {processor.py:186} INFO - Started process (PID=2632) to work on /home/airflow/.local/lib/python3.12/site-packages/airflow/example_dags/example_sla_dag.py
[2024-11-13T19:43:59.652+0000] {processor.py:914} INFO - Processing file /home/airflow/.local/lib/python3.12/site-packages/airflow/example_dags/example_sla_dag.py for tasks to queue
[2024-11-13T19:43:59.654+0000] {logging_mixin.py:190} INFO - [2024-11-13T19:43:59.654+0000] {dagbag.py:588} INFO - Filling up the DagBag from /home/airflow/.local/lib/python3.12/site-packages/airflow/example_dags/example_sla_dag.py
[2024-11-13T19:43:59.662+0000] {processor.py:925} INFO - DAG(s) 'example_sla_dag' retrieved from /home/airflow/.local/lib/python3.12/site-packages/airflow/example_dags/example_sla_dag.py
[2024-11-13T19:43:59.676+0000] {logging_mixin.py:190} INFO - [2024-11-13T19:43:59.675+0000] {dag.py:3239} INFO - Sync 1 DAGs
[2024-11-13T19:43:59.694+0000] {logging_mixin.py:190} INFO - [2024-11-13T19:43:59.694+0000] {dag.py:4180} INFO - Setting next_dagrun for example_sla_dag to 2024-11-13 19:40:00+00:00, run_after=2024-11-13 19:42:00+00:00
[2024-11-13T19:43:59.708+0000] {processor.py:208} INFO - Processing /home/airflow/.local/lib/python3.12/site-packages/airflow/example_dags/example_sla_dag.py took 0.061 seconds
[2024-11-13T19:44:30.605+0000] {processor.py:186} INFO - Started process (PID=2703) to work on /home/airflow/.local/lib/python3.12/site-packages/airflow/example_dags/example_sla_dag.py
[2024-11-13T19:44:30.606+0000] {processor.py:914} INFO - Processing file /home/airflow/.local/lib/python3.12/site-packages/airflow/example_dags/example_sla_dag.py for tasks to queue
[2024-11-13T19:44:30.608+0000] {logging_mixin.py:190} INFO - [2024-11-13T19:44:30.608+0000] {dagbag.py:588} INFO - Filling up the DagBag from /home/airflow/.local/lib/python3.12/site-packages/airflow/example_dags/example_sla_dag.py
[2024-11-13T19:44:30.616+0000] {processor.py:925} INFO - DAG(s) 'example_sla_dag' retrieved from /home/airflow/.local/lib/python3.12/site-packages/airflow/example_dags/example_sla_dag.py
[2024-11-13T19:44:30.631+0000] {logging_mixin.py:190} INFO - [2024-11-13T19:44:30.630+0000] {dag.py:3239} INFO - Sync 1 DAGs
[2024-11-13T19:44:30.648+0000] {logging_mixin.py:190} INFO - [2024-11-13T19:44:30.648+0000] {dag.py:4180} INFO - Setting next_dagrun for example_sla_dag to 2024-11-13 19:42:00+00:00, run_after=2024-11-13 19:44:00+00:00
[2024-11-13T19:44:30.663+0000] {processor.py:208} INFO - Processing /home/airflow/.local/lib/python3.12/site-packages/airflow/example_dags/example_sla_dag.py took 0.062 seconds
[2024-11-13T19:45:01.287+0000] {processor.py:186} INFO - Started process (PID=2766) to work on /home/airflow/.local/lib/python3.12/site-packages/airflow/example_dags/example_sla_dag.py
[2024-11-13T19:45:01.288+0000] {processor.py:914} INFO - Processing file /home/airflow/.local/lib/python3.12/site-packages/airflow/example_dags/example_sla_dag.py for tasks to queue
[2024-11-13T19:45:01.290+0000] {logging_mixin.py:190} INFO - [2024-11-13T19:45:01.289+0000] {dagbag.py:588} INFO - Filling up the DagBag from /home/airflow/.local/lib/python3.12/site-packages/airflow/example_dags/example_sla_dag.py
[2024-11-13T19:45:01.298+0000] {processor.py:925} INFO - DAG(s) 'example_sla_dag' retrieved from /home/airflow/.local/lib/python3.12/site-packages/airflow/example_dags/example_sla_dag.py
[2024-11-13T19:45:01.313+0000] {logging_mixin.py:190} INFO - [2024-11-13T19:45:01.313+0000] {dag.py:3239} INFO - Sync 1 DAGs
[2024-11-13T19:45:01.331+0000] {logging_mixin.py:190} INFO - [2024-11-13T19:45:01.330+0000] {dag.py:4180} INFO - Setting next_dagrun for example_sla_dag to 2024-11-13 19:42:00+00:00, run_after=2024-11-13 19:44:00+00:00
[2024-11-13T19:45:01.343+0000] {processor.py:208} INFO - Processing /home/airflow/.local/lib/python3.12/site-packages/airflow/example_dags/example_sla_dag.py took 0.060 seconds
[2024-11-13T19:45:32.195+0000] {processor.py:186} INFO - Started process (PID=2828) to work on /home/airflow/.local/lib/python3.12/site-packages/airflow/example_dags/example_sla_dag.py
[2024-11-13T19:45:32.196+0000] {processor.py:914} INFO - Processing file /home/airflow/.local/lib/python3.12/site-packages/airflow/example_dags/example_sla_dag.py for tasks to queue
[2024-11-13T19:45:32.197+0000] {logging_mixin.py:190} INFO - [2024-11-13T19:45:32.197+0000] {dagbag.py:588} INFO - Filling up the DagBag from /home/airflow/.local/lib/python3.12/site-packages/airflow/example_dags/example_sla_dag.py
[2024-11-13T19:45:32.206+0000] {processor.py:925} INFO - DAG(s) 'example_sla_dag' retrieved from /home/airflow/.local/lib/python3.12/site-packages/airflow/example_dags/example_sla_dag.py
[2024-11-13T19:45:32.223+0000] {logging_mixin.py:190} INFO - [2024-11-13T19:45:32.223+0000] {dag.py:3239} INFO - Sync 1 DAGs
[2024-11-13T19:45:32.242+0000] {logging_mixin.py:190} INFO - [2024-11-13T19:45:32.241+0000] {dag.py:4180} INFO - Setting next_dagrun for example_sla_dag to 2024-11-13 19:42:00+00:00, run_after=2024-11-13 19:44:00+00:00
[2024-11-13T19:45:32.256+0000] {processor.py:208} INFO - Processing /home/airflow/.local/lib/python3.12/site-packages/airflow/example_dags/example_sla_dag.py took 0.065 seconds
[2024-11-13T19:46:02.691+0000] {processor.py:186} INFO - Started process (PID=2895) to work on /home/airflow/.local/lib/python3.12/site-packages/airflow/example_dags/example_sla_dag.py
[2024-11-13T19:46:02.692+0000] {processor.py:914} INFO - Processing file /home/airflow/.local/lib/python3.12/site-packages/airflow/example_dags/example_sla_dag.py for tasks to queue
[2024-11-13T19:46:02.694+0000] {logging_mixin.py:190} INFO - [2024-11-13T19:46:02.693+0000] {dagbag.py:588} INFO - Filling up the DagBag from /home/airflow/.local/lib/python3.12/site-packages/airflow/example_dags/example_sla_dag.py
[2024-11-13T19:46:02.702+0000] {processor.py:925} INFO - DAG(s) 'example_sla_dag' retrieved from /home/airflow/.local/lib/python3.12/site-packages/airflow/example_dags/example_sla_dag.py
[2024-11-13T19:46:02.717+0000] {logging_mixin.py:190} INFO - [2024-11-13T19:46:02.716+0000] {dag.py:3239} INFO - Sync 1 DAGs
[2024-11-13T19:46:02.736+0000] {logging_mixin.py:190} INFO - [2024-11-13T19:46:02.736+0000] {dag.py:4180} INFO - Setting next_dagrun for example_sla_dag to 2024-11-13 19:44:00+00:00, run_after=2024-11-13 19:46:00+00:00
[2024-11-13T19:46:02.752+0000] {processor.py:208} INFO - Processing /home/airflow/.local/lib/python3.12/site-packages/airflow/example_dags/example_sla_dag.py took 0.065 seconds
[2024-11-13T19:46:32.887+0000] {processor.py:186} INFO - Started process (PID=2958) to work on /home/airflow/.local/lib/python3.12/site-packages/airflow/example_dags/example_sla_dag.py
[2024-11-13T19:46:32.888+0000] {processor.py:914} INFO - Processing file /home/airflow/.local/lib/python3.12/site-packages/airflow/example_dags/example_sla_dag.py for tasks to queue
[2024-11-13T19:46:32.890+0000] {logging_mixin.py:190} INFO - [2024-11-13T19:46:32.890+0000] {dagbag.py:588} INFO - Filling up the DagBag from /home/airflow/.local/lib/python3.12/site-packages/airflow/example_dags/example_sla_dag.py
[2024-11-13T19:46:32.898+0000] {processor.py:925} INFO - DAG(s) 'example_sla_dag' retrieved from /home/airflow/.local/lib/python3.12/site-packages/airflow/example_dags/example_sla_dag.py
[2024-11-13T19:46:32.914+0000] {logging_mixin.py:190} INFO - [2024-11-13T19:46:32.913+0000] {dag.py:3239} INFO - Sync 1 DAGs
[2024-11-13T19:46:32.932+0000] {logging_mixin.py:190} INFO - [2024-11-13T19:46:32.931+0000] {dag.py:4180} INFO - Setting next_dagrun for example_sla_dag to 2024-11-13 19:44:00+00:00, run_after=2024-11-13 19:46:00+00:00
[2024-11-13T19:46:32.945+0000] {processor.py:208} INFO - Processing /home/airflow/.local/lib/python3.12/site-packages/airflow/example_dags/example_sla_dag.py took 0.061 seconds
[2024-11-13T19:47:03.947+0000] {processor.py:186} INFO - Started process (PID=3021) to work on /home/airflow/.local/lib/python3.12/site-packages/airflow/example_dags/example_sla_dag.py
[2024-11-13T19:47:03.948+0000] {processor.py:914} INFO - Processing file /home/airflow/.local/lib/python3.12/site-packages/airflow/example_dags/example_sla_dag.py for tasks to queue
[2024-11-13T19:47:03.950+0000] {logging_mixin.py:190} INFO - [2024-11-13T19:47:03.949+0000] {dagbag.py:588} INFO - Filling up the DagBag from /home/airflow/.local/lib/python3.12/site-packages/airflow/example_dags/example_sla_dag.py
[2024-11-13T19:47:03.957+0000] {processor.py:925} INFO - DAG(s) 'example_sla_dag' retrieved from /home/airflow/.local/lib/python3.12/site-packages/airflow/example_dags/example_sla_dag.py
[2024-11-13T19:47:03.976+0000] {logging_mixin.py:190} INFO - [2024-11-13T19:47:03.976+0000] {dag.py:3239} INFO - Sync 1 DAGs
[2024-11-13T19:47:03.996+0000] {logging_mixin.py:190} INFO - [2024-11-13T19:47:03.996+0000] {dag.py:4180} INFO - Setting next_dagrun for example_sla_dag to 2024-11-13 19:44:00+00:00, run_after=2024-11-13 19:46:00+00:00
[2024-11-13T19:47:04.013+0000] {processor.py:208} INFO - Processing /home/airflow/.local/lib/python3.12/site-packages/airflow/example_dags/example_sla_dag.py took 0.071 seconds
[2024-11-13T19:47:35.183+0000] {processor.py:186} INFO - Started process (PID=3084) to work on /home/airflow/.local/lib/python3.12/site-packages/airflow/example_dags/example_sla_dag.py
[2024-11-13T19:47:35.184+0000] {processor.py:914} INFO - Processing file /home/airflow/.local/lib/python3.12/site-packages/airflow/example_dags/example_sla_dag.py for tasks to queue
[2024-11-13T19:47:35.185+0000] {logging_mixin.py:190} INFO - [2024-11-13T19:47:35.185+0000] {dagbag.py:588} INFO - Filling up the DagBag from /home/airflow/.local/lib/python3.12/site-packages/airflow/example_dags/example_sla_dag.py
[2024-11-13T19:47:35.193+0000] {processor.py:925} INFO - DAG(s) 'example_sla_dag' retrieved from /home/airflow/.local/lib/python3.12/site-packages/airflow/example_dags/example_sla_dag.py
[2024-11-13T19:47:35.208+0000] {logging_mixin.py:190} INFO - [2024-11-13T19:47:35.208+0000] {dag.py:3239} INFO - Sync 1 DAGs
[2024-11-13T19:47:35.365+0000] {logging_mixin.py:190} INFO - [2024-11-13T19:47:35.365+0000] {dag.py:4180} INFO - Setting next_dagrun for example_sla_dag to 2024-11-13 19:44:00+00:00, run_after=2024-11-13 19:46:00+00:00
[2024-11-13T19:47:35.379+0000] {processor.py:208} INFO - Processing /home/airflow/.local/lib/python3.12/site-packages/airflow/example_dags/example_sla_dag.py took 0.200 seconds
[2024-11-13T19:48:05.505+0000] {processor.py:186} INFO - Started process (PID=3147) to work on /home/airflow/.local/lib/python3.12/site-packages/airflow/example_dags/example_sla_dag.py
[2024-11-13T19:48:05.506+0000] {processor.py:914} INFO - Processing file /home/airflow/.local/lib/python3.12/site-packages/airflow/example_dags/example_sla_dag.py for tasks to queue
[2024-11-13T19:48:05.508+0000] {logging_mixin.py:190} INFO - [2024-11-13T19:48:05.507+0000] {dagbag.py:588} INFO - Filling up the DagBag from /home/airflow/.local/lib/python3.12/site-packages/airflow/example_dags/example_sla_dag.py
[2024-11-13T19:48:05.516+0000] {processor.py:925} INFO - DAG(s) 'example_sla_dag' retrieved from /home/airflow/.local/lib/python3.12/site-packages/airflow/example_dags/example_sla_dag.py
[2024-11-13T19:48:05.531+0000] {logging_mixin.py:190} INFO - [2024-11-13T19:48:05.531+0000] {dag.py:3239} INFO - Sync 1 DAGs
[2024-11-13T19:48:05.680+0000] {logging_mixin.py:190} INFO - [2024-11-13T19:48:05.679+0000] {dag.py:4180} INFO - Setting next_dagrun for example_sla_dag to 2024-11-13 19:46:00+00:00, run_after=2024-11-13 19:48:00+00:00
[2024-11-13T19:48:05.692+0000] {processor.py:208} INFO - Processing /home/airflow/.local/lib/python3.12/site-packages/airflow/example_dags/example_sla_dag.py took 0.191 seconds
[2024-11-13T19:48:36.291+0000] {processor.py:186} INFO - Started process (PID=3210) to work on /home/airflow/.local/lib/python3.12/site-packages/airflow/example_dags/example_sla_dag.py
[2024-11-13T19:48:36.292+0000] {processor.py:914} INFO - Processing file /home/airflow/.local/lib/python3.12/site-packages/airflow/example_dags/example_sla_dag.py for tasks to queue
[2024-11-13T19:48:36.294+0000] {logging_mixin.py:190} INFO - [2024-11-13T19:48:36.294+0000] {dagbag.py:588} INFO - Filling up the DagBag from /home/airflow/.local/lib/python3.12/site-packages/airflow/example_dags/example_sla_dag.py
[2024-11-13T19:48:36.301+0000] {processor.py:925} INFO - DAG(s) 'example_sla_dag' retrieved from /home/airflow/.local/lib/python3.12/site-packages/airflow/example_dags/example_sla_dag.py
[2024-11-13T19:48:36.317+0000] {logging_mixin.py:190} INFO - [2024-11-13T19:48:36.317+0000] {dag.py:3239} INFO - Sync 1 DAGs
[2024-11-13T19:48:36.337+0000] {logging_mixin.py:190} INFO - [2024-11-13T19:48:36.337+0000] {dag.py:4180} INFO - Setting next_dagrun for example_sla_dag to 2024-11-13 19:46:00+00:00, run_after=2024-11-13 19:48:00+00:00
[2024-11-13T19:48:36.350+0000] {processor.py:208} INFO - Processing /home/airflow/.local/lib/python3.12/site-packages/airflow/example_dags/example_sla_dag.py took 0.063 seconds
[2024-11-13T19:49:07.459+0000] {processor.py:186} INFO - Started process (PID=3277) to work on /home/airflow/.local/lib/python3.12/site-packages/airflow/example_dags/example_sla_dag.py
[2024-11-13T19:49:07.460+0000] {processor.py:914} INFO - Processing file /home/airflow/.local/lib/python3.12/site-packages/airflow/example_dags/example_sla_dag.py for tasks to queue
[2024-11-13T19:49:07.461+0000] {logging_mixin.py:190} INFO - [2024-11-13T19:49:07.461+0000] {dagbag.py:588} INFO - Filling up the DagBag from /home/airflow/.local/lib/python3.12/site-packages/airflow/example_dags/example_sla_dag.py
[2024-11-13T19:49:07.469+0000] {processor.py:925} INFO - DAG(s) 'example_sla_dag' retrieved from /home/airflow/.local/lib/python3.12/site-packages/airflow/example_dags/example_sla_dag.py
[2024-11-13T19:49:07.484+0000] {logging_mixin.py:190} INFO - [2024-11-13T19:49:07.484+0000] {dag.py:3239} INFO - Sync 1 DAGs
[2024-11-13T19:49:07.503+0000] {logging_mixin.py:190} INFO - [2024-11-13T19:49:07.503+0000] {dag.py:4180} INFO - Setting next_dagrun for example_sla_dag to 2024-11-13 19:46:00+00:00, run_after=2024-11-13 19:48:00+00:00
[2024-11-13T19:49:07.517+0000] {processor.py:208} INFO - Processing /home/airflow/.local/lib/python3.12/site-packages/airflow/example_dags/example_sla_dag.py took 0.063 seconds
[2024-11-13T19:49:38.386+0000] {processor.py:186} INFO - Started process (PID=3340) to work on /home/airflow/.local/lib/python3.12/site-packages/airflow/example_dags/example_sla_dag.py
[2024-11-13T19:49:38.387+0000] {processor.py:914} INFO - Processing file /home/airflow/.local/lib/python3.12/site-packages/airflow/example_dags/example_sla_dag.py for tasks to queue
[2024-11-13T19:49:38.389+0000] {logging_mixin.py:190} INFO - [2024-11-13T19:49:38.388+0000] {dagbag.py:588} INFO - Filling up the DagBag from /home/airflow/.local/lib/python3.12/site-packages/airflow/example_dags/example_sla_dag.py
[2024-11-13T19:49:38.397+0000] {processor.py:925} INFO - DAG(s) 'example_sla_dag' retrieved from /home/airflow/.local/lib/python3.12/site-packages/airflow/example_dags/example_sla_dag.py
[2024-11-13T19:49:38.412+0000] {logging_mixin.py:190} INFO - [2024-11-13T19:49:38.412+0000] {dag.py:3239} INFO - Sync 1 DAGs
[2024-11-13T19:49:38.430+0000] {logging_mixin.py:190} INFO - [2024-11-13T19:49:38.430+0000] {dag.py:4180} INFO - Setting next_dagrun for example_sla_dag to 2024-11-13 19:46:00+00:00, run_after=2024-11-13 19:48:00+00:00
[2024-11-13T19:49:38.443+0000] {processor.py:208} INFO - Processing /home/airflow/.local/lib/python3.12/site-packages/airflow/example_dags/example_sla_dag.py took 0.061 seconds
[2024-11-13T19:50:09.303+0000] {processor.py:186} INFO - Started process (PID=3403) to work on /home/airflow/.local/lib/python3.12/site-packages/airflow/example_dags/example_sla_dag.py
[2024-11-13T19:50:09.304+0000] {processor.py:914} INFO - Processing file /home/airflow/.local/lib/python3.12/site-packages/airflow/example_dags/example_sla_dag.py for tasks to queue
[2024-11-13T19:50:09.307+0000] {logging_mixin.py:190} INFO - [2024-11-13T19:50:09.306+0000] {dagbag.py:588} INFO - Filling up the DagBag from /home/airflow/.local/lib/python3.12/site-packages/airflow/example_dags/example_sla_dag.py
[2024-11-13T19:50:09.315+0000] {processor.py:925} INFO - DAG(s) 'example_sla_dag' retrieved from /home/airflow/.local/lib/python3.12/site-packages/airflow/example_dags/example_sla_dag.py
[2024-11-13T19:50:09.332+0000] {logging_mixin.py:190} INFO - [2024-11-13T19:50:09.332+0000] {dag.py:3239} INFO - Sync 1 DAGs
[2024-11-13T19:50:09.360+0000] {logging_mixin.py:190} INFO - [2024-11-13T19:50:09.360+0000] {dag.py:4180} INFO - Setting next_dagrun for example_sla_dag to 2024-11-13 19:48:00+00:00, run_after=2024-11-13 19:50:00+00:00
[2024-11-13T19:50:09.377+0000] {processor.py:208} INFO - Processing /home/airflow/.local/lib/python3.12/site-packages/airflow/example_dags/example_sla_dag.py took 0.078 seconds
[2024-11-13T19:50:39.543+0000] {processor.py:186} INFO - Started process (PID=3466) to work on /home/airflow/.local/lib/python3.12/site-packages/airflow/example_dags/example_sla_dag.py
[2024-11-13T19:50:39.544+0000] {processor.py:914} INFO - Processing file /home/airflow/.local/lib/python3.12/site-packages/airflow/example_dags/example_sla_dag.py for tasks to queue
[2024-11-13T19:50:39.546+0000] {logging_mixin.py:190} INFO - [2024-11-13T19:50:39.546+0000] {dagbag.py:588} INFO - Filling up the DagBag from /home/airflow/.local/lib/python3.12/site-packages/airflow/example_dags/example_sla_dag.py
[2024-11-13T19:50:39.555+0000] {processor.py:925} INFO - DAG(s) 'example_sla_dag' retrieved from /home/airflow/.local/lib/python3.12/site-packages/airflow/example_dags/example_sla_dag.py
[2024-11-13T19:50:39.571+0000] {logging_mixin.py:190} INFO - [2024-11-13T19:50:39.571+0000] {dag.py:3239} INFO - Sync 1 DAGs
[2024-11-13T19:50:39.591+0000] {logging_mixin.py:190} INFO - [2024-11-13T19:50:39.591+0000] {dag.py:4180} INFO - Setting next_dagrun for example_sla_dag to 2024-11-13 19:48:00+00:00, run_after=2024-11-13 19:50:00+00:00
[2024-11-13T19:50:39.604+0000] {processor.py:208} INFO - Processing /home/airflow/.local/lib/python3.12/site-packages/airflow/example_dags/example_sla_dag.py took 0.066 seconds
[2024-11-13T19:51:09.700+0000] {processor.py:186} INFO - Started process (PID=3529) to work on /home/airflow/.local/lib/python3.12/site-packages/airflow/example_dags/example_sla_dag.py
[2024-11-13T19:51:09.701+0000] {processor.py:914} INFO - Processing file /home/airflow/.local/lib/python3.12/site-packages/airflow/example_dags/example_sla_dag.py for tasks to queue
[2024-11-13T19:51:09.703+0000] {logging_mixin.py:190} INFO - [2024-11-13T19:51:09.703+0000] {dagbag.py:588} INFO - Filling up the DagBag from /home/airflow/.local/lib/python3.12/site-packages/airflow/example_dags/example_sla_dag.py
[2024-11-13T19:51:09.713+0000] {processor.py:925} INFO - DAG(s) 'example_sla_dag' retrieved from /home/airflow/.local/lib/python3.12/site-packages/airflow/example_dags/example_sla_dag.py
[2024-11-13T19:51:09.729+0000] {logging_mixin.py:190} INFO - [2024-11-13T19:51:09.729+0000] {dag.py:3239} INFO - Sync 1 DAGs
[2024-11-13T19:51:09.747+0000] {logging_mixin.py:190} INFO - [2024-11-13T19:51:09.747+0000] {dag.py:4180} INFO - Setting next_dagrun for example_sla_dag to 2024-11-13 19:48:00+00:00, run_after=2024-11-13 19:50:00+00:00
[2024-11-13T19:51:09.760+0000] {processor.py:208} INFO - Processing /home/airflow/.local/lib/python3.12/site-packages/airflow/example_dags/example_sla_dag.py took 0.065 seconds
[2024-11-13T19:51:39.783+0000] {processor.py:186} INFO - Started process (PID=3591) to work on /home/airflow/.local/lib/python3.12/site-packages/airflow/example_dags/example_sla_dag.py
[2024-11-13T19:51:39.784+0000] {processor.py:914} INFO - Processing file /home/airflow/.local/lib/python3.12/site-packages/airflow/example_dags/example_sla_dag.py for tasks to queue
[2024-11-13T19:51:39.785+0000] {logging_mixin.py:190} INFO - [2024-11-13T19:51:39.785+0000] {dagbag.py:588} INFO - Filling up the DagBag from /home/airflow/.local/lib/python3.12/site-packages/airflow/example_dags/example_sla_dag.py
[2024-11-13T19:51:39.793+0000] {processor.py:925} INFO - DAG(s) 'example_sla_dag' retrieved from /home/airflow/.local/lib/python3.12/site-packages/airflow/example_dags/example_sla_dag.py
[2024-11-13T19:51:39.807+0000] {logging_mixin.py:190} INFO - [2024-11-13T19:51:39.807+0000] {dag.py:3239} INFO - Sync 1 DAGs
[2024-11-13T19:51:39.825+0000] {logging_mixin.py:190} INFO - [2024-11-13T19:51:39.825+0000] {dag.py:4180} INFO - Setting next_dagrun for example_sla_dag to 2024-11-13 19:48:00+00:00, run_after=2024-11-13 19:50:00+00:00
[2024-11-13T19:51:39.838+0000] {processor.py:208} INFO - Processing /home/airflow/.local/lib/python3.12/site-packages/airflow/example_dags/example_sla_dag.py took 0.060 seconds
[2024-11-13T19:52:10.846+0000] {processor.py:186} INFO - Started process (PID=3654) to work on /home/airflow/.local/lib/python3.12/site-packages/airflow/example_dags/example_sla_dag.py
[2024-11-13T19:52:10.858+0000] {processor.py:914} INFO - Processing file /home/airflow/.local/lib/python3.12/site-packages/airflow/example_dags/example_sla_dag.py for tasks to queue
[2024-11-13T19:52:10.860+0000] {logging_mixin.py:190} INFO - [2024-11-13T19:52:10.859+0000] {dagbag.py:588} INFO - Filling up the DagBag from /home/airflow/.local/lib/python3.12/site-packages/airflow/example_dags/example_sla_dag.py
[2024-11-13T19:52:10.868+0000] {processor.py:925} INFO - DAG(s) 'example_sla_dag' retrieved from /home/airflow/.local/lib/python3.12/site-packages/airflow/example_dags/example_sla_dag.py
[2024-11-13T19:52:10.883+0000] {logging_mixin.py:190} INFO - [2024-11-13T19:52:10.883+0000] {dag.py:3239} INFO - Sync 1 DAGs
[2024-11-13T19:52:10.901+0000] {logging_mixin.py:190} INFO - [2024-11-13T19:52:10.901+0000] {dag.py:4180} INFO - Setting next_dagrun for example_sla_dag to 2024-11-13 19:50:00+00:00, run_after=2024-11-13 19:52:00+00:00
[2024-11-13T19:52:10.916+0000] {processor.py:208} INFO - Processing /home/airflow/.local/lib/python3.12/site-packages/airflow/example_dags/example_sla_dag.py took 0.074 seconds
