[2024-11-13T19:23:16.517+0000] {processor.py:186} INFO - Started process (PID=77) to work on /home/airflow/.local/lib/python3.12/site-packages/airflow/example_dags/example_latest_only_with_trigger.py
[2024-11-13T19:23:16.517+0000] {processor.py:914} INFO - Processing file /home/airflow/.local/lib/python3.12/site-packages/airflow/example_dags/example_latest_only_with_trigger.py for tasks to queue
[2024-11-13T19:23:16.519+0000] {logging_mixin.py:190} INFO - [2024-11-13T19:23:16.519+0000] {dagbag.py:588} INFO - Filling up the DagBag from /home/airflow/.local/lib/python3.12/site-packages/airflow/example_dags/example_latest_only_with_trigger.py
[2024-11-13T19:23:16.526+0000] {processor.py:925} INFO - DAG(s) 'latest_only_with_trigger' retrieved from /home/airflow/.local/lib/python3.12/site-packages/airflow/example_dags/example_latest_only_with_trigger.py
[2024-11-13T19:23:16.615+0000] {logging_mixin.py:190} INFO - [2024-11-13T19:23:16.614+0000] {override.py:1911} INFO - Created Permission View: can edit on DAG:latest_only_with_trigger
[2024-11-13T19:23:16.623+0000] {logging_mixin.py:190} INFO - [2024-11-13T19:23:16.623+0000] {override.py:1911} INFO - Created Permission View: can read on DAG:latest_only_with_trigger
[2024-11-13T19:23:16.628+0000] {logging_mixin.py:190} INFO - [2024-11-13T19:23:16.628+0000] {override.py:1911} INFO - Created Permission View: can delete on DAG:latest_only_with_trigger
[2024-11-13T19:23:16.634+0000] {logging_mixin.py:190} INFO - [2024-11-13T19:23:16.634+0000] {override.py:1911} INFO - Created Permission View: can delete on DAG Run:latest_only_with_trigger
[2024-11-13T19:23:16.640+0000] {logging_mixin.py:190} INFO - [2024-11-13T19:23:16.640+0000] {override.py:1911} INFO - Created Permission View: can read on DAG Run:latest_only_with_trigger
[2024-11-13T19:23:16.645+0000] {logging_mixin.py:190} INFO - [2024-11-13T19:23:16.645+0000] {override.py:1911} INFO - Created Permission View: menu access on DAG Run:latest_only_with_trigger
[2024-11-13T19:23:16.650+0000] {logging_mixin.py:190} INFO - [2024-11-13T19:23:16.649+0000] {override.py:1911} INFO - Created Permission View: can create on DAG Run:latest_only_with_trigger
[2024-11-13T19:23:16.650+0000] {logging_mixin.py:190} INFO - [2024-11-13T19:23:16.650+0000] {dag.py:3239} INFO - Sync 1 DAGs
[2024-11-13T19:23:16.660+0000] {logging_mixin.py:190} INFO - [2024-11-13T19:23:16.660+0000] {dag.py:3262} INFO - Creating ORM DAG for latest_only_with_trigger
[2024-11-13T19:23:16.668+0000] {logging_mixin.py:190} INFO - [2024-11-13T19:23:16.668+0000] {dag.py:4180} INFO - Setting next_dagrun for latest_only_with_trigger to 2024-11-13 12:00:00+00:00, run_after=2024-11-13 16:00:00+00:00
[2024-11-13T19:23:16.681+0000] {processor.py:208} INFO - Processing /home/airflow/.local/lib/python3.12/site-packages/airflow/example_dags/example_latest_only_with_trigger.py took 0.169 seconds
[2024-11-13T19:23:47.177+0000] {processor.py:186} INFO - Started process (PID=139) to work on /home/airflow/.local/lib/python3.12/site-packages/airflow/example_dags/example_latest_only_with_trigger.py
[2024-11-13T19:23:47.178+0000] {processor.py:914} INFO - Processing file /home/airflow/.local/lib/python3.12/site-packages/airflow/example_dags/example_latest_only_with_trigger.py for tasks to queue
[2024-11-13T19:23:47.179+0000] {logging_mixin.py:190} INFO - [2024-11-13T19:23:47.179+0000] {dagbag.py:588} INFO - Filling up the DagBag from /home/airflow/.local/lib/python3.12/site-packages/airflow/example_dags/example_latest_only_with_trigger.py
[2024-11-13T19:23:47.184+0000] {processor.py:925} INFO - DAG(s) 'latest_only_with_trigger' retrieved from /home/airflow/.local/lib/python3.12/site-packages/airflow/example_dags/example_latest_only_with_trigger.py
[2024-11-13T19:23:47.200+0000] {logging_mixin.py:190} INFO - [2024-11-13T19:23:47.200+0000] {dag.py:3239} INFO - Sync 1 DAGs
[2024-11-13T19:23:47.215+0000] {logging_mixin.py:190} INFO - [2024-11-13T19:23:47.215+0000] {dag.py:4180} INFO - Setting next_dagrun for latest_only_with_trigger to 2024-11-13 12:00:00+00:00, run_after=2024-11-13 16:00:00+00:00
[2024-11-13T19:23:47.228+0000] {processor.py:208} INFO - Processing /home/airflow/.local/lib/python3.12/site-packages/airflow/example_dags/example_latest_only_with_trigger.py took 0.055 seconds
[2024-11-13T19:24:17.491+0000] {processor.py:186} INFO - Started process (PID=202) to work on /home/airflow/.local/lib/python3.12/site-packages/airflow/example_dags/example_latest_only_with_trigger.py
[2024-11-13T19:24:17.492+0000] {processor.py:914} INFO - Processing file /home/airflow/.local/lib/python3.12/site-packages/airflow/example_dags/example_latest_only_with_trigger.py for tasks to queue
[2024-11-13T19:24:17.493+0000] {logging_mixin.py:190} INFO - [2024-11-13T19:24:17.493+0000] {dagbag.py:588} INFO - Filling up the DagBag from /home/airflow/.local/lib/python3.12/site-packages/airflow/example_dags/example_latest_only_with_trigger.py
[2024-11-13T19:24:17.499+0000] {processor.py:925} INFO - DAG(s) 'latest_only_with_trigger' retrieved from /home/airflow/.local/lib/python3.12/site-packages/airflow/example_dags/example_latest_only_with_trigger.py
[2024-11-13T19:24:17.514+0000] {logging_mixin.py:190} INFO - [2024-11-13T19:24:17.514+0000] {dag.py:3239} INFO - Sync 1 DAGs
[2024-11-13T19:24:17.532+0000] {logging_mixin.py:190} INFO - [2024-11-13T19:24:17.531+0000] {dag.py:4180} INFO - Setting next_dagrun for latest_only_with_trigger to 2024-11-13 12:00:00+00:00, run_after=2024-11-13 16:00:00+00:00
[2024-11-13T19:24:17.548+0000] {processor.py:208} INFO - Processing /home/airflow/.local/lib/python3.12/site-packages/airflow/example_dags/example_latest_only_with_trigger.py took 0.062 seconds
[2024-11-13T19:24:47.634+0000] {processor.py:186} INFO - Started process (PID=265) to work on /home/airflow/.local/lib/python3.12/site-packages/airflow/example_dags/example_latest_only_with_trigger.py
[2024-11-13T19:24:47.635+0000] {processor.py:914} INFO - Processing file /home/airflow/.local/lib/python3.12/site-packages/airflow/example_dags/example_latest_only_with_trigger.py for tasks to queue
[2024-11-13T19:24:47.637+0000] {logging_mixin.py:190} INFO - [2024-11-13T19:24:47.637+0000] {dagbag.py:588} INFO - Filling up the DagBag from /home/airflow/.local/lib/python3.12/site-packages/airflow/example_dags/example_latest_only_with_trigger.py
[2024-11-13T19:24:47.642+0000] {processor.py:925} INFO - DAG(s) 'latest_only_with_trigger' retrieved from /home/airflow/.local/lib/python3.12/site-packages/airflow/example_dags/example_latest_only_with_trigger.py
[2024-11-13T19:24:47.656+0000] {logging_mixin.py:190} INFO - [2024-11-13T19:24:47.656+0000] {dag.py:3239} INFO - Sync 1 DAGs
[2024-11-13T19:24:47.672+0000] {logging_mixin.py:190} INFO - [2024-11-13T19:24:47.672+0000] {dag.py:4180} INFO - Setting next_dagrun for latest_only_with_trigger to 2024-11-13 12:00:00+00:00, run_after=2024-11-13 16:00:00+00:00
[2024-11-13T19:24:47.686+0000] {processor.py:208} INFO - Processing /home/airflow/.local/lib/python3.12/site-packages/airflow/example_dags/example_latest_only_with_trigger.py took 0.056 seconds
[2024-11-13T19:25:18.022+0000] {processor.py:186} INFO - Started process (PID=328) to work on /home/airflow/.local/lib/python3.12/site-packages/airflow/example_dags/example_latest_only_with_trigger.py
[2024-11-13T19:25:18.023+0000] {processor.py:914} INFO - Processing file /home/airflow/.local/lib/python3.12/site-packages/airflow/example_dags/example_latest_only_with_trigger.py for tasks to queue
[2024-11-13T19:25:18.025+0000] {logging_mixin.py:190} INFO - [2024-11-13T19:25:18.025+0000] {dagbag.py:588} INFO - Filling up the DagBag from /home/airflow/.local/lib/python3.12/site-packages/airflow/example_dags/example_latest_only_with_trigger.py
[2024-11-13T19:25:18.030+0000] {processor.py:925} INFO - DAG(s) 'latest_only_with_trigger' retrieved from /home/airflow/.local/lib/python3.12/site-packages/airflow/example_dags/example_latest_only_with_trigger.py
[2024-11-13T19:25:18.046+0000] {logging_mixin.py:190} INFO - [2024-11-13T19:25:18.046+0000] {dag.py:3239} INFO - Sync 1 DAGs
[2024-11-13T19:25:18.063+0000] {logging_mixin.py:190} INFO - [2024-11-13T19:25:18.063+0000] {dag.py:4180} INFO - Setting next_dagrun for latest_only_with_trigger to 2024-11-13 12:00:00+00:00, run_after=2024-11-13 16:00:00+00:00
[2024-11-13T19:25:18.076+0000] {processor.py:208} INFO - Processing /home/airflow/.local/lib/python3.12/site-packages/airflow/example_dags/example_latest_only_with_trigger.py took 0.058 seconds
[2024-11-13T19:25:48.134+0000] {processor.py:186} INFO - Started process (PID=391) to work on /home/airflow/.local/lib/python3.12/site-packages/airflow/example_dags/example_latest_only_with_trigger.py
[2024-11-13T19:25:48.135+0000] {processor.py:914} INFO - Processing file /home/airflow/.local/lib/python3.12/site-packages/airflow/example_dags/example_latest_only_with_trigger.py for tasks to queue
[2024-11-13T19:25:48.137+0000] {logging_mixin.py:190} INFO - [2024-11-13T19:25:48.136+0000] {dagbag.py:588} INFO - Filling up the DagBag from /home/airflow/.local/lib/python3.12/site-packages/airflow/example_dags/example_latest_only_with_trigger.py
[2024-11-13T19:25:48.142+0000] {processor.py:925} INFO - DAG(s) 'latest_only_with_trigger' retrieved from /home/airflow/.local/lib/python3.12/site-packages/airflow/example_dags/example_latest_only_with_trigger.py
[2024-11-13T19:25:48.157+0000] {logging_mixin.py:190} INFO - [2024-11-13T19:25:48.156+0000] {dag.py:3239} INFO - Sync 1 DAGs
[2024-11-13T19:25:48.174+0000] {logging_mixin.py:190} INFO - [2024-11-13T19:25:48.173+0000] {dag.py:4180} INFO - Setting next_dagrun for latest_only_with_trigger to 2024-11-13 12:00:00+00:00, run_after=2024-11-13 16:00:00+00:00
[2024-11-13T19:25:48.187+0000] {processor.py:208} INFO - Processing /home/airflow/.local/lib/python3.12/site-packages/airflow/example_dags/example_latest_only_with_trigger.py took 0.057 seconds
[2024-11-13T19:26:18.443+0000] {processor.py:186} INFO - Started process (PID=454) to work on /home/airflow/.local/lib/python3.12/site-packages/airflow/example_dags/example_latest_only_with_trigger.py
[2024-11-13T19:26:18.444+0000] {processor.py:914} INFO - Processing file /home/airflow/.local/lib/python3.12/site-packages/airflow/example_dags/example_latest_only_with_trigger.py for tasks to queue
[2024-11-13T19:26:18.446+0000] {logging_mixin.py:190} INFO - [2024-11-13T19:26:18.446+0000] {dagbag.py:588} INFO - Filling up the DagBag from /home/airflow/.local/lib/python3.12/site-packages/airflow/example_dags/example_latest_only_with_trigger.py
[2024-11-13T19:26:18.452+0000] {processor.py:925} INFO - DAG(s) 'latest_only_with_trigger' retrieved from /home/airflow/.local/lib/python3.12/site-packages/airflow/example_dags/example_latest_only_with_trigger.py
[2024-11-13T19:26:18.469+0000] {logging_mixin.py:190} INFO - [2024-11-13T19:26:18.469+0000] {dag.py:3239} INFO - Sync 1 DAGs
[2024-11-13T19:26:18.485+0000] {logging_mixin.py:190} INFO - [2024-11-13T19:26:18.485+0000] {dag.py:4180} INFO - Setting next_dagrun for latest_only_with_trigger to 2024-11-13 12:00:00+00:00, run_after=2024-11-13 16:00:00+00:00
[2024-11-13T19:26:18.499+0000] {processor.py:208} INFO - Processing /home/airflow/.local/lib/python3.12/site-packages/airflow/example_dags/example_latest_only_with_trigger.py took 0.061 seconds
[2024-11-13T19:26:48.657+0000] {processor.py:186} INFO - Started process (PID=517) to work on /home/airflow/.local/lib/python3.12/site-packages/airflow/example_dags/example_latest_only_with_trigger.py
[2024-11-13T19:26:48.658+0000] {processor.py:914} INFO - Processing file /home/airflow/.local/lib/python3.12/site-packages/airflow/example_dags/example_latest_only_with_trigger.py for tasks to queue
[2024-11-13T19:26:48.659+0000] {logging_mixin.py:190} INFO - [2024-11-13T19:26:48.659+0000] {dagbag.py:588} INFO - Filling up the DagBag from /home/airflow/.local/lib/python3.12/site-packages/airflow/example_dags/example_latest_only_with_trigger.py
[2024-11-13T19:26:48.664+0000] {processor.py:925} INFO - DAG(s) 'latest_only_with_trigger' retrieved from /home/airflow/.local/lib/python3.12/site-packages/airflow/example_dags/example_latest_only_with_trigger.py
[2024-11-13T19:26:48.678+0000] {logging_mixin.py:190} INFO - [2024-11-13T19:26:48.678+0000] {dag.py:3239} INFO - Sync 1 DAGs
[2024-11-13T19:26:48.694+0000] {logging_mixin.py:190} INFO - [2024-11-13T19:26:48.693+0000] {dag.py:4180} INFO - Setting next_dagrun for latest_only_with_trigger to 2024-11-13 12:00:00+00:00, run_after=2024-11-13 16:00:00+00:00
[2024-11-13T19:26:48.706+0000] {processor.py:208} INFO - Processing /home/airflow/.local/lib/python3.12/site-packages/airflow/example_dags/example_latest_only_with_trigger.py took 0.053 seconds
[2024-11-13T19:27:19.076+0000] {processor.py:186} INFO - Started process (PID=580) to work on /home/airflow/.local/lib/python3.12/site-packages/airflow/example_dags/example_latest_only_with_trigger.py
[2024-11-13T19:27:19.077+0000] {processor.py:914} INFO - Processing file /home/airflow/.local/lib/python3.12/site-packages/airflow/example_dags/example_latest_only_with_trigger.py for tasks to queue
[2024-11-13T19:27:19.078+0000] {logging_mixin.py:190} INFO - [2024-11-13T19:27:19.078+0000] {dagbag.py:588} INFO - Filling up the DagBag from /home/airflow/.local/lib/python3.12/site-packages/airflow/example_dags/example_latest_only_with_trigger.py
[2024-11-13T19:27:19.083+0000] {processor.py:925} INFO - DAG(s) 'latest_only_with_trigger' retrieved from /home/airflow/.local/lib/python3.12/site-packages/airflow/example_dags/example_latest_only_with_trigger.py
[2024-11-13T19:27:19.099+0000] {logging_mixin.py:190} INFO - [2024-11-13T19:27:19.099+0000] {dag.py:3239} INFO - Sync 1 DAGs
[2024-11-13T19:27:19.114+0000] {logging_mixin.py:190} INFO - [2024-11-13T19:27:19.114+0000] {dag.py:4180} INFO - Setting next_dagrun for latest_only_with_trigger to 2024-11-13 12:00:00+00:00, run_after=2024-11-13 16:00:00+00:00
[2024-11-13T19:27:19.126+0000] {processor.py:208} INFO - Processing /home/airflow/.local/lib/python3.12/site-packages/airflow/example_dags/example_latest_only_with_trigger.py took 0.054 seconds
[2024-11-13T19:27:49.192+0000] {processor.py:186} INFO - Started process (PID=643) to work on /home/airflow/.local/lib/python3.12/site-packages/airflow/example_dags/example_latest_only_with_trigger.py
[2024-11-13T19:27:49.193+0000] {processor.py:914} INFO - Processing file /home/airflow/.local/lib/python3.12/site-packages/airflow/example_dags/example_latest_only_with_trigger.py for tasks to queue
[2024-11-13T19:27:49.194+0000] {logging_mixin.py:190} INFO - [2024-11-13T19:27:49.194+0000] {dagbag.py:588} INFO - Filling up the DagBag from /home/airflow/.local/lib/python3.12/site-packages/airflow/example_dags/example_latest_only_with_trigger.py
[2024-11-13T19:27:49.200+0000] {processor.py:925} INFO - DAG(s) 'latest_only_with_trigger' retrieved from /home/airflow/.local/lib/python3.12/site-packages/airflow/example_dags/example_latest_only_with_trigger.py
[2024-11-13T19:27:49.215+0000] {logging_mixin.py:190} INFO - [2024-11-13T19:27:49.215+0000] {dag.py:3239} INFO - Sync 1 DAGs
[2024-11-13T19:27:49.231+0000] {logging_mixin.py:190} INFO - [2024-11-13T19:27:49.231+0000] {dag.py:4180} INFO - Setting next_dagrun for latest_only_with_trigger to 2024-11-13 12:00:00+00:00, run_after=2024-11-13 16:00:00+00:00
[2024-11-13T19:27:49.244+0000] {processor.py:208} INFO - Processing /home/airflow/.local/lib/python3.12/site-packages/airflow/example_dags/example_latest_only_with_trigger.py took 0.056 seconds
[2024-11-13T19:28:19.658+0000] {processor.py:186} INFO - Started process (PID=712) to work on /home/airflow/.local/lib/python3.12/site-packages/airflow/example_dags/example_latest_only_with_trigger.py
[2024-11-13T19:28:19.658+0000] {processor.py:914} INFO - Processing file /home/airflow/.local/lib/python3.12/site-packages/airflow/example_dags/example_latest_only_with_trigger.py for tasks to queue
[2024-11-13T19:28:19.660+0000] {logging_mixin.py:190} INFO - [2024-11-13T19:28:19.660+0000] {dagbag.py:588} INFO - Filling up the DagBag from /home/airflow/.local/lib/python3.12/site-packages/airflow/example_dags/example_latest_only_with_trigger.py
[2024-11-13T19:28:19.665+0000] {processor.py:925} INFO - DAG(s) 'latest_only_with_trigger' retrieved from /home/airflow/.local/lib/python3.12/site-packages/airflow/example_dags/example_latest_only_with_trigger.py
[2024-11-13T19:28:19.682+0000] {logging_mixin.py:190} INFO - [2024-11-13T19:28:19.681+0000] {dag.py:3239} INFO - Sync 1 DAGs
[2024-11-13T19:28:19.697+0000] {logging_mixin.py:190} INFO - [2024-11-13T19:28:19.697+0000] {dag.py:4180} INFO - Setting next_dagrun for latest_only_with_trigger to 2024-11-13 12:00:00+00:00, run_after=2024-11-13 16:00:00+00:00
[2024-11-13T19:28:19.709+0000] {processor.py:208} INFO - Processing /home/airflow/.local/lib/python3.12/site-packages/airflow/example_dags/example_latest_only_with_trigger.py took 0.056 seconds
[2024-11-13T19:28:50.235+0000] {processor.py:186} INFO - Started process (PID=775) to work on /home/airflow/.local/lib/python3.12/site-packages/airflow/example_dags/example_latest_only_with_trigger.py
[2024-11-13T19:28:50.236+0000] {processor.py:914} INFO - Processing file /home/airflow/.local/lib/python3.12/site-packages/airflow/example_dags/example_latest_only_with_trigger.py for tasks to queue
[2024-11-13T19:28:50.238+0000] {logging_mixin.py:190} INFO - [2024-11-13T19:28:50.237+0000] {dagbag.py:588} INFO - Filling up the DagBag from /home/airflow/.local/lib/python3.12/site-packages/airflow/example_dags/example_latest_only_with_trigger.py
[2024-11-13T19:28:50.243+0000] {processor.py:925} INFO - DAG(s) 'latest_only_with_trigger' retrieved from /home/airflow/.local/lib/python3.12/site-packages/airflow/example_dags/example_latest_only_with_trigger.py
[2024-11-13T19:28:50.260+0000] {logging_mixin.py:190} INFO - [2024-11-13T19:28:50.260+0000] {dag.py:3239} INFO - Sync 1 DAGs
[2024-11-13T19:28:50.276+0000] {logging_mixin.py:190} INFO - [2024-11-13T19:28:50.275+0000] {dag.py:4180} INFO - Setting next_dagrun for latest_only_with_trigger to 2024-11-13 12:00:00+00:00, run_after=2024-11-13 16:00:00+00:00
[2024-11-13T19:28:50.287+0000] {processor.py:208} INFO - Processing /home/airflow/.local/lib/python3.12/site-packages/airflow/example_dags/example_latest_only_with_trigger.py took 0.056 seconds
[2024-11-13T19:29:20.404+0000] {processor.py:186} INFO - Started process (PID=838) to work on /home/airflow/.local/lib/python3.12/site-packages/airflow/example_dags/example_latest_only_with_trigger.py
[2024-11-13T19:29:20.404+0000] {processor.py:914} INFO - Processing file /home/airflow/.local/lib/python3.12/site-packages/airflow/example_dags/example_latest_only_with_trigger.py for tasks to queue
[2024-11-13T19:29:20.406+0000] {logging_mixin.py:190} INFO - [2024-11-13T19:29:20.406+0000] {dagbag.py:588} INFO - Filling up the DagBag from /home/airflow/.local/lib/python3.12/site-packages/airflow/example_dags/example_latest_only_with_trigger.py
[2024-11-13T19:29:20.411+0000] {processor.py:925} INFO - DAG(s) 'latest_only_with_trigger' retrieved from /home/airflow/.local/lib/python3.12/site-packages/airflow/example_dags/example_latest_only_with_trigger.py
[2024-11-13T19:29:20.426+0000] {logging_mixin.py:190} INFO - [2024-11-13T19:29:20.425+0000] {dag.py:3239} INFO - Sync 1 DAGs
[2024-11-13T19:29:20.441+0000] {logging_mixin.py:190} INFO - [2024-11-13T19:29:20.441+0000] {dag.py:4180} INFO - Setting next_dagrun for latest_only_with_trigger to 2024-11-13 12:00:00+00:00, run_after=2024-11-13 16:00:00+00:00
[2024-11-13T19:29:20.453+0000] {processor.py:208} INFO - Processing /home/airflow/.local/lib/python3.12/site-packages/airflow/example_dags/example_latest_only_with_trigger.py took 0.053 seconds
[2024-11-13T19:29:50.781+0000] {processor.py:186} INFO - Started process (PID=901) to work on /home/airflow/.local/lib/python3.12/site-packages/airflow/example_dags/example_latest_only_with_trigger.py
[2024-11-13T19:29:50.781+0000] {processor.py:914} INFO - Processing file /home/airflow/.local/lib/python3.12/site-packages/airflow/example_dags/example_latest_only_with_trigger.py for tasks to queue
[2024-11-13T19:29:50.783+0000] {logging_mixin.py:190} INFO - [2024-11-13T19:29:50.783+0000] {dagbag.py:588} INFO - Filling up the DagBag from /home/airflow/.local/lib/python3.12/site-packages/airflow/example_dags/example_latest_only_with_trigger.py
[2024-11-13T19:29:50.789+0000] {processor.py:925} INFO - DAG(s) 'latest_only_with_trigger' retrieved from /home/airflow/.local/lib/python3.12/site-packages/airflow/example_dags/example_latest_only_with_trigger.py
[2024-11-13T19:29:50.802+0000] {logging_mixin.py:190} INFO - [2024-11-13T19:29:50.802+0000] {dag.py:3239} INFO - Sync 1 DAGs
[2024-11-13T19:29:50.818+0000] {logging_mixin.py:190} INFO - [2024-11-13T19:29:50.817+0000] {dag.py:4180} INFO - Setting next_dagrun for latest_only_with_trigger to 2024-11-13 12:00:00+00:00, run_after=2024-11-13 16:00:00+00:00
[2024-11-13T19:29:50.831+0000] {processor.py:208} INFO - Processing /home/airflow/.local/lib/python3.12/site-packages/airflow/example_dags/example_latest_only_with_trigger.py took 0.054 seconds
[2024-11-13T19:30:21.003+0000] {processor.py:186} INFO - Started process (PID=964) to work on /home/airflow/.local/lib/python3.12/site-packages/airflow/example_dags/example_latest_only_with_trigger.py
[2024-11-13T19:30:21.004+0000] {processor.py:914} INFO - Processing file /home/airflow/.local/lib/python3.12/site-packages/airflow/example_dags/example_latest_only_with_trigger.py for tasks to queue
[2024-11-13T19:30:21.005+0000] {logging_mixin.py:190} INFO - [2024-11-13T19:30:21.005+0000] {dagbag.py:588} INFO - Filling up the DagBag from /home/airflow/.local/lib/python3.12/site-packages/airflow/example_dags/example_latest_only_with_trigger.py
[2024-11-13T19:30:21.011+0000] {processor.py:925} INFO - DAG(s) 'latest_only_with_trigger' retrieved from /home/airflow/.local/lib/python3.12/site-packages/airflow/example_dags/example_latest_only_with_trigger.py
[2024-11-13T19:30:21.026+0000] {logging_mixin.py:190} INFO - [2024-11-13T19:30:21.026+0000] {dag.py:3239} INFO - Sync 1 DAGs
[2024-11-13T19:30:21.041+0000] {logging_mixin.py:190} INFO - [2024-11-13T19:30:21.041+0000] {dag.py:4180} INFO - Setting next_dagrun for latest_only_with_trigger to 2024-11-13 12:00:00+00:00, run_after=2024-11-13 16:00:00+00:00
[2024-11-13T19:30:21.053+0000] {processor.py:208} INFO - Processing /home/airflow/.local/lib/python3.12/site-packages/airflow/example_dags/example_latest_only_with_trigger.py took 0.054 seconds
[2024-11-13T19:30:51.283+0000] {processor.py:186} INFO - Started process (PID=1027) to work on /home/airflow/.local/lib/python3.12/site-packages/airflow/example_dags/example_latest_only_with_trigger.py
[2024-11-13T19:30:51.284+0000] {processor.py:914} INFO - Processing file /home/airflow/.local/lib/python3.12/site-packages/airflow/example_dags/example_latest_only_with_trigger.py for tasks to queue
[2024-11-13T19:30:51.285+0000] {logging_mixin.py:190} INFO - [2024-11-13T19:30:51.285+0000] {dagbag.py:588} INFO - Filling up the DagBag from /home/airflow/.local/lib/python3.12/site-packages/airflow/example_dags/example_latest_only_with_trigger.py
[2024-11-13T19:30:51.290+0000] {processor.py:925} INFO - DAG(s) 'latest_only_with_trigger' retrieved from /home/airflow/.local/lib/python3.12/site-packages/airflow/example_dags/example_latest_only_with_trigger.py
[2024-11-13T19:30:51.305+0000] {logging_mixin.py:190} INFO - [2024-11-13T19:30:51.305+0000] {dag.py:3239} INFO - Sync 1 DAGs
[2024-11-13T19:30:51.321+0000] {logging_mixin.py:190} INFO - [2024-11-13T19:30:51.321+0000] {dag.py:4180} INFO - Setting next_dagrun for latest_only_with_trigger to 2024-11-13 12:00:00+00:00, run_after=2024-11-13 16:00:00+00:00
[2024-11-13T19:30:51.334+0000] {processor.py:208} INFO - Processing /home/airflow/.local/lib/python3.12/site-packages/airflow/example_dags/example_latest_only_with_trigger.py took 0.055 seconds
[2024-11-13T19:31:21.436+0000] {processor.py:186} INFO - Started process (PID=1090) to work on /home/airflow/.local/lib/python3.12/site-packages/airflow/example_dags/example_latest_only_with_trigger.py
[2024-11-13T19:31:21.437+0000] {processor.py:914} INFO - Processing file /home/airflow/.local/lib/python3.12/site-packages/airflow/example_dags/example_latest_only_with_trigger.py for tasks to queue
[2024-11-13T19:31:21.439+0000] {logging_mixin.py:190} INFO - [2024-11-13T19:31:21.439+0000] {dagbag.py:588} INFO - Filling up the DagBag from /home/airflow/.local/lib/python3.12/site-packages/airflow/example_dags/example_latest_only_with_trigger.py
[2024-11-13T19:31:21.444+0000] {processor.py:925} INFO - DAG(s) 'latest_only_with_trigger' retrieved from /home/airflow/.local/lib/python3.12/site-packages/airflow/example_dags/example_latest_only_with_trigger.py
[2024-11-13T19:31:21.459+0000] {logging_mixin.py:190} INFO - [2024-11-13T19:31:21.459+0000] {dag.py:3239} INFO - Sync 1 DAGs
[2024-11-13T19:31:21.475+0000] {logging_mixin.py:190} INFO - [2024-11-13T19:31:21.474+0000] {dag.py:4180} INFO - Setting next_dagrun for latest_only_with_trigger to 2024-11-13 12:00:00+00:00, run_after=2024-11-13 16:00:00+00:00
[2024-11-13T19:31:21.486+0000] {processor.py:208} INFO - Processing /home/airflow/.local/lib/python3.12/site-packages/airflow/example_dags/example_latest_only_with_trigger.py took 0.054 seconds
[2024-11-13T19:31:51.963+0000] {processor.py:186} INFO - Started process (PID=1153) to work on /home/airflow/.local/lib/python3.12/site-packages/airflow/example_dags/example_latest_only_with_trigger.py
[2024-11-13T19:31:51.964+0000] {processor.py:914} INFO - Processing file /home/airflow/.local/lib/python3.12/site-packages/airflow/example_dags/example_latest_only_with_trigger.py for tasks to queue
[2024-11-13T19:31:51.966+0000] {logging_mixin.py:190} INFO - [2024-11-13T19:31:51.966+0000] {dagbag.py:588} INFO - Filling up the DagBag from /home/airflow/.local/lib/python3.12/site-packages/airflow/example_dags/example_latest_only_with_trigger.py
[2024-11-13T19:31:51.971+0000] {processor.py:925} INFO - DAG(s) 'latest_only_with_trigger' retrieved from /home/airflow/.local/lib/python3.12/site-packages/airflow/example_dags/example_latest_only_with_trigger.py
[2024-11-13T19:31:51.985+0000] {logging_mixin.py:190} INFO - [2024-11-13T19:31:51.985+0000] {dag.py:3239} INFO - Sync 1 DAGs
[2024-11-13T19:31:52.001+0000] {logging_mixin.py:190} INFO - [2024-11-13T19:31:52.001+0000] {dag.py:4180} INFO - Setting next_dagrun for latest_only_with_trigger to 2024-11-13 12:00:00+00:00, run_after=2024-11-13 16:00:00+00:00
[2024-11-13T19:31:52.015+0000] {processor.py:208} INFO - Processing /home/airflow/.local/lib/python3.12/site-packages/airflow/example_dags/example_latest_only_with_trigger.py took 0.056 seconds
[2024-11-13T19:32:22.484+0000] {processor.py:186} INFO - Started process (PID=1216) to work on /home/airflow/.local/lib/python3.12/site-packages/airflow/example_dags/example_latest_only_with_trigger.py
[2024-11-13T19:32:22.484+0000] {processor.py:914} INFO - Processing file /home/airflow/.local/lib/python3.12/site-packages/airflow/example_dags/example_latest_only_with_trigger.py for tasks to queue
[2024-11-13T19:32:22.486+0000] {logging_mixin.py:190} INFO - [2024-11-13T19:32:22.486+0000] {dagbag.py:588} INFO - Filling up the DagBag from /home/airflow/.local/lib/python3.12/site-packages/airflow/example_dags/example_latest_only_with_trigger.py
[2024-11-13T19:32:22.491+0000] {processor.py:925} INFO - DAG(s) 'latest_only_with_trigger' retrieved from /home/airflow/.local/lib/python3.12/site-packages/airflow/example_dags/example_latest_only_with_trigger.py
[2024-11-13T19:32:22.505+0000] {logging_mixin.py:190} INFO - [2024-11-13T19:32:22.505+0000] {dag.py:3239} INFO - Sync 1 DAGs
[2024-11-13T19:32:22.522+0000] {logging_mixin.py:190} INFO - [2024-11-13T19:32:22.521+0000] {dag.py:4180} INFO - Setting next_dagrun for latest_only_with_trigger to 2024-11-13 12:00:00+00:00, run_after=2024-11-13 16:00:00+00:00
[2024-11-13T19:32:22.535+0000] {processor.py:208} INFO - Processing /home/airflow/.local/lib/python3.12/site-packages/airflow/example_dags/example_latest_only_with_trigger.py took 0.056 seconds
[2024-11-13T19:32:52.653+0000] {processor.py:186} INFO - Started process (PID=1280) to work on /home/airflow/.local/lib/python3.12/site-packages/airflow/example_dags/example_latest_only_with_trigger.py
[2024-11-13T19:32:52.654+0000] {processor.py:914} INFO - Processing file /home/airflow/.local/lib/python3.12/site-packages/airflow/example_dags/example_latest_only_with_trigger.py for tasks to queue
[2024-11-13T19:32:52.655+0000] {logging_mixin.py:190} INFO - [2024-11-13T19:32:52.655+0000] {dagbag.py:588} INFO - Filling up the DagBag from /home/airflow/.local/lib/python3.12/site-packages/airflow/example_dags/example_latest_only_with_trigger.py
[2024-11-13T19:32:52.660+0000] {processor.py:925} INFO - DAG(s) 'latest_only_with_trigger' retrieved from /home/airflow/.local/lib/python3.12/site-packages/airflow/example_dags/example_latest_only_with_trigger.py
[2024-11-13T19:32:52.676+0000] {logging_mixin.py:190} INFO - [2024-11-13T19:32:52.676+0000] {dag.py:3239} INFO - Sync 1 DAGs
[2024-11-13T19:32:52.693+0000] {logging_mixin.py:190} INFO - [2024-11-13T19:32:52.692+0000] {dag.py:4180} INFO - Setting next_dagrun for latest_only_with_trigger to 2024-11-13 12:00:00+00:00, run_after=2024-11-13 16:00:00+00:00
[2024-11-13T19:32:52.706+0000] {processor.py:208} INFO - Processing /home/airflow/.local/lib/python3.12/site-packages/airflow/example_dags/example_latest_only_with_trigger.py took 0.057 seconds
[2024-11-13T19:33:23.219+0000] {processor.py:186} INFO - Started process (PID=1343) to work on /home/airflow/.local/lib/python3.12/site-packages/airflow/example_dags/example_latest_only_with_trigger.py
[2024-11-13T19:33:23.219+0000] {processor.py:914} INFO - Processing file /home/airflow/.local/lib/python3.12/site-packages/airflow/example_dags/example_latest_only_with_trigger.py for tasks to queue
[2024-11-13T19:33:23.221+0000] {logging_mixin.py:190} INFO - [2024-11-13T19:33:23.221+0000] {dagbag.py:588} INFO - Filling up the DagBag from /home/airflow/.local/lib/python3.12/site-packages/airflow/example_dags/example_latest_only_with_trigger.py
[2024-11-13T19:33:23.227+0000] {processor.py:925} INFO - DAG(s) 'latest_only_with_trigger' retrieved from /home/airflow/.local/lib/python3.12/site-packages/airflow/example_dags/example_latest_only_with_trigger.py
[2024-11-13T19:33:23.241+0000] {logging_mixin.py:190} INFO - [2024-11-13T19:33:23.241+0000] {dag.py:3239} INFO - Sync 1 DAGs
[2024-11-13T19:33:23.257+0000] {logging_mixin.py:190} INFO - [2024-11-13T19:33:23.256+0000] {dag.py:4180} INFO - Setting next_dagrun for latest_only_with_trigger to 2024-11-13 12:00:00+00:00, run_after=2024-11-13 16:00:00+00:00
[2024-11-13T19:33:23.272+0000] {processor.py:208} INFO - Processing /home/airflow/.local/lib/python3.12/site-packages/airflow/example_dags/example_latest_only_with_trigger.py took 0.057 seconds
[2024-11-13T19:33:53.350+0000] {processor.py:186} INFO - Started process (PID=1406) to work on /home/airflow/.local/lib/python3.12/site-packages/airflow/example_dags/example_latest_only_with_trigger.py
[2024-11-13T19:33:53.351+0000] {processor.py:914} INFO - Processing file /home/airflow/.local/lib/python3.12/site-packages/airflow/example_dags/example_latest_only_with_trigger.py for tasks to queue
[2024-11-13T19:33:53.352+0000] {logging_mixin.py:190} INFO - [2024-11-13T19:33:53.352+0000] {dagbag.py:588} INFO - Filling up the DagBag from /home/airflow/.local/lib/python3.12/site-packages/airflow/example_dags/example_latest_only_with_trigger.py
[2024-11-13T19:33:53.358+0000] {processor.py:925} INFO - DAG(s) 'latest_only_with_trigger' retrieved from /home/airflow/.local/lib/python3.12/site-packages/airflow/example_dags/example_latest_only_with_trigger.py
[2024-11-13T19:33:53.371+0000] {logging_mixin.py:190} INFO - [2024-11-13T19:33:53.371+0000] {dag.py:3239} INFO - Sync 1 DAGs
[2024-11-13T19:33:53.387+0000] {logging_mixin.py:190} INFO - [2024-11-13T19:33:53.387+0000] {dag.py:4180} INFO - Setting next_dagrun for latest_only_with_trigger to 2024-11-13 12:00:00+00:00, run_after=2024-11-13 16:00:00+00:00
[2024-11-13T19:33:53.397+0000] {processor.py:208} INFO - Processing /home/airflow/.local/lib/python3.12/site-packages/airflow/example_dags/example_latest_only_with_trigger.py took 0.052 seconds
[2024-11-13T19:34:23.852+0000] {processor.py:186} INFO - Started process (PID=1469) to work on /home/airflow/.local/lib/python3.12/site-packages/airflow/example_dags/example_latest_only_with_trigger.py
[2024-11-13T19:34:23.853+0000] {processor.py:914} INFO - Processing file /home/airflow/.local/lib/python3.12/site-packages/airflow/example_dags/example_latest_only_with_trigger.py for tasks to queue
[2024-11-13T19:34:23.855+0000] {logging_mixin.py:190} INFO - [2024-11-13T19:34:23.854+0000] {dagbag.py:588} INFO - Filling up the DagBag from /home/airflow/.local/lib/python3.12/site-packages/airflow/example_dags/example_latest_only_with_trigger.py
[2024-11-13T19:34:23.860+0000] {processor.py:925} INFO - DAG(s) 'latest_only_with_trigger' retrieved from /home/airflow/.local/lib/python3.12/site-packages/airflow/example_dags/example_latest_only_with_trigger.py
[2024-11-13T19:34:23.876+0000] {logging_mixin.py:190} INFO - [2024-11-13T19:34:23.876+0000] {dag.py:3239} INFO - Sync 1 DAGs
[2024-11-13T19:34:23.892+0000] {logging_mixin.py:190} INFO - [2024-11-13T19:34:23.892+0000] {dag.py:4180} INFO - Setting next_dagrun for latest_only_with_trigger to 2024-11-13 12:00:00+00:00, run_after=2024-11-13 16:00:00+00:00
[2024-11-13T19:34:23.905+0000] {processor.py:208} INFO - Processing /home/airflow/.local/lib/python3.12/site-packages/airflow/example_dags/example_latest_only_with_trigger.py took 0.057 seconds
[2024-11-13T19:34:54.135+0000] {processor.py:186} INFO - Started process (PID=1532) to work on /home/airflow/.local/lib/python3.12/site-packages/airflow/example_dags/example_latest_only_with_trigger.py
[2024-11-13T19:34:54.136+0000] {processor.py:914} INFO - Processing file /home/airflow/.local/lib/python3.12/site-packages/airflow/example_dags/example_latest_only_with_trigger.py for tasks to queue
[2024-11-13T19:34:54.137+0000] {logging_mixin.py:190} INFO - [2024-11-13T19:34:54.137+0000] {dagbag.py:588} INFO - Filling up the DagBag from /home/airflow/.local/lib/python3.12/site-packages/airflow/example_dags/example_latest_only_with_trigger.py
[2024-11-13T19:34:54.143+0000] {processor.py:925} INFO - DAG(s) 'latest_only_with_trigger' retrieved from /home/airflow/.local/lib/python3.12/site-packages/airflow/example_dags/example_latest_only_with_trigger.py
[2024-11-13T19:34:54.157+0000] {logging_mixin.py:190} INFO - [2024-11-13T19:34:54.157+0000] {dag.py:3239} INFO - Sync 1 DAGs
[2024-11-13T19:34:54.172+0000] {logging_mixin.py:190} INFO - [2024-11-13T19:34:54.172+0000] {dag.py:4180} INFO - Setting next_dagrun for latest_only_with_trigger to 2024-11-13 12:00:00+00:00, run_after=2024-11-13 16:00:00+00:00
[2024-11-13T19:34:54.185+0000] {processor.py:208} INFO - Processing /home/airflow/.local/lib/python3.12/site-packages/airflow/example_dags/example_latest_only_with_trigger.py took 0.054 seconds
[2024-11-13T19:35:24.610+0000] {processor.py:186} INFO - Started process (PID=1595) to work on /home/airflow/.local/lib/python3.12/site-packages/airflow/example_dags/example_latest_only_with_trigger.py
[2024-11-13T19:35:24.611+0000] {processor.py:914} INFO - Processing file /home/airflow/.local/lib/python3.12/site-packages/airflow/example_dags/example_latest_only_with_trigger.py for tasks to queue
[2024-11-13T19:35:24.612+0000] {logging_mixin.py:190} INFO - [2024-11-13T19:35:24.612+0000] {dagbag.py:588} INFO - Filling up the DagBag from /home/airflow/.local/lib/python3.12/site-packages/airflow/example_dags/example_latest_only_with_trigger.py
[2024-11-13T19:35:24.618+0000] {processor.py:925} INFO - DAG(s) 'latest_only_with_trigger' retrieved from /home/airflow/.local/lib/python3.12/site-packages/airflow/example_dags/example_latest_only_with_trigger.py
[2024-11-13T19:35:24.633+0000] {logging_mixin.py:190} INFO - [2024-11-13T19:35:24.633+0000] {dag.py:3239} INFO - Sync 1 DAGs
[2024-11-13T19:35:24.648+0000] {logging_mixin.py:190} INFO - [2024-11-13T19:35:24.648+0000] {dag.py:4180} INFO - Setting next_dagrun for latest_only_with_trigger to 2024-11-13 12:00:00+00:00, run_after=2024-11-13 16:00:00+00:00
[2024-11-13T19:35:24.659+0000] {processor.py:208} INFO - Processing /home/airflow/.local/lib/python3.12/site-packages/airflow/example_dags/example_latest_only_with_trigger.py took 0.054 seconds
[2024-11-13T19:35:54.893+0000] {processor.py:186} INFO - Started process (PID=1658) to work on /home/airflow/.local/lib/python3.12/site-packages/airflow/example_dags/example_latest_only_with_trigger.py
[2024-11-13T19:35:54.894+0000] {processor.py:914} INFO - Processing file /home/airflow/.local/lib/python3.12/site-packages/airflow/example_dags/example_latest_only_with_trigger.py for tasks to queue
[2024-11-13T19:35:54.896+0000] {logging_mixin.py:190} INFO - [2024-11-13T19:35:54.895+0000] {dagbag.py:588} INFO - Filling up the DagBag from /home/airflow/.local/lib/python3.12/site-packages/airflow/example_dags/example_latest_only_with_trigger.py
[2024-11-13T19:35:54.901+0000] {processor.py:925} INFO - DAG(s) 'latest_only_with_trigger' retrieved from /home/airflow/.local/lib/python3.12/site-packages/airflow/example_dags/example_latest_only_with_trigger.py
[2024-11-13T19:35:54.916+0000] {logging_mixin.py:190} INFO - [2024-11-13T19:35:54.916+0000] {dag.py:3239} INFO - Sync 1 DAGs
[2024-11-13T19:35:54.932+0000] {logging_mixin.py:190} INFO - [2024-11-13T19:35:54.932+0000] {dag.py:4180} INFO - Setting next_dagrun for latest_only_with_trigger to 2024-11-13 12:00:00+00:00, run_after=2024-11-13 16:00:00+00:00
[2024-11-13T19:35:54.946+0000] {processor.py:208} INFO - Processing /home/airflow/.local/lib/python3.12/site-packages/airflow/example_dags/example_latest_only_with_trigger.py took 0.056 seconds
[2024-11-13T19:36:25.274+0000] {processor.py:186} INFO - Started process (PID=1721) to work on /home/airflow/.local/lib/python3.12/site-packages/airflow/example_dags/example_latest_only_with_trigger.py
[2024-11-13T19:36:25.275+0000] {processor.py:914} INFO - Processing file /home/airflow/.local/lib/python3.12/site-packages/airflow/example_dags/example_latest_only_with_trigger.py for tasks to queue
[2024-11-13T19:36:25.276+0000] {logging_mixin.py:190} INFO - [2024-11-13T19:36:25.276+0000] {dagbag.py:588} INFO - Filling up the DagBag from /home/airflow/.local/lib/python3.12/site-packages/airflow/example_dags/example_latest_only_with_trigger.py
[2024-11-13T19:36:25.281+0000] {processor.py:925} INFO - DAG(s) 'latest_only_with_trigger' retrieved from /home/airflow/.local/lib/python3.12/site-packages/airflow/example_dags/example_latest_only_with_trigger.py
[2024-11-13T19:36:25.296+0000] {logging_mixin.py:190} INFO - [2024-11-13T19:36:25.295+0000] {dag.py:3239} INFO - Sync 1 DAGs
[2024-11-13T19:36:25.315+0000] {logging_mixin.py:190} INFO - [2024-11-13T19:36:25.315+0000] {dag.py:4180} INFO - Setting next_dagrun for latest_only_with_trigger to 2024-11-13 12:00:00+00:00, run_after=2024-11-13 16:00:00+00:00
[2024-11-13T19:36:25.330+0000] {processor.py:208} INFO - Processing /home/airflow/.local/lib/python3.12/site-packages/airflow/example_dags/example_latest_only_with_trigger.py took 0.060 seconds
[2024-11-13T19:36:55.499+0000] {processor.py:186} INFO - Started process (PID=1784) to work on /home/airflow/.local/lib/python3.12/site-packages/airflow/example_dags/example_latest_only_with_trigger.py
[2024-11-13T19:36:55.500+0000] {processor.py:914} INFO - Processing file /home/airflow/.local/lib/python3.12/site-packages/airflow/example_dags/example_latest_only_with_trigger.py for tasks to queue
[2024-11-13T19:36:55.502+0000] {logging_mixin.py:190} INFO - [2024-11-13T19:36:55.502+0000] {dagbag.py:588} INFO - Filling up the DagBag from /home/airflow/.local/lib/python3.12/site-packages/airflow/example_dags/example_latest_only_with_trigger.py
[2024-11-13T19:36:55.509+0000] {processor.py:925} INFO - DAG(s) 'latest_only_with_trigger' retrieved from /home/airflow/.local/lib/python3.12/site-packages/airflow/example_dags/example_latest_only_with_trigger.py
[2024-11-13T19:36:55.526+0000] {logging_mixin.py:190} INFO - [2024-11-13T19:36:55.525+0000] {dag.py:3239} INFO - Sync 1 DAGs
[2024-11-13T19:36:55.543+0000] {logging_mixin.py:190} INFO - [2024-11-13T19:36:55.543+0000] {dag.py:4180} INFO - Setting next_dagrun for latest_only_with_trigger to 2024-11-13 12:00:00+00:00, run_after=2024-11-13 16:00:00+00:00
[2024-11-13T19:36:55.557+0000] {processor.py:208} INFO - Processing /home/airflow/.local/lib/python3.12/site-packages/airflow/example_dags/example_latest_only_with_trigger.py took 0.063 seconds
[2024-11-13T19:37:25.655+0000] {processor.py:186} INFO - Started process (PID=1847) to work on /home/airflow/.local/lib/python3.12/site-packages/airflow/example_dags/example_latest_only_with_trigger.py
[2024-11-13T19:37:25.656+0000] {processor.py:914} INFO - Processing file /home/airflow/.local/lib/python3.12/site-packages/airflow/example_dags/example_latest_only_with_trigger.py for tasks to queue
[2024-11-13T19:37:25.657+0000] {logging_mixin.py:190} INFO - [2024-11-13T19:37:25.657+0000] {dagbag.py:588} INFO - Filling up the DagBag from /home/airflow/.local/lib/python3.12/site-packages/airflow/example_dags/example_latest_only_with_trigger.py
[2024-11-13T19:37:25.663+0000] {processor.py:925} INFO - DAG(s) 'latest_only_with_trigger' retrieved from /home/airflow/.local/lib/python3.12/site-packages/airflow/example_dags/example_latest_only_with_trigger.py
[2024-11-13T19:37:25.678+0000] {logging_mixin.py:190} INFO - [2024-11-13T19:37:25.678+0000] {dag.py:3239} INFO - Sync 1 DAGs
[2024-11-13T19:37:25.693+0000] {logging_mixin.py:190} INFO - [2024-11-13T19:37:25.693+0000] {dag.py:4180} INFO - Setting next_dagrun for latest_only_with_trigger to 2024-11-13 12:00:00+00:00, run_after=2024-11-13 16:00:00+00:00
[2024-11-13T19:37:25.705+0000] {processor.py:208} INFO - Processing /home/airflow/.local/lib/python3.12/site-packages/airflow/example_dags/example_latest_only_with_trigger.py took 0.054 seconds
[2024-11-13T19:37:55.900+0000] {processor.py:186} INFO - Started process (PID=1910) to work on /home/airflow/.local/lib/python3.12/site-packages/airflow/example_dags/example_latest_only_with_trigger.py
[2024-11-13T19:37:55.901+0000] {processor.py:914} INFO - Processing file /home/airflow/.local/lib/python3.12/site-packages/airflow/example_dags/example_latest_only_with_trigger.py for tasks to queue
[2024-11-13T19:37:55.903+0000] {logging_mixin.py:190} INFO - [2024-11-13T19:37:55.903+0000] {dagbag.py:588} INFO - Filling up the DagBag from /home/airflow/.local/lib/python3.12/site-packages/airflow/example_dags/example_latest_only_with_trigger.py
[2024-11-13T19:37:55.909+0000] {processor.py:925} INFO - DAG(s) 'latest_only_with_trigger' retrieved from /home/airflow/.local/lib/python3.12/site-packages/airflow/example_dags/example_latest_only_with_trigger.py
[2024-11-13T19:37:55.922+0000] {logging_mixin.py:190} INFO - [2024-11-13T19:37:55.922+0000] {dag.py:3239} INFO - Sync 1 DAGs
[2024-11-13T19:37:55.939+0000] {logging_mixin.py:190} INFO - [2024-11-13T19:37:55.939+0000] {dag.py:4180} INFO - Setting next_dagrun for latest_only_with_trigger to 2024-11-13 12:00:00+00:00, run_after=2024-11-13 16:00:00+00:00
[2024-11-13T19:37:55.951+0000] {processor.py:208} INFO - Processing /home/airflow/.local/lib/python3.12/site-packages/airflow/example_dags/example_latest_only_with_trigger.py took 0.054 seconds
[2024-11-13T19:38:26.086+0000] {processor.py:186} INFO - Started process (PID=1973) to work on /home/airflow/.local/lib/python3.12/site-packages/airflow/example_dags/example_latest_only_with_trigger.py
[2024-11-13T19:38:26.087+0000] {processor.py:914} INFO - Processing file /home/airflow/.local/lib/python3.12/site-packages/airflow/example_dags/example_latest_only_with_trigger.py for tasks to queue
[2024-11-13T19:38:26.088+0000] {logging_mixin.py:190} INFO - [2024-11-13T19:38:26.088+0000] {dagbag.py:588} INFO - Filling up the DagBag from /home/airflow/.local/lib/python3.12/site-packages/airflow/example_dags/example_latest_only_with_trigger.py
[2024-11-13T19:38:26.095+0000] {processor.py:925} INFO - DAG(s) 'latest_only_with_trigger' retrieved from /home/airflow/.local/lib/python3.12/site-packages/airflow/example_dags/example_latest_only_with_trigger.py
[2024-11-13T19:38:26.113+0000] {logging_mixin.py:190} INFO - [2024-11-13T19:38:26.113+0000] {dag.py:3239} INFO - Sync 1 DAGs
[2024-11-13T19:38:26.131+0000] {logging_mixin.py:190} INFO - [2024-11-13T19:38:26.131+0000] {dag.py:4180} INFO - Setting next_dagrun for latest_only_with_trigger to 2024-11-13 12:00:00+00:00, run_after=2024-11-13 16:00:00+00:00
[2024-11-13T19:38:26.145+0000] {processor.py:208} INFO - Processing /home/airflow/.local/lib/python3.12/site-packages/airflow/example_dags/example_latest_only_with_trigger.py took 0.063 seconds
[2024-11-13T19:38:56.183+0000] {processor.py:186} INFO - Started process (PID=2036) to work on /home/airflow/.local/lib/python3.12/site-packages/airflow/example_dags/example_latest_only_with_trigger.py
[2024-11-13T19:38:56.184+0000] {processor.py:914} INFO - Processing file /home/airflow/.local/lib/python3.12/site-packages/airflow/example_dags/example_latest_only_with_trigger.py for tasks to queue
[2024-11-13T19:38:56.186+0000] {logging_mixin.py:190} INFO - [2024-11-13T19:38:56.185+0000] {dagbag.py:588} INFO - Filling up the DagBag from /home/airflow/.local/lib/python3.12/site-packages/airflow/example_dags/example_latest_only_with_trigger.py
[2024-11-13T19:38:56.191+0000] {processor.py:925} INFO - DAG(s) 'latest_only_with_trigger' retrieved from /home/airflow/.local/lib/python3.12/site-packages/airflow/example_dags/example_latest_only_with_trigger.py
[2024-11-13T19:38:56.206+0000] {logging_mixin.py:190} INFO - [2024-11-13T19:38:56.205+0000] {dag.py:3239} INFO - Sync 1 DAGs
[2024-11-13T19:38:56.221+0000] {logging_mixin.py:190} INFO - [2024-11-13T19:38:56.221+0000] {dag.py:4180} INFO - Setting next_dagrun for latest_only_with_trigger to 2024-11-13 12:00:00+00:00, run_after=2024-11-13 16:00:00+00:00
[2024-11-13T19:38:56.235+0000] {processor.py:208} INFO - Processing /home/airflow/.local/lib/python3.12/site-packages/airflow/example_dags/example_latest_only_with_trigger.py took 0.056 seconds
[2024-11-13T19:39:26.558+0000] {processor.py:186} INFO - Started process (PID=2099) to work on /home/airflow/.local/lib/python3.12/site-packages/airflow/example_dags/example_latest_only_with_trigger.py
[2024-11-13T19:39:26.559+0000] {processor.py:914} INFO - Processing file /home/airflow/.local/lib/python3.12/site-packages/airflow/example_dags/example_latest_only_with_trigger.py for tasks to queue
[2024-11-13T19:39:26.560+0000] {logging_mixin.py:190} INFO - [2024-11-13T19:39:26.560+0000] {dagbag.py:588} INFO - Filling up the DagBag from /home/airflow/.local/lib/python3.12/site-packages/airflow/example_dags/example_latest_only_with_trigger.py
[2024-11-13T19:39:26.567+0000] {processor.py:925} INFO - DAG(s) 'latest_only_with_trigger' retrieved from /home/airflow/.local/lib/python3.12/site-packages/airflow/example_dags/example_latest_only_with_trigger.py
[2024-11-13T19:39:26.584+0000] {logging_mixin.py:190} INFO - [2024-11-13T19:39:26.584+0000] {dag.py:3239} INFO - Sync 1 DAGs
[2024-11-13T19:39:26.602+0000] {logging_mixin.py:190} INFO - [2024-11-13T19:39:26.602+0000] {dag.py:4180} INFO - Setting next_dagrun for latest_only_with_trigger to 2024-11-13 12:00:00+00:00, run_after=2024-11-13 16:00:00+00:00
[2024-11-13T19:39:26.615+0000] {processor.py:208} INFO - Processing /home/airflow/.local/lib/python3.12/site-packages/airflow/example_dags/example_latest_only_with_trigger.py took 0.062 seconds
[2024-11-13T19:39:56.964+0000] {processor.py:186} INFO - Started process (PID=2162) to work on /home/airflow/.local/lib/python3.12/site-packages/airflow/example_dags/example_latest_only_with_trigger.py
[2024-11-13T19:39:56.966+0000] {processor.py:914} INFO - Processing file /home/airflow/.local/lib/python3.12/site-packages/airflow/example_dags/example_latest_only_with_trigger.py for tasks to queue
[2024-11-13T19:39:56.968+0000] {logging_mixin.py:190} INFO - [2024-11-13T19:39:56.967+0000] {dagbag.py:588} INFO - Filling up the DagBag from /home/airflow/.local/lib/python3.12/site-packages/airflow/example_dags/example_latest_only_with_trigger.py
[2024-11-13T19:39:56.973+0000] {processor.py:925} INFO - DAG(s) 'latest_only_with_trigger' retrieved from /home/airflow/.local/lib/python3.12/site-packages/airflow/example_dags/example_latest_only_with_trigger.py
[2024-11-13T19:39:56.989+0000] {logging_mixin.py:190} INFO - [2024-11-13T19:39:56.989+0000] {dag.py:3239} INFO - Sync 1 DAGs
[2024-11-13T19:39:57.005+0000] {logging_mixin.py:190} INFO - [2024-11-13T19:39:57.005+0000] {dag.py:4180} INFO - Setting next_dagrun for latest_only_with_trigger to 2024-11-13 12:00:00+00:00, run_after=2024-11-13 16:00:00+00:00
[2024-11-13T19:39:57.021+0000] {processor.py:208} INFO - Processing /home/airflow/.local/lib/python3.12/site-packages/airflow/example_dags/example_latest_only_with_trigger.py took 0.065 seconds
[2024-11-13T19:40:27.234+0000] {processor.py:186} INFO - Started process (PID=2225) to work on /home/airflow/.local/lib/python3.12/site-packages/airflow/example_dags/example_latest_only_with_trigger.py
[2024-11-13T19:40:27.235+0000] {processor.py:914} INFO - Processing file /home/airflow/.local/lib/python3.12/site-packages/airflow/example_dags/example_latest_only_with_trigger.py for tasks to queue
[2024-11-13T19:40:27.237+0000] {logging_mixin.py:190} INFO - [2024-11-13T19:40:27.236+0000] {dagbag.py:588} INFO - Filling up the DagBag from /home/airflow/.local/lib/python3.12/site-packages/airflow/example_dags/example_latest_only_with_trigger.py
[2024-11-13T19:40:27.242+0000] {processor.py:925} INFO - DAG(s) 'latest_only_with_trigger' retrieved from /home/airflow/.local/lib/python3.12/site-packages/airflow/example_dags/example_latest_only_with_trigger.py
[2024-11-13T19:40:27.259+0000] {logging_mixin.py:190} INFO - [2024-11-13T19:40:27.259+0000] {dag.py:3239} INFO - Sync 1 DAGs
[2024-11-13T19:40:27.274+0000] {logging_mixin.py:190} INFO - [2024-11-13T19:40:27.274+0000] {dag.py:4180} INFO - Setting next_dagrun for latest_only_with_trigger to 2024-11-13 12:00:00+00:00, run_after=2024-11-13 16:00:00+00:00
[2024-11-13T19:40:27.288+0000] {processor.py:208} INFO - Processing /home/airflow/.local/lib/python3.12/site-packages/airflow/example_dags/example_latest_only_with_trigger.py took 0.058 seconds
[2024-11-13T19:40:57.790+0000] {processor.py:186} INFO - Started process (PID=2288) to work on /home/airflow/.local/lib/python3.12/site-packages/airflow/example_dags/example_latest_only_with_trigger.py
[2024-11-13T19:40:57.791+0000] {processor.py:914} INFO - Processing file /home/airflow/.local/lib/python3.12/site-packages/airflow/example_dags/example_latest_only_with_trigger.py for tasks to queue
[2024-11-13T19:40:57.793+0000] {logging_mixin.py:190} INFO - [2024-11-13T19:40:57.793+0000] {dagbag.py:588} INFO - Filling up the DagBag from /home/airflow/.local/lib/python3.12/site-packages/airflow/example_dags/example_latest_only_with_trigger.py
[2024-11-13T19:40:57.799+0000] {processor.py:925} INFO - DAG(s) 'latest_only_with_trigger' retrieved from /home/airflow/.local/lib/python3.12/site-packages/airflow/example_dags/example_latest_only_with_trigger.py
[2024-11-13T19:40:57.816+0000] {logging_mixin.py:190} INFO - [2024-11-13T19:40:57.816+0000] {dag.py:3239} INFO - Sync 1 DAGs
[2024-11-13T19:40:57.832+0000] {logging_mixin.py:190} INFO - [2024-11-13T19:40:57.832+0000] {dag.py:4180} INFO - Setting next_dagrun for latest_only_with_trigger to 2024-11-13 12:00:00+00:00, run_after=2024-11-13 16:00:00+00:00
[2024-11-13T19:40:57.845+0000] {processor.py:208} INFO - Processing /home/airflow/.local/lib/python3.12/site-packages/airflow/example_dags/example_latest_only_with_trigger.py took 0.059 seconds
[2024-11-13T19:41:28.010+0000] {processor.py:186} INFO - Started process (PID=2351) to work on /home/airflow/.local/lib/python3.12/site-packages/airflow/example_dags/example_latest_only_with_trigger.py
[2024-11-13T19:41:28.011+0000] {processor.py:914} INFO - Processing file /home/airflow/.local/lib/python3.12/site-packages/airflow/example_dags/example_latest_only_with_trigger.py for tasks to queue
[2024-11-13T19:41:28.013+0000] {logging_mixin.py:190} INFO - [2024-11-13T19:41:28.012+0000] {dagbag.py:588} INFO - Filling up the DagBag from /home/airflow/.local/lib/python3.12/site-packages/airflow/example_dags/example_latest_only_with_trigger.py
[2024-11-13T19:41:28.018+0000] {processor.py:925} INFO - DAG(s) 'latest_only_with_trigger' retrieved from /home/airflow/.local/lib/python3.12/site-packages/airflow/example_dags/example_latest_only_with_trigger.py
[2024-11-13T19:41:28.034+0000] {logging_mixin.py:190} INFO - [2024-11-13T19:41:28.034+0000] {dag.py:3239} INFO - Sync 1 DAGs
[2024-11-13T19:41:28.051+0000] {logging_mixin.py:190} INFO - [2024-11-13T19:41:28.051+0000] {dag.py:4180} INFO - Setting next_dagrun for latest_only_with_trigger to 2024-11-13 12:00:00+00:00, run_after=2024-11-13 16:00:00+00:00
[2024-11-13T19:41:28.067+0000] {processor.py:208} INFO - Processing /home/airflow/.local/lib/python3.12/site-packages/airflow/example_dags/example_latest_only_with_trigger.py took 0.062 seconds
[2024-11-13T19:41:58.325+0000] {processor.py:186} INFO - Started process (PID=2414) to work on /home/airflow/.local/lib/python3.12/site-packages/airflow/example_dags/example_latest_only_with_trigger.py
[2024-11-13T19:41:58.326+0000] {processor.py:914} INFO - Processing file /home/airflow/.local/lib/python3.12/site-packages/airflow/example_dags/example_latest_only_with_trigger.py for tasks to queue
[2024-11-13T19:41:58.327+0000] {logging_mixin.py:190} INFO - [2024-11-13T19:41:58.327+0000] {dagbag.py:588} INFO - Filling up the DagBag from /home/airflow/.local/lib/python3.12/site-packages/airflow/example_dags/example_latest_only_with_trigger.py
[2024-11-13T19:41:58.333+0000] {processor.py:925} INFO - DAG(s) 'latest_only_with_trigger' retrieved from /home/airflow/.local/lib/python3.12/site-packages/airflow/example_dags/example_latest_only_with_trigger.py
[2024-11-13T19:41:58.349+0000] {logging_mixin.py:190} INFO - [2024-11-13T19:41:58.349+0000] {dag.py:3239} INFO - Sync 1 DAGs
[2024-11-13T19:41:58.367+0000] {logging_mixin.py:190} INFO - [2024-11-13T19:41:58.367+0000] {dag.py:4180} INFO - Setting next_dagrun for latest_only_with_trigger to 2024-11-13 12:00:00+00:00, run_after=2024-11-13 16:00:00+00:00
[2024-11-13T19:41:58.382+0000] {processor.py:208} INFO - Processing /home/airflow/.local/lib/python3.12/site-packages/airflow/example_dags/example_latest_only_with_trigger.py took 0.062 seconds
[2024-11-13T19:42:28.920+0000] {processor.py:186} INFO - Started process (PID=2456) to work on /home/airflow/.local/lib/python3.12/site-packages/airflow/example_dags/example_latest_only_with_trigger.py
[2024-11-13T19:42:28.921+0000] {processor.py:914} INFO - Processing file /home/airflow/.local/lib/python3.12/site-packages/airflow/example_dags/example_latest_only_with_trigger.py for tasks to queue
[2024-11-13T19:42:28.923+0000] {logging_mixin.py:190} INFO - [2024-11-13T19:42:28.922+0000] {dagbag.py:588} INFO - Filling up the DagBag from /home/airflow/.local/lib/python3.12/site-packages/airflow/example_dags/example_latest_only_with_trigger.py
[2024-11-13T19:42:28.929+0000] {processor.py:925} INFO - DAG(s) 'latest_only_with_trigger' retrieved from /home/airflow/.local/lib/python3.12/site-packages/airflow/example_dags/example_latest_only_with_trigger.py
[2024-11-13T19:42:28.949+0000] {logging_mixin.py:190} INFO - [2024-11-13T19:42:28.949+0000] {dag.py:3239} INFO - Sync 1 DAGs
[2024-11-13T19:42:28.972+0000] {logging_mixin.py:190} INFO - [2024-11-13T19:42:28.972+0000] {dag.py:4180} INFO - Setting next_dagrun for latest_only_with_trigger to 2024-11-13 12:00:00+00:00, run_after=2024-11-13 16:00:00+00:00
[2024-11-13T19:42:28.987+0000] {processor.py:208} INFO - Processing /home/airflow/.local/lib/python3.12/site-packages/airflow/example_dags/example_latest_only_with_trigger.py took 0.072 seconds
[2024-11-13T19:42:59.363+0000] {processor.py:186} INFO - Started process (PID=2519) to work on /home/airflow/.local/lib/python3.12/site-packages/airflow/example_dags/example_latest_only_with_trigger.py
[2024-11-13T19:42:59.364+0000] {processor.py:914} INFO - Processing file /home/airflow/.local/lib/python3.12/site-packages/airflow/example_dags/example_latest_only_with_trigger.py for tasks to queue
[2024-11-13T19:42:59.365+0000] {logging_mixin.py:190} INFO - [2024-11-13T19:42:59.365+0000] {dagbag.py:588} INFO - Filling up the DagBag from /home/airflow/.local/lib/python3.12/site-packages/airflow/example_dags/example_latest_only_with_trigger.py
[2024-11-13T19:42:59.371+0000] {processor.py:925} INFO - DAG(s) 'latest_only_with_trigger' retrieved from /home/airflow/.local/lib/python3.12/site-packages/airflow/example_dags/example_latest_only_with_trigger.py
[2024-11-13T19:42:59.389+0000] {logging_mixin.py:190} INFO - [2024-11-13T19:42:59.389+0000] {dag.py:3239} INFO - Sync 1 DAGs
[2024-11-13T19:42:59.406+0000] {logging_mixin.py:190} INFO - [2024-11-13T19:42:59.406+0000] {dag.py:4180} INFO - Setting next_dagrun for latest_only_with_trigger to 2024-11-13 12:00:00+00:00, run_after=2024-11-13 16:00:00+00:00
[2024-11-13T19:42:59.420+0000] {processor.py:208} INFO - Processing /home/airflow/.local/lib/python3.12/site-packages/airflow/example_dags/example_latest_only_with_trigger.py took 0.062 seconds
[2024-11-13T19:43:29.858+0000] {processor.py:186} INFO - Started process (PID=2582) to work on /home/airflow/.local/lib/python3.12/site-packages/airflow/example_dags/example_latest_only_with_trigger.py
[2024-11-13T19:43:29.859+0000] {processor.py:914} INFO - Processing file /home/airflow/.local/lib/python3.12/site-packages/airflow/example_dags/example_latest_only_with_trigger.py for tasks to queue
[2024-11-13T19:43:29.861+0000] {logging_mixin.py:190} INFO - [2024-11-13T19:43:29.861+0000] {dagbag.py:588} INFO - Filling up the DagBag from /home/airflow/.local/lib/python3.12/site-packages/airflow/example_dags/example_latest_only_with_trigger.py
[2024-11-13T19:43:29.866+0000] {processor.py:925} INFO - DAG(s) 'latest_only_with_trigger' retrieved from /home/airflow/.local/lib/python3.12/site-packages/airflow/example_dags/example_latest_only_with_trigger.py
[2024-11-13T19:43:29.883+0000] {logging_mixin.py:190} INFO - [2024-11-13T19:43:29.883+0000] {dag.py:3239} INFO - Sync 1 DAGs
[2024-11-13T19:43:29.901+0000] {logging_mixin.py:190} INFO - [2024-11-13T19:43:29.901+0000] {dag.py:4180} INFO - Setting next_dagrun for latest_only_with_trigger to 2024-11-13 12:00:00+00:00, run_after=2024-11-13 16:00:00+00:00
[2024-11-13T19:43:29.914+0000] {processor.py:208} INFO - Processing /home/airflow/.local/lib/python3.12/site-packages/airflow/example_dags/example_latest_only_with_trigger.py took 0.060 seconds
[2024-11-13T19:44:00.023+0000] {processor.py:186} INFO - Started process (PID=2641) to work on /home/airflow/.local/lib/python3.12/site-packages/airflow/example_dags/example_latest_only_with_trigger.py
[2024-11-13T19:44:00.025+0000] {processor.py:914} INFO - Processing file /home/airflow/.local/lib/python3.12/site-packages/airflow/example_dags/example_latest_only_with_trigger.py for tasks to queue
[2024-11-13T19:44:00.027+0000] {logging_mixin.py:190} INFO - [2024-11-13T19:44:00.026+0000] {dagbag.py:588} INFO - Filling up the DagBag from /home/airflow/.local/lib/python3.12/site-packages/airflow/example_dags/example_latest_only_with_trigger.py
[2024-11-13T19:44:00.035+0000] {processor.py:925} INFO - DAG(s) 'latest_only_with_trigger' retrieved from /home/airflow/.local/lib/python3.12/site-packages/airflow/example_dags/example_latest_only_with_trigger.py
[2024-11-13T19:44:00.053+0000] {logging_mixin.py:190} INFO - [2024-11-13T19:44:00.052+0000] {dag.py:3239} INFO - Sync 1 DAGs
[2024-11-13T19:44:00.070+0000] {logging_mixin.py:190} INFO - [2024-11-13T19:44:00.070+0000] {dag.py:4180} INFO - Setting next_dagrun for latest_only_with_trigger to 2024-11-13 12:00:00+00:00, run_after=2024-11-13 16:00:00+00:00
[2024-11-13T19:44:00.086+0000] {processor.py:208} INFO - Processing /home/airflow/.local/lib/python3.12/site-packages/airflow/example_dags/example_latest_only_with_trigger.py took 0.068 seconds
[2024-11-13T19:44:30.531+0000] {processor.py:186} INFO - Started process (PID=2701) to work on /home/airflow/.local/lib/python3.12/site-packages/airflow/example_dags/example_latest_only_with_trigger.py
[2024-11-13T19:44:30.532+0000] {processor.py:914} INFO - Processing file /home/airflow/.local/lib/python3.12/site-packages/airflow/example_dags/example_latest_only_with_trigger.py for tasks to queue
[2024-11-13T19:44:30.534+0000] {logging_mixin.py:190} INFO - [2024-11-13T19:44:30.534+0000] {dagbag.py:588} INFO - Filling up the DagBag from /home/airflow/.local/lib/python3.12/site-packages/airflow/example_dags/example_latest_only_with_trigger.py
[2024-11-13T19:44:30.540+0000] {processor.py:925} INFO - DAG(s) 'latest_only_with_trigger' retrieved from /home/airflow/.local/lib/python3.12/site-packages/airflow/example_dags/example_latest_only_with_trigger.py
[2024-11-13T19:44:30.555+0000] {logging_mixin.py:190} INFO - [2024-11-13T19:44:30.555+0000] {dag.py:3239} INFO - Sync 1 DAGs
[2024-11-13T19:44:30.571+0000] {logging_mixin.py:190} INFO - [2024-11-13T19:44:30.571+0000] {dag.py:4180} INFO - Setting next_dagrun for latest_only_with_trigger to 2024-11-13 12:00:00+00:00, run_after=2024-11-13 16:00:00+00:00
[2024-11-13T19:44:30.586+0000] {processor.py:208} INFO - Processing /home/airflow/.local/lib/python3.12/site-packages/airflow/example_dags/example_latest_only_with_trigger.py took 0.059 seconds
[2024-11-13T19:45:00.924+0000] {processor.py:186} INFO - Started process (PID=2760) to work on /home/airflow/.local/lib/python3.12/site-packages/airflow/example_dags/example_latest_only_with_trigger.py
[2024-11-13T19:45:00.925+0000] {processor.py:914} INFO - Processing file /home/airflow/.local/lib/python3.12/site-packages/airflow/example_dags/example_latest_only_with_trigger.py for tasks to queue
[2024-11-13T19:45:00.926+0000] {logging_mixin.py:190} INFO - [2024-11-13T19:45:00.926+0000] {dagbag.py:588} INFO - Filling up the DagBag from /home/airflow/.local/lib/python3.12/site-packages/airflow/example_dags/example_latest_only_with_trigger.py
[2024-11-13T19:45:00.932+0000] {processor.py:925} INFO - DAG(s) 'latest_only_with_trigger' retrieved from /home/airflow/.local/lib/python3.12/site-packages/airflow/example_dags/example_latest_only_with_trigger.py
[2024-11-13T19:45:00.948+0000] {logging_mixin.py:190} INFO - [2024-11-13T19:45:00.948+0000] {dag.py:3239} INFO - Sync 1 DAGs
[2024-11-13T19:45:00.965+0000] {logging_mixin.py:190} INFO - [2024-11-13T19:45:00.965+0000] {dag.py:4180} INFO - Setting next_dagrun for latest_only_with_trigger to 2024-11-13 12:00:00+00:00, run_after=2024-11-13 16:00:00+00:00
[2024-11-13T19:45:00.979+0000] {processor.py:208} INFO - Processing /home/airflow/.local/lib/python3.12/site-packages/airflow/example_dags/example_latest_only_with_trigger.py took 0.059 seconds
[2024-11-13T19:45:31.788+0000] {processor.py:186} INFO - Started process (PID=2822) to work on /home/airflow/.local/lib/python3.12/site-packages/airflow/example_dags/example_latest_only_with_trigger.py
[2024-11-13T19:45:31.789+0000] {processor.py:914} INFO - Processing file /home/airflow/.local/lib/python3.12/site-packages/airflow/example_dags/example_latest_only_with_trigger.py for tasks to queue
[2024-11-13T19:45:31.791+0000] {logging_mixin.py:190} INFO - [2024-11-13T19:45:31.790+0000] {dagbag.py:588} INFO - Filling up the DagBag from /home/airflow/.local/lib/python3.12/site-packages/airflow/example_dags/example_latest_only_with_trigger.py
[2024-11-13T19:45:31.797+0000] {processor.py:925} INFO - DAG(s) 'latest_only_with_trigger' retrieved from /home/airflow/.local/lib/python3.12/site-packages/airflow/example_dags/example_latest_only_with_trigger.py
[2024-11-13T19:45:31.813+0000] {logging_mixin.py:190} INFO - [2024-11-13T19:45:31.813+0000] {dag.py:3239} INFO - Sync 1 DAGs
[2024-11-13T19:45:31.831+0000] {logging_mixin.py:190} INFO - [2024-11-13T19:45:31.831+0000] {dag.py:4180} INFO - Setting next_dagrun for latest_only_with_trigger to 2024-11-13 12:00:00+00:00, run_after=2024-11-13 16:00:00+00:00
[2024-11-13T19:45:31.847+0000] {processor.py:208} INFO - Processing /home/airflow/.local/lib/python3.12/site-packages/airflow/example_dags/example_latest_only_with_trigger.py took 0.063 seconds
[2024-11-13T19:46:01.919+0000] {processor.py:186} INFO - Started process (PID=2885) to work on /home/airflow/.local/lib/python3.12/site-packages/airflow/example_dags/example_latest_only_with_trigger.py
[2024-11-13T19:46:01.920+0000] {processor.py:914} INFO - Processing file /home/airflow/.local/lib/python3.12/site-packages/airflow/example_dags/example_latest_only_with_trigger.py for tasks to queue
[2024-11-13T19:46:01.922+0000] {logging_mixin.py:190} INFO - [2024-11-13T19:46:01.921+0000] {dagbag.py:588} INFO - Filling up the DagBag from /home/airflow/.local/lib/python3.12/site-packages/airflow/example_dags/example_latest_only_with_trigger.py
[2024-11-13T19:46:01.927+0000] {processor.py:925} INFO - DAG(s) 'latest_only_with_trigger' retrieved from /home/airflow/.local/lib/python3.12/site-packages/airflow/example_dags/example_latest_only_with_trigger.py
[2024-11-13T19:46:01.943+0000] {logging_mixin.py:190} INFO - [2024-11-13T19:46:01.943+0000] {dag.py:3239} INFO - Sync 1 DAGs
[2024-11-13T19:46:01.960+0000] {logging_mixin.py:190} INFO - [2024-11-13T19:46:01.960+0000] {dag.py:4180} INFO - Setting next_dagrun for latest_only_with_trigger to 2024-11-13 12:00:00+00:00, run_after=2024-11-13 16:00:00+00:00
[2024-11-13T19:46:01.975+0000] {processor.py:208} INFO - Processing /home/airflow/.local/lib/python3.12/site-packages/airflow/example_dags/example_latest_only_with_trigger.py took 0.060 seconds
[2024-11-13T19:46:32.273+0000] {processor.py:186} INFO - Started process (PID=2948) to work on /home/airflow/.local/lib/python3.12/site-packages/airflow/example_dags/example_latest_only_with_trigger.py
[2024-11-13T19:46:32.274+0000] {processor.py:914} INFO - Processing file /home/airflow/.local/lib/python3.12/site-packages/airflow/example_dags/example_latest_only_with_trigger.py for tasks to queue
[2024-11-13T19:46:32.275+0000] {logging_mixin.py:190} INFO - [2024-11-13T19:46:32.275+0000] {dagbag.py:588} INFO - Filling up the DagBag from /home/airflow/.local/lib/python3.12/site-packages/airflow/example_dags/example_latest_only_with_trigger.py
[2024-11-13T19:46:32.282+0000] {processor.py:925} INFO - DAG(s) 'latest_only_with_trigger' retrieved from /home/airflow/.local/lib/python3.12/site-packages/airflow/example_dags/example_latest_only_with_trigger.py
[2024-11-13T19:46:32.299+0000] {logging_mixin.py:190} INFO - [2024-11-13T19:46:32.298+0000] {dag.py:3239} INFO - Sync 1 DAGs
[2024-11-13T19:46:32.315+0000] {logging_mixin.py:190} INFO - [2024-11-13T19:46:32.315+0000] {dag.py:4180} INFO - Setting next_dagrun for latest_only_with_trigger to 2024-11-13 12:00:00+00:00, run_after=2024-11-13 16:00:00+00:00
[2024-11-13T19:46:32.329+0000] {processor.py:208} INFO - Processing /home/airflow/.local/lib/python3.12/site-packages/airflow/example_dags/example_latest_only_with_trigger.py took 0.059 seconds
[2024-11-13T19:47:02.437+0000] {processor.py:186} INFO - Started process (PID=3011) to work on /home/airflow/.local/lib/python3.12/site-packages/airflow/example_dags/example_latest_only_with_trigger.py
[2024-11-13T19:47:02.438+0000] {processor.py:914} INFO - Processing file /home/airflow/.local/lib/python3.12/site-packages/airflow/example_dags/example_latest_only_with_trigger.py for tasks to queue
[2024-11-13T19:47:02.439+0000] {logging_mixin.py:190} INFO - [2024-11-13T19:47:02.439+0000] {dagbag.py:588} INFO - Filling up the DagBag from /home/airflow/.local/lib/python3.12/site-packages/airflow/example_dags/example_latest_only_with_trigger.py
[2024-11-13T19:47:02.445+0000] {processor.py:925} INFO - DAG(s) 'latest_only_with_trigger' retrieved from /home/airflow/.local/lib/python3.12/site-packages/airflow/example_dags/example_latest_only_with_trigger.py
[2024-11-13T19:47:02.462+0000] {logging_mixin.py:190} INFO - [2024-11-13T19:47:02.462+0000] {dag.py:3239} INFO - Sync 1 DAGs
[2024-11-13T19:47:02.479+0000] {logging_mixin.py:190} INFO - [2024-11-13T19:47:02.479+0000] {dag.py:4180} INFO - Setting next_dagrun for latest_only_with_trigger to 2024-11-13 12:00:00+00:00, run_after=2024-11-13 16:00:00+00:00
[2024-11-13T19:47:02.494+0000] {processor.py:208} INFO - Processing /home/airflow/.local/lib/python3.12/site-packages/airflow/example_dags/example_latest_only_with_trigger.py took 0.061 seconds
[2024-11-13T19:47:34.116+0000] {processor.py:186} INFO - Started process (PID=3075) to work on /home/airflow/.local/lib/python3.12/site-packages/airflow/example_dags/example_latest_only_with_trigger.py
[2024-11-13T19:47:34.117+0000] {processor.py:914} INFO - Processing file /home/airflow/.local/lib/python3.12/site-packages/airflow/example_dags/example_latest_only_with_trigger.py for tasks to queue
[2024-11-13T19:47:34.119+0000] {logging_mixin.py:190} INFO - [2024-11-13T19:47:34.119+0000] {dagbag.py:588} INFO - Filling up the DagBag from /home/airflow/.local/lib/python3.12/site-packages/airflow/example_dags/example_latest_only_with_trigger.py
[2024-11-13T19:47:34.125+0000] {processor.py:925} INFO - DAG(s) 'latest_only_with_trigger' retrieved from /home/airflow/.local/lib/python3.12/site-packages/airflow/example_dags/example_latest_only_with_trigger.py
[2024-11-13T19:47:34.140+0000] {logging_mixin.py:190} INFO - [2024-11-13T19:47:34.140+0000] {dag.py:3239} INFO - Sync 1 DAGs
[2024-11-13T19:47:34.299+0000] {logging_mixin.py:190} INFO - [2024-11-13T19:47:34.299+0000] {dag.py:4180} INFO - Setting next_dagrun for latest_only_with_trigger to 2024-11-13 12:00:00+00:00, run_after=2024-11-13 16:00:00+00:00
[2024-11-13T19:47:34.313+0000] {processor.py:208} INFO - Processing /home/airflow/.local/lib/python3.12/site-packages/airflow/example_dags/example_latest_only_with_trigger.py took 0.201 seconds
[2024-11-13T19:48:04.440+0000] {processor.py:186} INFO - Started process (PID=3138) to work on /home/airflow/.local/lib/python3.12/site-packages/airflow/example_dags/example_latest_only_with_trigger.py
[2024-11-13T19:48:04.441+0000] {processor.py:914} INFO - Processing file /home/airflow/.local/lib/python3.12/site-packages/airflow/example_dags/example_latest_only_with_trigger.py for tasks to queue
[2024-11-13T19:48:04.443+0000] {logging_mixin.py:190} INFO - [2024-11-13T19:48:04.443+0000] {dagbag.py:588} INFO - Filling up the DagBag from /home/airflow/.local/lib/python3.12/site-packages/airflow/example_dags/example_latest_only_with_trigger.py
[2024-11-13T19:48:04.449+0000] {processor.py:925} INFO - DAG(s) 'latest_only_with_trigger' retrieved from /home/airflow/.local/lib/python3.12/site-packages/airflow/example_dags/example_latest_only_with_trigger.py
[2024-11-13T19:48:04.464+0000] {logging_mixin.py:190} INFO - [2024-11-13T19:48:04.464+0000] {dag.py:3239} INFO - Sync 1 DAGs
[2024-11-13T19:48:04.620+0000] {logging_mixin.py:190} INFO - [2024-11-13T19:48:04.620+0000] {dag.py:4180} INFO - Setting next_dagrun for latest_only_with_trigger to 2024-11-13 12:00:00+00:00, run_after=2024-11-13 16:00:00+00:00
[2024-11-13T19:48:04.634+0000] {processor.py:208} INFO - Processing /home/airflow/.local/lib/python3.12/site-packages/airflow/example_dags/example_latest_only_with_trigger.py took 0.198 seconds
[2024-11-13T19:48:34.817+0000] {processor.py:186} INFO - Started process (PID=3201) to work on /home/airflow/.local/lib/python3.12/site-packages/airflow/example_dags/example_latest_only_with_trigger.py
[2024-11-13T19:48:34.818+0000] {processor.py:914} INFO - Processing file /home/airflow/.local/lib/python3.12/site-packages/airflow/example_dags/example_latest_only_with_trigger.py for tasks to queue
[2024-11-13T19:48:34.820+0000] {logging_mixin.py:190} INFO - [2024-11-13T19:48:34.820+0000] {dagbag.py:588} INFO - Filling up the DagBag from /home/airflow/.local/lib/python3.12/site-packages/airflow/example_dags/example_latest_only_with_trigger.py
[2024-11-13T19:48:34.826+0000] {processor.py:925} INFO - DAG(s) 'latest_only_with_trigger' retrieved from /home/airflow/.local/lib/python3.12/site-packages/airflow/example_dags/example_latest_only_with_trigger.py
[2024-11-13T19:48:34.840+0000] {logging_mixin.py:190} INFO - [2024-11-13T19:48:34.840+0000] {dag.py:3239} INFO - Sync 1 DAGs
[2024-11-13T19:48:34.856+0000] {logging_mixin.py:190} INFO - [2024-11-13T19:48:34.856+0000] {dag.py:4180} INFO - Setting next_dagrun for latest_only_with_trigger to 2024-11-13 12:00:00+00:00, run_after=2024-11-13 16:00:00+00:00
[2024-11-13T19:48:34.870+0000] {processor.py:208} INFO - Processing /home/airflow/.local/lib/python3.12/site-packages/airflow/example_dags/example_latest_only_with_trigger.py took 0.057 seconds
[2024-11-13T19:49:05.759+0000] {processor.py:186} INFO - Started process (PID=3264) to work on /home/airflow/.local/lib/python3.12/site-packages/airflow/example_dags/example_latest_only_with_trigger.py
[2024-11-13T19:49:05.760+0000] {processor.py:914} INFO - Processing file /home/airflow/.local/lib/python3.12/site-packages/airflow/example_dags/example_latest_only_with_trigger.py for tasks to queue
[2024-11-13T19:49:05.761+0000] {logging_mixin.py:190} INFO - [2024-11-13T19:49:05.761+0000] {dagbag.py:588} INFO - Filling up the DagBag from /home/airflow/.local/lib/python3.12/site-packages/airflow/example_dags/example_latest_only_with_trigger.py
[2024-11-13T19:49:05.768+0000] {processor.py:925} INFO - DAG(s) 'latest_only_with_trigger' retrieved from /home/airflow/.local/lib/python3.12/site-packages/airflow/example_dags/example_latest_only_with_trigger.py
[2024-11-13T19:49:05.783+0000] {logging_mixin.py:190} INFO - [2024-11-13T19:49:05.783+0000] {dag.py:3239} INFO - Sync 1 DAGs
[2024-11-13T19:49:05.800+0000] {logging_mixin.py:190} INFO - [2024-11-13T19:49:05.800+0000] {dag.py:4180} INFO - Setting next_dagrun for latest_only_with_trigger to 2024-11-13 12:00:00+00:00, run_after=2024-11-13 16:00:00+00:00
[2024-11-13T19:49:05.813+0000] {processor.py:208} INFO - Processing /home/airflow/.local/lib/python3.12/site-packages/airflow/example_dags/example_latest_only_with_trigger.py took 0.058 seconds
[2024-11-13T19:49:36.725+0000] {processor.py:186} INFO - Started process (PID=3327) to work on /home/airflow/.local/lib/python3.12/site-packages/airflow/example_dags/example_latest_only_with_trigger.py
[2024-11-13T19:49:36.726+0000] {processor.py:914} INFO - Processing file /home/airflow/.local/lib/python3.12/site-packages/airflow/example_dags/example_latest_only_with_trigger.py for tasks to queue
[2024-11-13T19:49:36.727+0000] {logging_mixin.py:190} INFO - [2024-11-13T19:49:36.727+0000] {dagbag.py:588} INFO - Filling up the DagBag from /home/airflow/.local/lib/python3.12/site-packages/airflow/example_dags/example_latest_only_with_trigger.py
[2024-11-13T19:49:36.734+0000] {processor.py:925} INFO - DAG(s) 'latest_only_with_trigger' retrieved from /home/airflow/.local/lib/python3.12/site-packages/airflow/example_dags/example_latest_only_with_trigger.py
[2024-11-13T19:49:36.751+0000] {logging_mixin.py:190} INFO - [2024-11-13T19:49:36.751+0000] {dag.py:3239} INFO - Sync 1 DAGs
[2024-11-13T19:49:36.769+0000] {logging_mixin.py:190} INFO - [2024-11-13T19:49:36.769+0000] {dag.py:4180} INFO - Setting next_dagrun for latest_only_with_trigger to 2024-11-13 12:00:00+00:00, run_after=2024-11-13 16:00:00+00:00
[2024-11-13T19:49:36.782+0000] {processor.py:208} INFO - Processing /home/airflow/.local/lib/python3.12/site-packages/airflow/example_dags/example_latest_only_with_trigger.py took 0.061 seconds
[2024-11-13T19:50:07.608+0000] {processor.py:186} INFO - Started process (PID=3390) to work on /home/airflow/.local/lib/python3.12/site-packages/airflow/example_dags/example_latest_only_with_trigger.py
[2024-11-13T19:50:07.609+0000] {processor.py:914} INFO - Processing file /home/airflow/.local/lib/python3.12/site-packages/airflow/example_dags/example_latest_only_with_trigger.py for tasks to queue
[2024-11-13T19:50:07.611+0000] {logging_mixin.py:190} INFO - [2024-11-13T19:50:07.610+0000] {dagbag.py:588} INFO - Filling up the DagBag from /home/airflow/.local/lib/python3.12/site-packages/airflow/example_dags/example_latest_only_with_trigger.py
[2024-11-13T19:50:07.617+0000] {processor.py:925} INFO - DAG(s) 'latest_only_with_trigger' retrieved from /home/airflow/.local/lib/python3.12/site-packages/airflow/example_dags/example_latest_only_with_trigger.py
[2024-11-13T19:50:07.633+0000] {logging_mixin.py:190} INFO - [2024-11-13T19:50:07.632+0000] {dag.py:3239} INFO - Sync 1 DAGs
[2024-11-13T19:50:07.650+0000] {logging_mixin.py:190} INFO - [2024-11-13T19:50:07.650+0000] {dag.py:4180} INFO - Setting next_dagrun for latest_only_with_trigger to 2024-11-13 12:00:00+00:00, run_after=2024-11-13 16:00:00+00:00
[2024-11-13T19:50:07.665+0000] {processor.py:208} INFO - Processing /home/airflow/.local/lib/python3.12/site-packages/airflow/example_dags/example_latest_only_with_trigger.py took 0.062 seconds
[2024-11-13T19:50:37.751+0000] {processor.py:186} INFO - Started process (PID=3453) to work on /home/airflow/.local/lib/python3.12/site-packages/airflow/example_dags/example_latest_only_with_trigger.py
[2024-11-13T19:50:37.752+0000] {processor.py:914} INFO - Processing file /home/airflow/.local/lib/python3.12/site-packages/airflow/example_dags/example_latest_only_with_trigger.py for tasks to queue
[2024-11-13T19:50:37.753+0000] {logging_mixin.py:190} INFO - [2024-11-13T19:50:37.753+0000] {dagbag.py:588} INFO - Filling up the DagBag from /home/airflow/.local/lib/python3.12/site-packages/airflow/example_dags/example_latest_only_with_trigger.py
[2024-11-13T19:50:37.759+0000] {processor.py:925} INFO - DAG(s) 'latest_only_with_trigger' retrieved from /home/airflow/.local/lib/python3.12/site-packages/airflow/example_dags/example_latest_only_with_trigger.py
[2024-11-13T19:50:37.774+0000] {logging_mixin.py:190} INFO - [2024-11-13T19:50:37.774+0000] {dag.py:3239} INFO - Sync 1 DAGs
[2024-11-13T19:50:37.794+0000] {logging_mixin.py:190} INFO - [2024-11-13T19:50:37.794+0000] {dag.py:4180} INFO - Setting next_dagrun for latest_only_with_trigger to 2024-11-13 12:00:00+00:00, run_after=2024-11-13 16:00:00+00:00
[2024-11-13T19:50:37.809+0000] {processor.py:208} INFO - Processing /home/airflow/.local/lib/python3.12/site-packages/airflow/example_dags/example_latest_only_with_trigger.py took 0.063 seconds
[2024-11-13T19:51:08.014+0000] {processor.py:186} INFO - Started process (PID=3516) to work on /home/airflow/.local/lib/python3.12/site-packages/airflow/example_dags/example_latest_only_with_trigger.py
[2024-11-13T19:51:08.015+0000] {processor.py:914} INFO - Processing file /home/airflow/.local/lib/python3.12/site-packages/airflow/example_dags/example_latest_only_with_trigger.py for tasks to queue
[2024-11-13T19:51:08.016+0000] {logging_mixin.py:190} INFO - [2024-11-13T19:51:08.016+0000] {dagbag.py:588} INFO - Filling up the DagBag from /home/airflow/.local/lib/python3.12/site-packages/airflow/example_dags/example_latest_only_with_trigger.py
[2024-11-13T19:51:08.022+0000] {processor.py:925} INFO - DAG(s) 'latest_only_with_trigger' retrieved from /home/airflow/.local/lib/python3.12/site-packages/airflow/example_dags/example_latest_only_with_trigger.py
[2024-11-13T19:51:08.038+0000] {logging_mixin.py:190} INFO - [2024-11-13T19:51:08.038+0000] {dag.py:3239} INFO - Sync 1 DAGs
[2024-11-13T19:51:08.055+0000] {logging_mixin.py:190} INFO - [2024-11-13T19:51:08.054+0000] {dag.py:4180} INFO - Setting next_dagrun for latest_only_with_trigger to 2024-11-13 12:00:00+00:00, run_after=2024-11-13 16:00:00+00:00
[2024-11-13T19:51:08.069+0000] {processor.py:208} INFO - Processing /home/airflow/.local/lib/python3.12/site-packages/airflow/example_dags/example_latest_only_with_trigger.py took 0.060 seconds
[2024-11-13T19:51:38.251+0000] {processor.py:186} INFO - Started process (PID=3579) to work on /home/airflow/.local/lib/python3.12/site-packages/airflow/example_dags/example_latest_only_with_trigger.py
[2024-11-13T19:51:38.252+0000] {processor.py:914} INFO - Processing file /home/airflow/.local/lib/python3.12/site-packages/airflow/example_dags/example_latest_only_with_trigger.py for tasks to queue
[2024-11-13T19:51:38.253+0000] {logging_mixin.py:190} INFO - [2024-11-13T19:51:38.253+0000] {dagbag.py:588} INFO - Filling up the DagBag from /home/airflow/.local/lib/python3.12/site-packages/airflow/example_dags/example_latest_only_with_trigger.py
[2024-11-13T19:51:38.259+0000] {processor.py:925} INFO - DAG(s) 'latest_only_with_trigger' retrieved from /home/airflow/.local/lib/python3.12/site-packages/airflow/example_dags/example_latest_only_with_trigger.py
[2024-11-13T19:51:38.275+0000] {logging_mixin.py:190} INFO - [2024-11-13T19:51:38.275+0000] {dag.py:3239} INFO - Sync 1 DAGs
[2024-11-13T19:51:38.292+0000] {logging_mixin.py:190} INFO - [2024-11-13T19:51:38.292+0000] {dag.py:4180} INFO - Setting next_dagrun for latest_only_with_trigger to 2024-11-13 12:00:00+00:00, run_after=2024-11-13 16:00:00+00:00
[2024-11-13T19:51:38.305+0000] {processor.py:208} INFO - Processing /home/airflow/.local/lib/python3.12/site-packages/airflow/example_dags/example_latest_only_with_trigger.py took 0.058 seconds
[2024-11-13T19:52:08.350+0000] {processor.py:186} INFO - Started process (PID=3642) to work on /home/airflow/.local/lib/python3.12/site-packages/airflow/example_dags/example_latest_only_with_trigger.py
[2024-11-13T19:52:08.351+0000] {processor.py:914} INFO - Processing file /home/airflow/.local/lib/python3.12/site-packages/airflow/example_dags/example_latest_only_with_trigger.py for tasks to queue
[2024-11-13T19:52:08.353+0000] {logging_mixin.py:190} INFO - [2024-11-13T19:52:08.353+0000] {dagbag.py:588} INFO - Filling up the DagBag from /home/airflow/.local/lib/python3.12/site-packages/airflow/example_dags/example_latest_only_with_trigger.py
[2024-11-13T19:52:08.359+0000] {processor.py:925} INFO - DAG(s) 'latest_only_with_trigger' retrieved from /home/airflow/.local/lib/python3.12/site-packages/airflow/example_dags/example_latest_only_with_trigger.py
[2024-11-13T19:52:08.374+0000] {logging_mixin.py:190} INFO - [2024-11-13T19:52:08.374+0000] {dag.py:3239} INFO - Sync 1 DAGs
[2024-11-13T19:52:08.391+0000] {logging_mixin.py:190} INFO - [2024-11-13T19:52:08.391+0000] {dag.py:4180} INFO - Setting next_dagrun for latest_only_with_trigger to 2024-11-13 12:00:00+00:00, run_after=2024-11-13 16:00:00+00:00
[2024-11-13T19:52:08.403+0000] {processor.py:208} INFO - Processing /home/airflow/.local/lib/python3.12/site-packages/airflow/example_dags/example_latest_only_with_trigger.py took 0.057 seconds
[2024-11-13T19:52:38.610+0000] {processor.py:186} INFO - Started process (PID=3705) to work on /home/airflow/.local/lib/python3.12/site-packages/airflow/example_dags/example_latest_only_with_trigger.py
[2024-11-13T19:52:38.611+0000] {processor.py:914} INFO - Processing file /home/airflow/.local/lib/python3.12/site-packages/airflow/example_dags/example_latest_only_with_trigger.py for tasks to queue
[2024-11-13T19:52:38.612+0000] {logging_mixin.py:190} INFO - [2024-11-13T19:52:38.612+0000] {dagbag.py:588} INFO - Filling up the DagBag from /home/airflow/.local/lib/python3.12/site-packages/airflow/example_dags/example_latest_only_with_trigger.py
[2024-11-13T19:52:38.618+0000] {processor.py:925} INFO - DAG(s) 'latest_only_with_trigger' retrieved from /home/airflow/.local/lib/python3.12/site-packages/airflow/example_dags/example_latest_only_with_trigger.py
[2024-11-13T19:52:38.634+0000] {logging_mixin.py:190} INFO - [2024-11-13T19:52:38.634+0000] {dag.py:3239} INFO - Sync 1 DAGs
[2024-11-13T19:52:38.651+0000] {logging_mixin.py:190} INFO - [2024-11-13T19:52:38.651+0000] {dag.py:4180} INFO - Setting next_dagrun for latest_only_with_trigger to 2024-11-13 12:00:00+00:00, run_after=2024-11-13 16:00:00+00:00
[2024-11-13T19:52:38.665+0000] {processor.py:208} INFO - Processing /home/airflow/.local/lib/python3.12/site-packages/airflow/example_dags/example_latest_only_with_trigger.py took 0.059 seconds
