[2024-11-13T19:23:19.671+0000] {processor.py:186} INFO - Started process (PID=107) to work on /home/airflow/.local/lib/python3.12/site-packages/airflow/example_dags/example_sensors.py
[2024-11-13T19:23:19.671+0000] {processor.py:914} INFO - Processing file /home/airflow/.local/lib/python3.12/site-packages/airflow/example_dags/example_sensors.py for tasks to queue
[2024-11-13T19:23:19.673+0000] {logging_mixin.py:190} INFO - [2024-11-13T19:23:19.673+0000] {dagbag.py:588} INFO - Filling up the DagBag from /home/airflow/.local/lib/python3.12/site-packages/airflow/example_dags/example_sensors.py
[2024-11-13T19:23:19.683+0000] {processor.py:925} INFO - DAG(s) 'example_sensors' retrieved from /home/airflow/.local/lib/python3.12/site-packages/airflow/example_dags/example_sensors.py
[2024-11-13T19:23:19.764+0000] {logging_mixin.py:190} INFO - [2024-11-13T19:23:19.763+0000] {override.py:1911} INFO - Created Permission View: can edit on DAG:example_sensors
[2024-11-13T19:23:19.770+0000] {logging_mixin.py:190} INFO - [2024-11-13T19:23:19.770+0000] {override.py:1911} INFO - Created Permission View: can read on DAG:example_sensors
[2024-11-13T19:23:19.776+0000] {logging_mixin.py:190} INFO - [2024-11-13T19:23:19.776+0000] {override.py:1911} INFO - Created Permission View: can delete on DAG:example_sensors
[2024-11-13T19:23:19.781+0000] {logging_mixin.py:190} INFO - [2024-11-13T19:23:19.781+0000] {override.py:1911} INFO - Created Permission View: can delete on DAG Run:example_sensors
[2024-11-13T19:23:19.787+0000] {logging_mixin.py:190} INFO - [2024-11-13T19:23:19.787+0000] {override.py:1911} INFO - Created Permission View: can read on DAG Run:example_sensors
[2024-11-13T19:23:19.793+0000] {logging_mixin.py:190} INFO - [2024-11-13T19:23:19.793+0000] {override.py:1911} INFO - Created Permission View: menu access on DAG Run:example_sensors
[2024-11-13T19:23:19.799+0000] {logging_mixin.py:190} INFO - [2024-11-13T19:23:19.798+0000] {override.py:1911} INFO - Created Permission View: can create on DAG Run:example_sensors
[2024-11-13T19:23:19.799+0000] {logging_mixin.py:190} INFO - [2024-11-13T19:23:19.799+0000] {dag.py:3239} INFO - Sync 1 DAGs
[2024-11-13T19:23:19.808+0000] {logging_mixin.py:190} INFO - [2024-11-13T19:23:19.808+0000] {dag.py:3262} INFO - Creating ORM DAG for example_sensors
[2024-11-13T19:23:19.809+0000] {logging_mixin.py:190} INFO - [2024-11-13T19:23:19.809+0000] {dag.py:4180} INFO - Setting next_dagrun for example_sensors to None, run_after=None
[2024-11-13T19:23:19.820+0000] {processor.py:208} INFO - Processing /home/airflow/.local/lib/python3.12/site-packages/airflow/example_dags/example_sensors.py took 0.154 seconds
[2024-11-13T19:23:49.879+0000] {processor.py:186} INFO - Started process (PID=170) to work on /home/airflow/.local/lib/python3.12/site-packages/airflow/example_dags/example_sensors.py
[2024-11-13T19:23:49.880+0000] {processor.py:914} INFO - Processing file /home/airflow/.local/lib/python3.12/site-packages/airflow/example_dags/example_sensors.py for tasks to queue
[2024-11-13T19:23:49.881+0000] {logging_mixin.py:190} INFO - [2024-11-13T19:23:49.881+0000] {dagbag.py:588} INFO - Filling up the DagBag from /home/airflow/.local/lib/python3.12/site-packages/airflow/example_dags/example_sensors.py
[2024-11-13T19:23:49.889+0000] {processor.py:925} INFO - DAG(s) 'example_sensors' retrieved from /home/airflow/.local/lib/python3.12/site-packages/airflow/example_dags/example_sensors.py
[2024-11-13T19:23:49.907+0000] {logging_mixin.py:190} INFO - [2024-11-13T19:23:49.906+0000] {dag.py:3239} INFO - Sync 1 DAGs
[2024-11-13T19:23:49.916+0000] {logging_mixin.py:190} INFO - [2024-11-13T19:23:49.916+0000] {dag.py:4180} INFO - Setting next_dagrun for example_sensors to None, run_after=None
[2024-11-13T19:23:49.928+0000] {processor.py:208} INFO - Processing /home/airflow/.local/lib/python3.12/site-packages/airflow/example_dags/example_sensors.py took 0.052 seconds
[2024-11-13T19:24:20.172+0000] {processor.py:186} INFO - Started process (PID=233) to work on /home/airflow/.local/lib/python3.12/site-packages/airflow/example_dags/example_sensors.py
[2024-11-13T19:24:20.173+0000] {processor.py:914} INFO - Processing file /home/airflow/.local/lib/python3.12/site-packages/airflow/example_dags/example_sensors.py for tasks to queue
[2024-11-13T19:24:20.175+0000] {logging_mixin.py:190} INFO - [2024-11-13T19:24:20.175+0000] {dagbag.py:588} INFO - Filling up the DagBag from /home/airflow/.local/lib/python3.12/site-packages/airflow/example_dags/example_sensors.py
[2024-11-13T19:24:20.182+0000] {processor.py:925} INFO - DAG(s) 'example_sensors' retrieved from /home/airflow/.local/lib/python3.12/site-packages/airflow/example_dags/example_sensors.py
[2024-11-13T19:24:20.199+0000] {logging_mixin.py:190} INFO - [2024-11-13T19:24:20.199+0000] {dag.py:3239} INFO - Sync 1 DAGs
[2024-11-13T19:24:20.208+0000] {logging_mixin.py:190} INFO - [2024-11-13T19:24:20.208+0000] {dag.py:4180} INFO - Setting next_dagrun for example_sensors to None, run_after=None
[2024-11-13T19:24:20.220+0000] {processor.py:208} INFO - Processing /home/airflow/.local/lib/python3.12/site-packages/airflow/example_dags/example_sensors.py took 0.051 seconds
[2024-11-13T19:24:51.178+0000] {processor.py:186} INFO - Started process (PID=296) to work on /home/airflow/.local/lib/python3.12/site-packages/airflow/example_dags/example_sensors.py
[2024-11-13T19:24:51.179+0000] {processor.py:914} INFO - Processing file /home/airflow/.local/lib/python3.12/site-packages/airflow/example_dags/example_sensors.py for tasks to queue
[2024-11-13T19:24:51.181+0000] {logging_mixin.py:190} INFO - [2024-11-13T19:24:51.181+0000] {dagbag.py:588} INFO - Filling up the DagBag from /home/airflow/.local/lib/python3.12/site-packages/airflow/example_dags/example_sensors.py
[2024-11-13T19:24:51.189+0000] {processor.py:925} INFO - DAG(s) 'example_sensors' retrieved from /home/airflow/.local/lib/python3.12/site-packages/airflow/example_dags/example_sensors.py
[2024-11-13T19:24:51.208+0000] {logging_mixin.py:190} INFO - [2024-11-13T19:24:51.207+0000] {dag.py:3239} INFO - Sync 1 DAGs
[2024-11-13T19:24:51.219+0000] {logging_mixin.py:190} INFO - [2024-11-13T19:24:51.219+0000] {dag.py:4180} INFO - Setting next_dagrun for example_sensors to None, run_after=None
[2024-11-13T19:24:51.234+0000] {processor.py:208} INFO - Processing /home/airflow/.local/lib/python3.12/site-packages/airflow/example_dags/example_sensors.py took 0.060 seconds
[2024-11-13T19:25:23.021+0000] {processor.py:186} INFO - Started process (PID=359) to work on /home/airflow/.local/lib/python3.12/site-packages/airflow/example_dags/example_sensors.py
[2024-11-13T19:25:23.022+0000] {processor.py:914} INFO - Processing file /home/airflow/.local/lib/python3.12/site-packages/airflow/example_dags/example_sensors.py for tasks to queue
[2024-11-13T19:25:23.023+0000] {logging_mixin.py:190} INFO - [2024-11-13T19:25:23.023+0000] {dagbag.py:588} INFO - Filling up the DagBag from /home/airflow/.local/lib/python3.12/site-packages/airflow/example_dags/example_sensors.py
[2024-11-13T19:25:23.032+0000] {processor.py:925} INFO - DAG(s) 'example_sensors' retrieved from /home/airflow/.local/lib/python3.12/site-packages/airflow/example_dags/example_sensors.py
[2024-11-13T19:25:23.054+0000] {logging_mixin.py:190} INFO - [2024-11-13T19:25:23.054+0000] {dag.py:3239} INFO - Sync 1 DAGs
[2024-11-13T19:25:23.064+0000] {logging_mixin.py:190} INFO - [2024-11-13T19:25:23.064+0000] {dag.py:4180} INFO - Setting next_dagrun for example_sensors to None, run_after=None
[2024-11-13T19:25:23.077+0000] {processor.py:208} INFO - Processing /home/airflow/.local/lib/python3.12/site-packages/airflow/example_dags/example_sensors.py took 0.061 seconds
[2024-11-13T19:25:53.927+0000] {processor.py:186} INFO - Started process (PID=422) to work on /home/airflow/.local/lib/python3.12/site-packages/airflow/example_dags/example_sensors.py
[2024-11-13T19:25:53.928+0000] {processor.py:914} INFO - Processing file /home/airflow/.local/lib/python3.12/site-packages/airflow/example_dags/example_sensors.py for tasks to queue
[2024-11-13T19:25:53.930+0000] {logging_mixin.py:190} INFO - [2024-11-13T19:25:53.930+0000] {dagbag.py:588} INFO - Filling up the DagBag from /home/airflow/.local/lib/python3.12/site-packages/airflow/example_dags/example_sensors.py
[2024-11-13T19:25:53.938+0000] {processor.py:925} INFO - DAG(s) 'example_sensors' retrieved from /home/airflow/.local/lib/python3.12/site-packages/airflow/example_dags/example_sensors.py
[2024-11-13T19:25:53.957+0000] {logging_mixin.py:190} INFO - [2024-11-13T19:25:53.957+0000] {dag.py:3239} INFO - Sync 1 DAGs
[2024-11-13T19:25:53.968+0000] {logging_mixin.py:190} INFO - [2024-11-13T19:25:53.968+0000] {dag.py:4180} INFO - Setting next_dagrun for example_sensors to None, run_after=None
[2024-11-13T19:25:53.982+0000] {processor.py:208} INFO - Processing /home/airflow/.local/lib/python3.12/site-packages/airflow/example_dags/example_sensors.py took 0.059 seconds
[2024-11-13T19:26:25.021+0000] {processor.py:186} INFO - Started process (PID=485) to work on /home/airflow/.local/lib/python3.12/site-packages/airflow/example_dags/example_sensors.py
[2024-11-13T19:26:25.022+0000] {processor.py:914} INFO - Processing file /home/airflow/.local/lib/python3.12/site-packages/airflow/example_dags/example_sensors.py for tasks to queue
[2024-11-13T19:26:25.024+0000] {logging_mixin.py:190} INFO - [2024-11-13T19:26:25.024+0000] {dagbag.py:588} INFO - Filling up the DagBag from /home/airflow/.local/lib/python3.12/site-packages/airflow/example_dags/example_sensors.py
[2024-11-13T19:26:25.033+0000] {processor.py:925} INFO - DAG(s) 'example_sensors' retrieved from /home/airflow/.local/lib/python3.12/site-packages/airflow/example_dags/example_sensors.py
[2024-11-13T19:26:25.054+0000] {logging_mixin.py:190} INFO - [2024-11-13T19:26:25.054+0000] {dag.py:3239} INFO - Sync 1 DAGs
[2024-11-13T19:26:25.066+0000] {logging_mixin.py:190} INFO - [2024-11-13T19:26:25.066+0000] {dag.py:4180} INFO - Setting next_dagrun for example_sensors to None, run_after=None
[2024-11-13T19:26:25.079+0000] {processor.py:208} INFO - Processing /home/airflow/.local/lib/python3.12/site-packages/airflow/example_dags/example_sensors.py took 0.063 seconds
[2024-11-13T19:26:56.564+0000] {processor.py:186} INFO - Started process (PID=548) to work on /home/airflow/.local/lib/python3.12/site-packages/airflow/example_dags/example_sensors.py
[2024-11-13T19:26:56.565+0000] {processor.py:914} INFO - Processing file /home/airflow/.local/lib/python3.12/site-packages/airflow/example_dags/example_sensors.py for tasks to queue
[2024-11-13T19:26:56.567+0000] {logging_mixin.py:190} INFO - [2024-11-13T19:26:56.567+0000] {dagbag.py:588} INFO - Filling up the DagBag from /home/airflow/.local/lib/python3.12/site-packages/airflow/example_dags/example_sensors.py
[2024-11-13T19:26:56.576+0000] {processor.py:925} INFO - DAG(s) 'example_sensors' retrieved from /home/airflow/.local/lib/python3.12/site-packages/airflow/example_dags/example_sensors.py
[2024-11-13T19:26:56.597+0000] {logging_mixin.py:190} INFO - [2024-11-13T19:26:56.597+0000] {dag.py:3239} INFO - Sync 1 DAGs
[2024-11-13T19:26:56.608+0000] {logging_mixin.py:190} INFO - [2024-11-13T19:26:56.608+0000] {dag.py:4180} INFO - Setting next_dagrun for example_sensors to None, run_after=None
[2024-11-13T19:26:56.623+0000] {processor.py:208} INFO - Processing /home/airflow/.local/lib/python3.12/site-packages/airflow/example_dags/example_sensors.py took 0.063 seconds
[2024-11-13T19:27:27.449+0000] {processor.py:186} INFO - Started process (PID=611) to work on /home/airflow/.local/lib/python3.12/site-packages/airflow/example_dags/example_sensors.py
[2024-11-13T19:27:27.450+0000] {processor.py:914} INFO - Processing file /home/airflow/.local/lib/python3.12/site-packages/airflow/example_dags/example_sensors.py for tasks to queue
[2024-11-13T19:27:27.452+0000] {logging_mixin.py:190} INFO - [2024-11-13T19:27:27.451+0000] {dagbag.py:588} INFO - Filling up the DagBag from /home/airflow/.local/lib/python3.12/site-packages/airflow/example_dags/example_sensors.py
[2024-11-13T19:27:27.459+0000] {processor.py:925} INFO - DAG(s) 'example_sensors' retrieved from /home/airflow/.local/lib/python3.12/site-packages/airflow/example_dags/example_sensors.py
[2024-11-13T19:27:27.481+0000] {logging_mixin.py:190} INFO - [2024-11-13T19:27:27.481+0000] {dag.py:3239} INFO - Sync 1 DAGs
[2024-11-13T19:27:27.491+0000] {logging_mixin.py:190} INFO - [2024-11-13T19:27:27.491+0000] {dag.py:4180} INFO - Setting next_dagrun for example_sensors to None, run_after=None
[2024-11-13T19:27:27.503+0000] {processor.py:208} INFO - Processing /home/airflow/.local/lib/python3.12/site-packages/airflow/example_dags/example_sensors.py took 0.058 seconds
[2024-11-13T19:27:58.565+0000] {processor.py:186} INFO - Started process (PID=673) to work on /home/airflow/.local/lib/python3.12/site-packages/airflow/example_dags/example_sensors.py
[2024-11-13T19:27:58.565+0000] {processor.py:914} INFO - Processing file /home/airflow/.local/lib/python3.12/site-packages/airflow/example_dags/example_sensors.py for tasks to queue
[2024-11-13T19:27:58.567+0000] {logging_mixin.py:190} INFO - [2024-11-13T19:27:58.567+0000] {dagbag.py:588} INFO - Filling up the DagBag from /home/airflow/.local/lib/python3.12/site-packages/airflow/example_dags/example_sensors.py
[2024-11-13T19:27:58.574+0000] {processor.py:925} INFO - DAG(s) 'example_sensors' retrieved from /home/airflow/.local/lib/python3.12/site-packages/airflow/example_dags/example_sensors.py
[2024-11-13T19:27:58.592+0000] {logging_mixin.py:190} INFO - [2024-11-13T19:27:58.592+0000] {dag.py:3239} INFO - Sync 1 DAGs
[2024-11-13T19:27:58.601+0000] {logging_mixin.py:190} INFO - [2024-11-13T19:27:58.601+0000] {dag.py:4180} INFO - Setting next_dagrun for example_sensors to None, run_after=None
[2024-11-13T19:27:58.613+0000] {processor.py:208} INFO - Processing /home/airflow/.local/lib/python3.12/site-packages/airflow/example_dags/example_sensors.py took 0.052 seconds
[2024-11-13T19:28:29.304+0000] {processor.py:186} INFO - Started process (PID=737) to work on /home/airflow/.local/lib/python3.12/site-packages/airflow/example_dags/example_sensors.py
[2024-11-13T19:28:29.305+0000] {processor.py:914} INFO - Processing file /home/airflow/.local/lib/python3.12/site-packages/airflow/example_dags/example_sensors.py for tasks to queue
[2024-11-13T19:28:29.307+0000] {logging_mixin.py:190} INFO - [2024-11-13T19:28:29.306+0000] {dagbag.py:588} INFO - Filling up the DagBag from /home/airflow/.local/lib/python3.12/site-packages/airflow/example_dags/example_sensors.py
[2024-11-13T19:28:29.315+0000] {processor.py:925} INFO - DAG(s) 'example_sensors' retrieved from /home/airflow/.local/lib/python3.12/site-packages/airflow/example_dags/example_sensors.py
[2024-11-13T19:28:29.334+0000] {logging_mixin.py:190} INFO - [2024-11-13T19:28:29.333+0000] {dag.py:3239} INFO - Sync 1 DAGs
[2024-11-13T19:28:29.343+0000] {logging_mixin.py:190} INFO - [2024-11-13T19:28:29.343+0000] {dag.py:4180} INFO - Setting next_dagrun for example_sensors to None, run_after=None
[2024-11-13T19:28:29.356+0000] {processor.py:208} INFO - Processing /home/airflow/.local/lib/python3.12/site-packages/airflow/example_dags/example_sensors.py took 0.056 seconds
[2024-11-13T19:28:59.943+0000] {processor.py:186} INFO - Started process (PID=800) to work on /home/airflow/.local/lib/python3.12/site-packages/airflow/example_dags/example_sensors.py
[2024-11-13T19:28:59.944+0000] {processor.py:914} INFO - Processing file /home/airflow/.local/lib/python3.12/site-packages/airflow/example_dags/example_sensors.py for tasks to queue
[2024-11-13T19:28:59.946+0000] {logging_mixin.py:190} INFO - [2024-11-13T19:28:59.946+0000] {dagbag.py:588} INFO - Filling up the DagBag from /home/airflow/.local/lib/python3.12/site-packages/airflow/example_dags/example_sensors.py
[2024-11-13T19:28:59.954+0000] {processor.py:925} INFO - DAG(s) 'example_sensors' retrieved from /home/airflow/.local/lib/python3.12/site-packages/airflow/example_dags/example_sensors.py
[2024-11-13T19:28:59.973+0000] {logging_mixin.py:190} INFO - [2024-11-13T19:28:59.972+0000] {dag.py:3239} INFO - Sync 1 DAGs
[2024-11-13T19:28:59.982+0000] {logging_mixin.py:190} INFO - [2024-11-13T19:28:59.982+0000] {dag.py:4180} INFO - Setting next_dagrun for example_sensors to None, run_after=None
[2024-11-13T19:28:59.996+0000] {processor.py:208} INFO - Processing /home/airflow/.local/lib/python3.12/site-packages/airflow/example_dags/example_sensors.py took 0.056 seconds
[2024-11-13T19:29:30.928+0000] {processor.py:186} INFO - Started process (PID=863) to work on /home/airflow/.local/lib/python3.12/site-packages/airflow/example_dags/example_sensors.py
[2024-11-13T19:29:30.929+0000] {processor.py:914} INFO - Processing file /home/airflow/.local/lib/python3.12/site-packages/airflow/example_dags/example_sensors.py for tasks to queue
[2024-11-13T19:29:30.930+0000] {logging_mixin.py:190} INFO - [2024-11-13T19:29:30.930+0000] {dagbag.py:588} INFO - Filling up the DagBag from /home/airflow/.local/lib/python3.12/site-packages/airflow/example_dags/example_sensors.py
[2024-11-13T19:29:30.938+0000] {processor.py:925} INFO - DAG(s) 'example_sensors' retrieved from /home/airflow/.local/lib/python3.12/site-packages/airflow/example_dags/example_sensors.py
[2024-11-13T19:29:30.955+0000] {logging_mixin.py:190} INFO - [2024-11-13T19:29:30.955+0000] {dag.py:3239} INFO - Sync 1 DAGs
[2024-11-13T19:29:30.965+0000] {logging_mixin.py:190} INFO - [2024-11-13T19:29:30.964+0000] {dag.py:4180} INFO - Setting next_dagrun for example_sensors to None, run_after=None
[2024-11-13T19:29:30.978+0000] {processor.py:208} INFO - Processing /home/airflow/.local/lib/python3.12/site-packages/airflow/example_dags/example_sensors.py took 0.054 seconds
[2024-11-13T19:30:02.472+0000] {processor.py:186} INFO - Started process (PID=926) to work on /home/airflow/.local/lib/python3.12/site-packages/airflow/example_dags/example_sensors.py
[2024-11-13T19:30:02.473+0000] {processor.py:914} INFO - Processing file /home/airflow/.local/lib/python3.12/site-packages/airflow/example_dags/example_sensors.py for tasks to queue
[2024-11-13T19:30:02.475+0000] {logging_mixin.py:190} INFO - [2024-11-13T19:30:02.474+0000] {dagbag.py:588} INFO - Filling up the DagBag from /home/airflow/.local/lib/python3.12/site-packages/airflow/example_dags/example_sensors.py
[2024-11-13T19:30:02.482+0000] {processor.py:925} INFO - DAG(s) 'example_sensors' retrieved from /home/airflow/.local/lib/python3.12/site-packages/airflow/example_dags/example_sensors.py
[2024-11-13T19:30:02.500+0000] {logging_mixin.py:190} INFO - [2024-11-13T19:30:02.500+0000] {dag.py:3239} INFO - Sync 1 DAGs
[2024-11-13T19:30:02.510+0000] {logging_mixin.py:190} INFO - [2024-11-13T19:30:02.510+0000] {dag.py:4180} INFO - Setting next_dagrun for example_sensors to None, run_after=None
[2024-11-13T19:30:02.522+0000] {processor.py:208} INFO - Processing /home/airflow/.local/lib/python3.12/site-packages/airflow/example_dags/example_sensors.py took 0.054 seconds
[2024-11-13T19:30:33.746+0000] {processor.py:186} INFO - Started process (PID=989) to work on /home/airflow/.local/lib/python3.12/site-packages/airflow/example_dags/example_sensors.py
[2024-11-13T19:30:33.747+0000] {processor.py:914} INFO - Processing file /home/airflow/.local/lib/python3.12/site-packages/airflow/example_dags/example_sensors.py for tasks to queue
[2024-11-13T19:30:33.748+0000] {logging_mixin.py:190} INFO - [2024-11-13T19:30:33.748+0000] {dagbag.py:588} INFO - Filling up the DagBag from /home/airflow/.local/lib/python3.12/site-packages/airflow/example_dags/example_sensors.py
[2024-11-13T19:30:33.756+0000] {processor.py:925} INFO - DAG(s) 'example_sensors' retrieved from /home/airflow/.local/lib/python3.12/site-packages/airflow/example_dags/example_sensors.py
[2024-11-13T19:30:33.773+0000] {logging_mixin.py:190} INFO - [2024-11-13T19:30:33.773+0000] {dag.py:3239} INFO - Sync 1 DAGs
[2024-11-13T19:30:33.783+0000] {logging_mixin.py:190} INFO - [2024-11-13T19:30:33.783+0000] {dag.py:4180} INFO - Setting next_dagrun for example_sensors to None, run_after=None
[2024-11-13T19:30:33.795+0000] {processor.py:208} INFO - Processing /home/airflow/.local/lib/python3.12/site-packages/airflow/example_dags/example_sensors.py took 0.053 seconds
[2024-11-13T19:31:04.988+0000] {processor.py:186} INFO - Started process (PID=1052) to work on /home/airflow/.local/lib/python3.12/site-packages/airflow/example_dags/example_sensors.py
[2024-11-13T19:31:04.989+0000] {processor.py:914} INFO - Processing file /home/airflow/.local/lib/python3.12/site-packages/airflow/example_dags/example_sensors.py for tasks to queue
[2024-11-13T19:31:04.991+0000] {logging_mixin.py:190} INFO - [2024-11-13T19:31:04.991+0000] {dagbag.py:588} INFO - Filling up the DagBag from /home/airflow/.local/lib/python3.12/site-packages/airflow/example_dags/example_sensors.py
[2024-11-13T19:31:04.999+0000] {processor.py:925} INFO - DAG(s) 'example_sensors' retrieved from /home/airflow/.local/lib/python3.12/site-packages/airflow/example_dags/example_sensors.py
[2024-11-13T19:31:05.019+0000] {logging_mixin.py:190} INFO - [2024-11-13T19:31:05.019+0000] {dag.py:3239} INFO - Sync 1 DAGs
[2024-11-13T19:31:05.030+0000] {logging_mixin.py:190} INFO - [2024-11-13T19:31:05.029+0000] {dag.py:4180} INFO - Setting next_dagrun for example_sensors to None, run_after=None
[2024-11-13T19:31:05.045+0000] {processor.py:208} INFO - Processing /home/airflow/.local/lib/python3.12/site-packages/airflow/example_dags/example_sensors.py took 0.061 seconds
[2024-11-13T19:31:36.037+0000] {processor.py:186} INFO - Started process (PID=1115) to work on /home/airflow/.local/lib/python3.12/site-packages/airflow/example_dags/example_sensors.py
[2024-11-13T19:31:36.038+0000] {processor.py:914} INFO - Processing file /home/airflow/.local/lib/python3.12/site-packages/airflow/example_dags/example_sensors.py for tasks to queue
[2024-11-13T19:31:36.040+0000] {logging_mixin.py:190} INFO - [2024-11-13T19:31:36.039+0000] {dagbag.py:588} INFO - Filling up the DagBag from /home/airflow/.local/lib/python3.12/site-packages/airflow/example_dags/example_sensors.py
[2024-11-13T19:31:36.048+0000] {processor.py:925} INFO - DAG(s) 'example_sensors' retrieved from /home/airflow/.local/lib/python3.12/site-packages/airflow/example_dags/example_sensors.py
[2024-11-13T19:31:36.067+0000] {logging_mixin.py:190} INFO - [2024-11-13T19:31:36.067+0000] {dag.py:3239} INFO - Sync 1 DAGs
[2024-11-13T19:31:36.076+0000] {logging_mixin.py:190} INFO - [2024-11-13T19:31:36.076+0000] {dag.py:4180} INFO - Setting next_dagrun for example_sensors to None, run_after=None
[2024-11-13T19:31:36.089+0000] {processor.py:208} INFO - Processing /home/airflow/.local/lib/python3.12/site-packages/airflow/example_dags/example_sensors.py took 0.056 seconds
[2024-11-13T19:32:06.536+0000] {processor.py:186} INFO - Started process (PID=1178) to work on /home/airflow/.local/lib/python3.12/site-packages/airflow/example_dags/example_sensors.py
[2024-11-13T19:32:06.536+0000] {processor.py:914} INFO - Processing file /home/airflow/.local/lib/python3.12/site-packages/airflow/example_dags/example_sensors.py for tasks to queue
[2024-11-13T19:32:06.538+0000] {logging_mixin.py:190} INFO - [2024-11-13T19:32:06.538+0000] {dagbag.py:588} INFO - Filling up the DagBag from /home/airflow/.local/lib/python3.12/site-packages/airflow/example_dags/example_sensors.py
[2024-11-13T19:32:06.546+0000] {processor.py:925} INFO - DAG(s) 'example_sensors' retrieved from /home/airflow/.local/lib/python3.12/site-packages/airflow/example_dags/example_sensors.py
[2024-11-13T19:32:06.564+0000] {logging_mixin.py:190} INFO - [2024-11-13T19:32:06.564+0000] {dag.py:3239} INFO - Sync 1 DAGs
[2024-11-13T19:32:06.574+0000] {logging_mixin.py:190} INFO - [2024-11-13T19:32:06.574+0000] {dag.py:4180} INFO - Setting next_dagrun for example_sensors to None, run_after=None
[2024-11-13T19:32:06.588+0000] {processor.py:208} INFO - Processing /home/airflow/.local/lib/python3.12/site-packages/airflow/example_dags/example_sensors.py took 0.056 seconds
[2024-11-13T19:32:37.148+0000] {processor.py:186} INFO - Started process (PID=1241) to work on /home/airflow/.local/lib/python3.12/site-packages/airflow/example_dags/example_sensors.py
[2024-11-13T19:32:37.149+0000] {processor.py:914} INFO - Processing file /home/airflow/.local/lib/python3.12/site-packages/airflow/example_dags/example_sensors.py for tasks to queue
[2024-11-13T19:32:37.151+0000] {logging_mixin.py:190} INFO - [2024-11-13T19:32:37.151+0000] {dagbag.py:588} INFO - Filling up the DagBag from /home/airflow/.local/lib/python3.12/site-packages/airflow/example_dags/example_sensors.py
[2024-11-13T19:32:37.159+0000] {processor.py:925} INFO - DAG(s) 'example_sensors' retrieved from /home/airflow/.local/lib/python3.12/site-packages/airflow/example_dags/example_sensors.py
[2024-11-13T19:32:37.180+0000] {logging_mixin.py:190} INFO - [2024-11-13T19:32:37.180+0000] {dag.py:3239} INFO - Sync 1 DAGs
[2024-11-13T19:32:37.192+0000] {logging_mixin.py:190} INFO - [2024-11-13T19:32:37.191+0000] {dag.py:4180} INFO - Setting next_dagrun for example_sensors to None, run_after=None
[2024-11-13T19:32:37.208+0000] {processor.py:208} INFO - Processing /home/airflow/.local/lib/python3.12/site-packages/airflow/example_dags/example_sensors.py took 0.064 seconds
[2024-11-13T19:33:08.268+0000] {processor.py:186} INFO - Started process (PID=1305) to work on /home/airflow/.local/lib/python3.12/site-packages/airflow/example_dags/example_sensors.py
[2024-11-13T19:33:08.269+0000] {processor.py:914} INFO - Processing file /home/airflow/.local/lib/python3.12/site-packages/airflow/example_dags/example_sensors.py for tasks to queue
[2024-11-13T19:33:08.271+0000] {logging_mixin.py:190} INFO - [2024-11-13T19:33:08.270+0000] {dagbag.py:588} INFO - Filling up the DagBag from /home/airflow/.local/lib/python3.12/site-packages/airflow/example_dags/example_sensors.py
[2024-11-13T19:33:08.280+0000] {processor.py:925} INFO - DAG(s) 'example_sensors' retrieved from /home/airflow/.local/lib/python3.12/site-packages/airflow/example_dags/example_sensors.py
[2024-11-13T19:33:08.299+0000] {logging_mixin.py:190} INFO - [2024-11-13T19:33:08.299+0000] {dag.py:3239} INFO - Sync 1 DAGs
[2024-11-13T19:33:08.309+0000] {logging_mixin.py:190} INFO - [2024-11-13T19:33:08.309+0000] {dag.py:4180} INFO - Setting next_dagrun for example_sensors to None, run_after=None
[2024-11-13T19:33:08.322+0000] {processor.py:208} INFO - Processing /home/airflow/.local/lib/python3.12/site-packages/airflow/example_dags/example_sensors.py took 0.058 seconds
[2024-11-13T19:33:38.894+0000] {processor.py:186} INFO - Started process (PID=1368) to work on /home/airflow/.local/lib/python3.12/site-packages/airflow/example_dags/example_sensors.py
[2024-11-13T19:33:38.895+0000] {processor.py:914} INFO - Processing file /home/airflow/.local/lib/python3.12/site-packages/airflow/example_dags/example_sensors.py for tasks to queue
[2024-11-13T19:33:38.897+0000] {logging_mixin.py:190} INFO - [2024-11-13T19:33:38.897+0000] {dagbag.py:588} INFO - Filling up the DagBag from /home/airflow/.local/lib/python3.12/site-packages/airflow/example_dags/example_sensors.py
[2024-11-13T19:33:38.907+0000] {processor.py:925} INFO - DAG(s) 'example_sensors' retrieved from /home/airflow/.local/lib/python3.12/site-packages/airflow/example_dags/example_sensors.py
[2024-11-13T19:33:38.926+0000] {logging_mixin.py:190} INFO - [2024-11-13T19:33:38.926+0000] {dag.py:3239} INFO - Sync 1 DAGs
[2024-11-13T19:33:38.936+0000] {logging_mixin.py:190} INFO - [2024-11-13T19:33:38.936+0000] {dag.py:4180} INFO - Setting next_dagrun for example_sensors to None, run_after=None
[2024-11-13T19:33:38.950+0000] {processor.py:208} INFO - Processing /home/airflow/.local/lib/python3.12/site-packages/airflow/example_dags/example_sensors.py took 0.060 seconds
[2024-11-13T19:34:09.978+0000] {processor.py:186} INFO - Started process (PID=1431) to work on /home/airflow/.local/lib/python3.12/site-packages/airflow/example_dags/example_sensors.py
[2024-11-13T19:34:09.979+0000] {processor.py:914} INFO - Processing file /home/airflow/.local/lib/python3.12/site-packages/airflow/example_dags/example_sensors.py for tasks to queue
[2024-11-13T19:34:09.981+0000] {logging_mixin.py:190} INFO - [2024-11-13T19:34:09.980+0000] {dagbag.py:588} INFO - Filling up the DagBag from /home/airflow/.local/lib/python3.12/site-packages/airflow/example_dags/example_sensors.py
[2024-11-13T19:34:09.989+0000] {processor.py:925} INFO - DAG(s) 'example_sensors' retrieved from /home/airflow/.local/lib/python3.12/site-packages/airflow/example_dags/example_sensors.py
[2024-11-13T19:34:10.008+0000] {logging_mixin.py:190} INFO - [2024-11-13T19:34:10.008+0000] {dag.py:3239} INFO - Sync 1 DAGs
[2024-11-13T19:34:10.019+0000] {logging_mixin.py:190} INFO - [2024-11-13T19:34:10.019+0000] {dag.py:4180} INFO - Setting next_dagrun for example_sensors to None, run_after=None
[2024-11-13T19:34:10.032+0000] {processor.py:208} INFO - Processing /home/airflow/.local/lib/python3.12/site-packages/airflow/example_dags/example_sensors.py took 0.058 seconds
[2024-11-13T19:34:41.531+0000] {processor.py:186} INFO - Started process (PID=1494) to work on /home/airflow/.local/lib/python3.12/site-packages/airflow/example_dags/example_sensors.py
[2024-11-13T19:34:41.532+0000] {processor.py:914} INFO - Processing file /home/airflow/.local/lib/python3.12/site-packages/airflow/example_dags/example_sensors.py for tasks to queue
[2024-11-13T19:34:41.534+0000] {logging_mixin.py:190} INFO - [2024-11-13T19:34:41.534+0000] {dagbag.py:588} INFO - Filling up the DagBag from /home/airflow/.local/lib/python3.12/site-packages/airflow/example_dags/example_sensors.py
[2024-11-13T19:34:41.542+0000] {processor.py:925} INFO - DAG(s) 'example_sensors' retrieved from /home/airflow/.local/lib/python3.12/site-packages/airflow/example_dags/example_sensors.py
[2024-11-13T19:34:41.562+0000] {logging_mixin.py:190} INFO - [2024-11-13T19:34:41.562+0000] {dag.py:3239} INFO - Sync 1 DAGs
[2024-11-13T19:34:41.572+0000] {logging_mixin.py:190} INFO - [2024-11-13T19:34:41.572+0000] {dag.py:4180} INFO - Setting next_dagrun for example_sensors to None, run_after=None
[2024-11-13T19:34:41.587+0000] {processor.py:208} INFO - Processing /home/airflow/.local/lib/python3.12/site-packages/airflow/example_dags/example_sensors.py took 0.060 seconds
[2024-11-13T19:35:12.738+0000] {processor.py:186} INFO - Started process (PID=1557) to work on /home/airflow/.local/lib/python3.12/site-packages/airflow/example_dags/example_sensors.py
[2024-11-13T19:35:12.739+0000] {processor.py:914} INFO - Processing file /home/airflow/.local/lib/python3.12/site-packages/airflow/example_dags/example_sensors.py for tasks to queue
[2024-11-13T19:35:12.741+0000] {logging_mixin.py:190} INFO - [2024-11-13T19:35:12.741+0000] {dagbag.py:588} INFO - Filling up the DagBag from /home/airflow/.local/lib/python3.12/site-packages/airflow/example_dags/example_sensors.py
[2024-11-13T19:35:12.749+0000] {processor.py:925} INFO - DAG(s) 'example_sensors' retrieved from /home/airflow/.local/lib/python3.12/site-packages/airflow/example_dags/example_sensors.py
[2024-11-13T19:35:12.766+0000] {logging_mixin.py:190} INFO - [2024-11-13T19:35:12.766+0000] {dag.py:3239} INFO - Sync 1 DAGs
[2024-11-13T19:35:12.776+0000] {logging_mixin.py:190} INFO - [2024-11-13T19:35:12.775+0000] {dag.py:4180} INFO - Setting next_dagrun for example_sensors to None, run_after=None
[2024-11-13T19:35:12.788+0000] {processor.py:208} INFO - Processing /home/airflow/.local/lib/python3.12/site-packages/airflow/example_dags/example_sensors.py took 0.054 seconds
[2024-11-13T19:35:43.322+0000] {processor.py:186} INFO - Started process (PID=1620) to work on /home/airflow/.local/lib/python3.12/site-packages/airflow/example_dags/example_sensors.py
[2024-11-13T19:35:43.323+0000] {processor.py:914} INFO - Processing file /home/airflow/.local/lib/python3.12/site-packages/airflow/example_dags/example_sensors.py for tasks to queue
[2024-11-13T19:35:43.325+0000] {logging_mixin.py:190} INFO - [2024-11-13T19:35:43.324+0000] {dagbag.py:588} INFO - Filling up the DagBag from /home/airflow/.local/lib/python3.12/site-packages/airflow/example_dags/example_sensors.py
[2024-11-13T19:35:43.332+0000] {processor.py:925} INFO - DAG(s) 'example_sensors' retrieved from /home/airflow/.local/lib/python3.12/site-packages/airflow/example_dags/example_sensors.py
[2024-11-13T19:35:43.351+0000] {logging_mixin.py:190} INFO - [2024-11-13T19:35:43.350+0000] {dag.py:3239} INFO - Sync 1 DAGs
[2024-11-13T19:35:43.361+0000] {logging_mixin.py:190} INFO - [2024-11-13T19:35:43.361+0000] {dag.py:4180} INFO - Setting next_dagrun for example_sensors to None, run_after=None
[2024-11-13T19:35:43.372+0000] {processor.py:208} INFO - Processing /home/airflow/.local/lib/python3.12/site-packages/airflow/example_dags/example_sensors.py took 0.054 seconds
[2024-11-13T19:36:14.556+0000] {processor.py:186} INFO - Started process (PID=1683) to work on /home/airflow/.local/lib/python3.12/site-packages/airflow/example_dags/example_sensors.py
[2024-11-13T19:36:14.557+0000] {processor.py:914} INFO - Processing file /home/airflow/.local/lib/python3.12/site-packages/airflow/example_dags/example_sensors.py for tasks to queue
[2024-11-13T19:36:14.559+0000] {logging_mixin.py:190} INFO - [2024-11-13T19:36:14.558+0000] {dagbag.py:588} INFO - Filling up the DagBag from /home/airflow/.local/lib/python3.12/site-packages/airflow/example_dags/example_sensors.py
[2024-11-13T19:36:14.566+0000] {processor.py:925} INFO - DAG(s) 'example_sensors' retrieved from /home/airflow/.local/lib/python3.12/site-packages/airflow/example_dags/example_sensors.py
[2024-11-13T19:36:14.584+0000] {logging_mixin.py:190} INFO - [2024-11-13T19:36:14.584+0000] {dag.py:3239} INFO - Sync 1 DAGs
[2024-11-13T19:36:14.594+0000] {logging_mixin.py:190} INFO - [2024-11-13T19:36:14.594+0000] {dag.py:4180} INFO - Setting next_dagrun for example_sensors to None, run_after=None
[2024-11-13T19:36:14.607+0000] {processor.py:208} INFO - Processing /home/airflow/.local/lib/python3.12/site-packages/airflow/example_dags/example_sensors.py took 0.054 seconds
[2024-11-13T19:36:45.997+0000] {processor.py:186} INFO - Started process (PID=1746) to work on /home/airflow/.local/lib/python3.12/site-packages/airflow/example_dags/example_sensors.py
[2024-11-13T19:36:45.998+0000] {processor.py:914} INFO - Processing file /home/airflow/.local/lib/python3.12/site-packages/airflow/example_dags/example_sensors.py for tasks to queue
[2024-11-13T19:36:45.999+0000] {logging_mixin.py:190} INFO - [2024-11-13T19:36:45.999+0000] {dagbag.py:588} INFO - Filling up the DagBag from /home/airflow/.local/lib/python3.12/site-packages/airflow/example_dags/example_sensors.py
[2024-11-13T19:36:46.007+0000] {processor.py:925} INFO - DAG(s) 'example_sensors' retrieved from /home/airflow/.local/lib/python3.12/site-packages/airflow/example_dags/example_sensors.py
[2024-11-13T19:36:46.027+0000] {logging_mixin.py:190} INFO - [2024-11-13T19:36:46.026+0000] {dag.py:3239} INFO - Sync 1 DAGs
[2024-11-13T19:36:46.036+0000] {logging_mixin.py:190} INFO - [2024-11-13T19:36:46.036+0000] {dag.py:4180} INFO - Setting next_dagrun for example_sensors to None, run_after=None
[2024-11-13T19:36:46.051+0000] {processor.py:208} INFO - Processing /home/airflow/.local/lib/python3.12/site-packages/airflow/example_dags/example_sensors.py took 0.058 seconds
[2024-11-13T19:37:17.153+0000] {processor.py:186} INFO - Started process (PID=1809) to work on /home/airflow/.local/lib/python3.12/site-packages/airflow/example_dags/example_sensors.py
[2024-11-13T19:37:17.155+0000] {processor.py:914} INFO - Processing file /home/airflow/.local/lib/python3.12/site-packages/airflow/example_dags/example_sensors.py for tasks to queue
[2024-11-13T19:37:17.156+0000] {logging_mixin.py:190} INFO - [2024-11-13T19:37:17.156+0000] {dagbag.py:588} INFO - Filling up the DagBag from /home/airflow/.local/lib/python3.12/site-packages/airflow/example_dags/example_sensors.py
[2024-11-13T19:37:17.164+0000] {processor.py:925} INFO - DAG(s) 'example_sensors' retrieved from /home/airflow/.local/lib/python3.12/site-packages/airflow/example_dags/example_sensors.py
[2024-11-13T19:37:17.183+0000] {logging_mixin.py:190} INFO - [2024-11-13T19:37:17.182+0000] {dag.py:3239} INFO - Sync 1 DAGs
[2024-11-13T19:37:17.192+0000] {logging_mixin.py:190} INFO - [2024-11-13T19:37:17.192+0000] {dag.py:4180} INFO - Setting next_dagrun for example_sensors to None, run_after=None
[2024-11-13T19:37:17.205+0000] {processor.py:208} INFO - Processing /home/airflow/.local/lib/python3.12/site-packages/airflow/example_dags/example_sensors.py took 0.056 seconds
[2024-11-13T19:37:48.320+0000] {processor.py:186} INFO - Started process (PID=1872) to work on /home/airflow/.local/lib/python3.12/site-packages/airflow/example_dags/example_sensors.py
[2024-11-13T19:37:48.321+0000] {processor.py:914} INFO - Processing file /home/airflow/.local/lib/python3.12/site-packages/airflow/example_dags/example_sensors.py for tasks to queue
[2024-11-13T19:37:48.322+0000] {logging_mixin.py:190} INFO - [2024-11-13T19:37:48.322+0000] {dagbag.py:588} INFO - Filling up the DagBag from /home/airflow/.local/lib/python3.12/site-packages/airflow/example_dags/example_sensors.py
[2024-11-13T19:37:48.330+0000] {processor.py:925} INFO - DAG(s) 'example_sensors' retrieved from /home/airflow/.local/lib/python3.12/site-packages/airflow/example_dags/example_sensors.py
[2024-11-13T19:37:48.349+0000] {logging_mixin.py:190} INFO - [2024-11-13T19:37:48.349+0000] {dag.py:3239} INFO - Sync 1 DAGs
[2024-11-13T19:37:48.361+0000] {logging_mixin.py:190} INFO - [2024-11-13T19:37:48.360+0000] {dag.py:4180} INFO - Setting next_dagrun for example_sensors to None, run_after=None
[2024-11-13T19:37:48.375+0000] {processor.py:208} INFO - Processing /home/airflow/.local/lib/python3.12/site-packages/airflow/example_dags/example_sensors.py took 0.059 seconds
[2024-11-13T19:38:19.565+0000] {processor.py:186} INFO - Started process (PID=1935) to work on /home/airflow/.local/lib/python3.12/site-packages/airflow/example_dags/example_sensors.py
[2024-11-13T19:38:19.566+0000] {processor.py:914} INFO - Processing file /home/airflow/.local/lib/python3.12/site-packages/airflow/example_dags/example_sensors.py for tasks to queue
[2024-11-13T19:38:19.567+0000] {logging_mixin.py:190} INFO - [2024-11-13T19:38:19.567+0000] {dagbag.py:588} INFO - Filling up the DagBag from /home/airflow/.local/lib/python3.12/site-packages/airflow/example_dags/example_sensors.py
[2024-11-13T19:38:19.575+0000] {processor.py:925} INFO - DAG(s) 'example_sensors' retrieved from /home/airflow/.local/lib/python3.12/site-packages/airflow/example_dags/example_sensors.py
[2024-11-13T19:38:19.597+0000] {logging_mixin.py:190} INFO - [2024-11-13T19:38:19.597+0000] {dag.py:3239} INFO - Sync 1 DAGs
[2024-11-13T19:38:19.608+0000] {logging_mixin.py:190} INFO - [2024-11-13T19:38:19.608+0000] {dag.py:4180} INFO - Setting next_dagrun for example_sensors to None, run_after=None
[2024-11-13T19:38:19.623+0000] {processor.py:208} INFO - Processing /home/airflow/.local/lib/python3.12/site-packages/airflow/example_dags/example_sensors.py took 0.062 seconds
[2024-11-13T19:38:50.722+0000] {processor.py:186} INFO - Started process (PID=2004) to work on /home/airflow/.local/lib/python3.12/site-packages/airflow/example_dags/example_sensors.py
[2024-11-13T19:38:50.723+0000] {processor.py:914} INFO - Processing file /home/airflow/.local/lib/python3.12/site-packages/airflow/example_dags/example_sensors.py for tasks to queue
[2024-11-13T19:38:50.724+0000] {logging_mixin.py:190} INFO - [2024-11-13T19:38:50.724+0000] {dagbag.py:588} INFO - Filling up the DagBag from /home/airflow/.local/lib/python3.12/site-packages/airflow/example_dags/example_sensors.py
[2024-11-13T19:38:50.733+0000] {processor.py:925} INFO - DAG(s) 'example_sensors' retrieved from /home/airflow/.local/lib/python3.12/site-packages/airflow/example_dags/example_sensors.py
[2024-11-13T19:38:50.752+0000] {logging_mixin.py:190} INFO - [2024-11-13T19:38:50.752+0000] {dag.py:3239} INFO - Sync 1 DAGs
[2024-11-13T19:38:50.762+0000] {logging_mixin.py:190} INFO - [2024-11-13T19:38:50.762+0000] {dag.py:4180} INFO - Setting next_dagrun for example_sensors to None, run_after=None
[2024-11-13T19:38:50.775+0000] {processor.py:208} INFO - Processing /home/airflow/.local/lib/python3.12/site-packages/airflow/example_dags/example_sensors.py took 0.057 seconds
[2024-11-13T19:39:22.032+0000] {processor.py:186} INFO - Started process (PID=2067) to work on /home/airflow/.local/lib/python3.12/site-packages/airflow/example_dags/example_sensors.py
[2024-11-13T19:39:22.033+0000] {processor.py:914} INFO - Processing file /home/airflow/.local/lib/python3.12/site-packages/airflow/example_dags/example_sensors.py for tasks to queue
[2024-11-13T19:39:22.034+0000] {logging_mixin.py:190} INFO - [2024-11-13T19:39:22.034+0000] {dagbag.py:588} INFO - Filling up the DagBag from /home/airflow/.local/lib/python3.12/site-packages/airflow/example_dags/example_sensors.py
[2024-11-13T19:39:22.042+0000] {processor.py:925} INFO - DAG(s) 'example_sensors' retrieved from /home/airflow/.local/lib/python3.12/site-packages/airflow/example_dags/example_sensors.py
[2024-11-13T19:39:22.061+0000] {logging_mixin.py:190} INFO - [2024-11-13T19:39:22.061+0000] {dag.py:3239} INFO - Sync 1 DAGs
[2024-11-13T19:39:22.073+0000] {logging_mixin.py:190} INFO - [2024-11-13T19:39:22.072+0000] {dag.py:4180} INFO - Setting next_dagrun for example_sensors to None, run_after=None
[2024-11-13T19:39:22.089+0000] {processor.py:208} INFO - Processing /home/airflow/.local/lib/python3.12/site-packages/airflow/example_dags/example_sensors.py took 0.061 seconds
[2024-11-13T19:39:53.333+0000] {processor.py:186} INFO - Started process (PID=2130) to work on /home/airflow/.local/lib/python3.12/site-packages/airflow/example_dags/example_sensors.py
[2024-11-13T19:39:53.333+0000] {processor.py:914} INFO - Processing file /home/airflow/.local/lib/python3.12/site-packages/airflow/example_dags/example_sensors.py for tasks to queue
[2024-11-13T19:39:53.335+0000] {logging_mixin.py:190} INFO - [2024-11-13T19:39:53.335+0000] {dagbag.py:588} INFO - Filling up the DagBag from /home/airflow/.local/lib/python3.12/site-packages/airflow/example_dags/example_sensors.py
[2024-11-13T19:39:53.344+0000] {processor.py:925} INFO - DAG(s) 'example_sensors' retrieved from /home/airflow/.local/lib/python3.12/site-packages/airflow/example_dags/example_sensors.py
[2024-11-13T19:39:53.363+0000] {logging_mixin.py:190} INFO - [2024-11-13T19:39:53.363+0000] {dag.py:3239} INFO - Sync 1 DAGs
[2024-11-13T19:39:53.373+0000] {logging_mixin.py:190} INFO - [2024-11-13T19:39:53.373+0000] {dag.py:4180} INFO - Setting next_dagrun for example_sensors to None, run_after=None
[2024-11-13T19:39:53.388+0000] {processor.py:208} INFO - Processing /home/airflow/.local/lib/python3.12/site-packages/airflow/example_dags/example_sensors.py took 0.059 seconds
[2024-11-13T19:40:24.239+0000] {processor.py:186} INFO - Started process (PID=2193) to work on /home/airflow/.local/lib/python3.12/site-packages/airflow/example_dags/example_sensors.py
[2024-11-13T19:40:24.240+0000] {processor.py:914} INFO - Processing file /home/airflow/.local/lib/python3.12/site-packages/airflow/example_dags/example_sensors.py for tasks to queue
[2024-11-13T19:40:24.241+0000] {logging_mixin.py:190} INFO - [2024-11-13T19:40:24.241+0000] {dagbag.py:588} INFO - Filling up the DagBag from /home/airflow/.local/lib/python3.12/site-packages/airflow/example_dags/example_sensors.py
[2024-11-13T19:40:24.249+0000] {processor.py:925} INFO - DAG(s) 'example_sensors' retrieved from /home/airflow/.local/lib/python3.12/site-packages/airflow/example_dags/example_sensors.py
[2024-11-13T19:40:24.271+0000] {logging_mixin.py:190} INFO - [2024-11-13T19:40:24.271+0000] {dag.py:3239} INFO - Sync 1 DAGs
[2024-11-13T19:40:24.282+0000] {logging_mixin.py:190} INFO - [2024-11-13T19:40:24.282+0000] {dag.py:4180} INFO - Setting next_dagrun for example_sensors to None, run_after=None
[2024-11-13T19:40:24.297+0000] {processor.py:208} INFO - Processing /home/airflow/.local/lib/python3.12/site-packages/airflow/example_dags/example_sensors.py took 0.064 seconds
[2024-11-13T19:40:55.112+0000] {processor.py:186} INFO - Started process (PID=2256) to work on /home/airflow/.local/lib/python3.12/site-packages/airflow/example_dags/example_sensors.py
[2024-11-13T19:40:55.113+0000] {processor.py:914} INFO - Processing file /home/airflow/.local/lib/python3.12/site-packages/airflow/example_dags/example_sensors.py for tasks to queue
[2024-11-13T19:40:55.115+0000] {logging_mixin.py:190} INFO - [2024-11-13T19:40:55.115+0000] {dagbag.py:588} INFO - Filling up the DagBag from /home/airflow/.local/lib/python3.12/site-packages/airflow/example_dags/example_sensors.py
[2024-11-13T19:40:55.124+0000] {processor.py:925} INFO - DAG(s) 'example_sensors' retrieved from /home/airflow/.local/lib/python3.12/site-packages/airflow/example_dags/example_sensors.py
[2024-11-13T19:40:55.144+0000] {logging_mixin.py:190} INFO - [2024-11-13T19:40:55.144+0000] {dag.py:3239} INFO - Sync 1 DAGs
[2024-11-13T19:40:55.155+0000] {logging_mixin.py:190} INFO - [2024-11-13T19:40:55.155+0000] {dag.py:4180} INFO - Setting next_dagrun for example_sensors to None, run_after=None
[2024-11-13T19:40:55.169+0000] {processor.py:208} INFO - Processing /home/airflow/.local/lib/python3.12/site-packages/airflow/example_dags/example_sensors.py took 0.061 seconds
[2024-11-13T19:41:25.614+0000] {processor.py:186} INFO - Started process (PID=2319) to work on /home/airflow/.local/lib/python3.12/site-packages/airflow/example_dags/example_sensors.py
[2024-11-13T19:41:25.615+0000] {processor.py:914} INFO - Processing file /home/airflow/.local/lib/python3.12/site-packages/airflow/example_dags/example_sensors.py for tasks to queue
[2024-11-13T19:41:25.616+0000] {logging_mixin.py:190} INFO - [2024-11-13T19:41:25.616+0000] {dagbag.py:588} INFO - Filling up the DagBag from /home/airflow/.local/lib/python3.12/site-packages/airflow/example_dags/example_sensors.py
[2024-11-13T19:41:25.625+0000] {processor.py:925} INFO - DAG(s) 'example_sensors' retrieved from /home/airflow/.local/lib/python3.12/site-packages/airflow/example_dags/example_sensors.py
[2024-11-13T19:41:25.646+0000] {logging_mixin.py:190} INFO - [2024-11-13T19:41:25.646+0000] {dag.py:3239} INFO - Sync 1 DAGs
[2024-11-13T19:41:25.656+0000] {logging_mixin.py:190} INFO - [2024-11-13T19:41:25.656+0000] {dag.py:4180} INFO - Setting next_dagrun for example_sensors to None, run_after=None
[2024-11-13T19:41:25.672+0000] {processor.py:208} INFO - Processing /home/airflow/.local/lib/python3.12/site-packages/airflow/example_dags/example_sensors.py took 0.062 seconds
[2024-11-13T19:41:56.999+0000] {processor.py:186} INFO - Started process (PID=2387) to work on /home/airflow/.local/lib/python3.12/site-packages/airflow/example_dags/example_sensors.py
[2024-11-13T19:41:57.001+0000] {processor.py:914} INFO - Processing file /home/airflow/.local/lib/python3.12/site-packages/airflow/example_dags/example_sensors.py for tasks to queue
[2024-11-13T19:41:57.002+0000] {logging_mixin.py:190} INFO - [2024-11-13T19:41:57.002+0000] {dagbag.py:588} INFO - Filling up the DagBag from /home/airflow/.local/lib/python3.12/site-packages/airflow/example_dags/example_sensors.py
[2024-11-13T19:41:57.011+0000] {processor.py:925} INFO - DAG(s) 'example_sensors' retrieved from /home/airflow/.local/lib/python3.12/site-packages/airflow/example_dags/example_sensors.py
[2024-11-13T19:41:57.031+0000] {logging_mixin.py:190} INFO - [2024-11-13T19:41:57.031+0000] {dag.py:3239} INFO - Sync 1 DAGs
[2024-11-13T19:41:57.042+0000] {logging_mixin.py:190} INFO - [2024-11-13T19:41:57.042+0000] {dag.py:4180} INFO - Setting next_dagrun for example_sensors to None, run_after=None
[2024-11-13T19:41:57.057+0000] {processor.py:208} INFO - Processing /home/airflow/.local/lib/python3.12/site-packages/airflow/example_dags/example_sensors.py took 0.062 seconds
[2024-11-13T19:42:29.181+0000] {processor.py:186} INFO - Started process (PID=2462) to work on /home/airflow/.local/lib/python3.12/site-packages/airflow/example_dags/example_sensors.py
[2024-11-13T19:42:29.182+0000] {processor.py:914} INFO - Processing file /home/airflow/.local/lib/python3.12/site-packages/airflow/example_dags/example_sensors.py for tasks to queue
[2024-11-13T19:42:29.184+0000] {logging_mixin.py:190} INFO - [2024-11-13T19:42:29.184+0000] {dagbag.py:588} INFO - Filling up the DagBag from /home/airflow/.local/lib/python3.12/site-packages/airflow/example_dags/example_sensors.py
[2024-11-13T19:42:29.192+0000] {processor.py:925} INFO - DAG(s) 'example_sensors' retrieved from /home/airflow/.local/lib/python3.12/site-packages/airflow/example_dags/example_sensors.py
[2024-11-13T19:42:29.212+0000] {logging_mixin.py:190} INFO - [2024-11-13T19:42:29.212+0000] {dag.py:3239} INFO - Sync 1 DAGs
[2024-11-13T19:42:29.223+0000] {logging_mixin.py:190} INFO - [2024-11-13T19:42:29.223+0000] {dag.py:4180} INFO - Setting next_dagrun for example_sensors to None, run_after=None
[2024-11-13T19:42:29.237+0000] {processor.py:208} INFO - Processing /home/airflow/.local/lib/python3.12/site-packages/airflow/example_dags/example_sensors.py took 0.061 seconds
[2024-11-13T19:42:59.604+0000] {processor.py:186} INFO - Started process (PID=2525) to work on /home/airflow/.local/lib/python3.12/site-packages/airflow/example_dags/example_sensors.py
[2024-11-13T19:42:59.605+0000] {processor.py:914} INFO - Processing file /home/airflow/.local/lib/python3.12/site-packages/airflow/example_dags/example_sensors.py for tasks to queue
[2024-11-13T19:42:59.606+0000] {logging_mixin.py:190} INFO - [2024-11-13T19:42:59.606+0000] {dagbag.py:588} INFO - Filling up the DagBag from /home/airflow/.local/lib/python3.12/site-packages/airflow/example_dags/example_sensors.py
[2024-11-13T19:42:59.616+0000] {processor.py:925} INFO - DAG(s) 'example_sensors' retrieved from /home/airflow/.local/lib/python3.12/site-packages/airflow/example_dags/example_sensors.py
[2024-11-13T19:42:59.636+0000] {logging_mixin.py:190} INFO - [2024-11-13T19:42:59.636+0000] {dag.py:3239} INFO - Sync 1 DAGs
[2024-11-13T19:42:59.646+0000] {logging_mixin.py:190} INFO - [2024-11-13T19:42:59.646+0000] {dag.py:4180} INFO - Setting next_dagrun for example_sensors to None, run_after=None
[2024-11-13T19:42:59.662+0000] {processor.py:208} INFO - Processing /home/airflow/.local/lib/python3.12/site-packages/airflow/example_dags/example_sensors.py took 0.062 seconds
[2024-11-13T19:43:30.119+0000] {processor.py:186} INFO - Started process (PID=2588) to work on /home/airflow/.local/lib/python3.12/site-packages/airflow/example_dags/example_sensors.py
[2024-11-13T19:43:30.120+0000] {processor.py:914} INFO - Processing file /home/airflow/.local/lib/python3.12/site-packages/airflow/example_dags/example_sensors.py for tasks to queue
[2024-11-13T19:43:30.122+0000] {logging_mixin.py:190} INFO - [2024-11-13T19:43:30.121+0000] {dagbag.py:588} INFO - Filling up the DagBag from /home/airflow/.local/lib/python3.12/site-packages/airflow/example_dags/example_sensors.py
[2024-11-13T19:43:30.130+0000] {processor.py:925} INFO - DAG(s) 'example_sensors' retrieved from /home/airflow/.local/lib/python3.12/site-packages/airflow/example_dags/example_sensors.py
[2024-11-13T19:43:30.150+0000] {logging_mixin.py:190} INFO - [2024-11-13T19:43:30.150+0000] {dag.py:3239} INFO - Sync 1 DAGs
[2024-11-13T19:43:30.161+0000] {logging_mixin.py:190} INFO - [2024-11-13T19:43:30.161+0000] {dag.py:4180} INFO - Setting next_dagrun for example_sensors to None, run_after=None
[2024-11-13T19:43:30.175+0000] {processor.py:208} INFO - Processing /home/airflow/.local/lib/python3.12/site-packages/airflow/example_dags/example_sensors.py took 0.060 seconds
[2024-11-13T19:44:00.599+0000] {processor.py:186} INFO - Started process (PID=2651) to work on /home/airflow/.local/lib/python3.12/site-packages/airflow/example_dags/example_sensors.py
[2024-11-13T19:44:00.600+0000] {processor.py:914} INFO - Processing file /home/airflow/.local/lib/python3.12/site-packages/airflow/example_dags/example_sensors.py for tasks to queue
[2024-11-13T19:44:00.602+0000] {logging_mixin.py:190} INFO - [2024-11-13T19:44:00.602+0000] {dagbag.py:588} INFO - Filling up the DagBag from /home/airflow/.local/lib/python3.12/site-packages/airflow/example_dags/example_sensors.py
[2024-11-13T19:44:00.610+0000] {processor.py:925} INFO - DAG(s) 'example_sensors' retrieved from /home/airflow/.local/lib/python3.12/site-packages/airflow/example_dags/example_sensors.py
[2024-11-13T19:44:00.629+0000] {logging_mixin.py:190} INFO - [2024-11-13T19:44:00.629+0000] {dag.py:3239} INFO - Sync 1 DAGs
[2024-11-13T19:44:00.639+0000] {logging_mixin.py:190} INFO - [2024-11-13T19:44:00.639+0000] {dag.py:4180} INFO - Setting next_dagrun for example_sensors to None, run_after=None
[2024-11-13T19:44:00.658+0000] {processor.py:208} INFO - Processing /home/airflow/.local/lib/python3.12/site-packages/airflow/example_dags/example_sensors.py took 0.063 seconds
[2024-11-13T19:44:31.232+0000] {processor.py:186} INFO - Started process (PID=2714) to work on /home/airflow/.local/lib/python3.12/site-packages/airflow/example_dags/example_sensors.py
[2024-11-13T19:44:31.233+0000] {processor.py:914} INFO - Processing file /home/airflow/.local/lib/python3.12/site-packages/airflow/example_dags/example_sensors.py for tasks to queue
[2024-11-13T19:44:31.235+0000] {logging_mixin.py:190} INFO - [2024-11-13T19:44:31.234+0000] {dagbag.py:588} INFO - Filling up the DagBag from /home/airflow/.local/lib/python3.12/site-packages/airflow/example_dags/example_sensors.py
[2024-11-13T19:44:31.243+0000] {processor.py:925} INFO - DAG(s) 'example_sensors' retrieved from /home/airflow/.local/lib/python3.12/site-packages/airflow/example_dags/example_sensors.py
[2024-11-13T19:44:31.264+0000] {logging_mixin.py:190} INFO - [2024-11-13T19:44:31.264+0000] {dag.py:3239} INFO - Sync 1 DAGs
[2024-11-13T19:44:31.275+0000] {logging_mixin.py:190} INFO - [2024-11-13T19:44:31.275+0000] {dag.py:4180} INFO - Setting next_dagrun for example_sensors to None, run_after=None
[2024-11-13T19:44:31.289+0000] {processor.py:208} INFO - Processing /home/airflow/.local/lib/python3.12/site-packages/airflow/example_dags/example_sensors.py took 0.061 seconds
[2024-11-13T19:45:01.785+0000] {processor.py:186} INFO - Started process (PID=2776) to work on /home/airflow/.local/lib/python3.12/site-packages/airflow/example_dags/example_sensors.py
[2024-11-13T19:45:01.786+0000] {processor.py:914} INFO - Processing file /home/airflow/.local/lib/python3.12/site-packages/airflow/example_dags/example_sensors.py for tasks to queue
[2024-11-13T19:45:01.788+0000] {logging_mixin.py:190} INFO - [2024-11-13T19:45:01.787+0000] {dagbag.py:588} INFO - Filling up the DagBag from /home/airflow/.local/lib/python3.12/site-packages/airflow/example_dags/example_sensors.py
[2024-11-13T19:45:01.796+0000] {processor.py:925} INFO - DAG(s) 'example_sensors' retrieved from /home/airflow/.local/lib/python3.12/site-packages/airflow/example_dags/example_sensors.py
[2024-11-13T19:45:01.815+0000] {logging_mixin.py:190} INFO - [2024-11-13T19:45:01.815+0000] {dag.py:3239} INFO - Sync 1 DAGs
[2024-11-13T19:45:01.826+0000] {logging_mixin.py:190} INFO - [2024-11-13T19:45:01.825+0000] {dag.py:4180} INFO - Setting next_dagrun for example_sensors to None, run_after=None
[2024-11-13T19:45:01.842+0000] {processor.py:208} INFO - Processing /home/airflow/.local/lib/python3.12/site-packages/airflow/example_dags/example_sensors.py took 0.061 seconds
[2024-11-13T19:45:32.878+0000] {processor.py:186} INFO - Started process (PID=2839) to work on /home/airflow/.local/lib/python3.12/site-packages/airflow/example_dags/example_sensors.py
[2024-11-13T19:45:32.879+0000] {processor.py:914} INFO - Processing file /home/airflow/.local/lib/python3.12/site-packages/airflow/example_dags/example_sensors.py for tasks to queue
[2024-11-13T19:45:32.881+0000] {logging_mixin.py:190} INFO - [2024-11-13T19:45:32.880+0000] {dagbag.py:588} INFO - Filling up the DagBag from /home/airflow/.local/lib/python3.12/site-packages/airflow/example_dags/example_sensors.py
[2024-11-13T19:45:32.890+0000] {processor.py:925} INFO - DAG(s) 'example_sensors' retrieved from /home/airflow/.local/lib/python3.12/site-packages/airflow/example_dags/example_sensors.py
[2024-11-13T19:45:32.912+0000] {logging_mixin.py:190} INFO - [2024-11-13T19:45:32.911+0000] {dag.py:3239} INFO - Sync 1 DAGs
[2024-11-13T19:45:32.923+0000] {logging_mixin.py:190} INFO - [2024-11-13T19:45:32.923+0000] {dag.py:4180} INFO - Setting next_dagrun for example_sensors to None, run_after=None
[2024-11-13T19:45:32.940+0000] {processor.py:208} INFO - Processing /home/airflow/.local/lib/python3.12/site-packages/airflow/example_dags/example_sensors.py took 0.066 seconds
[2024-11-13T19:46:03.702+0000] {processor.py:186} INFO - Started process (PID=2904) to work on /home/airflow/.local/lib/python3.12/site-packages/airflow/example_dags/example_sensors.py
[2024-11-13T19:46:03.703+0000] {processor.py:914} INFO - Processing file /home/airflow/.local/lib/python3.12/site-packages/airflow/example_dags/example_sensors.py for tasks to queue
[2024-11-13T19:46:03.704+0000] {logging_mixin.py:190} INFO - [2024-11-13T19:46:03.704+0000] {dagbag.py:588} INFO - Filling up the DagBag from /home/airflow/.local/lib/python3.12/site-packages/airflow/example_dags/example_sensors.py
[2024-11-13T19:46:03.713+0000] {processor.py:925} INFO - DAG(s) 'example_sensors' retrieved from /home/airflow/.local/lib/python3.12/site-packages/airflow/example_dags/example_sensors.py
[2024-11-13T19:46:03.732+0000] {logging_mixin.py:190} INFO - [2024-11-13T19:46:03.732+0000] {dag.py:3239} INFO - Sync 1 DAGs
[2024-11-13T19:46:03.745+0000] {logging_mixin.py:190} INFO - [2024-11-13T19:46:03.744+0000] {dag.py:4180} INFO - Setting next_dagrun for example_sensors to None, run_after=None
[2024-11-13T19:46:03.899+0000] {processor.py:208} INFO - Processing /home/airflow/.local/lib/python3.12/site-packages/airflow/example_dags/example_sensors.py took 0.204 seconds
[2024-11-13T19:46:34.653+0000] {processor.py:186} INFO - Started process (PID=2967) to work on /home/airflow/.local/lib/python3.12/site-packages/airflow/example_dags/example_sensors.py
[2024-11-13T19:46:34.654+0000] {processor.py:914} INFO - Processing file /home/airflow/.local/lib/python3.12/site-packages/airflow/example_dags/example_sensors.py for tasks to queue
[2024-11-13T19:46:34.655+0000] {logging_mixin.py:190} INFO - [2024-11-13T19:46:34.655+0000] {dagbag.py:588} INFO - Filling up the DagBag from /home/airflow/.local/lib/python3.12/site-packages/airflow/example_dags/example_sensors.py
[2024-11-13T19:46:34.664+0000] {processor.py:925} INFO - DAG(s) 'example_sensors' retrieved from /home/airflow/.local/lib/python3.12/site-packages/airflow/example_dags/example_sensors.py
[2024-11-13T19:46:34.683+0000] {logging_mixin.py:190} INFO - [2024-11-13T19:46:34.683+0000] {dag.py:3239} INFO - Sync 1 DAGs
[2024-11-13T19:46:34.693+0000] {logging_mixin.py:190} INFO - [2024-11-13T19:46:34.693+0000] {dag.py:4180} INFO - Setting next_dagrun for example_sensors to None, run_after=None
[2024-11-13T19:46:34.707+0000] {processor.py:208} INFO - Processing /home/airflow/.local/lib/python3.12/site-packages/airflow/example_dags/example_sensors.py took 0.059 seconds
[2024-11-13T19:47:05.911+0000] {processor.py:186} INFO - Started process (PID=3034) to work on /home/airflow/.local/lib/python3.12/site-packages/airflow/example_dags/example_sensors.py
[2024-11-13T19:47:05.911+0000] {processor.py:914} INFO - Processing file /home/airflow/.local/lib/python3.12/site-packages/airflow/example_dags/example_sensors.py for tasks to queue
[2024-11-13T19:47:05.913+0000] {logging_mixin.py:190} INFO - [2024-11-13T19:47:05.913+0000] {dagbag.py:588} INFO - Filling up the DagBag from /home/airflow/.local/lib/python3.12/site-packages/airflow/example_dags/example_sensors.py
[2024-11-13T19:47:05.921+0000] {processor.py:925} INFO - DAG(s) 'example_sensors' retrieved from /home/airflow/.local/lib/python3.12/site-packages/airflow/example_dags/example_sensors.py
[2024-11-13T19:47:05.941+0000] {logging_mixin.py:190} INFO - [2024-11-13T19:47:05.941+0000] {dag.py:3239} INFO - Sync 1 DAGs
[2024-11-13T19:47:05.951+0000] {logging_mixin.py:190} INFO - [2024-11-13T19:47:05.951+0000] {dag.py:4180} INFO - Setting next_dagrun for example_sensors to None, run_after=None
[2024-11-13T19:47:05.965+0000] {processor.py:208} INFO - Processing /home/airflow/.local/lib/python3.12/site-packages/airflow/example_dags/example_sensors.py took 0.059 seconds
[2024-11-13T19:47:36.103+0000] {processor.py:186} INFO - Started process (PID=3097) to work on /home/airflow/.local/lib/python3.12/site-packages/airflow/example_dags/example_sensors.py
[2024-11-13T19:47:36.104+0000] {processor.py:914} INFO - Processing file /home/airflow/.local/lib/python3.12/site-packages/airflow/example_dags/example_sensors.py for tasks to queue
[2024-11-13T19:47:36.105+0000] {logging_mixin.py:190} INFO - [2024-11-13T19:47:36.105+0000] {dagbag.py:588} INFO - Filling up the DagBag from /home/airflow/.local/lib/python3.12/site-packages/airflow/example_dags/example_sensors.py
[2024-11-13T19:47:36.114+0000] {processor.py:925} INFO - DAG(s) 'example_sensors' retrieved from /home/airflow/.local/lib/python3.12/site-packages/airflow/example_dags/example_sensors.py
[2024-11-13T19:47:36.134+0000] {logging_mixin.py:190} INFO - [2024-11-13T19:47:36.134+0000] {dag.py:3239} INFO - Sync 1 DAGs
[2024-11-13T19:47:36.144+0000] {logging_mixin.py:190} INFO - [2024-11-13T19:47:36.144+0000] {dag.py:4180} INFO - Setting next_dagrun for example_sensors to None, run_after=None
[2024-11-13T19:47:36.158+0000] {processor.py:208} INFO - Processing /home/airflow/.local/lib/python3.12/site-packages/airflow/example_dags/example_sensors.py took 0.060 seconds
[2024-11-13T19:48:07.651+0000] {processor.py:186} INFO - Started process (PID=3162) to work on /home/airflow/.local/lib/python3.12/site-packages/airflow/example_dags/example_sensors.py
[2024-11-13T19:48:07.652+0000] {processor.py:914} INFO - Processing file /home/airflow/.local/lib/python3.12/site-packages/airflow/example_dags/example_sensors.py for tasks to queue
[2024-11-13T19:48:07.654+0000] {logging_mixin.py:190} INFO - [2024-11-13T19:48:07.653+0000] {dagbag.py:588} INFO - Filling up the DagBag from /home/airflow/.local/lib/python3.12/site-packages/airflow/example_dags/example_sensors.py
[2024-11-13T19:48:07.661+0000] {processor.py:925} INFO - DAG(s) 'example_sensors' retrieved from /home/airflow/.local/lib/python3.12/site-packages/airflow/example_dags/example_sensors.py
[2024-11-13T19:48:07.681+0000] {logging_mixin.py:190} INFO - [2024-11-13T19:48:07.681+0000] {dag.py:3239} INFO - Sync 1 DAGs
[2024-11-13T19:48:07.692+0000] {logging_mixin.py:190} INFO - [2024-11-13T19:48:07.691+0000] {dag.py:4180} INFO - Setting next_dagrun for example_sensors to None, run_after=None
[2024-11-13T19:48:07.705+0000] {processor.py:208} INFO - Processing /home/airflow/.local/lib/python3.12/site-packages/airflow/example_dags/example_sensors.py took 0.058 seconds
[2024-11-13T19:48:38.125+0000] {processor.py:186} INFO - Started process (PID=3225) to work on /home/airflow/.local/lib/python3.12/site-packages/airflow/example_dags/example_sensors.py
[2024-11-13T19:48:38.126+0000] {processor.py:914} INFO - Processing file /home/airflow/.local/lib/python3.12/site-packages/airflow/example_dags/example_sensors.py for tasks to queue
[2024-11-13T19:48:38.127+0000] {logging_mixin.py:190} INFO - [2024-11-13T19:48:38.127+0000] {dagbag.py:588} INFO - Filling up the DagBag from /home/airflow/.local/lib/python3.12/site-packages/airflow/example_dags/example_sensors.py
[2024-11-13T19:48:38.136+0000] {processor.py:925} INFO - DAG(s) 'example_sensors' retrieved from /home/airflow/.local/lib/python3.12/site-packages/airflow/example_dags/example_sensors.py
[2024-11-13T19:48:38.156+0000] {logging_mixin.py:190} INFO - [2024-11-13T19:48:38.155+0000] {dag.py:3239} INFO - Sync 1 DAGs
[2024-11-13T19:48:38.166+0000] {logging_mixin.py:190} INFO - [2024-11-13T19:48:38.165+0000] {dag.py:4180} INFO - Setting next_dagrun for example_sensors to None, run_after=None
[2024-11-13T19:48:38.180+0000] {processor.py:208} INFO - Processing /home/airflow/.local/lib/python3.12/site-packages/airflow/example_dags/example_sensors.py took 0.060 seconds
[2024-11-13T19:49:09.026+0000] {processor.py:186} INFO - Started process (PID=3288) to work on /home/airflow/.local/lib/python3.12/site-packages/airflow/example_dags/example_sensors.py
[2024-11-13T19:49:09.027+0000] {processor.py:914} INFO - Processing file /home/airflow/.local/lib/python3.12/site-packages/airflow/example_dags/example_sensors.py for tasks to queue
[2024-11-13T19:49:09.029+0000] {logging_mixin.py:190} INFO - [2024-11-13T19:49:09.028+0000] {dagbag.py:588} INFO - Filling up the DagBag from /home/airflow/.local/lib/python3.12/site-packages/airflow/example_dags/example_sensors.py
[2024-11-13T19:49:09.038+0000] {processor.py:925} INFO - DAG(s) 'example_sensors' retrieved from /home/airflow/.local/lib/python3.12/site-packages/airflow/example_dags/example_sensors.py
[2024-11-13T19:49:09.058+0000] {logging_mixin.py:190} INFO - [2024-11-13T19:49:09.058+0000] {dag.py:3239} INFO - Sync 1 DAGs
[2024-11-13T19:49:09.068+0000] {logging_mixin.py:190} INFO - [2024-11-13T19:49:09.068+0000] {dag.py:4180} INFO - Setting next_dagrun for example_sensors to None, run_after=None
[2024-11-13T19:49:09.082+0000] {processor.py:208} INFO - Processing /home/airflow/.local/lib/python3.12/site-packages/airflow/example_dags/example_sensors.py took 0.060 seconds
[2024-11-13T19:49:39.958+0000] {processor.py:186} INFO - Started process (PID=3351) to work on /home/airflow/.local/lib/python3.12/site-packages/airflow/example_dags/example_sensors.py
[2024-11-13T19:49:39.959+0000] {processor.py:914} INFO - Processing file /home/airflow/.local/lib/python3.12/site-packages/airflow/example_dags/example_sensors.py for tasks to queue
[2024-11-13T19:49:39.961+0000] {logging_mixin.py:190} INFO - [2024-11-13T19:49:39.960+0000] {dagbag.py:588} INFO - Filling up the DagBag from /home/airflow/.local/lib/python3.12/site-packages/airflow/example_dags/example_sensors.py
[2024-11-13T19:49:39.969+0000] {processor.py:925} INFO - DAG(s) 'example_sensors' retrieved from /home/airflow/.local/lib/python3.12/site-packages/airflow/example_dags/example_sensors.py
[2024-11-13T19:49:39.988+0000] {logging_mixin.py:190} INFO - [2024-11-13T19:49:39.988+0000] {dag.py:3239} INFO - Sync 1 DAGs
[2024-11-13T19:49:39.998+0000] {logging_mixin.py:190} INFO - [2024-11-13T19:49:39.998+0000] {dag.py:4180} INFO - Setting next_dagrun for example_sensors to None, run_after=None
[2024-11-13T19:49:40.013+0000] {processor.py:208} INFO - Processing /home/airflow/.local/lib/python3.12/site-packages/airflow/example_dags/example_sensors.py took 0.060 seconds
[2024-11-13T19:50:10.949+0000] {processor.py:186} INFO - Started process (PID=3414) to work on /home/airflow/.local/lib/python3.12/site-packages/airflow/example_dags/example_sensors.py
[2024-11-13T19:50:10.950+0000] {processor.py:914} INFO - Processing file /home/airflow/.local/lib/python3.12/site-packages/airflow/example_dags/example_sensors.py for tasks to queue
[2024-11-13T19:50:10.951+0000] {logging_mixin.py:190} INFO - [2024-11-13T19:50:10.951+0000] {dagbag.py:588} INFO - Filling up the DagBag from /home/airflow/.local/lib/python3.12/site-packages/airflow/example_dags/example_sensors.py
[2024-11-13T19:50:10.960+0000] {processor.py:925} INFO - DAG(s) 'example_sensors' retrieved from /home/airflow/.local/lib/python3.12/site-packages/airflow/example_dags/example_sensors.py
[2024-11-13T19:50:10.979+0000] {logging_mixin.py:190} INFO - [2024-11-13T19:50:10.979+0000] {dag.py:3239} INFO - Sync 1 DAGs
[2024-11-13T19:50:10.990+0000] {logging_mixin.py:190} INFO - [2024-11-13T19:50:10.989+0000] {dag.py:4180} INFO - Setting next_dagrun for example_sensors to None, run_after=None
[2024-11-13T19:50:11.005+0000] {processor.py:208} INFO - Processing /home/airflow/.local/lib/python3.12/site-packages/airflow/example_dags/example_sensors.py took 0.060 seconds
[2024-11-13T19:50:41.107+0000] {processor.py:186} INFO - Started process (PID=3477) to work on /home/airflow/.local/lib/python3.12/site-packages/airflow/example_dags/example_sensors.py
[2024-11-13T19:50:41.108+0000] {processor.py:914} INFO - Processing file /home/airflow/.local/lib/python3.12/site-packages/airflow/example_dags/example_sensors.py for tasks to queue
[2024-11-13T19:50:41.110+0000] {logging_mixin.py:190} INFO - [2024-11-13T19:50:41.109+0000] {dagbag.py:588} INFO - Filling up the DagBag from /home/airflow/.local/lib/python3.12/site-packages/airflow/example_dags/example_sensors.py
[2024-11-13T19:50:41.118+0000] {processor.py:925} INFO - DAG(s) 'example_sensors' retrieved from /home/airflow/.local/lib/python3.12/site-packages/airflow/example_dags/example_sensors.py
[2024-11-13T19:50:41.138+0000] {logging_mixin.py:190} INFO - [2024-11-13T19:50:41.138+0000] {dag.py:3239} INFO - Sync 1 DAGs
[2024-11-13T19:50:41.149+0000] {logging_mixin.py:190} INFO - [2024-11-13T19:50:41.149+0000] {dag.py:4180} INFO - Setting next_dagrun for example_sensors to None, run_after=None
[2024-11-13T19:50:41.162+0000] {processor.py:208} INFO - Processing /home/airflow/.local/lib/python3.12/site-packages/airflow/example_dags/example_sensors.py took 0.059 seconds
[2024-11-13T19:51:11.203+0000] {processor.py:186} INFO - Started process (PID=3539) to work on /home/airflow/.local/lib/python3.12/site-packages/airflow/example_dags/example_sensors.py
[2024-11-13T19:51:11.204+0000] {processor.py:914} INFO - Processing file /home/airflow/.local/lib/python3.12/site-packages/airflow/example_dags/example_sensors.py for tasks to queue
[2024-11-13T19:51:11.205+0000] {logging_mixin.py:190} INFO - [2024-11-13T19:51:11.205+0000] {dagbag.py:588} INFO - Filling up the DagBag from /home/airflow/.local/lib/python3.12/site-packages/airflow/example_dags/example_sensors.py
[2024-11-13T19:51:11.214+0000] {processor.py:925} INFO - DAG(s) 'example_sensors' retrieved from /home/airflow/.local/lib/python3.12/site-packages/airflow/example_dags/example_sensors.py
[2024-11-13T19:51:11.234+0000] {logging_mixin.py:190} INFO - [2024-11-13T19:51:11.234+0000] {dag.py:3239} INFO - Sync 1 DAGs
[2024-11-13T19:51:11.245+0000] {logging_mixin.py:190} INFO - [2024-11-13T19:51:11.245+0000] {dag.py:4180} INFO - Setting next_dagrun for example_sensors to None, run_after=None
[2024-11-13T19:51:11.258+0000] {processor.py:208} INFO - Processing /home/airflow/.local/lib/python3.12/site-packages/airflow/example_dags/example_sensors.py took 0.060 seconds
[2024-11-13T19:51:41.419+0000] {processor.py:186} INFO - Started process (PID=3602) to work on /home/airflow/.local/lib/python3.12/site-packages/airflow/example_dags/example_sensors.py
[2024-11-13T19:51:41.419+0000] {processor.py:914} INFO - Processing file /home/airflow/.local/lib/python3.12/site-packages/airflow/example_dags/example_sensors.py for tasks to queue
[2024-11-13T19:51:41.421+0000] {logging_mixin.py:190} INFO - [2024-11-13T19:51:41.421+0000] {dagbag.py:588} INFO - Filling up the DagBag from /home/airflow/.local/lib/python3.12/site-packages/airflow/example_dags/example_sensors.py
[2024-11-13T19:51:41.429+0000] {processor.py:925} INFO - DAG(s) 'example_sensors' retrieved from /home/airflow/.local/lib/python3.12/site-packages/airflow/example_dags/example_sensors.py
[2024-11-13T19:51:41.447+0000] {logging_mixin.py:190} INFO - [2024-11-13T19:51:41.447+0000] {dag.py:3239} INFO - Sync 1 DAGs
[2024-11-13T19:51:41.458+0000] {logging_mixin.py:190} INFO - [2024-11-13T19:51:41.457+0000] {dag.py:4180} INFO - Setting next_dagrun for example_sensors to None, run_after=None
[2024-11-13T19:51:41.472+0000] {processor.py:208} INFO - Processing /home/airflow/.local/lib/python3.12/site-packages/airflow/example_dags/example_sensors.py took 0.057 seconds
[2024-11-13T19:52:12.543+0000] {processor.py:186} INFO - Started process (PID=3665) to work on /home/airflow/.local/lib/python3.12/site-packages/airflow/example_dags/example_sensors.py
[2024-11-13T19:52:12.544+0000] {processor.py:914} INFO - Processing file /home/airflow/.local/lib/python3.12/site-packages/airflow/example_dags/example_sensors.py for tasks to queue
[2024-11-13T19:52:12.546+0000] {logging_mixin.py:190} INFO - [2024-11-13T19:52:12.546+0000] {dagbag.py:588} INFO - Filling up the DagBag from /home/airflow/.local/lib/python3.12/site-packages/airflow/example_dags/example_sensors.py
[2024-11-13T19:52:12.555+0000] {processor.py:925} INFO - DAG(s) 'example_sensors' retrieved from /home/airflow/.local/lib/python3.12/site-packages/airflow/example_dags/example_sensors.py
[2024-11-13T19:52:12.575+0000] {logging_mixin.py:190} INFO - [2024-11-13T19:52:12.574+0000] {dag.py:3239} INFO - Sync 1 DAGs
[2024-11-13T19:52:12.584+0000] {logging_mixin.py:190} INFO - [2024-11-13T19:52:12.584+0000] {dag.py:4180} INFO - Setting next_dagrun for example_sensors to None, run_after=None
[2024-11-13T19:52:12.598+0000] {processor.py:208} INFO - Processing /home/airflow/.local/lib/python3.12/site-packages/airflow/example_dags/example_sensors.py took 0.058 seconds
