[2024-11-13T19:23:15.561+0000] {processor.py:186} INFO - Started process (PID=69) to work on /home/airflow/.local/lib/python3.12/site-packages/airflow/example_dags/tutorial_dag.py
[2024-11-13T19:23:15.561+0000] {processor.py:914} INFO - Processing file /home/airflow/.local/lib/python3.12/site-packages/airflow/example_dags/tutorial_dag.py for tasks to queue
[2024-11-13T19:23:15.563+0000] {logging_mixin.py:190} INFO - [2024-11-13T19:23:15.563+0000] {dagbag.py:588} INFO - Filling up the DagBag from /home/airflow/.local/lib/python3.12/site-packages/airflow/example_dags/tutorial_dag.py
[2024-11-13T19:23:15.570+0000] {processor.py:925} INFO - DAG(s) 'tutorial_dag' retrieved from /home/airflow/.local/lib/python3.12/site-packages/airflow/example_dags/tutorial_dag.py
[2024-11-13T19:23:15.654+0000] {logging_mixin.py:190} INFO - [2024-11-13T19:23:15.653+0000] {override.py:1911} INFO - Created Permission View: can edit on DAG:tutorial_dag
[2024-11-13T19:23:15.661+0000] {logging_mixin.py:190} INFO - [2024-11-13T19:23:15.661+0000] {override.py:1911} INFO - Created Permission View: can read on DAG:tutorial_dag
[2024-11-13T19:23:15.666+0000] {logging_mixin.py:190} INFO - [2024-11-13T19:23:15.665+0000] {override.py:1911} INFO - Created Permission View: can delete on DAG:tutorial_dag
[2024-11-13T19:23:15.671+0000] {logging_mixin.py:190} INFO - [2024-11-13T19:23:15.671+0000] {override.py:1911} INFO - Created Permission View: can delete on DAG Run:tutorial_dag
[2024-11-13T19:23:15.675+0000] {logging_mixin.py:190} INFO - [2024-11-13T19:23:15.675+0000] {override.py:1911} INFO - Created Permission View: can read on DAG Run:tutorial_dag
[2024-11-13T19:23:15.680+0000] {logging_mixin.py:190} INFO - [2024-11-13T19:23:15.680+0000] {override.py:1911} INFO - Created Permission View: menu access on DAG Run:tutorial_dag
[2024-11-13T19:23:15.685+0000] {logging_mixin.py:190} INFO - [2024-11-13T19:23:15.685+0000] {override.py:1911} INFO - Created Permission View: can create on DAG Run:tutorial_dag
[2024-11-13T19:23:15.685+0000] {logging_mixin.py:190} INFO - [2024-11-13T19:23:15.685+0000] {dag.py:3239} INFO - Sync 1 DAGs
[2024-11-13T19:23:15.695+0000] {logging_mixin.py:190} INFO - [2024-11-13T19:23:15.695+0000] {dag.py:3262} INFO - Creating ORM DAG for tutorial_dag
[2024-11-13T19:23:15.696+0000] {logging_mixin.py:190} INFO - [2024-11-13T19:23:15.696+0000] {dag.py:4180} INFO - Setting next_dagrun for tutorial_dag to None, run_after=None
[2024-11-13T19:23:15.710+0000] {processor.py:208} INFO - Processing /home/airflow/.local/lib/python3.12/site-packages/airflow/example_dags/tutorial_dag.py took 0.154 seconds
[2024-11-13T19:23:45.830+0000] {processor.py:186} INFO - Started process (PID=132) to work on /home/airflow/.local/lib/python3.12/site-packages/airflow/example_dags/tutorial_dag.py
[2024-11-13T19:23:45.831+0000] {processor.py:914} INFO - Processing file /home/airflow/.local/lib/python3.12/site-packages/airflow/example_dags/tutorial_dag.py for tasks to queue
[2024-11-13T19:23:45.832+0000] {logging_mixin.py:190} INFO - [2024-11-13T19:23:45.832+0000] {dagbag.py:588} INFO - Filling up the DagBag from /home/airflow/.local/lib/python3.12/site-packages/airflow/example_dags/tutorial_dag.py
[2024-11-13T19:23:45.837+0000] {processor.py:925} INFO - DAG(s) 'tutorial_dag' retrieved from /home/airflow/.local/lib/python3.12/site-packages/airflow/example_dags/tutorial_dag.py
[2024-11-13T19:23:45.851+0000] {logging_mixin.py:190} INFO - [2024-11-13T19:23:45.851+0000] {dag.py:3239} INFO - Sync 1 DAGs
[2024-11-13T19:23:45.861+0000] {logging_mixin.py:190} INFO - [2024-11-13T19:23:45.860+0000] {dag.py:4180} INFO - Setting next_dagrun for tutorial_dag to None, run_after=None
[2024-11-13T19:23:45.872+0000] {processor.py:208} INFO - Processing /home/airflow/.local/lib/python3.12/site-packages/airflow/example_dags/tutorial_dag.py took 0.046 seconds
[2024-11-13T19:24:16.047+0000] {processor.py:186} INFO - Started process (PID=195) to work on /home/airflow/.local/lib/python3.12/site-packages/airflow/example_dags/tutorial_dag.py
[2024-11-13T19:24:16.048+0000] {processor.py:914} INFO - Processing file /home/airflow/.local/lib/python3.12/site-packages/airflow/example_dags/tutorial_dag.py for tasks to queue
[2024-11-13T19:24:16.050+0000] {logging_mixin.py:190} INFO - [2024-11-13T19:24:16.049+0000] {dagbag.py:588} INFO - Filling up the DagBag from /home/airflow/.local/lib/python3.12/site-packages/airflow/example_dags/tutorial_dag.py
[2024-11-13T19:24:16.055+0000] {processor.py:925} INFO - DAG(s) 'tutorial_dag' retrieved from /home/airflow/.local/lib/python3.12/site-packages/airflow/example_dags/tutorial_dag.py
[2024-11-13T19:24:16.069+0000] {logging_mixin.py:190} INFO - [2024-11-13T19:24:16.068+0000] {dag.py:3239} INFO - Sync 1 DAGs
[2024-11-13T19:24:16.078+0000] {logging_mixin.py:190} INFO - [2024-11-13T19:24:16.078+0000] {dag.py:4180} INFO - Setting next_dagrun for tutorial_dag to None, run_after=None
[2024-11-13T19:24:16.091+0000] {processor.py:208} INFO - Processing /home/airflow/.local/lib/python3.12/site-packages/airflow/example_dags/tutorial_dag.py took 0.048 seconds
[2024-11-13T19:24:46.262+0000] {processor.py:186} INFO - Started process (PID=258) to work on /home/airflow/.local/lib/python3.12/site-packages/airflow/example_dags/tutorial_dag.py
[2024-11-13T19:24:46.263+0000] {processor.py:914} INFO - Processing file /home/airflow/.local/lib/python3.12/site-packages/airflow/example_dags/tutorial_dag.py for tasks to queue
[2024-11-13T19:24:46.265+0000] {logging_mixin.py:190} INFO - [2024-11-13T19:24:46.264+0000] {dagbag.py:588} INFO - Filling up the DagBag from /home/airflow/.local/lib/python3.12/site-packages/airflow/example_dags/tutorial_dag.py
[2024-11-13T19:24:46.271+0000] {processor.py:925} INFO - DAG(s) 'tutorial_dag' retrieved from /home/airflow/.local/lib/python3.12/site-packages/airflow/example_dags/tutorial_dag.py
[2024-11-13T19:24:46.288+0000] {logging_mixin.py:190} INFO - [2024-11-13T19:24:46.287+0000] {dag.py:3239} INFO - Sync 1 DAGs
[2024-11-13T19:24:46.298+0000] {logging_mixin.py:190} INFO - [2024-11-13T19:24:46.298+0000] {dag.py:4180} INFO - Setting next_dagrun for tutorial_dag to None, run_after=None
[2024-11-13T19:24:46.311+0000] {processor.py:208} INFO - Processing /home/airflow/.local/lib/python3.12/site-packages/airflow/example_dags/tutorial_dag.py took 0.054 seconds
[2024-11-13T19:25:16.636+0000] {processor.py:186} INFO - Started process (PID=321) to work on /home/airflow/.local/lib/python3.12/site-packages/airflow/example_dags/tutorial_dag.py
[2024-11-13T19:25:16.637+0000] {processor.py:914} INFO - Processing file /home/airflow/.local/lib/python3.12/site-packages/airflow/example_dags/tutorial_dag.py for tasks to queue
[2024-11-13T19:25:16.639+0000] {logging_mixin.py:190} INFO - [2024-11-13T19:25:16.638+0000] {dagbag.py:588} INFO - Filling up the DagBag from /home/airflow/.local/lib/python3.12/site-packages/airflow/example_dags/tutorial_dag.py
[2024-11-13T19:25:16.644+0000] {processor.py:925} INFO - DAG(s) 'tutorial_dag' retrieved from /home/airflow/.local/lib/python3.12/site-packages/airflow/example_dags/tutorial_dag.py
[2024-11-13T19:25:16.658+0000] {logging_mixin.py:190} INFO - [2024-11-13T19:25:16.658+0000] {dag.py:3239} INFO - Sync 1 DAGs
[2024-11-13T19:25:16.668+0000] {logging_mixin.py:190} INFO - [2024-11-13T19:25:16.667+0000] {dag.py:4180} INFO - Setting next_dagrun for tutorial_dag to None, run_after=None
[2024-11-13T19:25:16.680+0000] {processor.py:208} INFO - Processing /home/airflow/.local/lib/python3.12/site-packages/airflow/example_dags/tutorial_dag.py took 0.048 seconds
[2024-11-13T19:25:46.874+0000] {processor.py:186} INFO - Started process (PID=384) to work on /home/airflow/.local/lib/python3.12/site-packages/airflow/example_dags/tutorial_dag.py
[2024-11-13T19:25:46.875+0000] {processor.py:914} INFO - Processing file /home/airflow/.local/lib/python3.12/site-packages/airflow/example_dags/tutorial_dag.py for tasks to queue
[2024-11-13T19:25:46.876+0000] {logging_mixin.py:190} INFO - [2024-11-13T19:25:46.876+0000] {dagbag.py:588} INFO - Filling up the DagBag from /home/airflow/.local/lib/python3.12/site-packages/airflow/example_dags/tutorial_dag.py
[2024-11-13T19:25:46.882+0000] {processor.py:925} INFO - DAG(s) 'tutorial_dag' retrieved from /home/airflow/.local/lib/python3.12/site-packages/airflow/example_dags/tutorial_dag.py
[2024-11-13T19:25:46.896+0000] {logging_mixin.py:190} INFO - [2024-11-13T19:25:46.896+0000] {dag.py:3239} INFO - Sync 1 DAGs
[2024-11-13T19:25:46.905+0000] {logging_mixin.py:190} INFO - [2024-11-13T19:25:46.905+0000] {dag.py:4180} INFO - Setting next_dagrun for tutorial_dag to None, run_after=None
[2024-11-13T19:25:46.917+0000] {processor.py:208} INFO - Processing /home/airflow/.local/lib/python3.12/site-packages/airflow/example_dags/tutorial_dag.py took 0.047 seconds
[2024-11-13T19:26:17.073+0000] {processor.py:186} INFO - Started process (PID=447) to work on /home/airflow/.local/lib/python3.12/site-packages/airflow/example_dags/tutorial_dag.py
[2024-11-13T19:26:17.074+0000] {processor.py:914} INFO - Processing file /home/airflow/.local/lib/python3.12/site-packages/airflow/example_dags/tutorial_dag.py for tasks to queue
[2024-11-13T19:26:17.075+0000] {logging_mixin.py:190} INFO - [2024-11-13T19:26:17.075+0000] {dagbag.py:588} INFO - Filling up the DagBag from /home/airflow/.local/lib/python3.12/site-packages/airflow/example_dags/tutorial_dag.py
[2024-11-13T19:26:17.081+0000] {processor.py:925} INFO - DAG(s) 'tutorial_dag' retrieved from /home/airflow/.local/lib/python3.12/site-packages/airflow/example_dags/tutorial_dag.py
[2024-11-13T19:26:17.094+0000] {logging_mixin.py:190} INFO - [2024-11-13T19:26:17.094+0000] {dag.py:3239} INFO - Sync 1 DAGs
[2024-11-13T19:26:17.104+0000] {logging_mixin.py:190} INFO - [2024-11-13T19:26:17.103+0000] {dag.py:4180} INFO - Setting next_dagrun for tutorial_dag to None, run_after=None
[2024-11-13T19:26:17.116+0000] {processor.py:208} INFO - Processing /home/airflow/.local/lib/python3.12/site-packages/airflow/example_dags/tutorial_dag.py took 0.047 seconds
[2024-11-13T19:26:47.313+0000] {processor.py:186} INFO - Started process (PID=510) to work on /home/airflow/.local/lib/python3.12/site-packages/airflow/example_dags/tutorial_dag.py
[2024-11-13T19:26:47.314+0000] {processor.py:914} INFO - Processing file /home/airflow/.local/lib/python3.12/site-packages/airflow/example_dags/tutorial_dag.py for tasks to queue
[2024-11-13T19:26:47.316+0000] {logging_mixin.py:190} INFO - [2024-11-13T19:26:47.316+0000] {dagbag.py:588} INFO - Filling up the DagBag from /home/airflow/.local/lib/python3.12/site-packages/airflow/example_dags/tutorial_dag.py
[2024-11-13T19:26:47.321+0000] {processor.py:925} INFO - DAG(s) 'tutorial_dag' retrieved from /home/airflow/.local/lib/python3.12/site-packages/airflow/example_dags/tutorial_dag.py
[2024-11-13T19:26:47.335+0000] {logging_mixin.py:190} INFO - [2024-11-13T19:26:47.334+0000] {dag.py:3239} INFO - Sync 1 DAGs
[2024-11-13T19:26:47.344+0000] {logging_mixin.py:190} INFO - [2024-11-13T19:26:47.344+0000] {dag.py:4180} INFO - Setting next_dagrun for tutorial_dag to None, run_after=None
[2024-11-13T19:26:47.356+0000] {processor.py:208} INFO - Processing /home/airflow/.local/lib/python3.12/site-packages/airflow/example_dags/tutorial_dag.py took 0.046 seconds
[2024-11-13T19:27:17.657+0000] {processor.py:186} INFO - Started process (PID=573) to work on /home/airflow/.local/lib/python3.12/site-packages/airflow/example_dags/tutorial_dag.py
[2024-11-13T19:27:17.658+0000] {processor.py:914} INFO - Processing file /home/airflow/.local/lib/python3.12/site-packages/airflow/example_dags/tutorial_dag.py for tasks to queue
[2024-11-13T19:27:17.660+0000] {logging_mixin.py:190} INFO - [2024-11-13T19:27:17.659+0000] {dagbag.py:588} INFO - Filling up the DagBag from /home/airflow/.local/lib/python3.12/site-packages/airflow/example_dags/tutorial_dag.py
[2024-11-13T19:27:17.665+0000] {processor.py:925} INFO - DAG(s) 'tutorial_dag' retrieved from /home/airflow/.local/lib/python3.12/site-packages/airflow/example_dags/tutorial_dag.py
[2024-11-13T19:27:17.680+0000] {logging_mixin.py:190} INFO - [2024-11-13T19:27:17.680+0000] {dag.py:3239} INFO - Sync 1 DAGs
[2024-11-13T19:27:17.692+0000] {logging_mixin.py:190} INFO - [2024-11-13T19:27:17.692+0000] {dag.py:4180} INFO - Setting next_dagrun for tutorial_dag to None, run_after=None
[2024-11-13T19:27:17.705+0000] {processor.py:208} INFO - Processing /home/airflow/.local/lib/python3.12/site-packages/airflow/example_dags/tutorial_dag.py took 0.053 seconds
[2024-11-13T19:27:47.840+0000] {processor.py:186} INFO - Started process (PID=636) to work on /home/airflow/.local/lib/python3.12/site-packages/airflow/example_dags/tutorial_dag.py
[2024-11-13T19:27:47.840+0000] {processor.py:914} INFO - Processing file /home/airflow/.local/lib/python3.12/site-packages/airflow/example_dags/tutorial_dag.py for tasks to queue
[2024-11-13T19:27:47.842+0000] {logging_mixin.py:190} INFO - [2024-11-13T19:27:47.842+0000] {dagbag.py:588} INFO - Filling up the DagBag from /home/airflow/.local/lib/python3.12/site-packages/airflow/example_dags/tutorial_dag.py
[2024-11-13T19:27:47.847+0000] {processor.py:925} INFO - DAG(s) 'tutorial_dag' retrieved from /home/airflow/.local/lib/python3.12/site-packages/airflow/example_dags/tutorial_dag.py
[2024-11-13T19:27:47.860+0000] {logging_mixin.py:190} INFO - [2024-11-13T19:27:47.860+0000] {dag.py:3239} INFO - Sync 1 DAGs
[2024-11-13T19:27:47.869+0000] {logging_mixin.py:190} INFO - [2024-11-13T19:27:47.869+0000] {dag.py:4180} INFO - Setting next_dagrun for tutorial_dag to None, run_after=None
[2024-11-13T19:27:47.880+0000] {processor.py:208} INFO - Processing /home/airflow/.local/lib/python3.12/site-packages/airflow/example_dags/tutorial_dag.py took 0.045 seconds
[2024-11-13T19:28:18.319+0000] {processor.py:186} INFO - Started process (PID=699) to work on /home/airflow/.local/lib/python3.12/site-packages/airflow/example_dags/tutorial_dag.py
[2024-11-13T19:28:18.319+0000] {processor.py:914} INFO - Processing file /home/airflow/.local/lib/python3.12/site-packages/airflow/example_dags/tutorial_dag.py for tasks to queue
[2024-11-13T19:28:18.321+0000] {logging_mixin.py:190} INFO - [2024-11-13T19:28:18.321+0000] {dagbag.py:588} INFO - Filling up the DagBag from /home/airflow/.local/lib/python3.12/site-packages/airflow/example_dags/tutorial_dag.py
[2024-11-13T19:28:18.326+0000] {processor.py:925} INFO - DAG(s) 'tutorial_dag' retrieved from /home/airflow/.local/lib/python3.12/site-packages/airflow/example_dags/tutorial_dag.py
[2024-11-13T19:28:18.341+0000] {logging_mixin.py:190} INFO - [2024-11-13T19:28:18.341+0000] {dag.py:3239} INFO - Sync 1 DAGs
[2024-11-13T19:28:18.350+0000] {logging_mixin.py:190} INFO - [2024-11-13T19:28:18.350+0000] {dag.py:4180} INFO - Setting next_dagrun for tutorial_dag to None, run_after=None
[2024-11-13T19:28:18.363+0000] {processor.py:208} INFO - Processing /home/airflow/.local/lib/python3.12/site-packages/airflow/example_dags/tutorial_dag.py took 0.048 seconds
[2024-11-13T19:28:48.878+0000] {processor.py:186} INFO - Started process (PID=762) to work on /home/airflow/.local/lib/python3.12/site-packages/airflow/example_dags/tutorial_dag.py
[2024-11-13T19:28:48.879+0000] {processor.py:914} INFO - Processing file /home/airflow/.local/lib/python3.12/site-packages/airflow/example_dags/tutorial_dag.py for tasks to queue
[2024-11-13T19:28:48.880+0000] {logging_mixin.py:190} INFO - [2024-11-13T19:28:48.880+0000] {dagbag.py:588} INFO - Filling up the DagBag from /home/airflow/.local/lib/python3.12/site-packages/airflow/example_dags/tutorial_dag.py
[2024-11-13T19:28:48.885+0000] {processor.py:925} INFO - DAG(s) 'tutorial_dag' retrieved from /home/airflow/.local/lib/python3.12/site-packages/airflow/example_dags/tutorial_dag.py
[2024-11-13T19:28:48.898+0000] {logging_mixin.py:190} INFO - [2024-11-13T19:28:48.898+0000] {dag.py:3239} INFO - Sync 1 DAGs
[2024-11-13T19:28:48.908+0000] {logging_mixin.py:190} INFO - [2024-11-13T19:28:48.908+0000] {dag.py:4180} INFO - Setting next_dagrun for tutorial_dag to None, run_after=None
[2024-11-13T19:28:48.921+0000] {processor.py:208} INFO - Processing /home/airflow/.local/lib/python3.12/site-packages/airflow/example_dags/tutorial_dag.py took 0.047 seconds
[2024-11-13T19:29:19.087+0000] {processor.py:186} INFO - Started process (PID=825) to work on /home/airflow/.local/lib/python3.12/site-packages/airflow/example_dags/tutorial_dag.py
[2024-11-13T19:29:19.087+0000] {processor.py:914} INFO - Processing file /home/airflow/.local/lib/python3.12/site-packages/airflow/example_dags/tutorial_dag.py for tasks to queue
[2024-11-13T19:29:19.089+0000] {logging_mixin.py:190} INFO - [2024-11-13T19:29:19.089+0000] {dagbag.py:588} INFO - Filling up the DagBag from /home/airflow/.local/lib/python3.12/site-packages/airflow/example_dags/tutorial_dag.py
[2024-11-13T19:29:19.094+0000] {processor.py:925} INFO - DAG(s) 'tutorial_dag' retrieved from /home/airflow/.local/lib/python3.12/site-packages/airflow/example_dags/tutorial_dag.py
[2024-11-13T19:29:19.107+0000] {logging_mixin.py:190} INFO - [2024-11-13T19:29:19.107+0000] {dag.py:3239} INFO - Sync 1 DAGs
[2024-11-13T19:29:19.116+0000] {logging_mixin.py:190} INFO - [2024-11-13T19:29:19.116+0000] {dag.py:4180} INFO - Setting next_dagrun for tutorial_dag to None, run_after=None
[2024-11-13T19:29:19.128+0000] {processor.py:208} INFO - Processing /home/airflow/.local/lib/python3.12/site-packages/airflow/example_dags/tutorial_dag.py took 0.045 seconds
[2024-11-13T19:29:49.463+0000] {processor.py:186} INFO - Started process (PID=894) to work on /home/airflow/.local/lib/python3.12/site-packages/airflow/example_dags/tutorial_dag.py
[2024-11-13T19:29:49.464+0000] {processor.py:914} INFO - Processing file /home/airflow/.local/lib/python3.12/site-packages/airflow/example_dags/tutorial_dag.py for tasks to queue
[2024-11-13T19:29:49.465+0000] {logging_mixin.py:190} INFO - [2024-11-13T19:29:49.465+0000] {dagbag.py:588} INFO - Filling up the DagBag from /home/airflow/.local/lib/python3.12/site-packages/airflow/example_dags/tutorial_dag.py
[2024-11-13T19:29:49.470+0000] {processor.py:925} INFO - DAG(s) 'tutorial_dag' retrieved from /home/airflow/.local/lib/python3.12/site-packages/airflow/example_dags/tutorial_dag.py
[2024-11-13T19:29:49.484+0000] {logging_mixin.py:190} INFO - [2024-11-13T19:29:49.484+0000] {dag.py:3239} INFO - Sync 1 DAGs
[2024-11-13T19:29:49.494+0000] {logging_mixin.py:190} INFO - [2024-11-13T19:29:49.494+0000] {dag.py:4180} INFO - Setting next_dagrun for tutorial_dag to None, run_after=None
[2024-11-13T19:29:49.508+0000] {processor.py:208} INFO - Processing /home/airflow/.local/lib/python3.12/site-packages/airflow/example_dags/tutorial_dag.py took 0.049 seconds
[2024-11-13T19:30:19.664+0000] {processor.py:186} INFO - Started process (PID=957) to work on /home/airflow/.local/lib/python3.12/site-packages/airflow/example_dags/tutorial_dag.py
[2024-11-13T19:30:19.665+0000] {processor.py:914} INFO - Processing file /home/airflow/.local/lib/python3.12/site-packages/airflow/example_dags/tutorial_dag.py for tasks to queue
[2024-11-13T19:30:19.667+0000] {logging_mixin.py:190} INFO - [2024-11-13T19:30:19.666+0000] {dagbag.py:588} INFO - Filling up the DagBag from /home/airflow/.local/lib/python3.12/site-packages/airflow/example_dags/tutorial_dag.py
[2024-11-13T19:30:19.671+0000] {processor.py:925} INFO - DAG(s) 'tutorial_dag' retrieved from /home/airflow/.local/lib/python3.12/site-packages/airflow/example_dags/tutorial_dag.py
[2024-11-13T19:30:19.685+0000] {logging_mixin.py:190} INFO - [2024-11-13T19:30:19.685+0000] {dag.py:3239} INFO - Sync 1 DAGs
[2024-11-13T19:30:19.694+0000] {logging_mixin.py:190} INFO - [2024-11-13T19:30:19.694+0000] {dag.py:4180} INFO - Setting next_dagrun for tutorial_dag to None, run_after=None
[2024-11-13T19:30:19.708+0000] {processor.py:208} INFO - Processing /home/airflow/.local/lib/python3.12/site-packages/airflow/example_dags/tutorial_dag.py took 0.048 seconds
[2024-11-13T19:30:49.940+0000] {processor.py:186} INFO - Started process (PID=1020) to work on /home/airflow/.local/lib/python3.12/site-packages/airflow/example_dags/tutorial_dag.py
[2024-11-13T19:30:49.941+0000] {processor.py:914} INFO - Processing file /home/airflow/.local/lib/python3.12/site-packages/airflow/example_dags/tutorial_dag.py for tasks to queue
[2024-11-13T19:30:49.943+0000] {logging_mixin.py:190} INFO - [2024-11-13T19:30:49.942+0000] {dagbag.py:588} INFO - Filling up the DagBag from /home/airflow/.local/lib/python3.12/site-packages/airflow/example_dags/tutorial_dag.py
[2024-11-13T19:30:49.948+0000] {processor.py:925} INFO - DAG(s) 'tutorial_dag' retrieved from /home/airflow/.local/lib/python3.12/site-packages/airflow/example_dags/tutorial_dag.py
[2024-11-13T19:30:49.962+0000] {logging_mixin.py:190} INFO - [2024-11-13T19:30:49.962+0000] {dag.py:3239} INFO - Sync 1 DAGs
[2024-11-13T19:30:49.971+0000] {logging_mixin.py:190} INFO - [2024-11-13T19:30:49.971+0000] {dag.py:4180} INFO - Setting next_dagrun for tutorial_dag to None, run_after=None
[2024-11-13T19:30:49.983+0000] {processor.py:208} INFO - Processing /home/airflow/.local/lib/python3.12/site-packages/airflow/example_dags/tutorial_dag.py took 0.047 seconds
[2024-11-13T19:31:20.181+0000] {processor.py:186} INFO - Started process (PID=1083) to work on /home/airflow/.local/lib/python3.12/site-packages/airflow/example_dags/tutorial_dag.py
[2024-11-13T19:31:20.181+0000] {processor.py:914} INFO - Processing file /home/airflow/.local/lib/python3.12/site-packages/airflow/example_dags/tutorial_dag.py for tasks to queue
[2024-11-13T19:31:20.183+0000] {logging_mixin.py:190} INFO - [2024-11-13T19:31:20.183+0000] {dagbag.py:588} INFO - Filling up the DagBag from /home/airflow/.local/lib/python3.12/site-packages/airflow/example_dags/tutorial_dag.py
[2024-11-13T19:31:20.188+0000] {processor.py:925} INFO - DAG(s) 'tutorial_dag' retrieved from /home/airflow/.local/lib/python3.12/site-packages/airflow/example_dags/tutorial_dag.py
[2024-11-13T19:31:20.202+0000] {logging_mixin.py:190} INFO - [2024-11-13T19:31:20.202+0000] {dag.py:3239} INFO - Sync 1 DAGs
[2024-11-13T19:31:20.211+0000] {logging_mixin.py:190} INFO - [2024-11-13T19:31:20.211+0000] {dag.py:4180} INFO - Setting next_dagrun for tutorial_dag to None, run_after=None
[2024-11-13T19:31:20.224+0000] {processor.py:208} INFO - Processing /home/airflow/.local/lib/python3.12/site-packages/airflow/example_dags/tutorial_dag.py took 0.047 seconds
[2024-11-13T19:31:50.587+0000] {processor.py:186} INFO - Started process (PID=1146) to work on /home/airflow/.local/lib/python3.12/site-packages/airflow/example_dags/tutorial_dag.py
[2024-11-13T19:31:50.587+0000] {processor.py:914} INFO - Processing file /home/airflow/.local/lib/python3.12/site-packages/airflow/example_dags/tutorial_dag.py for tasks to queue
[2024-11-13T19:31:50.589+0000] {logging_mixin.py:190} INFO - [2024-11-13T19:31:50.589+0000] {dagbag.py:588} INFO - Filling up the DagBag from /home/airflow/.local/lib/python3.12/site-packages/airflow/example_dags/tutorial_dag.py
[2024-11-13T19:31:50.595+0000] {processor.py:925} INFO - DAG(s) 'tutorial_dag' retrieved from /home/airflow/.local/lib/python3.12/site-packages/airflow/example_dags/tutorial_dag.py
[2024-11-13T19:31:50.610+0000] {logging_mixin.py:190} INFO - [2024-11-13T19:31:50.610+0000] {dag.py:3239} INFO - Sync 1 DAGs
[2024-11-13T19:31:50.620+0000] {logging_mixin.py:190} INFO - [2024-11-13T19:31:50.620+0000] {dag.py:4180} INFO - Setting next_dagrun for tutorial_dag to None, run_after=None
[2024-11-13T19:31:50.633+0000] {processor.py:208} INFO - Processing /home/airflow/.local/lib/python3.12/site-packages/airflow/example_dags/tutorial_dag.py took 0.051 seconds
[2024-11-13T19:32:21.104+0000] {processor.py:186} INFO - Started process (PID=1209) to work on /home/airflow/.local/lib/python3.12/site-packages/airflow/example_dags/tutorial_dag.py
[2024-11-13T19:32:21.105+0000] {processor.py:914} INFO - Processing file /home/airflow/.local/lib/python3.12/site-packages/airflow/example_dags/tutorial_dag.py for tasks to queue
[2024-11-13T19:32:21.106+0000] {logging_mixin.py:190} INFO - [2024-11-13T19:32:21.106+0000] {dagbag.py:588} INFO - Filling up the DagBag from /home/airflow/.local/lib/python3.12/site-packages/airflow/example_dags/tutorial_dag.py
[2024-11-13T19:32:21.112+0000] {processor.py:925} INFO - DAG(s) 'tutorial_dag' retrieved from /home/airflow/.local/lib/python3.12/site-packages/airflow/example_dags/tutorial_dag.py
[2024-11-13T19:32:21.127+0000] {logging_mixin.py:190} INFO - [2024-11-13T19:32:21.127+0000] {dag.py:3239} INFO - Sync 1 DAGs
[2024-11-13T19:32:21.138+0000] {logging_mixin.py:190} INFO - [2024-11-13T19:32:21.138+0000] {dag.py:4180} INFO - Setting next_dagrun for tutorial_dag to None, run_after=None
[2024-11-13T19:32:21.152+0000] {processor.py:208} INFO - Processing /home/airflow/.local/lib/python3.12/site-packages/airflow/example_dags/tutorial_dag.py took 0.053 seconds
[2024-11-13T19:32:51.302+0000] {processor.py:186} INFO - Started process (PID=1273) to work on /home/airflow/.local/lib/python3.12/site-packages/airflow/example_dags/tutorial_dag.py
[2024-11-13T19:32:51.303+0000] {processor.py:914} INFO - Processing file /home/airflow/.local/lib/python3.12/site-packages/airflow/example_dags/tutorial_dag.py for tasks to queue
[2024-11-13T19:32:51.305+0000] {logging_mixin.py:190} INFO - [2024-11-13T19:32:51.304+0000] {dagbag.py:588} INFO - Filling up the DagBag from /home/airflow/.local/lib/python3.12/site-packages/airflow/example_dags/tutorial_dag.py
[2024-11-13T19:32:51.310+0000] {processor.py:925} INFO - DAG(s) 'tutorial_dag' retrieved from /home/airflow/.local/lib/python3.12/site-packages/airflow/example_dags/tutorial_dag.py
[2024-11-13T19:32:51.324+0000] {logging_mixin.py:190} INFO - [2024-11-13T19:32:51.324+0000] {dag.py:3239} INFO - Sync 1 DAGs
[2024-11-13T19:32:51.334+0000] {logging_mixin.py:190} INFO - [2024-11-13T19:32:51.334+0000] {dag.py:4180} INFO - Setting next_dagrun for tutorial_dag to None, run_after=None
[2024-11-13T19:32:51.346+0000] {processor.py:208} INFO - Processing /home/airflow/.local/lib/python3.12/site-packages/airflow/example_dags/tutorial_dag.py took 0.048 seconds
[2024-11-13T19:33:21.841+0000] {processor.py:186} INFO - Started process (PID=1336) to work on /home/airflow/.local/lib/python3.12/site-packages/airflow/example_dags/tutorial_dag.py
[2024-11-13T19:33:21.842+0000] {processor.py:914} INFO - Processing file /home/airflow/.local/lib/python3.12/site-packages/airflow/example_dags/tutorial_dag.py for tasks to queue
[2024-11-13T19:33:21.844+0000] {logging_mixin.py:190} INFO - [2024-11-13T19:33:21.843+0000] {dagbag.py:588} INFO - Filling up the DagBag from /home/airflow/.local/lib/python3.12/site-packages/airflow/example_dags/tutorial_dag.py
[2024-11-13T19:33:21.848+0000] {processor.py:925} INFO - DAG(s) 'tutorial_dag' retrieved from /home/airflow/.local/lib/python3.12/site-packages/airflow/example_dags/tutorial_dag.py
[2024-11-13T19:33:21.863+0000] {logging_mixin.py:190} INFO - [2024-11-13T19:33:21.863+0000] {dag.py:3239} INFO - Sync 1 DAGs
[2024-11-13T19:33:21.872+0000] {logging_mixin.py:190} INFO - [2024-11-13T19:33:21.872+0000] {dag.py:4180} INFO - Setting next_dagrun for tutorial_dag to None, run_after=None
[2024-11-13T19:33:21.886+0000] {processor.py:208} INFO - Processing /home/airflow/.local/lib/python3.12/site-packages/airflow/example_dags/tutorial_dag.py took 0.049 seconds
[2024-11-13T19:33:51.963+0000] {processor.py:186} INFO - Started process (PID=1399) to work on /home/airflow/.local/lib/python3.12/site-packages/airflow/example_dags/tutorial_dag.py
[2024-11-13T19:33:51.964+0000] {processor.py:914} INFO - Processing file /home/airflow/.local/lib/python3.12/site-packages/airflow/example_dags/tutorial_dag.py for tasks to queue
[2024-11-13T19:33:51.966+0000] {logging_mixin.py:190} INFO - [2024-11-13T19:33:51.966+0000] {dagbag.py:588} INFO - Filling up the DagBag from /home/airflow/.local/lib/python3.12/site-packages/airflow/example_dags/tutorial_dag.py
[2024-11-13T19:33:51.972+0000] {processor.py:925} INFO - DAG(s) 'tutorial_dag' retrieved from /home/airflow/.local/lib/python3.12/site-packages/airflow/example_dags/tutorial_dag.py
[2024-11-13T19:33:51.988+0000] {logging_mixin.py:190} INFO - [2024-11-13T19:33:51.988+0000] {dag.py:3239} INFO - Sync 1 DAGs
[2024-11-13T19:33:51.999+0000] {logging_mixin.py:190} INFO - [2024-11-13T19:33:51.999+0000] {dag.py:4180} INFO - Setting next_dagrun for tutorial_dag to None, run_after=None
[2024-11-13T19:33:52.015+0000] {processor.py:208} INFO - Processing /home/airflow/.local/lib/python3.12/site-packages/airflow/example_dags/tutorial_dag.py took 0.056 seconds
[2024-11-13T19:34:22.482+0000] {processor.py:186} INFO - Started process (PID=1462) to work on /home/airflow/.local/lib/python3.12/site-packages/airflow/example_dags/tutorial_dag.py
[2024-11-13T19:34:22.483+0000] {processor.py:914} INFO - Processing file /home/airflow/.local/lib/python3.12/site-packages/airflow/example_dags/tutorial_dag.py for tasks to queue
[2024-11-13T19:34:22.485+0000] {logging_mixin.py:190} INFO - [2024-11-13T19:34:22.484+0000] {dagbag.py:588} INFO - Filling up the DagBag from /home/airflow/.local/lib/python3.12/site-packages/airflow/example_dags/tutorial_dag.py
[2024-11-13T19:34:22.491+0000] {processor.py:925} INFO - DAG(s) 'tutorial_dag' retrieved from /home/airflow/.local/lib/python3.12/site-packages/airflow/example_dags/tutorial_dag.py
[2024-11-13T19:34:22.507+0000] {logging_mixin.py:190} INFO - [2024-11-13T19:34:22.507+0000] {dag.py:3239} INFO - Sync 1 DAGs
[2024-11-13T19:34:22.518+0000] {logging_mixin.py:190} INFO - [2024-11-13T19:34:22.518+0000] {dag.py:4180} INFO - Setting next_dagrun for tutorial_dag to None, run_after=None
[2024-11-13T19:34:22.533+0000] {processor.py:208} INFO - Processing /home/airflow/.local/lib/python3.12/site-packages/airflow/example_dags/tutorial_dag.py took 0.057 seconds
[2024-11-13T19:34:52.772+0000] {processor.py:186} INFO - Started process (PID=1525) to work on /home/airflow/.local/lib/python3.12/site-packages/airflow/example_dags/tutorial_dag.py
[2024-11-13T19:34:52.773+0000] {processor.py:914} INFO - Processing file /home/airflow/.local/lib/python3.12/site-packages/airflow/example_dags/tutorial_dag.py for tasks to queue
[2024-11-13T19:34:52.774+0000] {logging_mixin.py:190} INFO - [2024-11-13T19:34:52.774+0000] {dagbag.py:588} INFO - Filling up the DagBag from /home/airflow/.local/lib/python3.12/site-packages/airflow/example_dags/tutorial_dag.py
[2024-11-13T19:34:52.780+0000] {processor.py:925} INFO - DAG(s) 'tutorial_dag' retrieved from /home/airflow/.local/lib/python3.12/site-packages/airflow/example_dags/tutorial_dag.py
[2024-11-13T19:34:52.794+0000] {logging_mixin.py:190} INFO - [2024-11-13T19:34:52.793+0000] {dag.py:3239} INFO - Sync 1 DAGs
[2024-11-13T19:34:52.803+0000] {logging_mixin.py:190} INFO - [2024-11-13T19:34:52.803+0000] {dag.py:4180} INFO - Setting next_dagrun for tutorial_dag to None, run_after=None
[2024-11-13T19:34:52.816+0000] {processor.py:208} INFO - Processing /home/airflow/.local/lib/python3.12/site-packages/airflow/example_dags/tutorial_dag.py took 0.047 seconds
[2024-11-13T19:35:23.266+0000] {processor.py:186} INFO - Started process (PID=1588) to work on /home/airflow/.local/lib/python3.12/site-packages/airflow/example_dags/tutorial_dag.py
[2024-11-13T19:35:23.267+0000] {processor.py:914} INFO - Processing file /home/airflow/.local/lib/python3.12/site-packages/airflow/example_dags/tutorial_dag.py for tasks to queue
[2024-11-13T19:35:23.268+0000] {logging_mixin.py:190} INFO - [2024-11-13T19:35:23.268+0000] {dagbag.py:588} INFO - Filling up the DagBag from /home/airflow/.local/lib/python3.12/site-packages/airflow/example_dags/tutorial_dag.py
[2024-11-13T19:35:23.274+0000] {processor.py:925} INFO - DAG(s) 'tutorial_dag' retrieved from /home/airflow/.local/lib/python3.12/site-packages/airflow/example_dags/tutorial_dag.py
[2024-11-13T19:35:23.288+0000] {logging_mixin.py:190} INFO - [2024-11-13T19:35:23.288+0000] {dag.py:3239} INFO - Sync 1 DAGs
[2024-11-13T19:35:23.298+0000] {logging_mixin.py:190} INFO - [2024-11-13T19:35:23.298+0000] {dag.py:4180} INFO - Setting next_dagrun for tutorial_dag to None, run_after=None
[2024-11-13T19:35:23.310+0000] {processor.py:208} INFO - Processing /home/airflow/.local/lib/python3.12/site-packages/airflow/example_dags/tutorial_dag.py took 0.048 seconds
[2024-11-13T19:35:53.552+0000] {processor.py:186} INFO - Started process (PID=1651) to work on /home/airflow/.local/lib/python3.12/site-packages/airflow/example_dags/tutorial_dag.py
[2024-11-13T19:35:53.552+0000] {processor.py:914} INFO - Processing file /home/airflow/.local/lib/python3.12/site-packages/airflow/example_dags/tutorial_dag.py for tasks to queue
[2024-11-13T19:35:53.554+0000] {logging_mixin.py:190} INFO - [2024-11-13T19:35:53.554+0000] {dagbag.py:588} INFO - Filling up the DagBag from /home/airflow/.local/lib/python3.12/site-packages/airflow/example_dags/tutorial_dag.py
[2024-11-13T19:35:53.559+0000] {processor.py:925} INFO - DAG(s) 'tutorial_dag' retrieved from /home/airflow/.local/lib/python3.12/site-packages/airflow/example_dags/tutorial_dag.py
[2024-11-13T19:35:53.573+0000] {logging_mixin.py:190} INFO - [2024-11-13T19:35:53.573+0000] {dag.py:3239} INFO - Sync 1 DAGs
[2024-11-13T19:35:53.584+0000] {logging_mixin.py:190} INFO - [2024-11-13T19:35:53.583+0000] {dag.py:4180} INFO - Setting next_dagrun for tutorial_dag to None, run_after=None
[2024-11-13T19:35:53.596+0000] {processor.py:208} INFO - Processing /home/airflow/.local/lib/python3.12/site-packages/airflow/example_dags/tutorial_dag.py took 0.049 seconds
[2024-11-13T19:36:23.984+0000] {processor.py:186} INFO - Started process (PID=1714) to work on /home/airflow/.local/lib/python3.12/site-packages/airflow/example_dags/tutorial_dag.py
[2024-11-13T19:36:23.985+0000] {processor.py:914} INFO - Processing file /home/airflow/.local/lib/python3.12/site-packages/airflow/example_dags/tutorial_dag.py for tasks to queue
[2024-11-13T19:36:23.987+0000] {logging_mixin.py:190} INFO - [2024-11-13T19:36:23.986+0000] {dagbag.py:588} INFO - Filling up the DagBag from /home/airflow/.local/lib/python3.12/site-packages/airflow/example_dags/tutorial_dag.py
[2024-11-13T19:36:23.992+0000] {processor.py:925} INFO - DAG(s) 'tutorial_dag' retrieved from /home/airflow/.local/lib/python3.12/site-packages/airflow/example_dags/tutorial_dag.py
[2024-11-13T19:36:24.005+0000] {logging_mixin.py:190} INFO - [2024-11-13T19:36:24.005+0000] {dag.py:3239} INFO - Sync 1 DAGs
[2024-11-13T19:36:24.015+0000] {logging_mixin.py:190} INFO - [2024-11-13T19:36:24.015+0000] {dag.py:4180} INFO - Setting next_dagrun for tutorial_dag to None, run_after=None
[2024-11-13T19:36:24.029+0000] {processor.py:208} INFO - Processing /home/airflow/.local/lib/python3.12/site-packages/airflow/example_dags/tutorial_dag.py took 0.049 seconds
[2024-11-13T19:36:54.146+0000] {processor.py:186} INFO - Started process (PID=1777) to work on /home/airflow/.local/lib/python3.12/site-packages/airflow/example_dags/tutorial_dag.py
[2024-11-13T19:36:54.147+0000] {processor.py:914} INFO - Processing file /home/airflow/.local/lib/python3.12/site-packages/airflow/example_dags/tutorial_dag.py for tasks to queue
[2024-11-13T19:36:54.148+0000] {logging_mixin.py:190} INFO - [2024-11-13T19:36:54.148+0000] {dagbag.py:588} INFO - Filling up the DagBag from /home/airflow/.local/lib/python3.12/site-packages/airflow/example_dags/tutorial_dag.py
[2024-11-13T19:36:54.154+0000] {processor.py:925} INFO - DAG(s) 'tutorial_dag' retrieved from /home/airflow/.local/lib/python3.12/site-packages/airflow/example_dags/tutorial_dag.py
[2024-11-13T19:36:54.167+0000] {logging_mixin.py:190} INFO - [2024-11-13T19:36:54.167+0000] {dag.py:3239} INFO - Sync 1 DAGs
[2024-11-13T19:36:54.177+0000] {logging_mixin.py:190} INFO - [2024-11-13T19:36:54.177+0000] {dag.py:4180} INFO - Setting next_dagrun for tutorial_dag to None, run_after=None
[2024-11-13T19:36:54.189+0000] {processor.py:208} INFO - Processing /home/airflow/.local/lib/python3.12/site-packages/airflow/example_dags/tutorial_dag.py took 0.047 seconds
[2024-11-13T19:37:24.287+0000] {processor.py:186} INFO - Started process (PID=1840) to work on /home/airflow/.local/lib/python3.12/site-packages/airflow/example_dags/tutorial_dag.py
[2024-11-13T19:37:24.288+0000] {processor.py:914} INFO - Processing file /home/airflow/.local/lib/python3.12/site-packages/airflow/example_dags/tutorial_dag.py for tasks to queue
[2024-11-13T19:37:24.290+0000] {logging_mixin.py:190} INFO - [2024-11-13T19:37:24.289+0000] {dagbag.py:588} INFO - Filling up the DagBag from /home/airflow/.local/lib/python3.12/site-packages/airflow/example_dags/tutorial_dag.py
[2024-11-13T19:37:24.294+0000] {processor.py:925} INFO - DAG(s) 'tutorial_dag' retrieved from /home/airflow/.local/lib/python3.12/site-packages/airflow/example_dags/tutorial_dag.py
[2024-11-13T19:37:24.308+0000] {logging_mixin.py:190} INFO - [2024-11-13T19:37:24.308+0000] {dag.py:3239} INFO - Sync 1 DAGs
[2024-11-13T19:37:24.318+0000] {logging_mixin.py:190} INFO - [2024-11-13T19:37:24.318+0000] {dag.py:4180} INFO - Setting next_dagrun for tutorial_dag to None, run_after=None
[2024-11-13T19:37:24.330+0000] {processor.py:208} INFO - Processing /home/airflow/.local/lib/python3.12/site-packages/airflow/example_dags/tutorial_dag.py took 0.047 seconds
[2024-11-13T19:37:54.632+0000] {processor.py:186} INFO - Started process (PID=1903) to work on /home/airflow/.local/lib/python3.12/site-packages/airflow/example_dags/tutorial_dag.py
[2024-11-13T19:37:54.633+0000] {processor.py:914} INFO - Processing file /home/airflow/.local/lib/python3.12/site-packages/airflow/example_dags/tutorial_dag.py for tasks to queue
[2024-11-13T19:37:54.635+0000] {logging_mixin.py:190} INFO - [2024-11-13T19:37:54.635+0000] {dagbag.py:588} INFO - Filling up the DagBag from /home/airflow/.local/lib/python3.12/site-packages/airflow/example_dags/tutorial_dag.py
[2024-11-13T19:37:54.641+0000] {processor.py:925} INFO - DAG(s) 'tutorial_dag' retrieved from /home/airflow/.local/lib/python3.12/site-packages/airflow/example_dags/tutorial_dag.py
[2024-11-13T19:37:54.656+0000] {logging_mixin.py:190} INFO - [2024-11-13T19:37:54.655+0000] {dag.py:3239} INFO - Sync 1 DAGs
[2024-11-13T19:37:54.666+0000] {logging_mixin.py:190} INFO - [2024-11-13T19:37:54.666+0000] {dag.py:4180} INFO - Setting next_dagrun for tutorial_dag to None, run_after=None
[2024-11-13T19:37:54.680+0000] {processor.py:208} INFO - Processing /home/airflow/.local/lib/python3.12/site-packages/airflow/example_dags/tutorial_dag.py took 0.053 seconds
[2024-11-13T19:38:24.734+0000] {processor.py:186} INFO - Started process (PID=1966) to work on /home/airflow/.local/lib/python3.12/site-packages/airflow/example_dags/tutorial_dag.py
[2024-11-13T19:38:24.735+0000] {processor.py:914} INFO - Processing file /home/airflow/.local/lib/python3.12/site-packages/airflow/example_dags/tutorial_dag.py for tasks to queue
[2024-11-13T19:38:24.736+0000] {logging_mixin.py:190} INFO - [2024-11-13T19:38:24.736+0000] {dagbag.py:588} INFO - Filling up the DagBag from /home/airflow/.local/lib/python3.12/site-packages/airflow/example_dags/tutorial_dag.py
[2024-11-13T19:38:24.741+0000] {processor.py:925} INFO - DAG(s) 'tutorial_dag' retrieved from /home/airflow/.local/lib/python3.12/site-packages/airflow/example_dags/tutorial_dag.py
[2024-11-13T19:38:24.755+0000] {logging_mixin.py:190} INFO - [2024-11-13T19:38:24.754+0000] {dag.py:3239} INFO - Sync 1 DAGs
[2024-11-13T19:38:24.765+0000] {logging_mixin.py:190} INFO - [2024-11-13T19:38:24.764+0000] {dag.py:4180} INFO - Setting next_dagrun for tutorial_dag to None, run_after=None
[2024-11-13T19:38:24.778+0000] {processor.py:208} INFO - Processing /home/airflow/.local/lib/python3.12/site-packages/airflow/example_dags/tutorial_dag.py took 0.048 seconds
[2024-11-13T19:38:54.914+0000] {processor.py:186} INFO - Started process (PID=2029) to work on /home/airflow/.local/lib/python3.12/site-packages/airflow/example_dags/tutorial_dag.py
[2024-11-13T19:38:54.915+0000] {processor.py:914} INFO - Processing file /home/airflow/.local/lib/python3.12/site-packages/airflow/example_dags/tutorial_dag.py for tasks to queue
[2024-11-13T19:38:54.917+0000] {logging_mixin.py:190} INFO - [2024-11-13T19:38:54.917+0000] {dagbag.py:588} INFO - Filling up the DagBag from /home/airflow/.local/lib/python3.12/site-packages/airflow/example_dags/tutorial_dag.py
[2024-11-13T19:38:54.922+0000] {processor.py:925} INFO - DAG(s) 'tutorial_dag' retrieved from /home/airflow/.local/lib/python3.12/site-packages/airflow/example_dags/tutorial_dag.py
[2024-11-13T19:38:54.936+0000] {logging_mixin.py:190} INFO - [2024-11-13T19:38:54.936+0000] {dag.py:3239} INFO - Sync 1 DAGs
[2024-11-13T19:38:54.946+0000] {logging_mixin.py:190} INFO - [2024-11-13T19:38:54.946+0000] {dag.py:4180} INFO - Setting next_dagrun for tutorial_dag to None, run_after=None
[2024-11-13T19:38:54.959+0000] {processor.py:208} INFO - Processing /home/airflow/.local/lib/python3.12/site-packages/airflow/example_dags/tutorial_dag.py took 0.049 seconds
[2024-11-13T19:39:25.233+0000] {processor.py:186} INFO - Started process (PID=2092) to work on /home/airflow/.local/lib/python3.12/site-packages/airflow/example_dags/tutorial_dag.py
[2024-11-13T19:39:25.234+0000] {processor.py:914} INFO - Processing file /home/airflow/.local/lib/python3.12/site-packages/airflow/example_dags/tutorial_dag.py for tasks to queue
[2024-11-13T19:39:25.236+0000] {logging_mixin.py:190} INFO - [2024-11-13T19:39:25.236+0000] {dagbag.py:588} INFO - Filling up the DagBag from /home/airflow/.local/lib/python3.12/site-packages/airflow/example_dags/tutorial_dag.py
[2024-11-13T19:39:25.241+0000] {processor.py:925} INFO - DAG(s) 'tutorial_dag' retrieved from /home/airflow/.local/lib/python3.12/site-packages/airflow/example_dags/tutorial_dag.py
[2024-11-13T19:39:25.258+0000] {logging_mixin.py:190} INFO - [2024-11-13T19:39:25.258+0000] {dag.py:3239} INFO - Sync 1 DAGs
[2024-11-13T19:39:25.269+0000] {logging_mixin.py:190} INFO - [2024-11-13T19:39:25.269+0000] {dag.py:4180} INFO - Setting next_dagrun for tutorial_dag to None, run_after=None
[2024-11-13T19:39:25.282+0000] {processor.py:208} INFO - Processing /home/airflow/.local/lib/python3.12/site-packages/airflow/example_dags/tutorial_dag.py took 0.053 seconds
[2024-11-13T19:39:55.571+0000] {processor.py:186} INFO - Started process (PID=2155) to work on /home/airflow/.local/lib/python3.12/site-packages/airflow/example_dags/tutorial_dag.py
[2024-11-13T19:39:55.572+0000] {processor.py:914} INFO - Processing file /home/airflow/.local/lib/python3.12/site-packages/airflow/example_dags/tutorial_dag.py for tasks to queue
[2024-11-13T19:39:55.574+0000] {logging_mixin.py:190} INFO - [2024-11-13T19:39:55.574+0000] {dagbag.py:588} INFO - Filling up the DagBag from /home/airflow/.local/lib/python3.12/site-packages/airflow/example_dags/tutorial_dag.py
[2024-11-13T19:39:55.580+0000] {processor.py:925} INFO - DAG(s) 'tutorial_dag' retrieved from /home/airflow/.local/lib/python3.12/site-packages/airflow/example_dags/tutorial_dag.py
[2024-11-13T19:39:55.597+0000] {logging_mixin.py:190} INFO - [2024-11-13T19:39:55.596+0000] {dag.py:3239} INFO - Sync 1 DAGs
[2024-11-13T19:39:55.609+0000] {logging_mixin.py:190} INFO - [2024-11-13T19:39:55.609+0000] {dag.py:4180} INFO - Setting next_dagrun for tutorial_dag to None, run_after=None
[2024-11-13T19:39:55.623+0000] {processor.py:208} INFO - Processing /home/airflow/.local/lib/python3.12/site-packages/airflow/example_dags/tutorial_dag.py took 0.056 seconds
[2024-11-13T19:40:25.893+0000] {processor.py:186} INFO - Started process (PID=2218) to work on /home/airflow/.local/lib/python3.12/site-packages/airflow/example_dags/tutorial_dag.py
[2024-11-13T19:40:25.894+0000] {processor.py:914} INFO - Processing file /home/airflow/.local/lib/python3.12/site-packages/airflow/example_dags/tutorial_dag.py for tasks to queue
[2024-11-13T19:40:25.895+0000] {logging_mixin.py:190} INFO - [2024-11-13T19:40:25.895+0000] {dagbag.py:588} INFO - Filling up the DagBag from /home/airflow/.local/lib/python3.12/site-packages/airflow/example_dags/tutorial_dag.py
[2024-11-13T19:40:25.901+0000] {processor.py:925} INFO - DAG(s) 'tutorial_dag' retrieved from /home/airflow/.local/lib/python3.12/site-packages/airflow/example_dags/tutorial_dag.py
[2024-11-13T19:40:25.916+0000] {logging_mixin.py:190} INFO - [2024-11-13T19:40:25.916+0000] {dag.py:3239} INFO - Sync 1 DAGs
[2024-11-13T19:40:25.928+0000] {logging_mixin.py:190} INFO - [2024-11-13T19:40:25.928+0000] {dag.py:4180} INFO - Setting next_dagrun for tutorial_dag to None, run_after=None
[2024-11-13T19:40:25.941+0000] {processor.py:208} INFO - Processing /home/airflow/.local/lib/python3.12/site-packages/airflow/example_dags/tutorial_dag.py took 0.053 seconds
[2024-11-13T19:40:56.402+0000] {processor.py:186} INFO - Started process (PID=2281) to work on /home/airflow/.local/lib/python3.12/site-packages/airflow/example_dags/tutorial_dag.py
[2024-11-13T19:40:56.403+0000] {processor.py:914} INFO - Processing file /home/airflow/.local/lib/python3.12/site-packages/airflow/example_dags/tutorial_dag.py for tasks to queue
[2024-11-13T19:40:56.405+0000] {logging_mixin.py:190} INFO - [2024-11-13T19:40:56.404+0000] {dagbag.py:588} INFO - Filling up the DagBag from /home/airflow/.local/lib/python3.12/site-packages/airflow/example_dags/tutorial_dag.py
[2024-11-13T19:40:56.410+0000] {processor.py:925} INFO - DAG(s) 'tutorial_dag' retrieved from /home/airflow/.local/lib/python3.12/site-packages/airflow/example_dags/tutorial_dag.py
[2024-11-13T19:40:56.427+0000] {logging_mixin.py:190} INFO - [2024-11-13T19:40:56.427+0000] {dag.py:3239} INFO - Sync 1 DAGs
[2024-11-13T19:40:56.438+0000] {logging_mixin.py:190} INFO - [2024-11-13T19:40:56.438+0000] {dag.py:4180} INFO - Setting next_dagrun for tutorial_dag to None, run_after=None
[2024-11-13T19:40:56.452+0000] {processor.py:208} INFO - Processing /home/airflow/.local/lib/python3.12/site-packages/airflow/example_dags/tutorial_dag.py took 0.055 seconds
[2024-11-13T19:41:26.711+0000] {processor.py:186} INFO - Started process (PID=2343) to work on /home/airflow/.local/lib/python3.12/site-packages/airflow/example_dags/tutorial_dag.py
[2024-11-13T19:41:26.712+0000] {processor.py:914} INFO - Processing file /home/airflow/.local/lib/python3.12/site-packages/airflow/example_dags/tutorial_dag.py for tasks to queue
[2024-11-13T19:41:26.714+0000] {logging_mixin.py:190} INFO - [2024-11-13T19:41:26.714+0000] {dagbag.py:588} INFO - Filling up the DagBag from /home/airflow/.local/lib/python3.12/site-packages/airflow/example_dags/tutorial_dag.py
[2024-11-13T19:41:26.720+0000] {processor.py:925} INFO - DAG(s) 'tutorial_dag' retrieved from /home/airflow/.local/lib/python3.12/site-packages/airflow/example_dags/tutorial_dag.py
[2024-11-13T19:41:26.736+0000] {logging_mixin.py:190} INFO - [2024-11-13T19:41:26.736+0000] {dag.py:3239} INFO - Sync 1 DAGs
[2024-11-13T19:41:26.748+0000] {logging_mixin.py:190} INFO - [2024-11-13T19:41:26.748+0000] {dag.py:4180} INFO - Setting next_dagrun for tutorial_dag to None, run_after=None
[2024-11-13T19:41:26.761+0000] {processor.py:208} INFO - Processing /home/airflow/.local/lib/python3.12/site-packages/airflow/example_dags/tutorial_dag.py took 0.055 seconds
[2024-11-13T19:41:57.865+0000] {processor.py:186} INFO - Started process (PID=2406) to work on /home/airflow/.local/lib/python3.12/site-packages/airflow/example_dags/tutorial_dag.py
[2024-11-13T19:41:57.866+0000] {processor.py:914} INFO - Processing file /home/airflow/.local/lib/python3.12/site-packages/airflow/example_dags/tutorial_dag.py for tasks to queue
[2024-11-13T19:41:57.868+0000] {logging_mixin.py:190} INFO - [2024-11-13T19:41:57.867+0000] {dagbag.py:588} INFO - Filling up the DagBag from /home/airflow/.local/lib/python3.12/site-packages/airflow/example_dags/tutorial_dag.py
[2024-11-13T19:41:57.875+0000] {processor.py:925} INFO - DAG(s) 'tutorial_dag' retrieved from /home/airflow/.local/lib/python3.12/site-packages/airflow/example_dags/tutorial_dag.py
[2024-11-13T19:41:57.891+0000] {logging_mixin.py:190} INFO - [2024-11-13T19:41:57.891+0000] {dag.py:3239} INFO - Sync 1 DAGs
[2024-11-13T19:41:57.901+0000] {logging_mixin.py:190} INFO - [2024-11-13T19:41:57.901+0000] {dag.py:4180} INFO - Setting next_dagrun for tutorial_dag to None, run_after=None
[2024-11-13T19:41:57.915+0000] {processor.py:208} INFO - Processing /home/airflow/.local/lib/python3.12/site-packages/airflow/example_dags/tutorial_dag.py took 0.054 seconds
[2024-11-13T19:42:28.622+0000] {processor.py:186} INFO - Started process (PID=2449) to work on /home/airflow/.local/lib/python3.12/site-packages/airflow/example_dags/tutorial_dag.py
[2024-11-13T19:42:28.623+0000] {processor.py:914} INFO - Processing file /home/airflow/.local/lib/python3.12/site-packages/airflow/example_dags/tutorial_dag.py for tasks to queue
[2024-11-13T19:42:28.624+0000] {logging_mixin.py:190} INFO - [2024-11-13T19:42:28.624+0000] {dagbag.py:588} INFO - Filling up the DagBag from /home/airflow/.local/lib/python3.12/site-packages/airflow/example_dags/tutorial_dag.py
[2024-11-13T19:42:28.630+0000] {processor.py:925} INFO - DAG(s) 'tutorial_dag' retrieved from /home/airflow/.local/lib/python3.12/site-packages/airflow/example_dags/tutorial_dag.py
[2024-11-13T19:42:28.645+0000] {logging_mixin.py:190} INFO - [2024-11-13T19:42:28.645+0000] {dag.py:3239} INFO - Sync 1 DAGs
[2024-11-13T19:42:28.655+0000] {logging_mixin.py:190} INFO - [2024-11-13T19:42:28.655+0000] {dag.py:4180} INFO - Setting next_dagrun for tutorial_dag to None, run_after=None
[2024-11-13T19:42:28.668+0000] {processor.py:208} INFO - Processing /home/airflow/.local/lib/python3.12/site-packages/airflow/example_dags/tutorial_dag.py took 0.051 seconds
[2024-11-13T19:42:58.987+0000] {processor.py:186} INFO - Started process (PID=2512) to work on /home/airflow/.local/lib/python3.12/site-packages/airflow/example_dags/tutorial_dag.py
[2024-11-13T19:42:58.988+0000] {processor.py:914} INFO - Processing file /home/airflow/.local/lib/python3.12/site-packages/airflow/example_dags/tutorial_dag.py for tasks to queue
[2024-11-13T19:42:58.990+0000] {logging_mixin.py:190} INFO - [2024-11-13T19:42:58.990+0000] {dagbag.py:588} INFO - Filling up the DagBag from /home/airflow/.local/lib/python3.12/site-packages/airflow/example_dags/tutorial_dag.py
[2024-11-13T19:42:58.996+0000] {processor.py:925} INFO - DAG(s) 'tutorial_dag' retrieved from /home/airflow/.local/lib/python3.12/site-packages/airflow/example_dags/tutorial_dag.py
[2024-11-13T19:42:59.011+0000] {logging_mixin.py:190} INFO - [2024-11-13T19:42:59.011+0000] {dag.py:3239} INFO - Sync 1 DAGs
[2024-11-13T19:42:59.022+0000] {logging_mixin.py:190} INFO - [2024-11-13T19:42:59.021+0000] {dag.py:4180} INFO - Setting next_dagrun for tutorial_dag to None, run_after=None
[2024-11-13T19:42:59.035+0000] {processor.py:208} INFO - Processing /home/airflow/.local/lib/python3.12/site-packages/airflow/example_dags/tutorial_dag.py took 0.052 seconds
[2024-11-13T19:43:29.419+0000] {processor.py:186} INFO - Started process (PID=2572) to work on /home/airflow/.local/lib/python3.12/site-packages/airflow/example_dags/tutorial_dag.py
[2024-11-13T19:43:29.420+0000] {processor.py:914} INFO - Processing file /home/airflow/.local/lib/python3.12/site-packages/airflow/example_dags/tutorial_dag.py for tasks to queue
[2024-11-13T19:43:29.422+0000] {logging_mixin.py:190} INFO - [2024-11-13T19:43:29.422+0000] {dagbag.py:588} INFO - Filling up the DagBag from /home/airflow/.local/lib/python3.12/site-packages/airflow/example_dags/tutorial_dag.py
[2024-11-13T19:43:29.428+0000] {processor.py:925} INFO - DAG(s) 'tutorial_dag' retrieved from /home/airflow/.local/lib/python3.12/site-packages/airflow/example_dags/tutorial_dag.py
[2024-11-13T19:43:29.444+0000] {logging_mixin.py:190} INFO - [2024-11-13T19:43:29.444+0000] {dag.py:3239} INFO - Sync 1 DAGs
[2024-11-13T19:43:29.455+0000] {logging_mixin.py:190} INFO - [2024-11-13T19:43:29.454+0000] {dag.py:4180} INFO - Setting next_dagrun for tutorial_dag to None, run_after=None
[2024-11-13T19:43:29.468+0000] {processor.py:208} INFO - Processing /home/airflow/.local/lib/python3.12/site-packages/airflow/example_dags/tutorial_dag.py took 0.053 seconds
[2024-11-13T19:43:59.726+0000] {processor.py:186} INFO - Started process (PID=2634) to work on /home/airflow/.local/lib/python3.12/site-packages/airflow/example_dags/tutorial_dag.py
[2024-11-13T19:43:59.727+0000] {processor.py:914} INFO - Processing file /home/airflow/.local/lib/python3.12/site-packages/airflow/example_dags/tutorial_dag.py for tasks to queue
[2024-11-13T19:43:59.729+0000] {logging_mixin.py:190} INFO - [2024-11-13T19:43:59.729+0000] {dagbag.py:588} INFO - Filling up the DagBag from /home/airflow/.local/lib/python3.12/site-packages/airflow/example_dags/tutorial_dag.py
[2024-11-13T19:43:59.735+0000] {processor.py:925} INFO - DAG(s) 'tutorial_dag' retrieved from /home/airflow/.local/lib/python3.12/site-packages/airflow/example_dags/tutorial_dag.py
[2024-11-13T19:43:59.750+0000] {logging_mixin.py:190} INFO - [2024-11-13T19:43:59.750+0000] {dag.py:3239} INFO - Sync 1 DAGs
[2024-11-13T19:43:59.760+0000] {logging_mixin.py:190} INFO - [2024-11-13T19:43:59.760+0000] {dag.py:4180} INFO - Setting next_dagrun for tutorial_dag to None, run_after=None
[2024-11-13T19:43:59.773+0000] {processor.py:208} INFO - Processing /home/airflow/.local/lib/python3.12/site-packages/airflow/example_dags/tutorial_dag.py took 0.051 seconds
[2024-11-13T19:44:30.312+0000] {processor.py:186} INFO - Started process (PID=2695) to work on /home/airflow/.local/lib/python3.12/site-packages/airflow/example_dags/tutorial_dag.py
[2024-11-13T19:44:30.313+0000] {processor.py:914} INFO - Processing file /home/airflow/.local/lib/python3.12/site-packages/airflow/example_dags/tutorial_dag.py for tasks to queue
[2024-11-13T19:44:30.315+0000] {logging_mixin.py:190} INFO - [2024-11-13T19:44:30.314+0000] {dagbag.py:588} INFO - Filling up the DagBag from /home/airflow/.local/lib/python3.12/site-packages/airflow/example_dags/tutorial_dag.py
[2024-11-13T19:44:30.321+0000] {processor.py:925} INFO - DAG(s) 'tutorial_dag' retrieved from /home/airflow/.local/lib/python3.12/site-packages/airflow/example_dags/tutorial_dag.py
[2024-11-13T19:44:30.336+0000] {logging_mixin.py:190} INFO - [2024-11-13T19:44:30.336+0000] {dag.py:3239} INFO - Sync 1 DAGs
[2024-11-13T19:44:30.347+0000] {logging_mixin.py:190} INFO - [2024-11-13T19:44:30.347+0000] {dag.py:4180} INFO - Setting next_dagrun for tutorial_dag to None, run_after=None
[2024-11-13T19:44:30.360+0000] {processor.py:208} INFO - Processing /home/airflow/.local/lib/python3.12/site-packages/airflow/example_dags/tutorial_dag.py took 0.053 seconds
[2024-11-13T19:45:00.698+0000] {processor.py:186} INFO - Started process (PID=2754) to work on /home/airflow/.local/lib/python3.12/site-packages/airflow/example_dags/tutorial_dag.py
[2024-11-13T19:45:00.699+0000] {processor.py:914} INFO - Processing file /home/airflow/.local/lib/python3.12/site-packages/airflow/example_dags/tutorial_dag.py for tasks to queue
[2024-11-13T19:45:00.701+0000] {logging_mixin.py:190} INFO - [2024-11-13T19:45:00.700+0000] {dagbag.py:588} INFO - Filling up the DagBag from /home/airflow/.local/lib/python3.12/site-packages/airflow/example_dags/tutorial_dag.py
[2024-11-13T19:45:00.707+0000] {processor.py:925} INFO - DAG(s) 'tutorial_dag' retrieved from /home/airflow/.local/lib/python3.12/site-packages/airflow/example_dags/tutorial_dag.py
[2024-11-13T19:45:00.723+0000] {logging_mixin.py:190} INFO - [2024-11-13T19:45:00.723+0000] {dag.py:3239} INFO - Sync 1 DAGs
[2024-11-13T19:45:00.733+0000] {logging_mixin.py:190} INFO - [2024-11-13T19:45:00.732+0000] {dag.py:4180} INFO - Setting next_dagrun for tutorial_dag to None, run_after=None
[2024-11-13T19:45:00.747+0000] {processor.py:208} INFO - Processing /home/airflow/.local/lib/python3.12/site-packages/airflow/example_dags/tutorial_dag.py took 0.054 seconds
[2024-11-13T19:45:31.386+0000] {processor.py:186} INFO - Started process (PID=2815) to work on /home/airflow/.local/lib/python3.12/site-packages/airflow/example_dags/tutorial_dag.py
[2024-11-13T19:45:31.400+0000] {processor.py:914} INFO - Processing file /home/airflow/.local/lib/python3.12/site-packages/airflow/example_dags/tutorial_dag.py for tasks to queue
[2024-11-13T19:45:31.402+0000] {logging_mixin.py:190} INFO - [2024-11-13T19:45:31.401+0000] {dagbag.py:588} INFO - Filling up the DagBag from /home/airflow/.local/lib/python3.12/site-packages/airflow/example_dags/tutorial_dag.py
[2024-11-13T19:45:31.411+0000] {processor.py:925} INFO - DAG(s) 'tutorial_dag' retrieved from /home/airflow/.local/lib/python3.12/site-packages/airflow/example_dags/tutorial_dag.py
[2024-11-13T19:45:31.432+0000] {logging_mixin.py:190} INFO - [2024-11-13T19:45:31.432+0000] {dag.py:3239} INFO - Sync 1 DAGs
[2024-11-13T19:45:31.444+0000] {logging_mixin.py:190} INFO - [2024-11-13T19:45:31.443+0000] {dag.py:4180} INFO - Setting next_dagrun for tutorial_dag to None, run_after=None
[2024-11-13T19:45:31.462+0000] {processor.py:208} INFO - Processing /home/airflow/.local/lib/python3.12/site-packages/airflow/example_dags/tutorial_dag.py took 0.081 seconds
[2024-11-13T19:46:01.604+0000] {processor.py:186} INFO - Started process (PID=2879) to work on /home/airflow/.local/lib/python3.12/site-packages/airflow/example_dags/tutorial_dag.py
[2024-11-13T19:46:01.631+0000] {processor.py:914} INFO - Processing file /home/airflow/.local/lib/python3.12/site-packages/airflow/example_dags/tutorial_dag.py for tasks to queue
[2024-11-13T19:46:01.632+0000] {logging_mixin.py:190} INFO - [2024-11-13T19:46:01.632+0000] {dagbag.py:588} INFO - Filling up the DagBag from /home/airflow/.local/lib/python3.12/site-packages/airflow/example_dags/tutorial_dag.py
[2024-11-13T19:46:01.638+0000] {processor.py:925} INFO - DAG(s) 'tutorial_dag' retrieved from /home/airflow/.local/lib/python3.12/site-packages/airflow/example_dags/tutorial_dag.py
[2024-11-13T19:46:01.655+0000] {logging_mixin.py:190} INFO - [2024-11-13T19:46:01.655+0000] {dag.py:3239} INFO - Sync 1 DAGs
[2024-11-13T19:46:01.667+0000] {logging_mixin.py:190} INFO - [2024-11-13T19:46:01.666+0000] {dag.py:4180} INFO - Setting next_dagrun for tutorial_dag to None, run_after=None
[2024-11-13T19:46:01.682+0000] {processor.py:208} INFO - Processing /home/airflow/.local/lib/python3.12/site-packages/airflow/example_dags/tutorial_dag.py took 0.082 seconds
[2024-11-13T19:46:31.987+0000] {processor.py:186} INFO - Started process (PID=2942) to work on /home/airflow/.local/lib/python3.12/site-packages/airflow/example_dags/tutorial_dag.py
[2024-11-13T19:46:31.988+0000] {processor.py:914} INFO - Processing file /home/airflow/.local/lib/python3.12/site-packages/airflow/example_dags/tutorial_dag.py for tasks to queue
[2024-11-13T19:46:31.990+0000] {logging_mixin.py:190} INFO - [2024-11-13T19:46:31.990+0000] {dagbag.py:588} INFO - Filling up the DagBag from /home/airflow/.local/lib/python3.12/site-packages/airflow/example_dags/tutorial_dag.py
[2024-11-13T19:46:31.996+0000] {processor.py:925} INFO - DAG(s) 'tutorial_dag' retrieved from /home/airflow/.local/lib/python3.12/site-packages/airflow/example_dags/tutorial_dag.py
[2024-11-13T19:46:32.010+0000] {logging_mixin.py:190} INFO - [2024-11-13T19:46:32.009+0000] {dag.py:3239} INFO - Sync 1 DAGs
[2024-11-13T19:46:32.020+0000] {logging_mixin.py:190} INFO - [2024-11-13T19:46:32.020+0000] {dag.py:4180} INFO - Setting next_dagrun for tutorial_dag to None, run_after=None
[2024-11-13T19:46:32.035+0000] {processor.py:208} INFO - Processing /home/airflow/.local/lib/python3.12/site-packages/airflow/example_dags/tutorial_dag.py took 0.053 seconds
[2024-11-13T19:47:02.156+0000] {processor.py:186} INFO - Started process (PID=3005) to work on /home/airflow/.local/lib/python3.12/site-packages/airflow/example_dags/tutorial_dag.py
[2024-11-13T19:47:02.157+0000] {processor.py:914} INFO - Processing file /home/airflow/.local/lib/python3.12/site-packages/airflow/example_dags/tutorial_dag.py for tasks to queue
[2024-11-13T19:47:02.159+0000] {logging_mixin.py:190} INFO - [2024-11-13T19:47:02.159+0000] {dagbag.py:588} INFO - Filling up the DagBag from /home/airflow/.local/lib/python3.12/site-packages/airflow/example_dags/tutorial_dag.py
[2024-11-13T19:47:02.164+0000] {processor.py:925} INFO - DAG(s) 'tutorial_dag' retrieved from /home/airflow/.local/lib/python3.12/site-packages/airflow/example_dags/tutorial_dag.py
[2024-11-13T19:47:02.178+0000] {logging_mixin.py:190} INFO - [2024-11-13T19:47:02.178+0000] {dag.py:3239} INFO - Sync 1 DAGs
[2024-11-13T19:47:02.189+0000] {logging_mixin.py:190} INFO - [2024-11-13T19:47:02.189+0000] {dag.py:4180} INFO - Setting next_dagrun for tutorial_dag to None, run_after=None
[2024-11-13T19:47:02.205+0000] {processor.py:208} INFO - Processing /home/airflow/.local/lib/python3.12/site-packages/airflow/example_dags/tutorial_dag.py took 0.053 seconds
[2024-11-13T19:47:33.087+0000] {processor.py:186} INFO - Started process (PID=3068) to work on /home/airflow/.local/lib/python3.12/site-packages/airflow/example_dags/tutorial_dag.py
[2024-11-13T19:47:33.089+0000] {processor.py:914} INFO - Processing file /home/airflow/.local/lib/python3.12/site-packages/airflow/example_dags/tutorial_dag.py for tasks to queue
[2024-11-13T19:47:33.090+0000] {logging_mixin.py:190} INFO - [2024-11-13T19:47:33.090+0000] {dagbag.py:588} INFO - Filling up the DagBag from /home/airflow/.local/lib/python3.12/site-packages/airflow/example_dags/tutorial_dag.py
[2024-11-13T19:47:33.096+0000] {processor.py:925} INFO - DAG(s) 'tutorial_dag' retrieved from /home/airflow/.local/lib/python3.12/site-packages/airflow/example_dags/tutorial_dag.py
[2024-11-13T19:47:33.110+0000] {logging_mixin.py:190} INFO - [2024-11-13T19:47:33.110+0000] {dag.py:3239} INFO - Sync 1 DAGs
[2024-11-13T19:47:33.120+0000] {logging_mixin.py:190} INFO - [2024-11-13T19:47:33.120+0000] {dag.py:4180} INFO - Setting next_dagrun for tutorial_dag to None, run_after=None
[2024-11-13T19:47:33.272+0000] {processor.py:208} INFO - Processing /home/airflow/.local/lib/python3.12/site-packages/airflow/example_dags/tutorial_dag.py took 0.189 seconds
[2024-11-13T19:48:03.377+0000] {processor.py:186} INFO - Started process (PID=3131) to work on /home/airflow/.local/lib/python3.12/site-packages/airflow/example_dags/tutorial_dag.py
[2024-11-13T19:48:03.379+0000] {processor.py:914} INFO - Processing file /home/airflow/.local/lib/python3.12/site-packages/airflow/example_dags/tutorial_dag.py for tasks to queue
[2024-11-13T19:48:03.380+0000] {logging_mixin.py:190} INFO - [2024-11-13T19:48:03.380+0000] {dagbag.py:588} INFO - Filling up the DagBag from /home/airflow/.local/lib/python3.12/site-packages/airflow/example_dags/tutorial_dag.py
[2024-11-13T19:48:03.386+0000] {processor.py:925} INFO - DAG(s) 'tutorial_dag' retrieved from /home/airflow/.local/lib/python3.12/site-packages/airflow/example_dags/tutorial_dag.py
[2024-11-13T19:48:03.400+0000] {logging_mixin.py:190} INFO - [2024-11-13T19:48:03.400+0000] {dag.py:3239} INFO - Sync 1 DAGs
[2024-11-13T19:48:03.410+0000] {logging_mixin.py:190} INFO - [2024-11-13T19:48:03.410+0000] {dag.py:4180} INFO - Setting next_dagrun for tutorial_dag to None, run_after=None
[2024-11-13T19:48:03.426+0000] {processor.py:208} INFO - Processing /home/airflow/.local/lib/python3.12/site-packages/airflow/example_dags/tutorial_dag.py took 0.053 seconds
[2024-11-13T19:48:34.449+0000] {processor.py:186} INFO - Started process (PID=3194) to work on /home/airflow/.local/lib/python3.12/site-packages/airflow/example_dags/tutorial_dag.py
[2024-11-13T19:48:34.450+0000] {processor.py:914} INFO - Processing file /home/airflow/.local/lib/python3.12/site-packages/airflow/example_dags/tutorial_dag.py for tasks to queue
[2024-11-13T19:48:34.452+0000] {logging_mixin.py:190} INFO - [2024-11-13T19:48:34.452+0000] {dagbag.py:588} INFO - Filling up the DagBag from /home/airflow/.local/lib/python3.12/site-packages/airflow/example_dags/tutorial_dag.py
[2024-11-13T19:48:34.458+0000] {processor.py:925} INFO - DAG(s) 'tutorial_dag' retrieved from /home/airflow/.local/lib/python3.12/site-packages/airflow/example_dags/tutorial_dag.py
[2024-11-13T19:48:34.476+0000] {logging_mixin.py:190} INFO - [2024-11-13T19:48:34.476+0000] {dag.py:3239} INFO - Sync 1 DAGs
[2024-11-13T19:48:34.488+0000] {logging_mixin.py:190} INFO - [2024-11-13T19:48:34.488+0000] {dag.py:4180} INFO - Setting next_dagrun for tutorial_dag to None, run_after=None
[2024-11-13T19:48:34.505+0000] {processor.py:208} INFO - Processing /home/airflow/.local/lib/python3.12/site-packages/airflow/example_dags/tutorial_dag.py took 0.060 seconds
[2024-11-13T19:49:05.362+0000] {processor.py:186} INFO - Started process (PID=3257) to work on /home/airflow/.local/lib/python3.12/site-packages/airflow/example_dags/tutorial_dag.py
[2024-11-13T19:49:05.387+0000] {processor.py:914} INFO - Processing file /home/airflow/.local/lib/python3.12/site-packages/airflow/example_dags/tutorial_dag.py for tasks to queue
[2024-11-13T19:49:05.389+0000] {logging_mixin.py:190} INFO - [2024-11-13T19:49:05.389+0000] {dagbag.py:588} INFO - Filling up the DagBag from /home/airflow/.local/lib/python3.12/site-packages/airflow/example_dags/tutorial_dag.py
[2024-11-13T19:49:05.395+0000] {processor.py:925} INFO - DAG(s) 'tutorial_dag' retrieved from /home/airflow/.local/lib/python3.12/site-packages/airflow/example_dags/tutorial_dag.py
[2024-11-13T19:49:05.411+0000] {logging_mixin.py:190} INFO - [2024-11-13T19:49:05.410+0000] {dag.py:3239} INFO - Sync 1 DAGs
[2024-11-13T19:49:05.421+0000] {logging_mixin.py:190} INFO - [2024-11-13T19:49:05.421+0000] {dag.py:4180} INFO - Setting next_dagrun for tutorial_dag to None, run_after=None
[2024-11-13T19:49:05.438+0000] {processor.py:208} INFO - Processing /home/airflow/.local/lib/python3.12/site-packages/airflow/example_dags/tutorial_dag.py took 0.080 seconds
[2024-11-13T19:49:36.343+0000] {processor.py:186} INFO - Started process (PID=3320) to work on /home/airflow/.local/lib/python3.12/site-packages/airflow/example_dags/tutorial_dag.py
[2024-11-13T19:49:36.344+0000] {processor.py:914} INFO - Processing file /home/airflow/.local/lib/python3.12/site-packages/airflow/example_dags/tutorial_dag.py for tasks to queue
[2024-11-13T19:49:36.346+0000] {logging_mixin.py:190} INFO - [2024-11-13T19:49:36.346+0000] {dagbag.py:588} INFO - Filling up the DagBag from /home/airflow/.local/lib/python3.12/site-packages/airflow/example_dags/tutorial_dag.py
[2024-11-13T19:49:36.352+0000] {processor.py:925} INFO - DAG(s) 'tutorial_dag' retrieved from /home/airflow/.local/lib/python3.12/site-packages/airflow/example_dags/tutorial_dag.py
[2024-11-13T19:49:36.366+0000] {logging_mixin.py:190} INFO - [2024-11-13T19:49:36.366+0000] {dag.py:3239} INFO - Sync 1 DAGs
[2024-11-13T19:49:36.376+0000] {logging_mixin.py:190} INFO - [2024-11-13T19:49:36.376+0000] {dag.py:4180} INFO - Setting next_dagrun for tutorial_dag to None, run_after=None
[2024-11-13T19:49:36.391+0000] {processor.py:208} INFO - Processing /home/airflow/.local/lib/python3.12/site-packages/airflow/example_dags/tutorial_dag.py took 0.051 seconds
[2024-11-13T19:50:07.230+0000] {processor.py:186} INFO - Started process (PID=3383) to work on /home/airflow/.local/lib/python3.12/site-packages/airflow/example_dags/tutorial_dag.py
[2024-11-13T19:50:07.231+0000] {processor.py:914} INFO - Processing file /home/airflow/.local/lib/python3.12/site-packages/airflow/example_dags/tutorial_dag.py for tasks to queue
[2024-11-13T19:50:07.232+0000] {logging_mixin.py:190} INFO - [2024-11-13T19:50:07.232+0000] {dagbag.py:588} INFO - Filling up the DagBag from /home/airflow/.local/lib/python3.12/site-packages/airflow/example_dags/tutorial_dag.py
[2024-11-13T19:50:07.238+0000] {processor.py:925} INFO - DAG(s) 'tutorial_dag' retrieved from /home/airflow/.local/lib/python3.12/site-packages/airflow/example_dags/tutorial_dag.py
[2024-11-13T19:50:07.253+0000] {logging_mixin.py:190} INFO - [2024-11-13T19:50:07.253+0000] {dag.py:3239} INFO - Sync 1 DAGs
[2024-11-13T19:50:07.264+0000] {logging_mixin.py:190} INFO - [2024-11-13T19:50:07.264+0000] {dag.py:4180} INFO - Setting next_dagrun for tutorial_dag to None, run_after=None
[2024-11-13T19:50:07.280+0000] {processor.py:208} INFO - Processing /home/airflow/.local/lib/python3.12/site-packages/airflow/example_dags/tutorial_dag.py took 0.054 seconds
[2024-11-13T19:50:37.356+0000] {processor.py:186} INFO - Started process (PID=3446) to work on /home/airflow/.local/lib/python3.12/site-packages/airflow/example_dags/tutorial_dag.py
[2024-11-13T19:50:37.382+0000] {processor.py:914} INFO - Processing file /home/airflow/.local/lib/python3.12/site-packages/airflow/example_dags/tutorial_dag.py for tasks to queue
[2024-11-13T19:50:37.386+0000] {logging_mixin.py:190} INFO - [2024-11-13T19:50:37.385+0000] {dagbag.py:588} INFO - Filling up the DagBag from /home/airflow/.local/lib/python3.12/site-packages/airflow/example_dags/tutorial_dag.py
[2024-11-13T19:50:37.404+0000] {processor.py:925} INFO - DAG(s) 'tutorial_dag' retrieved from /home/airflow/.local/lib/python3.12/site-packages/airflow/example_dags/tutorial_dag.py
[2024-11-13T19:50:37.421+0000] {logging_mixin.py:190} INFO - [2024-11-13T19:50:37.421+0000] {dag.py:3239} INFO - Sync 1 DAGs
[2024-11-13T19:50:37.431+0000] {logging_mixin.py:190} INFO - [2024-11-13T19:50:37.431+0000] {dag.py:4180} INFO - Setting next_dagrun for tutorial_dag to None, run_after=None
[2024-11-13T19:50:37.448+0000] {processor.py:208} INFO - Processing /home/airflow/.local/lib/python3.12/site-packages/airflow/example_dags/tutorial_dag.py took 0.096 seconds
[2024-11-13T19:51:07.603+0000] {processor.py:186} INFO - Started process (PID=3509) to work on /home/airflow/.local/lib/python3.12/site-packages/airflow/example_dags/tutorial_dag.py
[2024-11-13T19:51:07.629+0000] {processor.py:914} INFO - Processing file /home/airflow/.local/lib/python3.12/site-packages/airflow/example_dags/tutorial_dag.py for tasks to queue
[2024-11-13T19:51:07.631+0000] {logging_mixin.py:190} INFO - [2024-11-13T19:51:07.631+0000] {dagbag.py:588} INFO - Filling up the DagBag from /home/airflow/.local/lib/python3.12/site-packages/airflow/example_dags/tutorial_dag.py
[2024-11-13T19:51:07.637+0000] {processor.py:925} INFO - DAG(s) 'tutorial_dag' retrieved from /home/airflow/.local/lib/python3.12/site-packages/airflow/example_dags/tutorial_dag.py
[2024-11-13T19:51:07.653+0000] {logging_mixin.py:190} INFO - [2024-11-13T19:51:07.653+0000] {dag.py:3239} INFO - Sync 1 DAGs
[2024-11-13T19:51:07.665+0000] {logging_mixin.py:190} INFO - [2024-11-13T19:51:07.665+0000] {dag.py:4180} INFO - Setting next_dagrun for tutorial_dag to None, run_after=None
[2024-11-13T19:51:07.681+0000] {processor.py:208} INFO - Processing /home/airflow/.local/lib/python3.12/site-packages/airflow/example_dags/tutorial_dag.py took 0.082 seconds
[2024-11-13T19:51:37.860+0000] {processor.py:186} INFO - Started process (PID=3572) to work on /home/airflow/.local/lib/python3.12/site-packages/airflow/example_dags/tutorial_dag.py
[2024-11-13T19:51:37.861+0000] {processor.py:914} INFO - Processing file /home/airflow/.local/lib/python3.12/site-packages/airflow/example_dags/tutorial_dag.py for tasks to queue
[2024-11-13T19:51:37.863+0000] {logging_mixin.py:190} INFO - [2024-11-13T19:51:37.862+0000] {dagbag.py:588} INFO - Filling up the DagBag from /home/airflow/.local/lib/python3.12/site-packages/airflow/example_dags/tutorial_dag.py
[2024-11-13T19:51:37.869+0000] {processor.py:925} INFO - DAG(s) 'tutorial_dag' retrieved from /home/airflow/.local/lib/python3.12/site-packages/airflow/example_dags/tutorial_dag.py
[2024-11-13T19:51:37.884+0000] {logging_mixin.py:190} INFO - [2024-11-13T19:51:37.884+0000] {dag.py:3239} INFO - Sync 1 DAGs
[2024-11-13T19:51:37.895+0000] {logging_mixin.py:190} INFO - [2024-11-13T19:51:37.895+0000] {dag.py:4180} INFO - Setting next_dagrun for tutorial_dag to None, run_after=None
[2024-11-13T19:51:37.912+0000] {processor.py:208} INFO - Processing /home/airflow/.local/lib/python3.12/site-packages/airflow/example_dags/tutorial_dag.py took 0.058 seconds
[2024-11-13T19:52:08.014+0000] {processor.py:186} INFO - Started process (PID=3635) to work on /home/airflow/.local/lib/python3.12/site-packages/airflow/example_dags/tutorial_dag.py
[2024-11-13T19:52:08.085+0000] {processor.py:914} INFO - Processing file /home/airflow/.local/lib/python3.12/site-packages/airflow/example_dags/tutorial_dag.py for tasks to queue
[2024-11-13T19:52:08.087+0000] {logging_mixin.py:190} INFO - [2024-11-13T19:52:08.087+0000] {dagbag.py:588} INFO - Filling up the DagBag from /home/airflow/.local/lib/python3.12/site-packages/airflow/example_dags/tutorial_dag.py
[2024-11-13T19:52:08.092+0000] {processor.py:925} INFO - DAG(s) 'tutorial_dag' retrieved from /home/airflow/.local/lib/python3.12/site-packages/airflow/example_dags/tutorial_dag.py
[2024-11-13T19:52:08.106+0000] {logging_mixin.py:190} INFO - [2024-11-13T19:52:08.106+0000] {dag.py:3239} INFO - Sync 1 DAGs
[2024-11-13T19:52:08.116+0000] {logging_mixin.py:190} INFO - [2024-11-13T19:52:08.115+0000] {dag.py:4180} INFO - Setting next_dagrun for tutorial_dag to None, run_after=None
[2024-11-13T19:52:08.130+0000] {processor.py:208} INFO - Processing /home/airflow/.local/lib/python3.12/site-packages/airflow/example_dags/tutorial_dag.py took 0.119 seconds
[2024-11-13T19:52:38.262+0000] {processor.py:186} INFO - Started process (PID=3698) to work on /home/airflow/.local/lib/python3.12/site-packages/airflow/example_dags/tutorial_dag.py
[2024-11-13T19:52:38.263+0000] {processor.py:914} INFO - Processing file /home/airflow/.local/lib/python3.12/site-packages/airflow/example_dags/tutorial_dag.py for tasks to queue
[2024-11-13T19:52:38.265+0000] {logging_mixin.py:190} INFO - [2024-11-13T19:52:38.265+0000] {dagbag.py:588} INFO - Filling up the DagBag from /home/airflow/.local/lib/python3.12/site-packages/airflow/example_dags/tutorial_dag.py
[2024-11-13T19:52:38.271+0000] {processor.py:925} INFO - DAG(s) 'tutorial_dag' retrieved from /home/airflow/.local/lib/python3.12/site-packages/airflow/example_dags/tutorial_dag.py
[2024-11-13T19:52:38.288+0000] {logging_mixin.py:190} INFO - [2024-11-13T19:52:38.288+0000] {dag.py:3239} INFO - Sync 1 DAGs
[2024-11-13T19:52:38.299+0000] {logging_mixin.py:190} INFO - [2024-11-13T19:52:38.299+0000] {dag.py:4180} INFO - Setting next_dagrun for tutorial_dag to None, run_after=None
[2024-11-13T19:52:38.312+0000] {processor.py:208} INFO - Processing /home/airflow/.local/lib/python3.12/site-packages/airflow/example_dags/tutorial_dag.py took 0.054 seconds
