[2024-11-13T19:23:15.189+0000] {processor.py:186} INFO - Started process (PID=64) to work on /home/airflow/.local/lib/python3.12/site-packages/airflow/example_dags/tutorial.py
[2024-11-13T19:23:15.190+0000] {processor.py:914} INFO - Processing file /home/airflow/.local/lib/python3.12/site-packages/airflow/example_dags/tutorial.py for tasks to queue
[2024-11-13T19:23:15.192+0000] {logging_mixin.py:190} INFO - [2024-11-13T19:23:15.191+0000] {dagbag.py:588} INFO - Filling up the DagBag from /home/airflow/.local/lib/python3.12/site-packages/airflow/example_dags/tutorial.py
[2024-11-13T19:23:15.199+0000] {processor.py:925} INFO - DAG(s) 'tutorial' retrieved from /home/airflow/.local/lib/python3.12/site-packages/airflow/example_dags/tutorial.py
[2024-11-13T19:23:15.281+0000] {logging_mixin.py:190} INFO - [2024-11-13T19:23:15.280+0000] {override.py:1911} INFO - Created Permission View: can edit on DAG:tutorial
[2024-11-13T19:23:15.288+0000] {logging_mixin.py:190} INFO - [2024-11-13T19:23:15.288+0000] {override.py:1911} INFO - Created Permission View: can read on DAG:tutorial
[2024-11-13T19:23:15.293+0000] {logging_mixin.py:190} INFO - [2024-11-13T19:23:15.293+0000] {override.py:1911} INFO - Created Permission View: can delete on DAG:tutorial
[2024-11-13T19:23:15.299+0000] {logging_mixin.py:190} INFO - [2024-11-13T19:23:15.298+0000] {override.py:1911} INFO - Created Permission View: can delete on DAG Run:tutorial
[2024-11-13T19:23:15.303+0000] {logging_mixin.py:190} INFO - [2024-11-13T19:23:15.303+0000] {override.py:1911} INFO - Created Permission View: can read on DAG Run:tutorial
[2024-11-13T19:23:15.308+0000] {logging_mixin.py:190} INFO - [2024-11-13T19:23:15.307+0000] {override.py:1911} INFO - Created Permission View: menu access on DAG Run:tutorial
[2024-11-13T19:23:15.312+0000] {logging_mixin.py:190} INFO - [2024-11-13T19:23:15.312+0000] {override.py:1911} INFO - Created Permission View: can create on DAG Run:tutorial
[2024-11-13T19:23:15.313+0000] {logging_mixin.py:190} INFO - [2024-11-13T19:23:15.313+0000] {dag.py:3239} INFO - Sync 1 DAGs
[2024-11-13T19:23:15.322+0000] {logging_mixin.py:190} INFO - [2024-11-13T19:23:15.322+0000] {dag.py:3262} INFO - Creating ORM DAG for tutorial
[2024-11-13T19:23:15.331+0000] {logging_mixin.py:190} INFO - [2024-11-13T19:23:15.330+0000] {dag.py:4180} INFO - Setting next_dagrun for tutorial to 2024-11-12 00:00:00+00:00, run_after=2024-11-13 00:00:00+00:00
[2024-11-13T19:23:15.343+0000] {processor.py:208} INFO - Processing /home/airflow/.local/lib/python3.12/site-packages/airflow/example_dags/tutorial.py took 0.159 seconds
[2024-11-13T19:23:45.682+0000] {processor.py:186} INFO - Started process (PID=127) to work on /home/airflow/.local/lib/python3.12/site-packages/airflow/example_dags/tutorial.py
[2024-11-13T19:23:45.683+0000] {processor.py:914} INFO - Processing file /home/airflow/.local/lib/python3.12/site-packages/airflow/example_dags/tutorial.py for tasks to queue
[2024-11-13T19:23:45.684+0000] {logging_mixin.py:190} INFO - [2024-11-13T19:23:45.684+0000] {dagbag.py:588} INFO - Filling up the DagBag from /home/airflow/.local/lib/python3.12/site-packages/airflow/example_dags/tutorial.py
[2024-11-13T19:23:45.690+0000] {processor.py:925} INFO - DAG(s) 'tutorial' retrieved from /home/airflow/.local/lib/python3.12/site-packages/airflow/example_dags/tutorial.py
[2024-11-13T19:23:45.703+0000] {logging_mixin.py:190} INFO - [2024-11-13T19:23:45.703+0000] {dag.py:3239} INFO - Sync 1 DAGs
[2024-11-13T19:23:45.718+0000] {logging_mixin.py:190} INFO - [2024-11-13T19:23:45.718+0000] {dag.py:4180} INFO - Setting next_dagrun for tutorial to 2024-11-12 00:00:00+00:00, run_after=2024-11-13 00:00:00+00:00
[2024-11-13T19:23:45.731+0000] {processor.py:208} INFO - Processing /home/airflow/.local/lib/python3.12/site-packages/airflow/example_dags/tutorial.py took 0.052 seconds
[2024-11-13T19:24:15.882+0000] {processor.py:186} INFO - Started process (PID=190) to work on /home/airflow/.local/lib/python3.12/site-packages/airflow/example_dags/tutorial.py
[2024-11-13T19:24:15.884+0000] {processor.py:914} INFO - Processing file /home/airflow/.local/lib/python3.12/site-packages/airflow/example_dags/tutorial.py for tasks to queue
[2024-11-13T19:24:15.885+0000] {logging_mixin.py:190} INFO - [2024-11-13T19:24:15.885+0000] {dagbag.py:588} INFO - Filling up the DagBag from /home/airflow/.local/lib/python3.12/site-packages/airflow/example_dags/tutorial.py
[2024-11-13T19:24:15.892+0000] {processor.py:925} INFO - DAG(s) 'tutorial' retrieved from /home/airflow/.local/lib/python3.12/site-packages/airflow/example_dags/tutorial.py
[2024-11-13T19:24:15.907+0000] {logging_mixin.py:190} INFO - [2024-11-13T19:24:15.907+0000] {dag.py:3239} INFO - Sync 1 DAGs
[2024-11-13T19:24:15.925+0000] {logging_mixin.py:190} INFO - [2024-11-13T19:24:15.925+0000] {dag.py:4180} INFO - Setting next_dagrun for tutorial to 2024-11-12 00:00:00+00:00, run_after=2024-11-13 00:00:00+00:00
[2024-11-13T19:24:15.939+0000] {processor.py:208} INFO - Processing /home/airflow/.local/lib/python3.12/site-packages/airflow/example_dags/tutorial.py took 0.061 seconds
[2024-11-13T19:24:46.102+0000] {processor.py:186} INFO - Started process (PID=253) to work on /home/airflow/.local/lib/python3.12/site-packages/airflow/example_dags/tutorial.py
[2024-11-13T19:24:46.102+0000] {processor.py:914} INFO - Processing file /home/airflow/.local/lib/python3.12/site-packages/airflow/example_dags/tutorial.py for tasks to queue
[2024-11-13T19:24:46.104+0000] {logging_mixin.py:190} INFO - [2024-11-13T19:24:46.104+0000] {dagbag.py:588} INFO - Filling up the DagBag from /home/airflow/.local/lib/python3.12/site-packages/airflow/example_dags/tutorial.py
[2024-11-13T19:24:46.110+0000] {processor.py:925} INFO - DAG(s) 'tutorial' retrieved from /home/airflow/.local/lib/python3.12/site-packages/airflow/example_dags/tutorial.py
[2024-11-13T19:24:46.123+0000] {logging_mixin.py:190} INFO - [2024-11-13T19:24:46.123+0000] {dag.py:3239} INFO - Sync 1 DAGs
[2024-11-13T19:24:46.139+0000] {logging_mixin.py:190} INFO - [2024-11-13T19:24:46.139+0000] {dag.py:4180} INFO - Setting next_dagrun for tutorial to 2024-11-12 00:00:00+00:00, run_after=2024-11-13 00:00:00+00:00
[2024-11-13T19:24:46.154+0000] {processor.py:208} INFO - Processing /home/airflow/.local/lib/python3.12/site-packages/airflow/example_dags/tutorial.py took 0.056 seconds
[2024-11-13T19:25:16.472+0000] {processor.py:186} INFO - Started process (PID=316) to work on /home/airflow/.local/lib/python3.12/site-packages/airflow/example_dags/tutorial.py
[2024-11-13T19:25:16.472+0000] {processor.py:914} INFO - Processing file /home/airflow/.local/lib/python3.12/site-packages/airflow/example_dags/tutorial.py for tasks to queue
[2024-11-13T19:25:16.474+0000] {logging_mixin.py:190} INFO - [2024-11-13T19:25:16.474+0000] {dagbag.py:588} INFO - Filling up the DagBag from /home/airflow/.local/lib/python3.12/site-packages/airflow/example_dags/tutorial.py
[2024-11-13T19:25:16.479+0000] {processor.py:925} INFO - DAG(s) 'tutorial' retrieved from /home/airflow/.local/lib/python3.12/site-packages/airflow/example_dags/tutorial.py
[2024-11-13T19:25:16.494+0000] {logging_mixin.py:190} INFO - [2024-11-13T19:25:16.494+0000] {dag.py:3239} INFO - Sync 1 DAGs
[2024-11-13T19:25:16.511+0000] {logging_mixin.py:190} INFO - [2024-11-13T19:25:16.511+0000] {dag.py:4180} INFO - Setting next_dagrun for tutorial to 2024-11-12 00:00:00+00:00, run_after=2024-11-13 00:00:00+00:00
[2024-11-13T19:25:16.525+0000] {processor.py:208} INFO - Processing /home/airflow/.local/lib/python3.12/site-packages/airflow/example_dags/tutorial.py took 0.057 seconds
[2024-11-13T19:25:46.722+0000] {processor.py:186} INFO - Started process (PID=379) to work on /home/airflow/.local/lib/python3.12/site-packages/airflow/example_dags/tutorial.py
[2024-11-13T19:25:46.723+0000] {processor.py:914} INFO - Processing file /home/airflow/.local/lib/python3.12/site-packages/airflow/example_dags/tutorial.py for tasks to queue
[2024-11-13T19:25:46.724+0000] {logging_mixin.py:190} INFO - [2024-11-13T19:25:46.724+0000] {dagbag.py:588} INFO - Filling up the DagBag from /home/airflow/.local/lib/python3.12/site-packages/airflow/example_dags/tutorial.py
[2024-11-13T19:25:46.730+0000] {processor.py:925} INFO - DAG(s) 'tutorial' retrieved from /home/airflow/.local/lib/python3.12/site-packages/airflow/example_dags/tutorial.py
[2024-11-13T19:25:46.744+0000] {logging_mixin.py:190} INFO - [2024-11-13T19:25:46.744+0000] {dag.py:3239} INFO - Sync 1 DAGs
[2024-11-13T19:25:46.760+0000] {logging_mixin.py:190} INFO - [2024-11-13T19:25:46.759+0000] {dag.py:4180} INFO - Setting next_dagrun for tutorial to 2024-11-12 00:00:00+00:00, run_after=2024-11-13 00:00:00+00:00
[2024-11-13T19:25:46.774+0000] {processor.py:208} INFO - Processing /home/airflow/.local/lib/python3.12/site-packages/airflow/example_dags/tutorial.py took 0.056 seconds
[2024-11-13T19:26:16.923+0000] {processor.py:186} INFO - Started process (PID=442) to work on /home/airflow/.local/lib/python3.12/site-packages/airflow/example_dags/tutorial.py
[2024-11-13T19:26:16.924+0000] {processor.py:914} INFO - Processing file /home/airflow/.local/lib/python3.12/site-packages/airflow/example_dags/tutorial.py for tasks to queue
[2024-11-13T19:26:16.925+0000] {logging_mixin.py:190} INFO - [2024-11-13T19:26:16.925+0000] {dagbag.py:588} INFO - Filling up the DagBag from /home/airflow/.local/lib/python3.12/site-packages/airflow/example_dags/tutorial.py
[2024-11-13T19:26:16.931+0000] {processor.py:925} INFO - DAG(s) 'tutorial' retrieved from /home/airflow/.local/lib/python3.12/site-packages/airflow/example_dags/tutorial.py
[2024-11-13T19:26:16.945+0000] {logging_mixin.py:190} INFO - [2024-11-13T19:26:16.945+0000] {dag.py:3239} INFO - Sync 1 DAGs
[2024-11-13T19:26:16.960+0000] {logging_mixin.py:190} INFO - [2024-11-13T19:26:16.960+0000] {dag.py:4180} INFO - Setting next_dagrun for tutorial to 2024-11-12 00:00:00+00:00, run_after=2024-11-13 00:00:00+00:00
[2024-11-13T19:26:16.973+0000] {processor.py:208} INFO - Processing /home/airflow/.local/lib/python3.12/site-packages/airflow/example_dags/tutorial.py took 0.054 seconds
[2024-11-13T19:26:47.170+0000] {processor.py:186} INFO - Started process (PID=505) to work on /home/airflow/.local/lib/python3.12/site-packages/airflow/example_dags/tutorial.py
[2024-11-13T19:26:47.171+0000] {processor.py:914} INFO - Processing file /home/airflow/.local/lib/python3.12/site-packages/airflow/example_dags/tutorial.py for tasks to queue
[2024-11-13T19:26:47.173+0000] {logging_mixin.py:190} INFO - [2024-11-13T19:26:47.172+0000] {dagbag.py:588} INFO - Filling up the DagBag from /home/airflow/.local/lib/python3.12/site-packages/airflow/example_dags/tutorial.py
[2024-11-13T19:26:47.178+0000] {processor.py:925} INFO - DAG(s) 'tutorial' retrieved from /home/airflow/.local/lib/python3.12/site-packages/airflow/example_dags/tutorial.py
[2024-11-13T19:26:47.191+0000] {logging_mixin.py:190} INFO - [2024-11-13T19:26:47.191+0000] {dag.py:3239} INFO - Sync 1 DAGs
[2024-11-13T19:26:47.207+0000] {logging_mixin.py:190} INFO - [2024-11-13T19:26:47.206+0000] {dag.py:4180} INFO - Setting next_dagrun for tutorial to 2024-11-12 00:00:00+00:00, run_after=2024-11-13 00:00:00+00:00
[2024-11-13T19:26:47.219+0000] {processor.py:208} INFO - Processing /home/airflow/.local/lib/python3.12/site-packages/airflow/example_dags/tutorial.py took 0.052 seconds
[2024-11-13T19:27:17.502+0000] {processor.py:186} INFO - Started process (PID=568) to work on /home/airflow/.local/lib/python3.12/site-packages/airflow/example_dags/tutorial.py
[2024-11-13T19:27:17.503+0000] {processor.py:914} INFO - Processing file /home/airflow/.local/lib/python3.12/site-packages/airflow/example_dags/tutorial.py for tasks to queue
[2024-11-13T19:27:17.504+0000] {logging_mixin.py:190} INFO - [2024-11-13T19:27:17.504+0000] {dagbag.py:588} INFO - Filling up the DagBag from /home/airflow/.local/lib/python3.12/site-packages/airflow/example_dags/tutorial.py
[2024-11-13T19:27:17.510+0000] {processor.py:925} INFO - DAG(s) 'tutorial' retrieved from /home/airflow/.local/lib/python3.12/site-packages/airflow/example_dags/tutorial.py
[2024-11-13T19:27:17.525+0000] {logging_mixin.py:190} INFO - [2024-11-13T19:27:17.525+0000] {dag.py:3239} INFO - Sync 1 DAGs
[2024-11-13T19:27:17.541+0000] {logging_mixin.py:190} INFO - [2024-11-13T19:27:17.540+0000] {dag.py:4180} INFO - Setting next_dagrun for tutorial to 2024-11-12 00:00:00+00:00, run_after=2024-11-13 00:00:00+00:00
[2024-11-13T19:27:17.553+0000] {processor.py:208} INFO - Processing /home/airflow/.local/lib/python3.12/site-packages/airflow/example_dags/tutorial.py took 0.056 seconds
[2024-11-13T19:27:47.682+0000] {processor.py:186} INFO - Started process (PID=631) to work on /home/airflow/.local/lib/python3.12/site-packages/airflow/example_dags/tutorial.py
[2024-11-13T19:27:47.683+0000] {processor.py:914} INFO - Processing file /home/airflow/.local/lib/python3.12/site-packages/airflow/example_dags/tutorial.py for tasks to queue
[2024-11-13T19:27:47.685+0000] {logging_mixin.py:190} INFO - [2024-11-13T19:27:47.685+0000] {dagbag.py:588} INFO - Filling up the DagBag from /home/airflow/.local/lib/python3.12/site-packages/airflow/example_dags/tutorial.py
[2024-11-13T19:27:47.690+0000] {processor.py:925} INFO - DAG(s) 'tutorial' retrieved from /home/airflow/.local/lib/python3.12/site-packages/airflow/example_dags/tutorial.py
[2024-11-13T19:27:47.705+0000] {logging_mixin.py:190} INFO - [2024-11-13T19:27:47.705+0000] {dag.py:3239} INFO - Sync 1 DAGs
[2024-11-13T19:27:47.721+0000] {logging_mixin.py:190} INFO - [2024-11-13T19:27:47.721+0000] {dag.py:4180} INFO - Setting next_dagrun for tutorial to 2024-11-12 00:00:00+00:00, run_after=2024-11-13 00:00:00+00:00
[2024-11-13T19:27:47.736+0000] {processor.py:208} INFO - Processing /home/airflow/.local/lib/python3.12/site-packages/airflow/example_dags/tutorial.py took 0.057 seconds
[2024-11-13T19:28:18.172+0000] {processor.py:186} INFO - Started process (PID=694) to work on /home/airflow/.local/lib/python3.12/site-packages/airflow/example_dags/tutorial.py
[2024-11-13T19:28:18.173+0000] {processor.py:914} INFO - Processing file /home/airflow/.local/lib/python3.12/site-packages/airflow/example_dags/tutorial.py for tasks to queue
[2024-11-13T19:28:18.174+0000] {logging_mixin.py:190} INFO - [2024-11-13T19:28:18.174+0000] {dagbag.py:588} INFO - Filling up the DagBag from /home/airflow/.local/lib/python3.12/site-packages/airflow/example_dags/tutorial.py
[2024-11-13T19:28:18.180+0000] {processor.py:925} INFO - DAG(s) 'tutorial' retrieved from /home/airflow/.local/lib/python3.12/site-packages/airflow/example_dags/tutorial.py
[2024-11-13T19:28:18.194+0000] {logging_mixin.py:190} INFO - [2024-11-13T19:28:18.194+0000] {dag.py:3239} INFO - Sync 1 DAGs
[2024-11-13T19:28:18.210+0000] {logging_mixin.py:190} INFO - [2024-11-13T19:28:18.210+0000] {dag.py:4180} INFO - Setting next_dagrun for tutorial to 2024-11-12 00:00:00+00:00, run_after=2024-11-13 00:00:00+00:00
[2024-11-13T19:28:18.222+0000] {processor.py:208} INFO - Processing /home/airflow/.local/lib/python3.12/site-packages/airflow/example_dags/tutorial.py took 0.055 seconds
[2024-11-13T19:28:48.722+0000] {processor.py:186} INFO - Started process (PID=757) to work on /home/airflow/.local/lib/python3.12/site-packages/airflow/example_dags/tutorial.py
[2024-11-13T19:28:48.723+0000] {processor.py:914} INFO - Processing file /home/airflow/.local/lib/python3.12/site-packages/airflow/example_dags/tutorial.py for tasks to queue
[2024-11-13T19:28:48.725+0000] {logging_mixin.py:190} INFO - [2024-11-13T19:28:48.724+0000] {dagbag.py:588} INFO - Filling up the DagBag from /home/airflow/.local/lib/python3.12/site-packages/airflow/example_dags/tutorial.py
[2024-11-13T19:28:48.731+0000] {processor.py:925} INFO - DAG(s) 'tutorial' retrieved from /home/airflow/.local/lib/python3.12/site-packages/airflow/example_dags/tutorial.py
[2024-11-13T19:28:48.745+0000] {logging_mixin.py:190} INFO - [2024-11-13T19:28:48.745+0000] {dag.py:3239} INFO - Sync 1 DAGs
[2024-11-13T19:28:48.760+0000] {logging_mixin.py:190} INFO - [2024-11-13T19:28:48.760+0000] {dag.py:4180} INFO - Setting next_dagrun for tutorial to 2024-11-12 00:00:00+00:00, run_after=2024-11-13 00:00:00+00:00
[2024-11-13T19:28:48.774+0000] {processor.py:208} INFO - Processing /home/airflow/.local/lib/python3.12/site-packages/airflow/example_dags/tutorial.py took 0.056 seconds
[2024-11-13T19:29:18.937+0000] {processor.py:186} INFO - Started process (PID=820) to work on /home/airflow/.local/lib/python3.12/site-packages/airflow/example_dags/tutorial.py
[2024-11-13T19:29:18.938+0000] {processor.py:914} INFO - Processing file /home/airflow/.local/lib/python3.12/site-packages/airflow/example_dags/tutorial.py for tasks to queue
[2024-11-13T19:29:18.940+0000] {logging_mixin.py:190} INFO - [2024-11-13T19:29:18.940+0000] {dagbag.py:588} INFO - Filling up the DagBag from /home/airflow/.local/lib/python3.12/site-packages/airflow/example_dags/tutorial.py
[2024-11-13T19:29:18.946+0000] {processor.py:925} INFO - DAG(s) 'tutorial' retrieved from /home/airflow/.local/lib/python3.12/site-packages/airflow/example_dags/tutorial.py
[2024-11-13T19:29:18.959+0000] {logging_mixin.py:190} INFO - [2024-11-13T19:29:18.958+0000] {dag.py:3239} INFO - Sync 1 DAGs
[2024-11-13T19:29:18.974+0000] {logging_mixin.py:190} INFO - [2024-11-13T19:29:18.974+0000] {dag.py:4180} INFO - Setting next_dagrun for tutorial to 2024-11-12 00:00:00+00:00, run_after=2024-11-13 00:00:00+00:00
[2024-11-13T19:29:18.988+0000] {processor.py:208} INFO - Processing /home/airflow/.local/lib/python3.12/site-packages/airflow/example_dags/tutorial.py took 0.054 seconds
[2024-11-13T19:29:49.303+0000] {processor.py:186} INFO - Started process (PID=883) to work on /home/airflow/.local/lib/python3.12/site-packages/airflow/example_dags/tutorial.py
[2024-11-13T19:29:49.304+0000] {processor.py:914} INFO - Processing file /home/airflow/.local/lib/python3.12/site-packages/airflow/example_dags/tutorial.py for tasks to queue
[2024-11-13T19:29:49.306+0000] {logging_mixin.py:190} INFO - [2024-11-13T19:29:49.306+0000] {dagbag.py:588} INFO - Filling up the DagBag from /home/airflow/.local/lib/python3.12/site-packages/airflow/example_dags/tutorial.py
[2024-11-13T19:29:49.311+0000] {processor.py:925} INFO - DAG(s) 'tutorial' retrieved from /home/airflow/.local/lib/python3.12/site-packages/airflow/example_dags/tutorial.py
[2024-11-13T19:29:49.325+0000] {logging_mixin.py:190} INFO - [2024-11-13T19:29:49.325+0000] {dag.py:3239} INFO - Sync 1 DAGs
[2024-11-13T19:29:49.341+0000] {logging_mixin.py:190} INFO - [2024-11-13T19:29:49.340+0000] {dag.py:4180} INFO - Setting next_dagrun for tutorial to 2024-11-12 00:00:00+00:00, run_after=2024-11-13 00:00:00+00:00
[2024-11-13T19:29:49.353+0000] {processor.py:208} INFO - Processing /home/airflow/.local/lib/python3.12/site-packages/airflow/example_dags/tutorial.py took 0.054 seconds
[2024-11-13T19:30:19.518+0000] {processor.py:186} INFO - Started process (PID=952) to work on /home/airflow/.local/lib/python3.12/site-packages/airflow/example_dags/tutorial.py
[2024-11-13T19:30:19.519+0000] {processor.py:914} INFO - Processing file /home/airflow/.local/lib/python3.12/site-packages/airflow/example_dags/tutorial.py for tasks to queue
[2024-11-13T19:30:19.520+0000] {logging_mixin.py:190} INFO - [2024-11-13T19:30:19.520+0000] {dagbag.py:588} INFO - Filling up the DagBag from /home/airflow/.local/lib/python3.12/site-packages/airflow/example_dags/tutorial.py
[2024-11-13T19:30:19.526+0000] {processor.py:925} INFO - DAG(s) 'tutorial' retrieved from /home/airflow/.local/lib/python3.12/site-packages/airflow/example_dags/tutorial.py
[2024-11-13T19:30:19.540+0000] {logging_mixin.py:190} INFO - [2024-11-13T19:30:19.539+0000] {dag.py:3239} INFO - Sync 1 DAGs
[2024-11-13T19:30:19.555+0000] {logging_mixin.py:190} INFO - [2024-11-13T19:30:19.555+0000] {dag.py:4180} INFO - Setting next_dagrun for tutorial to 2024-11-12 00:00:00+00:00, run_after=2024-11-13 00:00:00+00:00
[2024-11-13T19:30:19.566+0000] {processor.py:208} INFO - Processing /home/airflow/.local/lib/python3.12/site-packages/airflow/example_dags/tutorial.py took 0.052 seconds
[2024-11-13T19:30:49.789+0000] {processor.py:186} INFO - Started process (PID=1015) to work on /home/airflow/.local/lib/python3.12/site-packages/airflow/example_dags/tutorial.py
[2024-11-13T19:30:49.790+0000] {processor.py:914} INFO - Processing file /home/airflow/.local/lib/python3.12/site-packages/airflow/example_dags/tutorial.py for tasks to queue
[2024-11-13T19:30:49.792+0000] {logging_mixin.py:190} INFO - [2024-11-13T19:30:49.792+0000] {dagbag.py:588} INFO - Filling up the DagBag from /home/airflow/.local/lib/python3.12/site-packages/airflow/example_dags/tutorial.py
[2024-11-13T19:30:49.798+0000] {processor.py:925} INFO - DAG(s) 'tutorial' retrieved from /home/airflow/.local/lib/python3.12/site-packages/airflow/example_dags/tutorial.py
[2024-11-13T19:30:49.811+0000] {logging_mixin.py:190} INFO - [2024-11-13T19:30:49.811+0000] {dag.py:3239} INFO - Sync 1 DAGs
[2024-11-13T19:30:49.827+0000] {logging_mixin.py:190} INFO - [2024-11-13T19:30:49.827+0000] {dag.py:4180} INFO - Setting next_dagrun for tutorial to 2024-11-12 00:00:00+00:00, run_after=2024-11-13 00:00:00+00:00
[2024-11-13T19:30:49.841+0000] {processor.py:208} INFO - Processing /home/airflow/.local/lib/python3.12/site-packages/airflow/example_dags/tutorial.py took 0.055 seconds
[2024-11-13T19:31:20.033+0000] {processor.py:186} INFO - Started process (PID=1078) to work on /home/airflow/.local/lib/python3.12/site-packages/airflow/example_dags/tutorial.py
[2024-11-13T19:31:20.034+0000] {processor.py:914} INFO - Processing file /home/airflow/.local/lib/python3.12/site-packages/airflow/example_dags/tutorial.py for tasks to queue
[2024-11-13T19:31:20.036+0000] {logging_mixin.py:190} INFO - [2024-11-13T19:31:20.035+0000] {dagbag.py:588} INFO - Filling up the DagBag from /home/airflow/.local/lib/python3.12/site-packages/airflow/example_dags/tutorial.py
[2024-11-13T19:31:20.041+0000] {processor.py:925} INFO - DAG(s) 'tutorial' retrieved from /home/airflow/.local/lib/python3.12/site-packages/airflow/example_dags/tutorial.py
[2024-11-13T19:31:20.055+0000] {logging_mixin.py:190} INFO - [2024-11-13T19:31:20.055+0000] {dag.py:3239} INFO - Sync 1 DAGs
[2024-11-13T19:31:20.072+0000] {logging_mixin.py:190} INFO - [2024-11-13T19:31:20.072+0000] {dag.py:4180} INFO - Setting next_dagrun for tutorial to 2024-11-12 00:00:00+00:00, run_after=2024-11-13 00:00:00+00:00
[2024-11-13T19:31:20.084+0000] {processor.py:208} INFO - Processing /home/airflow/.local/lib/python3.12/site-packages/airflow/example_dags/tutorial.py took 0.055 seconds
[2024-11-13T19:31:50.426+0000] {processor.py:186} INFO - Started process (PID=1141) to work on /home/airflow/.local/lib/python3.12/site-packages/airflow/example_dags/tutorial.py
[2024-11-13T19:31:50.427+0000] {processor.py:914} INFO - Processing file /home/airflow/.local/lib/python3.12/site-packages/airflow/example_dags/tutorial.py for tasks to queue
[2024-11-13T19:31:50.428+0000] {logging_mixin.py:190} INFO - [2024-11-13T19:31:50.428+0000] {dagbag.py:588} INFO - Filling up the DagBag from /home/airflow/.local/lib/python3.12/site-packages/airflow/example_dags/tutorial.py
[2024-11-13T19:31:50.436+0000] {processor.py:925} INFO - DAG(s) 'tutorial' retrieved from /home/airflow/.local/lib/python3.12/site-packages/airflow/example_dags/tutorial.py
[2024-11-13T19:31:50.451+0000] {logging_mixin.py:190} INFO - [2024-11-13T19:31:50.451+0000] {dag.py:3239} INFO - Sync 1 DAGs
[2024-11-13T19:31:50.467+0000] {logging_mixin.py:190} INFO - [2024-11-13T19:31:50.467+0000] {dag.py:4180} INFO - Setting next_dagrun for tutorial to 2024-11-12 00:00:00+00:00, run_after=2024-11-13 00:00:00+00:00
[2024-11-13T19:31:50.480+0000] {processor.py:208} INFO - Processing /home/airflow/.local/lib/python3.12/site-packages/airflow/example_dags/tutorial.py took 0.060 seconds
[2024-11-13T19:32:20.940+0000] {processor.py:186} INFO - Started process (PID=1204) to work on /home/airflow/.local/lib/python3.12/site-packages/airflow/example_dags/tutorial.py
[2024-11-13T19:32:20.941+0000] {processor.py:914} INFO - Processing file /home/airflow/.local/lib/python3.12/site-packages/airflow/example_dags/tutorial.py for tasks to queue
[2024-11-13T19:32:20.942+0000] {logging_mixin.py:190} INFO - [2024-11-13T19:32:20.942+0000] {dagbag.py:588} INFO - Filling up the DagBag from /home/airflow/.local/lib/python3.12/site-packages/airflow/example_dags/tutorial.py
[2024-11-13T19:32:20.949+0000] {processor.py:925} INFO - DAG(s) 'tutorial' retrieved from /home/airflow/.local/lib/python3.12/site-packages/airflow/example_dags/tutorial.py
[2024-11-13T19:32:20.965+0000] {logging_mixin.py:190} INFO - [2024-11-13T19:32:20.964+0000] {dag.py:3239} INFO - Sync 1 DAGs
[2024-11-13T19:32:20.982+0000] {logging_mixin.py:190} INFO - [2024-11-13T19:32:20.981+0000] {dag.py:4180} INFO - Setting next_dagrun for tutorial to 2024-11-12 00:00:00+00:00, run_after=2024-11-13 00:00:00+00:00
[2024-11-13T19:32:20.995+0000] {processor.py:208} INFO - Processing /home/airflow/.local/lib/python3.12/site-packages/airflow/example_dags/tutorial.py took 0.060 seconds
[2024-11-13T19:32:51.148+0000] {processor.py:186} INFO - Started process (PID=1268) to work on /home/airflow/.local/lib/python3.12/site-packages/airflow/example_dags/tutorial.py
[2024-11-13T19:32:51.149+0000] {processor.py:914} INFO - Processing file /home/airflow/.local/lib/python3.12/site-packages/airflow/example_dags/tutorial.py for tasks to queue
[2024-11-13T19:32:51.151+0000] {logging_mixin.py:190} INFO - [2024-11-13T19:32:51.150+0000] {dagbag.py:588} INFO - Filling up the DagBag from /home/airflow/.local/lib/python3.12/site-packages/airflow/example_dags/tutorial.py
[2024-11-13T19:32:51.156+0000] {processor.py:925} INFO - DAG(s) 'tutorial' retrieved from /home/airflow/.local/lib/python3.12/site-packages/airflow/example_dags/tutorial.py
[2024-11-13T19:32:51.171+0000] {logging_mixin.py:190} INFO - [2024-11-13T19:32:51.171+0000] {dag.py:3239} INFO - Sync 1 DAGs
[2024-11-13T19:32:51.187+0000] {logging_mixin.py:190} INFO - [2024-11-13T19:32:51.187+0000] {dag.py:4180} INFO - Setting next_dagrun for tutorial to 2024-11-12 00:00:00+00:00, run_after=2024-11-13 00:00:00+00:00
[2024-11-13T19:32:51.201+0000] {processor.py:208} INFO - Processing /home/airflow/.local/lib/python3.12/site-packages/airflow/example_dags/tutorial.py took 0.057 seconds
[2024-11-13T19:33:21.684+0000] {processor.py:186} INFO - Started process (PID=1331) to work on /home/airflow/.local/lib/python3.12/site-packages/airflow/example_dags/tutorial.py
[2024-11-13T19:33:21.685+0000] {processor.py:914} INFO - Processing file /home/airflow/.local/lib/python3.12/site-packages/airflow/example_dags/tutorial.py for tasks to queue
[2024-11-13T19:33:21.687+0000] {logging_mixin.py:190} INFO - [2024-11-13T19:33:21.687+0000] {dagbag.py:588} INFO - Filling up the DagBag from /home/airflow/.local/lib/python3.12/site-packages/airflow/example_dags/tutorial.py
[2024-11-13T19:33:21.693+0000] {processor.py:925} INFO - DAG(s) 'tutorial' retrieved from /home/airflow/.local/lib/python3.12/site-packages/airflow/example_dags/tutorial.py
[2024-11-13T19:33:21.708+0000] {logging_mixin.py:190} INFO - [2024-11-13T19:33:21.708+0000] {dag.py:3239} INFO - Sync 1 DAGs
[2024-11-13T19:33:21.725+0000] {logging_mixin.py:190} INFO - [2024-11-13T19:33:21.724+0000] {dag.py:4180} INFO - Setting next_dagrun for tutorial to 2024-11-12 00:00:00+00:00, run_after=2024-11-13 00:00:00+00:00
[2024-11-13T19:33:21.738+0000] {processor.py:208} INFO - Processing /home/airflow/.local/lib/python3.12/site-packages/airflow/example_dags/tutorial.py took 0.057 seconds
[2024-11-13T19:33:51.796+0000] {processor.py:186} INFO - Started process (PID=1394) to work on /home/airflow/.local/lib/python3.12/site-packages/airflow/example_dags/tutorial.py
[2024-11-13T19:33:51.797+0000] {processor.py:914} INFO - Processing file /home/airflow/.local/lib/python3.12/site-packages/airflow/example_dags/tutorial.py for tasks to queue
[2024-11-13T19:33:51.799+0000] {logging_mixin.py:190} INFO - [2024-11-13T19:33:51.799+0000] {dagbag.py:588} INFO - Filling up the DagBag from /home/airflow/.local/lib/python3.12/site-packages/airflow/example_dags/tutorial.py
[2024-11-13T19:33:51.805+0000] {processor.py:925} INFO - DAG(s) 'tutorial' retrieved from /home/airflow/.local/lib/python3.12/site-packages/airflow/example_dags/tutorial.py
[2024-11-13T19:33:51.821+0000] {logging_mixin.py:190} INFO - [2024-11-13T19:33:51.821+0000] {dag.py:3239} INFO - Sync 1 DAGs
[2024-11-13T19:33:51.839+0000] {logging_mixin.py:190} INFO - [2024-11-13T19:33:51.839+0000] {dag.py:4180} INFO - Setting next_dagrun for tutorial to 2024-11-12 00:00:00+00:00, run_after=2024-11-13 00:00:00+00:00
[2024-11-13T19:33:51.852+0000] {processor.py:208} INFO - Processing /home/airflow/.local/lib/python3.12/site-packages/airflow/example_dags/tutorial.py took 0.060 seconds
[2024-11-13T19:34:22.316+0000] {processor.py:186} INFO - Started process (PID=1457) to work on /home/airflow/.local/lib/python3.12/site-packages/airflow/example_dags/tutorial.py
[2024-11-13T19:34:22.317+0000] {processor.py:914} INFO - Processing file /home/airflow/.local/lib/python3.12/site-packages/airflow/example_dags/tutorial.py for tasks to queue
[2024-11-13T19:34:22.319+0000] {logging_mixin.py:190} INFO - [2024-11-13T19:34:22.319+0000] {dagbag.py:588} INFO - Filling up the DagBag from /home/airflow/.local/lib/python3.12/site-packages/airflow/example_dags/tutorial.py
[2024-11-13T19:34:22.325+0000] {processor.py:925} INFO - DAG(s) 'tutorial' retrieved from /home/airflow/.local/lib/python3.12/site-packages/airflow/example_dags/tutorial.py
[2024-11-13T19:34:22.339+0000] {logging_mixin.py:190} INFO - [2024-11-13T19:34:22.339+0000] {dag.py:3239} INFO - Sync 1 DAGs
[2024-11-13T19:34:22.355+0000] {logging_mixin.py:190} INFO - [2024-11-13T19:34:22.355+0000] {dag.py:4180} INFO - Setting next_dagrun for tutorial to 2024-11-12 00:00:00+00:00, run_after=2024-11-13 00:00:00+00:00
[2024-11-13T19:34:22.370+0000] {processor.py:208} INFO - Processing /home/airflow/.local/lib/python3.12/site-packages/airflow/example_dags/tutorial.py took 0.058 seconds
[2024-11-13T19:34:52.614+0000] {processor.py:186} INFO - Started process (PID=1520) to work on /home/airflow/.local/lib/python3.12/site-packages/airflow/example_dags/tutorial.py
[2024-11-13T19:34:52.615+0000] {processor.py:914} INFO - Processing file /home/airflow/.local/lib/python3.12/site-packages/airflow/example_dags/tutorial.py for tasks to queue
[2024-11-13T19:34:52.616+0000] {logging_mixin.py:190} INFO - [2024-11-13T19:34:52.616+0000] {dagbag.py:588} INFO - Filling up the DagBag from /home/airflow/.local/lib/python3.12/site-packages/airflow/example_dags/tutorial.py
[2024-11-13T19:34:52.623+0000] {processor.py:925} INFO - DAG(s) 'tutorial' retrieved from /home/airflow/.local/lib/python3.12/site-packages/airflow/example_dags/tutorial.py
[2024-11-13T19:34:52.637+0000] {logging_mixin.py:190} INFO - [2024-11-13T19:34:52.637+0000] {dag.py:3239} INFO - Sync 1 DAGs
[2024-11-13T19:34:52.654+0000] {logging_mixin.py:190} INFO - [2024-11-13T19:34:52.654+0000] {dag.py:4180} INFO - Setting next_dagrun for tutorial to 2024-11-12 00:00:00+00:00, run_after=2024-11-13 00:00:00+00:00
[2024-11-13T19:34:52.667+0000] {processor.py:208} INFO - Processing /home/airflow/.local/lib/python3.12/site-packages/airflow/example_dags/tutorial.py took 0.057 seconds
[2024-11-13T19:35:23.107+0000] {processor.py:186} INFO - Started process (PID=1583) to work on /home/airflow/.local/lib/python3.12/site-packages/airflow/example_dags/tutorial.py
[2024-11-13T19:35:23.108+0000] {processor.py:914} INFO - Processing file /home/airflow/.local/lib/python3.12/site-packages/airflow/example_dags/tutorial.py for tasks to queue
[2024-11-13T19:35:23.110+0000] {logging_mixin.py:190} INFO - [2024-11-13T19:35:23.109+0000] {dagbag.py:588} INFO - Filling up the DagBag from /home/airflow/.local/lib/python3.12/site-packages/airflow/example_dags/tutorial.py
[2024-11-13T19:35:23.115+0000] {processor.py:925} INFO - DAG(s) 'tutorial' retrieved from /home/airflow/.local/lib/python3.12/site-packages/airflow/example_dags/tutorial.py
[2024-11-13T19:35:23.129+0000] {logging_mixin.py:190} INFO - [2024-11-13T19:35:23.129+0000] {dag.py:3239} INFO - Sync 1 DAGs
[2024-11-13T19:35:23.145+0000] {logging_mixin.py:190} INFO - [2024-11-13T19:35:23.145+0000] {dag.py:4180} INFO - Setting next_dagrun for tutorial to 2024-11-12 00:00:00+00:00, run_after=2024-11-13 00:00:00+00:00
[2024-11-13T19:35:23.159+0000] {processor.py:208} INFO - Processing /home/airflow/.local/lib/python3.12/site-packages/airflow/example_dags/tutorial.py took 0.056 seconds
[2024-11-13T19:35:53.399+0000] {processor.py:186} INFO - Started process (PID=1646) to work on /home/airflow/.local/lib/python3.12/site-packages/airflow/example_dags/tutorial.py
[2024-11-13T19:35:53.400+0000] {processor.py:914} INFO - Processing file /home/airflow/.local/lib/python3.12/site-packages/airflow/example_dags/tutorial.py for tasks to queue
[2024-11-13T19:35:53.401+0000] {logging_mixin.py:190} INFO - [2024-11-13T19:35:53.401+0000] {dagbag.py:588} INFO - Filling up the DagBag from /home/airflow/.local/lib/python3.12/site-packages/airflow/example_dags/tutorial.py
[2024-11-13T19:35:53.407+0000] {processor.py:925} INFO - DAG(s) 'tutorial' retrieved from /home/airflow/.local/lib/python3.12/site-packages/airflow/example_dags/tutorial.py
[2024-11-13T19:35:53.421+0000] {logging_mixin.py:190} INFO - [2024-11-13T19:35:53.421+0000] {dag.py:3239} INFO - Sync 1 DAGs
[2024-11-13T19:35:53.439+0000] {logging_mixin.py:190} INFO - [2024-11-13T19:35:53.439+0000] {dag.py:4180} INFO - Setting next_dagrun for tutorial to 2024-11-12 00:00:00+00:00, run_after=2024-11-13 00:00:00+00:00
[2024-11-13T19:35:53.451+0000] {processor.py:208} INFO - Processing /home/airflow/.local/lib/python3.12/site-packages/airflow/example_dags/tutorial.py took 0.057 seconds
[2024-11-13T19:36:23.830+0000] {processor.py:186} INFO - Started process (PID=1709) to work on /home/airflow/.local/lib/python3.12/site-packages/airflow/example_dags/tutorial.py
[2024-11-13T19:36:23.831+0000] {processor.py:914} INFO - Processing file /home/airflow/.local/lib/python3.12/site-packages/airflow/example_dags/tutorial.py for tasks to queue
[2024-11-13T19:36:23.832+0000] {logging_mixin.py:190} INFO - [2024-11-13T19:36:23.832+0000] {dagbag.py:588} INFO - Filling up the DagBag from /home/airflow/.local/lib/python3.12/site-packages/airflow/example_dags/tutorial.py
[2024-11-13T19:36:23.838+0000] {processor.py:925} INFO - DAG(s) 'tutorial' retrieved from /home/airflow/.local/lib/python3.12/site-packages/airflow/example_dags/tutorial.py
[2024-11-13T19:36:23.853+0000] {logging_mixin.py:190} INFO - [2024-11-13T19:36:23.853+0000] {dag.py:3239} INFO - Sync 1 DAGs
[2024-11-13T19:36:23.869+0000] {logging_mixin.py:190} INFO - [2024-11-13T19:36:23.869+0000] {dag.py:4180} INFO - Setting next_dagrun for tutorial to 2024-11-12 00:00:00+00:00, run_after=2024-11-13 00:00:00+00:00
[2024-11-13T19:36:23.883+0000] {processor.py:208} INFO - Processing /home/airflow/.local/lib/python3.12/site-packages/airflow/example_dags/tutorial.py took 0.056 seconds
[2024-11-13T19:36:53.975+0000] {processor.py:186} INFO - Started process (PID=1772) to work on /home/airflow/.local/lib/python3.12/site-packages/airflow/example_dags/tutorial.py
[2024-11-13T19:36:53.976+0000] {processor.py:914} INFO - Processing file /home/airflow/.local/lib/python3.12/site-packages/airflow/example_dags/tutorial.py for tasks to queue
[2024-11-13T19:36:53.978+0000] {logging_mixin.py:190} INFO - [2024-11-13T19:36:53.978+0000] {dagbag.py:588} INFO - Filling up the DagBag from /home/airflow/.local/lib/python3.12/site-packages/airflow/example_dags/tutorial.py
[2024-11-13T19:36:53.984+0000] {processor.py:925} INFO - DAG(s) 'tutorial' retrieved from /home/airflow/.local/lib/python3.12/site-packages/airflow/example_dags/tutorial.py
[2024-11-13T19:36:53.999+0000] {logging_mixin.py:190} INFO - [2024-11-13T19:36:53.999+0000] {dag.py:3239} INFO - Sync 1 DAGs
[2024-11-13T19:36:54.016+0000] {logging_mixin.py:190} INFO - [2024-11-13T19:36:54.016+0000] {dag.py:4180} INFO - Setting next_dagrun for tutorial to 2024-11-12 00:00:00+00:00, run_after=2024-11-13 00:00:00+00:00
[2024-11-13T19:36:54.030+0000] {processor.py:208} INFO - Processing /home/airflow/.local/lib/python3.12/site-packages/airflow/example_dags/tutorial.py took 0.058 seconds
[2024-11-13T19:37:24.129+0000] {processor.py:186} INFO - Started process (PID=1835) to work on /home/airflow/.local/lib/python3.12/site-packages/airflow/example_dags/tutorial.py
[2024-11-13T19:37:24.130+0000] {processor.py:914} INFO - Processing file /home/airflow/.local/lib/python3.12/site-packages/airflow/example_dags/tutorial.py for tasks to queue
[2024-11-13T19:37:24.132+0000] {logging_mixin.py:190} INFO - [2024-11-13T19:37:24.131+0000] {dagbag.py:588} INFO - Filling up the DagBag from /home/airflow/.local/lib/python3.12/site-packages/airflow/example_dags/tutorial.py
[2024-11-13T19:37:24.138+0000] {processor.py:925} INFO - DAG(s) 'tutorial' retrieved from /home/airflow/.local/lib/python3.12/site-packages/airflow/example_dags/tutorial.py
[2024-11-13T19:37:24.151+0000] {logging_mixin.py:190} INFO - [2024-11-13T19:37:24.151+0000] {dag.py:3239} INFO - Sync 1 DAGs
[2024-11-13T19:37:24.167+0000] {logging_mixin.py:190} INFO - [2024-11-13T19:37:24.167+0000] {dag.py:4180} INFO - Setting next_dagrun for tutorial to 2024-11-12 00:00:00+00:00, run_after=2024-11-13 00:00:00+00:00
[2024-11-13T19:37:24.179+0000] {processor.py:208} INFO - Processing /home/airflow/.local/lib/python3.12/site-packages/airflow/example_dags/tutorial.py took 0.055 seconds
[2024-11-13T19:37:54.398+0000] {processor.py:186} INFO - Started process (PID=1898) to work on /home/airflow/.local/lib/python3.12/site-packages/airflow/example_dags/tutorial.py
[2024-11-13T19:37:54.399+0000] {processor.py:914} INFO - Processing file /home/airflow/.local/lib/python3.12/site-packages/airflow/example_dags/tutorial.py for tasks to queue
[2024-11-13T19:37:54.402+0000] {logging_mixin.py:190} INFO - [2024-11-13T19:37:54.401+0000] {dagbag.py:588} INFO - Filling up the DagBag from /home/airflow/.local/lib/python3.12/site-packages/airflow/example_dags/tutorial.py
[2024-11-13T19:37:54.409+0000] {processor.py:925} INFO - DAG(s) 'tutorial' retrieved from /home/airflow/.local/lib/python3.12/site-packages/airflow/example_dags/tutorial.py
[2024-11-13T19:37:54.425+0000] {logging_mixin.py:190} INFO - [2024-11-13T19:37:54.424+0000] {dag.py:3239} INFO - Sync 1 DAGs
[2024-11-13T19:37:54.443+0000] {logging_mixin.py:190} INFO - [2024-11-13T19:37:54.443+0000] {dag.py:4180} INFO - Setting next_dagrun for tutorial to 2024-11-12 00:00:00+00:00, run_after=2024-11-13 00:00:00+00:00
[2024-11-13T19:37:54.460+0000] {processor.py:208} INFO - Processing /home/airflow/.local/lib/python3.12/site-packages/airflow/example_dags/tutorial.py took 0.066 seconds
[2024-11-13T19:38:24.584+0000] {processor.py:186} INFO - Started process (PID=1961) to work on /home/airflow/.local/lib/python3.12/site-packages/airflow/example_dags/tutorial.py
[2024-11-13T19:38:24.584+0000] {processor.py:914} INFO - Processing file /home/airflow/.local/lib/python3.12/site-packages/airflow/example_dags/tutorial.py for tasks to queue
[2024-11-13T19:38:24.586+0000] {logging_mixin.py:190} INFO - [2024-11-13T19:38:24.586+0000] {dagbag.py:588} INFO - Filling up the DagBag from /home/airflow/.local/lib/python3.12/site-packages/airflow/example_dags/tutorial.py
[2024-11-13T19:38:24.593+0000] {processor.py:925} INFO - DAG(s) 'tutorial' retrieved from /home/airflow/.local/lib/python3.12/site-packages/airflow/example_dags/tutorial.py
[2024-11-13T19:38:24.607+0000] {logging_mixin.py:190} INFO - [2024-11-13T19:38:24.607+0000] {dag.py:3239} INFO - Sync 1 DAGs
[2024-11-13T19:38:24.623+0000] {logging_mixin.py:190} INFO - [2024-11-13T19:38:24.623+0000] {dag.py:4180} INFO - Setting next_dagrun for tutorial to 2024-11-12 00:00:00+00:00, run_after=2024-11-13 00:00:00+00:00
[2024-11-13T19:38:24.636+0000] {processor.py:208} INFO - Processing /home/airflow/.local/lib/python3.12/site-packages/airflow/example_dags/tutorial.py took 0.056 seconds
[2024-11-13T19:38:54.754+0000] {processor.py:186} INFO - Started process (PID=2024) to work on /home/airflow/.local/lib/python3.12/site-packages/airflow/example_dags/tutorial.py
[2024-11-13T19:38:54.755+0000] {processor.py:914} INFO - Processing file /home/airflow/.local/lib/python3.12/site-packages/airflow/example_dags/tutorial.py for tasks to queue
[2024-11-13T19:38:54.756+0000] {logging_mixin.py:190} INFO - [2024-11-13T19:38:54.756+0000] {dagbag.py:588} INFO - Filling up the DagBag from /home/airflow/.local/lib/python3.12/site-packages/airflow/example_dags/tutorial.py
[2024-11-13T19:38:54.763+0000] {processor.py:925} INFO - DAG(s) 'tutorial' retrieved from /home/airflow/.local/lib/python3.12/site-packages/airflow/example_dags/tutorial.py
[2024-11-13T19:38:54.777+0000] {logging_mixin.py:190} INFO - [2024-11-13T19:38:54.777+0000] {dag.py:3239} INFO - Sync 1 DAGs
[2024-11-13T19:38:54.794+0000] {logging_mixin.py:190} INFO - [2024-11-13T19:38:54.794+0000] {dag.py:4180} INFO - Setting next_dagrun for tutorial to 2024-11-12 00:00:00+00:00, run_after=2024-11-13 00:00:00+00:00
[2024-11-13T19:38:54.808+0000] {processor.py:208} INFO - Processing /home/airflow/.local/lib/python3.12/site-packages/airflow/example_dags/tutorial.py took 0.058 seconds
[2024-11-13T19:39:25.070+0000] {processor.py:186} INFO - Started process (PID=2087) to work on /home/airflow/.local/lib/python3.12/site-packages/airflow/example_dags/tutorial.py
[2024-11-13T19:39:25.071+0000] {processor.py:914} INFO - Processing file /home/airflow/.local/lib/python3.12/site-packages/airflow/example_dags/tutorial.py for tasks to queue
[2024-11-13T19:39:25.072+0000] {logging_mixin.py:190} INFO - [2024-11-13T19:39:25.072+0000] {dagbag.py:588} INFO - Filling up the DagBag from /home/airflow/.local/lib/python3.12/site-packages/airflow/example_dags/tutorial.py
[2024-11-13T19:39:25.079+0000] {processor.py:925} INFO - DAG(s) 'tutorial' retrieved from /home/airflow/.local/lib/python3.12/site-packages/airflow/example_dags/tutorial.py
[2024-11-13T19:39:25.094+0000] {logging_mixin.py:190} INFO - [2024-11-13T19:39:25.093+0000] {dag.py:3239} INFO - Sync 1 DAGs
[2024-11-13T19:39:25.110+0000] {logging_mixin.py:190} INFO - [2024-11-13T19:39:25.110+0000] {dag.py:4180} INFO - Setting next_dagrun for tutorial to 2024-11-12 00:00:00+00:00, run_after=2024-11-13 00:00:00+00:00
[2024-11-13T19:39:25.125+0000] {processor.py:208} INFO - Processing /home/airflow/.local/lib/python3.12/site-packages/airflow/example_dags/tutorial.py took 0.059 seconds
[2024-11-13T19:39:55.402+0000] {processor.py:186} INFO - Started process (PID=2150) to work on /home/airflow/.local/lib/python3.12/site-packages/airflow/example_dags/tutorial.py
[2024-11-13T19:39:55.403+0000] {processor.py:914} INFO - Processing file /home/airflow/.local/lib/python3.12/site-packages/airflow/example_dags/tutorial.py for tasks to queue
[2024-11-13T19:39:55.405+0000] {logging_mixin.py:190} INFO - [2024-11-13T19:39:55.404+0000] {dagbag.py:588} INFO - Filling up the DagBag from /home/airflow/.local/lib/python3.12/site-packages/airflow/example_dags/tutorial.py
[2024-11-13T19:39:55.412+0000] {processor.py:925} INFO - DAG(s) 'tutorial' retrieved from /home/airflow/.local/lib/python3.12/site-packages/airflow/example_dags/tutorial.py
[2024-11-13T19:39:55.429+0000] {logging_mixin.py:190} INFO - [2024-11-13T19:39:55.429+0000] {dag.py:3239} INFO - Sync 1 DAGs
[2024-11-13T19:39:55.445+0000] {logging_mixin.py:190} INFO - [2024-11-13T19:39:55.445+0000] {dag.py:4180} INFO - Setting next_dagrun for tutorial to 2024-11-12 00:00:00+00:00, run_after=2024-11-13 00:00:00+00:00
[2024-11-13T19:39:55.460+0000] {processor.py:208} INFO - Processing /home/airflow/.local/lib/python3.12/site-packages/airflow/example_dags/tutorial.py took 0.062 seconds
[2024-11-13T19:40:25.706+0000] {processor.py:186} INFO - Started process (PID=2213) to work on /home/airflow/.local/lib/python3.12/site-packages/airflow/example_dags/tutorial.py
[2024-11-13T19:40:25.707+0000] {processor.py:914} INFO - Processing file /home/airflow/.local/lib/python3.12/site-packages/airflow/example_dags/tutorial.py for tasks to queue
[2024-11-13T19:40:25.709+0000] {logging_mixin.py:190} INFO - [2024-11-13T19:40:25.709+0000] {dagbag.py:588} INFO - Filling up the DagBag from /home/airflow/.local/lib/python3.12/site-packages/airflow/example_dags/tutorial.py
[2024-11-13T19:40:25.715+0000] {processor.py:925} INFO - DAG(s) 'tutorial' retrieved from /home/airflow/.local/lib/python3.12/site-packages/airflow/example_dags/tutorial.py
[2024-11-13T19:40:25.731+0000] {logging_mixin.py:190} INFO - [2024-11-13T19:40:25.731+0000] {dag.py:3239} INFO - Sync 1 DAGs
[2024-11-13T19:40:25.748+0000] {logging_mixin.py:190} INFO - [2024-11-13T19:40:25.748+0000] {dag.py:4180} INFO - Setting next_dagrun for tutorial to 2024-11-12 00:00:00+00:00, run_after=2024-11-13 00:00:00+00:00
[2024-11-13T19:40:25.763+0000] {processor.py:208} INFO - Processing /home/airflow/.local/lib/python3.12/site-packages/airflow/example_dags/tutorial.py took 0.062 seconds
[2024-11-13T19:40:56.183+0000] {processor.py:186} INFO - Started process (PID=2276) to work on /home/airflow/.local/lib/python3.12/site-packages/airflow/example_dags/tutorial.py
[2024-11-13T19:40:56.185+0000] {processor.py:914} INFO - Processing file /home/airflow/.local/lib/python3.12/site-packages/airflow/example_dags/tutorial.py for tasks to queue
[2024-11-13T19:40:56.186+0000] {logging_mixin.py:190} INFO - [2024-11-13T19:40:56.186+0000] {dagbag.py:588} INFO - Filling up the DagBag from /home/airflow/.local/lib/python3.12/site-packages/airflow/example_dags/tutorial.py
[2024-11-13T19:40:56.192+0000] {processor.py:925} INFO - DAG(s) 'tutorial' retrieved from /home/airflow/.local/lib/python3.12/site-packages/airflow/example_dags/tutorial.py
[2024-11-13T19:40:56.208+0000] {logging_mixin.py:190} INFO - [2024-11-13T19:40:56.208+0000] {dag.py:3239} INFO - Sync 1 DAGs
[2024-11-13T19:40:56.225+0000] {logging_mixin.py:190} INFO - [2024-11-13T19:40:56.225+0000] {dag.py:4180} INFO - Setting next_dagrun for tutorial to 2024-11-12 00:00:00+00:00, run_after=2024-11-13 00:00:00+00:00
[2024-11-13T19:40:56.238+0000] {processor.py:208} INFO - Processing /home/airflow/.local/lib/python3.12/site-packages/airflow/example_dags/tutorial.py took 0.059 seconds
[2024-11-13T19:41:26.492+0000] {processor.py:186} INFO - Started process (PID=2338) to work on /home/airflow/.local/lib/python3.12/site-packages/airflow/example_dags/tutorial.py
[2024-11-13T19:41:26.493+0000] {processor.py:914} INFO - Processing file /home/airflow/.local/lib/python3.12/site-packages/airflow/example_dags/tutorial.py for tasks to queue
[2024-11-13T19:41:26.495+0000] {logging_mixin.py:190} INFO - [2024-11-13T19:41:26.494+0000] {dagbag.py:588} INFO - Filling up the DagBag from /home/airflow/.local/lib/python3.12/site-packages/airflow/example_dags/tutorial.py
[2024-11-13T19:41:26.501+0000] {processor.py:925} INFO - DAG(s) 'tutorial' retrieved from /home/airflow/.local/lib/python3.12/site-packages/airflow/example_dags/tutorial.py
[2024-11-13T19:41:26.517+0000] {logging_mixin.py:190} INFO - [2024-11-13T19:41:26.517+0000] {dag.py:3239} INFO - Sync 1 DAGs
[2024-11-13T19:41:26.536+0000] {logging_mixin.py:190} INFO - [2024-11-13T19:41:26.536+0000] {dag.py:4180} INFO - Setting next_dagrun for tutorial to 2024-11-12 00:00:00+00:00, run_after=2024-11-13 00:00:00+00:00
[2024-11-13T19:41:26.550+0000] {processor.py:208} INFO - Processing /home/airflow/.local/lib/python3.12/site-packages/airflow/example_dags/tutorial.py took 0.063 seconds
[2024-11-13T19:41:56.749+0000] {processor.py:186} INFO - Started process (PID=2381) to work on /home/airflow/.local/lib/python3.12/site-packages/airflow/example_dags/tutorial.py
[2024-11-13T19:41:56.750+0000] {processor.py:914} INFO - Processing file /home/airflow/.local/lib/python3.12/site-packages/airflow/example_dags/tutorial.py for tasks to queue
[2024-11-13T19:41:56.752+0000] {logging_mixin.py:190} INFO - [2024-11-13T19:41:56.752+0000] {dagbag.py:588} INFO - Filling up the DagBag from /home/airflow/.local/lib/python3.12/site-packages/airflow/example_dags/tutorial.py
[2024-11-13T19:41:56.759+0000] {processor.py:925} INFO - DAG(s) 'tutorial' retrieved from /home/airflow/.local/lib/python3.12/site-packages/airflow/example_dags/tutorial.py
[2024-11-13T19:41:56.774+0000] {logging_mixin.py:190} INFO - [2024-11-13T19:41:56.774+0000] {dag.py:3239} INFO - Sync 1 DAGs
[2024-11-13T19:41:56.793+0000] {logging_mixin.py:190} INFO - [2024-11-13T19:41:56.792+0000] {dag.py:4180} INFO - Setting next_dagrun for tutorial to 2024-11-12 00:00:00+00:00, run_after=2024-11-13 00:00:00+00:00
[2024-11-13T19:41:56.807+0000] {processor.py:208} INFO - Processing /home/airflow/.local/lib/python3.12/site-packages/airflow/example_dags/tutorial.py took 0.062 seconds
[2024-11-13T19:42:27.021+0000] {processor.py:186} INFO - Started process (PID=2432) to work on /home/airflow/.local/lib/python3.12/site-packages/airflow/example_dags/tutorial.py
[2024-11-13T19:42:27.022+0000] {processor.py:914} INFO - Processing file /home/airflow/.local/lib/python3.12/site-packages/airflow/example_dags/tutorial.py for tasks to queue
[2024-11-13T19:42:27.023+0000] {logging_mixin.py:190} INFO - [2024-11-13T19:42:27.023+0000] {dagbag.py:588} INFO - Filling up the DagBag from /home/airflow/.local/lib/python3.12/site-packages/airflow/example_dags/tutorial.py
[2024-11-13T19:42:27.030+0000] {processor.py:925} INFO - DAG(s) 'tutorial' retrieved from /home/airflow/.local/lib/python3.12/site-packages/airflow/example_dags/tutorial.py
[2024-11-13T19:42:27.045+0000] {logging_mixin.py:190} INFO - [2024-11-13T19:42:27.045+0000] {dag.py:3239} INFO - Sync 1 DAGs
[2024-11-13T19:42:27.063+0000] {logging_mixin.py:190} INFO - [2024-11-13T19:42:27.063+0000] {dag.py:4180} INFO - Setting next_dagrun for tutorial to 2024-11-12 00:00:00+00:00, run_after=2024-11-13 00:00:00+00:00
[2024-11-13T19:42:27.077+0000] {processor.py:208} INFO - Processing /home/airflow/.local/lib/python3.12/site-packages/airflow/example_dags/tutorial.py took 0.061 seconds
[2024-11-13T19:42:57.736+0000] {processor.py:186} INFO - Started process (PID=2495) to work on /home/airflow/.local/lib/python3.12/site-packages/airflow/example_dags/tutorial.py
[2024-11-13T19:42:57.737+0000] {processor.py:914} INFO - Processing file /home/airflow/.local/lib/python3.12/site-packages/airflow/example_dags/tutorial.py for tasks to queue
[2024-11-13T19:42:57.739+0000] {logging_mixin.py:190} INFO - [2024-11-13T19:42:57.738+0000] {dagbag.py:588} INFO - Filling up the DagBag from /home/airflow/.local/lib/python3.12/site-packages/airflow/example_dags/tutorial.py
[2024-11-13T19:42:57.745+0000] {processor.py:925} INFO - DAG(s) 'tutorial' retrieved from /home/airflow/.local/lib/python3.12/site-packages/airflow/example_dags/tutorial.py
[2024-11-13T19:42:57.761+0000] {logging_mixin.py:190} INFO - [2024-11-13T19:42:57.761+0000] {dag.py:3239} INFO - Sync 1 DAGs
[2024-11-13T19:42:57.777+0000] {logging_mixin.py:190} INFO - [2024-11-13T19:42:57.777+0000] {dag.py:4180} INFO - Setting next_dagrun for tutorial to 2024-11-12 00:00:00+00:00, run_after=2024-11-13 00:00:00+00:00
[2024-11-13T19:42:57.792+0000] {processor.py:208} INFO - Processing /home/airflow/.local/lib/python3.12/site-packages/airflow/example_dags/tutorial.py took 0.059 seconds
[2024-11-13T19:43:28.246+0000] {processor.py:186} INFO - Started process (PID=2558) to work on /home/airflow/.local/lib/python3.12/site-packages/airflow/example_dags/tutorial.py
[2024-11-13T19:43:28.246+0000] {processor.py:914} INFO - Processing file /home/airflow/.local/lib/python3.12/site-packages/airflow/example_dags/tutorial.py for tasks to queue
[2024-11-13T19:43:28.248+0000] {logging_mixin.py:190} INFO - [2024-11-13T19:43:28.248+0000] {dagbag.py:588} INFO - Filling up the DagBag from /home/airflow/.local/lib/python3.12/site-packages/airflow/example_dags/tutorial.py
[2024-11-13T19:43:28.254+0000] {processor.py:925} INFO - DAG(s) 'tutorial' retrieved from /home/airflow/.local/lib/python3.12/site-packages/airflow/example_dags/tutorial.py
[2024-11-13T19:43:28.270+0000] {logging_mixin.py:190} INFO - [2024-11-13T19:43:28.270+0000] {dag.py:3239} INFO - Sync 1 DAGs
[2024-11-13T19:43:28.288+0000] {logging_mixin.py:190} INFO - [2024-11-13T19:43:28.287+0000] {dag.py:4180} INFO - Setting next_dagrun for tutorial to 2024-11-12 00:00:00+00:00, run_after=2024-11-13 00:00:00+00:00
[2024-11-13T19:43:28.303+0000] {processor.py:208} INFO - Processing /home/airflow/.local/lib/python3.12/site-packages/airflow/example_dags/tutorial.py took 0.061 seconds
[2024-11-13T19:43:58.833+0000] {processor.py:186} INFO - Started process (PID=2621) to work on /home/airflow/.local/lib/python3.12/site-packages/airflow/example_dags/tutorial.py
[2024-11-13T19:43:58.834+0000] {processor.py:914} INFO - Processing file /home/airflow/.local/lib/python3.12/site-packages/airflow/example_dags/tutorial.py for tasks to queue
[2024-11-13T19:43:58.836+0000] {logging_mixin.py:190} INFO - [2024-11-13T19:43:58.835+0000] {dagbag.py:588} INFO - Filling up the DagBag from /home/airflow/.local/lib/python3.12/site-packages/airflow/example_dags/tutorial.py
[2024-11-13T19:43:58.842+0000] {processor.py:925} INFO - DAG(s) 'tutorial' retrieved from /home/airflow/.local/lib/python3.12/site-packages/airflow/example_dags/tutorial.py
[2024-11-13T19:43:58.857+0000] {logging_mixin.py:190} INFO - [2024-11-13T19:43:58.857+0000] {dag.py:3239} INFO - Sync 1 DAGs
[2024-11-13T19:43:58.875+0000] {logging_mixin.py:190} INFO - [2024-11-13T19:43:58.874+0000] {dag.py:4180} INFO - Setting next_dagrun for tutorial to 2024-11-12 00:00:00+00:00, run_after=2024-11-13 00:00:00+00:00
[2024-11-13T19:43:58.889+0000] {processor.py:208} INFO - Processing /home/airflow/.local/lib/python3.12/site-packages/airflow/example_dags/tutorial.py took 0.061 seconds
[2024-11-13T19:44:29.503+0000] {processor.py:186} INFO - Started process (PID=2684) to work on /home/airflow/.local/lib/python3.12/site-packages/airflow/example_dags/tutorial.py
[2024-11-13T19:44:29.504+0000] {processor.py:914} INFO - Processing file /home/airflow/.local/lib/python3.12/site-packages/airflow/example_dags/tutorial.py for tasks to queue
[2024-11-13T19:44:29.505+0000] {logging_mixin.py:190} INFO - [2024-11-13T19:44:29.505+0000] {dagbag.py:588} INFO - Filling up the DagBag from /home/airflow/.local/lib/python3.12/site-packages/airflow/example_dags/tutorial.py
[2024-11-13T19:44:29.512+0000] {processor.py:925} INFO - DAG(s) 'tutorial' retrieved from /home/airflow/.local/lib/python3.12/site-packages/airflow/example_dags/tutorial.py
[2024-11-13T19:44:29.525+0000] {logging_mixin.py:190} INFO - [2024-11-13T19:44:29.525+0000] {dag.py:3239} INFO - Sync 1 DAGs
[2024-11-13T19:44:29.543+0000] {logging_mixin.py:190} INFO - [2024-11-13T19:44:29.543+0000] {dag.py:4180} INFO - Setting next_dagrun for tutorial to 2024-11-12 00:00:00+00:00, run_after=2024-11-13 00:00:00+00:00
[2024-11-13T19:44:29.558+0000] {processor.py:208} INFO - Processing /home/airflow/.local/lib/python3.12/site-packages/airflow/example_dags/tutorial.py took 0.059 seconds
[2024-11-13T19:45:00.001+0000] {processor.py:186} INFO - Started process (PID=2747) to work on /home/airflow/.local/lib/python3.12/site-packages/airflow/example_dags/tutorial.py
[2024-11-13T19:45:00.002+0000] {processor.py:914} INFO - Processing file /home/airflow/.local/lib/python3.12/site-packages/airflow/example_dags/tutorial.py for tasks to queue
[2024-11-13T19:45:00.003+0000] {logging_mixin.py:190} INFO - [2024-11-13T19:45:00.003+0000] {dagbag.py:588} INFO - Filling up the DagBag from /home/airflow/.local/lib/python3.12/site-packages/airflow/example_dags/tutorial.py
[2024-11-13T19:45:00.010+0000] {processor.py:925} INFO - DAG(s) 'tutorial' retrieved from /home/airflow/.local/lib/python3.12/site-packages/airflow/example_dags/tutorial.py
[2024-11-13T19:45:00.028+0000] {logging_mixin.py:190} INFO - [2024-11-13T19:45:00.028+0000] {dag.py:3239} INFO - Sync 1 DAGs
[2024-11-13T19:45:00.049+0000] {logging_mixin.py:190} INFO - [2024-11-13T19:45:00.048+0000] {dag.py:4180} INFO - Setting next_dagrun for tutorial to 2024-11-12 00:00:00+00:00, run_after=2024-11-13 00:00:00+00:00
[2024-11-13T19:45:00.063+0000] {processor.py:208} INFO - Processing /home/airflow/.local/lib/python3.12/site-packages/airflow/example_dags/tutorial.py took 0.067 seconds
[2024-11-13T19:45:30.212+0000] {processor.py:186} INFO - Started process (PID=2810) to work on /home/airflow/.local/lib/python3.12/site-packages/airflow/example_dags/tutorial.py
[2024-11-13T19:45:30.212+0000] {processor.py:914} INFO - Processing file /home/airflow/.local/lib/python3.12/site-packages/airflow/example_dags/tutorial.py for tasks to queue
[2024-11-13T19:45:30.214+0000] {logging_mixin.py:190} INFO - [2024-11-13T19:45:30.214+0000] {dagbag.py:588} INFO - Filling up the DagBag from /home/airflow/.local/lib/python3.12/site-packages/airflow/example_dags/tutorial.py
[2024-11-13T19:45:30.222+0000] {processor.py:925} INFO - DAG(s) 'tutorial' retrieved from /home/airflow/.local/lib/python3.12/site-packages/airflow/example_dags/tutorial.py
[2024-11-13T19:45:30.237+0000] {logging_mixin.py:190} INFO - [2024-11-13T19:45:30.237+0000] {dag.py:3239} INFO - Sync 1 DAGs
[2024-11-13T19:45:30.254+0000] {logging_mixin.py:190} INFO - [2024-11-13T19:45:30.254+0000] {dag.py:4180} INFO - Setting next_dagrun for tutorial to 2024-11-12 00:00:00+00:00, run_after=2024-11-13 00:00:00+00:00
[2024-11-13T19:45:30.268+0000] {processor.py:208} INFO - Processing /home/airflow/.local/lib/python3.12/site-packages/airflow/example_dags/tutorial.py took 0.060 seconds
[2024-11-13T19:46:00.439+0000] {processor.py:186} INFO - Started process (PID=2874) to work on /home/airflow/.local/lib/python3.12/site-packages/airflow/example_dags/tutorial.py
[2024-11-13T19:46:00.440+0000] {processor.py:914} INFO - Processing file /home/airflow/.local/lib/python3.12/site-packages/airflow/example_dags/tutorial.py for tasks to queue
[2024-11-13T19:46:00.442+0000] {logging_mixin.py:190} INFO - [2024-11-13T19:46:00.441+0000] {dagbag.py:588} INFO - Filling up the DagBag from /home/airflow/.local/lib/python3.12/site-packages/airflow/example_dags/tutorial.py
[2024-11-13T19:46:00.449+0000] {processor.py:925} INFO - DAG(s) 'tutorial' retrieved from /home/airflow/.local/lib/python3.12/site-packages/airflow/example_dags/tutorial.py
[2024-11-13T19:46:00.463+0000] {logging_mixin.py:190} INFO - [2024-11-13T19:46:00.463+0000] {dag.py:3239} INFO - Sync 1 DAGs
[2024-11-13T19:46:00.479+0000] {logging_mixin.py:190} INFO - [2024-11-13T19:46:00.479+0000] {dag.py:4180} INFO - Setting next_dagrun for tutorial to 2024-11-12 00:00:00+00:00, run_after=2024-11-13 00:00:00+00:00
[2024-11-13T19:46:00.492+0000] {processor.py:208} INFO - Processing /home/airflow/.local/lib/python3.12/site-packages/airflow/example_dags/tutorial.py took 0.057 seconds
[2024-11-13T19:46:30.825+0000] {processor.py:186} INFO - Started process (PID=2937) to work on /home/airflow/.local/lib/python3.12/site-packages/airflow/example_dags/tutorial.py
[2024-11-13T19:46:30.827+0000] {processor.py:914} INFO - Processing file /home/airflow/.local/lib/python3.12/site-packages/airflow/example_dags/tutorial.py for tasks to queue
[2024-11-13T19:46:30.828+0000] {logging_mixin.py:190} INFO - [2024-11-13T19:46:30.828+0000] {dagbag.py:588} INFO - Filling up the DagBag from /home/airflow/.local/lib/python3.12/site-packages/airflow/example_dags/tutorial.py
[2024-11-13T19:46:30.834+0000] {processor.py:925} INFO - DAG(s) 'tutorial' retrieved from /home/airflow/.local/lib/python3.12/site-packages/airflow/example_dags/tutorial.py
[2024-11-13T19:46:30.851+0000] {logging_mixin.py:190} INFO - [2024-11-13T19:46:30.851+0000] {dag.py:3239} INFO - Sync 1 DAGs
[2024-11-13T19:46:30.868+0000] {logging_mixin.py:190} INFO - [2024-11-13T19:46:30.868+0000] {dag.py:4180} INFO - Setting next_dagrun for tutorial to 2024-11-12 00:00:00+00:00, run_after=2024-11-13 00:00:00+00:00
[2024-11-13T19:46:30.883+0000] {processor.py:208} INFO - Processing /home/airflow/.local/lib/python3.12/site-packages/airflow/example_dags/tutorial.py took 0.062 seconds
[2024-11-13T19:47:00.997+0000] {processor.py:186} INFO - Started process (PID=3000) to work on /home/airflow/.local/lib/python3.12/site-packages/airflow/example_dags/tutorial.py
[2024-11-13T19:47:00.999+0000] {processor.py:914} INFO - Processing file /home/airflow/.local/lib/python3.12/site-packages/airflow/example_dags/tutorial.py for tasks to queue
[2024-11-13T19:47:01.001+0000] {logging_mixin.py:190} INFO - [2024-11-13T19:47:01.000+0000] {dagbag.py:588} INFO - Filling up the DagBag from /home/airflow/.local/lib/python3.12/site-packages/airflow/example_dags/tutorial.py
[2024-11-13T19:47:01.008+0000] {processor.py:925} INFO - DAG(s) 'tutorial' retrieved from /home/airflow/.local/lib/python3.12/site-packages/airflow/example_dags/tutorial.py
[2024-11-13T19:47:01.023+0000] {logging_mixin.py:190} INFO - [2024-11-13T19:47:01.023+0000] {dag.py:3239} INFO - Sync 1 DAGs
[2024-11-13T19:47:01.039+0000] {logging_mixin.py:190} INFO - [2024-11-13T19:47:01.039+0000] {dag.py:4180} INFO - Setting next_dagrun for tutorial to 2024-11-12 00:00:00+00:00, run_after=2024-11-13 00:00:00+00:00
[2024-11-13T19:47:01.052+0000] {processor.py:208} INFO - Processing /home/airflow/.local/lib/python3.12/site-packages/airflow/example_dags/tutorial.py took 0.059 seconds
[2024-11-13T19:47:31.643+0000] {processor.py:186} INFO - Started process (PID=3063) to work on /home/airflow/.local/lib/python3.12/site-packages/airflow/example_dags/tutorial.py
[2024-11-13T19:47:31.644+0000] {processor.py:914} INFO - Processing file /home/airflow/.local/lib/python3.12/site-packages/airflow/example_dags/tutorial.py for tasks to queue
[2024-11-13T19:47:31.646+0000] {logging_mixin.py:190} INFO - [2024-11-13T19:47:31.646+0000] {dagbag.py:588} INFO - Filling up the DagBag from /home/airflow/.local/lib/python3.12/site-packages/airflow/example_dags/tutorial.py
[2024-11-13T19:47:31.653+0000] {processor.py:925} INFO - DAG(s) 'tutorial' retrieved from /home/airflow/.local/lib/python3.12/site-packages/airflow/example_dags/tutorial.py
[2024-11-13T19:47:31.666+0000] {logging_mixin.py:190} INFO - [2024-11-13T19:47:31.666+0000] {dag.py:3239} INFO - Sync 1 DAGs
[2024-11-13T19:47:31.821+0000] {logging_mixin.py:190} INFO - [2024-11-13T19:47:31.821+0000] {dag.py:4180} INFO - Setting next_dagrun for tutorial to 2024-11-12 00:00:00+00:00, run_after=2024-11-13 00:00:00+00:00
[2024-11-13T19:47:31.834+0000] {processor.py:208} INFO - Processing /home/airflow/.local/lib/python3.12/site-packages/airflow/example_dags/tutorial.py took 0.195 seconds
[2024-11-13T19:48:01.943+0000] {processor.py:186} INFO - Started process (PID=3126) to work on /home/airflow/.local/lib/python3.12/site-packages/airflow/example_dags/tutorial.py
[2024-11-13T19:48:01.944+0000] {processor.py:914} INFO - Processing file /home/airflow/.local/lib/python3.12/site-packages/airflow/example_dags/tutorial.py for tasks to queue
[2024-11-13T19:48:01.945+0000] {logging_mixin.py:190} INFO - [2024-11-13T19:48:01.945+0000] {dagbag.py:588} INFO - Filling up the DagBag from /home/airflow/.local/lib/python3.12/site-packages/airflow/example_dags/tutorial.py
[2024-11-13T19:48:01.952+0000] {processor.py:925} INFO - DAG(s) 'tutorial' retrieved from /home/airflow/.local/lib/python3.12/site-packages/airflow/example_dags/tutorial.py
[2024-11-13T19:48:01.967+0000] {logging_mixin.py:190} INFO - [2024-11-13T19:48:01.967+0000] {dag.py:3239} INFO - Sync 1 DAGs
[2024-11-13T19:48:02.119+0000] {logging_mixin.py:190} INFO - [2024-11-13T19:48:02.119+0000] {dag.py:4180} INFO - Setting next_dagrun for tutorial to 2024-11-12 00:00:00+00:00, run_after=2024-11-13 00:00:00+00:00
[2024-11-13T19:48:02.131+0000] {processor.py:208} INFO - Processing /home/airflow/.local/lib/python3.12/site-packages/airflow/example_dags/tutorial.py took 0.193 seconds
[2024-11-13T19:48:32.280+0000] {processor.py:186} INFO - Started process (PID=3190) to work on /home/airflow/.local/lib/python3.12/site-packages/airflow/example_dags/tutorial.py
[2024-11-13T19:48:32.281+0000] {processor.py:914} INFO - Processing file /home/airflow/.local/lib/python3.12/site-packages/airflow/example_dags/tutorial.py for tasks to queue
[2024-11-13T19:48:32.283+0000] {logging_mixin.py:190} INFO - [2024-11-13T19:48:32.283+0000] {dagbag.py:588} INFO - Filling up the DagBag from /home/airflow/.local/lib/python3.12/site-packages/airflow/example_dags/tutorial.py
[2024-11-13T19:48:32.290+0000] {processor.py:925} INFO - DAG(s) 'tutorial' retrieved from /home/airflow/.local/lib/python3.12/site-packages/airflow/example_dags/tutorial.py
[2024-11-13T19:48:32.305+0000] {logging_mixin.py:190} INFO - [2024-11-13T19:48:32.305+0000] {dag.py:3239} INFO - Sync 1 DAGs
[2024-11-13T19:48:32.321+0000] {logging_mixin.py:190} INFO - [2024-11-13T19:48:32.321+0000] {dag.py:4180} INFO - Setting next_dagrun for tutorial to 2024-11-12 00:00:00+00:00, run_after=2024-11-13 00:00:00+00:00
[2024-11-13T19:48:32.335+0000] {processor.py:208} INFO - Processing /home/airflow/.local/lib/python3.12/site-packages/airflow/example_dags/tutorial.py took 0.060 seconds
[2024-11-13T19:49:03.246+0000] {processor.py:186} INFO - Started process (PID=3252) to work on /home/airflow/.local/lib/python3.12/site-packages/airflow/example_dags/tutorial.py
[2024-11-13T19:49:03.248+0000] {processor.py:914} INFO - Processing file /home/airflow/.local/lib/python3.12/site-packages/airflow/example_dags/tutorial.py for tasks to queue
[2024-11-13T19:49:03.249+0000] {logging_mixin.py:190} INFO - [2024-11-13T19:49:03.249+0000] {dagbag.py:588} INFO - Filling up the DagBag from /home/airflow/.local/lib/python3.12/site-packages/airflow/example_dags/tutorial.py
[2024-11-13T19:49:03.255+0000] {processor.py:925} INFO - DAG(s) 'tutorial' retrieved from /home/airflow/.local/lib/python3.12/site-packages/airflow/example_dags/tutorial.py
[2024-11-13T19:49:03.271+0000] {logging_mixin.py:190} INFO - [2024-11-13T19:49:03.271+0000] {dag.py:3239} INFO - Sync 1 DAGs
[2024-11-13T19:49:03.291+0000] {logging_mixin.py:190} INFO - [2024-11-13T19:49:03.291+0000] {dag.py:4180} INFO - Setting next_dagrun for tutorial to 2024-11-12 00:00:00+00:00, run_after=2024-11-13 00:00:00+00:00
[2024-11-13T19:49:03.305+0000] {processor.py:208} INFO - Processing /home/airflow/.local/lib/python3.12/site-packages/airflow/example_dags/tutorial.py took 0.062 seconds
[2024-11-13T19:49:34.142+0000] {processor.py:186} INFO - Started process (PID=3315) to work on /home/airflow/.local/lib/python3.12/site-packages/airflow/example_dags/tutorial.py
[2024-11-13T19:49:34.143+0000] {processor.py:914} INFO - Processing file /home/airflow/.local/lib/python3.12/site-packages/airflow/example_dags/tutorial.py for tasks to queue
[2024-11-13T19:49:34.145+0000] {logging_mixin.py:190} INFO - [2024-11-13T19:49:34.145+0000] {dagbag.py:588} INFO - Filling up the DagBag from /home/airflow/.local/lib/python3.12/site-packages/airflow/example_dags/tutorial.py
[2024-11-13T19:49:34.151+0000] {processor.py:925} INFO - DAG(s) 'tutorial' retrieved from /home/airflow/.local/lib/python3.12/site-packages/airflow/example_dags/tutorial.py
[2024-11-13T19:49:34.168+0000] {logging_mixin.py:190} INFO - [2024-11-13T19:49:34.168+0000] {dag.py:3239} INFO - Sync 1 DAGs
[2024-11-13T19:49:34.185+0000] {logging_mixin.py:190} INFO - [2024-11-13T19:49:34.185+0000] {dag.py:4180} INFO - Setting next_dagrun for tutorial to 2024-11-12 00:00:00+00:00, run_after=2024-11-13 00:00:00+00:00
[2024-11-13T19:49:34.201+0000] {processor.py:208} INFO - Processing /home/airflow/.local/lib/python3.12/site-packages/airflow/example_dags/tutorial.py took 0.063 seconds
[2024-11-13T19:50:05.112+0000] {processor.py:186} INFO - Started process (PID=3378) to work on /home/airflow/.local/lib/python3.12/site-packages/airflow/example_dags/tutorial.py
[2024-11-13T19:50:05.113+0000] {processor.py:914} INFO - Processing file /home/airflow/.local/lib/python3.12/site-packages/airflow/example_dags/tutorial.py for tasks to queue
[2024-11-13T19:50:05.114+0000] {logging_mixin.py:190} INFO - [2024-11-13T19:50:05.114+0000] {dagbag.py:588} INFO - Filling up the DagBag from /home/airflow/.local/lib/python3.12/site-packages/airflow/example_dags/tutorial.py
[2024-11-13T19:50:05.120+0000] {processor.py:925} INFO - DAG(s) 'tutorial' retrieved from /home/airflow/.local/lib/python3.12/site-packages/airflow/example_dags/tutorial.py
[2024-11-13T19:50:05.136+0000] {logging_mixin.py:190} INFO - [2024-11-13T19:50:05.136+0000] {dag.py:3239} INFO - Sync 1 DAGs
[2024-11-13T19:50:05.152+0000] {logging_mixin.py:190} INFO - [2024-11-13T19:50:05.152+0000] {dag.py:4180} INFO - Setting next_dagrun for tutorial to 2024-11-12 00:00:00+00:00, run_after=2024-11-13 00:00:00+00:00
[2024-11-13T19:50:05.168+0000] {processor.py:208} INFO - Processing /home/airflow/.local/lib/python3.12/site-packages/airflow/example_dags/tutorial.py took 0.061 seconds
[2024-11-13T19:50:36.181+0000] {processor.py:186} INFO - Started process (PID=3441) to work on /home/airflow/.local/lib/python3.12/site-packages/airflow/example_dags/tutorial.py
[2024-11-13T19:50:36.181+0000] {processor.py:914} INFO - Processing file /home/airflow/.local/lib/python3.12/site-packages/airflow/example_dags/tutorial.py for tasks to queue
[2024-11-13T19:50:36.183+0000] {logging_mixin.py:190} INFO - [2024-11-13T19:50:36.183+0000] {dagbag.py:588} INFO - Filling up the DagBag from /home/airflow/.local/lib/python3.12/site-packages/airflow/example_dags/tutorial.py
[2024-11-13T19:50:36.190+0000] {processor.py:925} INFO - DAG(s) 'tutorial' retrieved from /home/airflow/.local/lib/python3.12/site-packages/airflow/example_dags/tutorial.py
[2024-11-13T19:50:36.206+0000] {logging_mixin.py:190} INFO - [2024-11-13T19:50:36.206+0000] {dag.py:3239} INFO - Sync 1 DAGs
[2024-11-13T19:50:36.223+0000] {logging_mixin.py:190} INFO - [2024-11-13T19:50:36.223+0000] {dag.py:4180} INFO - Setting next_dagrun for tutorial to 2024-11-12 00:00:00+00:00, run_after=2024-11-13 00:00:00+00:00
[2024-11-13T19:50:36.236+0000] {processor.py:208} INFO - Processing /home/airflow/.local/lib/python3.12/site-packages/airflow/example_dags/tutorial.py took 0.060 seconds
[2024-11-13T19:51:06.433+0000] {processor.py:186} INFO - Started process (PID=3504) to work on /home/airflow/.local/lib/python3.12/site-packages/airflow/example_dags/tutorial.py
[2024-11-13T19:51:06.434+0000] {processor.py:914} INFO - Processing file /home/airflow/.local/lib/python3.12/site-packages/airflow/example_dags/tutorial.py for tasks to queue
[2024-11-13T19:51:06.436+0000] {logging_mixin.py:190} INFO - [2024-11-13T19:51:06.435+0000] {dagbag.py:588} INFO - Filling up the DagBag from /home/airflow/.local/lib/python3.12/site-packages/airflow/example_dags/tutorial.py
[2024-11-13T19:51:06.442+0000] {processor.py:925} INFO - DAG(s) 'tutorial' retrieved from /home/airflow/.local/lib/python3.12/site-packages/airflow/example_dags/tutorial.py
[2024-11-13T19:51:06.459+0000] {logging_mixin.py:190} INFO - [2024-11-13T19:51:06.459+0000] {dag.py:3239} INFO - Sync 1 DAGs
[2024-11-13T19:51:06.475+0000] {logging_mixin.py:190} INFO - [2024-11-13T19:51:06.475+0000] {dag.py:4180} INFO - Setting next_dagrun for tutorial to 2024-11-12 00:00:00+00:00, run_after=2024-11-13 00:00:00+00:00
[2024-11-13T19:51:06.490+0000] {processor.py:208} INFO - Processing /home/airflow/.local/lib/python3.12/site-packages/airflow/example_dags/tutorial.py took 0.061 seconds
[2024-11-13T19:51:36.671+0000] {processor.py:186} INFO - Started process (PID=3567) to work on /home/airflow/.local/lib/python3.12/site-packages/airflow/example_dags/tutorial.py
[2024-11-13T19:51:36.672+0000] {processor.py:914} INFO - Processing file /home/airflow/.local/lib/python3.12/site-packages/airflow/example_dags/tutorial.py for tasks to queue
[2024-11-13T19:51:36.674+0000] {logging_mixin.py:190} INFO - [2024-11-13T19:51:36.673+0000] {dagbag.py:588} INFO - Filling up the DagBag from /home/airflow/.local/lib/python3.12/site-packages/airflow/example_dags/tutorial.py
[2024-11-13T19:51:36.681+0000] {processor.py:925} INFO - DAG(s) 'tutorial' retrieved from /home/airflow/.local/lib/python3.12/site-packages/airflow/example_dags/tutorial.py
[2024-11-13T19:51:36.698+0000] {logging_mixin.py:190} INFO - [2024-11-13T19:51:36.698+0000] {dag.py:3239} INFO - Sync 1 DAGs
[2024-11-13T19:51:36.719+0000] {logging_mixin.py:190} INFO - [2024-11-13T19:51:36.718+0000] {dag.py:4180} INFO - Setting next_dagrun for tutorial to 2024-11-12 00:00:00+00:00, run_after=2024-11-13 00:00:00+00:00
[2024-11-13T19:51:36.738+0000] {processor.py:208} INFO - Processing /home/airflow/.local/lib/python3.12/site-packages/airflow/example_dags/tutorial.py took 0.071 seconds
[2024-11-13T19:52:06.851+0000] {processor.py:186} INFO - Started process (PID=3630) to work on /home/airflow/.local/lib/python3.12/site-packages/airflow/example_dags/tutorial.py
[2024-11-13T19:52:06.852+0000] {processor.py:914} INFO - Processing file /home/airflow/.local/lib/python3.12/site-packages/airflow/example_dags/tutorial.py for tasks to queue
[2024-11-13T19:52:06.854+0000] {logging_mixin.py:190} INFO - [2024-11-13T19:52:06.853+0000] {dagbag.py:588} INFO - Filling up the DagBag from /home/airflow/.local/lib/python3.12/site-packages/airflow/example_dags/tutorial.py
[2024-11-13T19:52:06.860+0000] {processor.py:925} INFO - DAG(s) 'tutorial' retrieved from /home/airflow/.local/lib/python3.12/site-packages/airflow/example_dags/tutorial.py
[2024-11-13T19:52:06.875+0000] {logging_mixin.py:190} INFO - [2024-11-13T19:52:06.874+0000] {dag.py:3239} INFO - Sync 1 DAGs
[2024-11-13T19:52:06.892+0000] {logging_mixin.py:190} INFO - [2024-11-13T19:52:06.892+0000] {dag.py:4180} INFO - Setting next_dagrun for tutorial to 2024-11-12 00:00:00+00:00, run_after=2024-11-13 00:00:00+00:00
[2024-11-13T19:52:06.907+0000] {processor.py:208} INFO - Processing /home/airflow/.local/lib/python3.12/site-packages/airflow/example_dags/tutorial.py took 0.060 seconds
[2024-11-13T19:52:37.103+0000] {processor.py:186} INFO - Started process (PID=3693) to work on /home/airflow/.local/lib/python3.12/site-packages/airflow/example_dags/tutorial.py
[2024-11-13T19:52:37.104+0000] {processor.py:914} INFO - Processing file /home/airflow/.local/lib/python3.12/site-packages/airflow/example_dags/tutorial.py for tasks to queue
[2024-11-13T19:52:37.105+0000] {logging_mixin.py:190} INFO - [2024-11-13T19:52:37.105+0000] {dagbag.py:588} INFO - Filling up the DagBag from /home/airflow/.local/lib/python3.12/site-packages/airflow/example_dags/tutorial.py
[2024-11-13T19:52:37.111+0000] {processor.py:925} INFO - DAG(s) 'tutorial' retrieved from /home/airflow/.local/lib/python3.12/site-packages/airflow/example_dags/tutorial.py
[2024-11-13T19:52:37.127+0000] {logging_mixin.py:190} INFO - [2024-11-13T19:52:37.127+0000] {dag.py:3239} INFO - Sync 1 DAGs
[2024-11-13T19:52:37.144+0000] {logging_mixin.py:190} INFO - [2024-11-13T19:52:37.144+0000] {dag.py:4180} INFO - Setting next_dagrun for tutorial to 2024-11-12 00:00:00+00:00, run_after=2024-11-13 00:00:00+00:00
[2024-11-13T19:52:37.157+0000] {processor.py:208} INFO - Processing /home/airflow/.local/lib/python3.12/site-packages/airflow/example_dags/tutorial.py took 0.058 seconds
