[2024-11-19T19:52:39.448+0000] {local_task_job_runner.py:123} INFO - ::group::Pre task execution logs
[2024-11-19T19:52:39.503+0000] {taskinstance.py:2613} INFO - Dependencies all met for dep_context=non-requeueable deps ti=<TaskInstance: python_operator_v2.python scheduled__2024-11-18T15:33:00+00:00 [queued]>
[2024-11-19T19:52:39.531+0000] {taskinstance.py:2613} INFO - Dependencies all met for dep_context=requeueable deps ti=<TaskInstance: python_operator_v2.python scheduled__2024-11-18T15:33:00+00:00 [queued]>
[2024-11-19T19:52:39.532+0000] {taskinstance.py:2866} INFO - Starting attempt 1 of 1
[2024-11-19T19:52:39.873+0000] {taskinstance.py:2889} INFO - Executing <Task(_PythonDecoratedOperator): python> on 2024-11-18 15:33:00+00:00
[2024-11-19T19:52:39.891+0000] {warnings.py:112} WARNING - /home/***/.local/lib/python3.12/site-packages/***/task/task_runner/standard_task_runner.py:70: DeprecationWarning: This process (pid=13438) is multi-threaded, use of fork() may lead to deadlocks in the child.
  pid = os.fork()

[2024-11-19T19:52:39.895+0000] {standard_task_runner.py:72} INFO - Started process 13466 to run task
[2024-11-19T19:52:39.902+0000] {standard_task_runner.py:104} INFO - Running: ['***', 'tasks', 'run', 'python_operator_v2', 'python', 'scheduled__2024-11-18T15:33:00+00:00', '--job-id', '13701', '--raw', '--subdir', 'DAGS_FOLDER/python_operator_v2.py', '--cfg-path', '/tmp/tmpb_1z3a4r']
[2024-11-19T19:52:39.905+0000] {standard_task_runner.py:105} INFO - Job 13701: Subtask python
[2024-11-19T19:52:40.062+0000] {task_command.py:467} INFO - Running <TaskInstance: python_operator_v2.python scheduled__2024-11-18T15:33:00+00:00 [running]> on host e9d4ecc96ed3
[2024-11-19T19:52:41.127+0000] {taskinstance.py:3132} INFO - Exporting env vars: AIRFLOW_CTX_DAG_OWNER='***' AIRFLOW_CTX_DAG_ID='python_operator_v2' AIRFLOW_CTX_TASK_ID='python' AIRFLOW_CTX_EXECUTION_DATE='2024-11-18T15:33:00+00:00' AIRFLOW_CTX_TRY_NUMBER='1' AIRFLOW_CTX_DAG_RUN_ID='scheduled__2024-11-18T15:33:00+00:00'
[2024-11-19T19:52:41.132+0000] {logging_mixin.py:190} INFO - Task instance is in running state
[2024-11-19T19:52:41.133+0000] {logging_mixin.py:190} INFO -  Previous state of the Task instance: queued
[2024-11-19T19:52:41.134+0000] {logging_mixin.py:190} INFO - Current task name:python state:running start_date:2024-11-19 19:52:39.503878+00:00
[2024-11-19T19:52:41.135+0000] {logging_mixin.py:190} INFO - Dag name:python_operator_v2 and current dag run status:running
[2024-11-19T19:52:41.136+0000] {taskinstance.py:731} INFO - ::endgroup::
[2024-11-19T19:52:41.192+0000] {logging_mixin.py:190} INFO - {'conf': <***.configuration.AirflowConfigParser object at 0x7fa0e076b0e0>,
 'conn': None,
 'dag': <DAG: python_operator_v2>,
 'dag_run': <DagRun python_operator_v2 @ 2024-11-18 15:33:00+00:00: scheduled__2024-11-18T15:33:00+00:00, state:running, queued_at: 2024-11-19 19:52:34.485433+00:00. externally triggered: False>,
 'data_interval_end': DateTime(2024, 11, 18, 15, 34, 0, tzinfo=Timezone('UTC')),
 'data_interval_start': DateTime(2024, 11, 18, 15, 33, 0, tzinfo=Timezone('UTC')),
 'ds_nodash': '20241118',
 'execution_date': <Proxy at 0x7fa0acfc5bc0 with factory functools.partial(<function lazy_mapping_from_context.<locals>._deprecated_proxy_factory at 0x7fa0acfcaa20>, 'execution_date', DateTime(2024, 11, 18, 15, 33, 0, tzinfo=Timezone('UTC')))>,
 'expanded_ti_count': None,
 'inlet_events': InletEventsAccessors(_inlets=[], _datasets={}, _dataset_aliases={}, _session=<sqlalchemy.orm.session.Session object at 0x7fa0e05c2ed0>),
 'inlets': [],
 'logical_date': DateTime(2024, 11, 18, 15, 33, 0, tzinfo=Timezone('UTC')),
 'macros': <module '***.macros' from '/home/***/.local/lib/python3.12/site-packages/***/macros/__init__.py'>,
 'map_index_template': None,
 'next_ds': <Proxy at 0x7fa0acf82d40 with factory functools.partial(<function lazy_mapping_from_context.<locals>._deprecated_proxy_factory at 0x7fa0acfcaa20>, 'next_ds', '2024-11-18')>,
 'next_ds_nodash': <Proxy at 0x7fa0ad1fd200 with factory functools.partial(<function lazy_mapping_from_context.<locals>._deprecated_proxy_factory at 0x7fa0acfcaa20>, 'next_ds_nodash', '20241118')>,
 'next_execution_date': <Proxy at 0x7fa0acf7e100 with factory functools.partial(<function lazy_mapping_from_context.<locals>._deprecated_proxy_factory at 0x7fa0acfcaa20>, 'next_execution_date', DateTime(2024, 11, 18, 15, 34, 0, tzinfo=Timezone('UTC')))>,
 'outlet_events': <***.utils.context.OutletEventAccessors object at 0x7fa0ad004cb0>,
 'outlets': [],
 'params': {},
 'prev_data_interval_end_success': DateTime(2024, 11, 18, 15, 32, 0, tzinfo=Timezone('UTC')),
 'prev_data_interval_start_success': DateTime(2024, 11, 18, 15, 31, 0, tzinfo=Timezone('UTC')),
 'prev_ds': <Proxy at 0x7fa0ad0249c0 with factory functools.partial(<function lazy_mapping_from_context.<locals>._deprecated_proxy_factory at 0x7fa0acfcaa20>, 'prev_ds', '2024-11-18')>,
 'prev_ds_nodash': <Proxy at 0x7fa0ad0271c0 with factory functools.partial(<function lazy_mapping_from_context.<locals>._deprecated_proxy_factory at 0x7fa0acfcaa20>, 'prev_ds_nodash', '20241118')>,
 'prev_end_date_success': DateTime(2024, 11, 19, 19, 52, 32, 711771, tzinfo=Timezone('UTC')),
 'prev_execution_date': <Proxy at 0x7fa0ad027b40 with factory functools.partial(<function lazy_mapping_from_context.<locals>._deprecated_proxy_factory at 0x7fa0acfcaa20>, 'prev_execution_date', DateTime(2024, 11, 18, 15, 32, 0, tzinfo=Timezone('UTC')))>,
 'prev_execution_date_success': <Proxy at 0x7fa0c7c3a4c0 with factory functools.partial(<function lazy_mapping_from_context.<locals>._deprecated_proxy_factory at 0x7fa0acfcaa20>, 'prev_execution_date_success', DateTime(2024, 11, 18, 15, 31, 0, tzinfo=Timezone('UTC')))>,
 'prev_start_date_success': DateTime(2024, 11, 19, 19, 52, 26, 376685, tzinfo=Timezone('UTC')),
 'run_id': 'scheduled__2024-11-18T15:33:00+00:00',
 'task': <Task(_PythonDecoratedOperator): python>,
 'task_instance': <TaskInstance: python_operator_v2.python scheduled__2024-11-18T15:33:00+00:00 [running]>,
 'task_instance_key_str': 'python_operator_v2__python__20241118',
 'templates_dict': None,
 'test_mode': False,
 'ti': <TaskInstance: python_operator_v2.python scheduled__2024-11-18T15:33:00+00:00 [running]>,
 'tomorrow_ds': <Proxy at 0x7fa0ad0be540 with factory functools.partial(<function lazy_mapping_from_context.<locals>._deprecated_proxy_factory at 0x7fa0acfcaa20>, 'tomorrow_ds', '2024-11-19')>,
 'tomorrow_ds_nodash': <Proxy at 0x7fa0ad0bf000 with factory functools.partial(<function lazy_mapping_from_context.<locals>._deprecated_proxy_factory at 0x7fa0acfcaa20>, 'tomorrow_ds_nodash', '20241119')>,
 'triggering_dataset_events': <Proxy at 0x7fa0ad011000 with factory <function _get_template_context.<locals>.get_triggering_events at 0x7fa0acfca840>>,
 'ts': '2024-11-18T15:33:00+00:00',
 'ts_nodash': '20241118T153300',
 'ts_nodash_with_tz': '20241118T153300+0000',
 'var': {'json': None, 'value': None},
 'yesterday_ds': <Proxy at 0x7fa0ad0bf040 with factory functools.partial(<function lazy_mapping_from_context.<locals>._deprecated_proxy_factory at 0x7fa0acfcaa20>, 'yesterday_ds', '2024-11-17')>,
 'yesterday_ds_nodash': <Proxy at 0x7fa0ad0bf080 with factory functools.partial(<function lazy_mapping_from_context.<locals>._deprecated_proxy_factory at 0x7fa0acfcaa20>, 'yesterday_ds_nodash', '20241117')>}
[2024-11-19T19:52:41.197+0000] {logging_mixin.py:190} INFO - 2024-11-18
[2024-11-19T19:52:41.198+0000] {python.py:240} INFO - Done. Returned value was: meu retorno agora é este texto
[2024-11-19T19:52:41.290+0000] {taskinstance.py:340} INFO - ::group::Post task execution logs
[2024-11-19T19:52:41.292+0000] {taskinstance.py:352} INFO - Marking task as SUCCESS. dag_id=python_operator_v2, task_id=python, run_id=scheduled__2024-11-18T15:33:00+00:00, execution_date=20241118T153300, start_date=20241119T195239, end_date=20241119T195241
[2024-11-19T19:52:41.346+0000] {logging_mixin.py:190} INFO - Task instance in success state
[2024-11-19T19:52:41.347+0000] {logging_mixin.py:190} INFO -  Previous state of the Task instance: running
[2024-11-19T19:52:41.348+0000] {logging_mixin.py:190} INFO - Dag name:python_operator_v2 queued_at:2024-11-19 19:52:34.485433+00:00
[2024-11-19T19:52:41.348+0000] {logging_mixin.py:190} INFO - Task hostname:e9d4ecc96ed3 operator:_PythonDecoratedOperator
[2024-11-19T19:52:41.441+0000] {local_task_job_runner.py:266} INFO - Task exited with return code 0
[2024-11-19T19:52:41.500+0000] {local_task_job_runner.py:245} INFO - ::endgroup::
