[2024-11-19T17:43:42.621+0000] {local_task_job_runner.py:123} INFO - ::group::Pre task execution logs
[2024-11-19T17:43:42.665+0000] {taskinstance.py:2613} INFO - Dependencies all met for dep_context=non-requeueable deps ti=<TaskInstance: python_operator_v1.python scheduled__2024-11-19T10:57:00+00:00 [queued]>
[2024-11-19T17:43:42.693+0000] {taskinstance.py:2613} INFO - Dependencies all met for dep_context=requeueable deps ti=<TaskInstance: python_operator_v1.python scheduled__2024-11-19T10:57:00+00:00 [queued]>
[2024-11-19T17:43:42.694+0000] {taskinstance.py:2866} INFO - Starting attempt 1 of 1
[2024-11-19T17:43:42.731+0000] {taskinstance.py:2889} INFO - Executing <Task(_PythonDecoratedOperator): python> on 2024-11-19 10:57:00+00:00
[2024-11-19T17:43:42.745+0000] {warnings.py:112} WARNING - /home/***/.local/lib/python3.12/site-packages/***/task/task_runner/standard_task_runner.py:70: DeprecationWarning: This process (pid=9115) is multi-threaded, use of fork() may lead to deadlocks in the child.
  pid = os.fork()

[2024-11-19T17:43:42.749+0000] {standard_task_runner.py:72} INFO - Started process 9147 to run task
[2024-11-19T17:43:42.751+0000] {standard_task_runner.py:104} INFO - Running: ['***', 'tasks', 'run', 'python_operator_v1', 'python', 'scheduled__2024-11-19T10:57:00+00:00', '--job-id', '13053', '--raw', '--subdir', 'DAGS_FOLDER/python_operator_v2.py', '--cfg-path', '/tmp/tmpbva4sa8_']
[2024-11-19T17:43:42.754+0000] {standard_task_runner.py:105} INFO - Job 13053: Subtask python
[2024-11-19T17:43:42.880+0000] {task_command.py:467} INFO - Running <TaskInstance: python_operator_v1.python scheduled__2024-11-19T10:57:00+00:00 [running]> on host e9d4ecc96ed3
[2024-11-19T17:43:43.621+0000] {taskinstance.py:3132} INFO - Exporting env vars: AIRFLOW_CTX_DAG_OWNER='***' AIRFLOW_CTX_DAG_ID='python_operator_v1' AIRFLOW_CTX_TASK_ID='python' AIRFLOW_CTX_EXECUTION_DATE='2024-11-19T10:57:00+00:00' AIRFLOW_CTX_TRY_NUMBER='1' AIRFLOW_CTX_DAG_RUN_ID='scheduled__2024-11-19T10:57:00+00:00'
[2024-11-19T17:43:43.623+0000] {logging_mixin.py:190} INFO - Task instance is in running state
[2024-11-19T17:43:43.624+0000] {logging_mixin.py:190} INFO -  Previous state of the Task instance: queued
[2024-11-19T17:43:43.625+0000] {logging_mixin.py:190} INFO - Current task name:python state:running start_date:2024-11-19 17:43:42.666040+00:00
[2024-11-19T17:43:43.625+0000] {logging_mixin.py:190} INFO - Dag name:python_operator_v1 and current dag run status:running
[2024-11-19T17:43:43.626+0000] {taskinstance.py:731} INFO - ::endgroup::
[2024-11-19T17:43:43.652+0000] {logging_mixin.py:190} INFO - {'conf': <***.configuration.AirflowConfigParser object at 0x7fa0e076b0e0>,
 'conn': None,
 'dag': <DAG: python_operator_v1>,
 'dag_run': <DagRun python_operator_v1 @ 2024-11-19 10:57:00+00:00: scheduled__2024-11-19T10:57:00+00:00, state:running, queued_at: 2024-11-19 17:43:36.092338+00:00. externally triggered: False>,
 'data_interval_end': DateTime(2024, 11, 19, 10, 58, 0, tzinfo=Timezone('UTC')),
 'data_interval_start': DateTime(2024, 11, 19, 10, 57, 0, tzinfo=Timezone('UTC')),
 'ds_nodash': '20241119',
 'execution_date': <Proxy at 0x7fa0acfc9480 with factory functools.partial(<function lazy_mapping_from_context.<locals>._deprecated_proxy_factory at 0x7fa0acff1bc0>, 'execution_date', DateTime(2024, 11, 19, 10, 57, 0, tzinfo=Timezone('UTC')))>,
 'expanded_ti_count': None,
 'inlet_events': InletEventsAccessors(_inlets=[], _datasets={}, _dataset_aliases={}, _session=<sqlalchemy.orm.session.Session object at 0x7fa0e05c1760>),
 'inlets': [],
 'logical_date': DateTime(2024, 11, 19, 10, 57, 0, tzinfo=Timezone('UTC')),
 'macros': <module '***.macros' from '/home/***/.local/lib/python3.12/site-packages/***/macros/__init__.py'>,
 'map_index_template': None,
 'next_ds': <Proxy at 0x7fa0ad016fc0 with factory functools.partial(<function lazy_mapping_from_context.<locals>._deprecated_proxy_factory at 0x7fa0acff1bc0>, 'next_ds', '2024-11-19')>,
 'next_ds_nodash': <Proxy at 0x7fa0ad017b80 with factory functools.partial(<function lazy_mapping_from_context.<locals>._deprecated_proxy_factory at 0x7fa0acff1bc0>, 'next_ds_nodash', '20241119')>,
 'next_execution_date': <Proxy at 0x7fa0ad122dc0 with factory functools.partial(<function lazy_mapping_from_context.<locals>._deprecated_proxy_factory at 0x7fa0acff1bc0>, 'next_execution_date', DateTime(2024, 11, 19, 10, 58, 0, tzinfo=Timezone('UTC')))>,
 'outlet_events': <***.utils.context.OutletEventAccessors object at 0x7fa0acfc3da0>,
 'outlets': [],
 'params': {},
 'prev_data_interval_end_success': DateTime(2024, 11, 19, 10, 48, 0, tzinfo=Timezone('UTC')),
 'prev_data_interval_start_success': DateTime(2024, 11, 19, 10, 47, 0, tzinfo=Timezone('UTC')),
 'prev_ds': <Proxy at 0x7fa0ace68880 with factory functools.partial(<function lazy_mapping_from_context.<locals>._deprecated_proxy_factory at 0x7fa0acff1bc0>, 'prev_ds', '2024-11-19')>,
 'prev_ds_nodash': <Proxy at 0x7fa0ad1cf680 with factory functools.partial(<function lazy_mapping_from_context.<locals>._deprecated_proxy_factory at 0x7fa0acff1bc0>, 'prev_ds_nodash', '20241119')>,
 'prev_end_date_success': DateTime(2024, 11, 19, 17, 43, 41, 822254, tzinfo=Timezone('UTC')),
 'prev_execution_date': <Proxy at 0x7fa0acfde240 with factory functools.partial(<function lazy_mapping_from_context.<locals>._deprecated_proxy_factory at 0x7fa0acff1bc0>, 'prev_execution_date', DateTime(2024, 11, 19, 10, 56, 0, tzinfo=Timezone('UTC')))>,
 'prev_execution_date_success': <Proxy at 0x7fa0acfa4140 with factory functools.partial(<function lazy_mapping_from_context.<locals>._deprecated_proxy_factory at 0x7fa0acff1bc0>, 'prev_execution_date_success', DateTime(2024, 11, 19, 10, 47, 0, tzinfo=Timezone('UTC')))>,
 'prev_start_date_success': DateTime(2024, 11, 19, 17, 43, 33, 344610, tzinfo=Timezone('UTC')),
 'run_id': 'scheduled__2024-11-19T10:57:00+00:00',
 'task': <Task(_PythonDecoratedOperator): python>,
 'task_instance': <TaskInstance: python_operator_v1.python scheduled__2024-11-19T10:57:00+00:00 [running]>,
 'task_instance_key_str': 'python_operator_v1__python__20241119',
 'templates_dict': None,
 'test_mode': False,
 'ti': <TaskInstance: python_operator_v1.python scheduled__2024-11-19T10:57:00+00:00 [running]>,
 'tomorrow_ds': <Proxy at 0x7fa0acf75200 with factory functools.partial(<function lazy_mapping_from_context.<locals>._deprecated_proxy_factory at 0x7fa0acff1bc0>, 'tomorrow_ds', '2024-11-20')>,
 'tomorrow_ds_nodash': <Proxy at 0x7fa0acf76000 with factory functools.partial(<function lazy_mapping_from_context.<locals>._deprecated_proxy_factory at 0x7fa0acff1bc0>, 'tomorrow_ds_nodash', '20241120')>,
 'triggering_dataset_events': <Proxy at 0x7fa0ad00ed40 with factory <function _get_template_context.<locals>.get_triggering_events at 0x7fa0acff19e0>>,
 'ts': '2024-11-19T10:57:00+00:00',
 'ts_nodash': '20241119T105700',
 'ts_nodash_with_tz': '20241119T105700+0000',
 'var': {'json': None, 'value': None},
 'yesterday_ds': <Proxy at 0x7fa0ace44240 with factory functools.partial(<function lazy_mapping_from_context.<locals>._deprecated_proxy_factory at 0x7fa0acff1bc0>, 'yesterday_ds', '2024-11-18')>,
 'yesterday_ds_nodash': <Proxy at 0x7fa0ace46200 with factory functools.partial(<function lazy_mapping_from_context.<locals>._deprecated_proxy_factory at 0x7fa0acff1bc0>, 'yesterday_ds_nodash', '20241118')>}
[2024-11-19T17:43:43.654+0000] {logging_mixin.py:190} INFO - 2024-11-19
[2024-11-19T17:43:43.655+0000] {python.py:240} INFO - Done. Returned value was: meu retorno agora é este texto
[2024-11-19T17:43:43.707+0000] {taskinstance.py:340} INFO - ::group::Post task execution logs
[2024-11-19T17:43:43.708+0000] {taskinstance.py:352} INFO - Marking task as SUCCESS. dag_id=python_operator_v1, task_id=python, run_id=scheduled__2024-11-19T10:57:00+00:00, execution_date=20241119T105700, start_date=20241119T174342, end_date=20241119T174343
[2024-11-19T17:43:43.740+0000] {logging_mixin.py:190} INFO - Task instance in success state
[2024-11-19T17:43:43.741+0000] {logging_mixin.py:190} INFO -  Previous state of the Task instance: running
[2024-11-19T17:43:43.742+0000] {logging_mixin.py:190} INFO - Dag name:python_operator_v1 queued_at:2024-11-19 17:43:36.092338+00:00
[2024-11-19T17:43:43.743+0000] {logging_mixin.py:190} INFO - Task hostname:e9d4ecc96ed3 operator:_PythonDecoratedOperator
[2024-11-19T17:43:43.775+0000] {local_task_job_runner.py:266} INFO - Task exited with return code 0
[2024-11-19T17:43:43.818+0000] {taskinstance.py:3895} INFO - 0 downstream tasks scheduled from follow-on schedule check
[2024-11-19T17:43:43.827+0000] {local_task_job_runner.py:245} INFO - ::endgroup::
