[2024-11-19T17:21:35.817+0000] {local_task_job_runner.py:123} INFO - ::group::Pre task execution logs
[2024-11-19T17:21:35.913+0000] {taskinstance.py:2613} INFO - Dependencies all met for dep_context=non-requeueable deps ti=<TaskInstance: python_operator_v1.python scheduled__2024-11-18T14:30:00+00:00 [queued]>
[2024-11-19T17:21:35.958+0000] {taskinstance.py:2613} INFO - Dependencies all met for dep_context=requeueable deps ti=<TaskInstance: python_operator_v1.python scheduled__2024-11-18T14:30:00+00:00 [queued]>
[2024-11-19T17:21:35.960+0000] {taskinstance.py:2866} INFO - Starting attempt 1 of 1
[2024-11-19T17:21:36.043+0000] {taskinstance.py:2889} INFO - Executing <Task(PythonOperator): python> on 2024-11-18 14:30:00+00:00
[2024-11-19T17:21:36.078+0000] {warnings.py:112} WARNING - /home/***/.local/lib/python3.12/site-packages/***/task/task_runner/standard_task_runner.py:70: DeprecationWarning: This process (pid=3948) is multi-threaded, use of fork() may lead to deadlocks in the child.
  pid = os.fork()

[2024-11-19T17:21:36.090+0000] {standard_task_runner.py:72} INFO - Started process 3976 to run task
[2024-11-19T17:21:36.115+0000] {standard_task_runner.py:104} INFO - Running: ['***', 'tasks', 'run', 'python_operator_v1', 'python', 'scheduled__2024-11-18T14:30:00+00:00', '--job-id', '11826', '--raw', '--subdir', 'DAGS_FOLDER/python_operator_v1.py', '--cfg-path', '/tmp/tmp5gz0cod_']
[2024-11-19T17:21:36.140+0000] {standard_task_runner.py:105} INFO - Job 11826: Subtask python
[2024-11-19T17:21:36.508+0000] {task_command.py:467} INFO - Running <TaskInstance: python_operator_v1.python scheduled__2024-11-18T14:30:00+00:00 [running]> on host e9d4ecc96ed3
[2024-11-19T17:21:37.105+0000] {taskinstance.py:3132} INFO - Exporting env vars: AIRFLOW_CTX_DAG_OWNER='***' AIRFLOW_CTX_DAG_ID='python_operator_v1' AIRFLOW_CTX_TASK_ID='python' AIRFLOW_CTX_EXECUTION_DATE='2024-11-18T14:30:00+00:00' AIRFLOW_CTX_TRY_NUMBER='1' AIRFLOW_CTX_DAG_RUN_ID='scheduled__2024-11-18T14:30:00+00:00'
[2024-11-19T17:21:37.109+0000] {logging_mixin.py:190} INFO - Task instance is in running state
[2024-11-19T17:21:37.119+0000] {logging_mixin.py:190} INFO -  Previous state of the Task instance: queued
[2024-11-19T17:21:37.120+0000] {logging_mixin.py:190} INFO - Current task name:python state:running start_date:2024-11-19 17:21:35.918056+00:00
[2024-11-19T17:21:37.121+0000] {logging_mixin.py:190} INFO - Dag name:python_operator_v1 and current dag run status:running
[2024-11-19T17:21:37.122+0000] {taskinstance.py:731} INFO - ::endgroup::
[2024-11-19T17:21:37.124+0000] {logging_mixin.py:190} INFO - nieremberg
[2024-11-19T17:21:37.210+0000] {logging_mixin.py:190} INFO - {'conf': <***.configuration.AirflowConfigParser object at 0x7fa0e076b0e0>,
 'conn': None,
 'dag': <DAG: python_operator_v1>,
 'dag_run': <DagRun python_operator_v1 @ 2024-11-18 14:30:00+00:00: scheduled__2024-11-18T14:30:00+00:00, state:running, queued_at: 2024-11-19 17:21:28.393708+00:00. externally triggered: False>,
 'data_interval_end': DateTime(2024, 11, 18, 14, 31, 0, tzinfo=Timezone('UTC')),
 'data_interval_start': DateTime(2024, 11, 18, 14, 30, 0, tzinfo=Timezone('UTC')),
 'ds': '2024-11-18',
 'ds_nodash': '20241118',
 'execution_date': <Proxy at 0x7fa0acf43a00 with factory functools.partial(<function lazy_mapping_from_context.<locals>._deprecated_proxy_factory at 0x7fa0acfa8d60>, 'execution_date', DateTime(2024, 11, 18, 14, 30, 0, tzinfo=Timezone('UTC')))>,
 'expanded_ti_count': None,
 'inlet_events': InletEventsAccessors(_inlets=[], _datasets={}, _dataset_aliases={}, _session=<sqlalchemy.orm.session.Session object at 0x7fa0ad0a1370>),
 'inlets': [],
 'logical_date': DateTime(2024, 11, 18, 14, 30, 0, tzinfo=Timezone('UTC')),
 'macros': <module '***.macros' from '/home/***/.local/lib/python3.12/site-packages/***/macros/__init__.py'>,
 'map_index_template': None,
 'next_ds': <Proxy at 0x7fa0acf847c0 with factory functools.partial(<function lazy_mapping_from_context.<locals>._deprecated_proxy_factory at 0x7fa0acfa8d60>, 'next_ds', '2024-11-18')>,
 'next_ds_nodash': <Proxy at 0x7fa0ad06ddc0 with factory functools.partial(<function lazy_mapping_from_context.<locals>._deprecated_proxy_factory at 0x7fa0acfa8d60>, 'next_ds_nodash', '20241118')>,
 'next_execution_date': <Proxy at 0x7fa0acfde440 with factory functools.partial(<function lazy_mapping_from_context.<locals>._deprecated_proxy_factory at 0x7fa0acfa8d60>, 'next_execution_date', DateTime(2024, 11, 18, 14, 31, 0, tzinfo=Timezone('UTC')))>,
 'outlet_events': <***.utils.context.OutletEventAccessors object at 0x7fa0acf7b9b0>,
 'outlets': [],
 'params': {},
 'prev_data_interval_end_success': DateTime(2024, 11, 18, 14, 28, 0, tzinfo=Timezone('UTC')),
 'prev_data_interval_start_success': DateTime(2024, 11, 18, 14, 27, 0, tzinfo=Timezone('UTC')),
 'prev_ds': <Proxy at 0x7fa0acfadc00 with factory functools.partial(<function lazy_mapping_from_context.<locals>._deprecated_proxy_factory at 0x7fa0acfa8d60>, 'prev_ds', '2024-11-18')>,
 'prev_ds_nodash': <Proxy at 0x7fa0acfad940 with factory functools.partial(<function lazy_mapping_from_context.<locals>._deprecated_proxy_factory at 0x7fa0acfa8d60>, 'prev_ds_nodash', '20241118')>,
 'prev_end_date_success': DateTime(2024, 11, 19, 17, 21, 26, 243417, tzinfo=Timezone('UTC')),
 'prev_execution_date': <Proxy at 0x7fa0acfaee40 with factory functools.partial(<function lazy_mapping_from_context.<locals>._deprecated_proxy_factory at 0x7fa0acfa8d60>, 'prev_execution_date', DateTime(2024, 11, 18, 14, 29, 0, tzinfo=Timezone('UTC')))>,
 'prev_execution_date_success': <Proxy at 0x7fa0acfae640 with factory functools.partial(<function lazy_mapping_from_context.<locals>._deprecated_proxy_factory at 0x7fa0acfa8d60>, 'prev_execution_date_success', DateTime(2024, 11, 18, 14, 27, 0, tzinfo=Timezone('UTC')))>,
 'prev_start_date_success': DateTime(2024, 11, 19, 17, 21, 15, 174604, tzinfo=Timezone('UTC')),
 'run_id': 'scheduled__2024-11-18T14:30:00+00:00',
 'task': <Task(PythonOperator): python>,
 'task_instance': <TaskInstance: python_operator_v1.python scheduled__2024-11-18T14:30:00+00:00 [running]>,
 'task_instance_key_str': 'python_operator_v1__python__20241118',
 'templates_dict': None,
 'test_mode': False,
 'ti': <TaskInstance: python_operator_v1.python scheduled__2024-11-18T14:30:00+00:00 [running]>,
 'tomorrow_ds': <Proxy at 0x7fa0acfadd00 with factory functools.partial(<function lazy_mapping_from_context.<locals>._deprecated_proxy_factory at 0x7fa0acfa8d60>, 'tomorrow_ds', '2024-11-19')>,
 'tomorrow_ds_nodash': <Proxy at 0x7fa0acf9a240 with factory functools.partial(<function lazy_mapping_from_context.<locals>._deprecated_proxy_factory at 0x7fa0acfa8d60>, 'tomorrow_ds_nodash', '20241119')>,
 'triggering_dataset_events': <Proxy at 0x7fa0acfb9140 with factory <function _get_template_context.<locals>.get_triggering_events at 0x7fa0acfa8b80>>,
 'ts': '2024-11-18T14:30:00+00:00',
 'ts_nodash': '20241118T143000',
 'ts_nodash_with_tz': '20241118T143000+0000',
 'var': {'json': None, 'value': None},
 'yesterday_ds': <Proxy at 0x7fa0acf98e80 with factory functools.partial(<function lazy_mapping_from_context.<locals>._deprecated_proxy_factory at 0x7fa0acfa8d60>, 'yesterday_ds', '2024-11-17')>,
 'yesterday_ds_nodash': <Proxy at 0x7fa0acf993c0 with factory functools.partial(<function lazy_mapping_from_context.<locals>._deprecated_proxy_factory at 0x7fa0acfa8d60>, 'yesterday_ds_nodash', '20241117')>}
[2024-11-19T17:21:37.217+0000] {python.py:240} INFO - Done. Returned value was: 123
[2024-11-19T17:21:37.319+0000] {taskinstance.py:340} INFO - ::group::Post task execution logs
[2024-11-19T17:21:37.320+0000] {taskinstance.py:352} INFO - Marking task as SUCCESS. dag_id=python_operator_v1, task_id=python, run_id=scheduled__2024-11-18T14:30:00+00:00, execution_date=20241118T143000, start_date=20241119T172135, end_date=20241119T172137
[2024-11-19T17:21:37.948+0000] {logging_mixin.py:190} INFO - Task instance in success state
[2024-11-19T17:21:37.949+0000] {logging_mixin.py:190} INFO -  Previous state of the Task instance: running
[2024-11-19T17:21:37.951+0000] {logging_mixin.py:190} INFO - Dag name:python_operator_v1 queued_at:2024-11-19 17:21:28.393708+00:00
[2024-11-19T17:21:37.960+0000] {logging_mixin.py:190} INFO - Task hostname:e9d4ecc96ed3 operator:PythonOperator
[2024-11-19T17:21:38.016+0000] {local_task_job_runner.py:266} INFO - Task exited with return code 0
[2024-11-19T17:21:38.116+0000] {taskinstance.py:3895} INFO - 0 downstream tasks scheduled from follow-on schedule check
[2024-11-19T17:21:38.123+0000] {local_task_job_runner.py:245} INFO - ::endgroup::
