[2024-11-19T17:33:32.154+0000] {local_task_job_runner.py:123} INFO - ::group::Pre task execution logs
[2024-11-19T17:33:32.185+0000] {taskinstance.py:2613} INFO - Dependencies all met for dep_context=non-requeueable deps ti=<TaskInstance: python_operator_v1.python scheduled__2024-11-19T01:17:00+00:00 [queued]>
[2024-11-19T17:33:32.201+0000] {taskinstance.py:2613} INFO - Dependencies all met for dep_context=requeueable deps ti=<TaskInstance: python_operator_v1.python scheduled__2024-11-19T01:17:00+00:00 [queued]>
[2024-11-19T17:33:32.202+0000] {taskinstance.py:2866} INFO - Starting attempt 1 of 1
[2024-11-19T17:33:32.231+0000] {taskinstance.py:2889} INFO - Executing <Task(_PythonDecoratedOperator): python> on 2024-11-19 01:17:00+00:00
[2024-11-19T17:33:32.245+0000] {warnings.py:112} WARNING - /home/***/.local/lib/python3.12/site-packages/***/task/task_runner/standard_task_runner.py:70: DeprecationWarning: This process (pid=6665) is multi-threaded, use of fork() may lead to deadlocks in the child.
  pid = os.fork()

[2024-11-19T17:33:32.247+0000] {standard_task_runner.py:72} INFO - Started process 6693 to run task
[2024-11-19T17:33:32.249+0000] {standard_task_runner.py:104} INFO - Running: ['***', 'tasks', 'run', 'python_operator_v1', 'python', 'scheduled__2024-11-19T01:17:00+00:00', '--job-id', '12473', '--raw', '--subdir', 'DAGS_FOLDER/python_operator_v2.py', '--cfg-path', '/tmp/tmp85u3ij8r']
[2024-11-19T17:33:32.251+0000] {standard_task_runner.py:105} INFO - Job 12473: Subtask python
[2024-11-19T17:33:32.343+0000] {task_command.py:467} INFO - Running <TaskInstance: python_operator_v1.python scheduled__2024-11-19T01:17:00+00:00 [running]> on host e9d4ecc96ed3
[2024-11-19T17:33:32.767+0000] {taskinstance.py:3132} INFO - Exporting env vars: AIRFLOW_CTX_DAG_OWNER='***' AIRFLOW_CTX_DAG_ID='python_operator_v1' AIRFLOW_CTX_TASK_ID='python' AIRFLOW_CTX_EXECUTION_DATE='2024-11-19T01:17:00+00:00' AIRFLOW_CTX_TRY_NUMBER='1' AIRFLOW_CTX_DAG_RUN_ID='scheduled__2024-11-19T01:17:00+00:00'
[2024-11-19T17:33:32.768+0000] {logging_mixin.py:190} INFO - Task instance is in running state
[2024-11-19T17:33:32.768+0000] {logging_mixin.py:190} INFO -  Previous state of the Task instance: queued
[2024-11-19T17:33:32.768+0000] {logging_mixin.py:190} INFO - Current task name:python state:running start_date:2024-11-19 17:33:32.185749+00:00
[2024-11-19T17:33:32.768+0000] {logging_mixin.py:190} INFO - Dag name:python_operator_v1 and current dag run status:running
[2024-11-19T17:33:32.769+0000] {taskinstance.py:731} INFO - ::endgroup::
[2024-11-19T17:33:32.779+0000] {logging_mixin.py:190} INFO - {'conf': <***.configuration.AirflowConfigParser object at 0x7fa0e076b0e0>,
 'conn': None,
 'dag': <DAG: python_operator_v1>,
 'dag_run': <DagRun python_operator_v1 @ 2024-11-19 01:17:00+00:00: scheduled__2024-11-19T01:17:00+00:00, state:running, queued_at: 2024-11-19 17:33:24.653793+00:00. externally triggered: False>,
 'data_interval_end': DateTime(2024, 11, 19, 1, 18, 0, tzinfo=Timezone('UTC')),
 'data_interval_start': DateTime(2024, 11, 19, 1, 17, 0, tzinfo=Timezone('UTC')),
 'ds_nodash': '20241119',
 'execution_date': <Proxy at 0x7fa0acfcdbc0 with factory functools.partial(<function lazy_mapping_from_context.<locals>._deprecated_proxy_factory at 0x7fa0acfe6840>, 'execution_date', DateTime(2024, 11, 19, 1, 17, 0, tzinfo=Timezone('UTC')))>,
 'expanded_ti_count': None,
 'inlet_events': InletEventsAccessors(_inlets=[], _datasets={}, _dataset_aliases={}, _session=<sqlalchemy.orm.session.Session object at 0x7fa0e05c1dc0>),
 'inlets': [],
 'logical_date': DateTime(2024, 11, 19, 1, 17, 0, tzinfo=Timezone('UTC')),
 'macros': <module '***.macros' from '/home/***/.local/lib/python3.12/site-packages/***/macros/__init__.py'>,
 'map_index_template': None,
 'next_ds': <Proxy at 0x7fa0ad00b400 with factory functools.partial(<function lazy_mapping_from_context.<locals>._deprecated_proxy_factory at 0x7fa0acfe6840>, 'next_ds', '2024-11-19')>,
 'next_ds_nodash': <Proxy at 0x7fa0ace5e7c0 with factory functools.partial(<function lazy_mapping_from_context.<locals>._deprecated_proxy_factory at 0x7fa0acfe6840>, 'next_ds_nodash', '20241119')>,
 'next_execution_date': <Proxy at 0x7fa0acfa9a80 with factory functools.partial(<function lazy_mapping_from_context.<locals>._deprecated_proxy_factory at 0x7fa0acfe6840>, 'next_execution_date', DateTime(2024, 11, 19, 1, 18, 0, tzinfo=Timezone('UTC')))>,
 'outlet_events': <***.utils.context.OutletEventAccessors object at 0x7fa0ad0013a0>,
 'outlets': [],
 'params': {},
 'prev_data_interval_end_success': DateTime(2024, 11, 19, 1, 11, 0, tzinfo=Timezone('UTC')),
 'prev_data_interval_start_success': DateTime(2024, 11, 19, 1, 10, 0, tzinfo=Timezone('UTC')),
 'prev_ds': <Proxy at 0x7fa0acf54400 with factory functools.partial(<function lazy_mapping_from_context.<locals>._deprecated_proxy_factory at 0x7fa0acfe6840>, 'prev_ds', '2024-11-19')>,
 'prev_ds_nodash': <Proxy at 0x7fa0acf4afc0 with factory functools.partial(<function lazy_mapping_from_context.<locals>._deprecated_proxy_factory at 0x7fa0acfe6840>, 'prev_ds_nodash', '20241119')>,
 'prev_end_date_success': DateTime(2024, 11, 19, 17, 33, 31, 882197, tzinfo=Timezone('UTC')),
 'prev_execution_date': <Proxy at 0x7fa0ad123b00 with factory functools.partial(<function lazy_mapping_from_context.<locals>._deprecated_proxy_factory at 0x7fa0acfe6840>, 'prev_execution_date', DateTime(2024, 11, 19, 1, 16, 0, tzinfo=Timezone('UTC')))>,
 'prev_execution_date_success': <Proxy at 0x7fa0c796b000 with factory functools.partial(<function lazy_mapping_from_context.<locals>._deprecated_proxy_factory at 0x7fa0acfe6840>, 'prev_execution_date_success', DateTime(2024, 11, 19, 1, 10, 0, tzinfo=Timezone('UTC')))>,
 'prev_start_date_success': DateTime(2024, 11, 19, 17, 33, 21, 69242, tzinfo=Timezone('UTC')),
 'run_id': 'scheduled__2024-11-19T01:17:00+00:00',
 'task': <Task(_PythonDecoratedOperator): python>,
 'task_instance': <TaskInstance: python_operator_v1.python scheduled__2024-11-19T01:17:00+00:00 [running]>,
 'task_instance_key_str': 'python_operator_v1__python__20241119',
 'templates_dict': None,
 'test_mode': False,
 'ti': <TaskInstance: python_operator_v1.python scheduled__2024-11-19T01:17:00+00:00 [running]>,
 'tomorrow_ds': <Proxy at 0x7fa0c796b340 with factory functools.partial(<function lazy_mapping_from_context.<locals>._deprecated_proxy_factory at 0x7fa0acfe6840>, 'tomorrow_ds', '2024-11-20')>,
 'tomorrow_ds_nodash': <Proxy at 0x7fa0c7969380 with factory functools.partial(<function lazy_mapping_from_context.<locals>._deprecated_proxy_factory at 0x7fa0acfe6840>, 'tomorrow_ds_nodash', '20241120')>,
 'triggering_dataset_events': <Proxy at 0x7fa0ad017e40 with factory <function _get_template_context.<locals>.get_triggering_events at 0x7fa0acfe63e0>>,
 'ts': '2024-11-19T01:17:00+00:00',
 'ts_nodash': '20241119T011700',
 'ts_nodash_with_tz': '20241119T011700+0000',
 'var': {'json': None, 'value': None},
 'yesterday_ds': <Proxy at 0x7fa0c79694c0 with factory functools.partial(<function lazy_mapping_from_context.<locals>._deprecated_proxy_factory at 0x7fa0acfe6840>, 'yesterday_ds', '2024-11-18')>,
 'yesterday_ds_nodash': <Proxy at 0x7fa0c7968e00 with factory functools.partial(<function lazy_mapping_from_context.<locals>._deprecated_proxy_factory at 0x7fa0acfe6840>, 'yesterday_ds_nodash', '20241118')>}
[2024-11-19T17:33:32.780+0000] {logging_mixin.py:190} INFO - 2024-11-19
[2024-11-19T17:33:32.780+0000] {python.py:240} INFO - Done. Returned value was: meu retorno agora é este texto
[2024-11-19T17:33:32.799+0000] {taskinstance.py:340} INFO - ::group::Post task execution logs
[2024-11-19T17:33:32.800+0000] {taskinstance.py:352} INFO - Marking task as SUCCESS. dag_id=python_operator_v1, task_id=python, run_id=scheduled__2024-11-19T01:17:00+00:00, execution_date=20241119T011700, start_date=20241119T173332, end_date=20241119T173332
[2024-11-19T17:33:32.810+0000] {logging_mixin.py:190} INFO - Task instance in success state
[2024-11-19T17:33:32.810+0000] {logging_mixin.py:190} INFO -  Previous state of the Task instance: running
[2024-11-19T17:33:32.810+0000] {logging_mixin.py:190} INFO - Dag name:python_operator_v1 queued_at:2024-11-19 17:33:24.653793+00:00
[2024-11-19T17:33:32.810+0000] {logging_mixin.py:190} INFO - Task hostname:e9d4ecc96ed3 operator:_PythonDecoratedOperator
[2024-11-19T17:33:32.828+0000] {local_task_job_runner.py:266} INFO - Task exited with return code 0
[2024-11-19T17:33:32.845+0000] {taskinstance.py:3895} INFO - 0 downstream tasks scheduled from follow-on schedule check
[2024-11-19T17:33:32.847+0000] {local_task_job_runner.py:245} INFO - ::endgroup::
