[2024-11-19T19:51:41.386+0000] {local_task_job_runner.py:123} INFO - ::group::Pre task execution logs
[2024-11-19T19:51:41.435+0000] {taskinstance.py:2613} INFO - Dependencies all met for dep_context=non-requeueable deps ti=<TaskInstance: python_operator_v2.python scheduled__2024-11-18T14:35:00+00:00 [queued]>
[2024-11-19T19:51:41.463+0000] {taskinstance.py:2613} INFO - Dependencies all met for dep_context=requeueable deps ti=<TaskInstance: python_operator_v2.python scheduled__2024-11-18T14:35:00+00:00 [queued]>
[2024-11-19T19:51:41.464+0000] {taskinstance.py:2866} INFO - Starting attempt 1 of 1
[2024-11-19T19:51:41.510+0000] {taskinstance.py:2889} INFO - Executing <Task(_PythonDecoratedOperator): python> on 2024-11-18 14:35:00+00:00
[2024-11-19T19:51:41.526+0000] {warnings.py:112} WARNING - /home/***/.local/lib/python3.12/site-packages/***/task/task_runner/standard_task_runner.py:70: DeprecationWarning: This process (pid=13183) is multi-threaded, use of fork() may lead to deadlocks in the child.
  pid = os.fork()

[2024-11-19T19:51:41.530+0000] {standard_task_runner.py:72} INFO - Started process 13215 to run task
[2024-11-19T19:51:41.533+0000] {standard_task_runner.py:104} INFO - Running: ['***', 'tasks', 'run', 'python_operator_v2', 'python', 'scheduled__2024-11-18T14:35:00+00:00', '--job-id', '13642', '--raw', '--subdir', 'DAGS_FOLDER/python_operator_v2.py', '--cfg-path', '/tmp/tmplmtvu02_']
[2024-11-19T19:51:41.536+0000] {standard_task_runner.py:105} INFO - Job 13642: Subtask python
[2024-11-19T19:51:41.674+0000] {task_command.py:467} INFO - Running <TaskInstance: python_operator_v2.python scheduled__2024-11-18T14:35:00+00:00 [running]> on host e9d4ecc96ed3
[2024-11-19T19:51:42.404+0000] {taskinstance.py:3132} INFO - Exporting env vars: AIRFLOW_CTX_DAG_OWNER='***' AIRFLOW_CTX_DAG_ID='python_operator_v2' AIRFLOW_CTX_TASK_ID='python' AIRFLOW_CTX_EXECUTION_DATE='2024-11-18T14:35:00+00:00' AIRFLOW_CTX_TRY_NUMBER='1' AIRFLOW_CTX_DAG_RUN_ID='scheduled__2024-11-18T14:35:00+00:00'
[2024-11-19T19:51:42.406+0000] {logging_mixin.py:190} INFO - Task instance is in running state
[2024-11-19T19:51:42.407+0000] {logging_mixin.py:190} INFO -  Previous state of the Task instance: queued
[2024-11-19T19:51:42.407+0000] {logging_mixin.py:190} INFO - Current task name:python state:running start_date:2024-11-19 19:51:41.436296+00:00
[2024-11-19T19:51:42.408+0000] {logging_mixin.py:190} INFO - Dag name:python_operator_v2 and current dag run status:running
[2024-11-19T19:51:42.408+0000] {taskinstance.py:731} INFO - ::endgroup::
[2024-11-19T19:51:42.431+0000] {logging_mixin.py:190} INFO - {'conf': <***.configuration.AirflowConfigParser object at 0x7fa0e076b0e0>,
 'conn': None,
 'dag': <DAG: python_operator_v2>,
 'dag_run': <DagRun python_operator_v2 @ 2024-11-18 14:35:00+00:00: scheduled__2024-11-18T14:35:00+00:00, state:running, queued_at: 2024-11-19 19:51:34.808512+00:00. externally triggered: False>,
 'data_interval_end': DateTime(2024, 11, 18, 14, 36, 0, tzinfo=Timezone('UTC')),
 'data_interval_start': DateTime(2024, 11, 18, 14, 35, 0, tzinfo=Timezone('UTC')),
 'ds_nodash': '20241118',
 'execution_date': <Proxy at 0x7fa0acfd9480 with factory functools.partial(<function lazy_mapping_from_context.<locals>._deprecated_proxy_factory at 0x7fa0c7972660>, 'execution_date', DateTime(2024, 11, 18, 14, 35, 0, tzinfo=Timezone('UTC')))>,
 'expanded_ti_count': None,
 'inlet_events': InletEventsAccessors(_inlets=[], _datasets={}, _dataset_aliases={}, _session=<sqlalchemy.orm.session.Session object at 0x7fa0e05c12b0>),
 'inlets': [],
 'logical_date': DateTime(2024, 11, 18, 14, 35, 0, tzinfo=Timezone('UTC')),
 'macros': <module '***.macros' from '/home/***/.local/lib/python3.12/site-packages/***/macros/__init__.py'>,
 'map_index_template': None,
 'next_ds': <Proxy at 0x7fa0ad0601c0 with factory functools.partial(<function lazy_mapping_from_context.<locals>._deprecated_proxy_factory at 0x7fa0c7972660>, 'next_ds', '2024-11-18')>,
 'next_ds_nodash': <Proxy at 0x7fa0ace486c0 with factory functools.partial(<function lazy_mapping_from_context.<locals>._deprecated_proxy_factory at 0x7fa0c7972660>, 'next_ds_nodash', '20241118')>,
 'next_execution_date': <Proxy at 0x7fa0ad090b00 with factory functools.partial(<function lazy_mapping_from_context.<locals>._deprecated_proxy_factory at 0x7fa0c7972660>, 'next_execution_date', DateTime(2024, 11, 18, 14, 36, 0, tzinfo=Timezone('UTC')))>,
 'outlet_events': <***.utils.context.OutletEventAccessors object at 0x7fa0acfc3e90>,
 'outlets': [],
 'params': {},
 'prev_data_interval_end_success': DateTime(2024, 11, 18, 14, 29, 0, tzinfo=Timezone('UTC')),
 'prev_data_interval_start_success': DateTime(2024, 11, 18, 14, 28, 0, tzinfo=Timezone('UTC')),
 'prev_ds': <Proxy at 0x7fa0ad008600 with factory functools.partial(<function lazy_mapping_from_context.<locals>._deprecated_proxy_factory at 0x7fa0c7972660>, 'prev_ds', '2024-11-18')>,
 'prev_ds_nodash': <Proxy at 0x7fa0c7990380 with factory functools.partial(<function lazy_mapping_from_context.<locals>._deprecated_proxy_factory at 0x7fa0c7972660>, 'prev_ds_nodash', '20241118')>,
 'prev_end_date_success': DateTime(2024, 11, 19, 19, 51, 40, 683812, tzinfo=Timezone('UTC')),
 'prev_execution_date': <Proxy at 0x7fa0c7990b80 with factory functools.partial(<function lazy_mapping_from_context.<locals>._deprecated_proxy_factory at 0x7fa0c7972660>, 'prev_execution_date', DateTime(2024, 11, 18, 14, 34, 0, tzinfo=Timezone('UTC')))>,
 'prev_execution_date_success': <Proxy at 0x7fa0ad19f2c0 with factory functools.partial(<function lazy_mapping_from_context.<locals>._deprecated_proxy_factory at 0x7fa0c7972660>, 'prev_execution_date_success', DateTime(2024, 11, 18, 14, 28, 0, tzinfo=Timezone('UTC')))>,
 'prev_start_date_success': DateTime(2024, 11, 19, 19, 51, 32, 896991, tzinfo=Timezone('UTC')),
 'run_id': 'scheduled__2024-11-18T14:35:00+00:00',
 'task': <Task(_PythonDecoratedOperator): python>,
 'task_instance': <TaskInstance: python_operator_v2.python scheduled__2024-11-18T14:35:00+00:00 [running]>,
 'task_instance_key_str': 'python_operator_v2__python__20241118',
 'templates_dict': None,
 'test_mode': False,
 'ti': <TaskInstance: python_operator_v2.python scheduled__2024-11-18T14:35:00+00:00 [running]>,
 'tomorrow_ds': <Proxy at 0x7fa0ad19ed40 with factory functools.partial(<function lazy_mapping_from_context.<locals>._deprecated_proxy_factory at 0x7fa0c7972660>, 'tomorrow_ds', '2024-11-19')>,
 'tomorrow_ds_nodash': <Proxy at 0x7fa0ad19e9c0 with factory functools.partial(<function lazy_mapping_from_context.<locals>._deprecated_proxy_factory at 0x7fa0c7972660>, 'tomorrow_ds_nodash', '20241119')>,
 'triggering_dataset_events': <Proxy at 0x7fa0ad00aa00 with factory <function _get_template_context.<locals>.get_triggering_events at 0x7fa0acfe1e40>>,
 'ts': '2024-11-18T14:35:00+00:00',
 'ts_nodash': '20241118T143500',
 'ts_nodash_with_tz': '20241118T143500+0000',
 'var': {'json': None, 'value': None},
 'yesterday_ds': <Proxy at 0x7fa0ad19e840 with factory functools.partial(<function lazy_mapping_from_context.<locals>._deprecated_proxy_factory at 0x7fa0c7972660>, 'yesterday_ds', '2024-11-17')>,
 'yesterday_ds_nodash': <Proxy at 0x7fa0ad035dc0 with factory functools.partial(<function lazy_mapping_from_context.<locals>._deprecated_proxy_factory at 0x7fa0c7972660>, 'yesterday_ds_nodash', '20241117')>}
[2024-11-19T19:51:42.433+0000] {logging_mixin.py:190} INFO - 2024-11-18
[2024-11-19T19:51:42.433+0000] {python.py:240} INFO - Done. Returned value was: meu retorno agora é este texto
[2024-11-19T19:51:42.481+0000] {taskinstance.py:340} INFO - ::group::Post task execution logs
[2024-11-19T19:51:42.482+0000] {taskinstance.py:352} INFO - Marking task as SUCCESS. dag_id=python_operator_v2, task_id=python, run_id=scheduled__2024-11-18T14:35:00+00:00, execution_date=20241118T143500, start_date=20241119T195141, end_date=20241119T195142
[2024-11-19T19:51:42.508+0000] {logging_mixin.py:190} INFO - Task instance in success state
[2024-11-19T19:51:42.509+0000] {logging_mixin.py:190} INFO -  Previous state of the Task instance: running
[2024-11-19T19:51:42.510+0000] {logging_mixin.py:190} INFO - Dag name:python_operator_v2 queued_at:2024-11-19 19:51:34.808512+00:00
[2024-11-19T19:51:42.511+0000] {logging_mixin.py:190} INFO - Task hostname:e9d4ecc96ed3 operator:_PythonDecoratedOperator
[2024-11-19T19:51:42.558+0000] {local_task_job_runner.py:266} INFO - Task exited with return code 0
[2024-11-19T19:51:42.603+0000] {taskinstance.py:3895} INFO - 0 downstream tasks scheduled from follow-on schedule check
[2024-11-19T19:51:42.607+0000] {local_task_job_runner.py:245} INFO - ::endgroup::
