[2024-11-19T17:23:39.504+0000] {local_task_job_runner.py:123} INFO - ::group::Pre task execution logs
[2024-11-19T17:23:39.629+0000] {taskinstance.py:2613} INFO - Dependencies all met for dep_context=non-requeueable deps ti=<TaskInstance: python_operator_v1.python scheduled__2024-11-18T16:01:00+00:00 [queued]>
[2024-11-19T17:23:39.671+0000] {taskinstance.py:2613} INFO - Dependencies all met for dep_context=requeueable deps ti=<TaskInstance: python_operator_v1.python scheduled__2024-11-18T16:01:00+00:00 [queued]>
[2024-11-19T17:23:39.672+0000] {taskinstance.py:2866} INFO - Starting attempt 1 of 1
[2024-11-19T17:23:39.740+0000] {taskinstance.py:2889} INFO - Executing <Task(PythonOperator): python> on 2024-11-18 16:01:00+00:00
[2024-11-19T17:23:39.773+0000] {warnings.py:112} WARNING - /home/***/.local/lib/python3.12/site-packages/***/task/task_runner/standard_task_runner.py:70: DeprecationWarning: This process (pid=4325) is multi-threaded, use of fork() may lead to deadlocks in the child.
  pid = os.fork()

[2024-11-19T17:23:39.785+0000] {standard_task_runner.py:72} INFO - Started process 4364 to run task
[2024-11-19T17:23:39.784+0000] {standard_task_runner.py:104} INFO - Running: ['***', 'tasks', 'run', 'python_operator_v1', 'python', 'scheduled__2024-11-18T16:01:00+00:00', '--job-id', '11917', '--raw', '--subdir', 'DAGS_FOLDER/python_operator_v1.py', '--cfg-path', '/tmp/tmpy_x465lx']
[2024-11-19T17:23:39.790+0000] {standard_task_runner.py:105} INFO - Job 11917: Subtask python
[2024-11-19T17:23:40.155+0000] {task_command.py:467} INFO - Running <TaskInstance: python_operator_v1.python scheduled__2024-11-18T16:01:00+00:00 [running]> on host e9d4ecc96ed3
[2024-11-19T17:23:41.391+0000] {taskinstance.py:3132} INFO - Exporting env vars: AIRFLOW_CTX_DAG_OWNER='***' AIRFLOW_CTX_DAG_ID='python_operator_v1' AIRFLOW_CTX_TASK_ID='python' AIRFLOW_CTX_EXECUTION_DATE='2024-11-18T16:01:00+00:00' AIRFLOW_CTX_TRY_NUMBER='1' AIRFLOW_CTX_DAG_RUN_ID='scheduled__2024-11-18T16:01:00+00:00'
[2024-11-19T17:23:41.393+0000] {logging_mixin.py:190} INFO - Task instance is in running state
[2024-11-19T17:23:41.394+0000] {logging_mixin.py:190} INFO -  Previous state of the Task instance: queued
[2024-11-19T17:23:41.395+0000] {logging_mixin.py:190} INFO - Current task name:python state:running start_date:2024-11-19 17:23:39.630572+00:00
[2024-11-19T17:23:41.395+0000] {logging_mixin.py:190} INFO - Dag name:python_operator_v1 and current dag run status:running
[2024-11-19T17:23:41.396+0000] {taskinstance.py:731} INFO - ::endgroup::
[2024-11-19T17:23:41.403+0000] {logging_mixin.py:190} INFO - nieremberg
[2024-11-19T17:23:41.458+0000] {logging_mixin.py:190} INFO - {'conf': <***.configuration.AirflowConfigParser object at 0x7fa0e076b0e0>,
 'conn': None,
 'dag': <DAG: python_operator_v1>,
 'dag_run': <DagRun python_operator_v1 @ 2024-11-18 16:01:00+00:00: scheduled__2024-11-18T16:01:00+00:00, state:running, queued_at: 2024-11-19 17:23:32.127766+00:00. externally triggered: False>,
 'data_interval_end': DateTime(2024, 11, 18, 16, 2, 0, tzinfo=Timezone('UTC')),
 'data_interval_start': DateTime(2024, 11, 18, 16, 1, 0, tzinfo=Timezone('UTC')),
 'ds': '2024-11-18',
 'ds_nodash': '20241118',
 'execution_date': <Proxy at 0x7fa0acf77b80 with factory functools.partial(<function lazy_mapping_from_context.<locals>._deprecated_proxy_factory at 0x7fa0ad033ba0>, 'execution_date', DateTime(2024, 11, 18, 16, 1, 0, tzinfo=Timezone('UTC')))>,
 'expanded_ti_count': None,
 'inlet_events': InletEventsAccessors(_inlets=[], _datasets={}, _dataset_aliases={}, _session=<sqlalchemy.orm.session.Session object at 0x7fa0e05c2180>),
 'inlets': [],
 'logical_date': DateTime(2024, 11, 18, 16, 1, 0, tzinfo=Timezone('UTC')),
 'macros': <module '***.macros' from '/home/***/.local/lib/python3.12/site-packages/***/macros/__init__.py'>,
 'map_index_template': None,
 'next_ds': <Proxy at 0x7fa0ad01ab00 with factory functools.partial(<function lazy_mapping_from_context.<locals>._deprecated_proxy_factory at 0x7fa0ad033ba0>, 'next_ds', '2024-11-18')>,
 'next_ds_nodash': <Proxy at 0x7fa0ad00c480 with factory functools.partial(<function lazy_mapping_from_context.<locals>._deprecated_proxy_factory at 0x7fa0ad033ba0>, 'next_ds_nodash', '20241118')>,
 'next_execution_date': <Proxy at 0x7fa0acfda880 with factory functools.partial(<function lazy_mapping_from_context.<locals>._deprecated_proxy_factory at 0x7fa0ad033ba0>, 'next_execution_date', DateTime(2024, 11, 18, 16, 2, 0, tzinfo=Timezone('UTC')))>,
 'outlet_events': <***.utils.context.OutletEventAccessors object at 0x7fa0acfc3bf0>,
 'outlets': [],
 'params': {},
 'prev_data_interval_end_success': DateTime(2024, 11, 18, 15, 55, 0, tzinfo=Timezone('UTC')),
 'prev_data_interval_start_success': DateTime(2024, 11, 18, 15, 54, 0, tzinfo=Timezone('UTC')),
 'prev_ds': <Proxy at 0x7fa0ad0a7240 with factory functools.partial(<function lazy_mapping_from_context.<locals>._deprecated_proxy_factory at 0x7fa0ad033ba0>, 'prev_ds', '2024-11-18')>,
 'prev_ds_nodash': <Proxy at 0x7fa0ad0a73c0 with factory functools.partial(<function lazy_mapping_from_context.<locals>._deprecated_proxy_factory at 0x7fa0ad033ba0>, 'prev_ds_nodash', '20241118')>,
 'prev_end_date_success': DateTime(2024, 11, 19, 17, 23, 29, 603468, tzinfo=Timezone('UTC')),
 'prev_execution_date': <Proxy at 0x7fa0ad0a7800 with factory functools.partial(<function lazy_mapping_from_context.<locals>._deprecated_proxy_factory at 0x7fa0ad033ba0>, 'prev_execution_date', DateTime(2024, 11, 18, 16, 0, 0, tzinfo=Timezone('UTC')))>,
 'prev_execution_date_success': <Proxy at 0x7fa0ad0a7040 with factory functools.partial(<function lazy_mapping_from_context.<locals>._deprecated_proxy_factory at 0x7fa0ad033ba0>, 'prev_execution_date_success', DateTime(2024, 11, 18, 15, 54, 0, tzinfo=Timezone('UTC')))>,
 'prev_start_date_success': DateTime(2024, 11, 19, 17, 23, 25, 135361, tzinfo=Timezone('UTC')),
 'run_id': 'scheduled__2024-11-18T16:01:00+00:00',
 'task': <Task(PythonOperator): python>,
 'task_instance': <TaskInstance: python_operator_v1.python scheduled__2024-11-18T16:01:00+00:00 [running]>,
 'task_instance_key_str': 'python_operator_v1__python__20241118',
 'templates_dict': None,
 'test_mode': False,
 'ti': <TaskInstance: python_operator_v1.python scheduled__2024-11-18T16:01:00+00:00 [running]>,
 'tomorrow_ds': <Proxy at 0x7fa0ad0a7300 with factory functools.partial(<function lazy_mapping_from_context.<locals>._deprecated_proxy_factory at 0x7fa0ad033ba0>, 'tomorrow_ds', '2024-11-19')>,
 'tomorrow_ds_nodash': <Proxy at 0x7fa0ad0a6280 with factory functools.partial(<function lazy_mapping_from_context.<locals>._deprecated_proxy_factory at 0x7fa0ad033ba0>, 'tomorrow_ds_nodash', '20241119')>,
 'triggering_dataset_events': <Proxy at 0x7fa0ad00d880 with factory <function _get_template_context.<locals>.get_triggering_events at 0x7fa0acfed800>>,
 'ts': '2024-11-18T16:01:00+00:00',
 'ts_nodash': '20241118T160100',
 'ts_nodash_with_tz': '20241118T160100+0000',
 'var': {'json': None, 'value': None},
 'yesterday_ds': <Proxy at 0x7fa0ad0a7180 with factory functools.partial(<function lazy_mapping_from_context.<locals>._deprecated_proxy_factory at 0x7fa0ad033ba0>, 'yesterday_ds', '2024-11-17')>,
 'yesterday_ds_nodash': <Proxy at 0x7fa0ad0a5ec0 with factory functools.partial(<function lazy_mapping_from_context.<locals>._deprecated_proxy_factory at 0x7fa0ad033ba0>, 'yesterday_ds_nodash', '20241117')>}
[2024-11-19T17:23:41.463+0000] {python.py:240} INFO - Done. Returned value was: 123
[2024-11-19T17:23:41.542+0000] {taskinstance.py:340} INFO - ::group::Post task execution logs
[2024-11-19T17:23:41.543+0000] {taskinstance.py:352} INFO - Marking task as SUCCESS. dag_id=python_operator_v1, task_id=python, run_id=scheduled__2024-11-18T16:01:00+00:00, execution_date=20241118T160100, start_date=20241119T172339, end_date=20241119T172341
[2024-11-19T17:23:41.587+0000] {logging_mixin.py:190} INFO - Task instance in success state
[2024-11-19T17:23:41.588+0000] {logging_mixin.py:190} INFO -  Previous state of the Task instance: running
[2024-11-19T17:23:41.589+0000] {logging_mixin.py:190} INFO - Dag name:python_operator_v1 queued_at:2024-11-19 17:23:32.127766+00:00
[2024-11-19T17:23:41.590+0000] {logging_mixin.py:190} INFO - Task hostname:e9d4ecc96ed3 operator:PythonOperator
[2024-11-19T17:23:41.677+0000] {local_task_job_runner.py:266} INFO - Task exited with return code 0
[2024-11-19T17:23:41.749+0000] {taskinstance.py:3895} INFO - 0 downstream tasks scheduled from follow-on schedule check
[2024-11-19T17:23:41.754+0000] {local_task_job_runner.py:245} INFO - ::endgroup::
